<?xml version="1.0" encoding="UTF-8"?>
<testsuite xmlns:xsi="http://www.w3.org/2001/XMLSchema-instance" xsi:noNamespaceSchemaLocation="https://maven.apache.org/surefire/maven-failsafe-plugin/xsd/failsafe-test-report-3.0.xsd" version="3.0" name="starter.CucumberTestSuite" time="115.682" tests="15" errors="0" skipped="0" failures="0">
  <properties>
    <property name="sun.desktop" value="windows"/>
    <property name="awt.toolkit" value="sun.awt.windows.WToolkit"/>
    <property name="java.specification.version" value="1.8"/>
    <property name="file.encoding.pkg" value="sun.io"/>
    <property name="webdriver.chrome.driver" value="src/test/resources/webdrivers/chromedriver.exe"/>
    <property name="sun.cpu.isalist" value="amd64"/>
    <property name="sun.jnu.encoding" value="Cp1252"/>
    <property name="java.class.path" value="D:\TUGAS SEMESTER 6\Mini Project\WebTest-MiniProject\target\test-classes;D:\TUGAS SEMESTER 6\Mini Project\WebTest-MiniProject\target\WebTest-1.0-SNAPSHOT.jar;C:\Users\user\.m2\repository\net\serenity-bdd\serenity-core\3.6.21\serenity-core-3.6.21.jar;C:\Users\user\.m2\repository\net\serenity-bdd\serenity-model\3.6.21\serenity-model-3.6.21.jar;C:\Users\user\.m2\repository\org\apache\commons\commons-text\1.10.0\commons-text-1.10.0.jar;C:\Users\user\.m2\repository\commons-net\commons-net\3.9.0\commons-net-3.9.0.jar;C:\Users\user\.m2\repository\com\google\guava\guava\31.1-jre\guava-31.1-jre.jar;C:\Users\user\.m2\repository\com\google\guava\failureaccess\1.0.1\failureaccess-1.0.1.jar;C:\Users\user\.m2\repository\com\google\guava\listenablefuture\9999.0-empty-to-avoid-conflict-with-guava\listenablefuture-9999.0-empty-to-avoid-conflict-with-guava.jar;C:\Users\user\.m2\repository\com\google\code\findbugs\jsr305\3.0.2\jsr305-3.0.2.jar;C:\Users\user\.m2\repository\org\checkerframework\checker-qual\3.12.0\checker-qual-3.12.0.jar;C:\Users\user\.m2\repository\com\google\errorprone\error_prone_annotations\2.11.0\error_prone_annotations-2.11.0.jar;C:\Users\user\.m2\repository\com\google\j2objc\j2objc-annotations\1.3\j2objc-annotations-1.3.jar;C:\Users\user\.m2\repository\com\google\inject\guice\5.1.0\guice-5.1.0.jar;C:\Users\user\.m2\repository\javax\inject\javax.inject\1\javax.inject-1.jar;C:\Users\user\.m2\repository\aopalliance\aopalliance\1.0\aopalliance-1.0.jar;C:\Users\user\.m2\repository\org\jsoup\jsoup\1.14.3\jsoup-1.14.3.jar;C:\Users\user\.m2\repository\com\thoughtworks\xstream\xstream\1.4.20\xstream-1.4.20.jar;C:\Users\user\.m2\repository\io\github\x-stream\mxparser\1.2.2\mxparser-1.2.2.jar;C:\Users\user\.m2\repository\xmlpull\xmlpull\1.1.3.1\xmlpull-1.1.3.1.jar;C:\Users\user\.m2\repository\com\typesafe\config\1.4.2\config-1.4.2.jar;C:\Users\user\.m2\repository\org\imgscalr\imgscalr-lib\4.2\imgscalr-lib-4.2.jar;C:\Users\user\.m2\repository\org\awaitility\awaitility\4.2.0\awaitility-4.2.0.jar;C:\Users\user\.m2\repository\org\freemarker\freemarker\2.3.31\freemarker-2.3.31.jar;C:\Users\user\.m2\repository\io\github\classgraph\classgraph\4.8.138\classgraph-4.8.138.jar;C:\Users\user\.m2\repository\net\sourceforge\jexcelapi\jxl\2.6.12\jxl-2.6.12.jar;C:\Users\user\.m2\repository\net\bytebuddy\byte-buddy-agent\1.14.2\byte-buddy-agent-1.14.2.jar;C:\Users\user\.m2\repository\org\objenesis\objenesis\3.3\objenesis-3.3.jar;C:\Users\user\.m2\repository\net\serenity-bdd\serenity-reports\3.6.21\serenity-reports-3.6.21.jar;C:\Users\user\.m2\repository\net\serenity-bdd\serenity-stats\3.6.21\serenity-stats-3.6.21.jar;C:\Users\user\.m2\repository\net\serenity-bdd\serenity-reports-configuration\3.6.21\serenity-reports-configuration-3.6.21.jar;C:\Users\user\.m2\repository\com\vladsch\flexmark\flexmark-all\0.62.2\flexmark-all-0.62.2.jar;C:\Users\user\.m2\repository\com\vladsch\flexmark\flexmark\0.62.2\flexmark-0.62.2.jar;C:\Users\user\.m2\repository\com\vladsch\flexmark\flexmark-ext-abbreviation\0.62.2\flexmark-ext-abbreviation-0.62.2.jar;C:\Users\user\.m2\repository\com\vladsch\flexmark\flexmark-util\0.62.2\flexmark-util-0.62.2.jar;C:\Users\user\.m2\repository\com\vladsch\flexmark\flexmark-ext-admonition\0.62.2\flexmark-ext-admonition-0.62.2.jar;C:\Users\user\.m2\repository\com\vladsch\flexmark\flexmark-ext-anchorlink\0.62.2\flexmark-ext-anchorlink-0.62.2.jar;C:\Users\user\.m2\repository\com\vladsch\flexmark\flexmark-ext-aside\0.62.2\flexmark-ext-aside-0.62.2.jar;C:\Users\user\.m2\repository\com\vladsch\flexmark\flexmark-ext-attributes\0.62.2\flexmark-ext-attributes-0.62.2.jar;C:\Users\user\.m2\repository\com\vladsch\flexmark\flexmark-ext-autolink\0.62.2\flexmark-ext-autolink-0.62.2.jar;C:\Users\user\.m2\repository\org\nibor\autolink\autolink\0.6.0\autolink-0.6.0.jar;C:\Users\user\.m2\repository\com\vladsch\flexmark\flexmark-ext-definition\0.62.2\flexmark-ext-definition-0.62.2.jar;C:\Users\user\.m2\repository\com\vladsch\flexmark\flexmark-ext-emoji\0.62.2\flexmark-ext-emoji-0.62.2.jar;C:\Users\user\.m2\repository\com\vladsch\flexmark\flexmark-ext-enumerated-reference\0.62.2\flexmark-ext-enumerated-reference-0.62.2.jar;C:\Users\user\.m2\repository\com\vladsch\flexmark\flexmark-ext-escaped-character\0.62.2\flexmark-ext-escaped-character-0.62.2.jar;C:\Users\user\.m2\repository\com\vladsch\flexmark\flexmark-ext-footnotes\0.62.2\flexmark-ext-footnotes-0.62.2.jar;C:\Users\user\.m2\repository\com\vladsch\flexmark\flexmark-ext-gfm-issues\0.62.2\flexmark-ext-gfm-issues-0.62.2.jar;C:\Users\user\.m2\repository\com\vladsch\flexmark\flexmark-ext-gfm-strikethrough\0.62.2\flexmark-ext-gfm-strikethrough-0.62.2.jar;C:\Users\user\.m2\repository\com\vladsch\flexmark\flexmark-ext-gfm-tasklist\0.62.2\flexmark-ext-gfm-tasklist-0.62.2.jar;C:\Users\user\.m2\repository\com\vladsch\flexmark\flexmark-ext-gfm-users\0.62.2\flexmark-ext-gfm-users-0.62.2.jar;C:\Users\user\.m2\repository\com\vladsch\flexmark\flexmark-ext-gitlab\0.62.2\flexmark-ext-gitlab-0.62.2.jar;C:\Users\user\.m2\repository\com\vladsch\flexmark\flexmark-ext-jekyll-front-matter\0.62.2\flexmark-ext-jekyll-front-matter-0.62.2.jar;C:\Users\user\.m2\repository\com\vladsch\flexmark\flexmark-ext-jekyll-tag\0.62.2\flexmark-ext-jekyll-tag-0.62.2.jar;C:\Users\user\.m2\repository\com\vladsch\flexmark\flexmark-ext-media-tags\0.62.2\flexmark-ext-media-tags-0.62.2.jar;C:\Users\user\.m2\repository\com\vladsch\flexmark\flexmark-ext-macros\0.62.2\flexmark-ext-macros-0.62.2.jar;C:\Users\user\.m2\repository\com\vladsch\flexmark\flexmark-ext-ins\0.62.2\flexmark-ext-ins-0.62.2.jar;C:\Users\user\.m2\repository\com\vladsch\flexmark\flexmark-ext-xwiki-macros\0.62.2\flexmark-ext-xwiki-macros-0.62.2.jar;C:\Users\user\.m2\repository\com\vladsch\flexmark\flexmark-ext-superscript\0.62.2\flexmark-ext-superscript-0.62.2.jar;C:\Users\user\.m2\repository\com\vladsch\flexmark\flexmark-ext-tables\0.62.2\flexmark-ext-tables-0.62.2.jar;C:\Users\user\.m2\repository\com\vladsch\flexmark\flexmark-ext-toc\0.62.2\flexmark-ext-toc-0.62.2.jar;C:\Users\user\.m2\repository\com\vladsch\flexmark\flexmark-ext-typographic\0.62.2\flexmark-ext-typographic-0.62.2.jar;C:\Users\user\.m2\repository\com\vladsch\flexmark\flexmark-ext-wikilink\0.62.2\flexmark-ext-wikilink-0.62.2.jar;C:\Users\user\.m2\repository\com\vladsch\flexmark\flexmark-ext-yaml-front-matter\0.62.2\flexmark-ext-yaml-front-matter-0.62.2.jar;C:\Users\user\.m2\repository\com\vladsch\flexmark\flexmark-ext-youtube-embedded\0.62.2\flexmark-ext-youtube-embedded-0.62.2.jar;C:\Users\user\.m2\repository\com\vladsch\flexmark\flexmark-html2md-converter\0.62.2\flexmark-html2md-converter-0.62.2.jar;C:\Users\user\.m2\repository\com\vladsch\flexmark\flexmark-jira-converter\0.62.2\flexmark-jira-converter-0.62.2.jar;C:\Users\user\.m2\repository\com\vladsch\flexmark\flexmark-pdf-converter\0.62.2\flexmark-pdf-converter-0.62.2.jar;C:\Users\user\.m2\repository\com\openhtmltopdf\openhtmltopdf-core\1.0.0\openhtmltopdf-core-1.0.0.jar;C:\Users\user\.m2\repository\com\openhtmltopdf\openhtmltopdf-pdfbox\1.0.0\openhtmltopdf-pdfbox-1.0.0.jar;C:\Users\user\.m2\repository\org\apache\pdfbox\pdfbox\2.0.16\pdfbox-2.0.16.jar;C:\Users\user\.m2\repository\org\apache\pdfbox\fontbox\2.0.16\fontbox-2.0.16.jar;C:\Users\user\.m2\repository\org\apache\pdfbox\xmpbox\2.0.16\xmpbox-2.0.16.jar;C:\Users\user\.m2\repository\de\rototor\pdfbox\graphics2d\0.24\graphics2d-0.24.jar;C:\Users\user\.m2\repository\com\openhtmltopdf\openhtmltopdf-rtl-support\1.0.0\openhtmltopdf-rtl-support-1.0.0.jar;C:\Users\user\.m2\repository\com\openhtmltopdf\openhtmltopdf-jsoup-dom-converter\1.0.0\openhtmltopdf-jsoup-dom-converter-1.0.0.jar;C:\Users\user\.m2\repository\com\vladsch\flexmark\flexmark-profile-pegdown\0.62.2\flexmark-profile-pegdown-0.62.2.jar;C:\Users\user\.m2\repository\com\vladsch\flexmark\flexmark-util-ast\0.62.2\flexmark-util-ast-0.62.2.jar;C:\Users\user\.m2\repository\com\vladsch\flexmark\flexmark-util-builder\0.62.2\flexmark-util-builder-0.62.2.jar;C:\Users\user\.m2\repository\com\vladsch\flexmark\flexmark-util-collection\0.62.2\flexmark-util-collection-0.62.2.jar;C:\Users\user\.m2\repository\com\vladsch\flexmark\flexmark-util-data\0.62.2\flexmark-util-data-0.62.2.jar;C:\Users\user\.m2\repository\com\vladsch\flexmark\flexmark-util-dependency\0.62.2\flexmark-util-dependency-0.62.2.jar;C:\Users\user\.m2\repository\com\vladsch\flexmark\flexmark-util-format\0.62.2\flexmark-util-format-0.62.2.jar;C:\Users\user\.m2\repository\com\vladsch\flexmark\flexmark-util-html\0.62.2\flexmark-util-html-0.62.2.jar;C:\Users\user\.m2\repository\com\vladsch\flexmark\flexmark-util-misc\0.62.2\flexmark-util-misc-0.62.2.jar;C:\Users\user\.m2\repository\com\vladsch\flexmark\flexmark-util-options\0.62.2\flexmark-util-options-0.62.2.jar;C:\Users\user\.m2\repository\com\vladsch\flexmark\flexmark-util-sequence\0.62.2\flexmark-util-sequence-0.62.2.jar;C:\Users\user\.m2\repository\com\vladsch\flexmark\flexmark-util-visitor\0.62.2\flexmark-util-visitor-0.62.2.jar;C:\Users\user\.m2\repository\com\vladsch\flexmark\flexmark-youtrack-converter\0.62.2\flexmark-youtrack-converter-0.62.2.jar;C:\Users\user\.m2\repository\com\ibm\icu\icu4j\72.1\icu4j-72.1.jar;C:\Users\user\.m2\repository\es\nitaur\markdown\txtmark\0.16\txtmark-0.16.jar;C:\Users\user\.m2\repository\net\serenity-bdd\serenity-report-resources\3.6.21\serenity-report-resources-3.6.21.jar;C:\Users\user\.m2\repository\com\google\code\gson\gson\2.10.1\gson-2.10.1.jar;C:\Users\user\.m2\repository\com\fasterxml\jackson\core\jackson-core\2.15.0-rc1\jackson-core-2.15.0-rc1.jar;C:\Users\user\.m2\repository\com\fasterxml\jackson\core\jackson-databind\2.15.0-rc1\jackson-databind-2.15.0-rc1.jar;C:\Users\user\.m2\repository\com\fasterxml\jackson\core\jackson-annotations\2.15.0-rc1\jackson-annotations-2.15.0-rc1.jar;C:\Users\user\.m2\repository\commons-codec\commons-codec\1.15\commons-codec-1.15.jar;C:\Users\user\.m2\repository\commons-io\commons-io\2.11.0\commons-io-2.11.0.jar;C:\Users\user\.m2\repository\org\apache\httpcomponents\httpclient\4.5.13\httpclient-4.5.13.jar;C:\Users\user\.m2\repository\org\apache\httpcomponents\httpcore\4.4.13\httpcore-4.4.13.jar;C:\Users\user\.m2\repository\commons-logging\commons-logging\1.2\commons-logging-1.2.jar;C:\Users\user\.m2\repository\org\seleniumhq\selenium\selenium-java\4.8.1\selenium-java-4.8.1.jar;C:\Users\user\.m2\repository\org\seleniumhq\selenium\selenium-devtools-v108\4.8.1\selenium-devtools-v108-4.8.1.jar;C:\Users\user\.m2\repository\org\seleniumhq\selenium\selenium-devtools-v109\4.8.1\selenium-devtools-v109-4.8.1.jar;C:\Users\user\.m2\repository\org\seleniumhq\selenium\selenium-devtools-v110\4.8.1\selenium-devtools-v110-4.8.1.jar;C:\Users\user\.m2\repository\org\seleniumhq\selenium\selenium-devtools-v85\4.8.1\selenium-devtools-v85-4.8.1.jar;C:\Users\user\.m2\repository\org\seleniumhq\selenium\selenium-remote-driver\4.8.1\selenium-remote-driver-4.8.1.jar;C:\Users\user\.m2\repository\com\beust\jcommander\1.82\jcommander-1.82.jar;C:\Users\user\.m2\repository\io\netty\netty-buffer\4.1.87.Final\netty-buffer-4.1.87.Final.jar;C:\Users\user\.m2\repository\io\netty\netty-codec-http\4.1.87.Final\netty-codec-http-4.1.87.Final.jar;C:\Users\user\.m2\repository\io\netty\netty-codec\4.1.87.Final\netty-codec-4.1.87.Final.jar;C:\Users\user\.m2\repository\io\netty\netty-handler\4.1.87.Final\netty-handler-4.1.87.Final.jar;C:\Users\user\.m2\repository\io\netty\netty-common\4.1.87.Final\netty-common-4.1.87.Final.jar;C:\Users\user\.m2\repository\io\netty\netty-transport-classes-epoll\4.1.87.Final\netty-transport-classes-epoll-4.1.87.Final.jar;C:\Users\user\.m2\repository\io\netty\netty-transport-classes-kqueue\4.1.87.Final\netty-transport-classes-kqueue-4.1.87.Final.jar;C:\Users\user\.m2\repository\io\netty\netty-transport-native-epoll\4.1.87.Final\netty-transport-native-epoll-4.1.87.Final.jar;C:\Users\user\.m2\repository\io\netty\netty-transport-native-kqueue\4.1.87.Final\netty-transport-native-kqueue-4.1.87.Final.jar;C:\Users\user\.m2\repository\io\netty\netty-transport-native-unix-common\4.1.87.Final\netty-transport-native-unix-common-4.1.87.Final.jar;C:\Users\user\.m2\repository\io\netty\netty-transport\4.1.87.Final\netty-transport-4.1.87.Final.jar;C:\Users\user\.m2\repository\io\netty\netty-resolver\4.1.87.Final\netty-resolver-4.1.87.Final.jar;C:\Users\user\.m2\repository\io\opentelemetry\opentelemetry-api\1.22.0\opentelemetry-api-1.22.0.jar;C:\Users\user\.m2\repository\io\opentelemetry\opentelemetry-context\1.22.0\opentelemetry-context-1.22.0.jar;C:\Users\user\.m2\repository\io\opentelemetry\opentelemetry-exporter-logging\1.22.0\opentelemetry-exporter-logging-1.22.0.jar;C:\Users\user\.m2\repository\io\opentelemetry\opentelemetry-sdk-metrics\1.22.0\opentelemetry-sdk-metrics-1.22.0.jar;C:\Users\user\.m2\repository\io\opentelemetry\opentelemetry-sdk-logs\1.22.0-alpha\opentelemetry-sdk-logs-1.22.0-alpha.jar;C:\Users\user\.m2\repository\io\opentelemetry\opentelemetry-api-logs\1.22.0-alpha\opentelemetry-api-logs-1.22.0-alpha.jar;C:\Users\user\.m2\repository\io\opentelemetry\opentelemetry-sdk-common\1.22.0\opentelemetry-sdk-common-1.22.0.jar;C:\Users\user\.m2\repository\io\opentelemetry\opentelemetry-sdk-extension-autoconfigure-spi\1.22.0\opentelemetry-sdk-extension-autoconfigure-spi-1.22.0.jar;C:\Users\user\.m2\repository\io\opentelemetry\opentelemetry-sdk-extension-autoconfigure\1.22.0-alpha\opentelemetry-sdk-extension-autoconfigure-1.22.0-alpha.jar;C:\Users\user\.m2\repository\io\opentelemetry\opentelemetry-sdk-trace\1.22.0\opentelemetry-sdk-trace-1.22.0.jar;C:\Users\user\.m2\repository\io\opentelemetry\opentelemetry-sdk\1.22.0\opentelemetry-sdk-1.22.0.jar;C:\Users\user\.m2\repository\io\opentelemetry\opentelemetry-semconv\1.22.0-alpha\opentelemetry-semconv-1.22.0-alpha.jar;C:\Users\user\.m2\repository\io\ous\jtoml\2.0.0\jtoml-2.0.0.jar;C:\Users\user\.m2\repository\org\apache\commons\commons-exec\1.3\commons-exec-1.3.jar;C:\Users\user\.m2\repository\org\asynchttpclient\async-http-client\2.12.3\async-http-client-2.12.3.jar;C:\Users\user\.m2\repository\org\asynchttpclient\async-http-client-netty-utils\2.12.3\async-http-client-netty-utils-2.12.3.jar;C:\Users\user\.m2\repository\io\netty\netty-codec-socks\4.1.60.Final\netty-codec-socks-4.1.60.Final.jar;C:\Users\user\.m2\repository\io\netty\netty-handler-proxy\4.1.60.Final\netty-handler-proxy-4.1.60.Final.jar;C:\Users\user\.m2\repository\io\netty\netty-transport-native-epoll\4.1.60.Final\netty-transport-native-epoll-4.1.60.Final-linux-x86_64.jar;C:\Users\user\.m2\repository\io\netty\netty-transport-native-kqueue\4.1.60.Final\netty-transport-native-kqueue-4.1.60.Final-osx-x86_64.jar;C:\Users\user\.m2\repository\org\reactivestreams\reactive-streams\1.0.3\reactive-streams-1.0.3.jar;C:\Users\user\.m2\repository\com\typesafe\netty\netty-reactive-streams\2.0.4\netty-reactive-streams-2.0.4.jar;C:\Users\user\.m2\repository\org\seleniumhq\selenium\selenium-manager\4.8.1\selenium-manager-4.8.1.jar;C:\Users\user\.m2\repository\org\seleniumhq\selenium\selenium-safari-driver\4.8.1\selenium-safari-driver-4.8.1.jar;C:\Users\user\.m2\repository\org\seleniumhq\selenium\selenium-api\4.8.1\selenium-api-4.8.1.jar;C:\Users\user\.m2\repository\org\seleniumhq\selenium\selenium-support\4.8.1\selenium-support-4.8.1.jar;C:\Users\user\.m2\repository\com\google\auto\service\auto-service-annotations\1.0.1\auto-service-annotations-1.0.1.jar;C:\Users\user\.m2\repository\com\google\auto\service\auto-service\1.0.1\auto-service-1.0.1.jar;C:\Users\user\.m2\repository\com\google\auto\auto-common\1.2\auto-common-1.2.jar;C:\Users\user\.m2\repository\org\seleniumhq\selenium\selenium-json\4.8.1\selenium-json-4.8.1.jar;C:\Users\user\.m2\repository\org\seleniumhq\selenium\selenium-chrome-driver\4.8.1\selenium-chrome-driver-4.8.1.jar;C:\Users\user\.m2\repository\org\seleniumhq\selenium\selenium-chromium-driver\4.8.1\selenium-chromium-driver-4.8.1.jar;C:\Users\user\.m2\repository\org\seleniumhq\selenium\selenium-firefox-driver\4.8.1\selenium-firefox-driver-4.8.1.jar;C:\Users\user\.m2\repository\org\seleniumhq\selenium\selenium-http\4.8.1\selenium-http-4.8.1.jar;C:\Users\user\.m2\repository\dev\failsafe\failsafe\3.3.0\failsafe-3.3.0.jar;C:\Users\user\.m2\repository\org\seleniumhq\selenium\selenium-edge-driver\4.8.1\selenium-edge-driver-4.8.1.jar;C:\Users\user\.m2\repository\org\seleniumhq\selenium\selenium-ie-driver\4.8.1\selenium-ie-driver-4.8.1.jar;C:\Users\user\.m2\repository\org\projectlombok\lombok\1.18.20\lombok-1.18.20.jar;C:\Users\user\.m2\repository\io\appium\java-client\8.3.0\java-client-8.3.0.jar;C:\Users\user\.m2\repository\commons-validator\commons-validator\1.7\commons-validator-1.7.jar;C:\Users\user\.m2\repository\commons-digester\commons-digester\2.1\commons-digester-2.1.jar;C:\Users\user\.m2\repository\org\apache\groovy\groovy\4.0.10\groovy-4.0.10.jar;C:\Users\user\.m2\repository\net\sf\opencsv\opencsv\2.0\opencsv-2.0.jar;C:\Users\user\.m2\repository\commons-beanutils\commons-beanutils\1.9.4\commons-beanutils-1.9.4.jar;C:\Users\user\.m2\repository\org\apache\commons\commons-lang3\3.12.0\commons-lang3-3.12.0.jar;C:\Users\user\.m2\repository\commons-collections\commons-collections\3.2.2\commons-collections-3.2.2.jar;C:\Users\user\.m2\repository\org\fluentlenium\fluentlenium-core\0.10.2\fluentlenium-core-0.10.2.jar;C:\Users\user\.m2\repository\io\github\bonigarcia\webdrivermanager\5.3.0\webdrivermanager-5.3.0.jar;C:\Users\user\.m2\repository\com\github\docker-java\docker-java\3.2.13\docker-java-3.2.13.jar;C:\Users\user\.m2\repository\com\github\docker-java\docker-java-core\3.2.13\docker-java-core-3.2.13.jar;C:\Users\user\.m2\repository\com\github\docker-java\docker-java-api\3.2.13\docker-java-api-3.2.13.jar;C:\Users\user\.m2\repository\org\apache\commons\commons-compress\1.21\commons-compress-1.21.jar;C:\Users\user\.m2\repository\org\bouncycastle\bcpkix-jdk15on\1.64\bcpkix-jdk15on-1.64.jar;C:\Users\user\.m2\repository\org\bouncycastle\bcprov-jdk15on\1.64\bcprov-jdk15on-1.64.jar;C:\Users\user\.m2\repository\org\slf4j\jcl-over-slf4j\1.7.30\jcl-over-slf4j-1.7.30.jar;C:\Users\user\.m2\repository\com\github\docker-java\docker-java-transport-httpclient5\3.2.13\docker-java-transport-httpclient5-3.2.13.jar;C:\Users\user\.m2\repository\com\github\docker-java\docker-java-transport\3.2.13\docker-java-transport-3.2.13.jar;C:\Users\user\.m2\repository\net\java\dev\jna\jna\5.8.0\jna-5.8.0.jar;C:\Users\user\.m2\repository\org\brotli\dec\0.1.2\dec-0.1.2.jar;C:\Users\user\.m2\repository\org\apache\httpcomponents\client5\httpclient5\5.1.3\httpclient5-5.1.3.jar;C:\Users\user\.m2\repository\org\apache\httpcomponents\core5\httpcore5\5.1.3\httpcore5-5.1.3.jar;C:\Users\user\.m2\repository\org\apache\httpcomponents\core5\httpcore5-h2\5.1.3\httpcore5-h2-5.1.3.jar;C:\Users\user\.m2\repository\com\jhlabs\filters\2.0.235\filters-2.0.235.jar;C:\Users\user\.m2\repository\com\paulhammant\ngwebdriver\1.1.6\ngwebdriver-1.1.6.jar;C:\Users\user\.m2\repository\joda-time\joda-time\2.12.2\joda-time-2.12.2.jar;C:\Users\user\.m2\repository\org\hamcrest\hamcrest\2.2\hamcrest-2.2.jar;C:\Users\user\.m2\repository\com\google\jimfs\jimfs\1.2\jimfs-1.2.jar;C:\Users\user\.m2\repository\org\mockito\mockito-core\3.3.3\mockito-core-3.3.3.jar;C:\Users\user\.m2\repository\javax\xml\bind\jaxb-api\2.3.1\jaxb-api-2.3.1.jar;C:\Users\user\.m2\repository\javax\activation\javax.activation-api\1.2.0\javax.activation-api-1.2.0.jar;C:\Users\user\.m2\repository\com\sun\xml\bind\jaxb-core\2.3.0.1\jaxb-core-2.3.0.1.jar;C:\Users\user\.m2\repository\com\sun\xml\bind\jaxb-impl\2.3.3\jaxb-impl-2.3.3.jar;C:\Users\user\.m2\repository\jakarta\xml\bind\jakarta.xml.bind-api\2.3.3\jakarta.xml.bind-api-2.3.3.jar;C:\Users\user\.m2\repository\com\sun\activation\jakarta.activation\1.2.2\jakarta.activation-1.2.2.jar;C:\Users\user\.m2\repository\javax\activation\activation\1.1.1\activation-1.1.1.jar;C:\Users\user\.m2\repository\net\serenity-bdd\serenity-cucumber\3.6.21\serenity-cucumber-3.6.21.jar;C:\Users\user\.m2\repository\io\cucumber\cucumber-core\7.11.0\cucumber-core-7.11.0.jar;C:\Users\user\.m2\repository\io\cucumber\cucumber-gherkin\7.11.0\cucumber-gherkin-7.11.0.jar;C:\Users\user\.m2\repository\io\cucumber\cucumber-gherkin-messages\7.11.0\cucumber-gherkin-messages-7.11.0.jar;C:\Users\user\.m2\repository\io\cucumber\gherkin\26.0.3\gherkin-26.0.3.jar;C:\Users\user\.m2\repository\io\cucumber\messages\21.0.1\messages-21.0.1.jar;C:\Users\user\.m2\repository\io\cucumber\tag-expressions\5.0.1\tag-expressions-5.0.1.jar;C:\Users\user\.m2\repository\io\cucumber\cucumber-expressions\16.1.1\cucumber-expressions-16.1.1.jar;C:\Users\user\.m2\repository\io\cucumber\datatable\7.11.0\datatable-7.11.0.jar;C:\Users\user\.m2\repository\io\cucumber\cucumber-plugin\7.11.0\cucumber-plugin-7.11.0.jar;C:\Users\user\.m2\repository\io\cucumber\docstring\7.11.0\docstring-7.11.0.jar;C:\Users\user\.m2\repository\io\cucumber\html-formatter\20.2.1\html-formatter-20.2.1.jar;C:\Users\user\.m2\repository\io\cucumber\junit-xml-formatter\0.1.0\junit-xml-formatter-0.1.0.jar;C:\Users\user\.m2\repository\io\cucumber\ci-environment\9.1.0\ci-environment-9.1.0.jar;C:\Users\user\.m2\repository\io\cucumber\cucumber-java\7.11.0\cucumber-java-7.11.0.jar;C:\Users\user\.m2\repository\io\cucumber\cucumber-junit\7.11.0\cucumber-junit-7.11.0.jar;C:\Users\user\.m2\repository\org\apache\commons\commons-csv\1.5\commons-csv-1.5.jar;C:\Users\user\.m2\repository\net\serenity-bdd\serenity-screenplay\3.6.21\serenity-screenplay-3.6.21.jar;C:\Users\user\.m2\repository\net\serenity-bdd\serenity-screenplay-webdriver\3.6.21\serenity-screenplay-webdriver-3.6.21.jar;C:\Users\user\.m2\repository\net\serenity-bdd\serenity-ensure\3.6.21\serenity-ensure-3.6.21.jar;C:\Users\user\.m2\repository\net\serenity-bdd\serenity-junit\3.6.21\serenity-junit-3.6.21.jar;C:\Users\user\.m2\repository\org\jetbrains\kotlin\kotlin-stdlib\1.8.10\kotlin-stdlib-1.8.10.jar;C:\Users\user\.m2\repository\org\jetbrains\kotlin\kotlin-stdlib-common\1.8.10\kotlin-stdlib-common-1.8.10.jar;C:\Users\user\.m2\repository\org\jetbrains\annotations\13.0\annotations-13.0.jar;C:\Users\user\.m2\repository\org\junit\platform\junit-platform-launcher\1.8.2\junit-platform-launcher-1.8.2.jar;C:\Users\user\.m2\repository\org\junit\platform\junit-platform-engine\1.8.2\junit-platform-engine-1.8.2.jar;C:\Users\user\.m2\repository\org\opentest4j\opentest4j\1.2.0\opentest4j-1.2.0.jar;C:\Users\user\.m2\repository\org\junit\platform\junit-platform-commons\1.8.2\junit-platform-commons-1.8.2.jar;C:\Users\user\.m2\repository\org\apiguardian\apiguardian-api\1.1.2\apiguardian-api-1.1.2.jar;C:\Users\user\.m2\repository\org\junit\jupiter\junit-jupiter-engine\5.8.2\junit-jupiter-engine-5.8.2.jar;C:\Users\user\.m2\repository\org\junit\jupiter\junit-jupiter-api\5.8.2\junit-jupiter-api-5.8.2.jar;C:\Users\user\.m2\repository\org\junit\vintage\junit-vintage-engine\5.8.2\junit-vintage-engine-5.8.2.jar;C:\Users\user\.m2\repository\junit\junit\4.13.2\junit-4.13.2.jar;C:\Users\user\.m2\repository\org\hamcrest\hamcrest-core\1.3\hamcrest-core-1.3.jar;C:\Users\user\.m2\repository\ch\qos\logback\logback-classic\1.2.10\logback-classic-1.2.10.jar;C:\Users\user\.m2\repository\ch\qos\logback\logback-core\1.2.10\logback-core-1.2.10.jar;C:\Users\user\.m2\repository\org\slf4j\slf4j-api\1.7.32\slf4j-api-1.7.32.jar;C:\Users\user\.m2\repository\org\assertj\assertj-core\3.23.1\assertj-core-3.23.1.jar;C:\Users\user\.m2\repository\net\bytebuddy\byte-buddy\1.12.10\byte-buddy-1.12.10.jar;"/>
    <property name="java.vm.vendor" value="Oracle Corporation"/>
    <property name="sun.arch.data.model" value="64"/>
    <property name="user.variant" value=""/>
    <property name="java.vendor.url" value="http://java.oracle.com/"/>
    <property name="user.timezone" value="Asia/Bangkok"/>
    <property name="user.country.format" value="ID"/>
    <property name="java.vm.specification.version" value="1.8"/>
    <property name="os.name" value="Windows 10"/>
    <property name="user.country" value="US"/>
    <property name="sun.java.launcher" value="SUN_STANDARD"/>
    <property name="sun.boot.library.path" value="C:\Program Files\Java\jre1.8.0_301\bin"/>
    <property name="sun.java.command" value="C:\Users\user\AppData\Local\Temp\surefire8241307715520903215\surefirebooter4038819289736564718.jar C:\Users\user\AppData\Local\Temp\surefire8241307715520903215 2023-05-08T01-31-13_980-jvmRun1 surefire2441630649402510449tmp surefire_02972792911355381714tmp"/>
    <property name="surefire.test.class.path" value="D:\TUGAS SEMESTER 6\Mini Project\WebTest-MiniProject\target\test-classes;D:\TUGAS SEMESTER 6\Mini Project\WebTest-MiniProject\target\WebTest-1.0-SNAPSHOT.jar;C:\Users\user\.m2\repository\net\serenity-bdd\serenity-core\3.6.21\serenity-core-3.6.21.jar;C:\Users\user\.m2\repository\net\serenity-bdd\serenity-model\3.6.21\serenity-model-3.6.21.jar;C:\Users\user\.m2\repository\org\apache\commons\commons-text\1.10.0\commons-text-1.10.0.jar;C:\Users\user\.m2\repository\commons-net\commons-net\3.9.0\commons-net-3.9.0.jar;C:\Users\user\.m2\repository\com\google\guava\guava\31.1-jre\guava-31.1-jre.jar;C:\Users\user\.m2\repository\com\google\guava\failureaccess\1.0.1\failureaccess-1.0.1.jar;C:\Users\user\.m2\repository\com\google\guava\listenablefuture\9999.0-empty-to-avoid-conflict-with-guava\listenablefuture-9999.0-empty-to-avoid-conflict-with-guava.jar;C:\Users\user\.m2\repository\com\google\code\findbugs\jsr305\3.0.2\jsr305-3.0.2.jar;C:\Users\user\.m2\repository\org\checkerframework\checker-qual\3.12.0\checker-qual-3.12.0.jar;C:\Users\user\.m2\repository\com\google\errorprone\error_prone_annotations\2.11.0\error_prone_annotations-2.11.0.jar;C:\Users\user\.m2\repository\com\google\j2objc\j2objc-annotations\1.3\j2objc-annotations-1.3.jar;C:\Users\user\.m2\repository\com\google\inject\guice\5.1.0\guice-5.1.0.jar;C:\Users\user\.m2\repository\javax\inject\javax.inject\1\javax.inject-1.jar;C:\Users\user\.m2\repository\aopalliance\aopalliance\1.0\aopalliance-1.0.jar;C:\Users\user\.m2\repository\org\jsoup\jsoup\1.14.3\jsoup-1.14.3.jar;C:\Users\user\.m2\repository\com\thoughtworks\xstream\xstream\1.4.20\xstream-1.4.20.jar;C:\Users\user\.m2\repository\io\github\x-stream\mxparser\1.2.2\mxparser-1.2.2.jar;C:\Users\user\.m2\repository\xmlpull\xmlpull\1.1.3.1\xmlpull-1.1.3.1.jar;C:\Users\user\.m2\repository\com\typesafe\config\1.4.2\config-1.4.2.jar;C:\Users\user\.m2\repository\org\imgscalr\imgscalr-lib\4.2\imgscalr-lib-4.2.jar;C:\Users\user\.m2\repository\org\awaitility\awaitility\4.2.0\awaitility-4.2.0.jar;C:\Users\user\.m2\repository\org\freemarker\freemarker\2.3.31\freemarker-2.3.31.jar;C:\Users\user\.m2\repository\io\github\classgraph\classgraph\4.8.138\classgraph-4.8.138.jar;C:\Users\user\.m2\repository\net\sourceforge\jexcelapi\jxl\2.6.12\jxl-2.6.12.jar;C:\Users\user\.m2\repository\net\bytebuddy\byte-buddy-agent\1.14.2\byte-buddy-agent-1.14.2.jar;C:\Users\user\.m2\repository\org\objenesis\objenesis\3.3\objenesis-3.3.jar;C:\Users\user\.m2\repository\net\serenity-bdd\serenity-reports\3.6.21\serenity-reports-3.6.21.jar;C:\Users\user\.m2\repository\net\serenity-bdd\serenity-stats\3.6.21\serenity-stats-3.6.21.jar;C:\Users\user\.m2\repository\net\serenity-bdd\serenity-reports-configuration\3.6.21\serenity-reports-configuration-3.6.21.jar;C:\Users\user\.m2\repository\com\vladsch\flexmark\flexmark-all\0.62.2\flexmark-all-0.62.2.jar;C:\Users\user\.m2\repository\com\vladsch\flexmark\flexmark\0.62.2\flexmark-0.62.2.jar;C:\Users\user\.m2\repository\com\vladsch\flexmark\flexmark-ext-abbreviation\0.62.2\flexmark-ext-abbreviation-0.62.2.jar;C:\Users\user\.m2\repository\com\vladsch\flexmark\flexmark-util\0.62.2\flexmark-util-0.62.2.jar;C:\Users\user\.m2\repository\com\vladsch\flexmark\flexmark-ext-admonition\0.62.2\flexmark-ext-admonition-0.62.2.jar;C:\Users\user\.m2\repository\com\vladsch\flexmark\flexmark-ext-anchorlink\0.62.2\flexmark-ext-anchorlink-0.62.2.jar;C:\Users\user\.m2\repository\com\vladsch\flexmark\flexmark-ext-aside\0.62.2\flexmark-ext-aside-0.62.2.jar;C:\Users\user\.m2\repository\com\vladsch\flexmark\flexmark-ext-attributes\0.62.2\flexmark-ext-attributes-0.62.2.jar;C:\Users\user\.m2\repository\com\vladsch\flexmark\flexmark-ext-autolink\0.62.2\flexmark-ext-autolink-0.62.2.jar;C:\Users\user\.m2\repository\org\nibor\autolink\autolink\0.6.0\autolink-0.6.0.jar;C:\Users\user\.m2\repository\com\vladsch\flexmark\flexmark-ext-definition\0.62.2\flexmark-ext-definition-0.62.2.jar;C:\Users\user\.m2\repository\com\vladsch\flexmark\flexmark-ext-emoji\0.62.2\flexmark-ext-emoji-0.62.2.jar;C:\Users\user\.m2\repository\com\vladsch\flexmark\flexmark-ext-enumerated-reference\0.62.2\flexmark-ext-enumerated-reference-0.62.2.jar;C:\Users\user\.m2\repository\com\vladsch\flexmark\flexmark-ext-escaped-character\0.62.2\flexmark-ext-escaped-character-0.62.2.jar;C:\Users\user\.m2\repository\com\vladsch\flexmark\flexmark-ext-footnotes\0.62.2\flexmark-ext-footnotes-0.62.2.jar;C:\Users\user\.m2\repository\com\vladsch\flexmark\flexmark-ext-gfm-issues\0.62.2\flexmark-ext-gfm-issues-0.62.2.jar;C:\Users\user\.m2\repository\com\vladsch\flexmark\flexmark-ext-gfm-strikethrough\0.62.2\flexmark-ext-gfm-strikethrough-0.62.2.jar;C:\Users\user\.m2\repository\com\vladsch\flexmark\flexmark-ext-gfm-tasklist\0.62.2\flexmark-ext-gfm-tasklist-0.62.2.jar;C:\Users\user\.m2\repository\com\vladsch\flexmark\flexmark-ext-gfm-users\0.62.2\flexmark-ext-gfm-users-0.62.2.jar;C:\Users\user\.m2\repository\com\vladsch\flexmark\flexmark-ext-gitlab\0.62.2\flexmark-ext-gitlab-0.62.2.jar;C:\Users\user\.m2\repository\com\vladsch\flexmark\flexmark-ext-jekyll-front-matter\0.62.2\flexmark-ext-jekyll-front-matter-0.62.2.jar;C:\Users\user\.m2\repository\com\vladsch\flexmark\flexmark-ext-jekyll-tag\0.62.2\flexmark-ext-jekyll-tag-0.62.2.jar;C:\Users\user\.m2\repository\com\vladsch\flexmark\flexmark-ext-media-tags\0.62.2\flexmark-ext-media-tags-0.62.2.jar;C:\Users\user\.m2\repository\com\vladsch\flexmark\flexmark-ext-macros\0.62.2\flexmark-ext-macros-0.62.2.jar;C:\Users\user\.m2\repository\com\vladsch\flexmark\flexmark-ext-ins\0.62.2\flexmark-ext-ins-0.62.2.jar;C:\Users\user\.m2\repository\com\vladsch\flexmark\flexmark-ext-xwiki-macros\0.62.2\flexmark-ext-xwiki-macros-0.62.2.jar;C:\Users\user\.m2\repository\com\vladsch\flexmark\flexmark-ext-superscript\0.62.2\flexmark-ext-superscript-0.62.2.jar;C:\Users\user\.m2\repository\com\vladsch\flexmark\flexmark-ext-tables\0.62.2\flexmark-ext-tables-0.62.2.jar;C:\Users\user\.m2\repository\com\vladsch\flexmark\flexmark-ext-toc\0.62.2\flexmark-ext-toc-0.62.2.jar;C:\Users\user\.m2\repository\com\vladsch\flexmark\flexmark-ext-typographic\0.62.2\flexmark-ext-typographic-0.62.2.jar;C:\Users\user\.m2\repository\com\vladsch\flexmark\flexmark-ext-wikilink\0.62.2\flexmark-ext-wikilink-0.62.2.jar;C:\Users\user\.m2\repository\com\vladsch\flexmark\flexmark-ext-yaml-front-matter\0.62.2\flexmark-ext-yaml-front-matter-0.62.2.jar;C:\Users\user\.m2\repository\com\vladsch\flexmark\flexmark-ext-youtube-embedded\0.62.2\flexmark-ext-youtube-embedded-0.62.2.jar;C:\Users\user\.m2\repository\com\vladsch\flexmark\flexmark-html2md-converter\0.62.2\flexmark-html2md-converter-0.62.2.jar;C:\Users\user\.m2\repository\com\vladsch\flexmark\flexmark-jira-converter\0.62.2\flexmark-jira-converter-0.62.2.jar;C:\Users\user\.m2\repository\com\vladsch\flexmark\flexmark-pdf-converter\0.62.2\flexmark-pdf-converter-0.62.2.jar;C:\Users\user\.m2\repository\com\openhtmltopdf\openhtmltopdf-core\1.0.0\openhtmltopdf-core-1.0.0.jar;C:\Users\user\.m2\repository\com\openhtmltopdf\openhtmltopdf-pdfbox\1.0.0\openhtmltopdf-pdfbox-1.0.0.jar;C:\Users\user\.m2\repository\org\apache\pdfbox\pdfbox\2.0.16\pdfbox-2.0.16.jar;C:\Users\user\.m2\repository\org\apache\pdfbox\fontbox\2.0.16\fontbox-2.0.16.jar;C:\Users\user\.m2\repository\org\apache\pdfbox\xmpbox\2.0.16\xmpbox-2.0.16.jar;C:\Users\user\.m2\repository\de\rototor\pdfbox\graphics2d\0.24\graphics2d-0.24.jar;C:\Users\user\.m2\repository\com\openhtmltopdf\openhtmltopdf-rtl-support\1.0.0\openhtmltopdf-rtl-support-1.0.0.jar;C:\Users\user\.m2\repository\com\openhtmltopdf\openhtmltopdf-jsoup-dom-converter\1.0.0\openhtmltopdf-jsoup-dom-converter-1.0.0.jar;C:\Users\user\.m2\repository\com\vladsch\flexmark\flexmark-profile-pegdown\0.62.2\flexmark-profile-pegdown-0.62.2.jar;C:\Users\user\.m2\repository\com\vladsch\flexmark\flexmark-util-ast\0.62.2\flexmark-util-ast-0.62.2.jar;C:\Users\user\.m2\repository\com\vladsch\flexmark\flexmark-util-builder\0.62.2\flexmark-util-builder-0.62.2.jar;C:\Users\user\.m2\repository\com\vladsch\flexmark\flexmark-util-collection\0.62.2\flexmark-util-collection-0.62.2.jar;C:\Users\user\.m2\repository\com\vladsch\flexmark\flexmark-util-data\0.62.2\flexmark-util-data-0.62.2.jar;C:\Users\user\.m2\repository\com\vladsch\flexmark\flexmark-util-dependency\0.62.2\flexmark-util-dependency-0.62.2.jar;C:\Users\user\.m2\repository\com\vladsch\flexmark\flexmark-util-format\0.62.2\flexmark-util-format-0.62.2.jar;C:\Users\user\.m2\repository\com\vladsch\flexmark\flexmark-util-html\0.62.2\flexmark-util-html-0.62.2.jar;C:\Users\user\.m2\repository\com\vladsch\flexmark\flexmark-util-misc\0.62.2\flexmark-util-misc-0.62.2.jar;C:\Users\user\.m2\repository\com\vladsch\flexmark\flexmark-util-options\0.62.2\flexmark-util-options-0.62.2.jar;C:\Users\user\.m2\repository\com\vladsch\flexmark\flexmark-util-sequence\0.62.2\flexmark-util-sequence-0.62.2.jar;C:\Users\user\.m2\repository\com\vladsch\flexmark\flexmark-util-visitor\0.62.2\flexmark-util-visitor-0.62.2.jar;C:\Users\user\.m2\repository\com\vladsch\flexmark\flexmark-youtrack-converter\0.62.2\flexmark-youtrack-converter-0.62.2.jar;C:\Users\user\.m2\repository\com\ibm\icu\icu4j\72.1\icu4j-72.1.jar;C:\Users\user\.m2\repository\es\nitaur\markdown\txtmark\0.16\txtmark-0.16.jar;C:\Users\user\.m2\repository\net\serenity-bdd\serenity-report-resources\3.6.21\serenity-report-resources-3.6.21.jar;C:\Users\user\.m2\repository\com\google\code\gson\gson\2.10.1\gson-2.10.1.jar;C:\Users\user\.m2\repository\com\fasterxml\jackson\core\jackson-core\2.15.0-rc1\jackson-core-2.15.0-rc1.jar;C:\Users\user\.m2\repository\com\fasterxml\jackson\core\jackson-databind\2.15.0-rc1\jackson-databind-2.15.0-rc1.jar;C:\Users\user\.m2\repository\com\fasterxml\jackson\core\jackson-annotations\2.15.0-rc1\jackson-annotations-2.15.0-rc1.jar;C:\Users\user\.m2\repository\commons-codec\commons-codec\1.15\commons-codec-1.15.jar;C:\Users\user\.m2\repository\commons-io\commons-io\2.11.0\commons-io-2.11.0.jar;C:\Users\user\.m2\repository\org\apache\httpcomponents\httpclient\4.5.13\httpclient-4.5.13.jar;C:\Users\user\.m2\repository\org\apache\httpcomponents\httpcore\4.4.13\httpcore-4.4.13.jar;C:\Users\user\.m2\repository\commons-logging\commons-logging\1.2\commons-logging-1.2.jar;C:\Users\user\.m2\repository\org\seleniumhq\selenium\selenium-java\4.8.1\selenium-java-4.8.1.jar;C:\Users\user\.m2\repository\org\seleniumhq\selenium\selenium-devtools-v108\4.8.1\selenium-devtools-v108-4.8.1.jar;C:\Users\user\.m2\repository\org\seleniumhq\selenium\selenium-devtools-v109\4.8.1\selenium-devtools-v109-4.8.1.jar;C:\Users\user\.m2\repository\org\seleniumhq\selenium\selenium-devtools-v110\4.8.1\selenium-devtools-v110-4.8.1.jar;C:\Users\user\.m2\repository\org\seleniumhq\selenium\selenium-devtools-v85\4.8.1\selenium-devtools-v85-4.8.1.jar;C:\Users\user\.m2\repository\org\seleniumhq\selenium\selenium-remote-driver\4.8.1\selenium-remote-driver-4.8.1.jar;C:\Users\user\.m2\repository\com\beust\jcommander\1.82\jcommander-1.82.jar;C:\Users\user\.m2\repository\io\netty\netty-buffer\4.1.87.Final\netty-buffer-4.1.87.Final.jar;C:\Users\user\.m2\repository\io\netty\netty-codec-http\4.1.87.Final\netty-codec-http-4.1.87.Final.jar;C:\Users\user\.m2\repository\io\netty\netty-codec\4.1.87.Final\netty-codec-4.1.87.Final.jar;C:\Users\user\.m2\repository\io\netty\netty-handler\4.1.87.Final\netty-handler-4.1.87.Final.jar;C:\Users\user\.m2\repository\io\netty\netty-common\4.1.87.Final\netty-common-4.1.87.Final.jar;C:\Users\user\.m2\repository\io\netty\netty-transport-classes-epoll\4.1.87.Final\netty-transport-classes-epoll-4.1.87.Final.jar;C:\Users\user\.m2\repository\io\netty\netty-transport-classes-kqueue\4.1.87.Final\netty-transport-classes-kqueue-4.1.87.Final.jar;C:\Users\user\.m2\repository\io\netty\netty-transport-native-epoll\4.1.87.Final\netty-transport-native-epoll-4.1.87.Final.jar;C:\Users\user\.m2\repository\io\netty\netty-transport-native-kqueue\4.1.87.Final\netty-transport-native-kqueue-4.1.87.Final.jar;C:\Users\user\.m2\repository\io\netty\netty-transport-native-unix-common\4.1.87.Final\netty-transport-native-unix-common-4.1.87.Final.jar;C:\Users\user\.m2\repository\io\netty\netty-transport\4.1.87.Final\netty-transport-4.1.87.Final.jar;C:\Users\user\.m2\repository\io\netty\netty-resolver\4.1.87.Final\netty-resolver-4.1.87.Final.jar;C:\Users\user\.m2\repository\io\opentelemetry\opentelemetry-api\1.22.0\opentelemetry-api-1.22.0.jar;C:\Users\user\.m2\repository\io\opentelemetry\opentelemetry-context\1.22.0\opentelemetry-context-1.22.0.jar;C:\Users\user\.m2\repository\io\opentelemetry\opentelemetry-exporter-logging\1.22.0\opentelemetry-exporter-logging-1.22.0.jar;C:\Users\user\.m2\repository\io\opentelemetry\opentelemetry-sdk-metrics\1.22.0\opentelemetry-sdk-metrics-1.22.0.jar;C:\Users\user\.m2\repository\io\opentelemetry\opentelemetry-sdk-logs\1.22.0-alpha\opentelemetry-sdk-logs-1.22.0-alpha.jar;C:\Users\user\.m2\repository\io\opentelemetry\opentelemetry-api-logs\1.22.0-alpha\opentelemetry-api-logs-1.22.0-alpha.jar;C:\Users\user\.m2\repository\io\opentelemetry\opentelemetry-sdk-common\1.22.0\opentelemetry-sdk-common-1.22.0.jar;C:\Users\user\.m2\repository\io\opentelemetry\opentelemetry-sdk-extension-autoconfigure-spi\1.22.0\opentelemetry-sdk-extension-autoconfigure-spi-1.22.0.jar;C:\Users\user\.m2\repository\io\opentelemetry\opentelemetry-sdk-extension-autoconfigure\1.22.0-alpha\opentelemetry-sdk-extension-autoconfigure-1.22.0-alpha.jar;C:\Users\user\.m2\repository\io\opentelemetry\opentelemetry-sdk-trace\1.22.0\opentelemetry-sdk-trace-1.22.0.jar;C:\Users\user\.m2\repository\io\opentelemetry\opentelemetry-sdk\1.22.0\opentelemetry-sdk-1.22.0.jar;C:\Users\user\.m2\repository\io\opentelemetry\opentelemetry-semconv\1.22.0-alpha\opentelemetry-semconv-1.22.0-alpha.jar;C:\Users\user\.m2\repository\io\ous\jtoml\2.0.0\jtoml-2.0.0.jar;C:\Users\user\.m2\repository\org\apache\commons\commons-exec\1.3\commons-exec-1.3.jar;C:\Users\user\.m2\repository\org\asynchttpclient\async-http-client\2.12.3\async-http-client-2.12.3.jar;C:\Users\user\.m2\repository\org\asynchttpclient\async-http-client-netty-utils\2.12.3\async-http-client-netty-utils-2.12.3.jar;C:\Users\user\.m2\repository\io\netty\netty-codec-socks\4.1.60.Final\netty-codec-socks-4.1.60.Final.jar;C:\Users\user\.m2\repository\io\netty\netty-handler-proxy\4.1.60.Final\netty-handler-proxy-4.1.60.Final.jar;C:\Users\user\.m2\repository\io\netty\netty-transport-native-epoll\4.1.60.Final\netty-transport-native-epoll-4.1.60.Final-linux-x86_64.jar;C:\Users\user\.m2\repository\io\netty\netty-transport-native-kqueue\4.1.60.Final\netty-transport-native-kqueue-4.1.60.Final-osx-x86_64.jar;C:\Users\user\.m2\repository\org\reactivestreams\reactive-streams\1.0.3\reactive-streams-1.0.3.jar;C:\Users\user\.m2\repository\com\typesafe\netty\netty-reactive-streams\2.0.4\netty-reactive-streams-2.0.4.jar;C:\Users\user\.m2\repository\org\seleniumhq\selenium\selenium-manager\4.8.1\selenium-manager-4.8.1.jar;C:\Users\user\.m2\repository\org\seleniumhq\selenium\selenium-safari-driver\4.8.1\selenium-safari-driver-4.8.1.jar;C:\Users\user\.m2\repository\org\seleniumhq\selenium\selenium-api\4.8.1\selenium-api-4.8.1.jar;C:\Users\user\.m2\repository\org\seleniumhq\selenium\selenium-support\4.8.1\selenium-support-4.8.1.jar;C:\Users\user\.m2\repository\com\google\auto\service\auto-service-annotations\1.0.1\auto-service-annotations-1.0.1.jar;C:\Users\user\.m2\repository\com\google\auto\service\auto-service\1.0.1\auto-service-1.0.1.jar;C:\Users\user\.m2\repository\com\google\auto\auto-common\1.2\auto-common-1.2.jar;C:\Users\user\.m2\repository\org\seleniumhq\selenium\selenium-json\4.8.1\selenium-json-4.8.1.jar;C:\Users\user\.m2\repository\org\seleniumhq\selenium\selenium-chrome-driver\4.8.1\selenium-chrome-driver-4.8.1.jar;C:\Users\user\.m2\repository\org\seleniumhq\selenium\selenium-chromium-driver\4.8.1\selenium-chromium-driver-4.8.1.jar;C:\Users\user\.m2\repository\org\seleniumhq\selenium\selenium-firefox-driver\4.8.1\selenium-firefox-driver-4.8.1.jar;C:\Users\user\.m2\repository\org\seleniumhq\selenium\selenium-http\4.8.1\selenium-http-4.8.1.jar;C:\Users\user\.m2\repository\dev\failsafe\failsafe\3.3.0\failsafe-3.3.0.jar;C:\Users\user\.m2\repository\org\seleniumhq\selenium\selenium-edge-driver\4.8.1\selenium-edge-driver-4.8.1.jar;C:\Users\user\.m2\repository\org\seleniumhq\selenium\selenium-ie-driver\4.8.1\selenium-ie-driver-4.8.1.jar;C:\Users\user\.m2\repository\org\projectlombok\lombok\1.18.20\lombok-1.18.20.jar;C:\Users\user\.m2\repository\io\appium\java-client\8.3.0\java-client-8.3.0.jar;C:\Users\user\.m2\repository\commons-validator\commons-validator\1.7\commons-validator-1.7.jar;C:\Users\user\.m2\repository\commons-digester\commons-digester\2.1\commons-digester-2.1.jar;C:\Users\user\.m2\repository\org\apache\groovy\groovy\4.0.10\groovy-4.0.10.jar;C:\Users\user\.m2\repository\net\sf\opencsv\opencsv\2.0\opencsv-2.0.jar;C:\Users\user\.m2\repository\commons-beanutils\commons-beanutils\1.9.4\commons-beanutils-1.9.4.jar;C:\Users\user\.m2\repository\org\apache\commons\commons-lang3\3.12.0\commons-lang3-3.12.0.jar;C:\Users\user\.m2\repository\commons-collections\commons-collections\3.2.2\commons-collections-3.2.2.jar;C:\Users\user\.m2\repository\org\fluentlenium\fluentlenium-core\0.10.2\fluentlenium-core-0.10.2.jar;C:\Users\user\.m2\repository\io\github\bonigarcia\webdrivermanager\5.3.0\webdrivermanager-5.3.0.jar;C:\Users\user\.m2\repository\com\github\docker-java\docker-java\3.2.13\docker-java-3.2.13.jar;C:\Users\user\.m2\repository\com\github\docker-java\docker-java-core\3.2.13\docker-java-core-3.2.13.jar;C:\Users\user\.m2\repository\com\github\docker-java\docker-java-api\3.2.13\docker-java-api-3.2.13.jar;C:\Users\user\.m2\repository\org\apache\commons\commons-compress\1.21\commons-compress-1.21.jar;C:\Users\user\.m2\repository\org\bouncycastle\bcpkix-jdk15on\1.64\bcpkix-jdk15on-1.64.jar;C:\Users\user\.m2\repository\org\bouncycastle\bcprov-jdk15on\1.64\bcprov-jdk15on-1.64.jar;C:\Users\user\.m2\repository\org\slf4j\jcl-over-slf4j\1.7.30\jcl-over-slf4j-1.7.30.jar;C:\Users\user\.m2\repository\com\github\docker-java\docker-java-transport-httpclient5\3.2.13\docker-java-transport-httpclient5-3.2.13.jar;C:\Users\user\.m2\repository\com\github\docker-java\docker-java-transport\3.2.13\docker-java-transport-3.2.13.jar;C:\Users\user\.m2\repository\net\java\dev\jna\jna\5.8.0\jna-5.8.0.jar;C:\Users\user\.m2\repository\org\brotli\dec\0.1.2\dec-0.1.2.jar;C:\Users\user\.m2\repository\org\apache\httpcomponents\client5\httpclient5\5.1.3\httpclient5-5.1.3.jar;C:\Users\user\.m2\repository\org\apache\httpcomponents\core5\httpcore5\5.1.3\httpcore5-5.1.3.jar;C:\Users\user\.m2\repository\org\apache\httpcomponents\core5\httpcore5-h2\5.1.3\httpcore5-h2-5.1.3.jar;C:\Users\user\.m2\repository\com\jhlabs\filters\2.0.235\filters-2.0.235.jar;C:\Users\user\.m2\repository\com\paulhammant\ngwebdriver\1.1.6\ngwebdriver-1.1.6.jar;C:\Users\user\.m2\repository\joda-time\joda-time\2.12.2\joda-time-2.12.2.jar;C:\Users\user\.m2\repository\org\hamcrest\hamcrest\2.2\hamcrest-2.2.jar;C:\Users\user\.m2\repository\com\google\jimfs\jimfs\1.2\jimfs-1.2.jar;C:\Users\user\.m2\repository\org\mockito\mockito-core\3.3.3\mockito-core-3.3.3.jar;C:\Users\user\.m2\repository\javax\xml\bind\jaxb-api\2.3.1\jaxb-api-2.3.1.jar;C:\Users\user\.m2\repository\javax\activation\javax.activation-api\1.2.0\javax.activation-api-1.2.0.jar;C:\Users\user\.m2\repository\com\sun\xml\bind\jaxb-core\2.3.0.1\jaxb-core-2.3.0.1.jar;C:\Users\user\.m2\repository\com\sun\xml\bind\jaxb-impl\2.3.3\jaxb-impl-2.3.3.jar;C:\Users\user\.m2\repository\jakarta\xml\bind\jakarta.xml.bind-api\2.3.3\jakarta.xml.bind-api-2.3.3.jar;C:\Users\user\.m2\repository\com\sun\activation\jakarta.activation\1.2.2\jakarta.activation-1.2.2.jar;C:\Users\user\.m2\repository\javax\activation\activation\1.1.1\activation-1.1.1.jar;C:\Users\user\.m2\repository\net\serenity-bdd\serenity-cucumber\3.6.21\serenity-cucumber-3.6.21.jar;C:\Users\user\.m2\repository\io\cucumber\cucumber-core\7.11.0\cucumber-core-7.11.0.jar;C:\Users\user\.m2\repository\io\cucumber\cucumber-gherkin\7.11.0\cucumber-gherkin-7.11.0.jar;C:\Users\user\.m2\repository\io\cucumber\cucumber-gherkin-messages\7.11.0\cucumber-gherkin-messages-7.11.0.jar;C:\Users\user\.m2\repository\io\cucumber\gherkin\26.0.3\gherkin-26.0.3.jar;C:\Users\user\.m2\repository\io\cucumber\messages\21.0.1\messages-21.0.1.jar;C:\Users\user\.m2\repository\io\cucumber\tag-expressions\5.0.1\tag-expressions-5.0.1.jar;C:\Users\user\.m2\repository\io\cucumber\cucumber-expressions\16.1.1\cucumber-expressions-16.1.1.jar;C:\Users\user\.m2\repository\io\cucumber\datatable\7.11.0\datatable-7.11.0.jar;C:\Users\user\.m2\repository\io\cucumber\cucumber-plugin\7.11.0\cucumber-plugin-7.11.0.jar;C:\Users\user\.m2\repository\io\cucumber\docstring\7.11.0\docstring-7.11.0.jar;C:\Users\user\.m2\repository\io\cucumber\html-formatter\20.2.1\html-formatter-20.2.1.jar;C:\Users\user\.m2\repository\io\cucumber\junit-xml-formatter\0.1.0\junit-xml-formatter-0.1.0.jar;C:\Users\user\.m2\repository\io\cucumber\ci-environment\9.1.0\ci-environment-9.1.0.jar;C:\Users\user\.m2\repository\io\cucumber\cucumber-java\7.11.0\cucumber-java-7.11.0.jar;C:\Users\user\.m2\repository\io\cucumber\cucumber-junit\7.11.0\cucumber-junit-7.11.0.jar;C:\Users\user\.m2\repository\org\apache\commons\commons-csv\1.5\commons-csv-1.5.jar;C:\Users\user\.m2\repository\net\serenity-bdd\serenity-screenplay\3.6.21\serenity-screenplay-3.6.21.jar;C:\Users\user\.m2\repository\net\serenity-bdd\serenity-screenplay-webdriver\3.6.21\serenity-screenplay-webdriver-3.6.21.jar;C:\Users\user\.m2\repository\net\serenity-bdd\serenity-ensure\3.6.21\serenity-ensure-3.6.21.jar;C:\Users\user\.m2\repository\net\serenity-bdd\serenity-junit\3.6.21\serenity-junit-3.6.21.jar;C:\Users\user\.m2\repository\org\jetbrains\kotlin\kotlin-stdlib\1.8.10\kotlin-stdlib-1.8.10.jar;C:\Users\user\.m2\repository\org\jetbrains\kotlin\kotlin-stdlib-common\1.8.10\kotlin-stdlib-common-1.8.10.jar;C:\Users\user\.m2\repository\org\jetbrains\annotations\13.0\annotations-13.0.jar;C:\Users\user\.m2\repository\org\junit\platform\junit-platform-launcher\1.8.2\junit-platform-launcher-1.8.2.jar;C:\Users\user\.m2\repository\org\junit\platform\junit-platform-engine\1.8.2\junit-platform-engine-1.8.2.jar;C:\Users\user\.m2\repository\org\opentest4j\opentest4j\1.2.0\opentest4j-1.2.0.jar;C:\Users\user\.m2\repository\org\junit\platform\junit-platform-commons\1.8.2\junit-platform-commons-1.8.2.jar;C:\Users\user\.m2\repository\org\apiguardian\apiguardian-api\1.1.2\apiguardian-api-1.1.2.jar;C:\Users\user\.m2\repository\org\junit\jupiter\junit-jupiter-engine\5.8.2\junit-jupiter-engine-5.8.2.jar;C:\Users\user\.m2\repository\org\junit\jupiter\junit-jupiter-api\5.8.2\junit-jupiter-api-5.8.2.jar;C:\Users\user\.m2\repository\org\junit\vintage\junit-vintage-engine\5.8.2\junit-vintage-engine-5.8.2.jar;C:\Users\user\.m2\repository\junit\junit\4.13.2\junit-4.13.2.jar;C:\Users\user\.m2\repository\org\hamcrest\hamcrest-core\1.3\hamcrest-core-1.3.jar;C:\Users\user\.m2\repository\ch\qos\logback\logback-classic\1.2.10\logback-classic-1.2.10.jar;C:\Users\user\.m2\repository\ch\qos\logback\logback-core\1.2.10\logback-core-1.2.10.jar;C:\Users\user\.m2\repository\org\slf4j\slf4j-api\1.7.32\slf4j-api-1.7.32.jar;C:\Users\user\.m2\repository\org\assertj\assertj-core\3.23.1\assertj-core-3.23.1.jar;C:\Users\user\.m2\repository\net\bytebuddy\byte-buddy\1.12.10\byte-buddy-1.12.10.jar;"/>
    <property name="sun.cpu.endian" value="little"/>
    <property name="user.home" value="C:\Users\user"/>
    <property name="user.language" value="en"/>
    <property name="java.specification.vendor" value="Oracle Corporation"/>
    <property name="java.home" value="C:\Program Files\Java\jre1.8.0_301"/>
    <property name="basedir" value="D:\TUGAS SEMESTER 6\Mini Project\WebTest-MiniProject"/>
    <property name="file.separator" value="\"/>
    <property name="line.separator" value="&#10;"/>
    <property name="java.vm.specification.vendor" value="Oracle Corporation"/>
    <property name="java.specification.name" value="Java Platform API Specification"/>
    <property name="java.awt.graphicsenv" value="sun.awt.Win32GraphicsEnvironment"/>
    <property name="surefire.real.class.path" value="C:\Users\user\AppData\Local\Temp\surefire8241307715520903215\surefirebooter4038819289736564718.jar"/>
    <property name="sun.boot.class.path" value="C:\Program Files\Java\jre1.8.0_301\lib\resources.jar;C:\Program Files\Java\jre1.8.0_301\lib\rt.jar;C:\Program Files\Java\jre1.8.0_301\lib\sunrsasign.jar;C:\Program Files\Java\jre1.8.0_301\lib\jsse.jar;C:\Program Files\Java\jre1.8.0_301\lib\jce.jar;C:\Program Files\Java\jre1.8.0_301\lib\charsets.jar;C:\Program Files\Java\jre1.8.0_301\lib\jfr.jar;C:\Program Files\Java\jre1.8.0_301\classes"/>
    <property name="user.script" value=""/>
    <property name="java.protocol.handler.pkgs" value="com.google.common"/>
    <property name="sun.management.compiler" value="HotSpot 64-Bit Tiered Compilers"/>
    <property name="java.runtime.version" value="1.8.0_301-b09"/>
    <property name="user.name" value="user"/>
    <property name="path.separator" value=";"/>
    <property name="os.version" value="10.0"/>
    <property name="java.endorsed.dirs" value="C:\Program Files\Java\jre1.8.0_301\lib\endorsed"/>
    <property name="java.runtime.name" value="Java(TM) SE Runtime Environment"/>
    <property name="file.encoding" value="Cp1252"/>
    <property name="webdriver.base.url" value=""/>
    <property name="java.vm.name" value="Java HotSpot(TM) 64-Bit Server VM"/>
    <property name="localRepository" value="C:\Users\user\.m2\repository"/>
    <property name="java.vendor.url.bug" value="http://bugreport.sun.com/bugreport/"/>
    <property name="java.io.tmpdir" value="C:\Users\user\AppData\Local\Temp\"/>
    <property name="java.version" value="1.8.0_301"/>
    <property name="user.dir" value="D:\TUGAS SEMESTER 6\Mini Project\WebTest-MiniProject"/>
    <property name="os.arch" value="amd64"/>
    <property name="java.vm.specification.name" value="Java Virtual Machine Specification"/>
    <property name="java.awt.printerjob" value="sun.awt.windows.WPrinterJob"/>
    <property name="user.language.format" value="id"/>
    <property name="sun.os.patch.level" value=""/>
    <property name="java.library.path" value="C:\Program Files\Java\jre1.8.0_301\bin;C:\WINDOWS\Sun\Java\bin;C:\WINDOWS\system32;C:\WINDOWS;C:\ProgramData\Oracle\Java\javapath;C:\Program Files\Common Files\Oracle\Java\javapath;C:\Program Files (x86)\Common Files\Oracle\Java\javapath;C:\WINDOWS\system32;C:\WINDOWS;C:\WINDOWS\System32\Wbem;C:\WINDOWS\System32\WindowsPowerShell\v1.0\;C:\WINDOWS\System32\OpenSSH\;C:\Program Files (x86)\HP\Common\HPDestPlgIn\;E:\Matlab\bin;C:\apache-maven-3.9.1-bin\apache-maven-3.9.1\bin;C:\Users\user\Downloads\Programs\jdk-19_windows-x64_bin;C:\Program Files\nodejs\;C:\Users\user\AppData\Local\Android\Sdk\platform-tools;C:\Program Files\Git\cmd;C:\Python\Python310\Scripts\;C:\Python\Python310\;C:\Users\user\AppData\Local\Microsoft\WindowsApps;C:\Program Files (x86)\HP\Common\HPDestPlgIn\;C:\Users\user\AppData\Local\Programs\Microsoft VS Code\bin;C:\Program Files\JetBrains\IntelliJ IDEA Community Edition 2023.1\bin;;C:\Users\user\AppData\Roaming\npm;."/>
    <property name="java.vm.info" value="mixed mode"/>
    <property name="java.vendor" value="Oracle Corporation"/>
    <property name="java.vm.version" value="25.301-b09"/>
    <property name="java.ext.dirs" value="C:\Program Files\Java\jre1.8.0_301\lib\ext;C:\WINDOWS\Sun\Java\lib\ext"/>
    <property name="sun.io.unicode.encoding" value="UnicodeLittle"/>
    <property name="java.class.version" value="52.0"/>
  </properties>
  <testcase name="As user i have be able to success login" classname="login" time="12.043">
    <system-out><![CDATA[01:31:32.784 [main] DEBUG net.thucydides.core.guice.Injectors - Created injector for module net.thucydides.core.guice.ThucydidesModule
01:31:33.134 [main] DEBUG io.cucumber.core.plugin.SerenityReporter - Running feature from file:///D:/TUGAS%20SEMESTER%206/Mini%20Project/WebTest-MiniProject/src/test/resources/features/Login.feature
01:31:33.332 [main] DEBUG net.thucydides.core.guice.Injectors - Created injector for module net.thucydides.core.guice.webdriver.WebDriverModule
01:31:33.349 [main] INFO  - 

-------------------------------------------------------------------------------------
     _______. _______ .______       _______ .__   __.  __  .___________.____    ____ 
    /       ||   ____||   _  \     |   ____||  \ |  | |  | |           |\   \  /   / 
   |   (----`|  |__   |  |_)  |    |  |__   |   \|  | |  | `---|  |----` \   \/   /  
    \   \    |   __|  |      /     |   __|  |  . `  | |  |     |  |       \_    _/   
.----)   |   |  |____ |  |\  \----.|  |____ |  |\   | |  |     |  |         |  |     
|_______/    |_______|| _| `._____||_______||__| \__| |__|     |__|         |__|    
                                                                                     
 News and tutorials at http://www.serenity-bdd.info                                  
 Documentation at https://wakaleo.gitbooks.io/the-serenity-book/content/             
 Join the Serenity Community on Gitter: https://gitter.im/serenity-bdd/serenity-core 
 Serenity BDD Support and Training at http://serenity-bdd.info/#/trainingandsupport  
-------------------------------------------------------------------------------------

01:31:33.352 [main] DEBUG net.thucydides.core.steps.StepEventBus - Test suite started for story net.thucydides.core.model.Story@23282f08
01:31:33.356 [main] INFO  - Test Suite Started: Login
01:31:33.373 [main] DEBUG io.cucumber.core.plugin.SerenityReporter - Running feature from file:///D:/TUGAS%20SEMESTER%206/Mini%20Project/WebTest-MiniProject/src/test/resources/features/Orders.feature
01:31:33.377 [main] DEBUG net.thucydides.core.steps.StepEventBus - Test suite started for story net.thucydides.core.model.Story@3500fec8
01:31:33.378 [main] INFO  - Test Suite Started: Orders
01:31:33.378 [main] DEBUG io.cucumber.core.plugin.SerenityReporter - Running feature from file:///D:/TUGAS%20SEMESTER%206/Mini%20Project/WebTest-MiniProject/src/test/resources/features/Products.feature
01:31:33.382 [main] DEBUG net.thucydides.core.steps.StepEventBus - Test suite started for story net.thucydides.core.model.Story@31b157a8
01:31:33.383 [main] INFO  - Test Suite Started: Products
01:31:33.383 [main] DEBUG io.cucumber.core.plugin.SerenityReporter - Running feature from file:///D:/TUGAS%20SEMESTER%206/Mini%20Project/WebTest-MiniProject/src/test/resources/features/Register.feature
01:31:33.386 [main] DEBUG net.thucydides.core.steps.StepEventBus - Test suite started for story net.thucydides.core.model.Story@30e75088
01:31:33.387 [main] INFO  - Test Suite Started: Register
01:31:33.387 [main] DEBUG io.cucumber.core.plugin.SerenityReporter - Running feature from file:///D:/TUGAS%20SEMESTER%206/Mini%20Project/WebTest-MiniProject/src/test/resources/features/Transactions.feature
01:31:33.391 [main] DEBUG net.thucydides.core.steps.StepEventBus - Test suite started for story net.thucydides.core.model.Story@5c2ec4c8
01:31:33.391 [main] INFO  - Test Suite Started: Transactions
01:31:33.392 [main] DEBUG io.cucumber.core.plugin.SerenityReporter - Running feature from file:///D:/TUGAS%20SEMESTER%206/Mini%20Project/WebTest-MiniProject/src/test/resources/features/Login.feature
01:31:33.395 [main] DEBUG net.thucydides.core.steps.StepEventBus - Test suite started for story net.thucydides.core.model.Story@23282f08
01:31:33.396 [main] INFO  - Test Suite Started: Login

Scenario: As user i have be able to success login &amp#27;[90m# src/test/resources/features/Login.feature:6&amp#27;[0m
01:31:33.549 [main] DEBUG io.cucumber.core.plugin.SerenityReporter - Running feature from file:///D:/TUGAS%20SEMESTER%206/Mini%20Project/WebTest-MiniProject/src/test/resources/features/Login.feature
01:31:33.726 [main] INFO  - 
  _____   ___   ___   _____     ___   _____     _     ___   _____   ___   ___  
 |_   _| | __| / __| |_   _|   / __| |_   _|   /_\   | _ \ |_   _| | __| |   \ 
   | |   | _|  \__ \   | |     \__ \   | |    / _ \  |   /   | |   | _|  | |) |
   |_|   |___| |___/   |_|     |___/   |_|   /_/ \_\ |_|_\   |_|   |___| |___/ 

As user i have be able to success login(login;as-user-i-have-be-able-to-success-login)
--------------------------------------------------------------------------------
01:31:33.789 [main] DEBUG net.thucydides.core.requirements.model.cucumber.CucumberParser - Loading feature D:\TUGAS SEMESTER 6\Mini Project\WebTest-MiniProject\src\test\resources\features\Login.feature
01:31:33.811 [main] DEBUG net.thucydides.core.requirements.model.cucumber.CucumberParser - Loading feature D:\TUGAS SEMESTER 6\Mini Project\WebTest-MiniProject\src\test\resources\features\Orders.feature
01:31:33.817 [main] DEBUG net.thucydides.core.requirements.model.cucumber.CucumberParser - Loading feature D:\TUGAS SEMESTER 6\Mini Project\WebTest-MiniProject\src\test\resources\features\Products.feature
01:31:33.822 [main] DEBUG net.thucydides.core.requirements.model.cucumber.CucumberParser - Loading feature D:\TUGAS SEMESTER 6\Mini Project\WebTest-MiniProject\src\test\resources\features\Register.feature
01:31:33.826 [main] DEBUG net.thucydides.core.requirements.model.cucumber.CucumberParser - Loading feature D:\TUGAS SEMESTER 6\Mini Project\WebTest-MiniProject\src\test\resources\features\Transactions.feature
01:31:35.183 [main] INFO net.serenitybdd.core.webdriver.driverproviders.ChromeDriverProvider - Starting Chrome driver instance with capabilities:
01:31:35.185 [main] INFO net.serenitybdd.core.webdriver.driverproviders.ChromeDriverProvider - Capabilities {acceptInsecureCerts: false, browserName: chrome, goog:chromeOptions: {args: [remote-allow-origins=*], extensions: []}}
01:31:35.333 [main] DEBUG io.netty.util.internal.logging.InternalLoggerFactory - Using SLF4J as the default logging framework
01:31:35.340 [main] DEBUG io.netty.util.ResourceLeakDetector - -Dio.netty.leakDetection.level: simple
01:31:35.341 [main] DEBUG io.netty.util.ResourceLeakDetector - -Dio.netty.leakDetection.targetRecords: 4
01:31:35.348 [main] DEBUG io.netty.util.ResourceLeakDetectorFactory - Loaded default ResourceLeakDetector: io.netty.util.ResourceLeakDetector@740a0d5e
01:31:35.369 [main] DEBUG io.netty.util.internal.PlatformDependent0 - -Dio.netty.noUnsafe: false
01:31:35.370 [main] DEBUG io.netty.util.internal.PlatformDependent0 - Java version: 8
01:31:35.370 [main] DEBUG io.netty.util.internal.PlatformDependent0 - sun.misc.Unsafe.theUnsafe: available
01:31:35.371 [main] DEBUG io.netty.util.internal.PlatformDependent0 - sun.misc.Unsafe.copyMemory: available
01:31:35.371 [main] DEBUG io.netty.util.internal.PlatformDependent0 - sun.misc.Unsafe.storeFence: available
01:31:35.372 [main] DEBUG io.netty.util.internal.PlatformDependent0 - java.nio.Buffer.address: available
01:31:35.372 [main] DEBUG io.netty.util.internal.PlatformDependent0 - direct buffer constructor: available
01:31:35.373 [main] DEBUG io.netty.util.internal.PlatformDependent0 - java.nio.Bits.unaligned: available, true
01:31:35.373 [main] DEBUG io.netty.util.internal.PlatformDependent0 - jdk.internal.misc.Unsafe.allocateUninitializedArray(int): unavailable prior to Java9
01:31:35.373 [main] DEBUG io.netty.util.internal.PlatformDependent0 - java.nio.DirectByteBuffer.<init>(long, int): available
01:31:35.373 [main] DEBUG io.netty.util.internal.PlatformDependent - sun.misc.Unsafe: available
01:31:35.374 [main] DEBUG io.netty.util.internal.PlatformDependent - -Dio.netty.tmpdir: C:\Users\user\AppData\Local\Temp (java.io.tmpdir)
01:31:35.374 [main] DEBUG io.netty.util.internal.PlatformDependent - -Dio.netty.bitMode: 64 (sun.arch.data.model)
01:31:35.374 [main] DEBUG io.netty.util.internal.PlatformDependent - Platform: Windows
01:31:35.375 [main] DEBUG io.netty.util.internal.PlatformDependent - -Dio.netty.maxDirectMemory: 1417150464 bytes
01:31:35.375 [main] DEBUG io.netty.util.internal.PlatformDependent - -Dio.netty.uninitializedArrayAllocationThreshold: -1
01:31:35.376 [main] DEBUG io.netty.util.internal.CleanerJava6 - java.nio.ByteBuffer.cleaner(): available
01:31:35.376 [main] DEBUG io.netty.util.internal.PlatformDependent - -Dio.netty.noPreferDirect: false
01:31:35.384 [main] DEBUG io.netty.util.internal.PlatformDependent - org.jctools-core.MpscChunkedArrayQueue: available
01:31:35.407 [main] DEBUG io.netty.util.internal.InternalThreadLocalMap - -Dio.netty.threadLocalMap.stringBuilder.initialSize: 1024
01:31:35.407 [main] DEBUG io.netty.util.internal.InternalThreadLocalMap - -Dio.netty.threadLocalMap.stringBuilder.maxSize: 4096
01:31:35.916 [main] DEBUG io.netty.handler.ssl.JdkSslContext - Default protocols (JDK): [TLSv1.2] 
01:31:35.916 [main] DEBUG io.netty.handler.ssl.JdkSslContext - Default cipher suites (JDK): [TLS_ECDHE_ECDSA_WITH_AES_256_GCM_SHA384, TLS_ECDHE_ECDSA_WITH_AES_128_GCM_SHA256, TLS_ECDHE_RSA_WITH_AES_128_GCM_SHA256, TLS_ECDHE_RSA_WITH_AES_256_GCM_SHA384, TLS_ECDHE_RSA_WITH_AES_128_CBC_SHA, TLS_ECDHE_RSA_WITH_AES_256_CBC_SHA, TLS_RSA_WITH_AES_128_GCM_SHA256, TLS_RSA_WITH_AES_128_CBC_SHA, TLS_RSA_WITH_AES_256_CBC_SHA, TLS_AES_128_GCM_SHA256, TLS_AES_256_GCM_SHA384]
01:31:35.944 [main] DEBUG io.netty.channel.MultithreadEventLoopGroup - -Dio.netty.eventLoopThreads: 16
01:31:35.955 [main] DEBUG io.netty.channel.nio.NioEventLoop - -Dio.netty.noKeySetOptimization: false
01:31:35.955 [main] DEBUG io.netty.channel.nio.NioEventLoop - -Dio.netty.selectorAutoRebuildThreshold: 512
01:31:36.071 [main] DEBUG io.netty.buffer.PooledByteBufAllocator - -Dio.netty.allocator.numHeapArenas: 16
01:31:36.071 [main] DEBUG io.netty.buffer.PooledByteBufAllocator - -Dio.netty.allocator.numDirectArenas: 16
01:31:36.071 [main] DEBUG io.netty.buffer.PooledByteBufAllocator - -Dio.netty.allocator.pageSize: 8192
01:31:36.071 [main] DEBUG io.netty.buffer.PooledByteBufAllocator - -Dio.netty.allocator.maxOrder: 9
01:31:36.071 [main] DEBUG io.netty.buffer.PooledByteBufAllocator - -Dio.netty.allocator.chunkSize: 4194304
01:31:36.071 [main] DEBUG io.netty.buffer.PooledByteBufAllocator - -Dio.netty.allocator.smallCacheSize: 256
01:31:36.071 [main] DEBUG io.netty.buffer.PooledByteBufAllocator - -Dio.netty.allocator.normalCacheSize: 64
01:31:36.071 [main] DEBUG io.netty.buffer.PooledByteBufAllocator - -Dio.netty.allocator.maxCachedBufferCapacity: 32768
01:31:36.071 [main] DEBUG io.netty.buffer.PooledByteBufAllocator - -Dio.netty.allocator.cacheTrimInterval: 8192
01:31:36.071 [main] DEBUG io.netty.buffer.PooledByteBufAllocator - -Dio.netty.allocator.cacheTrimIntervalMillis: 0
01:31:36.071 [main] DEBUG io.netty.buffer.PooledByteBufAllocator - -Dio.netty.allocator.useCacheForAllThreads: false
01:31:36.074 [main] DEBUG io.netty.buffer.PooledByteBufAllocator - -Dio.netty.allocator.maxCachedByteBuffersPerChunk: 1023
01:31:36.088 [main] DEBUG io.netty.buffer.ByteBufUtil - -Dio.netty.allocator.type: pooled
01:31:36.088 [main] DEBUG io.netty.buffer.ByteBufUtil - -Dio.netty.threadLocalDirectBufferSize: 0
01:31:36.088 [main] DEBUG io.netty.buffer.ByteBufUtil - -Dio.netty.maxThreadLocalCharBufferSize: 16384
01:31:37.306 [Forwarding newSession on session null to remote] DEBUG io.netty.channel.DefaultChannelId - -Dio.netty.processId: 872 (auto-detected)
01:31:37.309 [Forwarding newSession on session null to remote] DEBUG io.netty.util.NetUtil - -Djava.net.preferIPv4Stack: false
01:31:37.309 [Forwarding newSession on session null to remote] DEBUG io.netty.util.NetUtil - -Djava.net.preferIPv6Addresses: false
01:31:37.548 [Forwarding newSession on session null to remote] DEBUG io.netty.util.NetUtilInitializations - Loopback interface: lo (Software Loopback Interface 1, 127.0.0.1)
01:31:37.550 [Forwarding newSession on session null to remote] DEBUG io.netty.util.NetUtil - Failed to get SOMAXCONN from sysctl and file \proc\sys\net\core\somaxconn. Default: 200
01:31:37.569 [Forwarding newSession on session null to remote] DEBUG io.netty.channel.DefaultChannelId - -Dio.netty.machineId: 10:63:c8:ff:fe:b0:7d:1a (auto-detected)
01:31:37.654 [AsyncHttpClient-1-2] DEBUG io.netty.buffer.AbstractByteBuf - -Dio.netty.buffer.checkAccessible: true
01:31:37.654 [AsyncHttpClient-1-2] DEBUG io.netty.buffer.AbstractByteBuf - -Dio.netty.buffer.checkBounds: true
01:31:37.654 [AsyncHttpClient-1-2] DEBUG io.netty.util.ResourceLeakDetectorFactory - Loaded default ResourceLeakDetector: io.netty.util.ResourceLeakDetector@79f1b2fc
01:31:37.680 [AsyncHttpClient-1-2] DEBUG org.asynchttpclient.netty.channel.NettyConnectListener - Using new Channel '[id: 0x9e692938, L:/127.0.0.1:58152 - R:localhost/127.0.0.1:17982]' for 'POST' to '/session'
01:31:37.703 [AsyncHttpClient-1-2] DEBUG io.netty.util.Recycler - -Dio.netty.recycler.maxCapacityPerThread: 4096
01:31:37.704 [AsyncHttpClient-1-2] DEBUG io.netty.util.Recycler - -Dio.netty.recycler.ratio: 8
01:31:37.704 [AsyncHttpClient-1-2] DEBUG io.netty.util.Recycler - -Dio.netty.recycler.chunkSize: 32
01:31:37.704 [AsyncHttpClient-1-2] DEBUG io.netty.util.Recycler - -Dio.netty.recycler.blocking: false
01:31:38.556 [AsyncHttpClient-1-2] DEBUG io.netty.handler.codec.compression.Brotli - brotli4j not in the classpath; Brotli support will be unavailable.
01:31:38.557 [AsyncHttpClient-1-2] DEBUG org.asynchttpclient.netty.handler.HttpHandler - 

Request DefaultHttpRequest(decodeResult: success, version: HTTP/1.1)
POST /session HTTP/1.1
User-Agent: selenium/4.8.1 (java windows)
Content-Length: 507
Content-Type: application/json; charset=utf-8
host: localhost:17982
accept: */*

Response DefaultHttpResponse(decodeResult: success, version: HTTP/1.1)
HTTP/1.1 200 OK
Content-Length: 859
Content-Type: application/json; charset=utf-8
cache-control: no-cache

01:31:38.575 [AsyncHttpClient-1-2] DEBUG org.asynchttpclient.netty.channel.ChannelManager - Adding key: http://localhost:17982 for channel [id: 0x9e692938, L:/127.0.0.1:58152 - R:localhost/127.0.0.1:17982]
01:31:38.706 [AsyncHttpClient-1-3] DEBUG org.asynchttpclient.netty.channel.NettyConnectListener - Using new Channel '[id: 0x8f65e5b1, L:/127.0.0.1:58159 - R:localhost/127.0.0.1:58153]' for 'GET' to '/json/version'
01:31:38.710 [AsyncHttpClient-1-3] DEBUG org.asynchttpclient.netty.handler.HttpHandler - 

Request DefaultFullHttpRequest(decodeResult: success, version: HTTP/1.1, content: EmptyByteBufBE)
GET /json/version HTTP/1.1
User-Agent: selenium/4.8.1 (java windows)
host: localhost:58153
accept: */*

Response DefaultHttpResponse(decodeResult: success, version: HTTP/1.1)
HTTP/1.1 200 OK
Content-Security-Policy: frame-ancestors 'none'
Content-Length: 424
Content-Type: application/json; charset=UTF-8

01:31:38.711 [AsyncHttpClient-1-3] DEBUG org.asynchttpclient.netty.channel.ChannelManager - Adding key: http://localhost:58153 for channel [id: 0x8f65e5b1, L:/127.0.0.1:58159 - R:localhost/127.0.0.1:58153]
01:31:38.724 [main] DEBUG io.netty.util.internal.ThreadLocalRandom - -Dio.netty.initialSeedUniquifier: 0xb33df1bdecfdf161
01:31:38.731 [AsyncHttpClient-1-4] DEBUG org.asynchttpclient.netty.channel.NettyConnectListener - Using new Channel '[id: 0xbd1b5cea, L:/127.0.0.1:58160 - R:localhost/127.0.0.1:58153]' for 'GET' to '/devtools/browser/87417312-0400-486c-a727-7d29b4643d18'
01:31:38.733 [AsyncHttpClient-1-4] DEBUG org.asynchttpclient.netty.handler.WebSocketHandler - 

Request DefaultFullHttpRequest(decodeResult: success, version: HTTP/1.1, content: EmptyByteBufBE)
GET /devtools/browser/87417312-0400-486c-a727-7d29b4643d18 HTTP/1.1
upgrade: websocket
connection: upgrade
sec-websocket-key: +QWEZZ9X83leHTr82AuhkA==
sec-websocket-version: 13
origin: http://localhost:58153
host: localhost:58153
accept: */*
user-agent: AHC/2.1

Response DefaultHttpResponse(decodeResult: success, version: HTTP/1.1)
HTTP/1.1 101 WebSocket Protocol Handshake
Upgrade: WebSocket
Connection: Upgrade
Sec-WebSocket-Accept: xORzj+EGhpNtTFJSOsAYQ4bqKLc=

01:31:38.860 [Forwarding get on session 1c8755dbc529430116ea912b76481e43 to remote] DEBUG org.asynchttpclient.netty.request.NettyRequestSender - Using pooled Channel '[id: 0x9e692938, L:/127.0.0.1:58152 - R:localhost/127.0.0.1:17982]' for 'POST' to 'http://localhost:17982/session/1c8755dbc529430116ea912b76481e43/url'
01:31:38.860 [Forwarding get on session 1c8755dbc529430116ea912b76481e43 to remote] DEBUG org.asynchttpclient.netty.request.NettyRequestSender - Using open Channel [id: 0x9e692938, L:/127.0.0.1:58152 - R:localhost/127.0.0.1:17982] for POST '/session/1c8755dbc529430116ea912b76481e43/url'
01:31:39.193 [AsyncHttpClient-1-1] DEBUG org.asynchttpclient.netty.channel.DefaultChannelPool - Entry count for : http://localhost:58153 : 1
01:31:39.571 [AsyncHttpClient-1-2] DEBUG org.asynchttpclient.netty.handler.HttpHandler - 

Request DefaultHttpRequest(decodeResult: success, version: HTTP/1.1)
POST /session/1c8755dbc529430116ea912b76481e43/url HTTP/1.1
User-Agent: selenium/4.8.1 (java windows)
Content-Length: 74
Content-Type: application/json; charset=utf-8
host: localhost:17982
accept: */*

Response DefaultHttpResponse(decodeResult: success, version: HTTP/1.1)
HTTP/1.1 200 OK
Content-Length: 14
Content-Type: application/json; charset=utf-8
cache-control: no-cache

01:31:39.571 [AsyncHttpClient-1-2] DEBUG org.asynchttpclient.netty.channel.ChannelManager - Adding key: http://localhost:17982 for channel [id: 0x9e692938, L:/127.0.0.1:58152 - R:localhost/127.0.0.1:17982]
01:31:39.577 [Forwarding setTimeout on session 1c8755dbc529430116ea912b76481e43 to remote] DEBUG org.asynchttpclient.netty.request.NettyRequestSender - Using pooled Channel '[id: 0x9e692938, L:/127.0.0.1:58152 - R:localhost/127.0.0.1:17982]' for 'POST' to 'http://localhost:17982/session/1c8755dbc529430116ea912b76481e43/timeouts'
01:31:39.578 [Forwarding setTimeout on session 1c8755dbc529430116ea912b76481e43 to remote] DEBUG org.asynchttpclient.netty.request.NettyRequestSender - Using open Channel [id: 0x9e692938, L:/127.0.0.1:58152 - R:localhost/127.0.0.1:17982] for POST '/session/1c8755dbc529430116ea912b76481e43/timeouts'
01:31:39.580 [AsyncHttpClient-1-2] DEBUG org.asynchttpclient.netty.handler.HttpHandler - 

Request DefaultHttpRequest(decodeResult: success, version: HTTP/1.1)
POST /session/1c8755dbc529430116ea912b76481e43/timeouts HTTP/1.1
User-Agent: selenium/4.8.1 (java windows)
Content-Length: 22
Content-Type: application/json; charset=utf-8
host: localhost:17982
accept: */*

Response DefaultHttpResponse(decodeResult: success, version: HTTP/1.1)
HTTP/1.1 200 OK
Content-Length: 14
Content-Type: application/json; charset=utf-8
cache-control: no-cache

01:31:39.580 [AsyncHttpClient-1-2] DEBUG org.asynchttpclient.netty.channel.ChannelManager - Adding key: http://localhost:17982 for channel [id: 0x9e692938, L:/127.0.0.1:58152 - R:localhost/127.0.0.1:17982]
01:31:39.640 [main] DEBUG net.serenitybdd.core.photography.Darkroom - Opening darkroom
01:31:39.642 [Darkroom Processing Line] DEBUG net.serenitybdd.core.photography.DarkroomProcessingLine - Darkroom processing line starting up
01:31:39.660 [Forwarding getAlertText on session 1c8755dbc529430116ea912b76481e43 to remote] DEBUG org.asynchttpclient.netty.request.NettyRequestSender - Using pooled Channel '[id: 0x9e692938, L:/127.0.0.1:58152 - R:localhost/127.0.0.1:17982]' for 'GET' to 'http://localhost:17982/session/1c8755dbc529430116ea912b76481e43/alert/text'
01:31:39.661 [Forwarding getAlertText on session 1c8755dbc529430116ea912b76481e43 to remote] DEBUG org.asynchttpclient.netty.request.NettyRequestSender - Using open Channel [id: 0x9e692938, L:/127.0.0.1:58152 - R:localhost/127.0.0.1:17982] for GET '/session/1c8755dbc529430116ea912b76481e43/alert/text'
01:31:39.663 [AsyncHttpClient-1-2] DEBUG org.asynchttpclient.netty.handler.HttpHandler - 

Request DefaultFullHttpRequest(decodeResult: success, version: HTTP/1.1, content: EmptyByteBufBE)
GET /session/1c8755dbc529430116ea912b76481e43/alert/text HTTP/1.1
User-Agent: selenium/4.8.1 (java windows)
Cache-Control: no-cache
Content-Type: application/json; charset=utf-8
host: localhost:17982
accept: */*

Response DefaultHttpResponse(decodeResult: success, version: HTTP/1.1)
HTTP/1.1 404 Not Found
Content-Length: 816
Content-Type: application/json; charset=utf-8
cache-control: no-cache

01:31:39.664 [AsyncHttpClient-1-2] DEBUG org.asynchttpclient.netty.channel.ChannelManager - Adding key: http://localhost:17982 for channel [id: 0x9e692938, L:/127.0.0.1:58152 - R:localhost/127.0.0.1:17982]
01:31:39.674 [Forwarding getCurrentUrl on session 1c8755dbc529430116ea912b76481e43 to remote] DEBUG org.asynchttpclient.netty.request.NettyRequestSender - Using pooled Channel '[id: 0x9e692938, L:/127.0.0.1:58152 - R:localhost/127.0.0.1:17982]' for 'GET' to 'http://localhost:17982/session/1c8755dbc529430116ea912b76481e43/url'
01:31:39.675 [Forwarding getCurrentUrl on session 1c8755dbc529430116ea912b76481e43 to remote] DEBUG org.asynchttpclient.netty.request.NettyRequestSender - Using open Channel [id: 0x9e692938, L:/127.0.0.1:58152 - R:localhost/127.0.0.1:17982] for GET '/session/1c8755dbc529430116ea912b76481e43/url'
01:31:39.681 [AsyncHttpClient-1-2] DEBUG org.asynchttpclient.netty.handler.HttpHandler - 

Request DefaultFullHttpRequest(decodeResult: success, version: HTTP/1.1, content: EmptyByteBufBE)
GET /session/1c8755dbc529430116ea912b76481e43/url HTTP/1.1
User-Agent: selenium/4.8.1 (java windows)
Cache-Control: no-cache
Content-Type: application/json; charset=utf-8
host: localhost:17982
accept: */*

Response DefaultHttpResponse(decodeResult: success, version: HTTP/1.1)
HTTP/1.1 200 OK
Content-Length: 51
Content-Type: application/json; charset=utf-8
cache-control: no-cache

01:31:39.681 [AsyncHttpClient-1-2] DEBUG org.asynchttpclient.netty.channel.ChannelManager - Adding key: http://localhost:17982 for channel [id: 0x9e692938, L:/127.0.0.1:58152 - R:localhost/127.0.0.1:17982]
01:31:39.687 [Forwarding screenshot on session 1c8755dbc529430116ea912b76481e43 to remote] DEBUG org.asynchttpclient.netty.request.NettyRequestSender - Using pooled Channel '[id: 0x9e692938, L:/127.0.0.1:58152 - R:localhost/127.0.0.1:17982]' for 'GET' to 'http://localhost:17982/session/1c8755dbc529430116ea912b76481e43/screenshot'
01:31:39.687 [Forwarding screenshot on session 1c8755dbc529430116ea912b76481e43 to remote] DEBUG org.asynchttpclient.netty.request.NettyRequestSender - Using open Channel [id: 0x9e692938, L:/127.0.0.1:58152 - R:localhost/127.0.0.1:17982] for GET '/session/1c8755dbc529430116ea912b76481e43/screenshot'
01:31:39.945 [AsyncHttpClient-1-2] DEBUG org.asynchttpclient.netty.handler.HttpHandler - 

Request DefaultFullHttpRequest(decodeResult: success, version: HTTP/1.1, content: EmptyByteBufBE)
GET /session/1c8755dbc529430116ea912b76481e43/screenshot HTTP/1.1
User-Agent: selenium/4.8.1 (java windows)
Cache-Control: no-cache
Content-Type: application/json; charset=utf-8
host: localhost:17982
accept: */*

Response DefaultHttpResponse(decodeResult: success, version: HTTP/1.1)
HTTP/1.1 200 OK
Content-Length: 37680
Content-Type: application/json; charset=utf-8
cache-control: no-cache

01:31:39.946 [AsyncHttpClient-1-2] DEBUG org.asynchttpclient.netty.channel.ChannelManager - Adding key: http://localhost:17982 for channel [id: 0x9e692938, L:/127.0.0.1:58152 - R:localhost/127.0.0.1:17982]
01:31:40.052 [main] DEBUG net.serenitybdd.core.photography.Darkroom - Send negative for processing for target\site\serenity\617ccc73021c4cab9dfa54c5aa3482f15135817f8e58f0514fd8d62047c1a9ab.png
01:31:40.053 [Darkroom Processing Line] DEBUG net.serenitybdd.core.photography.DarkroomProcessingLine - Processing screenshot image in /var/screenshots/screenshot-5092367559621316723
01:31:40.053 [Darkroom Processing Line] DEBUG net.serenitybdd.core.photography.DarkroomProcessingLine - Saving screenshot to target\site\serenity\617ccc73021c4cab9dfa54c5aa3482f15135817f8e58f0514fd8d62047c1a9ab.png
01:31:40.057 [Forwarding getPageSource on session 1c8755dbc529430116ea912b76481e43 to remote] DEBUG org.asynchttpclient.netty.request.NettyRequestSender - Using pooled Channel '[id: 0x9e692938, L:/127.0.0.1:58152 - R:localhost/127.0.0.1:17982]' for 'POST' to 'http://localhost:17982/session/1c8755dbc529430116ea912b76481e43/execute/sync'
01:31:40.057 [Forwarding getPageSource on session 1c8755dbc529430116ea912b76481e43 to remote] DEBUG org.asynchttpclient.netty.request.NettyRequestSender - Using open Channel [id: 0x9e692938, L:/127.0.0.1:58152 - R:localhost/127.0.0.1:17982] for POST '/session/1c8755dbc529430116ea912b76481e43/execute/sync'
01:31:40.066 [AsyncHttpClient-1-2] DEBUG org.asynchttpclient.netty.handler.HttpHandler - 

Request DefaultHttpRequest(decodeResult: success, version: HTTP/1.1)
POST /session/1c8755dbc529430116ea912b76481e43/execute/sync HTTP/1.1
User-Agent: selenium/4.8.1 (java windows)
Content-Length: 176
Content-Type: application/json; charset=utf-8
host: localhost:17982
accept: */*

Response DefaultHttpResponse(decodeResult: success, version: HTTP/1.1)
HTTP/1.1 200 OK
Content-Length: 21659
Content-Type: application/json; charset=utf-8
cache-control: no-cache

01:31:40.067 [AsyncHttpClient-1-2] DEBUG org.asynchttpclient.netty.channel.ChannelManager - Adding key: http://localhost:17982 for channel [id: 0x9e692938, L:/127.0.0.1:58152 - R:localhost/127.0.0.1:17982]
01:31:40.176 [Forwarding getCurrentUrl on session 1c8755dbc529430116ea912b76481e43 to remote] DEBUG org.asynchttpclient.netty.request.NettyRequestSender - Using pooled Channel '[id: 0x9e692938, L:/127.0.0.1:58152 - R:localhost/127.0.0.1:17982]' for 'GET' to 'http://localhost:17982/session/1c8755dbc529430116ea912b76481e43/url'
01:31:40.176 [Forwarding getCurrentUrl on session 1c8755dbc529430116ea912b76481e43 to remote] DEBUG org.asynchttpclient.netty.request.NettyRequestSender - Using open Channel [id: 0x9e692938, L:/127.0.0.1:58152 - R:localhost/127.0.0.1:17982] for GET '/session/1c8755dbc529430116ea912b76481e43/url'
01:31:40.181 [AsyncHttpClient-1-2] DEBUG org.asynchttpclient.netty.handler.HttpHandler - 

Request DefaultFullHttpRequest(decodeResult: success, version: HTTP/1.1, content: EmptyByteBufBE)
GET /session/1c8755dbc529430116ea912b76481e43/url HTTP/1.1
User-Agent: selenium/4.8.1 (java windows)
Cache-Control: no-cache
Content-Type: application/json; charset=utf-8
host: localhost:17982
accept: */*

Response DefaultHttpResponse(decodeResult: success, version: HTTP/1.1)
HTTP/1.1 200 OK
Content-Length: 51
Content-Type: application/json; charset=utf-8
cache-control: no-cache

01:31:40.182 [AsyncHttpClient-1-2] DEBUG org.asynchttpclient.netty.channel.ChannelManager - Adding key: http://localhost:17982 for channel [id: 0x9e692938, L:/127.0.0.1:58152 - R:localhost/127.0.0.1:17982]
01:31:40.187 [main] DEBUG net.thucydides.core.steps.StepInterceptor - STARTING STEP: LoginSteps.onTheLoginPage - validateOnTheLoginPage
01:31:40.204 [Forwarding findElement on session 1c8755dbc529430116ea912b76481e43 to remote] DEBUG org.asynchttpclient.netty.request.NettyRequestSender - Using pooled Channel '[id: 0x9e692938, L:/127.0.0.1:58152 - R:localhost/127.0.0.1:17982]' for 'POST' to 'http://localhost:17982/session/1c8755dbc529430116ea912b76481e43/element'
01:31:40.204 [Forwarding findElement on session 1c8755dbc529430116ea912b76481e43 to remote] DEBUG org.asynchttpclient.netty.request.NettyRequestSender - Using open Channel [id: 0x9e692938, L:/127.0.0.1:58152 - R:localhost/127.0.0.1:17982] for POST '/session/1c8755dbc529430116ea912b76481e43/element'
01:31:40.218 [AsyncHttpClient-1-2] DEBUG org.asynchttpclient.netty.handler.HttpHandler - 

Request DefaultHttpRequest(decodeResult: success, version: HTTP/1.1)
POST /session/1c8755dbc529430116ea912b76481e43/element HTTP/1.1
User-Agent: selenium/4.8.1 (java windows)
Content-Length: 165
Content-Type: application/json; charset=utf-8
host: localhost:17982
accept: */*

Response DefaultHttpResponse(decodeResult: success, version: HTTP/1.1)
HTTP/1.1 200 OK
Content-Length: 88
Content-Type: application/json; charset=utf-8
cache-control: no-cache

01:31:40.219 [AsyncHttpClient-1-2] DEBUG org.asynchttpclient.netty.channel.ChannelManager - Adding key: http://localhost:17982 for channel [id: 0x9e692938, L:/127.0.0.1:58152 - R:localhost/127.0.0.1:17982]
01:31:40.236 [Forwarding isElementDisplayed on session 1c8755dbc529430116ea912b76481e43 to remote] DEBUG org.asynchttpclient.netty.request.NettyRequestSender - Using pooled Channel '[id: 0x9e692938, L:/127.0.0.1:58152 - R:localhost/127.0.0.1:17982]' for 'POST' to 'http://localhost:17982/session/1c8755dbc529430116ea912b76481e43/execute/sync'
01:31:40.236 [Forwarding isElementDisplayed on session 1c8755dbc529430116ea912b76481e43 to remote] DEBUG org.asynchttpclient.netty.request.NettyRequestSender - Using open Channel [id: 0x9e692938, L:/127.0.0.1:58152 - R:localhost/127.0.0.1:17982] for POST '/session/1c8755dbc529430116ea912b76481e43/execute/sync'
01:31:40.284 [AsyncHttpClient-1-2] DEBUG org.asynchttpclient.netty.handler.HttpHandler - 

Request DefaultHttpRequest(decodeResult: success, version: HTTP/1.1)
POST /session/1c8755dbc529430116ea912b76481e43/execute/sync HTTP/1.1
User-Agent: selenium/4.8.1 (java windows)
Content-Length: 48807
Content-Type: application/json; charset=utf-8
host: localhost:17982
accept: */*

Response DefaultHttpResponse(decodeResult: success, version: HTTP/1.1)
HTTP/1.1 200 OK
Content-Length: 14
Content-Type: application/json; charset=utf-8
cache-control: no-cache

01:31:40.285 [AsyncHttpClient-1-2] DEBUG org.asynchttpclient.netty.channel.ChannelManager - Adding key: http://localhost:17982 for channel [id: 0x9e692938, L:/127.0.0.1:58152 - R:localhost/127.0.0.1:17982]
01:31:40.291 [AsyncHttpClient-1-1] DEBUG org.asynchttpclient.netty.channel.DefaultChannelPool - Entry count for : http://localhost:58153 : 1
01:31:40.291 [AsyncHttpClient-1-1] DEBUG org.asynchttpclient.netty.channel.DefaultChannelPool - Entry count for : http://localhost:17982 : 1
01:31:40.298 [Forwarding getAlertText on session 1c8755dbc529430116ea912b76481e43 to remote] DEBUG org.asynchttpclient.netty.request.NettyRequestSender - Using pooled Channel '[id: 0x9e692938, L:/127.0.0.1:58152 - R:localhost/127.0.0.1:17982]' for 'GET' to 'http://localhost:17982/session/1c8755dbc529430116ea912b76481e43/alert/text'
01:31:40.299 [Forwarding getAlertText on session 1c8755dbc529430116ea912b76481e43 to remote] DEBUG org.asynchttpclient.netty.request.NettyRequestSender - Using open Channel [id: 0x9e692938, L:/127.0.0.1:58152 - R:localhost/127.0.0.1:17982] for GET '/session/1c8755dbc529430116ea912b76481e43/alert/text'
01:31:40.304 [AsyncHttpClient-1-2] DEBUG org.asynchttpclient.netty.handler.HttpHandler - 

Request DefaultFullHttpRequest(decodeResult: success, version: HTTP/1.1, content: EmptyByteBufBE)
GET /session/1c8755dbc529430116ea912b76481e43/alert/text HTTP/1.1
User-Agent: selenium/4.8.1 (java windows)
Cache-Control: no-cache
Content-Type: application/json; charset=utf-8
host: localhost:17982
accept: */*

Response DefaultHttpResponse(decodeResult: success, version: HTTP/1.1)
HTTP/1.1 404 Not Found
Content-Length: 816
Content-Type: application/json; charset=utf-8
cache-control: no-cache

01:31:40.304 [AsyncHttpClient-1-2] DEBUG org.asynchttpclient.netty.channel.ChannelManager - Adding key: http://localhost:17982 for channel [id: 0x9e692938, L:/127.0.0.1:58152 - R:localhost/127.0.0.1:17982]
01:31:40.308 [Forwarding getCurrentUrl on session 1c8755dbc529430116ea912b76481e43 to remote] DEBUG org.asynchttpclient.netty.request.NettyRequestSender - Using pooled Channel '[id: 0x9e692938, L:/127.0.0.1:58152 - R:localhost/127.0.0.1:17982]' for 'GET' to 'http://localhost:17982/session/1c8755dbc529430116ea912b76481e43/url'
01:31:40.308 [Forwarding getCurrentUrl on session 1c8755dbc529430116ea912b76481e43 to remote] DEBUG org.asynchttpclient.netty.request.NettyRequestSender - Using open Channel [id: 0x9e692938, L:/127.0.0.1:58152 - R:localhost/127.0.0.1:17982] for GET '/session/1c8755dbc529430116ea912b76481e43/url'
01:31:40.317 [AsyncHttpClient-1-2] DEBUG org.asynchttpclient.netty.handler.HttpHandler - 

Request DefaultFullHttpRequest(decodeResult: success, version: HTTP/1.1, content: EmptyByteBufBE)
GET /session/1c8755dbc529430116ea912b76481e43/url HTTP/1.1
User-Agent: selenium/4.8.1 (java windows)
Cache-Control: no-cache
Content-Type: application/json; charset=utf-8
host: localhost:17982
accept: */*

Response DefaultHttpResponse(decodeResult: success, version: HTTP/1.1)
HTTP/1.1 200 OK
Content-Length: 51
Content-Type: application/json; charset=utf-8
cache-control: no-cache

01:31:40.317 [AsyncHttpClient-1-2] DEBUG org.asynchttpclient.netty.channel.ChannelManager - Adding key: http://localhost:17982 for channel [id: 0x9e692938, L:/127.0.0.1:58152 - R:localhost/127.0.0.1:17982]
01:31:40.320 [Forwarding screenshot on session 1c8755dbc529430116ea912b76481e43 to remote] DEBUG org.asynchttpclient.netty.request.NettyRequestSender - Using pooled Channel '[id: 0x9e692938, L:/127.0.0.1:58152 - R:localhost/127.0.0.1:17982]' for 'GET' to 'http://localhost:17982/session/1c8755dbc529430116ea912b76481e43/screenshot'
01:31:40.320 [Forwarding screenshot on session 1c8755dbc529430116ea912b76481e43 to remote] DEBUG org.asynchttpclient.netty.request.NettyRequestSender - Using open Channel [id: 0x9e692938, L:/127.0.0.1:58152 - R:localhost/127.0.0.1:17982] for GET '/session/1c8755dbc529430116ea912b76481e43/screenshot'
01:31:40.466 [AsyncHttpClient-1-2] DEBUG org.asynchttpclient.netty.handler.HttpHandler - 

Request DefaultFullHttpRequest(decodeResult: success, version: HTTP/1.1, content: EmptyByteBufBE)
GET /session/1c8755dbc529430116ea912b76481e43/screenshot HTTP/1.1
User-Agent: selenium/4.8.1 (java windows)
Cache-Control: no-cache
Content-Type: application/json; charset=utf-8
host: localhost:17982
accept: */*

Response DefaultHttpResponse(decodeResult: success, version: HTTP/1.1)
HTTP/1.1 200 OK
Content-Length: 37680
Content-Type: application/json; charset=utf-8
cache-control: no-cache

01:31:40.467 [AsyncHttpClient-1-2] DEBUG org.asynchttpclient.netty.channel.ChannelManager - Adding key: http://localhost:17982 for channel [id: 0x9e692938, L:/127.0.0.1:58152 - R:localhost/127.0.0.1:17982]
01:31:40.471 [main] DEBUG net.serenitybdd.core.photography.Darkroom - Send negative for processing for target\site\serenity\617ccc73021c4cab9dfa54c5aa3482f15135817f8e58f0514fd8d62047c1a9ab.png
01:31:40.475 [main] DEBUG net.thucydides.core.steps.StepInterceptor - STEP DONE: validateOnTheLoginPage
  &amp#27;[32mGiven &amp#27;[0m&amp#27;[32mI am on the login page&amp#27;[0m                    &amp#27;[90m# starter.stepdefinitions.LoginSteps.onTheLoginPage()&amp#27;[0m
01:31:40.494 [Forwarding getPageSource on session 1c8755dbc529430116ea912b76481e43 to remote] DEBUG org.asynchttpclient.netty.request.NettyRequestSender - Using pooled Channel '[id: 0x9e692938, L:/127.0.0.1:58152 - R:localhost/127.0.0.1:17982]' for 'POST' to 'http://localhost:17982/session/1c8755dbc529430116ea912b76481e43/execute/sync'
01:31:40.494 [Forwarding getPageSource on session 1c8755dbc529430116ea912b76481e43 to remote] DEBUG org.asynchttpclient.netty.request.NettyRequestSender - Using open Channel [id: 0x9e692938, L:/127.0.0.1:58152 - R:localhost/127.0.0.1:17982] for POST '/session/1c8755dbc529430116ea912b76481e43/execute/sync'
01:31:40.502 [AsyncHttpClient-1-2] DEBUG org.asynchttpclient.netty.handler.HttpHandler - 

Request DefaultHttpRequest(decodeResult: success, version: HTTP/1.1)
POST /session/1c8755dbc529430116ea912b76481e43/execute/sync HTTP/1.1
User-Agent: selenium/4.8.1 (java windows)
Content-Length: 176
Content-Type: application/json; charset=utf-8
host: localhost:17982
accept: */*

Response DefaultHttpResponse(decodeResult: success, version: HTTP/1.1)
HTTP/1.1 200 OK
Content-Length: 21659
Content-Type: application/json; charset=utf-8
cache-control: no-cache

01:31:40.502 [AsyncHttpClient-1-2] DEBUG org.asynchttpclient.netty.channel.ChannelManager - Adding key: http://localhost:17982 for channel [id: 0x9e692938, L:/127.0.0.1:58152 - R:localhost/127.0.0.1:17982]
01:31:40.513 [Forwarding getCurrentUrl on session 1c8755dbc529430116ea912b76481e43 to remote] DEBUG org.asynchttpclient.netty.request.NettyRequestSender - Using pooled Channel '[id: 0x9e692938, L:/127.0.0.1:58152 - R:localhost/127.0.0.1:17982]' for 'GET' to 'http://localhost:17982/session/1c8755dbc529430116ea912b76481e43/url'
01:31:40.513 [Forwarding getCurrentUrl on session 1c8755dbc529430116ea912b76481e43 to remote] DEBUG org.asynchttpclient.netty.request.NettyRequestSender - Using open Channel [id: 0x9e692938, L:/127.0.0.1:58152 - R:localhost/127.0.0.1:17982] for GET '/session/1c8755dbc529430116ea912b76481e43/url'
01:31:40.518 [AsyncHttpClient-1-2] DEBUG org.asynchttpclient.netty.handler.HttpHandler - 

Request DefaultFullHttpRequest(decodeResult: success, version: HTTP/1.1, content: EmptyByteBufBE)
GET /session/1c8755dbc529430116ea912b76481e43/url HTTP/1.1
User-Agent: selenium/4.8.1 (java windows)
Cache-Control: no-cache
Content-Type: application/json; charset=utf-8
host: localhost:17982
accept: */*

Response DefaultHttpResponse(decodeResult: success, version: HTTP/1.1)
HTTP/1.1 200 OK
Content-Length: 51
Content-Type: application/json; charset=utf-8
cache-control: no-cache

01:31:40.518 [AsyncHttpClient-1-2] DEBUG org.asynchttpclient.netty.channel.ChannelManager - Adding key: http://localhost:17982 for channel [id: 0x9e692938, L:/127.0.0.1:58152 - R:localhost/127.0.0.1:17982]
01:31:40.531 [Forwarding getAlertText on session 1c8755dbc529430116ea912b76481e43 to remote] DEBUG org.asynchttpclient.netty.request.NettyRequestSender - Using pooled Channel '[id: 0x9e692938, L:/127.0.0.1:58152 - R:localhost/127.0.0.1:17982]' for 'GET' to 'http://localhost:17982/session/1c8755dbc529430116ea912b76481e43/alert/text'
01:31:40.531 [Forwarding getAlertText on session 1c8755dbc529430116ea912b76481e43 to remote] DEBUG org.asynchttpclient.netty.request.NettyRequestSender - Using open Channel [id: 0x9e692938, L:/127.0.0.1:58152 - R:localhost/127.0.0.1:17982] for GET '/session/1c8755dbc529430116ea912b76481e43/alert/text'
01:31:40.534 [AsyncHttpClient-1-2] DEBUG org.asynchttpclient.netty.handler.HttpHandler - 

Request DefaultFullHttpRequest(decodeResult: success, version: HTTP/1.1, content: EmptyByteBufBE)
GET /session/1c8755dbc529430116ea912b76481e43/alert/text HTTP/1.1
User-Agent: selenium/4.8.1 (java windows)
Cache-Control: no-cache
Content-Type: application/json; charset=utf-8
host: localhost:17982
accept: */*

Response DefaultHttpResponse(decodeResult: success, version: HTTP/1.1)
HTTP/1.1 404 Not Found
Content-Length: 816
Content-Type: application/json; charset=utf-8
cache-control: no-cache

01:31:40.534 [AsyncHttpClient-1-2] DEBUG org.asynchttpclient.netty.channel.ChannelManager - Adding key: http://localhost:17982 for channel [id: 0x9e692938, L:/127.0.0.1:58152 - R:localhost/127.0.0.1:17982]
01:31:40.537 [Forwarding getCurrentUrl on session 1c8755dbc529430116ea912b76481e43 to remote] DEBUG org.asynchttpclient.netty.request.NettyRequestSender - Using pooled Channel '[id: 0x9e692938, L:/127.0.0.1:58152 - R:localhost/127.0.0.1:17982]' for 'GET' to 'http://localhost:17982/session/1c8755dbc529430116ea912b76481e43/url'
01:31:40.537 [Forwarding getCurrentUrl on session 1c8755dbc529430116ea912b76481e43 to remote] DEBUG org.asynchttpclient.netty.request.NettyRequestSender - Using open Channel [id: 0x9e692938, L:/127.0.0.1:58152 - R:localhost/127.0.0.1:17982] for GET '/session/1c8755dbc529430116ea912b76481e43/url'
01:31:40.542 [AsyncHttpClient-1-2] DEBUG org.asynchttpclient.netty.handler.HttpHandler - 

Request DefaultFullHttpRequest(decodeResult: success, version: HTTP/1.1, content: EmptyByteBufBE)
GET /session/1c8755dbc529430116ea912b76481e43/url HTTP/1.1
User-Agent: selenium/4.8.1 (java windows)
Cache-Control: no-cache
Content-Type: application/json; charset=utf-8
host: localhost:17982
accept: */*

Response DefaultHttpResponse(decodeResult: success, version: HTTP/1.1)
HTTP/1.1 200 OK
Content-Length: 51
Content-Type: application/json; charset=utf-8
cache-control: no-cache

01:31:40.542 [AsyncHttpClient-1-2] DEBUG org.asynchttpclient.netty.channel.ChannelManager - Adding key: http://localhost:17982 for channel [id: 0x9e692938, L:/127.0.0.1:58152 - R:localhost/127.0.0.1:17982]
01:31:40.544 [Forwarding screenshot on session 1c8755dbc529430116ea912b76481e43 to remote] DEBUG org.asynchttpclient.netty.request.NettyRequestSender - Using pooled Channel '[id: 0x9e692938, L:/127.0.0.1:58152 - R:localhost/127.0.0.1:17982]' for 'GET' to 'http://localhost:17982/session/1c8755dbc529430116ea912b76481e43/screenshot'
01:31:40.544 [Forwarding screenshot on session 1c8755dbc529430116ea912b76481e43 to remote] DEBUG org.asynchttpclient.netty.request.NettyRequestSender - Using open Channel [id: 0x9e692938, L:/127.0.0.1:58152 - R:localhost/127.0.0.1:17982] for GET '/session/1c8755dbc529430116ea912b76481e43/screenshot'
01:31:40.662 [AsyncHttpClient-1-2] DEBUG org.asynchttpclient.netty.handler.HttpHandler - 

Request DefaultFullHttpRequest(decodeResult: success, version: HTTP/1.1, content: EmptyByteBufBE)
GET /session/1c8755dbc529430116ea912b76481e43/screenshot HTTP/1.1
User-Agent: selenium/4.8.1 (java windows)
Cache-Control: no-cache
Content-Type: application/json; charset=utf-8
host: localhost:17982
accept: */*

Response DefaultHttpResponse(decodeResult: success, version: HTTP/1.1)
HTTP/1.1 200 OK
Content-Length: 37680
Content-Type: application/json; charset=utf-8
cache-control: no-cache

01:31:40.663 [AsyncHttpClient-1-2] DEBUG org.asynchttpclient.netty.channel.ChannelManager - Adding key: http://localhost:17982 for channel [id: 0x9e692938, L:/127.0.0.1:58152 - R:localhost/127.0.0.1:17982]
01:31:40.666 [main] DEBUG net.serenitybdd.core.photography.Darkroom - Send negative for processing for target\site\serenity\617ccc73021c4cab9dfa54c5aa3482f15135817f8e58f0514fd8d62047c1a9ab.png
01:31:40.669 [Forwarding getPageSource on session 1c8755dbc529430116ea912b76481e43 to remote] DEBUG org.asynchttpclient.netty.request.NettyRequestSender - Using pooled Channel '[id: 0x9e692938, L:/127.0.0.1:58152 - R:localhost/127.0.0.1:17982]' for 'POST' to 'http://localhost:17982/session/1c8755dbc529430116ea912b76481e43/execute/sync'
01:31:40.669 [Forwarding getPageSource on session 1c8755dbc529430116ea912b76481e43 to remote] DEBUG org.asynchttpclient.netty.request.NettyRequestSender - Using open Channel [id: 0x9e692938, L:/127.0.0.1:58152 - R:localhost/127.0.0.1:17982] for POST '/session/1c8755dbc529430116ea912b76481e43/execute/sync'
01:31:40.675 [AsyncHttpClient-1-2] DEBUG org.asynchttpclient.netty.handler.HttpHandler - 

Request DefaultHttpRequest(decodeResult: success, version: HTTP/1.1)
POST /session/1c8755dbc529430116ea912b76481e43/execute/sync HTTP/1.1
User-Agent: selenium/4.8.1 (java windows)
Content-Length: 176
Content-Type: application/json; charset=utf-8
host: localhost:17982
accept: */*

Response DefaultHttpResponse(decodeResult: success, version: HTTP/1.1)
HTTP/1.1 200 OK
Content-Length: 21659
Content-Type: application/json; charset=utf-8
cache-control: no-cache

01:31:40.676 [AsyncHttpClient-1-2] DEBUG org.asynchttpclient.netty.channel.ChannelManager - Adding key: http://localhost:17982 for channel [id: 0x9e692938, L:/127.0.0.1:58152 - R:localhost/127.0.0.1:17982]
01:31:40.685 [Forwarding getCurrentUrl on session 1c8755dbc529430116ea912b76481e43 to remote] DEBUG org.asynchttpclient.netty.request.NettyRequestSender - Using pooled Channel '[id: 0x9e692938, L:/127.0.0.1:58152 - R:localhost/127.0.0.1:17982]' for 'GET' to 'http://localhost:17982/session/1c8755dbc529430116ea912b76481e43/url'
01:31:40.685 [Forwarding getCurrentUrl on session 1c8755dbc529430116ea912b76481e43 to remote] DEBUG org.asynchttpclient.netty.request.NettyRequestSender - Using open Channel [id: 0x9e692938, L:/127.0.0.1:58152 - R:localhost/127.0.0.1:17982] for GET '/session/1c8755dbc529430116ea912b76481e43/url'
01:31:40.689 [AsyncHttpClient-1-2] DEBUG org.asynchttpclient.netty.handler.HttpHandler - 

Request DefaultFullHttpRequest(decodeResult: success, version: HTTP/1.1, content: EmptyByteBufBE)
GET /session/1c8755dbc529430116ea912b76481e43/url HTTP/1.1
User-Agent: selenium/4.8.1 (java windows)
Cache-Control: no-cache
Content-Type: application/json; charset=utf-8
host: localhost:17982
accept: */*

Response DefaultHttpResponse(decodeResult: success, version: HTTP/1.1)
HTTP/1.1 200 OK
Content-Length: 51
Content-Type: application/json; charset=utf-8
cache-control: no-cache

01:31:40.690 [AsyncHttpClient-1-2] DEBUG org.asynchttpclient.netty.channel.ChannelManager - Adding key: http://localhost:17982 for channel [id: 0x9e692938, L:/127.0.0.1:58152 - R:localhost/127.0.0.1:17982]
01:31:40.692 [main] DEBUG net.thucydides.core.steps.StepInterceptor - STARTING STEP: LoginSteps.enterValidUsername - inputUsername
01:31:40.697 [Forwarding findElement on session 1c8755dbc529430116ea912b76481e43 to remote] DEBUG org.asynchttpclient.netty.request.NettyRequestSender - Using pooled Channel '[id: 0x9e692938, L:/127.0.0.1:58152 - R:localhost/127.0.0.1:17982]' for 'POST' to 'http://localhost:17982/session/1c8755dbc529430116ea912b76481e43/element'
01:31:40.698 [Forwarding findElement on session 1c8755dbc529430116ea912b76481e43 to remote] DEBUG org.asynchttpclient.netty.request.NettyRequestSender - Using open Channel [id: 0x9e692938, L:/127.0.0.1:58152 - R:localhost/127.0.0.1:17982] for POST '/session/1c8755dbc529430116ea912b76481e43/element'
01:31:40.712 [AsyncHttpClient-1-2] DEBUG org.asynchttpclient.netty.handler.HttpHandler - 

Request DefaultHttpRequest(decodeResult: success, version: HTTP/1.1)
POST /session/1c8755dbc529430116ea912b76481e43/element HTTP/1.1
User-Agent: selenium/4.8.1 (java windows)
Content-Length: 68
Content-Type: application/json; charset=utf-8
host: localhost:17982
accept: */*

Response DefaultHttpResponse(decodeResult: success, version: HTTP/1.1)
HTTP/1.1 200 OK
Content-Length: 88
Content-Type: application/json; charset=utf-8
cache-control: no-cache

01:31:40.712 [AsyncHttpClient-1-2] DEBUG org.asynchttpclient.netty.channel.ChannelManager - Adding key: http://localhost:17982 for channel [id: 0x9e692938, L:/127.0.0.1:58152 - R:localhost/127.0.0.1:17982]
01:31:40.715 [Forwarding clearElement on session 1c8755dbc529430116ea912b76481e43 to remote] DEBUG org.asynchttpclient.netty.request.NettyRequestSender - Using pooled Channel '[id: 0x9e692938, L:/127.0.0.1:58152 - R:localhost/127.0.0.1:17982]' for 'POST' to 'http://localhost:17982/session/1c8755dbc529430116ea912b76481e43/element/c053a2d2-8fdd-4516-8bf6-6d1f06952439/clear'
01:31:40.716 [Forwarding clearElement on session 1c8755dbc529430116ea912b76481e43 to remote] DEBUG org.asynchttpclient.netty.request.NettyRequestSender - Using open Channel [id: 0x9e692938, L:/127.0.0.1:58152 - R:localhost/127.0.0.1:17982] for POST '/session/1c8755dbc529430116ea912b76481e43/element/c053a2d2-8fdd-4516-8bf6-6d1f06952439/clear'
01:31:40.753 [AsyncHttpClient-1-2] DEBUG org.asynchttpclient.netty.handler.HttpHandler - 

Request DefaultHttpRequest(decodeResult: success, version: HTTP/1.1)
POST /session/1c8755dbc529430116ea912b76481e43/element/c053a2d2-8fdd-4516-8bf6-6d1f06952439/clear HTTP/1.1
User-Agent: selenium/4.8.1 (java windows)
Content-Length: 50
Content-Type: application/json; charset=utf-8
host: localhost:17982
accept: */*

Response DefaultHttpResponse(decodeResult: success, version: HTTP/1.1)
HTTP/1.1 200 OK
Content-Length: 14
Content-Type: application/json; charset=utf-8
cache-control: no-cache

01:31:40.753 [AsyncHttpClient-1-2] DEBUG org.asynchttpclient.netty.channel.ChannelManager - Adding key: http://localhost:17982 for channel [id: 0x9e692938, L:/127.0.0.1:58152 - R:localhost/127.0.0.1:17982]
01:31:40.759 [Forwarding sendKeysToElement on session 1c8755dbc529430116ea912b76481e43 to remote] DEBUG org.asynchttpclient.netty.request.NettyRequestSender - Using pooled Channel '[id: 0x9e692938, L:/127.0.0.1:58152 - R:localhost/127.0.0.1:17982]' for 'POST' to 'http://localhost:17982/session/1c8755dbc529430116ea912b76481e43/element/c053a2d2-8fdd-4516-8bf6-6d1f06952439/value'
01:31:40.759 [Forwarding sendKeysToElement on session 1c8755dbc529430116ea912b76481e43 to remote] DEBUG org.asynchttpclient.netty.request.NettyRequestSender - Using open Channel [id: 0x9e692938, L:/127.0.0.1:58152 - R:localhost/127.0.0.1:17982] for POST '/session/1c8755dbc529430116ea912b76481e43/element/c053a2d2-8fdd-4516-8bf6-6d1f06952439/value'
01:31:40.888 [AsyncHttpClient-1-2] DEBUG org.asynchttpclient.netty.handler.HttpHandler - 

Request DefaultHttpRequest(decodeResult: success, version: HTTP/1.1)
POST /session/1c8755dbc529430116ea912b76481e43/element/c053a2d2-8fdd-4516-8bf6-6d1f06952439/value HTTP/1.1
User-Agent: selenium/4.8.1 (java windows)
Content-Length: 271
Content-Type: application/json; charset=utf-8
host: localhost:17982
accept: */*

Response DefaultHttpResponse(decodeResult: success, version: HTTP/1.1)
HTTP/1.1 200 OK
Content-Length: 14
Content-Type: application/json; charset=utf-8
cache-control: no-cache

01:31:40.889 [AsyncHttpClient-1-2] DEBUG org.asynchttpclient.netty.channel.ChannelManager - Adding key: http://localhost:17982 for channel [id: 0x9e692938, L:/127.0.0.1:58152 - R:localhost/127.0.0.1:17982]
01:31:40.902 [Forwarding getAlertText on session 1c8755dbc529430116ea912b76481e43 to remote] DEBUG org.asynchttpclient.netty.request.NettyRequestSender - Using pooled Channel '[id: 0x9e692938, L:/127.0.0.1:58152 - R:localhost/127.0.0.1:17982]' for 'GET' to 'http://localhost:17982/session/1c8755dbc529430116ea912b76481e43/alert/text'
01:31:40.902 [Forwarding getAlertText on session 1c8755dbc529430116ea912b76481e43 to remote] DEBUG org.asynchttpclient.netty.request.NettyRequestSender - Using open Channel [id: 0x9e692938, L:/127.0.0.1:58152 - R:localhost/127.0.0.1:17982] for GET '/session/1c8755dbc529430116ea912b76481e43/alert/text'
01:31:40.906 [AsyncHttpClient-1-2] DEBUG org.asynchttpclient.netty.handler.HttpHandler - 

Request DefaultFullHttpRequest(decodeResult: success, version: HTTP/1.1, content: EmptyByteBufBE)
GET /session/1c8755dbc529430116ea912b76481e43/alert/text HTTP/1.1
User-Agent: selenium/4.8.1 (java windows)
Cache-Control: no-cache
Content-Type: application/json; charset=utf-8
host: localhost:17982
accept: */*

Response DefaultHttpResponse(decodeResult: success, version: HTTP/1.1)
HTTP/1.1 404 Not Found
Content-Length: 816
Content-Type: application/json; charset=utf-8
cache-control: no-cache

01:31:40.907 [AsyncHttpClient-1-2] DEBUG org.asynchttpclient.netty.channel.ChannelManager - Adding key: http://localhost:17982 for channel [id: 0x9e692938, L:/127.0.0.1:58152 - R:localhost/127.0.0.1:17982]
01:31:40.910 [Forwarding getCurrentUrl on session 1c8755dbc529430116ea912b76481e43 to remote] DEBUG org.asynchttpclient.netty.request.NettyRequestSender - Using pooled Channel '[id: 0x9e692938, L:/127.0.0.1:58152 - R:localhost/127.0.0.1:17982]' for 'GET' to 'http://localhost:17982/session/1c8755dbc529430116ea912b76481e43/url'
01:31:40.910 [Forwarding getCurrentUrl on session 1c8755dbc529430116ea912b76481e43 to remote] DEBUG org.asynchttpclient.netty.request.NettyRequestSender - Using open Channel [id: 0x9e692938, L:/127.0.0.1:58152 - R:localhost/127.0.0.1:17982] for GET '/session/1c8755dbc529430116ea912b76481e43/url'
01:31:40.916 [AsyncHttpClient-1-2] DEBUG org.asynchttpclient.netty.handler.HttpHandler - 

Request DefaultFullHttpRequest(decodeResult: success, version: HTTP/1.1, content: EmptyByteBufBE)
GET /session/1c8755dbc529430116ea912b76481e43/url HTTP/1.1
User-Agent: selenium/4.8.1 (java windows)
Cache-Control: no-cache
Content-Type: application/json; charset=utf-8
host: localhost:17982
accept: */*

Response DefaultHttpResponse(decodeResult: success, version: HTTP/1.1)
HTTP/1.1 200 OK
Content-Length: 51
Content-Type: application/json; charset=utf-8
cache-control: no-cache

01:31:40.916 [AsyncHttpClient-1-2] DEBUG org.asynchttpclient.netty.channel.ChannelManager - Adding key: http://localhost:17982 for channel [id: 0x9e692938, L:/127.0.0.1:58152 - R:localhost/127.0.0.1:17982]
01:31:40.918 [Forwarding screenshot on session 1c8755dbc529430116ea912b76481e43 to remote] DEBUG org.asynchttpclient.netty.request.NettyRequestSender - Using pooled Channel '[id: 0x9e692938, L:/127.0.0.1:58152 - R:localhost/127.0.0.1:17982]' for 'GET' to 'http://localhost:17982/session/1c8755dbc529430116ea912b76481e43/screenshot'
01:31:40.919 [Forwarding screenshot on session 1c8755dbc529430116ea912b76481e43 to remote] DEBUG org.asynchttpclient.netty.request.NettyRequestSender - Using open Channel [id: 0x9e692938, L:/127.0.0.1:58152 - R:localhost/127.0.0.1:17982] for GET '/session/1c8755dbc529430116ea912b76481e43/screenshot'
01:31:41.101 [AsyncHttpClient-1-2] DEBUG org.asynchttpclient.netty.handler.HttpHandler - 

Request DefaultFullHttpRequest(decodeResult: success, version: HTTP/1.1, content: EmptyByteBufBE)
GET /session/1c8755dbc529430116ea912b76481e43/screenshot HTTP/1.1
User-Agent: selenium/4.8.1 (java windows)
Cache-Control: no-cache
Content-Type: application/json; charset=utf-8
host: localhost:17982
accept: */*

Response DefaultHttpResponse(decodeResult: success, version: HTTP/1.1)
HTTP/1.1 200 OK
Content-Length: 45756
Content-Type: application/json; charset=utf-8
cache-control: no-cache

01:31:41.102 [AsyncHttpClient-1-2] DEBUG org.asynchttpclient.netty.channel.ChannelManager - Adding key: http://localhost:17982 for channel [id: 0x9e692938, L:/127.0.0.1:58152 - R:localhost/127.0.0.1:17982]
01:31:41.108 [main] DEBUG net.serenitybdd.core.photography.Darkroom - Send negative for processing for target\site\serenity\6cf7dfffac63f99bb13e204a625eee9408e0e073bb25730a8ab1f00ccb99ccc8.png
01:31:41.109 [Darkroom Processing Line] DEBUG net.serenitybdd.core.photography.DarkroomProcessingLine - Processing screenshot image in /var/screenshots/screenshot-2494378254723366088
01:31:41.109 [Darkroom Processing Line] DEBUG net.serenitybdd.core.photography.DarkroomProcessingLine - Saving screenshot to target\site\serenity\6cf7dfffac63f99bb13e204a625eee9408e0e073bb25730a8ab1f00ccb99ccc8.png
01:31:41.109 [main] DEBUG net.thucydides.core.steps.StepInterceptor - STEP DONE: inputUsername
  &amp#27;[32mWhen &amp#27;[0m&amp#27;[32mI enter valid email&amp#27;[0m                        &amp#27;[90m# starter.stepdefinitions.LoginSteps.enterValidUsername()&amp#27;[0m
01:31:41.129 [Forwarding getPageSource on session 1c8755dbc529430116ea912b76481e43 to remote] DEBUG org.asynchttpclient.netty.request.NettyRequestSender - Using pooled Channel '[id: 0x9e692938, L:/127.0.0.1:58152 - R:localhost/127.0.0.1:17982]' for 'POST' to 'http://localhost:17982/session/1c8755dbc529430116ea912b76481e43/execute/sync'
01:31:41.129 [Forwarding getPageSource on session 1c8755dbc529430116ea912b76481e43 to remote] DEBUG org.asynchttpclient.netty.request.NettyRequestSender - Using open Channel [id: 0x9e692938, L:/127.0.0.1:58152 - R:localhost/127.0.0.1:17982] for POST '/session/1c8755dbc529430116ea912b76481e43/execute/sync'
01:31:41.137 [AsyncHttpClient-1-2] DEBUG org.asynchttpclient.netty.handler.HttpHandler - 

Request DefaultHttpRequest(decodeResult: success, version: HTTP/1.1)
POST /session/1c8755dbc529430116ea912b76481e43/execute/sync HTTP/1.1
User-Agent: selenium/4.8.1 (java windows)
Content-Length: 176
Content-Type: application/json; charset=utf-8
host: localhost:17982
accept: */*

Response DefaultHttpResponse(decodeResult: success, version: HTTP/1.1)
HTTP/1.1 200 OK
Content-Length: 21780
Content-Type: application/json; charset=utf-8
cache-control: no-cache

01:31:41.138 [AsyncHttpClient-1-2] DEBUG org.asynchttpclient.netty.channel.ChannelManager - Adding key: http://localhost:17982 for channel [id: 0x9e692938, L:/127.0.0.1:58152 - R:localhost/127.0.0.1:17982]
01:31:41.146 [Forwarding getCurrentUrl on session 1c8755dbc529430116ea912b76481e43 to remote] DEBUG org.asynchttpclient.netty.request.NettyRequestSender - Using pooled Channel '[id: 0x9e692938, L:/127.0.0.1:58152 - R:localhost/127.0.0.1:17982]' for 'GET' to 'http://localhost:17982/session/1c8755dbc529430116ea912b76481e43/url'
01:31:41.146 [Forwarding getCurrentUrl on session 1c8755dbc529430116ea912b76481e43 to remote] DEBUG org.asynchttpclient.netty.request.NettyRequestSender - Using open Channel [id: 0x9e692938, L:/127.0.0.1:58152 - R:localhost/127.0.0.1:17982] for GET '/session/1c8755dbc529430116ea912b76481e43/url'
01:31:41.155 [AsyncHttpClient-1-2] DEBUG org.asynchttpclient.netty.handler.HttpHandler - 

Request DefaultFullHttpRequest(decodeResult: success, version: HTTP/1.1, content: EmptyByteBufBE)
GET /session/1c8755dbc529430116ea912b76481e43/url HTTP/1.1
User-Agent: selenium/4.8.1 (java windows)
Cache-Control: no-cache
Content-Type: application/json; charset=utf-8
host: localhost:17982
accept: */*

Response DefaultHttpResponse(decodeResult: success, version: HTTP/1.1)
HTTP/1.1 200 OK
Content-Length: 51
Content-Type: application/json; charset=utf-8
cache-control: no-cache

01:31:41.156 [AsyncHttpClient-1-2] DEBUG org.asynchttpclient.netty.channel.ChannelManager - Adding key: http://localhost:17982 for channel [id: 0x9e692938, L:/127.0.0.1:58152 - R:localhost/127.0.0.1:17982]
01:31:41.170 [Forwarding getAlertText on session 1c8755dbc529430116ea912b76481e43 to remote] DEBUG org.asynchttpclient.netty.request.NettyRequestSender - Using pooled Channel '[id: 0x9e692938, L:/127.0.0.1:58152 - R:localhost/127.0.0.1:17982]' for 'GET' to 'http://localhost:17982/session/1c8755dbc529430116ea912b76481e43/alert/text'
01:31:41.170 [Forwarding getAlertText on session 1c8755dbc529430116ea912b76481e43 to remote] DEBUG org.asynchttpclient.netty.request.NettyRequestSender - Using open Channel [id: 0x9e692938, L:/127.0.0.1:58152 - R:localhost/127.0.0.1:17982] for GET '/session/1c8755dbc529430116ea912b76481e43/alert/text'
01:31:41.173 [AsyncHttpClient-1-2] DEBUG org.asynchttpclient.netty.handler.HttpHandler - 

Request DefaultFullHttpRequest(decodeResult: success, version: HTTP/1.1, content: EmptyByteBufBE)
GET /session/1c8755dbc529430116ea912b76481e43/alert/text HTTP/1.1
User-Agent: selenium/4.8.1 (java windows)
Cache-Control: no-cache
Content-Type: application/json; charset=utf-8
host: localhost:17982
accept: */*

Response DefaultHttpResponse(decodeResult: success, version: HTTP/1.1)
HTTP/1.1 404 Not Found
Content-Length: 816
Content-Type: application/json; charset=utf-8
cache-control: no-cache

01:31:41.173 [AsyncHttpClient-1-2] DEBUG org.asynchttpclient.netty.channel.ChannelManager - Adding key: http://localhost:17982 for channel [id: 0x9e692938, L:/127.0.0.1:58152 - R:localhost/127.0.0.1:17982]
01:31:41.175 [Forwarding getCurrentUrl on session 1c8755dbc529430116ea912b76481e43 to remote] DEBUG org.asynchttpclient.netty.request.NettyRequestSender - Using pooled Channel '[id: 0x9e692938, L:/127.0.0.1:58152 - R:localhost/127.0.0.1:17982]' for 'GET' to 'http://localhost:17982/session/1c8755dbc529430116ea912b76481e43/url'
01:31:41.176 [Forwarding getCurrentUrl on session 1c8755dbc529430116ea912b76481e43 to remote] DEBUG org.asynchttpclient.netty.request.NettyRequestSender - Using open Channel [id: 0x9e692938, L:/127.0.0.1:58152 - R:localhost/127.0.0.1:17982] for GET '/session/1c8755dbc529430116ea912b76481e43/url'
01:31:41.181 [AsyncHttpClient-1-2] DEBUG org.asynchttpclient.netty.handler.HttpHandler - 

Request DefaultFullHttpRequest(decodeResult: success, version: HTTP/1.1, content: EmptyByteBufBE)
GET /session/1c8755dbc529430116ea912b76481e43/url HTTP/1.1
User-Agent: selenium/4.8.1 (java windows)
Cache-Control: no-cache
Content-Type: application/json; charset=utf-8
host: localhost:17982
accept: */*

Response DefaultHttpResponse(decodeResult: success, version: HTTP/1.1)
HTTP/1.1 200 OK
Content-Length: 51
Content-Type: application/json; charset=utf-8
cache-control: no-cache

01:31:41.181 [AsyncHttpClient-1-2] DEBUG org.asynchttpclient.netty.channel.ChannelManager - Adding key: http://localhost:17982 for channel [id: 0x9e692938, L:/127.0.0.1:58152 - R:localhost/127.0.0.1:17982]
01:31:41.183 [Forwarding screenshot on session 1c8755dbc529430116ea912b76481e43 to remote] DEBUG org.asynchttpclient.netty.request.NettyRequestSender - Using pooled Channel '[id: 0x9e692938, L:/127.0.0.1:58152 - R:localhost/127.0.0.1:17982]' for 'GET' to 'http://localhost:17982/session/1c8755dbc529430116ea912b76481e43/screenshot'
01:31:41.183 [Forwarding screenshot on session 1c8755dbc529430116ea912b76481e43 to remote] DEBUG org.asynchttpclient.netty.request.NettyRequestSender - Using open Channel [id: 0x9e692938, L:/127.0.0.1:58152 - R:localhost/127.0.0.1:17982] for GET '/session/1c8755dbc529430116ea912b76481e43/screenshot'
01:31:41.356 [AsyncHttpClient-1-2] DEBUG org.asynchttpclient.netty.handler.HttpHandler - 

Request DefaultFullHttpRequest(decodeResult: success, version: HTTP/1.1, content: EmptyByteBufBE)
GET /session/1c8755dbc529430116ea912b76481e43/screenshot HTTP/1.1
User-Agent: selenium/4.8.1 (java windows)
Cache-Control: no-cache
Content-Type: application/json; charset=utf-8
host: localhost:17982
accept: */*

Response DefaultHttpResponse(decodeResult: success, version: HTTP/1.1)
HTTP/1.1 200 OK
Content-Length: 45276
Content-Type: application/json; charset=utf-8
cache-control: no-cache

01:31:41.357 [AsyncHttpClient-1-2] DEBUG org.asynchttpclient.netty.channel.ChannelManager - Adding key: http://localhost:17982 for channel [id: 0x9e692938, L:/127.0.0.1:58152 - R:localhost/127.0.0.1:17982]
01:31:41.362 [main] DEBUG net.serenitybdd.core.photography.Darkroom - Send negative for processing for target\site\serenity\2475323bed21251217f2abff40706ed4943b28753914fbf6f61d1748b50f8425.png
01:31:41.362 [Darkroom Processing Line] DEBUG net.serenitybdd.core.photography.DarkroomProcessingLine - Processing screenshot image in /var/screenshots/screenshot-8416737765420469595
01:31:41.362 [Darkroom Processing Line] DEBUG net.serenitybdd.core.photography.DarkroomProcessingLine - Saving screenshot to target\site\serenity\2475323bed21251217f2abff40706ed4943b28753914fbf6f61d1748b50f8425.png
01:31:41.366 [Forwarding getPageSource on session 1c8755dbc529430116ea912b76481e43 to remote] DEBUG org.asynchttpclient.netty.request.NettyRequestSender - Using pooled Channel '[id: 0x9e692938, L:/127.0.0.1:58152 - R:localhost/127.0.0.1:17982]' for 'POST' to 'http://localhost:17982/session/1c8755dbc529430116ea912b76481e43/execute/sync'
01:31:41.366 [Forwarding getPageSource on session 1c8755dbc529430116ea912b76481e43 to remote] DEBUG org.asynchttpclient.netty.request.NettyRequestSender - Using open Channel [id: 0x9e692938, L:/127.0.0.1:58152 - R:localhost/127.0.0.1:17982] for POST '/session/1c8755dbc529430116ea912b76481e43/execute/sync'
01:31:41.375 [AsyncHttpClient-1-2] DEBUG org.asynchttpclient.netty.handler.HttpHandler - 

Request DefaultHttpRequest(decodeResult: success, version: HTTP/1.1)
POST /session/1c8755dbc529430116ea912b76481e43/execute/sync HTTP/1.1
User-Agent: selenium/4.8.1 (java windows)
Content-Length: 176
Content-Type: application/json; charset=utf-8
host: localhost:17982
accept: */*

Response DefaultHttpResponse(decodeResult: success, version: HTTP/1.1)
HTTP/1.1 200 OK
Content-Length: 21780
Content-Type: application/json; charset=utf-8
cache-control: no-cache

01:31:41.375 [AsyncHttpClient-1-2] DEBUG org.asynchttpclient.netty.channel.ChannelManager - Adding key: http://localhost:17982 for channel [id: 0x9e692938, L:/127.0.0.1:58152 - R:localhost/127.0.0.1:17982]
01:31:41.383 [Forwarding getCurrentUrl on session 1c8755dbc529430116ea912b76481e43 to remote] DEBUG org.asynchttpclient.netty.request.NettyRequestSender - Using pooled Channel '[id: 0x9e692938, L:/127.0.0.1:58152 - R:localhost/127.0.0.1:17982]' for 'GET' to 'http://localhost:17982/session/1c8755dbc529430116ea912b76481e43/url'
01:31:41.383 [Forwarding getCurrentUrl on session 1c8755dbc529430116ea912b76481e43 to remote] DEBUG org.asynchttpclient.netty.request.NettyRequestSender - Using open Channel [id: 0x9e692938, L:/127.0.0.1:58152 - R:localhost/127.0.0.1:17982] for GET '/session/1c8755dbc529430116ea912b76481e43/url'
01:31:41.388 [AsyncHttpClient-1-2] DEBUG org.asynchttpclient.netty.handler.HttpHandler - 

Request DefaultFullHttpRequest(decodeResult: success, version: HTTP/1.1, content: EmptyByteBufBE)
GET /session/1c8755dbc529430116ea912b76481e43/url HTTP/1.1
User-Agent: selenium/4.8.1 (java windows)
Cache-Control: no-cache
Content-Type: application/json; charset=utf-8
host: localhost:17982
accept: */*

Response DefaultHttpResponse(decodeResult: success, version: HTTP/1.1)
HTTP/1.1 200 OK
Content-Length: 51
Content-Type: application/json; charset=utf-8
cache-control: no-cache

01:31:41.389 [AsyncHttpClient-1-2] DEBUG org.asynchttpclient.netty.channel.ChannelManager - Adding key: http://localhost:17982 for channel [id: 0x9e692938, L:/127.0.0.1:58152 - R:localhost/127.0.0.1:17982]
01:31:41.391 [main] DEBUG net.thucydides.core.steps.StepInterceptor - STARTING STEP: LoginSteps.enterValidPassword - inputPassword
01:31:41.395 [Forwarding findElement on session 1c8755dbc529430116ea912b76481e43 to remote] DEBUG org.asynchttpclient.netty.request.NettyRequestSender - Using pooled Channel '[id: 0x9e692938, L:/127.0.0.1:58152 - R:localhost/127.0.0.1:17982]' for 'POST' to 'http://localhost:17982/session/1c8755dbc529430116ea912b76481e43/element'
01:31:41.395 [Forwarding findElement on session 1c8755dbc529430116ea912b76481e43 to remote] DEBUG org.asynchttpclient.netty.request.NettyRequestSender - Using open Channel [id: 0x9e692938, L:/127.0.0.1:58152 - R:localhost/127.0.0.1:17982] for POST '/session/1c8755dbc529430116ea912b76481e43/element'
01:31:41.403 [AsyncHttpClient-1-1] DEBUG org.asynchttpclient.netty.channel.DefaultChannelPool - Entry count for : http://localhost:58153 : 1
01:31:41.409 [AsyncHttpClient-1-2] DEBUG org.asynchttpclient.netty.handler.HttpHandler - 

Request DefaultHttpRequest(decodeResult: success, version: HTTP/1.1)
POST /session/1c8755dbc529430116ea912b76481e43/element HTTP/1.1
User-Agent: selenium/4.8.1 (java windows)
Content-Length: 68
Content-Type: application/json; charset=utf-8
host: localhost:17982
accept: */*

Response DefaultHttpResponse(decodeResult: success, version: HTTP/1.1)
HTTP/1.1 200 OK
Content-Length: 88
Content-Type: application/json; charset=utf-8
cache-control: no-cache

01:31:41.409 [AsyncHttpClient-1-2] DEBUG org.asynchttpclient.netty.channel.ChannelManager - Adding key: http://localhost:17982 for channel [id: 0x9e692938, L:/127.0.0.1:58152 - R:localhost/127.0.0.1:17982]
01:31:41.411 [Forwarding clearElement on session 1c8755dbc529430116ea912b76481e43 to remote] DEBUG org.asynchttpclient.netty.request.NettyRequestSender - Using pooled Channel '[id: 0x9e692938, L:/127.0.0.1:58152 - R:localhost/127.0.0.1:17982]' for 'POST' to 'http://localhost:17982/session/1c8755dbc529430116ea912b76481e43/element/758b564a-a0e3-4d11-ab5b-91b12e579eae/clear'
01:31:41.411 [Forwarding clearElement on session 1c8755dbc529430116ea912b76481e43 to remote] DEBUG org.asynchttpclient.netty.request.NettyRequestSender - Using open Channel [id: 0x9e692938, L:/127.0.0.1:58152 - R:localhost/127.0.0.1:17982] for POST '/session/1c8755dbc529430116ea912b76481e43/element/758b564a-a0e3-4d11-ab5b-91b12e579eae/clear'
01:31:41.452 [AsyncHttpClient-1-2] DEBUG org.asynchttpclient.netty.handler.HttpHandler - 

Request DefaultHttpRequest(decodeResult: success, version: HTTP/1.1)
POST /session/1c8755dbc529430116ea912b76481e43/element/758b564a-a0e3-4d11-ab5b-91b12e579eae/clear HTTP/1.1
User-Agent: selenium/4.8.1 (java windows)
Content-Length: 50
Content-Type: application/json; charset=utf-8
host: localhost:17982
accept: */*

Response DefaultHttpResponse(decodeResult: success, version: HTTP/1.1)
HTTP/1.1 200 OK
Content-Length: 14
Content-Type: application/json; charset=utf-8
cache-control: no-cache

01:31:41.453 [AsyncHttpClient-1-2] DEBUG org.asynchttpclient.netty.channel.ChannelManager - Adding key: http://localhost:17982 for channel [id: 0x9e692938, L:/127.0.0.1:58152 - R:localhost/127.0.0.1:17982]
01:31:41.457 [Forwarding sendKeysToElement on session 1c8755dbc529430116ea912b76481e43 to remote] DEBUG org.asynchttpclient.netty.request.NettyRequestSender - Using pooled Channel '[id: 0x9e692938, L:/127.0.0.1:58152 - R:localhost/127.0.0.1:17982]' for 'POST' to 'http://localhost:17982/session/1c8755dbc529430116ea912b76481e43/element/758b564a-a0e3-4d11-ab5b-91b12e579eae/value'
01:31:41.457 [Forwarding sendKeysToElement on session 1c8755dbc529430116ea912b76481e43 to remote] DEBUG org.asynchttpclient.netty.request.NettyRequestSender - Using open Channel [id: 0x9e692938, L:/127.0.0.1:58152 - R:localhost/127.0.0.1:17982] for POST '/session/1c8755dbc529430116ea912b76481e43/element/758b564a-a0e3-4d11-ab5b-91b12e579eae/value'
01:31:41.580 [AsyncHttpClient-1-2] DEBUG org.asynchttpclient.netty.handler.HttpHandler - 

Request DefaultHttpRequest(decodeResult: success, version: HTTP/1.1)
POST /session/1c8755dbc529430116ea912b76481e43/element/758b564a-a0e3-4d11-ab5b-91b12e579eae/value HTTP/1.1
User-Agent: selenium/4.8.1 (java windows)
Content-Length: 171
Content-Type: application/json; charset=utf-8
host: localhost:17982
accept: */*

Response DefaultHttpResponse(decodeResult: success, version: HTTP/1.1)
HTTP/1.1 200 OK
Content-Length: 14
Content-Type: application/json; charset=utf-8
cache-control: no-cache

01:31:41.581 [AsyncHttpClient-1-2] DEBUG org.asynchttpclient.netty.channel.ChannelManager - Adding key: http://localhost:17982 for channel [id: 0x9e692938, L:/127.0.0.1:58152 - R:localhost/127.0.0.1:17982]
01:31:41.595 [Forwarding getAlertText on session 1c8755dbc529430116ea912b76481e43 to remote] DEBUG org.asynchttpclient.netty.request.NettyRequestSender - Using pooled Channel '[id: 0x9e692938, L:/127.0.0.1:58152 - R:localhost/127.0.0.1:17982]' for 'GET' to 'http://localhost:17982/session/1c8755dbc529430116ea912b76481e43/alert/text'
01:31:41.595 [Forwarding getAlertText on session 1c8755dbc529430116ea912b76481e43 to remote] DEBUG org.asynchttpclient.netty.request.NettyRequestSender - Using open Channel [id: 0x9e692938, L:/127.0.0.1:58152 - R:localhost/127.0.0.1:17982] for GET '/session/1c8755dbc529430116ea912b76481e43/alert/text'
01:31:41.598 [AsyncHttpClient-1-2] DEBUG org.asynchttpclient.netty.handler.HttpHandler - 

Request DefaultFullHttpRequest(decodeResult: success, version: HTTP/1.1, content: EmptyByteBufBE)
GET /session/1c8755dbc529430116ea912b76481e43/alert/text HTTP/1.1
User-Agent: selenium/4.8.1 (java windows)
Cache-Control: no-cache
Content-Type: application/json; charset=utf-8
host: localhost:17982
accept: */*

Response DefaultHttpResponse(decodeResult: success, version: HTTP/1.1)
HTTP/1.1 404 Not Found
Content-Length: 816
Content-Type: application/json; charset=utf-8
cache-control: no-cache

01:31:41.598 [AsyncHttpClient-1-2] DEBUG org.asynchttpclient.netty.channel.ChannelManager - Adding key: http://localhost:17982 for channel [id: 0x9e692938, L:/127.0.0.1:58152 - R:localhost/127.0.0.1:17982]
01:31:41.602 [Forwarding getCurrentUrl on session 1c8755dbc529430116ea912b76481e43 to remote] DEBUG org.asynchttpclient.netty.request.NettyRequestSender - Using pooled Channel '[id: 0x9e692938, L:/127.0.0.1:58152 - R:localhost/127.0.0.1:17982]' for 'GET' to 'http://localhost:17982/session/1c8755dbc529430116ea912b76481e43/url'
01:31:41.602 [Forwarding getCurrentUrl on session 1c8755dbc529430116ea912b76481e43 to remote] DEBUG org.asynchttpclient.netty.request.NettyRequestSender - Using open Channel [id: 0x9e692938, L:/127.0.0.1:58152 - R:localhost/127.0.0.1:17982] for GET '/session/1c8755dbc529430116ea912b76481e43/url'
01:31:41.616 [AsyncHttpClient-1-2] DEBUG org.asynchttpclient.netty.handler.HttpHandler - 

Request DefaultFullHttpRequest(decodeResult: success, version: HTTP/1.1, content: EmptyByteBufBE)
GET /session/1c8755dbc529430116ea912b76481e43/url HTTP/1.1
User-Agent: selenium/4.8.1 (java windows)
Cache-Control: no-cache
Content-Type: application/json; charset=utf-8
host: localhost:17982
accept: */*

Response DefaultHttpResponse(decodeResult: success, version: HTTP/1.1)
HTTP/1.1 200 OK
Content-Length: 51
Content-Type: application/json; charset=utf-8
cache-control: no-cache

01:31:41.617 [AsyncHttpClient-1-2] DEBUG org.asynchttpclient.netty.channel.ChannelManager - Adding key: http://localhost:17982 for channel [id: 0x9e692938, L:/127.0.0.1:58152 - R:localhost/127.0.0.1:17982]
01:31:41.621 [Forwarding screenshot on session 1c8755dbc529430116ea912b76481e43 to remote] DEBUG org.asynchttpclient.netty.request.NettyRequestSender - Using pooled Channel '[id: 0x9e692938, L:/127.0.0.1:58152 - R:localhost/127.0.0.1:17982]' for 'GET' to 'http://localhost:17982/session/1c8755dbc529430116ea912b76481e43/screenshot'
01:31:41.621 [Forwarding screenshot on session 1c8755dbc529430116ea912b76481e43 to remote] DEBUG org.asynchttpclient.netty.request.NettyRequestSender - Using open Channel [id: 0x9e692938, L:/127.0.0.1:58152 - R:localhost/127.0.0.1:17982] for GET '/session/1c8755dbc529430116ea912b76481e43/screenshot'
01:31:41.815 [AsyncHttpClient-1-2] DEBUG org.asynchttpclient.netty.handler.HttpHandler - 

Request DefaultFullHttpRequest(decodeResult: success, version: HTTP/1.1, content: EmptyByteBufBE)
GET /session/1c8755dbc529430116ea912b76481e43/screenshot HTTP/1.1
User-Agent: selenium/4.8.1 (java windows)
Cache-Control: no-cache
Content-Type: application/json; charset=utf-8
host: localhost:17982
accept: */*

Response DefaultHttpResponse(decodeResult: success, version: HTTP/1.1)
HTTP/1.1 200 OK
Content-Length: 48120
Content-Type: application/json; charset=utf-8
cache-control: no-cache

01:31:41.817 [AsyncHttpClient-1-2] DEBUG org.asynchttpclient.netty.channel.ChannelManager - Adding key: http://localhost:17982 for channel [id: 0x9e692938, L:/127.0.0.1:58152 - R:localhost/127.0.0.1:17982]
01:31:41.824 [main] DEBUG net.serenitybdd.core.photography.Darkroom - Send negative for processing for target\site\serenity\95d41433335449f4387ddefdaa32dcc9f0ec7ed10b8c2d36f8087602bdcb69cf.png
01:31:41.825 [Darkroom Processing Line] DEBUG net.serenitybdd.core.photography.DarkroomProcessingLine - Processing screenshot image in /var/screenshots/screenshot-5002683554922562648
01:31:41.825 [Darkroom Processing Line] DEBUG net.serenitybdd.core.photography.DarkroomProcessingLine - Saving screenshot to target\site\serenity\95d41433335449f4387ddefdaa32dcc9f0ec7ed10b8c2d36f8087602bdcb69cf.png
01:31:41.825 [main] DEBUG net.thucydides.core.steps.StepInterceptor - STEP DONE: inputPassword
  &amp#27;[32mAnd &amp#27;[0m&amp#27;[32mI enter valid password&amp#27;[0m                      &amp#27;[90m# starter.stepdefinitions.LoginSteps.enterValidPassword()&amp#27;[0m
01:31:41.843 [Forwarding getPageSource on session 1c8755dbc529430116ea912b76481e43 to remote] DEBUG org.asynchttpclient.netty.request.NettyRequestSender - Using pooled Channel '[id: 0x9e692938, L:/127.0.0.1:58152 - R:localhost/127.0.0.1:17982]' for 'POST' to 'http://localhost:17982/session/1c8755dbc529430116ea912b76481e43/execute/sync'
01:31:41.843 [Forwarding getPageSource on session 1c8755dbc529430116ea912b76481e43 to remote] DEBUG org.asynchttpclient.netty.request.NettyRequestSender - Using open Channel [id: 0x9e692938, L:/127.0.0.1:58152 - R:localhost/127.0.0.1:17982] for POST '/session/1c8755dbc529430116ea912b76481e43/execute/sync'
01:31:41.855 [AsyncHttpClient-1-2] DEBUG org.asynchttpclient.netty.handler.HttpHandler - 

Request DefaultHttpRequest(decodeResult: success, version: HTTP/1.1)
POST /session/1c8755dbc529430116ea912b76481e43/execute/sync HTTP/1.1
User-Agent: selenium/4.8.1 (java windows)
Content-Length: 176
Content-Type: application/json; charset=utf-8
host: localhost:17982
accept: */*

Response DefaultHttpResponse(decodeResult: success, version: HTTP/1.1)
HTTP/1.1 200 OK
Content-Length: 21839
Content-Type: application/json; charset=utf-8
cache-control: no-cache

01:31:41.856 [AsyncHttpClient-1-2] DEBUG org.asynchttpclient.netty.channel.ChannelManager - Adding key: http://localhost:17982 for channel [id: 0x9e692938, L:/127.0.0.1:58152 - R:localhost/127.0.0.1:17982]
01:31:41.875 [Forwarding getCurrentUrl on session 1c8755dbc529430116ea912b76481e43 to remote] DEBUG org.asynchttpclient.netty.request.NettyRequestSender - Using pooled Channel '[id: 0x9e692938, L:/127.0.0.1:58152 - R:localhost/127.0.0.1:17982]' for 'GET' to 'http://localhost:17982/session/1c8755dbc529430116ea912b76481e43/url'
01:31:41.875 [Forwarding getCurrentUrl on session 1c8755dbc529430116ea912b76481e43 to remote] DEBUG org.asynchttpclient.netty.request.NettyRequestSender - Using open Channel [id: 0x9e692938, L:/127.0.0.1:58152 - R:localhost/127.0.0.1:17982] for GET '/session/1c8755dbc529430116ea912b76481e43/url'
01:31:41.894 [AsyncHttpClient-1-2] DEBUG org.asynchttpclient.netty.handler.HttpHandler - 

Request DefaultFullHttpRequest(decodeResult: success, version: HTTP/1.1, content: EmptyByteBufBE)
GET /session/1c8755dbc529430116ea912b76481e43/url HTTP/1.1
User-Agent: selenium/4.8.1 (java windows)
Cache-Control: no-cache
Content-Type: application/json; charset=utf-8
host: localhost:17982
accept: */*

Response DefaultHttpResponse(decodeResult: success, version: HTTP/1.1)
HTTP/1.1 200 OK
Content-Length: 51
Content-Type: application/json; charset=utf-8
cache-control: no-cache

01:31:41.895 [AsyncHttpClient-1-2] DEBUG org.asynchttpclient.netty.channel.ChannelManager - Adding key: http://localhost:17982 for channel [id: 0x9e692938, L:/127.0.0.1:58152 - R:localhost/127.0.0.1:17982]
01:31:41.918 [Forwarding getAlertText on session 1c8755dbc529430116ea912b76481e43 to remote] DEBUG org.asynchttpclient.netty.request.NettyRequestSender - Using pooled Channel '[id: 0x9e692938, L:/127.0.0.1:58152 - R:localhost/127.0.0.1:17982]' for 'GET' to 'http://localhost:17982/session/1c8755dbc529430116ea912b76481e43/alert/text'
01:31:41.919 [Forwarding getAlertText on session 1c8755dbc529430116ea912b76481e43 to remote] DEBUG org.asynchttpclient.netty.request.NettyRequestSender - Using open Channel [id: 0x9e692938, L:/127.0.0.1:58152 - R:localhost/127.0.0.1:17982] for GET '/session/1c8755dbc529430116ea912b76481e43/alert/text'
01:31:41.925 [AsyncHttpClient-1-2] DEBUG org.asynchttpclient.netty.handler.HttpHandler - 

Request DefaultFullHttpRequest(decodeResult: success, version: HTTP/1.1, content: EmptyByteBufBE)
GET /session/1c8755dbc529430116ea912b76481e43/alert/text HTTP/1.1
User-Agent: selenium/4.8.1 (java windows)
Cache-Control: no-cache
Content-Type: application/json; charset=utf-8
host: localhost:17982
accept: */*

Response DefaultHttpResponse(decodeResult: success, version: HTTP/1.1)
HTTP/1.1 404 Not Found
Content-Length: 816
Content-Type: application/json; charset=utf-8
cache-control: no-cache

01:31:41.926 [AsyncHttpClient-1-2] DEBUG org.asynchttpclient.netty.channel.ChannelManager - Adding key: http://localhost:17982 for channel [id: 0x9e692938, L:/127.0.0.1:58152 - R:localhost/127.0.0.1:17982]
01:31:41.940 [Forwarding getCurrentUrl on session 1c8755dbc529430116ea912b76481e43 to remote] DEBUG org.asynchttpclient.netty.request.NettyRequestSender - Using pooled Channel '[id: 0x9e692938, L:/127.0.0.1:58152 - R:localhost/127.0.0.1:17982]' for 'GET' to 'http://localhost:17982/session/1c8755dbc529430116ea912b76481e43/url'
01:31:41.941 [Forwarding getCurrentUrl on session 1c8755dbc529430116ea912b76481e43 to remote] DEBUG org.asynchttpclient.netty.request.NettyRequestSender - Using open Channel [id: 0x9e692938, L:/127.0.0.1:58152 - R:localhost/127.0.0.1:17982] for GET '/session/1c8755dbc529430116ea912b76481e43/url'
01:31:41.956 [AsyncHttpClient-1-2] DEBUG org.asynchttpclient.netty.handler.HttpHandler - 

Request DefaultFullHttpRequest(decodeResult: success, version: HTTP/1.1, content: EmptyByteBufBE)
GET /session/1c8755dbc529430116ea912b76481e43/url HTTP/1.1
User-Agent: selenium/4.8.1 (java windows)
Cache-Control: no-cache
Content-Type: application/json; charset=utf-8
host: localhost:17982
accept: */*

Response DefaultHttpResponse(decodeResult: success, version: HTTP/1.1)
HTTP/1.1 200 OK
Content-Length: 51
Content-Type: application/json; charset=utf-8
cache-control: no-cache

01:31:41.957 [AsyncHttpClient-1-2] DEBUG org.asynchttpclient.netty.channel.ChannelManager - Adding key: http://localhost:17982 for channel [id: 0x9e692938, L:/127.0.0.1:58152 - R:localhost/127.0.0.1:17982]
01:31:41.960 [Forwarding screenshot on session 1c8755dbc529430116ea912b76481e43 to remote] DEBUG org.asynchttpclient.netty.request.NettyRequestSender - Using pooled Channel '[id: 0x9e692938, L:/127.0.0.1:58152 - R:localhost/127.0.0.1:17982]' for 'GET' to 'http://localhost:17982/session/1c8755dbc529430116ea912b76481e43/screenshot'
01:31:41.960 [Forwarding screenshot on session 1c8755dbc529430116ea912b76481e43 to remote] DEBUG org.asynchttpclient.netty.request.NettyRequestSender - Using open Channel [id: 0x9e692938, L:/127.0.0.1:58152 - R:localhost/127.0.0.1:17982] for GET '/session/1c8755dbc529430116ea912b76481e43/screenshot'
01:31:42.109 [AsyncHttpClient-1-2] DEBUG org.asynchttpclient.netty.handler.HttpHandler - 

Request DefaultFullHttpRequest(decodeResult: success, version: HTTP/1.1, content: EmptyByteBufBE)
GET /session/1c8755dbc529430116ea912b76481e43/screenshot HTTP/1.1
User-Agent: selenium/4.8.1 (java windows)
Cache-Control: no-cache
Content-Type: application/json; charset=utf-8
host: localhost:17982
accept: */*

Response DefaultHttpResponse(decodeResult: success, version: HTTP/1.1)
HTTP/1.1 200 OK
Content-Length: 47252
Content-Type: application/json; charset=utf-8
cache-control: no-cache

01:31:42.110 [AsyncHttpClient-1-2] DEBUG org.asynchttpclient.netty.channel.ChannelManager - Adding key: http://localhost:17982 for channel [id: 0x9e692938, L:/127.0.0.1:58152 - R:localhost/127.0.0.1:17982]
01:31:42.114 [main] DEBUG net.serenitybdd.core.photography.Darkroom - Send negative for processing for target\site\serenity\e0ba3ba3b601504e50cbd40dedd173af41ea5c8624e348f252f8e67bcf41358e.png
01:31:42.114 [Darkroom Processing Line] DEBUG net.serenitybdd.core.photography.DarkroomProcessingLine - Processing screenshot image in /var/screenshots/screenshot-5917581887051408402
01:31:42.114 [Darkroom Processing Line] DEBUG net.serenitybdd.core.photography.DarkroomProcessingLine - Saving screenshot to target\site\serenity\e0ba3ba3b601504e50cbd40dedd173af41ea5c8624e348f252f8e67bcf41358e.png
01:31:42.117 [Forwarding getPageSource on session 1c8755dbc529430116ea912b76481e43 to remote] DEBUG org.asynchttpclient.netty.request.NettyRequestSender - Using pooled Channel '[id: 0x9e692938, L:/127.0.0.1:58152 - R:localhost/127.0.0.1:17982]' for 'POST' to 'http://localhost:17982/session/1c8755dbc529430116ea912b76481e43/execute/sync'
01:31:42.117 [Forwarding getPageSource on session 1c8755dbc529430116ea912b76481e43 to remote] DEBUG org.asynchttpclient.netty.request.NettyRequestSender - Using open Channel [id: 0x9e692938, L:/127.0.0.1:58152 - R:localhost/127.0.0.1:17982] for POST '/session/1c8755dbc529430116ea912b76481e43/execute/sync'
01:31:42.126 [AsyncHttpClient-1-2] DEBUG org.asynchttpclient.netty.handler.HttpHandler - 

Request DefaultHttpRequest(decodeResult: success, version: HTTP/1.1)
POST /session/1c8755dbc529430116ea912b76481e43/execute/sync HTTP/1.1
User-Agent: selenium/4.8.1 (java windows)
Content-Length: 176
Content-Type: application/json; charset=utf-8
host: localhost:17982
accept: */*

Response DefaultHttpResponse(decodeResult: success, version: HTTP/1.1)
HTTP/1.1 200 OK
Content-Length: 21839
Content-Type: application/json; charset=utf-8
cache-control: no-cache

01:31:42.127 [AsyncHttpClient-1-2] DEBUG org.asynchttpclient.netty.channel.ChannelManager - Adding key: http://localhost:17982 for channel [id: 0x9e692938, L:/127.0.0.1:58152 - R:localhost/127.0.0.1:17982]
01:31:42.136 [Forwarding getCurrentUrl on session 1c8755dbc529430116ea912b76481e43 to remote] DEBUG org.asynchttpclient.netty.request.NettyRequestSender - Using pooled Channel '[id: 0x9e692938, L:/127.0.0.1:58152 - R:localhost/127.0.0.1:17982]' for 'GET' to 'http://localhost:17982/session/1c8755dbc529430116ea912b76481e43/url'
01:31:42.136 [Forwarding getCurrentUrl on session 1c8755dbc529430116ea912b76481e43 to remote] DEBUG org.asynchttpclient.netty.request.NettyRequestSender - Using open Channel [id: 0x9e692938, L:/127.0.0.1:58152 - R:localhost/127.0.0.1:17982] for GET '/session/1c8755dbc529430116ea912b76481e43/url'
01:31:42.143 [AsyncHttpClient-1-2] DEBUG org.asynchttpclient.netty.handler.HttpHandler - 

Request DefaultFullHttpRequest(decodeResult: success, version: HTTP/1.1, content: EmptyByteBufBE)
GET /session/1c8755dbc529430116ea912b76481e43/url HTTP/1.1
User-Agent: selenium/4.8.1 (java windows)
Cache-Control: no-cache
Content-Type: application/json; charset=utf-8
host: localhost:17982
accept: */*

Response DefaultHttpResponse(decodeResult: success, version: HTTP/1.1)
HTTP/1.1 200 OK
Content-Length: 51
Content-Type: application/json; charset=utf-8
cache-control: no-cache

01:31:42.143 [AsyncHttpClient-1-2] DEBUG org.asynchttpclient.netty.channel.ChannelManager - Adding key: http://localhost:17982 for channel [id: 0x9e692938, L:/127.0.0.1:58152 - R:localhost/127.0.0.1:17982]
01:31:42.146 [main] DEBUG net.thucydides.core.steps.StepInterceptor - STARTING STEP: LoginSteps.clickLoginButton - clickLoginButton
01:31:42.158 [Forwarding findElement on session 1c8755dbc529430116ea912b76481e43 to remote] DEBUG org.asynchttpclient.netty.request.NettyRequestSender - Using pooled Channel '[id: 0x9e692938, L:/127.0.0.1:58152 - R:localhost/127.0.0.1:17982]' for 'POST' to 'http://localhost:17982/session/1c8755dbc529430116ea912b76481e43/element'
01:31:42.158 [Forwarding findElement on session 1c8755dbc529430116ea912b76481e43 to remote] DEBUG org.asynchttpclient.netty.request.NettyRequestSender - Using open Channel [id: 0x9e692938, L:/127.0.0.1:58152 - R:localhost/127.0.0.1:17982] for POST '/session/1c8755dbc529430116ea912b76481e43/element'
01:31:42.169 [AsyncHttpClient-1-2] DEBUG org.asynchttpclient.netty.handler.HttpHandler - 

Request DefaultHttpRequest(decodeResult: success, version: HTTP/1.1)
POST /session/1c8755dbc529430116ea912b76481e43/element HTTP/1.1
User-Agent: selenium/4.8.1 (java windows)
Content-Length: 165
Content-Type: application/json; charset=utf-8
host: localhost:17982
accept: */*

Response DefaultHttpResponse(decodeResult: success, version: HTTP/1.1)
HTTP/1.1 200 OK
Content-Length: 88
Content-Type: application/json; charset=utf-8
cache-control: no-cache

01:31:42.169 [AsyncHttpClient-1-2] DEBUG org.asynchttpclient.netty.channel.ChannelManager - Adding key: http://localhost:17982 for channel [id: 0x9e692938, L:/127.0.0.1:58152 - R:localhost/127.0.0.1:17982]
01:31:42.172 [Forwarding getElementTagName on session 1c8755dbc529430116ea912b76481e43 to remote] DEBUG org.asynchttpclient.netty.request.NettyRequestSender - Using pooled Channel '[id: 0x9e692938, L:/127.0.0.1:58152 - R:localhost/127.0.0.1:17982]' for 'GET' to 'http://localhost:17982/session/1c8755dbc529430116ea912b76481e43/element/9daab1e0-47f5-4a24-bc6d-c3ec86462a17/name'
01:31:42.172 [Forwarding getElementTagName on session 1c8755dbc529430116ea912b76481e43 to remote] DEBUG org.asynchttpclient.netty.request.NettyRequestSender - Using open Channel [id: 0x9e692938, L:/127.0.0.1:58152 - R:localhost/127.0.0.1:17982] for GET '/session/1c8755dbc529430116ea912b76481e43/element/9daab1e0-47f5-4a24-bc6d-c3ec86462a17/name'
01:31:42.181 [AsyncHttpClient-1-2] DEBUG org.asynchttpclient.netty.handler.HttpHandler - 

Request DefaultFullHttpRequest(decodeResult: success, version: HTTP/1.1, content: EmptyByteBufBE)
GET /session/1c8755dbc529430116ea912b76481e43/element/9daab1e0-47f5-4a24-bc6d-c3ec86462a17/name HTTP/1.1
User-Agent: selenium/4.8.1 (java windows)
Cache-Control: no-cache
Content-Type: application/json; charset=utf-8
host: localhost:17982
accept: */*

Response DefaultHttpResponse(decodeResult: success, version: HTTP/1.1)
HTTP/1.1 200 OK
Content-Length: 16
Content-Type: application/json; charset=utf-8
cache-control: no-cache

01:31:42.182 [AsyncHttpClient-1-2] DEBUG org.asynchttpclient.netty.channel.ChannelManager - Adding key: http://localhost:17982 for channel [id: 0x9e692938, L:/127.0.0.1:58152 - R:localhost/127.0.0.1:17982]
01:31:42.185 [Forwarding getElementTagName on session 1c8755dbc529430116ea912b76481e43 to remote] DEBUG org.asynchttpclient.netty.request.NettyRequestSender - Using pooled Channel '[id: 0x9e692938, L:/127.0.0.1:58152 - R:localhost/127.0.0.1:17982]' for 'GET' to 'http://localhost:17982/session/1c8755dbc529430116ea912b76481e43/element/9daab1e0-47f5-4a24-bc6d-c3ec86462a17/name'
01:31:42.185 [Forwarding getElementTagName on session 1c8755dbc529430116ea912b76481e43 to remote] DEBUG org.asynchttpclient.netty.request.NettyRequestSender - Using open Channel [id: 0x9e692938, L:/127.0.0.1:58152 - R:localhost/127.0.0.1:17982] for GET '/session/1c8755dbc529430116ea912b76481e43/element/9daab1e0-47f5-4a24-bc6d-c3ec86462a17/name'
01:31:42.190 [AsyncHttpClient-1-2] DEBUG org.asynchttpclient.netty.handler.HttpHandler - 

Request DefaultFullHttpRequest(decodeResult: success, version: HTTP/1.1, content: EmptyByteBufBE)
GET /session/1c8755dbc529430116ea912b76481e43/element/9daab1e0-47f5-4a24-bc6d-c3ec86462a17/name HTTP/1.1
User-Agent: selenium/4.8.1 (java windows)
Cache-Control: no-cache
Content-Type: application/json; charset=utf-8
host: localhost:17982
accept: */*

Response DefaultHttpResponse(decodeResult: success, version: HTTP/1.1)
HTTP/1.1 200 OK
Content-Length: 16
Content-Type: application/json; charset=utf-8
cache-control: no-cache

01:31:42.191 [AsyncHttpClient-1-2] DEBUG org.asynchttpclient.netty.channel.ChannelManager - Adding key: http://localhost:17982 for channel [id: 0x9e692938, L:/127.0.0.1:58152 - R:localhost/127.0.0.1:17982]
01:31:42.194 [Forwarding findElement on session 1c8755dbc529430116ea912b76481e43 to remote] DEBUG org.asynchttpclient.netty.request.NettyRequestSender - Using pooled Channel '[id: 0x9e692938, L:/127.0.0.1:58152 - R:localhost/127.0.0.1:17982]' for 'POST' to 'http://localhost:17982/session/1c8755dbc529430116ea912b76481e43/element'
01:31:42.194 [Forwarding findElement on session 1c8755dbc529430116ea912b76481e43 to remote] DEBUG org.asynchttpclient.netty.request.NettyRequestSender - Using open Channel [id: 0x9e692938, L:/127.0.0.1:58152 - R:localhost/127.0.0.1:17982] for POST '/session/1c8755dbc529430116ea912b76481e43/element'
01:31:42.204 [AsyncHttpClient-1-2] DEBUG org.asynchttpclient.netty.handler.HttpHandler - 

Request DefaultHttpRequest(decodeResult: success, version: HTTP/1.1)
POST /session/1c8755dbc529430116ea912b76481e43/element HTTP/1.1
User-Agent: selenium/4.8.1 (java windows)
Content-Length: 165
Content-Type: application/json; charset=utf-8
host: localhost:17982
accept: */*

Response DefaultHttpResponse(decodeResult: success, version: HTTP/1.1)
HTTP/1.1 200 OK
Content-Length: 88
Content-Type: application/json; charset=utf-8
cache-control: no-cache

01:31:42.204 [AsyncHttpClient-1-2] DEBUG org.asynchttpclient.netty.channel.ChannelManager - Adding key: http://localhost:17982 for channel [id: 0x9e692938, L:/127.0.0.1:58152 - R:localhost/127.0.0.1:17982]
01:31:42.206 [Forwarding clickElement on session 1c8755dbc529430116ea912b76481e43 to remote] DEBUG org.asynchttpclient.netty.request.NettyRequestSender - Using pooled Channel '[id: 0x9e692938, L:/127.0.0.1:58152 - R:localhost/127.0.0.1:17982]' for 'POST' to 'http://localhost:17982/session/1c8755dbc529430116ea912b76481e43/element/9daab1e0-47f5-4a24-bc6d-c3ec86462a17/click'
01:31:42.206 [Forwarding clickElement on session 1c8755dbc529430116ea912b76481e43 to remote] DEBUG org.asynchttpclient.netty.request.NettyRequestSender - Using open Channel [id: 0x9e692938, L:/127.0.0.1:58152 - R:localhost/127.0.0.1:17982] for POST '/session/1c8755dbc529430116ea912b76481e43/element/9daab1e0-47f5-4a24-bc6d-c3ec86462a17/click'
01:31:42.269 [AsyncHttpClient-1-2] DEBUG org.asynchttpclient.netty.handler.HttpHandler - 

Request DefaultHttpRequest(decodeResult: success, version: HTTP/1.1)
POST /session/1c8755dbc529430116ea912b76481e43/element/9daab1e0-47f5-4a24-bc6d-c3ec86462a17/click HTTP/1.1
User-Agent: selenium/4.8.1 (java windows)
Content-Length: 50
Content-Type: application/json; charset=utf-8
host: localhost:17982
accept: */*

Response DefaultHttpResponse(decodeResult: success, version: HTTP/1.1)
HTTP/1.1 200 OK
Content-Length: 14
Content-Type: application/json; charset=utf-8
cache-control: no-cache

01:31:42.269 [AsyncHttpClient-1-2] DEBUG org.asynchttpclient.netty.channel.ChannelManager - Adding key: http://localhost:17982 for channel [id: 0x9e692938, L:/127.0.0.1:58152 - R:localhost/127.0.0.1:17982]
01:31:42.282 [Forwarding getAlertText on session 1c8755dbc529430116ea912b76481e43 to remote] DEBUG org.asynchttpclient.netty.request.NettyRequestSender - Using pooled Channel '[id: 0x9e692938, L:/127.0.0.1:58152 - R:localhost/127.0.0.1:17982]' for 'GET' to 'http://localhost:17982/session/1c8755dbc529430116ea912b76481e43/alert/text'
01:31:42.283 [Forwarding getAlertText on session 1c8755dbc529430116ea912b76481e43 to remote] DEBUG org.asynchttpclient.netty.request.NettyRequestSender - Using open Channel [id: 0x9e692938, L:/127.0.0.1:58152 - R:localhost/127.0.0.1:17982] for GET '/session/1c8755dbc529430116ea912b76481e43/alert/text'
01:31:42.288 [AsyncHttpClient-1-2] DEBUG org.asynchttpclient.netty.handler.HttpHandler - 

Request DefaultFullHttpRequest(decodeResult: success, version: HTTP/1.1, content: EmptyByteBufBE)
GET /session/1c8755dbc529430116ea912b76481e43/alert/text HTTP/1.1
User-Agent: selenium/4.8.1 (java windows)
Cache-Control: no-cache
Content-Type: application/json; charset=utf-8
host: localhost:17982
accept: */*

Response DefaultHttpResponse(decodeResult: success, version: HTTP/1.1)
HTTP/1.1 404 Not Found
Content-Length: 816
Content-Type: application/json; charset=utf-8
cache-control: no-cache

01:31:42.288 [AsyncHttpClient-1-2] DEBUG org.asynchttpclient.netty.channel.ChannelManager - Adding key: http://localhost:17982 for channel [id: 0x9e692938, L:/127.0.0.1:58152 - R:localhost/127.0.0.1:17982]
01:31:42.291 [Forwarding getCurrentUrl on session 1c8755dbc529430116ea912b76481e43 to remote] DEBUG org.asynchttpclient.netty.request.NettyRequestSender - Using pooled Channel '[id: 0x9e692938, L:/127.0.0.1:58152 - R:localhost/127.0.0.1:17982]' for 'GET' to 'http://localhost:17982/session/1c8755dbc529430116ea912b76481e43/url'
01:31:42.291 [Forwarding getCurrentUrl on session 1c8755dbc529430116ea912b76481e43 to remote] DEBUG org.asynchttpclient.netty.request.NettyRequestSender - Using open Channel [id: 0x9e692938, L:/127.0.0.1:58152 - R:localhost/127.0.0.1:17982] for GET '/session/1c8755dbc529430116ea912b76481e43/url'
01:31:42.297 [AsyncHttpClient-1-2] DEBUG org.asynchttpclient.netty.handler.HttpHandler - 

Request DefaultFullHttpRequest(decodeResult: success, version: HTTP/1.1, content: EmptyByteBufBE)
GET /session/1c8755dbc529430116ea912b76481e43/url HTTP/1.1
User-Agent: selenium/4.8.1 (java windows)
Cache-Control: no-cache
Content-Type: application/json; charset=utf-8
host: localhost:17982
accept: */*

Response DefaultHttpResponse(decodeResult: success, version: HTTP/1.1)
HTTP/1.1 200 OK
Content-Length: 51
Content-Type: application/json; charset=utf-8
cache-control: no-cache

01:31:42.298 [AsyncHttpClient-1-2] DEBUG org.asynchttpclient.netty.channel.ChannelManager - Adding key: http://localhost:17982 for channel [id: 0x9e692938, L:/127.0.0.1:58152 - R:localhost/127.0.0.1:17982]
01:31:42.299 [Forwarding screenshot on session 1c8755dbc529430116ea912b76481e43 to remote] DEBUG org.asynchttpclient.netty.request.NettyRequestSender - Using pooled Channel '[id: 0x9e692938, L:/127.0.0.1:58152 - R:localhost/127.0.0.1:17982]' for 'GET' to 'http://localhost:17982/session/1c8755dbc529430116ea912b76481e43/screenshot'
01:31:42.300 [Forwarding screenshot on session 1c8755dbc529430116ea912b76481e43 to remote] DEBUG org.asynchttpclient.netty.request.NettyRequestSender - Using open Channel [id: 0x9e692938, L:/127.0.0.1:58152 - R:localhost/127.0.0.1:17982] for GET '/session/1c8755dbc529430116ea912b76481e43/screenshot'
01:31:42.494 [AsyncHttpClient-1-1] DEBUG org.asynchttpclient.netty.channel.DefaultChannelPool - Entry count for : http://localhost:58153 : 1
01:31:42.631 [AsyncHttpClient-1-2] DEBUG org.asynchttpclient.netty.handler.HttpHandler - 

Request DefaultFullHttpRequest(decodeResult: success, version: HTTP/1.1, content: EmptyByteBufBE)
GET /session/1c8755dbc529430116ea912b76481e43/screenshot HTTP/1.1
User-Agent: selenium/4.8.1 (java windows)
Cache-Control: no-cache
Content-Type: application/json; charset=utf-8
host: localhost:17982
accept: */*

Response DefaultHttpResponse(decodeResult: success, version: HTTP/1.1)
HTTP/1.1 200 OK
Content-Length: 47200
Content-Type: application/json; charset=utf-8
cache-control: no-cache

01:31:42.633 [AsyncHttpClient-1-2] DEBUG org.asynchttpclient.netty.channel.ChannelManager - Adding key: http://localhost:17982 for channel [id: 0x9e692938, L:/127.0.0.1:58152 - R:localhost/127.0.0.1:17982]
01:31:42.638 [main] DEBUG net.serenitybdd.core.photography.Darkroom - Send negative for processing for target\site\serenity\14b89fb50d14f422c88dd00549b0a44bf537414dd9269f01357c378fbcb6a4bf.png
01:31:42.638 [Darkroom Processing Line] DEBUG net.serenitybdd.core.photography.DarkroomProcessingLine - Processing screenshot image in /var/screenshots/screenshot-6834330754195258484
01:31:42.638 [main] DEBUG net.thucydides.core.steps.StepInterceptor - STEP DONE: clickLoginButton
01:31:42.638 [Darkroom Processing Line] DEBUG net.serenitybdd.core.photography.DarkroomProcessingLine - Saving screenshot to target\site\serenity\14b89fb50d14f422c88dd00549b0a44bf537414dd9269f01357c378fbcb6a4bf.png
  &amp#27;[32mAnd &amp#27;[0m&amp#27;[32mI click login button&amp#27;[0m                        &amp#27;[90m# starter.stepdefinitions.LoginSteps.clickLoginButton()&amp#27;[0m
01:31:42.655 [Forwarding getPageSource on session 1c8755dbc529430116ea912b76481e43 to remote] DEBUG org.asynchttpclient.netty.request.NettyRequestSender - Using pooled Channel '[id: 0x9e692938, L:/127.0.0.1:58152 - R:localhost/127.0.0.1:17982]' for 'POST' to 'http://localhost:17982/session/1c8755dbc529430116ea912b76481e43/execute/sync'
01:31:42.656 [Forwarding getPageSource on session 1c8755dbc529430116ea912b76481e43 to remote] DEBUG org.asynchttpclient.netty.request.NettyRequestSender - Using open Channel [id: 0x9e692938, L:/127.0.0.1:58152 - R:localhost/127.0.0.1:17982] for POST '/session/1c8755dbc529430116ea912b76481e43/execute/sync'
01:31:42.664 [AsyncHttpClient-1-2] DEBUG org.asynchttpclient.netty.handler.HttpHandler - 

Request DefaultHttpRequest(decodeResult: success, version: HTTP/1.1)
POST /session/1c8755dbc529430116ea912b76481e43/execute/sync HTTP/1.1
User-Agent: selenium/4.8.1 (java windows)
Content-Length: 176
Content-Type: application/json; charset=utf-8
host: localhost:17982
accept: */*

Response DefaultHttpResponse(decodeResult: success, version: HTTP/1.1)
HTTP/1.1 200 OK
Content-Length: 28798
Content-Type: application/json; charset=utf-8
cache-control: no-cache

01:31:42.665 [AsyncHttpClient-1-2] DEBUG org.asynchttpclient.netty.channel.ChannelManager - Adding key: http://localhost:17982 for channel [id: 0x9e692938, L:/127.0.0.1:58152 - R:localhost/127.0.0.1:17982]
01:31:42.679 [Forwarding getCurrentUrl on session 1c8755dbc529430116ea912b76481e43 to remote] DEBUG org.asynchttpclient.netty.request.NettyRequestSender - Using pooled Channel '[id: 0x9e692938, L:/127.0.0.1:58152 - R:localhost/127.0.0.1:17982]' for 'GET' to 'http://localhost:17982/session/1c8755dbc529430116ea912b76481e43/url'
01:31:42.679 [Forwarding getCurrentUrl on session 1c8755dbc529430116ea912b76481e43 to remote] DEBUG org.asynchttpclient.netty.request.NettyRequestSender - Using open Channel [id: 0x9e692938, L:/127.0.0.1:58152 - R:localhost/127.0.0.1:17982] for GET '/session/1c8755dbc529430116ea912b76481e43/url'
01:31:42.685 [AsyncHttpClient-1-2] DEBUG org.asynchttpclient.netty.handler.HttpHandler - 

Request DefaultFullHttpRequest(decodeResult: success, version: HTTP/1.1, content: EmptyByteBufBE)
GET /session/1c8755dbc529430116ea912b76481e43/url HTTP/1.1
User-Agent: selenium/4.8.1 (java windows)
Cache-Control: no-cache
Content-Type: application/json; charset=utf-8
host: localhost:17982
accept: */*

Response DefaultHttpResponse(decodeResult: success, version: HTTP/1.1)
HTTP/1.1 200 OK
Content-Length: 41
Content-Type: application/json; charset=utf-8
cache-control: no-cache

01:31:42.686 [AsyncHttpClient-1-2] DEBUG org.asynchttpclient.netty.channel.ChannelManager - Adding key: http://localhost:17982 for channel [id: 0x9e692938, L:/127.0.0.1:58152 - R:localhost/127.0.0.1:17982]
01:31:42.806 [Forwarding findElement on session 1c8755dbc529430116ea912b76481e43 to remote] DEBUG org.asynchttpclient.netty.request.NettyRequestSender - Using pooled Channel '[id: 0x9e692938, L:/127.0.0.1:58152 - R:localhost/127.0.0.1:17982]' for 'POST' to 'http://localhost:17982/session/1c8755dbc529430116ea912b76481e43/element'
01:31:42.806 [Forwarding findElement on session 1c8755dbc529430116ea912b76481e43 to remote] DEBUG org.asynchttpclient.netty.request.NettyRequestSender - Using open Channel [id: 0x9e692938, L:/127.0.0.1:58152 - R:localhost/127.0.0.1:17982] for POST '/session/1c8755dbc529430116ea912b76481e43/element'
01:31:43.591 [AsyncHttpClient-1-1] DEBUG org.asynchttpclient.netty.channel.DefaultChannelPool - Entry count for : http://localhost:58153 : 1
01:31:44.293 [AsyncHttpClient-1-2] DEBUG org.asynchttpclient.netty.handler.HttpHandler - 

Request DefaultHttpRequest(decodeResult: success, version: HTTP/1.1)
POST /session/1c8755dbc529430116ea912b76481e43/element HTTP/1.1
User-Agent: selenium/4.8.1 (java windows)
Content-Length: 48
Content-Type: application/json; charset=utf-8
host: localhost:17982
accept: */*

Response DefaultHttpResponse(decodeResult: success, version: HTTP/1.1)
HTTP/1.1 200 OK
Content-Length: 88
Content-Type: application/json; charset=utf-8
cache-control: no-cache

01:31:44.293 [AsyncHttpClient-1-2] DEBUG org.asynchttpclient.netty.channel.ChannelManager - Adding key: http://localhost:17982 for channel [id: 0x9e692938, L:/127.0.0.1:58152 - R:localhost/127.0.0.1:17982]
01:31:44.298 [Forwarding isElementDisplayed on session 1c8755dbc529430116ea912b76481e43 to remote] DEBUG org.asynchttpclient.netty.request.NettyRequestSender - Using pooled Channel '[id: 0x9e692938, L:/127.0.0.1:58152 - R:localhost/127.0.0.1:17982]' for 'POST' to 'http://localhost:17982/session/1c8755dbc529430116ea912b76481e43/execute/sync'
01:31:44.298 [Forwarding isElementDisplayed on session 1c8755dbc529430116ea912b76481e43 to remote] DEBUG org.asynchttpclient.netty.request.NettyRequestSender - Using open Channel [id: 0x9e692938, L:/127.0.0.1:58152 - R:localhost/127.0.0.1:17982] for POST '/session/1c8755dbc529430116ea912b76481e43/execute/sync'
01:31:44.318 [AsyncHttpClient-1-2] DEBUG org.asynchttpclient.netty.handler.HttpHandler - 

Request DefaultHttpRequest(decodeResult: success, version: HTTP/1.1)
POST /session/1c8755dbc529430116ea912b76481e43/execute/sync HTTP/1.1
User-Agent: selenium/4.8.1 (java windows)
Content-Length: 48807
Content-Type: application/json; charset=utf-8
host: localhost:17982
accept: */*

Response DefaultHttpResponse(decodeResult: success, version: HTTP/1.1)
HTTP/1.1 200 OK
Content-Length: 14
Content-Type: application/json; charset=utf-8
cache-control: no-cache

01:31:44.318 [AsyncHttpClient-1-2] DEBUG org.asynchttpclient.netty.channel.ChannelManager - Adding key: http://localhost:17982 for channel [id: 0x9e692938, L:/127.0.0.1:58152 - R:localhost/127.0.0.1:17982]
  &amp#27;[32mThen &amp#27;[0m&amp#27;[32mI am on the product page&amp#27;[0m                   &amp#27;[90m# starter.stepdefinitions.LoginSteps.onTheProductPage()&amp#27;[0m
01:31:44.328 [Forwarding getAlertText on session 1c8755dbc529430116ea912b76481e43 to remote] DEBUG org.asynchttpclient.netty.request.NettyRequestSender - Using pooled Channel '[id: 0x9e692938, L:/127.0.0.1:58152 - R:localhost/127.0.0.1:17982]' for 'GET' to 'http://localhost:17982/session/1c8755dbc529430116ea912b76481e43/alert/text'
01:31:44.328 [Forwarding getAlertText on session 1c8755dbc529430116ea912b76481e43 to remote] DEBUG org.asynchttpclient.netty.request.NettyRequestSender - Using open Channel [id: 0x9e692938, L:/127.0.0.1:58152 - R:localhost/127.0.0.1:17982] for GET '/session/1c8755dbc529430116ea912b76481e43/alert/text'
01:31:44.330 [AsyncHttpClient-1-2] DEBUG org.asynchttpclient.netty.handler.HttpHandler - 

Request DefaultFullHttpRequest(decodeResult: success, version: HTTP/1.1, content: EmptyByteBufBE)
GET /session/1c8755dbc529430116ea912b76481e43/alert/text HTTP/1.1
User-Agent: selenium/4.8.1 (java windows)
Cache-Control: no-cache
Content-Type: application/json; charset=utf-8
host: localhost:17982
accept: */*

Response DefaultHttpResponse(decodeResult: success, version: HTTP/1.1)
HTTP/1.1 404 Not Found
Content-Length: 816
Content-Type: application/json; charset=utf-8
cache-control: no-cache

01:31:44.331 [AsyncHttpClient-1-2] DEBUG org.asynchttpclient.netty.channel.ChannelManager - Adding key: http://localhost:17982 for channel [id: 0x9e692938, L:/127.0.0.1:58152 - R:localhost/127.0.0.1:17982]
01:31:44.334 [Forwarding getCurrentUrl on session 1c8755dbc529430116ea912b76481e43 to remote] DEBUG org.asynchttpclient.netty.request.NettyRequestSender - Using pooled Channel '[id: 0x9e692938, L:/127.0.0.1:58152 - R:localhost/127.0.0.1:17982]' for 'GET' to 'http://localhost:17982/session/1c8755dbc529430116ea912b76481e43/url'
01:31:44.334 [Forwarding getCurrentUrl on session 1c8755dbc529430116ea912b76481e43 to remote] DEBUG org.asynchttpclient.netty.request.NettyRequestSender - Using open Channel [id: 0x9e692938, L:/127.0.0.1:58152 - R:localhost/127.0.0.1:17982] for GET '/session/1c8755dbc529430116ea912b76481e43/url'
01:31:44.339 [AsyncHttpClient-1-2] DEBUG org.asynchttpclient.netty.handler.HttpHandler - 

Request DefaultFullHttpRequest(decodeResult: success, version: HTTP/1.1, content: EmptyByteBufBE)
GET /session/1c8755dbc529430116ea912b76481e43/url HTTP/1.1
User-Agent: selenium/4.8.1 (java windows)
Cache-Control: no-cache
Content-Type: application/json; charset=utf-8
host: localhost:17982
accept: */*

Response DefaultHttpResponse(decodeResult: success, version: HTTP/1.1)
HTTP/1.1 200 OK
Content-Length: 41
Content-Type: application/json; charset=utf-8
cache-control: no-cache

01:31:44.340 [AsyncHttpClient-1-2] DEBUG org.asynchttpclient.netty.channel.ChannelManager - Adding key: http://localhost:17982 for channel [id: 0x9e692938, L:/127.0.0.1:58152 - R:localhost/127.0.0.1:17982]
01:31:44.342 [Forwarding screenshot on session 1c8755dbc529430116ea912b76481e43 to remote] DEBUG org.asynchttpclient.netty.request.NettyRequestSender - Using pooled Channel '[id: 0x9e692938, L:/127.0.0.1:58152 - R:localhost/127.0.0.1:17982]' for 'GET' to 'http://localhost:17982/session/1c8755dbc529430116ea912b76481e43/screenshot'
01:31:44.342 [Forwarding screenshot on session 1c8755dbc529430116ea912b76481e43 to remote] DEBUG org.asynchttpclient.netty.request.NettyRequestSender - Using open Channel [id: 0x9e692938, L:/127.0.0.1:58152 - R:localhost/127.0.0.1:17982] for GET '/session/1c8755dbc529430116ea912b76481e43/screenshot'
01:31:44.513 [AsyncHttpClient-1-2] DEBUG org.asynchttpclient.netty.handler.HttpHandler - 

Request DefaultFullHttpRequest(decodeResult: success, version: HTTP/1.1, content: EmptyByteBufBE)
GET /session/1c8755dbc529430116ea912b76481e43/screenshot HTTP/1.1
User-Agent: selenium/4.8.1 (java windows)
Cache-Control: no-cache
Content-Type: application/json; charset=utf-8
host: localhost:17982
accept: */*

Response DefaultHttpResponse(decodeResult: success, version: HTTP/1.1)
HTTP/1.1 200 OK
Content-Length: 88464
Content-Type: application/json; charset=utf-8
cache-control: no-cache

01:31:44.515 [AsyncHttpClient-1-2] DEBUG org.asynchttpclient.netty.channel.ChannelManager - Adding key: http://localhost:17982 for channel [id: 0x9e692938, L:/127.0.0.1:58152 - R:localhost/127.0.0.1:17982]
01:31:44.522 [main] DEBUG net.serenitybdd.core.photography.Darkroom - Send negative for processing for target\site\serenity\380c11fc0cd7515eec6d85fffde871e384ea0a71e240758e43308d3039d1f497.png
01:31:44.523 [Darkroom Processing Line] DEBUG net.serenitybdd.core.photography.DarkroomProcessingLine - Processing screenshot image in /var/screenshots/screenshot-5588830164659569752
01:31:44.523 [Darkroom Processing Line] DEBUG net.serenitybdd.core.photography.DarkroomProcessingLine - Saving screenshot to target\site\serenity\380c11fc0cd7515eec6d85fffde871e384ea0a71e240758e43308d3039d1f497.png
01:31:44.528 [main] INFO  - 
  _____   ___   ___   _____     ___     _     ___   ___   ___   ___  
 |_   _| | __| / __| |_   _|   | _ \   /_\   / __| / __| | __| |   \ 
   | |   | _|  \__ \   | |     |  _/  / _ \  \__ \ \__ \ | _|  | |) |
   |_|   |___| |___/   |_|     |_|   /_/ \_\ |___/ |___/ |___| |___/ 

As user i have be able to success login
----------------------------------------------------------------------
01:31:44.593 [Driver Command Executor] DEBUG org.asynchttpclient.netty.request.NettyRequestSender - Using pooled Channel '[id: 0x9e692938, L:/127.0.0.1:58152 - R:localhost/127.0.0.1:17982]' for 'DELETE' to 'http://localhost:17982/session/1c8755dbc529430116ea912b76481e43'
01:31:44.595 [Driver Command Executor] DEBUG org.asynchttpclient.netty.request.NettyRequestSender - Using open Channel [id: 0x9e692938, L:/127.0.0.1:58152 - R:localhost/127.0.0.1:17982] for DELETE '/session/1c8755dbc529430116ea912b76481e43'
01:31:44.663 [AsyncHttpClient-1-3] DEBUG org.asynchttpclient.netty.handler.HttpHandler - Unexpected I/O exception on channel [id: 0x8f65e5b1, L:/127.0.0.1:58159 - R:localhost/127.0.0.1:58153]
java.io.IOException: An existing connection was forcibly closed by the remote host
	at sun.nio.ch.SocketDispatcher.read0(Native Method)
	at sun.nio.ch.SocketDispatcher.read(Unknown Source)
	at sun.nio.ch.IOUtil.readIntoNativeBuffer(Unknown Source)
	at sun.nio.ch.IOUtil.read(Unknown Source)
	at sun.nio.ch.SocketChannelImpl.read(Unknown Source)
	at io.netty.buffer.PooledByteBuf.setBytes(PooledByteBuf.java:259)
	at io.netty.buffer.AbstractByteBuf.writeBytes(AbstractByteBuf.java:1132)
	at io.netty.channel.socket.nio.NioSocketChannel.doReadBytes(NioSocketChannel.java:357)
	at io.netty.channel.nio.AbstractNioByteChannel$NioByteUnsafe.read(AbstractNioByteChannel.java:151)
	at io.netty.channel.nio.NioEventLoop.processSelectedKey(NioEventLoop.java:788)
	at io.netty.channel.nio.NioEventLoop.processSelectedKeysOptimized(NioEventLoop.java:724)
	at io.netty.channel.nio.NioEventLoop.processSelectedKeys(NioEventLoop.java:650)
	at io.netty.channel.nio.NioEventLoop.run(NioEventLoop.java:562)
	at io.netty.util.concurrent.SingleThreadEventExecutor$4.run(SingleThreadEventExecutor.java:997)
	at io.netty.util.internal.ThreadExecutorMap$2.run(ThreadExecutorMap.java:74)
	at io.netty.util.concurrent.FastThreadLocalRunnable.run(FastThreadLocalRunnable.java:30)
	at java.lang.Thread.run(Unknown Source)
01:31:44.663 [AsyncHttpClient-1-4] DEBUG org.asynchttpclient.netty.handler.WebSocketHandler - Unexpected I/O exception on channel [id: 0xbd1b5cea, L:/127.0.0.1:58160 - R:localhost/127.0.0.1:58153]
java.io.IOException: An existing connection was forcibly closed by the remote host
	at sun.nio.ch.SocketDispatcher.read0(Native Method)
	at sun.nio.ch.SocketDispatcher.read(Unknown Source)
	at sun.nio.ch.IOUtil.readIntoNativeBuffer(Unknown Source)
	at sun.nio.ch.IOUtil.read(Unknown Source)
	at sun.nio.ch.SocketChannelImpl.read(Unknown Source)
	at io.netty.buffer.PooledByteBuf.setBytes(PooledByteBuf.java:259)
	at io.netty.buffer.AbstractByteBuf.writeBytes(AbstractByteBuf.java:1132)
	at io.netty.channel.socket.nio.NioSocketChannel.doReadBytes(NioSocketChannel.java:357)
	at io.netty.channel.nio.AbstractNioByteChannel$NioByteUnsafe.read(AbstractNioByteChannel.java:151)
	at io.netty.channel.nio.NioEventLoop.processSelectedKey(NioEventLoop.java:788)
	at io.netty.channel.nio.NioEventLoop.processSelectedKeysOptimized(NioEventLoop.java:724)
	at io.netty.channel.nio.NioEventLoop.processSelectedKeys(NioEventLoop.java:650)
	at io.netty.channel.nio.NioEventLoop.run(NioEventLoop.java:562)
	at io.netty.util.concurrent.SingleThreadEventExecutor$4.run(SingleThreadEventExecutor.java:997)
	at io.netty.util.internal.ThreadExecutorMap$2.run(ThreadExecutorMap.java:74)
	at io.netty.util.concurrent.FastThreadLocalRunnable.run(FastThreadLocalRunnable.java:30)
	at java.lang.Thread.run(Unknown Source)
01:31:44.663 [AsyncHttpClient-1-3] DEBUG org.asynchttpclient.netty.channel.ChannelManager - Closing Channel [id: 0x8f65e5b1, L:/127.0.0.1:58159 - R:localhost/127.0.0.1:58153] 
01:31:44.664 [AsyncHttpClient-1-4] DEBUG org.asynchttpclient.netty.handler.WebSocketHandler - Trying to recover from dead Channel: [id: 0xbd1b5cea, L:/127.0.0.1:58160 - R:localhost/127.0.0.1:58153]
01:31:44.665 [AsyncHttpClient-1-4] DEBUG org.asynchttpclient.netty.handler.WebSocketHandler - Channel Closed: [id: 0xbd1b5cea, L:/127.0.0.1:58160 ! R:localhost/127.0.0.1:58153] with attribute NettyResponseFuture{currentRetry=0,
	isDone=1,
	isCancelled=0,
	asyncHandler=org.asynchttpclient.ws.WebSocketUpgradeHandler@3bb9e1b6,
	nettyRequest=org.asynchttpclient.netty.request.NettyRequest@17d4fbc2,
	future=java.util.concurrent.CompletableFuture@20a3503b[Completed normally],
	uri=ws://localhost:58153/devtools/browser/87417312-0400-486c-a727-7d29b4643d18,
	keepAlive=true,
	redirectCount=0,
	timeoutsHolder=null,
	inAuth=0,
	touch=1683484304663}
01:31:44.666 [AsyncHttpClient-1-4] DEBUG org.asynchttpclient.netty.channel.ChannelManager - Closing Channel [id: 0xbd1b5cea, L:/127.0.0.1:58160 ! R:localhost/127.0.0.1:58153] 
01:31:44.667 [AsyncHttpClient-1-3] DEBUG org.asynchttpclient.netty.handler.HttpHandler - Channel Closed: [id: 0x8f65e5b1, L:/127.0.0.1:58159 ! R:localhost/127.0.0.1:58153] with attribute DISCARD
01:31:44.691 [AsyncHttpClient-1-1] DEBUG org.asynchttpclient.netty.channel.DefaultChannelPool - Entry count for : http://localhost:58153 : 1
01:31:44.691 [AsyncHttpClient-1-1] DEBUG org.asynchttpclient.netty.channel.DefaultChannelPool - Adding Candidate expired Channel [id: 0x8f65e5b1, L:/127.0.0.1:58159 ! R:localhost/127.0.0.1:58153] isIdleTimeoutExpired=false isRemotelyClosed=true isTtlExpired=false
01:31:44.691 [AsyncHttpClient-1-1] DEBUG org.asynchttpclient.netty.channel.DefaultChannelPool - Closing Idle Channel [id: 0x8f65e5b1, L:/127.0.0.1:58159 ! R:localhost/127.0.0.1:58153]
01:31:44.691 [AsyncHttpClient-1-1] DEBUG org.asynchttpclient.netty.channel.DefaultChannelPool - Closed 1 connections out of 1 in 0 ms
01:31:44.802 [AsyncHttpClient-1-2] DEBUG org.asynchttpclient.netty.handler.HttpHandler - 

Request DefaultFullHttpRequest(decodeResult: success, version: HTTP/1.1, content: EmptyByteBufBE)
DELETE /session/1c8755dbc529430116ea912b76481e43 HTTP/1.1
User-Agent: selenium/4.8.1 (java windows)
Content-Type: application/json; charset=utf-8
host: localhost:17982
accept: */*

Response DefaultHttpResponse(decodeResult: success, version: HTTP/1.1)
HTTP/1.1 200 OK
Content-Length: 14
Content-Type: application/json; charset=utf-8
cache-control: no-cache

01:31:44.802 [AsyncHttpClient-1-2] DEBUG org.asynchttpclient.netty.channel.ChannelManager - Adding key: http://localhost:17982 for channel [id: 0x9e692938, L:/127.0.0.1:58152 - R:localhost/127.0.0.1:17982]
01:31:44.911 [AsyncHttpClient-1-2] DEBUG org.asynchttpclient.netty.handler.HttpHandler - Channel Closed: [id: 0x9e692938, L:/127.0.0.1:58152 ! R:localhost/127.0.0.1:17982] with attribute DISCARD
]]></system-out>
    <system-err><![CDATA[Starting ChromeDriver 111.0.5563.64 (c710e93d5b63b7095afe8c2c17df34408078439d-refs/branch-heads/5563@{#995}) on port 17982
Only local connections are allowed.
Please see https://chromedriver.chromium.org/security-considerations for suggestions on keeping ChromeDriver safe.
ChromeDriver was started successfully.
[1683484298.514][WARNING]: This version of ChromeDriver has not been tested with Chrome version 112.
Mei 08, 2023 1:31:38 AM org.openqa.selenium.devtools.CdpVersionFinder findNearestMatch
WARNING: Unable to find an exact match for CDP version 112, so returning the closest version found: 110
]]></system-err>
  </testcase>
  <testcase name="As user i haven&apos;t be able to login when using invalid email" classname="login" time="5.221">
    <system-out><![CDATA[
Scenario: As user i haven't be able to login when using invalid email &amp#27;[90m# src/test/resources/features/Login.feature:13&amp#27;[0m
01:31:45.457 [main] DEBUG io.cucumber.core.plugin.SerenityReporter - Running feature from file:///D:/TUGAS%20SEMESTER%206/Mini%20Project/WebTest-MiniProject/src/test/resources/features/Login.feature
01:31:45.460 [main] INFO  - 
  _____   ___   ___   _____     ___   _____     _     ___   _____   ___   ___  
 |_   _| | __| / __| |_   _|   / __| |_   _|   /_\   | _ \ |_   _| | __| |   \ 
   | |   | _|  \__ \   | |     \__ \   | |    / _ \  |   /   | |   | _|  | |) |
   |_|   |___| |___/   |_|     |___/   |_|   /_/ \_\ |_|_\   |_|   |___| |___/ 

As user i haven't be able to login when using invalid email(login;as-user-i-haven-t-be-able-to-login-when-using-invalid-email)
--------------------------------------------------------------------------------
01:31:45.583 [main] INFO net.serenitybdd.core.webdriver.driverproviders.ChromeDriverProvider - Starting Chrome driver instance with capabilities:
01:31:45.583 [main] INFO net.serenitybdd.core.webdriver.driverproviders.ChromeDriverProvider - Capabilities {acceptInsecureCerts: false, browserName: chrome, goog:chromeOptions: {args: [remote-allow-origins=*], extensions: []}}
01:31:45.790 [AsyncHttpClient-1-1] DEBUG org.asynchttpclient.netty.channel.DefaultChannelPool - Entry count for : http://localhost:17982 : 1
01:31:45.790 [AsyncHttpClient-1-1] DEBUG org.asynchttpclient.netty.channel.DefaultChannelPool - Adding Candidate expired Channel [id: 0x9e692938, L:/127.0.0.1:58152 ! R:localhost/127.0.0.1:17982] isIdleTimeoutExpired=false isRemotelyClosed=true isTtlExpired=false
01:31:45.790 [AsyncHttpClient-1-1] DEBUG org.asynchttpclient.netty.channel.DefaultChannelPool - Closing Idle Channel [id: 0x9e692938, L:/127.0.0.1:58152 ! R:localhost/127.0.0.1:17982]
01:31:45.790 [AsyncHttpClient-1-1] DEBUG org.asynchttpclient.netty.channel.DefaultChannelPool - Closed 1 connections out of 1 in 0 ms
01:31:46.174 [AsyncHttpClient-1-5] DEBUG org.asynchttpclient.netty.channel.NettyConnectListener - Using new Channel '[id: 0x14f47653, L:/127.0.0.1:58176 - R:localhost/127.0.0.1:42100]' for 'POST' to '/session'
01:31:46.901 [AsyncHttpClient-1-5] DEBUG org.asynchttpclient.netty.handler.HttpHandler - 

Request DefaultHttpRequest(decodeResult: success, version: HTTP/1.1)
POST /session HTTP/1.1
User-Agent: selenium/4.8.1 (java windows)
Content-Length: 507
Content-Type: application/json; charset=utf-8
host: localhost:42100
accept: */*

Response DefaultHttpResponse(decodeResult: success, version: HTTP/1.1)
HTTP/1.1 200 OK
Content-Length: 859
Content-Type: application/json; charset=utf-8
cache-control: no-cache

01:31:46.902 [AsyncHttpClient-1-5] DEBUG org.asynchttpclient.netty.channel.ChannelManager - Adding key: http://localhost:42100 for channel [id: 0x14f47653, L:/127.0.0.1:58176 - R:localhost/127.0.0.1:42100]
01:31:46.912 [AsyncHttpClient-1-6] DEBUG org.asynchttpclient.netty.channel.NettyConnectListener - Using new Channel '[id: 0xbf6bdad1, L:/127.0.0.1:58183 - R:localhost/127.0.0.1:58177]' for 'GET' to '/json/version'
01:31:46.916 [AsyncHttpClient-1-6] DEBUG org.asynchttpclient.netty.handler.HttpHandler - 

Request DefaultFullHttpRequest(decodeResult: success, version: HTTP/1.1, content: EmptyByteBufBE)
GET /json/version HTTP/1.1
User-Agent: selenium/4.8.1 (java windows)
host: localhost:58177
accept: */*

Response DefaultHttpResponse(decodeResult: success, version: HTTP/1.1)
HTTP/1.1 200 OK
Content-Security-Policy: frame-ancestors 'none'
Content-Length: 424
Content-Type: application/json; charset=UTF-8

01:31:46.917 [AsyncHttpClient-1-6] DEBUG org.asynchttpclient.netty.channel.ChannelManager - Adding key: http://localhost:58177 for channel [id: 0xbf6bdad1, L:/127.0.0.1:58183 - R:localhost/127.0.0.1:58177]
01:31:46.921 [AsyncHttpClient-1-7] DEBUG org.asynchttpclient.netty.channel.NettyConnectListener - Using new Channel '[id: 0xa93ac621, L:/127.0.0.1:58184 - R:localhost/127.0.0.1:58177]' for 'GET' to '/devtools/browser/5daa7584-5eea-4b0b-bff1-5cef18bdf7bf'
01:31:46.923 [AsyncHttpClient-1-7] DEBUG org.asynchttpclient.netty.handler.WebSocketHandler - 

Request DefaultFullHttpRequest(decodeResult: success, version: HTTP/1.1, content: EmptyByteBufBE)
GET /devtools/browser/5daa7584-5eea-4b0b-bff1-5cef18bdf7bf HTTP/1.1
upgrade: websocket
connection: upgrade
sec-websocket-key: QxPUk4jG2qIsVeM2PCYsNg==
sec-websocket-version: 13
origin: http://localhost:58177
host: localhost:58177
accept: */*
user-agent: AHC/2.1

Response DefaultHttpResponse(decodeResult: success, version: HTTP/1.1)
HTTP/1.1 101 WebSocket Protocol Handshake
Upgrade: WebSocket
Connection: Upgrade
Sec-WebSocket-Accept: EMBOi/U2hG2w7hUAdW7JeHf9BZo=

01:31:46.928 [Forwarding get on session d18ee29a72f5ee9d04240e0c97e29c0a to remote] DEBUG org.asynchttpclient.netty.request.NettyRequestSender - Using pooled Channel '[id: 0x14f47653, L:/127.0.0.1:58176 - R:localhost/127.0.0.1:42100]' for 'POST' to 'http://localhost:42100/session/d18ee29a72f5ee9d04240e0c97e29c0a/url'
01:31:46.929 [Forwarding get on session d18ee29a72f5ee9d04240e0c97e29c0a to remote] DEBUG org.asynchttpclient.netty.request.NettyRequestSender - Using open Channel [id: 0x14f47653, L:/127.0.0.1:58176 - R:localhost/127.0.0.1:42100] for POST '/session/d18ee29a72f5ee9d04240e0c97e29c0a/url'
01:31:47.649 [AsyncHttpClient-1-5] DEBUG org.asynchttpclient.netty.handler.HttpHandler - 

Request DefaultHttpRequest(decodeResult: success, version: HTTP/1.1)
POST /session/d18ee29a72f5ee9d04240e0c97e29c0a/url HTTP/1.1
User-Agent: selenium/4.8.1 (java windows)
Content-Length: 74
Content-Type: application/json; charset=utf-8
host: localhost:42100
accept: */*

Response DefaultHttpResponse(decodeResult: success, version: HTTP/1.1)
HTTP/1.1 200 OK
Content-Length: 14
Content-Type: application/json; charset=utf-8
cache-control: no-cache

01:31:47.650 [AsyncHttpClient-1-5] DEBUG org.asynchttpclient.netty.channel.ChannelManager - Adding key: http://localhost:42100 for channel [id: 0x14f47653, L:/127.0.0.1:58176 - R:localhost/127.0.0.1:42100]
01:31:47.652 [Forwarding setTimeout on session d18ee29a72f5ee9d04240e0c97e29c0a to remote] DEBUG org.asynchttpclient.netty.request.NettyRequestSender - Using pooled Channel '[id: 0x14f47653, L:/127.0.0.1:58176 - R:localhost/127.0.0.1:42100]' for 'POST' to 'http://localhost:42100/session/d18ee29a72f5ee9d04240e0c97e29c0a/timeouts'
01:31:47.653 [Forwarding setTimeout on session d18ee29a72f5ee9d04240e0c97e29c0a to remote] DEBUG org.asynchttpclient.netty.request.NettyRequestSender - Using open Channel [id: 0x14f47653, L:/127.0.0.1:58176 - R:localhost/127.0.0.1:42100] for POST '/session/d18ee29a72f5ee9d04240e0c97e29c0a/timeouts'
01:31:47.654 [AsyncHttpClient-1-5] DEBUG org.asynchttpclient.netty.handler.HttpHandler - 

Request DefaultHttpRequest(decodeResult: success, version: HTTP/1.1)
POST /session/d18ee29a72f5ee9d04240e0c97e29c0a/timeouts HTTP/1.1
User-Agent: selenium/4.8.1 (java windows)
Content-Length: 22
Content-Type: application/json; charset=utf-8
host: localhost:42100
accept: */*

Response DefaultHttpResponse(decodeResult: success, version: HTTP/1.1)
HTTP/1.1 200 OK
Content-Length: 14
Content-Type: application/json; charset=utf-8
cache-control: no-cache

01:31:47.654 [AsyncHttpClient-1-5] DEBUG org.asynchttpclient.netty.channel.ChannelManager - Adding key: http://localhost:42100 for channel [id: 0x14f47653, L:/127.0.0.1:58176 - R:localhost/127.0.0.1:42100]
01:31:47.667 [Forwarding getAlertText on session d18ee29a72f5ee9d04240e0c97e29c0a to remote] DEBUG org.asynchttpclient.netty.request.NettyRequestSender - Using pooled Channel '[id: 0x14f47653, L:/127.0.0.1:58176 - R:localhost/127.0.0.1:42100]' for 'GET' to 'http://localhost:42100/session/d18ee29a72f5ee9d04240e0c97e29c0a/alert/text'
01:31:47.667 [Forwarding getAlertText on session d18ee29a72f5ee9d04240e0c97e29c0a to remote] DEBUG org.asynchttpclient.netty.request.NettyRequestSender - Using open Channel [id: 0x14f47653, L:/127.0.0.1:58176 - R:localhost/127.0.0.1:42100] for GET '/session/d18ee29a72f5ee9d04240e0c97e29c0a/alert/text'
01:31:47.669 [AsyncHttpClient-1-5] DEBUG org.asynchttpclient.netty.handler.HttpHandler - 

Request DefaultFullHttpRequest(decodeResult: success, version: HTTP/1.1, content: EmptyByteBufBE)
GET /session/d18ee29a72f5ee9d04240e0c97e29c0a/alert/text HTTP/1.1
User-Agent: selenium/4.8.1 (java windows)
Cache-Control: no-cache
Content-Type: application/json; charset=utf-8
host: localhost:42100
accept: */*

Response DefaultHttpResponse(decodeResult: success, version: HTTP/1.1)
HTTP/1.1 404 Not Found
Content-Length: 816
Content-Type: application/json; charset=utf-8
cache-control: no-cache

01:31:47.670 [AsyncHttpClient-1-5] DEBUG org.asynchttpclient.netty.channel.ChannelManager - Adding key: http://localhost:42100 for channel [id: 0x14f47653, L:/127.0.0.1:58176 - R:localhost/127.0.0.1:42100]
01:31:47.672 [Forwarding getCurrentUrl on session d18ee29a72f5ee9d04240e0c97e29c0a to remote] DEBUG org.asynchttpclient.netty.request.NettyRequestSender - Using pooled Channel '[id: 0x14f47653, L:/127.0.0.1:58176 - R:localhost/127.0.0.1:42100]' for 'GET' to 'http://localhost:42100/session/d18ee29a72f5ee9d04240e0c97e29c0a/url'
01:31:47.672 [Forwarding getCurrentUrl on session d18ee29a72f5ee9d04240e0c97e29c0a to remote] DEBUG org.asynchttpclient.netty.request.NettyRequestSender - Using open Channel [id: 0x14f47653, L:/127.0.0.1:58176 - R:localhost/127.0.0.1:42100] for GET '/session/d18ee29a72f5ee9d04240e0c97e29c0a/url'
01:31:47.685 [AsyncHttpClient-1-5] DEBUG org.asynchttpclient.netty.handler.HttpHandler - 

Request DefaultFullHttpRequest(decodeResult: success, version: HTTP/1.1, content: EmptyByteBufBE)
GET /session/d18ee29a72f5ee9d04240e0c97e29c0a/url HTTP/1.1
User-Agent: selenium/4.8.1 (java windows)
Cache-Control: no-cache
Content-Type: application/json; charset=utf-8
host: localhost:42100
accept: */*

Response DefaultHttpResponse(decodeResult: success, version: HTTP/1.1)
HTTP/1.1 200 OK
Content-Length: 51
Content-Type: application/json; charset=utf-8
cache-control: no-cache

01:31:47.686 [AsyncHttpClient-1-5] DEBUG org.asynchttpclient.netty.channel.ChannelManager - Adding key: http://localhost:42100 for channel [id: 0x14f47653, L:/127.0.0.1:58176 - R:localhost/127.0.0.1:42100]
01:31:47.688 [Forwarding screenshot on session d18ee29a72f5ee9d04240e0c97e29c0a to remote] DEBUG org.asynchttpclient.netty.request.NettyRequestSender - Using pooled Channel '[id: 0x14f47653, L:/127.0.0.1:58176 - R:localhost/127.0.0.1:42100]' for 'GET' to 'http://localhost:42100/session/d18ee29a72f5ee9d04240e0c97e29c0a/screenshot'
01:31:47.688 [Forwarding screenshot on session d18ee29a72f5ee9d04240e0c97e29c0a to remote] DEBUG org.asynchttpclient.netty.request.NettyRequestSender - Using open Channel [id: 0x14f47653, L:/127.0.0.1:58176 - R:localhost/127.0.0.1:42100] for GET '/session/d18ee29a72f5ee9d04240e0c97e29c0a/screenshot'
01:31:47.982 [AsyncHttpClient-1-5] DEBUG org.asynchttpclient.netty.handler.HttpHandler - 

Request DefaultFullHttpRequest(decodeResult: success, version: HTTP/1.1, content: EmptyByteBufBE)
GET /session/d18ee29a72f5ee9d04240e0c97e29c0a/screenshot HTTP/1.1
User-Agent: selenium/4.8.1 (java windows)
Cache-Control: no-cache
Content-Type: application/json; charset=utf-8
host: localhost:42100
accept: */*

Response DefaultHttpResponse(decodeResult: success, version: HTTP/1.1)
HTTP/1.1 200 OK
Content-Length: 37680
Content-Type: application/json; charset=utf-8
cache-control: no-cache

01:31:47.983 [AsyncHttpClient-1-5] DEBUG org.asynchttpclient.netty.channel.ChannelManager - Adding key: http://localhost:42100 for channel [id: 0x14f47653, L:/127.0.0.1:58176 - R:localhost/127.0.0.1:42100]
01:31:47.986 [main] DEBUG net.serenitybdd.core.photography.Darkroom - Send negative for processing for target\site\serenity\617ccc73021c4cab9dfa54c5aa3482f15135817f8e58f0514fd8d62047c1a9ab.png
01:31:47.988 [Forwarding getPageSource on session d18ee29a72f5ee9d04240e0c97e29c0a to remote] DEBUG org.asynchttpclient.netty.request.NettyRequestSender - Using pooled Channel '[id: 0x14f47653, L:/127.0.0.1:58176 - R:localhost/127.0.0.1:42100]' for 'POST' to 'http://localhost:42100/session/d18ee29a72f5ee9d04240e0c97e29c0a/execute/sync'
01:31:47.989 [Forwarding getPageSource on session d18ee29a72f5ee9d04240e0c97e29c0a to remote] DEBUG org.asynchttpclient.netty.request.NettyRequestSender - Using open Channel [id: 0x14f47653, L:/127.0.0.1:58176 - R:localhost/127.0.0.1:42100] for POST '/session/d18ee29a72f5ee9d04240e0c97e29c0a/execute/sync'
01:31:47.994 [AsyncHttpClient-1-1] DEBUG org.asynchttpclient.netty.channel.DefaultChannelPool - Entry count for : http://localhost:58177 : 1
01:31:47.997 [AsyncHttpClient-1-5] DEBUG org.asynchttpclient.netty.handler.HttpHandler - 

Request DefaultHttpRequest(decodeResult: success, version: HTTP/1.1)
POST /session/d18ee29a72f5ee9d04240e0c97e29c0a/execute/sync HTTP/1.1
User-Agent: selenium/4.8.1 (java windows)
Content-Length: 176
Content-Type: application/json; charset=utf-8
host: localhost:42100
accept: */*

Response DefaultHttpResponse(decodeResult: success, version: HTTP/1.1)
HTTP/1.1 200 OK
Content-Length: 21659
Content-Type: application/json; charset=utf-8
cache-control: no-cache

01:31:47.998 [AsyncHttpClient-1-5] DEBUG org.asynchttpclient.netty.channel.ChannelManager - Adding key: http://localhost:42100 for channel [id: 0x14f47653, L:/127.0.0.1:58176 - R:localhost/127.0.0.1:42100]
01:31:48.002 [Forwarding getCurrentUrl on session d18ee29a72f5ee9d04240e0c97e29c0a to remote] DEBUG org.asynchttpclient.netty.request.NettyRequestSender - Using pooled Channel '[id: 0x14f47653, L:/127.0.0.1:58176 - R:localhost/127.0.0.1:42100]' for 'GET' to 'http://localhost:42100/session/d18ee29a72f5ee9d04240e0c97e29c0a/url'
01:31:48.002 [Forwarding getCurrentUrl on session d18ee29a72f5ee9d04240e0c97e29c0a to remote] DEBUG org.asynchttpclient.netty.request.NettyRequestSender - Using open Channel [id: 0x14f47653, L:/127.0.0.1:58176 - R:localhost/127.0.0.1:42100] for GET '/session/d18ee29a72f5ee9d04240e0c97e29c0a/url'
01:31:48.007 [AsyncHttpClient-1-5] DEBUG org.asynchttpclient.netty.handler.HttpHandler - 

Request DefaultFullHttpRequest(decodeResult: success, version: HTTP/1.1, content: EmptyByteBufBE)
GET /session/d18ee29a72f5ee9d04240e0c97e29c0a/url HTTP/1.1
User-Agent: selenium/4.8.1 (java windows)
Cache-Control: no-cache
Content-Type: application/json; charset=utf-8
host: localhost:42100
accept: */*

Response DefaultHttpResponse(decodeResult: success, version: HTTP/1.1)
HTTP/1.1 200 OK
Content-Length: 51
Content-Type: application/json; charset=utf-8
cache-control: no-cache

01:31:48.007 [AsyncHttpClient-1-5] DEBUG org.asynchttpclient.netty.channel.ChannelManager - Adding key: http://localhost:42100 for channel [id: 0x14f47653, L:/127.0.0.1:58176 - R:localhost/127.0.0.1:42100]
01:31:48.009 [main] DEBUG net.thucydides.core.steps.StepInterceptor - STARTING STEP: LoginSteps.onTheLoginPage - validateOnTheLoginPage
01:31:48.013 [Forwarding findElement on session d18ee29a72f5ee9d04240e0c97e29c0a to remote] DEBUG org.asynchttpclient.netty.request.NettyRequestSender - Using pooled Channel '[id: 0x14f47653, L:/127.0.0.1:58176 - R:localhost/127.0.0.1:42100]' for 'POST' to 'http://localhost:42100/session/d18ee29a72f5ee9d04240e0c97e29c0a/element'
01:31:48.013 [Forwarding findElement on session d18ee29a72f5ee9d04240e0c97e29c0a to remote] DEBUG org.asynchttpclient.netty.request.NettyRequestSender - Using open Channel [id: 0x14f47653, L:/127.0.0.1:58176 - R:localhost/127.0.0.1:42100] for POST '/session/d18ee29a72f5ee9d04240e0c97e29c0a/element'
01:31:48.026 [AsyncHttpClient-1-5] DEBUG org.asynchttpclient.netty.handler.HttpHandler - 

Request DefaultHttpRequest(decodeResult: success, version: HTTP/1.1)
POST /session/d18ee29a72f5ee9d04240e0c97e29c0a/element HTTP/1.1
User-Agent: selenium/4.8.1 (java windows)
Content-Length: 165
Content-Type: application/json; charset=utf-8
host: localhost:42100
accept: */*

Response DefaultHttpResponse(decodeResult: success, version: HTTP/1.1)
HTTP/1.1 200 OK
Content-Length: 88
Content-Type: application/json; charset=utf-8
cache-control: no-cache

01:31:48.027 [AsyncHttpClient-1-5] DEBUG org.asynchttpclient.netty.channel.ChannelManager - Adding key: http://localhost:42100 for channel [id: 0x14f47653, L:/127.0.0.1:58176 - R:localhost/127.0.0.1:42100]
01:31:48.030 [Forwarding isElementDisplayed on session d18ee29a72f5ee9d04240e0c97e29c0a to remote] DEBUG org.asynchttpclient.netty.request.NettyRequestSender - Using pooled Channel '[id: 0x14f47653, L:/127.0.0.1:58176 - R:localhost/127.0.0.1:42100]' for 'POST' to 'http://localhost:42100/session/d18ee29a72f5ee9d04240e0c97e29c0a/execute/sync'
01:31:48.031 [Forwarding isElementDisplayed on session d18ee29a72f5ee9d04240e0c97e29c0a to remote] DEBUG org.asynchttpclient.netty.request.NettyRequestSender - Using open Channel [id: 0x14f47653, L:/127.0.0.1:58176 - R:localhost/127.0.0.1:42100] for POST '/session/d18ee29a72f5ee9d04240e0c97e29c0a/execute/sync'
01:31:48.047 [AsyncHttpClient-1-5] DEBUG org.asynchttpclient.netty.handler.HttpHandler - 

Request DefaultHttpRequest(decodeResult: success, version: HTTP/1.1)
POST /session/d18ee29a72f5ee9d04240e0c97e29c0a/execute/sync HTTP/1.1
User-Agent: selenium/4.8.1 (java windows)
Content-Length: 48807
Content-Type: application/json; charset=utf-8
host: localhost:42100
accept: */*

Response DefaultHttpResponse(decodeResult: success, version: HTTP/1.1)
HTTP/1.1 200 OK
Content-Length: 14
Content-Type: application/json; charset=utf-8
cache-control: no-cache

01:31:48.047 [AsyncHttpClient-1-5] DEBUG org.asynchttpclient.netty.channel.ChannelManager - Adding key: http://localhost:42100 for channel [id: 0x14f47653, L:/127.0.0.1:58176 - R:localhost/127.0.0.1:42100]
01:31:48.054 [Forwarding getAlertText on session d18ee29a72f5ee9d04240e0c97e29c0a to remote] DEBUG org.asynchttpclient.netty.request.NettyRequestSender - Using pooled Channel '[id: 0x14f47653, L:/127.0.0.1:58176 - R:localhost/127.0.0.1:42100]' for 'GET' to 'http://localhost:42100/session/d18ee29a72f5ee9d04240e0c97e29c0a/alert/text'
01:31:48.054 [Forwarding getAlertText on session d18ee29a72f5ee9d04240e0c97e29c0a to remote] DEBUG org.asynchttpclient.netty.request.NettyRequestSender - Using open Channel [id: 0x14f47653, L:/127.0.0.1:58176 - R:localhost/127.0.0.1:42100] for GET '/session/d18ee29a72f5ee9d04240e0c97e29c0a/alert/text'
01:31:48.056 [AsyncHttpClient-1-5] DEBUG org.asynchttpclient.netty.handler.HttpHandler - 

Request DefaultFullHttpRequest(decodeResult: success, version: HTTP/1.1, content: EmptyByteBufBE)
GET /session/d18ee29a72f5ee9d04240e0c97e29c0a/alert/text HTTP/1.1
User-Agent: selenium/4.8.1 (java windows)
Cache-Control: no-cache
Content-Type: application/json; charset=utf-8
host: localhost:42100
accept: */*

Response DefaultHttpResponse(decodeResult: success, version: HTTP/1.1)
HTTP/1.1 404 Not Found
Content-Length: 816
Content-Type: application/json; charset=utf-8
cache-control: no-cache

01:31:48.057 [AsyncHttpClient-1-5] DEBUG org.asynchttpclient.netty.channel.ChannelManager - Adding key: http://localhost:42100 for channel [id: 0x14f47653, L:/127.0.0.1:58176 - R:localhost/127.0.0.1:42100]
01:31:48.059 [Forwarding getCurrentUrl on session d18ee29a72f5ee9d04240e0c97e29c0a to remote] DEBUG org.asynchttpclient.netty.request.NettyRequestSender - Using pooled Channel '[id: 0x14f47653, L:/127.0.0.1:58176 - R:localhost/127.0.0.1:42100]' for 'GET' to 'http://localhost:42100/session/d18ee29a72f5ee9d04240e0c97e29c0a/url'
01:31:48.059 [Forwarding getCurrentUrl on session d18ee29a72f5ee9d04240e0c97e29c0a to remote] DEBUG org.asynchttpclient.netty.request.NettyRequestSender - Using open Channel [id: 0x14f47653, L:/127.0.0.1:58176 - R:localhost/127.0.0.1:42100] for GET '/session/d18ee29a72f5ee9d04240e0c97e29c0a/url'
01:31:48.063 [AsyncHttpClient-1-5] DEBUG org.asynchttpclient.netty.handler.HttpHandler - 

Request DefaultFullHttpRequest(decodeResult: success, version: HTTP/1.1, content: EmptyByteBufBE)
GET /session/d18ee29a72f5ee9d04240e0c97e29c0a/url HTTP/1.1
User-Agent: selenium/4.8.1 (java windows)
Cache-Control: no-cache
Content-Type: application/json; charset=utf-8
host: localhost:42100
accept: */*

Response DefaultHttpResponse(decodeResult: success, version: HTTP/1.1)
HTTP/1.1 200 OK
Content-Length: 51
Content-Type: application/json; charset=utf-8
cache-control: no-cache

01:31:48.063 [AsyncHttpClient-1-5] DEBUG org.asynchttpclient.netty.channel.ChannelManager - Adding key: http://localhost:42100 for channel [id: 0x14f47653, L:/127.0.0.1:58176 - R:localhost/127.0.0.1:42100]
01:31:48.065 [Forwarding screenshot on session d18ee29a72f5ee9d04240e0c97e29c0a to remote] DEBUG org.asynchttpclient.netty.request.NettyRequestSender - Using pooled Channel '[id: 0x14f47653, L:/127.0.0.1:58176 - R:localhost/127.0.0.1:42100]' for 'GET' to 'http://localhost:42100/session/d18ee29a72f5ee9d04240e0c97e29c0a/screenshot'
01:31:48.065 [Forwarding screenshot on session d18ee29a72f5ee9d04240e0c97e29c0a to remote] DEBUG org.asynchttpclient.netty.request.NettyRequestSender - Using open Channel [id: 0x14f47653, L:/127.0.0.1:58176 - R:localhost/127.0.0.1:42100] for GET '/session/d18ee29a72f5ee9d04240e0c97e29c0a/screenshot'
01:31:48.172 [AsyncHttpClient-1-5] DEBUG org.asynchttpclient.netty.handler.HttpHandler - 

Request DefaultFullHttpRequest(decodeResult: success, version: HTTP/1.1, content: EmptyByteBufBE)
GET /session/d18ee29a72f5ee9d04240e0c97e29c0a/screenshot HTTP/1.1
User-Agent: selenium/4.8.1 (java windows)
Cache-Control: no-cache
Content-Type: application/json; charset=utf-8
host: localhost:42100
accept: */*

Response DefaultHttpResponse(decodeResult: success, version: HTTP/1.1)
HTTP/1.1 200 OK
Content-Length: 37680
Content-Type: application/json; charset=utf-8
cache-control: no-cache

01:31:48.172 [AsyncHttpClient-1-5] DEBUG org.asynchttpclient.netty.channel.ChannelManager - Adding key: http://localhost:42100 for channel [id: 0x14f47653, L:/127.0.0.1:58176 - R:localhost/127.0.0.1:42100]
01:31:48.175 [main] DEBUG net.serenitybdd.core.photography.Darkroom - Send negative for processing for target\site\serenity\617ccc73021c4cab9dfa54c5aa3482f15135817f8e58f0514fd8d62047c1a9ab.png
01:31:48.175 [main] DEBUG net.thucydides.core.steps.StepInterceptor - STEP DONE: validateOnTheLoginPage
  &amp#27;[32mGiven &amp#27;[0m&amp#27;[32mI am on the login page&amp#27;[0m                                        &amp#27;[90m# starter.stepdefinitions.LoginSteps.onTheLoginPage()&amp#27;[0m
01:31:48.186 [Forwarding getPageSource on session d18ee29a72f5ee9d04240e0c97e29c0a to remote] DEBUG org.asynchttpclient.netty.request.NettyRequestSender - Using pooled Channel '[id: 0x14f47653, L:/127.0.0.1:58176 - R:localhost/127.0.0.1:42100]' for 'POST' to 'http://localhost:42100/session/d18ee29a72f5ee9d04240e0c97e29c0a/execute/sync'
01:31:48.186 [Forwarding getPageSource on session d18ee29a72f5ee9d04240e0c97e29c0a to remote] DEBUG org.asynchttpclient.netty.request.NettyRequestSender - Using open Channel [id: 0x14f47653, L:/127.0.0.1:58176 - R:localhost/127.0.0.1:42100] for POST '/session/d18ee29a72f5ee9d04240e0c97e29c0a/execute/sync'
01:31:48.192 [AsyncHttpClient-1-5] DEBUG org.asynchttpclient.netty.handler.HttpHandler - 

Request DefaultHttpRequest(decodeResult: success, version: HTTP/1.1)
POST /session/d18ee29a72f5ee9d04240e0c97e29c0a/execute/sync HTTP/1.1
User-Agent: selenium/4.8.1 (java windows)
Content-Length: 176
Content-Type: application/json; charset=utf-8
host: localhost:42100
accept: */*

Response DefaultHttpResponse(decodeResult: success, version: HTTP/1.1)
HTTP/1.1 200 OK
Content-Length: 21659
Content-Type: application/json; charset=utf-8
cache-control: no-cache

01:31:48.192 [AsyncHttpClient-1-5] DEBUG org.asynchttpclient.netty.channel.ChannelManager - Adding key: http://localhost:42100 for channel [id: 0x14f47653, L:/127.0.0.1:58176 - R:localhost/127.0.0.1:42100]
01:31:48.197 [Forwarding getCurrentUrl on session d18ee29a72f5ee9d04240e0c97e29c0a to remote] DEBUG org.asynchttpclient.netty.request.NettyRequestSender - Using pooled Channel '[id: 0x14f47653, L:/127.0.0.1:58176 - R:localhost/127.0.0.1:42100]' for 'GET' to 'http://localhost:42100/session/d18ee29a72f5ee9d04240e0c97e29c0a/url'
01:31:48.197 [Forwarding getCurrentUrl on session d18ee29a72f5ee9d04240e0c97e29c0a to remote] DEBUG org.asynchttpclient.netty.request.NettyRequestSender - Using open Channel [id: 0x14f47653, L:/127.0.0.1:58176 - R:localhost/127.0.0.1:42100] for GET '/session/d18ee29a72f5ee9d04240e0c97e29c0a/url'
01:31:48.202 [AsyncHttpClient-1-5] DEBUG org.asynchttpclient.netty.handler.HttpHandler - 

Request DefaultFullHttpRequest(decodeResult: success, version: HTTP/1.1, content: EmptyByteBufBE)
GET /session/d18ee29a72f5ee9d04240e0c97e29c0a/url HTTP/1.1
User-Agent: selenium/4.8.1 (java windows)
Cache-Control: no-cache
Content-Type: application/json; charset=utf-8
host: localhost:42100
accept: */*

Response DefaultHttpResponse(decodeResult: success, version: HTTP/1.1)
HTTP/1.1 200 OK
Content-Length: 51
Content-Type: application/json; charset=utf-8
cache-control: no-cache

01:31:48.202 [AsyncHttpClient-1-5] DEBUG org.asynchttpclient.netty.channel.ChannelManager - Adding key: http://localhost:42100 for channel [id: 0x14f47653, L:/127.0.0.1:58176 - R:localhost/127.0.0.1:42100]
01:31:48.211 [Forwarding getPageSource on session d18ee29a72f5ee9d04240e0c97e29c0a to remote] DEBUG org.asynchttpclient.netty.request.NettyRequestSender - Using pooled Channel '[id: 0x14f47653, L:/127.0.0.1:58176 - R:localhost/127.0.0.1:42100]' for 'POST' to 'http://localhost:42100/session/d18ee29a72f5ee9d04240e0c97e29c0a/execute/sync'
01:31:48.211 [Forwarding getPageSource on session d18ee29a72f5ee9d04240e0c97e29c0a to remote] DEBUG org.asynchttpclient.netty.request.NettyRequestSender - Using open Channel [id: 0x14f47653, L:/127.0.0.1:58176 - R:localhost/127.0.0.1:42100] for POST '/session/d18ee29a72f5ee9d04240e0c97e29c0a/execute/sync'
01:31:48.218 [AsyncHttpClient-1-5] DEBUG org.asynchttpclient.netty.handler.HttpHandler - 

Request DefaultHttpRequest(decodeResult: success, version: HTTP/1.1)
POST /session/d18ee29a72f5ee9d04240e0c97e29c0a/execute/sync HTTP/1.1
User-Agent: selenium/4.8.1 (java windows)
Content-Length: 176
Content-Type: application/json; charset=utf-8
host: localhost:42100
accept: */*

Response DefaultHttpResponse(decodeResult: success, version: HTTP/1.1)
HTTP/1.1 200 OK
Content-Length: 21659
Content-Type: application/json; charset=utf-8
cache-control: no-cache

01:31:48.218 [AsyncHttpClient-1-5] DEBUG org.asynchttpclient.netty.channel.ChannelManager - Adding key: http://localhost:42100 for channel [id: 0x14f47653, L:/127.0.0.1:58176 - R:localhost/127.0.0.1:42100]
01:31:48.225 [Forwarding getCurrentUrl on session d18ee29a72f5ee9d04240e0c97e29c0a to remote] DEBUG org.asynchttpclient.netty.request.NettyRequestSender - Using pooled Channel '[id: 0x14f47653, L:/127.0.0.1:58176 - R:localhost/127.0.0.1:42100]' for 'GET' to 'http://localhost:42100/session/d18ee29a72f5ee9d04240e0c97e29c0a/url'
01:31:48.226 [Forwarding getCurrentUrl on session d18ee29a72f5ee9d04240e0c97e29c0a to remote] DEBUG org.asynchttpclient.netty.request.NettyRequestSender - Using open Channel [id: 0x14f47653, L:/127.0.0.1:58176 - R:localhost/127.0.0.1:42100] for GET '/session/d18ee29a72f5ee9d04240e0c97e29c0a/url'
01:31:48.235 [AsyncHttpClient-1-5] DEBUG org.asynchttpclient.netty.handler.HttpHandler - 

Request DefaultFullHttpRequest(decodeResult: success, version: HTTP/1.1, content: EmptyByteBufBE)
GET /session/d18ee29a72f5ee9d04240e0c97e29c0a/url HTTP/1.1
User-Agent: selenium/4.8.1 (java windows)
Cache-Control: no-cache
Content-Type: application/json; charset=utf-8
host: localhost:42100
accept: */*

Response DefaultHttpResponse(decodeResult: success, version: HTTP/1.1)
HTTP/1.1 200 OK
Content-Length: 51
Content-Type: application/json; charset=utf-8
cache-control: no-cache

01:31:48.236 [AsyncHttpClient-1-5] DEBUG org.asynchttpclient.netty.channel.ChannelManager - Adding key: http://localhost:42100 for channel [id: 0x14f47653, L:/127.0.0.1:58176 - R:localhost/127.0.0.1:42100]
01:31:48.239 [main] DEBUG net.thucydides.core.steps.StepInterceptor - STARTING STEP: LoginSteps.enterInvalidUsername - inputUsername
01:31:48.244 [Forwarding findElement on session d18ee29a72f5ee9d04240e0c97e29c0a to remote] DEBUG org.asynchttpclient.netty.request.NettyRequestSender - Using pooled Channel '[id: 0x14f47653, L:/127.0.0.1:58176 - R:localhost/127.0.0.1:42100]' for 'POST' to 'http://localhost:42100/session/d18ee29a72f5ee9d04240e0c97e29c0a/element'
01:31:48.244 [Forwarding findElement on session d18ee29a72f5ee9d04240e0c97e29c0a to remote] DEBUG org.asynchttpclient.netty.request.NettyRequestSender - Using open Channel [id: 0x14f47653, L:/127.0.0.1:58176 - R:localhost/127.0.0.1:42100] for POST '/session/d18ee29a72f5ee9d04240e0c97e29c0a/element'
01:31:48.266 [AsyncHttpClient-1-5] DEBUG org.asynchttpclient.netty.handler.HttpHandler - 

Request DefaultHttpRequest(decodeResult: success, version: HTTP/1.1)
POST /session/d18ee29a72f5ee9d04240e0c97e29c0a/element HTTP/1.1
User-Agent: selenium/4.8.1 (java windows)
Content-Length: 68
Content-Type: application/json; charset=utf-8
host: localhost:42100
accept: */*

Response DefaultHttpResponse(decodeResult: success, version: HTTP/1.1)
HTTP/1.1 200 OK
Content-Length: 88
Content-Type: application/json; charset=utf-8
cache-control: no-cache

01:31:48.267 [AsyncHttpClient-1-5] DEBUG org.asynchttpclient.netty.channel.ChannelManager - Adding key: http://localhost:42100 for channel [id: 0x14f47653, L:/127.0.0.1:58176 - R:localhost/127.0.0.1:42100]
01:31:48.269 [Forwarding clearElement on session d18ee29a72f5ee9d04240e0c97e29c0a to remote] DEBUG org.asynchttpclient.netty.request.NettyRequestSender - Using pooled Channel '[id: 0x14f47653, L:/127.0.0.1:58176 - R:localhost/127.0.0.1:42100]' for 'POST' to 'http://localhost:42100/session/d18ee29a72f5ee9d04240e0c97e29c0a/element/230ad273-f656-46b4-acc5-5cbc472d3728/clear'
01:31:48.269 [Forwarding clearElement on session d18ee29a72f5ee9d04240e0c97e29c0a to remote] DEBUG org.asynchttpclient.netty.request.NettyRequestSender - Using open Channel [id: 0x14f47653, L:/127.0.0.1:58176 - R:localhost/127.0.0.1:42100] for POST '/session/d18ee29a72f5ee9d04240e0c97e29c0a/element/230ad273-f656-46b4-acc5-5cbc472d3728/clear'
01:31:48.327 [AsyncHttpClient-1-5] DEBUG org.asynchttpclient.netty.handler.HttpHandler - 

Request DefaultHttpRequest(decodeResult: success, version: HTTP/1.1)
POST /session/d18ee29a72f5ee9d04240e0c97e29c0a/element/230ad273-f656-46b4-acc5-5cbc472d3728/clear HTTP/1.1
User-Agent: selenium/4.8.1 (java windows)
Content-Length: 50
Content-Type: application/json; charset=utf-8
host: localhost:42100
accept: */*

Response DefaultHttpResponse(decodeResult: success, version: HTTP/1.1)
HTTP/1.1 200 OK
Content-Length: 14
Content-Type: application/json; charset=utf-8
cache-control: no-cache

01:31:48.328 [AsyncHttpClient-1-5] DEBUG org.asynchttpclient.netty.channel.ChannelManager - Adding key: http://localhost:42100 for channel [id: 0x14f47653, L:/127.0.0.1:58176 - R:localhost/127.0.0.1:42100]
01:31:48.331 [Forwarding sendKeysToElement on session d18ee29a72f5ee9d04240e0c97e29c0a to remote] DEBUG org.asynchttpclient.netty.request.NettyRequestSender - Using pooled Channel '[id: 0x14f47653, L:/127.0.0.1:58176 - R:localhost/127.0.0.1:42100]' for 'POST' to 'http://localhost:42100/session/d18ee29a72f5ee9d04240e0c97e29c0a/element/230ad273-f656-46b4-acc5-5cbc472d3728/value'
01:31:48.332 [Forwarding sendKeysToElement on session d18ee29a72f5ee9d04240e0c97e29c0a to remote] DEBUG org.asynchttpclient.netty.request.NettyRequestSender - Using open Channel [id: 0x14f47653, L:/127.0.0.1:58176 - R:localhost/127.0.0.1:42100] for POST '/session/d18ee29a72f5ee9d04240e0c97e29c0a/element/230ad273-f656-46b4-acc5-5cbc472d3728/value'
01:31:48.545 [AsyncHttpClient-1-5] DEBUG org.asynchttpclient.netty.handler.HttpHandler - 

Request DefaultHttpRequest(decodeResult: success, version: HTTP/1.1)
POST /session/d18ee29a72f5ee9d04240e0c97e29c0a/element/230ad273-f656-46b4-acc5-5cbc472d3728/value HTTP/1.1
User-Agent: selenium/4.8.1 (java windows)
Content-Length: 341
Content-Type: application/json; charset=utf-8
host: localhost:42100
accept: */*

Response DefaultHttpResponse(decodeResult: success, version: HTTP/1.1)
HTTP/1.1 200 OK
Content-Length: 14
Content-Type: application/json; charset=utf-8
cache-control: no-cache

01:31:48.545 [AsyncHttpClient-1-5] DEBUG org.asynchttpclient.netty.channel.ChannelManager - Adding key: http://localhost:42100 for channel [id: 0x14f47653, L:/127.0.0.1:58176 - R:localhost/127.0.0.1:42100]
01:31:48.555 [Forwarding getAlertText on session d18ee29a72f5ee9d04240e0c97e29c0a to remote] DEBUG org.asynchttpclient.netty.request.NettyRequestSender - Using pooled Channel '[id: 0x14f47653, L:/127.0.0.1:58176 - R:localhost/127.0.0.1:42100]' for 'GET' to 'http://localhost:42100/session/d18ee29a72f5ee9d04240e0c97e29c0a/alert/text'
01:31:48.555 [Forwarding getAlertText on session d18ee29a72f5ee9d04240e0c97e29c0a to remote] DEBUG org.asynchttpclient.netty.request.NettyRequestSender - Using open Channel [id: 0x14f47653, L:/127.0.0.1:58176 - R:localhost/127.0.0.1:42100] for GET '/session/d18ee29a72f5ee9d04240e0c97e29c0a/alert/text'
01:31:48.558 [AsyncHttpClient-1-5] DEBUG org.asynchttpclient.netty.handler.HttpHandler - 

Request DefaultFullHttpRequest(decodeResult: success, version: HTTP/1.1, content: EmptyByteBufBE)
GET /session/d18ee29a72f5ee9d04240e0c97e29c0a/alert/text HTTP/1.1
User-Agent: selenium/4.8.1 (java windows)
Cache-Control: no-cache
Content-Type: application/json; charset=utf-8
host: localhost:42100
accept: */*

Response DefaultHttpResponse(decodeResult: success, version: HTTP/1.1)
HTTP/1.1 404 Not Found
Content-Length: 816
Content-Type: application/json; charset=utf-8
cache-control: no-cache

01:31:48.558 [AsyncHttpClient-1-5] DEBUG org.asynchttpclient.netty.channel.ChannelManager - Adding key: http://localhost:42100 for channel [id: 0x14f47653, L:/127.0.0.1:58176 - R:localhost/127.0.0.1:42100]
01:31:48.560 [Forwarding getCurrentUrl on session d18ee29a72f5ee9d04240e0c97e29c0a to remote] DEBUG org.asynchttpclient.netty.request.NettyRequestSender - Using pooled Channel '[id: 0x14f47653, L:/127.0.0.1:58176 - R:localhost/127.0.0.1:42100]' for 'GET' to 'http://localhost:42100/session/d18ee29a72f5ee9d04240e0c97e29c0a/url'
01:31:48.560 [Forwarding getCurrentUrl on session d18ee29a72f5ee9d04240e0c97e29c0a to remote] DEBUG org.asynchttpclient.netty.request.NettyRequestSender - Using open Channel [id: 0x14f47653, L:/127.0.0.1:58176 - R:localhost/127.0.0.1:42100] for GET '/session/d18ee29a72f5ee9d04240e0c97e29c0a/url'
01:31:48.568 [AsyncHttpClient-1-5] DEBUG org.asynchttpclient.netty.handler.HttpHandler - 

Request DefaultFullHttpRequest(decodeResult: success, version: HTTP/1.1, content: EmptyByteBufBE)
GET /session/d18ee29a72f5ee9d04240e0c97e29c0a/url HTTP/1.1
User-Agent: selenium/4.8.1 (java windows)
Cache-Control: no-cache
Content-Type: application/json; charset=utf-8
host: localhost:42100
accept: */*

Response DefaultHttpResponse(decodeResult: success, version: HTTP/1.1)
HTTP/1.1 200 OK
Content-Length: 51
Content-Type: application/json; charset=utf-8
cache-control: no-cache

01:31:48.568 [AsyncHttpClient-1-5] DEBUG org.asynchttpclient.netty.channel.ChannelManager - Adding key: http://localhost:42100 for channel [id: 0x14f47653, L:/127.0.0.1:58176 - R:localhost/127.0.0.1:42100]
01:31:48.569 [Forwarding screenshot on session d18ee29a72f5ee9d04240e0c97e29c0a to remote] DEBUG org.asynchttpclient.netty.request.NettyRequestSender - Using pooled Channel '[id: 0x14f47653, L:/127.0.0.1:58176 - R:localhost/127.0.0.1:42100]' for 'GET' to 'http://localhost:42100/session/d18ee29a72f5ee9d04240e0c97e29c0a/screenshot'
01:31:48.570 [Forwarding screenshot on session d18ee29a72f5ee9d04240e0c97e29c0a to remote] DEBUG org.asynchttpclient.netty.request.NettyRequestSender - Using open Channel [id: 0x14f47653, L:/127.0.0.1:58176 - R:localhost/127.0.0.1:42100] for GET '/session/d18ee29a72f5ee9d04240e0c97e29c0a/screenshot'
01:31:48.755 [AsyncHttpClient-1-5] DEBUG org.asynchttpclient.netty.handler.HttpHandler - 

Request DefaultFullHttpRequest(decodeResult: success, version: HTTP/1.1, content: EmptyByteBufBE)
GET /session/d18ee29a72f5ee9d04240e0c97e29c0a/screenshot HTTP/1.1
User-Agent: selenium/4.8.1 (java windows)
Cache-Control: no-cache
Content-Type: application/json; charset=utf-8
host: localhost:42100
accept: */*

Response DefaultHttpResponse(decodeResult: success, version: HTTP/1.1)
HTTP/1.1 200 OK
Content-Length: 47196
Content-Type: application/json; charset=utf-8
cache-control: no-cache

01:31:48.756 [AsyncHttpClient-1-5] DEBUG org.asynchttpclient.netty.channel.ChannelManager - Adding key: http://localhost:42100 for channel [id: 0x14f47653, L:/127.0.0.1:58176 - R:localhost/127.0.0.1:42100]
01:31:48.759 [main] DEBUG net.serenitybdd.core.photography.Darkroom - Send negative for processing for target\site\serenity\bd0a6d461da4964665d3f7574279d8c02ac749d79f566092cd4169a8e76c0443.png
01:31:48.759 [main] DEBUG net.thucydides.core.steps.StepInterceptor - STEP DONE: inputUsername
  &amp#27;[32mWhen &amp#27;[0m&amp#27;[32mI enter invalid email&amp#27;[0m                                          &amp#27;[90m# starter.stepdefinitions.LoginSteps.enterInvalidUsername()&amp#27;[0m
01:31:48.760 [Darkroom Processing Line] DEBUG net.serenitybdd.core.photography.DarkroomProcessingLine - Processing screenshot image in /var/screenshots/screenshot-993331616055397952
01:31:48.760 [Darkroom Processing Line] DEBUG net.serenitybdd.core.photography.DarkroomProcessingLine - Saving screenshot to target\site\serenity\bd0a6d461da4964665d3f7574279d8c02ac749d79f566092cd4169a8e76c0443.png
01:31:48.772 [Forwarding getPageSource on session d18ee29a72f5ee9d04240e0c97e29c0a to remote] DEBUG org.asynchttpclient.netty.request.NettyRequestSender - Using pooled Channel '[id: 0x14f47653, L:/127.0.0.1:58176 - R:localhost/127.0.0.1:42100]' for 'POST' to 'http://localhost:42100/session/d18ee29a72f5ee9d04240e0c97e29c0a/execute/sync'
01:31:48.772 [Forwarding getPageSource on session d18ee29a72f5ee9d04240e0c97e29c0a to remote] DEBUG org.asynchttpclient.netty.request.NettyRequestSender - Using open Channel [id: 0x14f47653, L:/127.0.0.1:58176 - R:localhost/127.0.0.1:42100] for POST '/session/d18ee29a72f5ee9d04240e0c97e29c0a/execute/sync'
01:31:48.779 [AsyncHttpClient-1-5] DEBUG org.asynchttpclient.netty.handler.HttpHandler - 

Request DefaultHttpRequest(decodeResult: success, version: HTTP/1.1)
POST /session/d18ee29a72f5ee9d04240e0c97e29c0a/execute/sync HTTP/1.1
User-Agent: selenium/4.8.1 (java windows)
Content-Length: 176
Content-Type: application/json; charset=utf-8
host: localhost:42100
accept: */*

Response DefaultHttpResponse(decodeResult: success, version: HTTP/1.1)
HTTP/1.1 200 OK
Content-Length: 21780
Content-Type: application/json; charset=utf-8
cache-control: no-cache

01:31:48.780 [AsyncHttpClient-1-5] DEBUG org.asynchttpclient.netty.channel.ChannelManager - Adding key: http://localhost:42100 for channel [id: 0x14f47653, L:/127.0.0.1:58176 - R:localhost/127.0.0.1:42100]
01:31:48.784 [Forwarding getCurrentUrl on session d18ee29a72f5ee9d04240e0c97e29c0a to remote] DEBUG org.asynchttpclient.netty.request.NettyRequestSender - Using pooled Channel '[id: 0x14f47653, L:/127.0.0.1:58176 - R:localhost/127.0.0.1:42100]' for 'GET' to 'http://localhost:42100/session/d18ee29a72f5ee9d04240e0c97e29c0a/url'
01:31:48.784 [Forwarding getCurrentUrl on session d18ee29a72f5ee9d04240e0c97e29c0a to remote] DEBUG org.asynchttpclient.netty.request.NettyRequestSender - Using open Channel [id: 0x14f47653, L:/127.0.0.1:58176 - R:localhost/127.0.0.1:42100] for GET '/session/d18ee29a72f5ee9d04240e0c97e29c0a/url'
01:31:48.789 [AsyncHttpClient-1-5] DEBUG org.asynchttpclient.netty.handler.HttpHandler - 

Request DefaultFullHttpRequest(decodeResult: success, version: HTTP/1.1, content: EmptyByteBufBE)
GET /session/d18ee29a72f5ee9d04240e0c97e29c0a/url HTTP/1.1
User-Agent: selenium/4.8.1 (java windows)
Cache-Control: no-cache
Content-Type: application/json; charset=utf-8
host: localhost:42100
accept: */*

Response DefaultHttpResponse(decodeResult: success, version: HTTP/1.1)
HTTP/1.1 200 OK
Content-Length: 51
Content-Type: application/json; charset=utf-8
cache-control: no-cache

01:31:48.789 [AsyncHttpClient-1-5] DEBUG org.asynchttpclient.netty.channel.ChannelManager - Adding key: http://localhost:42100 for channel [id: 0x14f47653, L:/127.0.0.1:58176 - R:localhost/127.0.0.1:42100]
01:31:48.802 [Forwarding getPageSource on session d18ee29a72f5ee9d04240e0c97e29c0a to remote] DEBUG org.asynchttpclient.netty.request.NettyRequestSender - Using pooled Channel '[id: 0x14f47653, L:/127.0.0.1:58176 - R:localhost/127.0.0.1:42100]' for 'POST' to 'http://localhost:42100/session/d18ee29a72f5ee9d04240e0c97e29c0a/execute/sync'
01:31:48.802 [Forwarding getPageSource on session d18ee29a72f5ee9d04240e0c97e29c0a to remote] DEBUG org.asynchttpclient.netty.request.NettyRequestSender - Using open Channel [id: 0x14f47653, L:/127.0.0.1:58176 - R:localhost/127.0.0.1:42100] for POST '/session/d18ee29a72f5ee9d04240e0c97e29c0a/execute/sync'
01:31:48.809 [AsyncHttpClient-1-5] DEBUG org.asynchttpclient.netty.handler.HttpHandler - 

Request DefaultHttpRequest(decodeResult: success, version: HTTP/1.1)
POST /session/d18ee29a72f5ee9d04240e0c97e29c0a/execute/sync HTTP/1.1
User-Agent: selenium/4.8.1 (java windows)
Content-Length: 176
Content-Type: application/json; charset=utf-8
host: localhost:42100
accept: */*

Response DefaultHttpResponse(decodeResult: success, version: HTTP/1.1)
HTTP/1.1 200 OK
Content-Length: 21780
Content-Type: application/json; charset=utf-8
cache-control: no-cache

01:31:48.809 [AsyncHttpClient-1-5] DEBUG org.asynchttpclient.netty.channel.ChannelManager - Adding key: http://localhost:42100 for channel [id: 0x14f47653, L:/127.0.0.1:58176 - R:localhost/127.0.0.1:42100]
01:31:48.814 [Forwarding getCurrentUrl on session d18ee29a72f5ee9d04240e0c97e29c0a to remote] DEBUG org.asynchttpclient.netty.request.NettyRequestSender - Using pooled Channel '[id: 0x14f47653, L:/127.0.0.1:58176 - R:localhost/127.0.0.1:42100]' for 'GET' to 'http://localhost:42100/session/d18ee29a72f5ee9d04240e0c97e29c0a/url'
01:31:48.814 [Forwarding getCurrentUrl on session d18ee29a72f5ee9d04240e0c97e29c0a to remote] DEBUG org.asynchttpclient.netty.request.NettyRequestSender - Using open Channel [id: 0x14f47653, L:/127.0.0.1:58176 - R:localhost/127.0.0.1:42100] for GET '/session/d18ee29a72f5ee9d04240e0c97e29c0a/url'
01:31:48.818 [AsyncHttpClient-1-5] DEBUG org.asynchttpclient.netty.handler.HttpHandler - 

Request DefaultFullHttpRequest(decodeResult: success, version: HTTP/1.1, content: EmptyByteBufBE)
GET /session/d18ee29a72f5ee9d04240e0c97e29c0a/url HTTP/1.1
User-Agent: selenium/4.8.1 (java windows)
Cache-Control: no-cache
Content-Type: application/json; charset=utf-8
host: localhost:42100
accept: */*

Response DefaultHttpResponse(decodeResult: success, version: HTTP/1.1)
HTTP/1.1 200 OK
Content-Length: 51
Content-Type: application/json; charset=utf-8
cache-control: no-cache

01:31:48.819 [AsyncHttpClient-1-5] DEBUG org.asynchttpclient.netty.channel.ChannelManager - Adding key: http://localhost:42100 for channel [id: 0x14f47653, L:/127.0.0.1:58176 - R:localhost/127.0.0.1:42100]
01:31:48.821 [main] DEBUG net.thucydides.core.steps.StepInterceptor - STARTING STEP: LoginSteps.enterValidPassword - inputPassword
01:31:48.824 [Forwarding findElement on session d18ee29a72f5ee9d04240e0c97e29c0a to remote] DEBUG org.asynchttpclient.netty.request.NettyRequestSender - Using pooled Channel '[id: 0x14f47653, L:/127.0.0.1:58176 - R:localhost/127.0.0.1:42100]' for 'POST' to 'http://localhost:42100/session/d18ee29a72f5ee9d04240e0c97e29c0a/element'
01:31:48.824 [Forwarding findElement on session d18ee29a72f5ee9d04240e0c97e29c0a to remote] DEBUG org.asynchttpclient.netty.request.NettyRequestSender - Using open Channel [id: 0x14f47653, L:/127.0.0.1:58176 - R:localhost/127.0.0.1:42100] for POST '/session/d18ee29a72f5ee9d04240e0c97e29c0a/element'
01:31:48.838 [AsyncHttpClient-1-5] DEBUG org.asynchttpclient.netty.handler.HttpHandler - 

Request DefaultHttpRequest(decodeResult: success, version: HTTP/1.1)
POST /session/d18ee29a72f5ee9d04240e0c97e29c0a/element HTTP/1.1
User-Agent: selenium/4.8.1 (java windows)
Content-Length: 68
Content-Type: application/json; charset=utf-8
host: localhost:42100
accept: */*

Response DefaultHttpResponse(decodeResult: success, version: HTTP/1.1)
HTTP/1.1 200 OK
Content-Length: 88
Content-Type: application/json; charset=utf-8
cache-control: no-cache

01:31:48.838 [AsyncHttpClient-1-5] DEBUG org.asynchttpclient.netty.channel.ChannelManager - Adding key: http://localhost:42100 for channel [id: 0x14f47653, L:/127.0.0.1:58176 - R:localhost/127.0.0.1:42100]
01:31:48.840 [Forwarding clearElement on session d18ee29a72f5ee9d04240e0c97e29c0a to remote] DEBUG org.asynchttpclient.netty.request.NettyRequestSender - Using pooled Channel '[id: 0x14f47653, L:/127.0.0.1:58176 - R:localhost/127.0.0.1:42100]' for 'POST' to 'http://localhost:42100/session/d18ee29a72f5ee9d04240e0c97e29c0a/element/360b126a-3e2d-42cb-a289-f862714a1a95/clear'
01:31:48.840 [Forwarding clearElement on session d18ee29a72f5ee9d04240e0c97e29c0a to remote] DEBUG org.asynchttpclient.netty.request.NettyRequestSender - Using open Channel [id: 0x14f47653, L:/127.0.0.1:58176 - R:localhost/127.0.0.1:42100] for POST '/session/d18ee29a72f5ee9d04240e0c97e29c0a/element/360b126a-3e2d-42cb-a289-f862714a1a95/clear'
01:31:48.874 [AsyncHttpClient-1-5] DEBUG org.asynchttpclient.netty.handler.HttpHandler - 

Request DefaultHttpRequest(decodeResult: success, version: HTTP/1.1)
POST /session/d18ee29a72f5ee9d04240e0c97e29c0a/element/360b126a-3e2d-42cb-a289-f862714a1a95/clear HTTP/1.1
User-Agent: selenium/4.8.1 (java windows)
Content-Length: 50
Content-Type: application/json; charset=utf-8
host: localhost:42100
accept: */*

Response DefaultHttpResponse(decodeResult: success, version: HTTP/1.1)
HTTP/1.1 200 OK
Content-Length: 14
Content-Type: application/json; charset=utf-8
cache-control: no-cache

01:31:48.875 [AsyncHttpClient-1-5] DEBUG org.asynchttpclient.netty.channel.ChannelManager - Adding key: http://localhost:42100 for channel [id: 0x14f47653, L:/127.0.0.1:58176 - R:localhost/127.0.0.1:42100]
01:31:48.877 [Forwarding sendKeysToElement on session d18ee29a72f5ee9d04240e0c97e29c0a to remote] DEBUG org.asynchttpclient.netty.request.NettyRequestSender - Using pooled Channel '[id: 0x14f47653, L:/127.0.0.1:58176 - R:localhost/127.0.0.1:42100]' for 'POST' to 'http://localhost:42100/session/d18ee29a72f5ee9d04240e0c97e29c0a/element/360b126a-3e2d-42cb-a289-f862714a1a95/value'
01:31:48.877 [Forwarding sendKeysToElement on session d18ee29a72f5ee9d04240e0c97e29c0a to remote] DEBUG org.asynchttpclient.netty.request.NettyRequestSender - Using open Channel [id: 0x14f47653, L:/127.0.0.1:58176 - R:localhost/127.0.0.1:42100] for POST '/session/d18ee29a72f5ee9d04240e0c97e29c0a/element/360b126a-3e2d-42cb-a289-f862714a1a95/value'
01:31:48.959 [AsyncHttpClient-1-5] DEBUG org.asynchttpclient.netty.handler.HttpHandler - 

Request DefaultHttpRequest(decodeResult: success, version: HTTP/1.1)
POST /session/d18ee29a72f5ee9d04240e0c97e29c0a/element/360b126a-3e2d-42cb-a289-f862714a1a95/value HTTP/1.1
User-Agent: selenium/4.8.1 (java windows)
Content-Length: 171
Content-Type: application/json; charset=utf-8
host: localhost:42100
accept: */*

Response DefaultHttpResponse(decodeResult: success, version: HTTP/1.1)
HTTP/1.1 200 OK
Content-Length: 14
Content-Type: application/json; charset=utf-8
cache-control: no-cache

01:31:48.959 [AsyncHttpClient-1-5] DEBUG org.asynchttpclient.netty.channel.ChannelManager - Adding key: http://localhost:42100 for channel [id: 0x14f47653, L:/127.0.0.1:58176 - R:localhost/127.0.0.1:42100]
01:31:48.968 [Forwarding getAlertText on session d18ee29a72f5ee9d04240e0c97e29c0a to remote] DEBUG org.asynchttpclient.netty.request.NettyRequestSender - Using pooled Channel '[id: 0x14f47653, L:/127.0.0.1:58176 - R:localhost/127.0.0.1:42100]' for 'GET' to 'http://localhost:42100/session/d18ee29a72f5ee9d04240e0c97e29c0a/alert/text'
01:31:48.968 [Forwarding getAlertText on session d18ee29a72f5ee9d04240e0c97e29c0a to remote] DEBUG org.asynchttpclient.netty.request.NettyRequestSender - Using open Channel [id: 0x14f47653, L:/127.0.0.1:58176 - R:localhost/127.0.0.1:42100] for GET '/session/d18ee29a72f5ee9d04240e0c97e29c0a/alert/text'
01:31:48.970 [AsyncHttpClient-1-5] DEBUG org.asynchttpclient.netty.handler.HttpHandler - 

Request DefaultFullHttpRequest(decodeResult: success, version: HTTP/1.1, content: EmptyByteBufBE)
GET /session/d18ee29a72f5ee9d04240e0c97e29c0a/alert/text HTTP/1.1
User-Agent: selenium/4.8.1 (java windows)
Cache-Control: no-cache
Content-Type: application/json; charset=utf-8
host: localhost:42100
accept: */*

Response DefaultHttpResponse(decodeResult: success, version: HTTP/1.1)
HTTP/1.1 404 Not Found
Content-Length: 816
Content-Type: application/json; charset=utf-8
cache-control: no-cache

01:31:48.970 [AsyncHttpClient-1-5] DEBUG org.asynchttpclient.netty.channel.ChannelManager - Adding key: http://localhost:42100 for channel [id: 0x14f47653, L:/127.0.0.1:58176 - R:localhost/127.0.0.1:42100]
01:31:48.972 [Forwarding getCurrentUrl on session d18ee29a72f5ee9d04240e0c97e29c0a to remote] DEBUG org.asynchttpclient.netty.request.NettyRequestSender - Using pooled Channel '[id: 0x14f47653, L:/127.0.0.1:58176 - R:localhost/127.0.0.1:42100]' for 'GET' to 'http://localhost:42100/session/d18ee29a72f5ee9d04240e0c97e29c0a/url'
01:31:48.972 [Forwarding getCurrentUrl on session d18ee29a72f5ee9d04240e0c97e29c0a to remote] DEBUG org.asynchttpclient.netty.request.NettyRequestSender - Using open Channel [id: 0x14f47653, L:/127.0.0.1:58176 - R:localhost/127.0.0.1:42100] for GET '/session/d18ee29a72f5ee9d04240e0c97e29c0a/url'
01:31:48.976 [AsyncHttpClient-1-5] DEBUG org.asynchttpclient.netty.handler.HttpHandler - 

Request DefaultFullHttpRequest(decodeResult: success, version: HTTP/1.1, content: EmptyByteBufBE)
GET /session/d18ee29a72f5ee9d04240e0c97e29c0a/url HTTP/1.1
User-Agent: selenium/4.8.1 (java windows)
Cache-Control: no-cache
Content-Type: application/json; charset=utf-8
host: localhost:42100
accept: */*

Response DefaultHttpResponse(decodeResult: success, version: HTTP/1.1)
HTTP/1.1 200 OK
Content-Length: 51
Content-Type: application/json; charset=utf-8
cache-control: no-cache

01:31:48.976 [AsyncHttpClient-1-5] DEBUG org.asynchttpclient.netty.channel.ChannelManager - Adding key: http://localhost:42100 for channel [id: 0x14f47653, L:/127.0.0.1:58176 - R:localhost/127.0.0.1:42100]
01:31:48.977 [Forwarding screenshot on session d18ee29a72f5ee9d04240e0c97e29c0a to remote] DEBUG org.asynchttpclient.netty.request.NettyRequestSender - Using pooled Channel '[id: 0x14f47653, L:/127.0.0.1:58176 - R:localhost/127.0.0.1:42100]' for 'GET' to 'http://localhost:42100/session/d18ee29a72f5ee9d04240e0c97e29c0a/screenshot'
01:31:48.977 [Forwarding screenshot on session d18ee29a72f5ee9d04240e0c97e29c0a to remote] DEBUG org.asynchttpclient.netty.request.NettyRequestSender - Using open Channel [id: 0x14f47653, L:/127.0.0.1:58176 - R:localhost/127.0.0.1:42100] for GET '/session/d18ee29a72f5ee9d04240e0c97e29c0a/screenshot'
01:31:49.090 [AsyncHttpClient-1-1] DEBUG org.asynchttpclient.netty.channel.DefaultChannelPool - Entry count for : http://localhost:58177 : 1
01:31:49.166 [AsyncHttpClient-1-5] DEBUG org.asynchttpclient.netty.handler.HttpHandler - 

Request DefaultFullHttpRequest(decodeResult: success, version: HTTP/1.1, content: EmptyByteBufBE)
GET /session/d18ee29a72f5ee9d04240e0c97e29c0a/screenshot HTTP/1.1
User-Agent: selenium/4.8.1 (java windows)
Cache-Control: no-cache
Content-Type: application/json; charset=utf-8
host: localhost:42100
accept: */*

Response DefaultHttpResponse(decodeResult: success, version: HTTP/1.1)
HTTP/1.1 200 OK
Content-Length: 49792
Content-Type: application/json; charset=utf-8
cache-control: no-cache

01:31:49.167 [AsyncHttpClient-1-5] DEBUG org.asynchttpclient.netty.channel.ChannelManager - Adding key: http://localhost:42100 for channel [id: 0x14f47653, L:/127.0.0.1:58176 - R:localhost/127.0.0.1:42100]
01:31:49.170 [main] DEBUG net.serenitybdd.core.photography.Darkroom - Send negative for processing for target\site\serenity\6aa2a91255516bc53bb4df95f3fabe49e7c74812f9a4dfc7b06f04b4578a1fe1.png
01:31:49.170 [main] DEBUG net.thucydides.core.steps.StepInterceptor - STEP DONE: inputPassword
01:31:49.170 [Darkroom Processing Line] DEBUG net.serenitybdd.core.photography.DarkroomProcessingLine - Processing screenshot image in /var/screenshots/screenshot-4732082831541099851
01:31:49.170 [Darkroom Processing Line] DEBUG net.serenitybdd.core.photography.DarkroomProcessingLine - Saving screenshot to target\site\serenity\6aa2a91255516bc53bb4df95f3fabe49e7c74812f9a4dfc7b06f04b4578a1fe1.png
  &amp#27;[32mAnd &amp#27;[0m&amp#27;[32mI enter valid password&amp#27;[0m                                          &amp#27;[90m# starter.stepdefinitions.LoginSteps.enterValidPassword()&amp#27;[0m
01:31:49.183 [Forwarding getPageSource on session d18ee29a72f5ee9d04240e0c97e29c0a to remote] DEBUG org.asynchttpclient.netty.request.NettyRequestSender - Using pooled Channel '[id: 0x14f47653, L:/127.0.0.1:58176 - R:localhost/127.0.0.1:42100]' for 'POST' to 'http://localhost:42100/session/d18ee29a72f5ee9d04240e0c97e29c0a/execute/sync'
01:31:49.183 [Forwarding getPageSource on session d18ee29a72f5ee9d04240e0c97e29c0a to remote] DEBUG org.asynchttpclient.netty.request.NettyRequestSender - Using open Channel [id: 0x14f47653, L:/127.0.0.1:58176 - R:localhost/127.0.0.1:42100] for POST '/session/d18ee29a72f5ee9d04240e0c97e29c0a/execute/sync'
01:31:49.190 [AsyncHttpClient-1-5] DEBUG org.asynchttpclient.netty.handler.HttpHandler - 

Request DefaultHttpRequest(decodeResult: success, version: HTTP/1.1)
POST /session/d18ee29a72f5ee9d04240e0c97e29c0a/execute/sync HTTP/1.1
User-Agent: selenium/4.8.1 (java windows)
Content-Length: 176
Content-Type: application/json; charset=utf-8
host: localhost:42100
accept: */*

Response DefaultHttpResponse(decodeResult: success, version: HTTP/1.1)
HTTP/1.1 200 OK
Content-Length: 21839
Content-Type: application/json; charset=utf-8
cache-control: no-cache

01:31:49.190 [AsyncHttpClient-1-5] DEBUG org.asynchttpclient.netty.channel.ChannelManager - Adding key: http://localhost:42100 for channel [id: 0x14f47653, L:/127.0.0.1:58176 - R:localhost/127.0.0.1:42100]
01:31:49.195 [Forwarding getCurrentUrl on session d18ee29a72f5ee9d04240e0c97e29c0a to remote] DEBUG org.asynchttpclient.netty.request.NettyRequestSender - Using pooled Channel '[id: 0x14f47653, L:/127.0.0.1:58176 - R:localhost/127.0.0.1:42100]' for 'GET' to 'http://localhost:42100/session/d18ee29a72f5ee9d04240e0c97e29c0a/url'
01:31:49.195 [Forwarding getCurrentUrl on session d18ee29a72f5ee9d04240e0c97e29c0a to remote] DEBUG org.asynchttpclient.netty.request.NettyRequestSender - Using open Channel [id: 0x14f47653, L:/127.0.0.1:58176 - R:localhost/127.0.0.1:42100] for GET '/session/d18ee29a72f5ee9d04240e0c97e29c0a/url'
01:31:49.200 [AsyncHttpClient-1-5] DEBUG org.asynchttpclient.netty.handler.HttpHandler - 

Request DefaultFullHttpRequest(decodeResult: success, version: HTTP/1.1, content: EmptyByteBufBE)
GET /session/d18ee29a72f5ee9d04240e0c97e29c0a/url HTTP/1.1
User-Agent: selenium/4.8.1 (java windows)
Cache-Control: no-cache
Content-Type: application/json; charset=utf-8
host: localhost:42100
accept: */*

Response DefaultHttpResponse(decodeResult: success, version: HTTP/1.1)
HTTP/1.1 200 OK
Content-Length: 51
Content-Type: application/json; charset=utf-8
cache-control: no-cache

01:31:49.200 [AsyncHttpClient-1-5] DEBUG org.asynchttpclient.netty.channel.ChannelManager - Adding key: http://localhost:42100 for channel [id: 0x14f47653, L:/127.0.0.1:58176 - R:localhost/127.0.0.1:42100]
01:31:49.208 [Forwarding getPageSource on session d18ee29a72f5ee9d04240e0c97e29c0a to remote] DEBUG org.asynchttpclient.netty.request.NettyRequestSender - Using pooled Channel '[id: 0x14f47653, L:/127.0.0.1:58176 - R:localhost/127.0.0.1:42100]' for 'POST' to 'http://localhost:42100/session/d18ee29a72f5ee9d04240e0c97e29c0a/execute/sync'
01:31:49.209 [Forwarding getPageSource on session d18ee29a72f5ee9d04240e0c97e29c0a to remote] DEBUG org.asynchttpclient.netty.request.NettyRequestSender - Using open Channel [id: 0x14f47653, L:/127.0.0.1:58176 - R:localhost/127.0.0.1:42100] for POST '/session/d18ee29a72f5ee9d04240e0c97e29c0a/execute/sync'
01:31:49.216 [AsyncHttpClient-1-5] DEBUG org.asynchttpclient.netty.handler.HttpHandler - 

Request DefaultHttpRequest(decodeResult: success, version: HTTP/1.1)
POST /session/d18ee29a72f5ee9d04240e0c97e29c0a/execute/sync HTTP/1.1
User-Agent: selenium/4.8.1 (java windows)
Content-Length: 176
Content-Type: application/json; charset=utf-8
host: localhost:42100
accept: */*

Response DefaultHttpResponse(decodeResult: success, version: HTTP/1.1)
HTTP/1.1 200 OK
Content-Length: 21839
Content-Type: application/json; charset=utf-8
cache-control: no-cache

01:31:49.217 [AsyncHttpClient-1-5] DEBUG org.asynchttpclient.netty.channel.ChannelManager - Adding key: http://localhost:42100 for channel [id: 0x14f47653, L:/127.0.0.1:58176 - R:localhost/127.0.0.1:42100]
01:31:49.220 [Forwarding getCurrentUrl on session d18ee29a72f5ee9d04240e0c97e29c0a to remote] DEBUG org.asynchttpclient.netty.request.NettyRequestSender - Using pooled Channel '[id: 0x14f47653, L:/127.0.0.1:58176 - R:localhost/127.0.0.1:42100]' for 'GET' to 'http://localhost:42100/session/d18ee29a72f5ee9d04240e0c97e29c0a/url'
01:31:49.220 [Forwarding getCurrentUrl on session d18ee29a72f5ee9d04240e0c97e29c0a to remote] DEBUG org.asynchttpclient.netty.request.NettyRequestSender - Using open Channel [id: 0x14f47653, L:/127.0.0.1:58176 - R:localhost/127.0.0.1:42100] for GET '/session/d18ee29a72f5ee9d04240e0c97e29c0a/url'
01:31:49.224 [AsyncHttpClient-1-5] DEBUG org.asynchttpclient.netty.handler.HttpHandler - 

Request DefaultFullHttpRequest(decodeResult: success, version: HTTP/1.1, content: EmptyByteBufBE)
GET /session/d18ee29a72f5ee9d04240e0c97e29c0a/url HTTP/1.1
User-Agent: selenium/4.8.1 (java windows)
Cache-Control: no-cache
Content-Type: application/json; charset=utf-8
host: localhost:42100
accept: */*

Response DefaultHttpResponse(decodeResult: success, version: HTTP/1.1)
HTTP/1.1 200 OK
Content-Length: 51
Content-Type: application/json; charset=utf-8
cache-control: no-cache

01:31:49.224 [AsyncHttpClient-1-5] DEBUG org.asynchttpclient.netty.channel.ChannelManager - Adding key: http://localhost:42100 for channel [id: 0x14f47653, L:/127.0.0.1:58176 - R:localhost/127.0.0.1:42100]
01:31:49.226 [main] DEBUG net.thucydides.core.steps.StepInterceptor - STARTING STEP: LoginSteps.clickLoginButton - clickLoginButton
01:31:49.231 [Forwarding findElement on session d18ee29a72f5ee9d04240e0c97e29c0a to remote] DEBUG org.asynchttpclient.netty.request.NettyRequestSender - Using pooled Channel '[id: 0x14f47653, L:/127.0.0.1:58176 - R:localhost/127.0.0.1:42100]' for 'POST' to 'http://localhost:42100/session/d18ee29a72f5ee9d04240e0c97e29c0a/element'
01:31:49.231 [Forwarding findElement on session d18ee29a72f5ee9d04240e0c97e29c0a to remote] DEBUG org.asynchttpclient.netty.request.NettyRequestSender - Using open Channel [id: 0x14f47653, L:/127.0.0.1:58176 - R:localhost/127.0.0.1:42100] for POST '/session/d18ee29a72f5ee9d04240e0c97e29c0a/element'
01:31:49.240 [AsyncHttpClient-1-5] DEBUG org.asynchttpclient.netty.handler.HttpHandler - 

Request DefaultHttpRequest(decodeResult: success, version: HTTP/1.1)
POST /session/d18ee29a72f5ee9d04240e0c97e29c0a/element HTTP/1.1
User-Agent: selenium/4.8.1 (java windows)
Content-Length: 165
Content-Type: application/json; charset=utf-8
host: localhost:42100
accept: */*

Response DefaultHttpResponse(decodeResult: success, version: HTTP/1.1)
HTTP/1.1 200 OK
Content-Length: 88
Content-Type: application/json; charset=utf-8
cache-control: no-cache

01:31:49.240 [AsyncHttpClient-1-5] DEBUG org.asynchttpclient.netty.channel.ChannelManager - Adding key: http://localhost:42100 for channel [id: 0x14f47653, L:/127.0.0.1:58176 - R:localhost/127.0.0.1:42100]
01:31:49.241 [Forwarding getElementTagName on session d18ee29a72f5ee9d04240e0c97e29c0a to remote] DEBUG org.asynchttpclient.netty.request.NettyRequestSender - Using pooled Channel '[id: 0x14f47653, L:/127.0.0.1:58176 - R:localhost/127.0.0.1:42100]' for 'GET' to 'http://localhost:42100/session/d18ee29a72f5ee9d04240e0c97e29c0a/element/04e191e6-c471-424e-b4ed-5691de699ced/name'
01:31:49.241 [Forwarding getElementTagName on session d18ee29a72f5ee9d04240e0c97e29c0a to remote] DEBUG org.asynchttpclient.netty.request.NettyRequestSender - Using open Channel [id: 0x14f47653, L:/127.0.0.1:58176 - R:localhost/127.0.0.1:42100] for GET '/session/d18ee29a72f5ee9d04240e0c97e29c0a/element/04e191e6-c471-424e-b4ed-5691de699ced/name'
01:31:49.248 [AsyncHttpClient-1-5] DEBUG org.asynchttpclient.netty.handler.HttpHandler - 

Request DefaultFullHttpRequest(decodeResult: success, version: HTTP/1.1, content: EmptyByteBufBE)
GET /session/d18ee29a72f5ee9d04240e0c97e29c0a/element/04e191e6-c471-424e-b4ed-5691de699ced/name HTTP/1.1
User-Agent: selenium/4.8.1 (java windows)
Cache-Control: no-cache
Content-Type: application/json; charset=utf-8
host: localhost:42100
accept: */*

Response DefaultHttpResponse(decodeResult: success, version: HTTP/1.1)
HTTP/1.1 200 OK
Content-Length: 16
Content-Type: application/json; charset=utf-8
cache-control: no-cache

01:31:49.248 [AsyncHttpClient-1-5] DEBUG org.asynchttpclient.netty.channel.ChannelManager - Adding key: http://localhost:42100 for channel [id: 0x14f47653, L:/127.0.0.1:58176 - R:localhost/127.0.0.1:42100]
01:31:49.250 [Forwarding getElementTagName on session d18ee29a72f5ee9d04240e0c97e29c0a to remote] DEBUG org.asynchttpclient.netty.request.NettyRequestSender - Using pooled Channel '[id: 0x14f47653, L:/127.0.0.1:58176 - R:localhost/127.0.0.1:42100]' for 'GET' to 'http://localhost:42100/session/d18ee29a72f5ee9d04240e0c97e29c0a/element/04e191e6-c471-424e-b4ed-5691de699ced/name'
01:31:49.250 [Forwarding getElementTagName on session d18ee29a72f5ee9d04240e0c97e29c0a to remote] DEBUG org.asynchttpclient.netty.request.NettyRequestSender - Using open Channel [id: 0x14f47653, L:/127.0.0.1:58176 - R:localhost/127.0.0.1:42100] for GET '/session/d18ee29a72f5ee9d04240e0c97e29c0a/element/04e191e6-c471-424e-b4ed-5691de699ced/name'
01:31:49.254 [AsyncHttpClient-1-5] DEBUG org.asynchttpclient.netty.handler.HttpHandler - 

Request DefaultFullHttpRequest(decodeResult: success, version: HTTP/1.1, content: EmptyByteBufBE)
GET /session/d18ee29a72f5ee9d04240e0c97e29c0a/element/04e191e6-c471-424e-b4ed-5691de699ced/name HTTP/1.1
User-Agent: selenium/4.8.1 (java windows)
Cache-Control: no-cache
Content-Type: application/json; charset=utf-8
host: localhost:42100
accept: */*

Response DefaultHttpResponse(decodeResult: success, version: HTTP/1.1)
HTTP/1.1 200 OK
Content-Length: 16
Content-Type: application/json; charset=utf-8
cache-control: no-cache

01:31:49.254 [AsyncHttpClient-1-5] DEBUG org.asynchttpclient.netty.channel.ChannelManager - Adding key: http://localhost:42100 for channel [id: 0x14f47653, L:/127.0.0.1:58176 - R:localhost/127.0.0.1:42100]
01:31:49.256 [Forwarding findElement on session d18ee29a72f5ee9d04240e0c97e29c0a to remote] DEBUG org.asynchttpclient.netty.request.NettyRequestSender - Using pooled Channel '[id: 0x14f47653, L:/127.0.0.1:58176 - R:localhost/127.0.0.1:42100]' for 'POST' to 'http://localhost:42100/session/d18ee29a72f5ee9d04240e0c97e29c0a/element'
01:31:49.256 [Forwarding findElement on session d18ee29a72f5ee9d04240e0c97e29c0a to remote] DEBUG org.asynchttpclient.netty.request.NettyRequestSender - Using open Channel [id: 0x14f47653, L:/127.0.0.1:58176 - R:localhost/127.0.0.1:42100] for POST '/session/d18ee29a72f5ee9d04240e0c97e29c0a/element'
01:31:49.265 [AsyncHttpClient-1-5] DEBUG org.asynchttpclient.netty.handler.HttpHandler - 

Request DefaultHttpRequest(decodeResult: success, version: HTTP/1.1)
POST /session/d18ee29a72f5ee9d04240e0c97e29c0a/element HTTP/1.1
User-Agent: selenium/4.8.1 (java windows)
Content-Length: 165
Content-Type: application/json; charset=utf-8
host: localhost:42100
accept: */*

Response DefaultHttpResponse(decodeResult: success, version: HTTP/1.1)
HTTP/1.1 200 OK
Content-Length: 88
Content-Type: application/json; charset=utf-8
cache-control: no-cache

01:31:49.265 [AsyncHttpClient-1-5] DEBUG org.asynchttpclient.netty.channel.ChannelManager - Adding key: http://localhost:42100 for channel [id: 0x14f47653, L:/127.0.0.1:58176 - R:localhost/127.0.0.1:42100]
01:31:49.267 [Forwarding clickElement on session d18ee29a72f5ee9d04240e0c97e29c0a to remote] DEBUG org.asynchttpclient.netty.request.NettyRequestSender - Using pooled Channel '[id: 0x14f47653, L:/127.0.0.1:58176 - R:localhost/127.0.0.1:42100]' for 'POST' to 'http://localhost:42100/session/d18ee29a72f5ee9d04240e0c97e29c0a/element/04e191e6-c471-424e-b4ed-5691de699ced/click'
01:31:49.267 [Forwarding clickElement on session d18ee29a72f5ee9d04240e0c97e29c0a to remote] DEBUG org.asynchttpclient.netty.request.NettyRequestSender - Using open Channel [id: 0x14f47653, L:/127.0.0.1:58176 - R:localhost/127.0.0.1:42100] for POST '/session/d18ee29a72f5ee9d04240e0c97e29c0a/element/04e191e6-c471-424e-b4ed-5691de699ced/click'
01:31:49.315 [AsyncHttpClient-1-5] DEBUG org.asynchttpclient.netty.handler.HttpHandler - 

Request DefaultHttpRequest(decodeResult: success, version: HTTP/1.1)
POST /session/d18ee29a72f5ee9d04240e0c97e29c0a/element/04e191e6-c471-424e-b4ed-5691de699ced/click HTTP/1.1
User-Agent: selenium/4.8.1 (java windows)
Content-Length: 50
Content-Type: application/json; charset=utf-8
host: localhost:42100
accept: */*

Response DefaultHttpResponse(decodeResult: success, version: HTTP/1.1)
HTTP/1.1 200 OK
Content-Length: 14
Content-Type: application/json; charset=utf-8
cache-control: no-cache

01:31:49.316 [AsyncHttpClient-1-5] DEBUG org.asynchttpclient.netty.channel.ChannelManager - Adding key: http://localhost:42100 for channel [id: 0x14f47653, L:/127.0.0.1:58176 - R:localhost/127.0.0.1:42100]
01:31:49.322 [Forwarding getAlertText on session d18ee29a72f5ee9d04240e0c97e29c0a to remote] DEBUG org.asynchttpclient.netty.request.NettyRequestSender - Using pooled Channel '[id: 0x14f47653, L:/127.0.0.1:58176 - R:localhost/127.0.0.1:42100]' for 'GET' to 'http://localhost:42100/session/d18ee29a72f5ee9d04240e0c97e29c0a/alert/text'
01:31:49.322 [Forwarding getAlertText on session d18ee29a72f5ee9d04240e0c97e29c0a to remote] DEBUG org.asynchttpclient.netty.request.NettyRequestSender - Using open Channel [id: 0x14f47653, L:/127.0.0.1:58176 - R:localhost/127.0.0.1:42100] for GET '/session/d18ee29a72f5ee9d04240e0c97e29c0a/alert/text'
01:31:49.324 [AsyncHttpClient-1-5] DEBUG org.asynchttpclient.netty.handler.HttpHandler - 

Request DefaultFullHttpRequest(decodeResult: success, version: HTTP/1.1, content: EmptyByteBufBE)
GET /session/d18ee29a72f5ee9d04240e0c97e29c0a/alert/text HTTP/1.1
User-Agent: selenium/4.8.1 (java windows)
Cache-Control: no-cache
Content-Type: application/json; charset=utf-8
host: localhost:42100
accept: */*

Response DefaultHttpResponse(decodeResult: success, version: HTTP/1.1)
HTTP/1.1 404 Not Found
Content-Length: 816
Content-Type: application/json; charset=utf-8
cache-control: no-cache

01:31:49.325 [AsyncHttpClient-1-5] DEBUG org.asynchttpclient.netty.channel.ChannelManager - Adding key: http://localhost:42100 for channel [id: 0x14f47653, L:/127.0.0.1:58176 - R:localhost/127.0.0.1:42100]
01:31:49.327 [Forwarding getCurrentUrl on session d18ee29a72f5ee9d04240e0c97e29c0a to remote] DEBUG org.asynchttpclient.netty.request.NettyRequestSender - Using pooled Channel '[id: 0x14f47653, L:/127.0.0.1:58176 - R:localhost/127.0.0.1:42100]' for 'GET' to 'http://localhost:42100/session/d18ee29a72f5ee9d04240e0c97e29c0a/url'
01:31:49.327 [Forwarding getCurrentUrl on session d18ee29a72f5ee9d04240e0c97e29c0a to remote] DEBUG org.asynchttpclient.netty.request.NettyRequestSender - Using open Channel [id: 0x14f47653, L:/127.0.0.1:58176 - R:localhost/127.0.0.1:42100] for GET '/session/d18ee29a72f5ee9d04240e0c97e29c0a/url'
01:31:49.332 [AsyncHttpClient-1-5] DEBUG org.asynchttpclient.netty.handler.HttpHandler - 

Request DefaultFullHttpRequest(decodeResult: success, version: HTTP/1.1, content: EmptyByteBufBE)
GET /session/d18ee29a72f5ee9d04240e0c97e29c0a/url HTTP/1.1
User-Agent: selenium/4.8.1 (java windows)
Cache-Control: no-cache
Content-Type: application/json; charset=utf-8
host: localhost:42100
accept: */*

Response DefaultHttpResponse(decodeResult: success, version: HTTP/1.1)
HTTP/1.1 200 OK
Content-Length: 51
Content-Type: application/json; charset=utf-8
cache-control: no-cache

01:31:49.332 [AsyncHttpClient-1-5] DEBUG org.asynchttpclient.netty.channel.ChannelManager - Adding key: http://localhost:42100 for channel [id: 0x14f47653, L:/127.0.0.1:58176 - R:localhost/127.0.0.1:42100]
01:31:49.333 [Forwarding screenshot on session d18ee29a72f5ee9d04240e0c97e29c0a to remote] DEBUG org.asynchttpclient.netty.request.NettyRequestSender - Using pooled Channel '[id: 0x14f47653, L:/127.0.0.1:58176 - R:localhost/127.0.0.1:42100]' for 'GET' to 'http://localhost:42100/session/d18ee29a72f5ee9d04240e0c97e29c0a/screenshot'
01:31:49.334 [Forwarding screenshot on session d18ee29a72f5ee9d04240e0c97e29c0a to remote] DEBUG org.asynchttpclient.netty.request.NettyRequestSender - Using open Channel [id: 0x14f47653, L:/127.0.0.1:58176 - R:localhost/127.0.0.1:42100] for GET '/session/d18ee29a72f5ee9d04240e0c97e29c0a/screenshot'
01:31:49.659 [AsyncHttpClient-1-5] DEBUG org.asynchttpclient.netty.handler.HttpHandler - 

Request DefaultFullHttpRequest(decodeResult: success, version: HTTP/1.1, content: EmptyByteBufBE)
GET /session/d18ee29a72f5ee9d04240e0c97e29c0a/screenshot HTTP/1.1
User-Agent: selenium/4.8.1 (java windows)
Cache-Control: no-cache
Content-Type: application/json; charset=utf-8
host: localhost:42100
accept: */*

Response DefaultHttpResponse(decodeResult: success, version: HTTP/1.1)
HTTP/1.1 200 OK
Content-Length: 48908
Content-Type: application/json; charset=utf-8
cache-control: no-cache

01:31:49.660 [AsyncHttpClient-1-5] DEBUG org.asynchttpclient.netty.channel.ChannelManager - Adding key: http://localhost:42100 for channel [id: 0x14f47653, L:/127.0.0.1:58176 - R:localhost/127.0.0.1:42100]
01:31:49.665 [main] DEBUG net.serenitybdd.core.photography.Darkroom - Send negative for processing for target\site\serenity\d6f2574077bee024b5f46167cec809ee2927c9271698bac7dc00a9c8c15b515c.png
01:31:49.665 [main] DEBUG net.thucydides.core.steps.StepInterceptor - STEP DONE: clickLoginButton
01:31:49.665 [Darkroom Processing Line] DEBUG net.serenitybdd.core.photography.DarkroomProcessingLine - Processing screenshot image in /var/screenshots/screenshot-1421023146659436868
01:31:49.665 [Darkroom Processing Line] DEBUG net.serenitybdd.core.photography.DarkroomProcessingLine - Saving screenshot to target\site\serenity\d6f2574077bee024b5f46167cec809ee2927c9271698bac7dc00a9c8c15b515c.png
  &amp#27;[32mAnd &amp#27;[0m&amp#27;[32mI click login button&amp#27;[0m                                            &amp#27;[90m# starter.stepdefinitions.LoginSteps.clickLoginButton()&amp#27;[0m
01:31:49.680 [Forwarding getPageSource on session d18ee29a72f5ee9d04240e0c97e29c0a to remote] DEBUG org.asynchttpclient.netty.request.NettyRequestSender - Using pooled Channel '[id: 0x14f47653, L:/127.0.0.1:58176 - R:localhost/127.0.0.1:42100]' for 'POST' to 'http://localhost:42100/session/d18ee29a72f5ee9d04240e0c97e29c0a/execute/sync'
01:31:49.680 [Forwarding getPageSource on session d18ee29a72f5ee9d04240e0c97e29c0a to remote] DEBUG org.asynchttpclient.netty.request.NettyRequestSender - Using open Channel [id: 0x14f47653, L:/127.0.0.1:58176 - R:localhost/127.0.0.1:42100] for POST '/session/d18ee29a72f5ee9d04240e0c97e29c0a/execute/sync'
01:31:49.688 [AsyncHttpClient-1-5] DEBUG org.asynchttpclient.netty.handler.HttpHandler - 

Request DefaultHttpRequest(decodeResult: success, version: HTTP/1.1)
POST /session/d18ee29a72f5ee9d04240e0c97e29c0a/execute/sync HTTP/1.1
User-Agent: selenium/4.8.1 (java windows)
Content-Length: 176
Content-Type: application/json; charset=utf-8
host: localhost:42100
accept: */*

Response DefaultHttpResponse(decodeResult: success, version: HTTP/1.1)
HTTP/1.1 200 OK
Content-Length: 22567
Content-Type: application/json; charset=utf-8
cache-control: no-cache

01:31:49.688 [AsyncHttpClient-1-5] DEBUG org.asynchttpclient.netty.channel.ChannelManager - Adding key: http://localhost:42100 for channel [id: 0x14f47653, L:/127.0.0.1:58176 - R:localhost/127.0.0.1:42100]
01:31:49.692 [Forwarding getCurrentUrl on session d18ee29a72f5ee9d04240e0c97e29c0a to remote] DEBUG org.asynchttpclient.netty.request.NettyRequestSender - Using pooled Channel '[id: 0x14f47653, L:/127.0.0.1:58176 - R:localhost/127.0.0.1:42100]' for 'GET' to 'http://localhost:42100/session/d18ee29a72f5ee9d04240e0c97e29c0a/url'
01:31:49.692 [Forwarding getCurrentUrl on session d18ee29a72f5ee9d04240e0c97e29c0a to remote] DEBUG org.asynchttpclient.netty.request.NettyRequestSender - Using open Channel [id: 0x14f47653, L:/127.0.0.1:58176 - R:localhost/127.0.0.1:42100] for GET '/session/d18ee29a72f5ee9d04240e0c97e29c0a/url'
01:31:49.699 [AsyncHttpClient-1-5] DEBUG org.asynchttpclient.netty.handler.HttpHandler - 

Request DefaultFullHttpRequest(decodeResult: success, version: HTTP/1.1, content: EmptyByteBufBE)
GET /session/d18ee29a72f5ee9d04240e0c97e29c0a/url HTTP/1.1
User-Agent: selenium/4.8.1 (java windows)
Cache-Control: no-cache
Content-Type: application/json; charset=utf-8
host: localhost:42100
accept: */*

Response DefaultHttpResponse(decodeResult: success, version: HTTP/1.1)
HTTP/1.1 200 OK
Content-Length: 51
Content-Type: application/json; charset=utf-8
cache-control: no-cache

01:31:49.699 [AsyncHttpClient-1-5] DEBUG org.asynchttpclient.netty.channel.ChannelManager - Adding key: http://localhost:42100 for channel [id: 0x14f47653, L:/127.0.0.1:58176 - R:localhost/127.0.0.1:42100]
01:31:49.708 [Forwarding getPageSource on session d18ee29a72f5ee9d04240e0c97e29c0a to remote] DEBUG org.asynchttpclient.netty.request.NettyRequestSender - Using pooled Channel '[id: 0x14f47653, L:/127.0.0.1:58176 - R:localhost/127.0.0.1:42100]' for 'POST' to 'http://localhost:42100/session/d18ee29a72f5ee9d04240e0c97e29c0a/execute/sync'
01:31:49.708 [Forwarding getPageSource on session d18ee29a72f5ee9d04240e0c97e29c0a to remote] DEBUG org.asynchttpclient.netty.request.NettyRequestSender - Using open Channel [id: 0x14f47653, L:/127.0.0.1:58176 - R:localhost/127.0.0.1:42100] for POST '/session/d18ee29a72f5ee9d04240e0c97e29c0a/execute/sync'
01:31:49.715 [AsyncHttpClient-1-5] DEBUG org.asynchttpclient.netty.handler.HttpHandler - 

Request DefaultHttpRequest(decodeResult: success, version: HTTP/1.1)
POST /session/d18ee29a72f5ee9d04240e0c97e29c0a/execute/sync HTTP/1.1
User-Agent: selenium/4.8.1 (java windows)
Content-Length: 176
Content-Type: application/json; charset=utf-8
host: localhost:42100
accept: */*

Response DefaultHttpResponse(decodeResult: success, version: HTTP/1.1)
HTTP/1.1 200 OK
Content-Length: 22567
Content-Type: application/json; charset=utf-8
cache-control: no-cache

01:31:49.716 [AsyncHttpClient-1-5] DEBUG org.asynchttpclient.netty.channel.ChannelManager - Adding key: http://localhost:42100 for channel [id: 0x14f47653, L:/127.0.0.1:58176 - R:localhost/127.0.0.1:42100]
01:31:49.719 [Forwarding getCurrentUrl on session d18ee29a72f5ee9d04240e0c97e29c0a to remote] DEBUG org.asynchttpclient.netty.request.NettyRequestSender - Using pooled Channel '[id: 0x14f47653, L:/127.0.0.1:58176 - R:localhost/127.0.0.1:42100]' for 'GET' to 'http://localhost:42100/session/d18ee29a72f5ee9d04240e0c97e29c0a/url'
01:31:49.720 [Forwarding getCurrentUrl on session d18ee29a72f5ee9d04240e0c97e29c0a to remote] DEBUG org.asynchttpclient.netty.request.NettyRequestSender - Using open Channel [id: 0x14f47653, L:/127.0.0.1:58176 - R:localhost/127.0.0.1:42100] for GET '/session/d18ee29a72f5ee9d04240e0c97e29c0a/url'
01:31:49.724 [AsyncHttpClient-1-5] DEBUG org.asynchttpclient.netty.handler.HttpHandler - 

Request DefaultFullHttpRequest(decodeResult: success, version: HTTP/1.1, content: EmptyByteBufBE)
GET /session/d18ee29a72f5ee9d04240e0c97e29c0a/url HTTP/1.1
User-Agent: selenium/4.8.1 (java windows)
Cache-Control: no-cache
Content-Type: application/json; charset=utf-8
host: localhost:42100
accept: */*

Response DefaultHttpResponse(decodeResult: success, version: HTTP/1.1)
HTTP/1.1 200 OK
Content-Length: 51
Content-Type: application/json; charset=utf-8
cache-control: no-cache

01:31:49.724 [AsyncHttpClient-1-5] DEBUG org.asynchttpclient.netty.channel.ChannelManager - Adding key: http://localhost:42100 for channel [id: 0x14f47653, L:/127.0.0.1:58176 - R:localhost/127.0.0.1:42100]
01:31:49.727 [main] DEBUG net.thucydides.core.steps.StepInterceptor - STARTING STEP: LoginSteps.cantTheProductPage - validateOnTheLoginPage
01:31:49.730 [Forwarding findElement on session d18ee29a72f5ee9d04240e0c97e29c0a to remote] DEBUG org.asynchttpclient.netty.request.NettyRequestSender - Using pooled Channel '[id: 0x14f47653, L:/127.0.0.1:58176 - R:localhost/127.0.0.1:42100]' for 'POST' to 'http://localhost:42100/session/d18ee29a72f5ee9d04240e0c97e29c0a/element'
01:31:49.730 [Forwarding findElement on session d18ee29a72f5ee9d04240e0c97e29c0a to remote] DEBUG org.asynchttpclient.netty.request.NettyRequestSender - Using open Channel [id: 0x14f47653, L:/127.0.0.1:58176 - R:localhost/127.0.0.1:42100] for POST '/session/d18ee29a72f5ee9d04240e0c97e29c0a/element'
01:31:49.739 [AsyncHttpClient-1-5] DEBUG org.asynchttpclient.netty.handler.HttpHandler - 

Request DefaultHttpRequest(decodeResult: success, version: HTTP/1.1)
POST /session/d18ee29a72f5ee9d04240e0c97e29c0a/element HTTP/1.1
User-Agent: selenium/4.8.1 (java windows)
Content-Length: 165
Content-Type: application/json; charset=utf-8
host: localhost:42100
accept: */*

Response DefaultHttpResponse(decodeResult: success, version: HTTP/1.1)
HTTP/1.1 200 OK
Content-Length: 88
Content-Type: application/json; charset=utf-8
cache-control: no-cache

01:31:49.739 [AsyncHttpClient-1-5] DEBUG org.asynchttpclient.netty.channel.ChannelManager - Adding key: http://localhost:42100 for channel [id: 0x14f47653, L:/127.0.0.1:58176 - R:localhost/127.0.0.1:42100]
01:31:49.743 [Forwarding isElementDisplayed on session d18ee29a72f5ee9d04240e0c97e29c0a to remote] DEBUG org.asynchttpclient.netty.request.NettyRequestSender - Using pooled Channel '[id: 0x14f47653, L:/127.0.0.1:58176 - R:localhost/127.0.0.1:42100]' for 'POST' to 'http://localhost:42100/session/d18ee29a72f5ee9d04240e0c97e29c0a/execute/sync'
01:31:49.743 [Forwarding isElementDisplayed on session d18ee29a72f5ee9d04240e0c97e29c0a to remote] DEBUG org.asynchttpclient.netty.request.NettyRequestSender - Using open Channel [id: 0x14f47653, L:/127.0.0.1:58176 - R:localhost/127.0.0.1:42100] for POST '/session/d18ee29a72f5ee9d04240e0c97e29c0a/execute/sync'
01:31:49.762 [AsyncHttpClient-1-5] DEBUG org.asynchttpclient.netty.handler.HttpHandler - 

Request DefaultHttpRequest(decodeResult: success, version: HTTP/1.1)
POST /session/d18ee29a72f5ee9d04240e0c97e29c0a/execute/sync HTTP/1.1
User-Agent: selenium/4.8.1 (java windows)
Content-Length: 48807
Content-Type: application/json; charset=utf-8
host: localhost:42100
accept: */*

Response DefaultHttpResponse(decodeResult: success, version: HTTP/1.1)
HTTP/1.1 200 OK
Content-Length: 14
Content-Type: application/json; charset=utf-8
cache-control: no-cache

01:31:49.762 [AsyncHttpClient-1-5] DEBUG org.asynchttpclient.netty.channel.ChannelManager - Adding key: http://localhost:42100 for channel [id: 0x14f47653, L:/127.0.0.1:58176 - R:localhost/127.0.0.1:42100]
01:31:49.768 [Forwarding getAlertText on session d18ee29a72f5ee9d04240e0c97e29c0a to remote] DEBUG org.asynchttpclient.netty.request.NettyRequestSender - Using pooled Channel '[id: 0x14f47653, L:/127.0.0.1:58176 - R:localhost/127.0.0.1:42100]' for 'GET' to 'http://localhost:42100/session/d18ee29a72f5ee9d04240e0c97e29c0a/alert/text'
01:31:49.768 [Forwarding getAlertText on session d18ee29a72f5ee9d04240e0c97e29c0a to remote] DEBUG org.asynchttpclient.netty.request.NettyRequestSender - Using open Channel [id: 0x14f47653, L:/127.0.0.1:58176 - R:localhost/127.0.0.1:42100] for GET '/session/d18ee29a72f5ee9d04240e0c97e29c0a/alert/text'
01:31:49.770 [AsyncHttpClient-1-5] DEBUG org.asynchttpclient.netty.handler.HttpHandler - 

Request DefaultFullHttpRequest(decodeResult: success, version: HTTP/1.1, content: EmptyByteBufBE)
GET /session/d18ee29a72f5ee9d04240e0c97e29c0a/alert/text HTTP/1.1
User-Agent: selenium/4.8.1 (java windows)
Cache-Control: no-cache
Content-Type: application/json; charset=utf-8
host: localhost:42100
accept: */*

Response DefaultHttpResponse(decodeResult: success, version: HTTP/1.1)
HTTP/1.1 404 Not Found
Content-Length: 816
Content-Type: application/json; charset=utf-8
cache-control: no-cache

01:31:49.770 [AsyncHttpClient-1-5] DEBUG org.asynchttpclient.netty.channel.ChannelManager - Adding key: http://localhost:42100 for channel [id: 0x14f47653, L:/127.0.0.1:58176 - R:localhost/127.0.0.1:42100]
01:31:49.771 [Forwarding getCurrentUrl on session d18ee29a72f5ee9d04240e0c97e29c0a to remote] DEBUG org.asynchttpclient.netty.request.NettyRequestSender - Using pooled Channel '[id: 0x14f47653, L:/127.0.0.1:58176 - R:localhost/127.0.0.1:42100]' for 'GET' to 'http://localhost:42100/session/d18ee29a72f5ee9d04240e0c97e29c0a/url'
01:31:49.771 [Forwarding getCurrentUrl on session d18ee29a72f5ee9d04240e0c97e29c0a to remote] DEBUG org.asynchttpclient.netty.request.NettyRequestSender - Using open Channel [id: 0x14f47653, L:/127.0.0.1:58176 - R:localhost/127.0.0.1:42100] for GET '/session/d18ee29a72f5ee9d04240e0c97e29c0a/url'
01:31:49.775 [AsyncHttpClient-1-5] DEBUG org.asynchttpclient.netty.handler.HttpHandler - 

Request DefaultFullHttpRequest(decodeResult: success, version: HTTP/1.1, content: EmptyByteBufBE)
GET /session/d18ee29a72f5ee9d04240e0c97e29c0a/url HTTP/1.1
User-Agent: selenium/4.8.1 (java windows)
Cache-Control: no-cache
Content-Type: application/json; charset=utf-8
host: localhost:42100
accept: */*

Response DefaultHttpResponse(decodeResult: success, version: HTTP/1.1)
HTTP/1.1 200 OK
Content-Length: 51
Content-Type: application/json; charset=utf-8
cache-control: no-cache

01:31:49.775 [AsyncHttpClient-1-5] DEBUG org.asynchttpclient.netty.channel.ChannelManager - Adding key: http://localhost:42100 for channel [id: 0x14f47653, L:/127.0.0.1:58176 - R:localhost/127.0.0.1:42100]
01:31:49.776 [Forwarding screenshot on session d18ee29a72f5ee9d04240e0c97e29c0a to remote] DEBUG org.asynchttpclient.netty.request.NettyRequestSender - Using pooled Channel '[id: 0x14f47653, L:/127.0.0.1:58176 - R:localhost/127.0.0.1:42100]' for 'GET' to 'http://localhost:42100/session/d18ee29a72f5ee9d04240e0c97e29c0a/screenshot'
01:31:49.777 [Forwarding screenshot on session d18ee29a72f5ee9d04240e0c97e29c0a to remote] DEBUG org.asynchttpclient.netty.request.NettyRequestSender - Using open Channel [id: 0x14f47653, L:/127.0.0.1:58176 - R:localhost/127.0.0.1:42100] for GET '/session/d18ee29a72f5ee9d04240e0c97e29c0a/screenshot'
01:31:49.972 [AsyncHttpClient-1-5] DEBUG org.asynchttpclient.netty.handler.HttpHandler - 

Request DefaultFullHttpRequest(decodeResult: success, version: HTTP/1.1, content: EmptyByteBufBE)
GET /session/d18ee29a72f5ee9d04240e0c97e29c0a/screenshot HTTP/1.1
User-Agent: selenium/4.8.1 (java windows)
Cache-Control: no-cache
Content-Type: application/json; charset=utf-8
host: localhost:42100
accept: */*

Response DefaultHttpResponse(decodeResult: success, version: HTTP/1.1)
HTTP/1.1 200 OK
Content-Length: 55312
Content-Type: application/json; charset=utf-8
cache-control: no-cache

01:31:49.973 [AsyncHttpClient-1-5] DEBUG org.asynchttpclient.netty.channel.ChannelManager - Adding key: http://localhost:42100 for channel [id: 0x14f47653, L:/127.0.0.1:58176 - R:localhost/127.0.0.1:42100]
01:31:49.976 [main] DEBUG net.serenitybdd.core.photography.Darkroom - Send negative for processing for target\site\serenity\f1d300d110179320f9cacadffb1a12806f47f139d91a125258bbdb26a7a4f850.png
01:31:49.976 [main] DEBUG net.thucydides.core.steps.StepInterceptor - STEP DONE: validateOnTheLoginPage
01:31:49.976 [Darkroom Processing Line] DEBUG net.serenitybdd.core.photography.DarkroomProcessingLine - Processing screenshot image in /var/screenshots/screenshot-1385205026072941792
01:31:49.976 [Darkroom Processing Line] DEBUG net.serenitybdd.core.photography.DarkroomProcessingLine - Saving screenshot to target\site\serenity\f1d300d110179320f9cacadffb1a12806f47f139d91a125258bbdb26a7a4f850.png
  &amp#27;[32mThen &amp#27;[0m&amp#27;[32mI can't be on the product page&amp#27;[0m                                 &amp#27;[90m# starter.stepdefinitions.LoginSteps.cantTheProductPage()&amp#27;[0m
01:31:49.983 [main] INFO  - 
  _____   ___   ___   _____     ___     _     ___   ___   ___   ___  
 |_   _| | __| / __| |_   _|   | _ \   /_\   / __| / __| | __| |   \ 
   | |   | _|  \__ \   | |     |  _/  / _ \  \__ \ \__ \ | _|  | |) |
   |_|   |___| |___/   |_|     |_|   /_/ \_\ |___/ |___/ |___| |___/ 

As user i haven't be able to login when using invalid email
----------------------------------------------------------------------
01:31:49.985 [Driver Command Executor] DEBUG org.asynchttpclient.netty.request.NettyRequestSender - Using pooled Channel '[id: 0x14f47653, L:/127.0.0.1:58176 - R:localhost/127.0.0.1:42100]' for 'DELETE' to 'http://localhost:42100/session/d18ee29a72f5ee9d04240e0c97e29c0a'
01:31:49.985 [Driver Command Executor] DEBUG org.asynchttpclient.netty.request.NettyRequestSender - Using open Channel [id: 0x14f47653, L:/127.0.0.1:58176 - R:localhost/127.0.0.1:42100] for DELETE '/session/d18ee29a72f5ee9d04240e0c97e29c0a'
01:31:49.985 [AsyncHttpClient-1-7] DEBUG org.asynchttpclient.netty.handler.WebSocketHandler - Channel Closed: [id: 0xa93ac621, L:/127.0.0.1:58184 ! R:localhost/127.0.0.1:58177] with attribute NettyResponseFuture{currentRetry=0,
	isDone=1,
	isCancelled=0,
	asyncHandler=org.asynchttpclient.ws.WebSocketUpgradeHandler@4f7cd451,
	nettyRequest=org.asynchttpclient.netty.request.NettyRequest@a7e43da,
	future=java.util.concurrent.CompletableFuture@6a639803[Completed normally],
	uri=ws://localhost:58177/devtools/browser/5daa7584-5eea-4b0b-bff1-5cef18bdf7bf,
	keepAlive=true,
	redirectCount=0,
	timeoutsHolder=null,
	inAuth=0,
	touch=1683484306924}
01:31:49.985 [AsyncHttpClient-1-7] DEBUG org.asynchttpclient.netty.channel.ChannelManager - Closing Channel [id: 0xa93ac621, L:/127.0.0.1:58184 ! R:localhost/127.0.0.1:58177] 
01:31:50.038 [AsyncHttpClient-1-6] DEBUG org.asynchttpclient.netty.handler.HttpHandler - Unexpected I/O exception on channel [id: 0xbf6bdad1, L:/127.0.0.1:58183 - R:localhost/127.0.0.1:58177]
java.io.IOException: An existing connection was forcibly closed by the remote host
	at sun.nio.ch.SocketDispatcher.read0(Native Method)
	at sun.nio.ch.SocketDispatcher.read(Unknown Source)
	at sun.nio.ch.IOUtil.readIntoNativeBuffer(Unknown Source)
	at sun.nio.ch.IOUtil.read(Unknown Source)
	at sun.nio.ch.SocketChannelImpl.read(Unknown Source)
	at io.netty.buffer.PooledByteBuf.setBytes(PooledByteBuf.java:259)
	at io.netty.buffer.AbstractByteBuf.writeBytes(AbstractByteBuf.java:1132)
	at io.netty.channel.socket.nio.NioSocketChannel.doReadBytes(NioSocketChannel.java:357)
	at io.netty.channel.nio.AbstractNioByteChannel$NioByteUnsafe.read(AbstractNioByteChannel.java:151)
	at io.netty.channel.nio.NioEventLoop.processSelectedKey(NioEventLoop.java:788)
	at io.netty.channel.nio.NioEventLoop.processSelectedKeysOptimized(NioEventLoop.java:724)
	at io.netty.channel.nio.NioEventLoop.processSelectedKeys(NioEventLoop.java:650)
	at io.netty.channel.nio.NioEventLoop.run(NioEventLoop.java:562)
	at io.netty.util.concurrent.SingleThreadEventExecutor$4.run(SingleThreadEventExecutor.java:997)
	at io.netty.util.internal.ThreadExecutorMap$2.run(ThreadExecutorMap.java:74)
	at io.netty.util.concurrent.FastThreadLocalRunnable.run(FastThreadLocalRunnable.java:30)
	at java.lang.Thread.run(Unknown Source)
01:31:50.038 [AsyncHttpClient-1-6] DEBUG org.asynchttpclient.netty.channel.ChannelManager - Closing Channel [id: 0xbf6bdad1, L:/127.0.0.1:58183 - R:localhost/127.0.0.1:58177] 
01:31:50.038 [AsyncHttpClient-1-6] DEBUG org.asynchttpclient.netty.handler.HttpHandler - Channel Closed: [id: 0xbf6bdad1, L:/127.0.0.1:58183 ! R:localhost/127.0.0.1:58177] with attribute DISCARD
01:31:50.056 [AsyncHttpClient-1-5] DEBUG org.asynchttpclient.netty.handler.HttpHandler - 

Request DefaultFullHttpRequest(decodeResult: success, version: HTTP/1.1, content: EmptyByteBufBE)
DELETE /session/d18ee29a72f5ee9d04240e0c97e29c0a HTTP/1.1
User-Agent: selenium/4.8.1 (java windows)
Content-Type: application/json; charset=utf-8
host: localhost:42100
accept: */*

Response DefaultHttpResponse(decodeResult: success, version: HTTP/1.1)
HTTP/1.1 200 OK
Content-Length: 14
Content-Type: application/json; charset=utf-8
cache-control: no-cache

01:31:50.056 [AsyncHttpClient-1-5] DEBUG org.asynchttpclient.netty.channel.ChannelManager - Adding key: http://localhost:42100 for channel [id: 0x14f47653, L:/127.0.0.1:58176 - R:localhost/127.0.0.1:42100]
01:31:50.130 [AsyncHttpClient-1-5] DEBUG org.asynchttpclient.netty.handler.HttpHandler - Channel Closed: [id: 0x14f47653, L:/127.0.0.1:58176 ! R:localhost/127.0.0.1:42100] with attribute DISCARD
01:31:50.196 [AsyncHttpClient-1-1] DEBUG org.asynchttpclient.netty.channel.DefaultChannelPool - Entry count for : http://localhost:58177 : 1
01:31:50.196 [AsyncHttpClient-1-1] DEBUG org.asynchttpclient.netty.channel.DefaultChannelPool - Entry count for : http://localhost:42100 : 1
01:31:50.196 [AsyncHttpClient-1-1] DEBUG org.asynchttpclient.netty.channel.DefaultChannelPool - Adding Candidate expired Channel [id: 0xbf6bdad1, L:/127.0.0.1:58183 ! R:localhost/127.0.0.1:58177] isIdleTimeoutExpired=false isRemotelyClosed=true isTtlExpired=false
01:31:50.196 [AsyncHttpClient-1-1] DEBUG org.asynchttpclient.netty.channel.DefaultChannelPool - Closing Idle Channel [id: 0xbf6bdad1, L:/127.0.0.1:58183 ! R:localhost/127.0.0.1:58177]
01:31:50.196 [AsyncHttpClient-1-1] DEBUG org.asynchttpclient.netty.channel.DefaultChannelPool - Adding Candidate expired Channel [id: 0x14f47653, L:/127.0.0.1:58176 ! R:localhost/127.0.0.1:42100] isIdleTimeoutExpired=false isRemotelyClosed=true isTtlExpired=false
01:31:50.196 [AsyncHttpClient-1-1] DEBUG org.asynchttpclient.netty.channel.DefaultChannelPool - Closing Idle Channel [id: 0x14f47653, L:/127.0.0.1:58176 ! R:localhost/127.0.0.1:42100]
01:31:50.196 [AsyncHttpClient-1-1] DEBUG org.asynchttpclient.netty.channel.DefaultChannelPool - Closed 2 connections out of 2 in 0 ms
]]></system-out>
    <system-err><![CDATA[Starting ChromeDriver 111.0.5563.64 (c710e93d5b63b7095afe8c2c17df34408078439d-refs/branch-heads/5563@{#995}) on port 42100
Only local connections are allowed.
Please see https://chromedriver.chromium.org/security-considerations for suggestions on keeping ChromeDriver safe.
ChromeDriver was started successfully.
[1683484306.763][WARNING]: This version of ChromeDriver has not been tested with Chrome version 112.
Mei 08, 2023 1:31:46 AM org.openqa.selenium.devtools.CdpVersionFinder findNearestMatch
WARNING: Unable to find an exact match for CDP version 112, so returning the closest version found: 110
]]></system-err>
  </testcase>
  <testcase name="As user i haven&apos;t be able to login when using invalid password" classname="login" time="5.353">
    <system-out><![CDATA[
Scenario: As user i haven't be able to login when using invalid password &amp#27;[90m# src/test/resources/features/Login.feature:20&amp#27;[0m
01:31:50.675 [main] DEBUG io.cucumber.core.plugin.SerenityReporter - Running feature from file:///D:/TUGAS%20SEMESTER%206/Mini%20Project/WebTest-MiniProject/src/test/resources/features/Login.feature
01:31:50.677 [main] INFO  - 
  _____   ___   ___   _____     ___   _____     _     ___   _____   ___   ___  
 |_   _| | __| / __| |_   _|   / __| |_   _|   /_\   | _ \ |_   _| | __| |   \ 
   | |   | _|  \__ \   | |     \__ \   | |    / _ \  |   /   | |   | _|  | |) |
   |_|   |___| |___/   |_|     |___/   |_|   /_/ \_\ |_|_\   |_|   |___| |___/ 

As user i haven't be able to login when using invalid password(login;as-user-i-haven-t-be-able-to-login-when-using-invalid-password)
--------------------------------------------------------------------------------
01:31:50.816 [main] INFO net.serenitybdd.core.webdriver.driverproviders.ChromeDriverProvider - Starting Chrome driver instance with capabilities:
01:31:50.817 [main] INFO net.serenitybdd.core.webdriver.driverproviders.ChromeDriverProvider - Capabilities {acceptInsecureCerts: false, browserName: chrome, goog:chromeOptions: {args: [remote-allow-origins=*], extensions: []}}
01:31:51.420 [AsyncHttpClient-1-8] DEBUG org.asynchttpclient.netty.channel.NettyConnectListener - Using new Channel '[id: 0xb79e1e0f, L:/127.0.0.1:58198 - R:localhost/127.0.0.1:27865]' for 'POST' to '/session'
01:31:52.038 [AsyncHttpClient-1-8] DEBUG org.asynchttpclient.netty.handler.HttpHandler - 

Request DefaultHttpRequest(decodeResult: success, version: HTTP/1.1)
POST /session HTTP/1.1
User-Agent: selenium/4.8.1 (java windows)
Content-Length: 507
Content-Type: application/json; charset=utf-8
host: localhost:27865
accept: */*

Response DefaultHttpResponse(decodeResult: success, version: HTTP/1.1)
HTTP/1.1 200 OK
Content-Length: 856
Content-Type: application/json; charset=utf-8
cache-control: no-cache

01:31:52.038 [AsyncHttpClient-1-8] DEBUG org.asynchttpclient.netty.channel.ChannelManager - Adding key: http://localhost:27865 for channel [id: 0xb79e1e0f, L:/127.0.0.1:58198 - R:localhost/127.0.0.1:27865]
01:31:52.046 [AsyncHttpClient-1-9] DEBUG org.asynchttpclient.netty.channel.NettyConnectListener - Using new Channel '[id: 0x20e68f4f, L:/127.0.0.1:58205 - R:localhost/127.0.0.1:58199]' for 'GET' to '/json/version'
01:31:52.048 [AsyncHttpClient-1-9] DEBUG org.asynchttpclient.netty.handler.HttpHandler - 

Request DefaultFullHttpRequest(decodeResult: success, version: HTTP/1.1, content: EmptyByteBufBE)
GET /json/version HTTP/1.1
User-Agent: selenium/4.8.1 (java windows)
host: localhost:58199
accept: */*

Response DefaultHttpResponse(decodeResult: success, version: HTTP/1.1)
HTTP/1.1 200 OK
Content-Security-Policy: frame-ancestors 'none'
Content-Length: 424
Content-Type: application/json; charset=UTF-8

01:31:52.048 [AsyncHttpClient-1-9] DEBUG org.asynchttpclient.netty.channel.ChannelManager - Adding key: http://localhost:58199 for channel [id: 0x20e68f4f, L:/127.0.0.1:58205 - R:localhost/127.0.0.1:58199]
01:31:52.052 [AsyncHttpClient-1-10] DEBUG org.asynchttpclient.netty.channel.NettyConnectListener - Using new Channel '[id: 0x41ca3907, L:/127.0.0.1:58206 - R:localhost/127.0.0.1:58199]' for 'GET' to '/devtools/browser/601ee491-9b10-44eb-bd36-3c853c415993'
01:31:52.054 [AsyncHttpClient-1-10] DEBUG org.asynchttpclient.netty.handler.WebSocketHandler - 

Request DefaultFullHttpRequest(decodeResult: success, version: HTTP/1.1, content: EmptyByteBufBE)
GET /devtools/browser/601ee491-9b10-44eb-bd36-3c853c415993 HTTP/1.1
upgrade: websocket
connection: upgrade
sec-websocket-key: qWZMrkN4I0FJVV+1IMOViQ==
sec-websocket-version: 13
origin: http://localhost:58199
host: localhost:58199
accept: */*
user-agent: AHC/2.1

Response DefaultHttpResponse(decodeResult: success, version: HTTP/1.1)
HTTP/1.1 101 WebSocket Protocol Handshake
Upgrade: WebSocket
Connection: Upgrade
Sec-WebSocket-Accept: D8VDye16uLZRyBUned4J0GR2h94=

01:31:52.058 [Forwarding get on session ab65333867783b617e18e4d0ff9c67cb to remote] DEBUG org.asynchttpclient.netty.request.NettyRequestSender - Using pooled Channel '[id: 0xb79e1e0f, L:/127.0.0.1:58198 - R:localhost/127.0.0.1:27865]' for 'POST' to 'http://localhost:27865/session/ab65333867783b617e18e4d0ff9c67cb/url'
01:31:52.059 [Forwarding get on session ab65333867783b617e18e4d0ff9c67cb to remote] DEBUG org.asynchttpclient.netty.request.NettyRequestSender - Using open Channel [id: 0xb79e1e0f, L:/127.0.0.1:58198 - R:localhost/127.0.0.1:27865] for POST '/session/ab65333867783b617e18e4d0ff9c67cb/url'
01:31:52.391 [AsyncHttpClient-1-1] DEBUG org.asynchttpclient.netty.channel.DefaultChannelPool - Entry count for : http://localhost:58199 : 1
01:31:53.061 [AsyncHttpClient-1-8] DEBUG org.asynchttpclient.netty.handler.HttpHandler - 

Request DefaultHttpRequest(decodeResult: success, version: HTTP/1.1)
POST /session/ab65333867783b617e18e4d0ff9c67cb/url HTTP/1.1
User-Agent: selenium/4.8.1 (java windows)
Content-Length: 74
Content-Type: application/json; charset=utf-8
host: localhost:27865
accept: */*

Response DefaultHttpResponse(decodeResult: success, version: HTTP/1.1)
HTTP/1.1 200 OK
Content-Length: 14
Content-Type: application/json; charset=utf-8
cache-control: no-cache

01:31:53.061 [AsyncHttpClient-1-8] DEBUG org.asynchttpclient.netty.channel.ChannelManager - Adding key: http://localhost:27865 for channel [id: 0xb79e1e0f, L:/127.0.0.1:58198 - R:localhost/127.0.0.1:27865]
01:31:53.063 [Forwarding setTimeout on session ab65333867783b617e18e4d0ff9c67cb to remote] DEBUG org.asynchttpclient.netty.request.NettyRequestSender - Using pooled Channel '[id: 0xb79e1e0f, L:/127.0.0.1:58198 - R:localhost/127.0.0.1:27865]' for 'POST' to 'http://localhost:27865/session/ab65333867783b617e18e4d0ff9c67cb/timeouts'
01:31:53.063 [Forwarding setTimeout on session ab65333867783b617e18e4d0ff9c67cb to remote] DEBUG org.asynchttpclient.netty.request.NettyRequestSender - Using open Channel [id: 0xb79e1e0f, L:/127.0.0.1:58198 - R:localhost/127.0.0.1:27865] for POST '/session/ab65333867783b617e18e4d0ff9c67cb/timeouts'
01:31:53.064 [AsyncHttpClient-1-8] DEBUG org.asynchttpclient.netty.handler.HttpHandler - 

Request DefaultHttpRequest(decodeResult: success, version: HTTP/1.1)
POST /session/ab65333867783b617e18e4d0ff9c67cb/timeouts HTTP/1.1
User-Agent: selenium/4.8.1 (java windows)
Content-Length: 22
Content-Type: application/json; charset=utf-8
host: localhost:27865
accept: */*

Response DefaultHttpResponse(decodeResult: success, version: HTTP/1.1)
HTTP/1.1 200 OK
Content-Length: 14
Content-Type: application/json; charset=utf-8
cache-control: no-cache

01:31:53.064 [AsyncHttpClient-1-8] DEBUG org.asynchttpclient.netty.channel.ChannelManager - Adding key: http://localhost:27865 for channel [id: 0xb79e1e0f, L:/127.0.0.1:58198 - R:localhost/127.0.0.1:27865]
01:31:53.073 [Forwarding getAlertText on session ab65333867783b617e18e4d0ff9c67cb to remote] DEBUG org.asynchttpclient.netty.request.NettyRequestSender - Using pooled Channel '[id: 0xb79e1e0f, L:/127.0.0.1:58198 - R:localhost/127.0.0.1:27865]' for 'GET' to 'http://localhost:27865/session/ab65333867783b617e18e4d0ff9c67cb/alert/text'
01:31:53.074 [Forwarding getAlertText on session ab65333867783b617e18e4d0ff9c67cb to remote] DEBUG org.asynchttpclient.netty.request.NettyRequestSender - Using open Channel [id: 0xb79e1e0f, L:/127.0.0.1:58198 - R:localhost/127.0.0.1:27865] for GET '/session/ab65333867783b617e18e4d0ff9c67cb/alert/text'
01:31:53.076 [AsyncHttpClient-1-8] DEBUG org.asynchttpclient.netty.handler.HttpHandler - 

Request DefaultFullHttpRequest(decodeResult: success, version: HTTP/1.1, content: EmptyByteBufBE)
GET /session/ab65333867783b617e18e4d0ff9c67cb/alert/text HTTP/1.1
User-Agent: selenium/4.8.1 (java windows)
Cache-Control: no-cache
Content-Type: application/json; charset=utf-8
host: localhost:27865
accept: */*

Response DefaultHttpResponse(decodeResult: success, version: HTTP/1.1)
HTTP/1.1 404 Not Found
Content-Length: 816
Content-Type: application/json; charset=utf-8
cache-control: no-cache

01:31:53.076 [AsyncHttpClient-1-8] DEBUG org.asynchttpclient.netty.channel.ChannelManager - Adding key: http://localhost:27865 for channel [id: 0xb79e1e0f, L:/127.0.0.1:58198 - R:localhost/127.0.0.1:27865]
01:31:53.078 [Forwarding getCurrentUrl on session ab65333867783b617e18e4d0ff9c67cb to remote] DEBUG org.asynchttpclient.netty.request.NettyRequestSender - Using pooled Channel '[id: 0xb79e1e0f, L:/127.0.0.1:58198 - R:localhost/127.0.0.1:27865]' for 'GET' to 'http://localhost:27865/session/ab65333867783b617e18e4d0ff9c67cb/url'
01:31:53.078 [Forwarding getCurrentUrl on session ab65333867783b617e18e4d0ff9c67cb to remote] DEBUG org.asynchttpclient.netty.request.NettyRequestSender - Using open Channel [id: 0xb79e1e0f, L:/127.0.0.1:58198 - R:localhost/127.0.0.1:27865] for GET '/session/ab65333867783b617e18e4d0ff9c67cb/url'
01:31:53.084 [AsyncHttpClient-1-8] DEBUG org.asynchttpclient.netty.handler.HttpHandler - 

Request DefaultFullHttpRequest(decodeResult: success, version: HTTP/1.1, content: EmptyByteBufBE)
GET /session/ab65333867783b617e18e4d0ff9c67cb/url HTTP/1.1
User-Agent: selenium/4.8.1 (java windows)
Cache-Control: no-cache
Content-Type: application/json; charset=utf-8
host: localhost:27865
accept: */*

Response DefaultHttpResponse(decodeResult: success, version: HTTP/1.1)
HTTP/1.1 200 OK
Content-Length: 51
Content-Type: application/json; charset=utf-8
cache-control: no-cache

01:31:53.084 [AsyncHttpClient-1-8] DEBUG org.asynchttpclient.netty.channel.ChannelManager - Adding key: http://localhost:27865 for channel [id: 0xb79e1e0f, L:/127.0.0.1:58198 - R:localhost/127.0.0.1:27865]
01:31:53.086 [Forwarding screenshot on session ab65333867783b617e18e4d0ff9c67cb to remote] DEBUG org.asynchttpclient.netty.request.NettyRequestSender - Using pooled Channel '[id: 0xb79e1e0f, L:/127.0.0.1:58198 - R:localhost/127.0.0.1:27865]' for 'GET' to 'http://localhost:27865/session/ab65333867783b617e18e4d0ff9c67cb/screenshot'
01:31:53.086 [Forwarding screenshot on session ab65333867783b617e18e4d0ff9c67cb to remote] DEBUG org.asynchttpclient.netty.request.NettyRequestSender - Using open Channel [id: 0xb79e1e0f, L:/127.0.0.1:58198 - R:localhost/127.0.0.1:27865] for GET '/session/ab65333867783b617e18e4d0ff9c67cb/screenshot'
01:31:53.371 [AsyncHttpClient-1-8] DEBUG org.asynchttpclient.netty.handler.HttpHandler - 

Request DefaultFullHttpRequest(decodeResult: success, version: HTTP/1.1, content: EmptyByteBufBE)
GET /session/ab65333867783b617e18e4d0ff9c67cb/screenshot HTTP/1.1
User-Agent: selenium/4.8.1 (java windows)
Cache-Control: no-cache
Content-Type: application/json; charset=utf-8
host: localhost:27865
accept: */*

Response DefaultHttpResponse(decodeResult: success, version: HTTP/1.1)
HTTP/1.1 200 OK
Content-Length: 37680
Content-Type: application/json; charset=utf-8
cache-control: no-cache

01:31:53.371 [AsyncHttpClient-1-8] DEBUG org.asynchttpclient.netty.channel.ChannelManager - Adding key: http://localhost:27865 for channel [id: 0xb79e1e0f, L:/127.0.0.1:58198 - R:localhost/127.0.0.1:27865]
01:31:53.374 [main] DEBUG net.serenitybdd.core.photography.Darkroom - Send negative for processing for target\site\serenity\617ccc73021c4cab9dfa54c5aa3482f15135817f8e58f0514fd8d62047c1a9ab.png
01:31:53.376 [Forwarding getPageSource on session ab65333867783b617e18e4d0ff9c67cb to remote] DEBUG org.asynchttpclient.netty.request.NettyRequestSender - Using pooled Channel '[id: 0xb79e1e0f, L:/127.0.0.1:58198 - R:localhost/127.0.0.1:27865]' for 'POST' to 'http://localhost:27865/session/ab65333867783b617e18e4d0ff9c67cb/execute/sync'
01:31:53.376 [Forwarding getPageSource on session ab65333867783b617e18e4d0ff9c67cb to remote] DEBUG org.asynchttpclient.netty.request.NettyRequestSender - Using open Channel [id: 0xb79e1e0f, L:/127.0.0.1:58198 - R:localhost/127.0.0.1:27865] for POST '/session/ab65333867783b617e18e4d0ff9c67cb/execute/sync'
01:31:53.382 [AsyncHttpClient-1-8] DEBUG org.asynchttpclient.netty.handler.HttpHandler - 

Request DefaultHttpRequest(decodeResult: success, version: HTTP/1.1)
POST /session/ab65333867783b617e18e4d0ff9c67cb/execute/sync HTTP/1.1
User-Agent: selenium/4.8.1 (java windows)
Content-Length: 176
Content-Type: application/json; charset=utf-8
host: localhost:27865
accept: */*

Response DefaultHttpResponse(decodeResult: success, version: HTTP/1.1)
HTTP/1.1 200 OK
Content-Length: 21659
Content-Type: application/json; charset=utf-8
cache-control: no-cache

01:31:53.383 [AsyncHttpClient-1-8] DEBUG org.asynchttpclient.netty.channel.ChannelManager - Adding key: http://localhost:27865 for channel [id: 0xb79e1e0f, L:/127.0.0.1:58198 - R:localhost/127.0.0.1:27865]
01:31:53.386 [Forwarding getCurrentUrl on session ab65333867783b617e18e4d0ff9c67cb to remote] DEBUG org.asynchttpclient.netty.request.NettyRequestSender - Using pooled Channel '[id: 0xb79e1e0f, L:/127.0.0.1:58198 - R:localhost/127.0.0.1:27865]' for 'GET' to 'http://localhost:27865/session/ab65333867783b617e18e4d0ff9c67cb/url'
01:31:53.386 [Forwarding getCurrentUrl on session ab65333867783b617e18e4d0ff9c67cb to remote] DEBUG org.asynchttpclient.netty.request.NettyRequestSender - Using open Channel [id: 0xb79e1e0f, L:/127.0.0.1:58198 - R:localhost/127.0.0.1:27865] for GET '/session/ab65333867783b617e18e4d0ff9c67cb/url'
01:31:53.390 [AsyncHttpClient-1-8] DEBUG org.asynchttpclient.netty.handler.HttpHandler - 

Request DefaultFullHttpRequest(decodeResult: success, version: HTTP/1.1, content: EmptyByteBufBE)
GET /session/ab65333867783b617e18e4d0ff9c67cb/url HTTP/1.1
User-Agent: selenium/4.8.1 (java windows)
Cache-Control: no-cache
Content-Type: application/json; charset=utf-8
host: localhost:27865
accept: */*

Response DefaultHttpResponse(decodeResult: success, version: HTTP/1.1)
HTTP/1.1 200 OK
Content-Length: 51
Content-Type: application/json; charset=utf-8
cache-control: no-cache

01:31:53.390 [AsyncHttpClient-1-8] DEBUG org.asynchttpclient.netty.channel.ChannelManager - Adding key: http://localhost:27865 for channel [id: 0xb79e1e0f, L:/127.0.0.1:58198 - R:localhost/127.0.0.1:27865]
01:31:53.392 [main] DEBUG net.thucydides.core.steps.StepInterceptor - STARTING STEP: LoginSteps.onTheLoginPage - validateOnTheLoginPage
01:31:53.395 [Forwarding findElement on session ab65333867783b617e18e4d0ff9c67cb to remote] DEBUG org.asynchttpclient.netty.request.NettyRequestSender - Using pooled Channel '[id: 0xb79e1e0f, L:/127.0.0.1:58198 - R:localhost/127.0.0.1:27865]' for 'POST' to 'http://localhost:27865/session/ab65333867783b617e18e4d0ff9c67cb/element'
01:31:53.395 [Forwarding findElement on session ab65333867783b617e18e4d0ff9c67cb to remote] DEBUG org.asynchttpclient.netty.request.NettyRequestSender - Using open Channel [id: 0xb79e1e0f, L:/127.0.0.1:58198 - R:localhost/127.0.0.1:27865] for POST '/session/ab65333867783b617e18e4d0ff9c67cb/element'
01:31:53.408 [AsyncHttpClient-1-8] DEBUG org.asynchttpclient.netty.handler.HttpHandler - 

Request DefaultHttpRequest(decodeResult: success, version: HTTP/1.1)
POST /session/ab65333867783b617e18e4d0ff9c67cb/element HTTP/1.1
User-Agent: selenium/4.8.1 (java windows)
Content-Length: 165
Content-Type: application/json; charset=utf-8
host: localhost:27865
accept: */*

Response DefaultHttpResponse(decodeResult: success, version: HTTP/1.1)
HTTP/1.1 200 OK
Content-Length: 88
Content-Type: application/json; charset=utf-8
cache-control: no-cache

01:31:53.408 [AsyncHttpClient-1-8] DEBUG org.asynchttpclient.netty.channel.ChannelManager - Adding key: http://localhost:27865 for channel [id: 0xb79e1e0f, L:/127.0.0.1:58198 - R:localhost/127.0.0.1:27865]
01:31:53.411 [Forwarding isElementDisplayed on session ab65333867783b617e18e4d0ff9c67cb to remote] DEBUG org.asynchttpclient.netty.request.NettyRequestSender - Using pooled Channel '[id: 0xb79e1e0f, L:/127.0.0.1:58198 - R:localhost/127.0.0.1:27865]' for 'POST' to 'http://localhost:27865/session/ab65333867783b617e18e4d0ff9c67cb/execute/sync'
01:31:53.411 [Forwarding isElementDisplayed on session ab65333867783b617e18e4d0ff9c67cb to remote] DEBUG org.asynchttpclient.netty.request.NettyRequestSender - Using open Channel [id: 0xb79e1e0f, L:/127.0.0.1:58198 - R:localhost/127.0.0.1:27865] for POST '/session/ab65333867783b617e18e4d0ff9c67cb/execute/sync'
01:31:53.426 [AsyncHttpClient-1-8] DEBUG org.asynchttpclient.netty.handler.HttpHandler - 

Request DefaultHttpRequest(decodeResult: success, version: HTTP/1.1)
POST /session/ab65333867783b617e18e4d0ff9c67cb/execute/sync HTTP/1.1
User-Agent: selenium/4.8.1 (java windows)
Content-Length: 48807
Content-Type: application/json; charset=utf-8
host: localhost:27865
accept: */*

Response DefaultHttpResponse(decodeResult: success, version: HTTP/1.1)
HTTP/1.1 200 OK
Content-Length: 14
Content-Type: application/json; charset=utf-8
cache-control: no-cache

01:31:53.426 [AsyncHttpClient-1-8] DEBUG org.asynchttpclient.netty.channel.ChannelManager - Adding key: http://localhost:27865 for channel [id: 0xb79e1e0f, L:/127.0.0.1:58198 - R:localhost/127.0.0.1:27865]
01:31:53.432 [Forwarding getAlertText on session ab65333867783b617e18e4d0ff9c67cb to remote] DEBUG org.asynchttpclient.netty.request.NettyRequestSender - Using pooled Channel '[id: 0xb79e1e0f, L:/127.0.0.1:58198 - R:localhost/127.0.0.1:27865]' for 'GET' to 'http://localhost:27865/session/ab65333867783b617e18e4d0ff9c67cb/alert/text'
01:31:53.433 [Forwarding getAlertText on session ab65333867783b617e18e4d0ff9c67cb to remote] DEBUG org.asynchttpclient.netty.request.NettyRequestSender - Using open Channel [id: 0xb79e1e0f, L:/127.0.0.1:58198 - R:localhost/127.0.0.1:27865] for GET '/session/ab65333867783b617e18e4d0ff9c67cb/alert/text'
01:31:53.434 [AsyncHttpClient-1-8] DEBUG org.asynchttpclient.netty.handler.HttpHandler - 

Request DefaultFullHttpRequest(decodeResult: success, version: HTTP/1.1, content: EmptyByteBufBE)
GET /session/ab65333867783b617e18e4d0ff9c67cb/alert/text HTTP/1.1
User-Agent: selenium/4.8.1 (java windows)
Cache-Control: no-cache
Content-Type: application/json; charset=utf-8
host: localhost:27865
accept: */*

Response DefaultHttpResponse(decodeResult: success, version: HTTP/1.1)
HTTP/1.1 404 Not Found
Content-Length: 816
Content-Type: application/json; charset=utf-8
cache-control: no-cache

01:31:53.434 [AsyncHttpClient-1-8] DEBUG org.asynchttpclient.netty.channel.ChannelManager - Adding key: http://localhost:27865 for channel [id: 0xb79e1e0f, L:/127.0.0.1:58198 - R:localhost/127.0.0.1:27865]
01:31:53.436 [Forwarding getCurrentUrl on session ab65333867783b617e18e4d0ff9c67cb to remote] DEBUG org.asynchttpclient.netty.request.NettyRequestSender - Using pooled Channel '[id: 0xb79e1e0f, L:/127.0.0.1:58198 - R:localhost/127.0.0.1:27865]' for 'GET' to 'http://localhost:27865/session/ab65333867783b617e18e4d0ff9c67cb/url'
01:31:53.436 [Forwarding getCurrentUrl on session ab65333867783b617e18e4d0ff9c67cb to remote] DEBUG org.asynchttpclient.netty.request.NettyRequestSender - Using open Channel [id: 0xb79e1e0f, L:/127.0.0.1:58198 - R:localhost/127.0.0.1:27865] for GET '/session/ab65333867783b617e18e4d0ff9c67cb/url'
01:31:53.439 [AsyncHttpClient-1-8] DEBUG org.asynchttpclient.netty.handler.HttpHandler - 

Request DefaultFullHttpRequest(decodeResult: success, version: HTTP/1.1, content: EmptyByteBufBE)
GET /session/ab65333867783b617e18e4d0ff9c67cb/url HTTP/1.1
User-Agent: selenium/4.8.1 (java windows)
Cache-Control: no-cache
Content-Type: application/json; charset=utf-8
host: localhost:27865
accept: */*

Response DefaultHttpResponse(decodeResult: success, version: HTTP/1.1)
HTTP/1.1 200 OK
Content-Length: 51
Content-Type: application/json; charset=utf-8
cache-control: no-cache

01:31:53.440 [AsyncHttpClient-1-8] DEBUG org.asynchttpclient.netty.channel.ChannelManager - Adding key: http://localhost:27865 for channel [id: 0xb79e1e0f, L:/127.0.0.1:58198 - R:localhost/127.0.0.1:27865]
01:31:53.440 [Forwarding screenshot on session ab65333867783b617e18e4d0ff9c67cb to remote] DEBUG org.asynchttpclient.netty.request.NettyRequestSender - Using pooled Channel '[id: 0xb79e1e0f, L:/127.0.0.1:58198 - R:localhost/127.0.0.1:27865]' for 'GET' to 'http://localhost:27865/session/ab65333867783b617e18e4d0ff9c67cb/screenshot'
01:31:53.441 [Forwarding screenshot on session ab65333867783b617e18e4d0ff9c67cb to remote] DEBUG org.asynchttpclient.netty.request.NettyRequestSender - Using open Channel [id: 0xb79e1e0f, L:/127.0.0.1:58198 - R:localhost/127.0.0.1:27865] for GET '/session/ab65333867783b617e18e4d0ff9c67cb/screenshot'
01:31:53.493 [AsyncHttpClient-1-1] DEBUG org.asynchttpclient.netty.channel.DefaultChannelPool - Entry count for : http://localhost:58199 : 1
01:31:53.566 [AsyncHttpClient-1-8] DEBUG org.asynchttpclient.netty.handler.HttpHandler - 

Request DefaultFullHttpRequest(decodeResult: success, version: HTTP/1.1, content: EmptyByteBufBE)
GET /session/ab65333867783b617e18e4d0ff9c67cb/screenshot HTTP/1.1
User-Agent: selenium/4.8.1 (java windows)
Cache-Control: no-cache
Content-Type: application/json; charset=utf-8
host: localhost:27865
accept: */*

Response DefaultHttpResponse(decodeResult: success, version: HTTP/1.1)
HTTP/1.1 200 OK
Content-Length: 37680
Content-Type: application/json; charset=utf-8
cache-control: no-cache

01:31:53.566 [AsyncHttpClient-1-8] DEBUG org.asynchttpclient.netty.channel.ChannelManager - Adding key: http://localhost:27865 for channel [id: 0xb79e1e0f, L:/127.0.0.1:58198 - R:localhost/127.0.0.1:27865]
01:31:53.569 [main] DEBUG net.serenitybdd.core.photography.Darkroom - Send negative for processing for target\site\serenity\617ccc73021c4cab9dfa54c5aa3482f15135817f8e58f0514fd8d62047c1a9ab.png
01:31:53.569 [main] DEBUG net.thucydides.core.steps.StepInterceptor - STEP DONE: validateOnTheLoginPage
  &amp#27;[32mGiven &amp#27;[0m&amp#27;[32mI am on the login page&amp#27;[0m                                           &amp#27;[90m# starter.stepdefinitions.LoginSteps.onTheLoginPage()&amp#27;[0m
01:31:53.578 [Forwarding getPageSource on session ab65333867783b617e18e4d0ff9c67cb to remote] DEBUG org.asynchttpclient.netty.request.NettyRequestSender - Using pooled Channel '[id: 0xb79e1e0f, L:/127.0.0.1:58198 - R:localhost/127.0.0.1:27865]' for 'POST' to 'http://localhost:27865/session/ab65333867783b617e18e4d0ff9c67cb/execute/sync'
01:31:53.578 [Forwarding getPageSource on session ab65333867783b617e18e4d0ff9c67cb to remote] DEBUG org.asynchttpclient.netty.request.NettyRequestSender - Using open Channel [id: 0xb79e1e0f, L:/127.0.0.1:58198 - R:localhost/127.0.0.1:27865] for POST '/session/ab65333867783b617e18e4d0ff9c67cb/execute/sync'
01:31:53.584 [AsyncHttpClient-1-8] DEBUG org.asynchttpclient.netty.handler.HttpHandler - 

Request DefaultHttpRequest(decodeResult: success, version: HTTP/1.1)
POST /session/ab65333867783b617e18e4d0ff9c67cb/execute/sync HTTP/1.1
User-Agent: selenium/4.8.1 (java windows)
Content-Length: 176
Content-Type: application/json; charset=utf-8
host: localhost:27865
accept: */*

Response DefaultHttpResponse(decodeResult: success, version: HTTP/1.1)
HTTP/1.1 200 OK
Content-Length: 21659
Content-Type: application/json; charset=utf-8
cache-control: no-cache

01:31:53.584 [AsyncHttpClient-1-8] DEBUG org.asynchttpclient.netty.channel.ChannelManager - Adding key: http://localhost:27865 for channel [id: 0xb79e1e0f, L:/127.0.0.1:58198 - R:localhost/127.0.0.1:27865]
01:31:53.587 [Forwarding getCurrentUrl on session ab65333867783b617e18e4d0ff9c67cb to remote] DEBUG org.asynchttpclient.netty.request.NettyRequestSender - Using pooled Channel '[id: 0xb79e1e0f, L:/127.0.0.1:58198 - R:localhost/127.0.0.1:27865]' for 'GET' to 'http://localhost:27865/session/ab65333867783b617e18e4d0ff9c67cb/url'
01:31:53.587 [Forwarding getCurrentUrl on session ab65333867783b617e18e4d0ff9c67cb to remote] DEBUG org.asynchttpclient.netty.request.NettyRequestSender - Using open Channel [id: 0xb79e1e0f, L:/127.0.0.1:58198 - R:localhost/127.0.0.1:27865] for GET '/session/ab65333867783b617e18e4d0ff9c67cb/url'
01:31:53.591 [AsyncHttpClient-1-8] DEBUG org.asynchttpclient.netty.handler.HttpHandler - 

Request DefaultFullHttpRequest(decodeResult: success, version: HTTP/1.1, content: EmptyByteBufBE)
GET /session/ab65333867783b617e18e4d0ff9c67cb/url HTTP/1.1
User-Agent: selenium/4.8.1 (java windows)
Cache-Control: no-cache
Content-Type: application/json; charset=utf-8
host: localhost:27865
accept: */*

Response DefaultHttpResponse(decodeResult: success, version: HTTP/1.1)
HTTP/1.1 200 OK
Content-Length: 51
Content-Type: application/json; charset=utf-8
cache-control: no-cache

01:31:53.591 [AsyncHttpClient-1-8] DEBUG org.asynchttpclient.netty.channel.ChannelManager - Adding key: http://localhost:27865 for channel [id: 0xb79e1e0f, L:/127.0.0.1:58198 - R:localhost/127.0.0.1:27865]
01:31:53.600 [Forwarding getPageSource on session ab65333867783b617e18e4d0ff9c67cb to remote] DEBUG org.asynchttpclient.netty.request.NettyRequestSender - Using pooled Channel '[id: 0xb79e1e0f, L:/127.0.0.1:58198 - R:localhost/127.0.0.1:27865]' for 'POST' to 'http://localhost:27865/session/ab65333867783b617e18e4d0ff9c67cb/execute/sync'
01:31:53.600 [Forwarding getPageSource on session ab65333867783b617e18e4d0ff9c67cb to remote] DEBUG org.asynchttpclient.netty.request.NettyRequestSender - Using open Channel [id: 0xb79e1e0f, L:/127.0.0.1:58198 - R:localhost/127.0.0.1:27865] for POST '/session/ab65333867783b617e18e4d0ff9c67cb/execute/sync'
01:31:53.604 [AsyncHttpClient-1-8] DEBUG org.asynchttpclient.netty.handler.HttpHandler - 

Request DefaultHttpRequest(decodeResult: success, version: HTTP/1.1)
POST /session/ab65333867783b617e18e4d0ff9c67cb/execute/sync HTTP/1.1
User-Agent: selenium/4.8.1 (java windows)
Content-Length: 176
Content-Type: application/json; charset=utf-8
host: localhost:27865
accept: */*

Response DefaultHttpResponse(decodeResult: success, version: HTTP/1.1)
HTTP/1.1 200 OK
Content-Length: 21659
Content-Type: application/json; charset=utf-8
cache-control: no-cache

01:31:53.605 [AsyncHttpClient-1-8] DEBUG org.asynchttpclient.netty.channel.ChannelManager - Adding key: http://localhost:27865 for channel [id: 0xb79e1e0f, L:/127.0.0.1:58198 - R:localhost/127.0.0.1:27865]
01:31:53.608 [Forwarding getCurrentUrl on session ab65333867783b617e18e4d0ff9c67cb to remote] DEBUG org.asynchttpclient.netty.request.NettyRequestSender - Using pooled Channel '[id: 0xb79e1e0f, L:/127.0.0.1:58198 - R:localhost/127.0.0.1:27865]' for 'GET' to 'http://localhost:27865/session/ab65333867783b617e18e4d0ff9c67cb/url'
01:31:53.608 [Forwarding getCurrentUrl on session ab65333867783b617e18e4d0ff9c67cb to remote] DEBUG org.asynchttpclient.netty.request.NettyRequestSender - Using open Channel [id: 0xb79e1e0f, L:/127.0.0.1:58198 - R:localhost/127.0.0.1:27865] for GET '/session/ab65333867783b617e18e4d0ff9c67cb/url'
01:31:53.613 [AsyncHttpClient-1-8] DEBUG org.asynchttpclient.netty.handler.HttpHandler - 

Request DefaultFullHttpRequest(decodeResult: success, version: HTTP/1.1, content: EmptyByteBufBE)
GET /session/ab65333867783b617e18e4d0ff9c67cb/url HTTP/1.1
User-Agent: selenium/4.8.1 (java windows)
Cache-Control: no-cache
Content-Type: application/json; charset=utf-8
host: localhost:27865
accept: */*

Response DefaultHttpResponse(decodeResult: success, version: HTTP/1.1)
HTTP/1.1 200 OK
Content-Length: 51
Content-Type: application/json; charset=utf-8
cache-control: no-cache

01:31:53.613 [AsyncHttpClient-1-8] DEBUG org.asynchttpclient.netty.channel.ChannelManager - Adding key: http://localhost:27865 for channel [id: 0xb79e1e0f, L:/127.0.0.1:58198 - R:localhost/127.0.0.1:27865]
01:31:53.615 [main] DEBUG net.thucydides.core.steps.StepInterceptor - STARTING STEP: LoginSteps.enterValidUsername - inputUsername
01:31:53.618 [Forwarding findElement on session ab65333867783b617e18e4d0ff9c67cb to remote] DEBUG org.asynchttpclient.netty.request.NettyRequestSender - Using pooled Channel '[id: 0xb79e1e0f, L:/127.0.0.1:58198 - R:localhost/127.0.0.1:27865]' for 'POST' to 'http://localhost:27865/session/ab65333867783b617e18e4d0ff9c67cb/element'
01:31:53.618 [Forwarding findElement on session ab65333867783b617e18e4d0ff9c67cb to remote] DEBUG org.asynchttpclient.netty.request.NettyRequestSender - Using open Channel [id: 0xb79e1e0f, L:/127.0.0.1:58198 - R:localhost/127.0.0.1:27865] for POST '/session/ab65333867783b617e18e4d0ff9c67cb/element'
01:31:53.632 [AsyncHttpClient-1-8] DEBUG org.asynchttpclient.netty.handler.HttpHandler - 

Request DefaultHttpRequest(decodeResult: success, version: HTTP/1.1)
POST /session/ab65333867783b617e18e4d0ff9c67cb/element HTTP/1.1
User-Agent: selenium/4.8.1 (java windows)
Content-Length: 68
Content-Type: application/json; charset=utf-8
host: localhost:27865
accept: */*

Response DefaultHttpResponse(decodeResult: success, version: HTTP/1.1)
HTTP/1.1 200 OK
Content-Length: 88
Content-Type: application/json; charset=utf-8
cache-control: no-cache

01:31:53.632 [AsyncHttpClient-1-8] DEBUG org.asynchttpclient.netty.channel.ChannelManager - Adding key: http://localhost:27865 for channel [id: 0xb79e1e0f, L:/127.0.0.1:58198 - R:localhost/127.0.0.1:27865]
01:31:53.634 [Forwarding clearElement on session ab65333867783b617e18e4d0ff9c67cb to remote] DEBUG org.asynchttpclient.netty.request.NettyRequestSender - Using pooled Channel '[id: 0xb79e1e0f, L:/127.0.0.1:58198 - R:localhost/127.0.0.1:27865]' for 'POST' to 'http://localhost:27865/session/ab65333867783b617e18e4d0ff9c67cb/element/d9cd2a8d-4ed1-4dc5-aac3-2f4961903969/clear'
01:31:53.634 [Forwarding clearElement on session ab65333867783b617e18e4d0ff9c67cb to remote] DEBUG org.asynchttpclient.netty.request.NettyRequestSender - Using open Channel [id: 0xb79e1e0f, L:/127.0.0.1:58198 - R:localhost/127.0.0.1:27865] for POST '/session/ab65333867783b617e18e4d0ff9c67cb/element/d9cd2a8d-4ed1-4dc5-aac3-2f4961903969/clear'
01:31:53.679 [AsyncHttpClient-1-8] DEBUG org.asynchttpclient.netty.handler.HttpHandler - 

Request DefaultHttpRequest(decodeResult: success, version: HTTP/1.1)
POST /session/ab65333867783b617e18e4d0ff9c67cb/element/d9cd2a8d-4ed1-4dc5-aac3-2f4961903969/clear HTTP/1.1
User-Agent: selenium/4.8.1 (java windows)
Content-Length: 50
Content-Type: application/json; charset=utf-8
host: localhost:27865
accept: */*

Response DefaultHttpResponse(decodeResult: success, version: HTTP/1.1)
HTTP/1.1 200 OK
Content-Length: 14
Content-Type: application/json; charset=utf-8
cache-control: no-cache

01:31:53.679 [AsyncHttpClient-1-8] DEBUG org.asynchttpclient.netty.channel.ChannelManager - Adding key: http://localhost:27865 for channel [id: 0xb79e1e0f, L:/127.0.0.1:58198 - R:localhost/127.0.0.1:27865]
01:31:53.682 [Forwarding sendKeysToElement on session ab65333867783b617e18e4d0ff9c67cb to remote] DEBUG org.asynchttpclient.netty.request.NettyRequestSender - Using pooled Channel '[id: 0xb79e1e0f, L:/127.0.0.1:58198 - R:localhost/127.0.0.1:27865]' for 'POST' to 'http://localhost:27865/session/ab65333867783b617e18e4d0ff9c67cb/element/d9cd2a8d-4ed1-4dc5-aac3-2f4961903969/value'
01:31:53.682 [Forwarding sendKeysToElement on session ab65333867783b617e18e4d0ff9c67cb to remote] DEBUG org.asynchttpclient.netty.request.NettyRequestSender - Using open Channel [id: 0xb79e1e0f, L:/127.0.0.1:58198 - R:localhost/127.0.0.1:27865] for POST '/session/ab65333867783b617e18e4d0ff9c67cb/element/d9cd2a8d-4ed1-4dc5-aac3-2f4961903969/value'
01:31:53.829 [AsyncHttpClient-1-8] DEBUG org.asynchttpclient.netty.handler.HttpHandler - 

Request DefaultHttpRequest(decodeResult: success, version: HTTP/1.1)
POST /session/ab65333867783b617e18e4d0ff9c67cb/element/d9cd2a8d-4ed1-4dc5-aac3-2f4961903969/value HTTP/1.1
User-Agent: selenium/4.8.1 (java windows)
Content-Length: 271
Content-Type: application/json; charset=utf-8
host: localhost:27865
accept: */*

Response DefaultHttpResponse(decodeResult: success, version: HTTP/1.1)
HTTP/1.1 200 OK
Content-Length: 14
Content-Type: application/json; charset=utf-8
cache-control: no-cache

01:31:53.829 [AsyncHttpClient-1-8] DEBUG org.asynchttpclient.netty.channel.ChannelManager - Adding key: http://localhost:27865 for channel [id: 0xb79e1e0f, L:/127.0.0.1:58198 - R:localhost/127.0.0.1:27865]
01:31:53.835 [Forwarding getAlertText on session ab65333867783b617e18e4d0ff9c67cb to remote] DEBUG org.asynchttpclient.netty.request.NettyRequestSender - Using pooled Channel '[id: 0xb79e1e0f, L:/127.0.0.1:58198 - R:localhost/127.0.0.1:27865]' for 'GET' to 'http://localhost:27865/session/ab65333867783b617e18e4d0ff9c67cb/alert/text'
01:31:53.835 [Forwarding getAlertText on session ab65333867783b617e18e4d0ff9c67cb to remote] DEBUG org.asynchttpclient.netty.request.NettyRequestSender - Using open Channel [id: 0xb79e1e0f, L:/127.0.0.1:58198 - R:localhost/127.0.0.1:27865] for GET '/session/ab65333867783b617e18e4d0ff9c67cb/alert/text'
01:31:53.837 [AsyncHttpClient-1-8] DEBUG org.asynchttpclient.netty.handler.HttpHandler - 

Request DefaultFullHttpRequest(decodeResult: success, version: HTTP/1.1, content: EmptyByteBufBE)
GET /session/ab65333867783b617e18e4d0ff9c67cb/alert/text HTTP/1.1
User-Agent: selenium/4.8.1 (java windows)
Cache-Control: no-cache
Content-Type: application/json; charset=utf-8
host: localhost:27865
accept: */*

Response DefaultHttpResponse(decodeResult: success, version: HTTP/1.1)
HTTP/1.1 404 Not Found
Content-Length: 816
Content-Type: application/json; charset=utf-8
cache-control: no-cache

01:31:53.837 [AsyncHttpClient-1-8] DEBUG org.asynchttpclient.netty.channel.ChannelManager - Adding key: http://localhost:27865 for channel [id: 0xb79e1e0f, L:/127.0.0.1:58198 - R:localhost/127.0.0.1:27865]
01:31:53.838 [Forwarding getCurrentUrl on session ab65333867783b617e18e4d0ff9c67cb to remote] DEBUG org.asynchttpclient.netty.request.NettyRequestSender - Using pooled Channel '[id: 0xb79e1e0f, L:/127.0.0.1:58198 - R:localhost/127.0.0.1:27865]' for 'GET' to 'http://localhost:27865/session/ab65333867783b617e18e4d0ff9c67cb/url'
01:31:53.839 [Forwarding getCurrentUrl on session ab65333867783b617e18e4d0ff9c67cb to remote] DEBUG org.asynchttpclient.netty.request.NettyRequestSender - Using open Channel [id: 0xb79e1e0f, L:/127.0.0.1:58198 - R:localhost/127.0.0.1:27865] for GET '/session/ab65333867783b617e18e4d0ff9c67cb/url'
01:31:53.844 [AsyncHttpClient-1-8] DEBUG org.asynchttpclient.netty.handler.HttpHandler - 

Request DefaultFullHttpRequest(decodeResult: success, version: HTTP/1.1, content: EmptyByteBufBE)
GET /session/ab65333867783b617e18e4d0ff9c67cb/url HTTP/1.1
User-Agent: selenium/4.8.1 (java windows)
Cache-Control: no-cache
Content-Type: application/json; charset=utf-8
host: localhost:27865
accept: */*

Response DefaultHttpResponse(decodeResult: success, version: HTTP/1.1)
HTTP/1.1 200 OK
Content-Length: 51
Content-Type: application/json; charset=utf-8
cache-control: no-cache

01:31:53.844 [AsyncHttpClient-1-8] DEBUG org.asynchttpclient.netty.channel.ChannelManager - Adding key: http://localhost:27865 for channel [id: 0xb79e1e0f, L:/127.0.0.1:58198 - R:localhost/127.0.0.1:27865]
01:31:53.845 [Forwarding screenshot on session ab65333867783b617e18e4d0ff9c67cb to remote] DEBUG org.asynchttpclient.netty.request.NettyRequestSender - Using pooled Channel '[id: 0xb79e1e0f, L:/127.0.0.1:58198 - R:localhost/127.0.0.1:27865]' for 'GET' to 'http://localhost:27865/session/ab65333867783b617e18e4d0ff9c67cb/screenshot'
01:31:53.845 [Forwarding screenshot on session ab65333867783b617e18e4d0ff9c67cb to remote] DEBUG org.asynchttpclient.netty.request.NettyRequestSender - Using open Channel [id: 0xb79e1e0f, L:/127.0.0.1:58198 - R:localhost/127.0.0.1:27865] for GET '/session/ab65333867783b617e18e4d0ff9c67cb/screenshot'
01:31:54.002 [AsyncHttpClient-1-8] DEBUG org.asynchttpclient.netty.handler.HttpHandler - 

Request DefaultFullHttpRequest(decodeResult: success, version: HTTP/1.1, content: EmptyByteBufBE)
GET /session/ab65333867783b617e18e4d0ff9c67cb/screenshot HTTP/1.1
User-Agent: selenium/4.8.1 (java windows)
Cache-Control: no-cache
Content-Type: application/json; charset=utf-8
host: localhost:27865
accept: */*

Response DefaultHttpResponse(decodeResult: success, version: HTTP/1.1)
HTTP/1.1 200 OK
Content-Length: 45884
Content-Type: application/json; charset=utf-8
cache-control: no-cache

01:31:54.003 [AsyncHttpClient-1-8] DEBUG org.asynchttpclient.netty.channel.ChannelManager - Adding key: http://localhost:27865 for channel [id: 0xb79e1e0f, L:/127.0.0.1:58198 - R:localhost/127.0.0.1:27865]
01:31:54.005 [main] DEBUG net.serenitybdd.core.photography.Darkroom - Send negative for processing for target\site\serenity\9283498b3cf360760a7566333560a5dae91d5b6d91a502fd2c94b16807caad84.png
01:31:54.006 [main] DEBUG net.thucydides.core.steps.StepInterceptor - STEP DONE: inputUsername
01:31:54.006 [Darkroom Processing Line] DEBUG net.serenitybdd.core.photography.DarkroomProcessingLine - Processing screenshot image in /var/screenshots/screenshot-5657772893336255264
01:31:54.006 [Darkroom Processing Line] DEBUG net.serenitybdd.core.photography.DarkroomProcessingLine - Saving screenshot to target\site\serenity\9283498b3cf360760a7566333560a5dae91d5b6d91a502fd2c94b16807caad84.png
  &amp#27;[32mWhen &amp#27;[0m&amp#27;[32mI enter valid email&amp#27;[0m                                               &amp#27;[90m# starter.stepdefinitions.LoginSteps.enterValidUsername()&amp#27;[0m
01:31:54.016 [Forwarding getPageSource on session ab65333867783b617e18e4d0ff9c67cb to remote] DEBUG org.asynchttpclient.netty.request.NettyRequestSender - Using pooled Channel '[id: 0xb79e1e0f, L:/127.0.0.1:58198 - R:localhost/127.0.0.1:27865]' for 'POST' to 'http://localhost:27865/session/ab65333867783b617e18e4d0ff9c67cb/execute/sync'
01:31:54.016 [Forwarding getPageSource on session ab65333867783b617e18e4d0ff9c67cb to remote] DEBUG org.asynchttpclient.netty.request.NettyRequestSender - Using open Channel [id: 0xb79e1e0f, L:/127.0.0.1:58198 - R:localhost/127.0.0.1:27865] for POST '/session/ab65333867783b617e18e4d0ff9c67cb/execute/sync'
01:31:54.022 [AsyncHttpClient-1-8] DEBUG org.asynchttpclient.netty.handler.HttpHandler - 

Request DefaultHttpRequest(decodeResult: success, version: HTTP/1.1)
POST /session/ab65333867783b617e18e4d0ff9c67cb/execute/sync HTTP/1.1
User-Agent: selenium/4.8.1 (java windows)
Content-Length: 176
Content-Type: application/json; charset=utf-8
host: localhost:27865
accept: */*

Response DefaultHttpResponse(decodeResult: success, version: HTTP/1.1)
HTTP/1.1 200 OK
Content-Length: 21780
Content-Type: application/json; charset=utf-8
cache-control: no-cache

01:31:54.023 [AsyncHttpClient-1-8] DEBUG org.asynchttpclient.netty.channel.ChannelManager - Adding key: http://localhost:27865 for channel [id: 0xb79e1e0f, L:/127.0.0.1:58198 - R:localhost/127.0.0.1:27865]
01:31:54.028 [Forwarding getCurrentUrl on session ab65333867783b617e18e4d0ff9c67cb to remote] DEBUG org.asynchttpclient.netty.request.NettyRequestSender - Using pooled Channel '[id: 0xb79e1e0f, L:/127.0.0.1:58198 - R:localhost/127.0.0.1:27865]' for 'GET' to 'http://localhost:27865/session/ab65333867783b617e18e4d0ff9c67cb/url'
01:31:54.028 [Forwarding getCurrentUrl on session ab65333867783b617e18e4d0ff9c67cb to remote] DEBUG org.asynchttpclient.netty.request.NettyRequestSender - Using open Channel [id: 0xb79e1e0f, L:/127.0.0.1:58198 - R:localhost/127.0.0.1:27865] for GET '/session/ab65333867783b617e18e4d0ff9c67cb/url'
01:31:54.032 [AsyncHttpClient-1-8] DEBUG org.asynchttpclient.netty.handler.HttpHandler - 

Request DefaultFullHttpRequest(decodeResult: success, version: HTTP/1.1, content: EmptyByteBufBE)
GET /session/ab65333867783b617e18e4d0ff9c67cb/url HTTP/1.1
User-Agent: selenium/4.8.1 (java windows)
Cache-Control: no-cache
Content-Type: application/json; charset=utf-8
host: localhost:27865
accept: */*

Response DefaultHttpResponse(decodeResult: success, version: HTTP/1.1)
HTTP/1.1 200 OK
Content-Length: 51
Content-Type: application/json; charset=utf-8
cache-control: no-cache

01:31:54.032 [AsyncHttpClient-1-8] DEBUG org.asynchttpclient.netty.channel.ChannelManager - Adding key: http://localhost:27865 for channel [id: 0xb79e1e0f, L:/127.0.0.1:58198 - R:localhost/127.0.0.1:27865]
01:31:54.043 [Forwarding getPageSource on session ab65333867783b617e18e4d0ff9c67cb to remote] DEBUG org.asynchttpclient.netty.request.NettyRequestSender - Using pooled Channel '[id: 0xb79e1e0f, L:/127.0.0.1:58198 - R:localhost/127.0.0.1:27865]' for 'POST' to 'http://localhost:27865/session/ab65333867783b617e18e4d0ff9c67cb/execute/sync'
01:31:54.043 [Forwarding getPageSource on session ab65333867783b617e18e4d0ff9c67cb to remote] DEBUG org.asynchttpclient.netty.request.NettyRequestSender - Using open Channel [id: 0xb79e1e0f, L:/127.0.0.1:58198 - R:localhost/127.0.0.1:27865] for POST '/session/ab65333867783b617e18e4d0ff9c67cb/execute/sync'
01:31:54.048 [AsyncHttpClient-1-8] DEBUG org.asynchttpclient.netty.handler.HttpHandler - 

Request DefaultHttpRequest(decodeResult: success, version: HTTP/1.1)
POST /session/ab65333867783b617e18e4d0ff9c67cb/execute/sync HTTP/1.1
User-Agent: selenium/4.8.1 (java windows)
Content-Length: 176
Content-Type: application/json; charset=utf-8
host: localhost:27865
accept: */*

Response DefaultHttpResponse(decodeResult: success, version: HTTP/1.1)
HTTP/1.1 200 OK
Content-Length: 21780
Content-Type: application/json; charset=utf-8
cache-control: no-cache

01:31:54.048 [AsyncHttpClient-1-8] DEBUG org.asynchttpclient.netty.channel.ChannelManager - Adding key: http://localhost:27865 for channel [id: 0xb79e1e0f, L:/127.0.0.1:58198 - R:localhost/127.0.0.1:27865]
01:31:54.052 [Forwarding getCurrentUrl on session ab65333867783b617e18e4d0ff9c67cb to remote] DEBUG org.asynchttpclient.netty.request.NettyRequestSender - Using pooled Channel '[id: 0xb79e1e0f, L:/127.0.0.1:58198 - R:localhost/127.0.0.1:27865]' for 'GET' to 'http://localhost:27865/session/ab65333867783b617e18e4d0ff9c67cb/url'
01:31:54.052 [Forwarding getCurrentUrl on session ab65333867783b617e18e4d0ff9c67cb to remote] DEBUG org.asynchttpclient.netty.request.NettyRequestSender - Using open Channel [id: 0xb79e1e0f, L:/127.0.0.1:58198 - R:localhost/127.0.0.1:27865] for GET '/session/ab65333867783b617e18e4d0ff9c67cb/url'
01:31:54.055 [AsyncHttpClient-1-8] DEBUG org.asynchttpclient.netty.handler.HttpHandler - 

Request DefaultFullHttpRequest(decodeResult: success, version: HTTP/1.1, content: EmptyByteBufBE)
GET /session/ab65333867783b617e18e4d0ff9c67cb/url HTTP/1.1
User-Agent: selenium/4.8.1 (java windows)
Cache-Control: no-cache
Content-Type: application/json; charset=utf-8
host: localhost:27865
accept: */*

Response DefaultHttpResponse(decodeResult: success, version: HTTP/1.1)
HTTP/1.1 200 OK
Content-Length: 51
Content-Type: application/json; charset=utf-8
cache-control: no-cache

01:31:54.056 [AsyncHttpClient-1-8] DEBUG org.asynchttpclient.netty.channel.ChannelManager - Adding key: http://localhost:27865 for channel [id: 0xb79e1e0f, L:/127.0.0.1:58198 - R:localhost/127.0.0.1:27865]
01:31:54.058 [main] DEBUG net.thucydides.core.steps.StepInterceptor - STARTING STEP: LoginSteps.enterInvalidPassword - inputPassword
01:31:54.062 [Forwarding findElement on session ab65333867783b617e18e4d0ff9c67cb to remote] DEBUG org.asynchttpclient.netty.request.NettyRequestSender - Using pooled Channel '[id: 0xb79e1e0f, L:/127.0.0.1:58198 - R:localhost/127.0.0.1:27865]' for 'POST' to 'http://localhost:27865/session/ab65333867783b617e18e4d0ff9c67cb/element'
01:31:54.062 [Forwarding findElement on session ab65333867783b617e18e4d0ff9c67cb to remote] DEBUG org.asynchttpclient.netty.request.NettyRequestSender - Using open Channel [id: 0xb79e1e0f, L:/127.0.0.1:58198 - R:localhost/127.0.0.1:27865] for POST '/session/ab65333867783b617e18e4d0ff9c67cb/element'
01:31:54.075 [AsyncHttpClient-1-8] DEBUG org.asynchttpclient.netty.handler.HttpHandler - 

Request DefaultHttpRequest(decodeResult: success, version: HTTP/1.1)
POST /session/ab65333867783b617e18e4d0ff9c67cb/element HTTP/1.1
User-Agent: selenium/4.8.1 (java windows)
Content-Length: 68
Content-Type: application/json; charset=utf-8
host: localhost:27865
accept: */*

Response DefaultHttpResponse(decodeResult: success, version: HTTP/1.1)
HTTP/1.1 200 OK
Content-Length: 88
Content-Type: application/json; charset=utf-8
cache-control: no-cache

01:31:54.076 [AsyncHttpClient-1-8] DEBUG org.asynchttpclient.netty.channel.ChannelManager - Adding key: http://localhost:27865 for channel [id: 0xb79e1e0f, L:/127.0.0.1:58198 - R:localhost/127.0.0.1:27865]
01:31:54.077 [Forwarding clearElement on session ab65333867783b617e18e4d0ff9c67cb to remote] DEBUG org.asynchttpclient.netty.request.NettyRequestSender - Using pooled Channel '[id: 0xb79e1e0f, L:/127.0.0.1:58198 - R:localhost/127.0.0.1:27865]' for 'POST' to 'http://localhost:27865/session/ab65333867783b617e18e4d0ff9c67cb/element/6a1317cb-0b2b-41d0-8cf9-9d168f6973be/clear'
01:31:54.077 [Forwarding clearElement on session ab65333867783b617e18e4d0ff9c67cb to remote] DEBUG org.asynchttpclient.netty.request.NettyRequestSender - Using open Channel [id: 0xb79e1e0f, L:/127.0.0.1:58198 - R:localhost/127.0.0.1:27865] for POST '/session/ab65333867783b617e18e4d0ff9c67cb/element/6a1317cb-0b2b-41d0-8cf9-9d168f6973be/clear'
01:31:54.112 [AsyncHttpClient-1-8] DEBUG org.asynchttpclient.netty.handler.HttpHandler - 

Request DefaultHttpRequest(decodeResult: success, version: HTTP/1.1)
POST /session/ab65333867783b617e18e4d0ff9c67cb/element/6a1317cb-0b2b-41d0-8cf9-9d168f6973be/clear HTTP/1.1
User-Agent: selenium/4.8.1 (java windows)
Content-Length: 50
Content-Type: application/json; charset=utf-8
host: localhost:27865
accept: */*

Response DefaultHttpResponse(decodeResult: success, version: HTTP/1.1)
HTTP/1.1 200 OK
Content-Length: 14
Content-Type: application/json; charset=utf-8
cache-control: no-cache

01:31:54.113 [AsyncHttpClient-1-8] DEBUG org.asynchttpclient.netty.channel.ChannelManager - Adding key: http://localhost:27865 for channel [id: 0xb79e1e0f, L:/127.0.0.1:58198 - R:localhost/127.0.0.1:27865]
01:31:54.115 [Forwarding sendKeysToElement on session ab65333867783b617e18e4d0ff9c67cb to remote] DEBUG org.asynchttpclient.netty.request.NettyRequestSender - Using pooled Channel '[id: 0xb79e1e0f, L:/127.0.0.1:58198 - R:localhost/127.0.0.1:27865]' for 'POST' to 'http://localhost:27865/session/ab65333867783b617e18e4d0ff9c67cb/element/6a1317cb-0b2b-41d0-8cf9-9d168f6973be/value'
01:31:54.115 [Forwarding sendKeysToElement on session ab65333867783b617e18e4d0ff9c67cb to remote] DEBUG org.asynchttpclient.netty.request.NettyRequestSender - Using open Channel [id: 0xb79e1e0f, L:/127.0.0.1:58198 - R:localhost/127.0.0.1:27865] for POST '/session/ab65333867783b617e18e4d0ff9c67cb/element/6a1317cb-0b2b-41d0-8cf9-9d168f6973be/value'
01:31:54.194 [AsyncHttpClient-1-8] DEBUG org.asynchttpclient.netty.handler.HttpHandler - 

Request DefaultHttpRequest(decodeResult: success, version: HTTP/1.1)
POST /session/ab65333867783b617e18e4d0ff9c67cb/element/6a1317cb-0b2b-41d0-8cf9-9d168f6973be/value HTTP/1.1
User-Agent: selenium/4.8.1 (java windows)
Content-Length: 141
Content-Type: application/json; charset=utf-8
host: localhost:27865
accept: */*

Response DefaultHttpResponse(decodeResult: success, version: HTTP/1.1)
HTTP/1.1 200 OK
Content-Length: 14
Content-Type: application/json; charset=utf-8
cache-control: no-cache

01:31:54.195 [AsyncHttpClient-1-8] DEBUG org.asynchttpclient.netty.channel.ChannelManager - Adding key: http://localhost:27865 for channel [id: 0xb79e1e0f, L:/127.0.0.1:58198 - R:localhost/127.0.0.1:27865]
01:31:54.201 [Forwarding getAlertText on session ab65333867783b617e18e4d0ff9c67cb to remote] DEBUG org.asynchttpclient.netty.request.NettyRequestSender - Using pooled Channel '[id: 0xb79e1e0f, L:/127.0.0.1:58198 - R:localhost/127.0.0.1:27865]' for 'GET' to 'http://localhost:27865/session/ab65333867783b617e18e4d0ff9c67cb/alert/text'
01:31:54.201 [Forwarding getAlertText on session ab65333867783b617e18e4d0ff9c67cb to remote] DEBUG org.asynchttpclient.netty.request.NettyRequestSender - Using open Channel [id: 0xb79e1e0f, L:/127.0.0.1:58198 - R:localhost/127.0.0.1:27865] for GET '/session/ab65333867783b617e18e4d0ff9c67cb/alert/text'
01:31:54.203 [AsyncHttpClient-1-8] DEBUG org.asynchttpclient.netty.handler.HttpHandler - 

Request DefaultFullHttpRequest(decodeResult: success, version: HTTP/1.1, content: EmptyByteBufBE)
GET /session/ab65333867783b617e18e4d0ff9c67cb/alert/text HTTP/1.1
User-Agent: selenium/4.8.1 (java windows)
Cache-Control: no-cache
Content-Type: application/json; charset=utf-8
host: localhost:27865
accept: */*

Response DefaultHttpResponse(decodeResult: success, version: HTTP/1.1)
HTTP/1.1 404 Not Found
Content-Length: 816
Content-Type: application/json; charset=utf-8
cache-control: no-cache

01:31:54.203 [AsyncHttpClient-1-8] DEBUG org.asynchttpclient.netty.channel.ChannelManager - Adding key: http://localhost:27865 for channel [id: 0xb79e1e0f, L:/127.0.0.1:58198 - R:localhost/127.0.0.1:27865]
01:31:54.204 [Forwarding getCurrentUrl on session ab65333867783b617e18e4d0ff9c67cb to remote] DEBUG org.asynchttpclient.netty.request.NettyRequestSender - Using pooled Channel '[id: 0xb79e1e0f, L:/127.0.0.1:58198 - R:localhost/127.0.0.1:27865]' for 'GET' to 'http://localhost:27865/session/ab65333867783b617e18e4d0ff9c67cb/url'
01:31:54.204 [Forwarding getCurrentUrl on session ab65333867783b617e18e4d0ff9c67cb to remote] DEBUG org.asynchttpclient.netty.request.NettyRequestSender - Using open Channel [id: 0xb79e1e0f, L:/127.0.0.1:58198 - R:localhost/127.0.0.1:27865] for GET '/session/ab65333867783b617e18e4d0ff9c67cb/url'
01:31:54.211 [AsyncHttpClient-1-8] DEBUG org.asynchttpclient.netty.handler.HttpHandler - 

Request DefaultFullHttpRequest(decodeResult: success, version: HTTP/1.1, content: EmptyByteBufBE)
GET /session/ab65333867783b617e18e4d0ff9c67cb/url HTTP/1.1
User-Agent: selenium/4.8.1 (java windows)
Cache-Control: no-cache
Content-Type: application/json; charset=utf-8
host: localhost:27865
accept: */*

Response DefaultHttpResponse(decodeResult: success, version: HTTP/1.1)
HTTP/1.1 200 OK
Content-Length: 51
Content-Type: application/json; charset=utf-8
cache-control: no-cache

01:31:54.211 [AsyncHttpClient-1-8] DEBUG org.asynchttpclient.netty.channel.ChannelManager - Adding key: http://localhost:27865 for channel [id: 0xb79e1e0f, L:/127.0.0.1:58198 - R:localhost/127.0.0.1:27865]
01:31:54.212 [Forwarding screenshot on session ab65333867783b617e18e4d0ff9c67cb to remote] DEBUG org.asynchttpclient.netty.request.NettyRequestSender - Using pooled Channel '[id: 0xb79e1e0f, L:/127.0.0.1:58198 - R:localhost/127.0.0.1:27865]' for 'GET' to 'http://localhost:27865/session/ab65333867783b617e18e4d0ff9c67cb/screenshot'
01:31:54.212 [Forwarding screenshot on session ab65333867783b617e18e4d0ff9c67cb to remote] DEBUG org.asynchttpclient.netty.request.NettyRequestSender - Using open Channel [id: 0xb79e1e0f, L:/127.0.0.1:58198 - R:localhost/127.0.0.1:27865] for GET '/session/ab65333867783b617e18e4d0ff9c67cb/screenshot'
01:31:54.369 [AsyncHttpClient-1-8] DEBUG org.asynchttpclient.netty.handler.HttpHandler - 

Request DefaultFullHttpRequest(decodeResult: success, version: HTTP/1.1, content: EmptyByteBufBE)
GET /session/ab65333867783b617e18e4d0ff9c67cb/screenshot HTTP/1.1
User-Agent: selenium/4.8.1 (java windows)
Cache-Control: no-cache
Content-Type: application/json; charset=utf-8
host: localhost:27865
accept: */*

Response DefaultHttpResponse(decodeResult: success, version: HTTP/1.1)
HTTP/1.1 200 OK
Content-Length: 47540
Content-Type: application/json; charset=utf-8
cache-control: no-cache

01:31:54.370 [AsyncHttpClient-1-8] DEBUG org.asynchttpclient.netty.channel.ChannelManager - Adding key: http://localhost:27865 for channel [id: 0xb79e1e0f, L:/127.0.0.1:58198 - R:localhost/127.0.0.1:27865]
01:31:54.372 [main] DEBUG net.serenitybdd.core.photography.Darkroom - Send negative for processing for target\site\serenity\47c268911c7da7165c0f36f01cd64e867aed9c8147da04ef6f6f605671cf0ce6.png
01:31:54.373 [main] DEBUG net.thucydides.core.steps.StepInterceptor - STEP DONE: inputPassword
  &amp#27;[32mAnd &amp#27;[0m&amp#27;[32mI enter invalid password&amp#27;[0m                                           &amp#27;[90m# starter.stepdefinitions.LoginSteps.enterInvalidPassword()&amp#27;[0m
01:31:54.373 [Darkroom Processing Line] DEBUG net.serenitybdd.core.photography.DarkroomProcessingLine - Processing screenshot image in /var/screenshots/screenshot-3977675329089809380
01:31:54.373 [Darkroom Processing Line] DEBUG net.serenitybdd.core.photography.DarkroomProcessingLine - Saving screenshot to target\site\serenity\47c268911c7da7165c0f36f01cd64e867aed9c8147da04ef6f6f605671cf0ce6.png
01:31:54.385 [Forwarding getPageSource on session ab65333867783b617e18e4d0ff9c67cb to remote] DEBUG org.asynchttpclient.netty.request.NettyRequestSender - Using pooled Channel '[id: 0xb79e1e0f, L:/127.0.0.1:58198 - R:localhost/127.0.0.1:27865]' for 'POST' to 'http://localhost:27865/session/ab65333867783b617e18e4d0ff9c67cb/execute/sync'
01:31:54.385 [Forwarding getPageSource on session ab65333867783b617e18e4d0ff9c67cb to remote] DEBUG org.asynchttpclient.netty.request.NettyRequestSender - Using open Channel [id: 0xb79e1e0f, L:/127.0.0.1:58198 - R:localhost/127.0.0.1:27865] for POST '/session/ab65333867783b617e18e4d0ff9c67cb/execute/sync'
01:31:54.393 [AsyncHttpClient-1-8] DEBUG org.asynchttpclient.netty.handler.HttpHandler - 

Request DefaultHttpRequest(decodeResult: success, version: HTTP/1.1)
POST /session/ab65333867783b617e18e4d0ff9c67cb/execute/sync HTTP/1.1
User-Agent: selenium/4.8.1 (java windows)
Content-Length: 176
Content-Type: application/json; charset=utf-8
host: localhost:27865
accept: */*

Response DefaultHttpResponse(decodeResult: success, version: HTTP/1.1)
HTTP/1.1 200 OK
Content-Length: 21839
Content-Type: application/json; charset=utf-8
cache-control: no-cache

01:31:54.394 [AsyncHttpClient-1-8] DEBUG org.asynchttpclient.netty.channel.ChannelManager - Adding key: http://localhost:27865 for channel [id: 0xb79e1e0f, L:/127.0.0.1:58198 - R:localhost/127.0.0.1:27865]
01:31:54.398 [Forwarding getCurrentUrl on session ab65333867783b617e18e4d0ff9c67cb to remote] DEBUG org.asynchttpclient.netty.request.NettyRequestSender - Using pooled Channel '[id: 0xb79e1e0f, L:/127.0.0.1:58198 - R:localhost/127.0.0.1:27865]' for 'GET' to 'http://localhost:27865/session/ab65333867783b617e18e4d0ff9c67cb/url'
01:31:54.398 [Forwarding getCurrentUrl on session ab65333867783b617e18e4d0ff9c67cb to remote] DEBUG org.asynchttpclient.netty.request.NettyRequestSender - Using open Channel [id: 0xb79e1e0f, L:/127.0.0.1:58198 - R:localhost/127.0.0.1:27865] for GET '/session/ab65333867783b617e18e4d0ff9c67cb/url'
01:31:54.402 [AsyncHttpClient-1-8] DEBUG org.asynchttpclient.netty.handler.HttpHandler - 

Request DefaultFullHttpRequest(decodeResult: success, version: HTTP/1.1, content: EmptyByteBufBE)
GET /session/ab65333867783b617e18e4d0ff9c67cb/url HTTP/1.1
User-Agent: selenium/4.8.1 (java windows)
Cache-Control: no-cache
Content-Type: application/json; charset=utf-8
host: localhost:27865
accept: */*

Response DefaultHttpResponse(decodeResult: success, version: HTTP/1.1)
HTTP/1.1 200 OK
Content-Length: 51
Content-Type: application/json; charset=utf-8
cache-control: no-cache

01:31:54.403 [AsyncHttpClient-1-8] DEBUG org.asynchttpclient.netty.channel.ChannelManager - Adding key: http://localhost:27865 for channel [id: 0xb79e1e0f, L:/127.0.0.1:58198 - R:localhost/127.0.0.1:27865]
01:31:54.413 [Forwarding getPageSource on session ab65333867783b617e18e4d0ff9c67cb to remote] DEBUG org.asynchttpclient.netty.request.NettyRequestSender - Using pooled Channel '[id: 0xb79e1e0f, L:/127.0.0.1:58198 - R:localhost/127.0.0.1:27865]' for 'POST' to 'http://localhost:27865/session/ab65333867783b617e18e4d0ff9c67cb/execute/sync'
01:31:54.413 [Forwarding getPageSource on session ab65333867783b617e18e4d0ff9c67cb to remote] DEBUG org.asynchttpclient.netty.request.NettyRequestSender - Using open Channel [id: 0xb79e1e0f, L:/127.0.0.1:58198 - R:localhost/127.0.0.1:27865] for POST '/session/ab65333867783b617e18e4d0ff9c67cb/execute/sync'
01:31:54.418 [AsyncHttpClient-1-8] DEBUG org.asynchttpclient.netty.handler.HttpHandler - 

Request DefaultHttpRequest(decodeResult: success, version: HTTP/1.1)
POST /session/ab65333867783b617e18e4d0ff9c67cb/execute/sync HTTP/1.1
User-Agent: selenium/4.8.1 (java windows)
Content-Length: 176
Content-Type: application/json; charset=utf-8
host: localhost:27865
accept: */*

Response DefaultHttpResponse(decodeResult: success, version: HTTP/1.1)
HTTP/1.1 200 OK
Content-Length: 21839
Content-Type: application/json; charset=utf-8
cache-control: no-cache

01:31:54.419 [AsyncHttpClient-1-8] DEBUG org.asynchttpclient.netty.channel.ChannelManager - Adding key: http://localhost:27865 for channel [id: 0xb79e1e0f, L:/127.0.0.1:58198 - R:localhost/127.0.0.1:27865]
01:31:54.423 [Forwarding getCurrentUrl on session ab65333867783b617e18e4d0ff9c67cb to remote] DEBUG org.asynchttpclient.netty.request.NettyRequestSender - Using pooled Channel '[id: 0xb79e1e0f, L:/127.0.0.1:58198 - R:localhost/127.0.0.1:27865]' for 'GET' to 'http://localhost:27865/session/ab65333867783b617e18e4d0ff9c67cb/url'
01:31:54.423 [Forwarding getCurrentUrl on session ab65333867783b617e18e4d0ff9c67cb to remote] DEBUG org.asynchttpclient.netty.request.NettyRequestSender - Using open Channel [id: 0xb79e1e0f, L:/127.0.0.1:58198 - R:localhost/127.0.0.1:27865] for GET '/session/ab65333867783b617e18e4d0ff9c67cb/url'
01:31:54.428 [AsyncHttpClient-1-8] DEBUG org.asynchttpclient.netty.handler.HttpHandler - 

Request DefaultFullHttpRequest(decodeResult: success, version: HTTP/1.1, content: EmptyByteBufBE)
GET /session/ab65333867783b617e18e4d0ff9c67cb/url HTTP/1.1
User-Agent: selenium/4.8.1 (java windows)
Cache-Control: no-cache
Content-Type: application/json; charset=utf-8
host: localhost:27865
accept: */*

Response DefaultHttpResponse(decodeResult: success, version: HTTP/1.1)
HTTP/1.1 200 OK
Content-Length: 51
Content-Type: application/json; charset=utf-8
cache-control: no-cache

01:31:54.429 [AsyncHttpClient-1-8] DEBUG org.asynchttpclient.netty.channel.ChannelManager - Adding key: http://localhost:27865 for channel [id: 0xb79e1e0f, L:/127.0.0.1:58198 - R:localhost/127.0.0.1:27865]
01:31:54.430 [main] DEBUG net.thucydides.core.steps.StepInterceptor - STARTING STEP: LoginSteps.clickLoginButton - clickLoginButton
01:31:54.434 [Forwarding findElement on session ab65333867783b617e18e4d0ff9c67cb to remote] DEBUG org.asynchttpclient.netty.request.NettyRequestSender - Using pooled Channel '[id: 0xb79e1e0f, L:/127.0.0.1:58198 - R:localhost/127.0.0.1:27865]' for 'POST' to 'http://localhost:27865/session/ab65333867783b617e18e4d0ff9c67cb/element'
01:31:54.434 [Forwarding findElement on session ab65333867783b617e18e4d0ff9c67cb to remote] DEBUG org.asynchttpclient.netty.request.NettyRequestSender - Using open Channel [id: 0xb79e1e0f, L:/127.0.0.1:58198 - R:localhost/127.0.0.1:27865] for POST '/session/ab65333867783b617e18e4d0ff9c67cb/element'
01:31:54.443 [AsyncHttpClient-1-8] DEBUG org.asynchttpclient.netty.handler.HttpHandler - 

Request DefaultHttpRequest(decodeResult: success, version: HTTP/1.1)
POST /session/ab65333867783b617e18e4d0ff9c67cb/element HTTP/1.1
User-Agent: selenium/4.8.1 (java windows)
Content-Length: 165
Content-Type: application/json; charset=utf-8
host: localhost:27865
accept: */*

Response DefaultHttpResponse(decodeResult: success, version: HTTP/1.1)
HTTP/1.1 200 OK
Content-Length: 88
Content-Type: application/json; charset=utf-8
cache-control: no-cache

01:31:54.444 [AsyncHttpClient-1-8] DEBUG org.asynchttpclient.netty.channel.ChannelManager - Adding key: http://localhost:27865 for channel [id: 0xb79e1e0f, L:/127.0.0.1:58198 - R:localhost/127.0.0.1:27865]
01:31:54.445 [Forwarding getElementTagName on session ab65333867783b617e18e4d0ff9c67cb to remote] DEBUG org.asynchttpclient.netty.request.NettyRequestSender - Using pooled Channel '[id: 0xb79e1e0f, L:/127.0.0.1:58198 - R:localhost/127.0.0.1:27865]' for 'GET' to 'http://localhost:27865/session/ab65333867783b617e18e4d0ff9c67cb/element/b3c53534-b379-42d0-aedd-3486978d4f8c/name'
01:31:54.445 [Forwarding getElementTagName on session ab65333867783b617e18e4d0ff9c67cb to remote] DEBUG org.asynchttpclient.netty.request.NettyRequestSender - Using open Channel [id: 0xb79e1e0f, L:/127.0.0.1:58198 - R:localhost/127.0.0.1:27865] for GET '/session/ab65333867783b617e18e4d0ff9c67cb/element/b3c53534-b379-42d0-aedd-3486978d4f8c/name'
01:31:54.449 [AsyncHttpClient-1-8] DEBUG org.asynchttpclient.netty.handler.HttpHandler - 

Request DefaultFullHttpRequest(decodeResult: success, version: HTTP/1.1, content: EmptyByteBufBE)
GET /session/ab65333867783b617e18e4d0ff9c67cb/element/b3c53534-b379-42d0-aedd-3486978d4f8c/name HTTP/1.1
User-Agent: selenium/4.8.1 (java windows)
Cache-Control: no-cache
Content-Type: application/json; charset=utf-8
host: localhost:27865
accept: */*

Response DefaultHttpResponse(decodeResult: success, version: HTTP/1.1)
HTTP/1.1 200 OK
Content-Length: 16
Content-Type: application/json; charset=utf-8
cache-control: no-cache

01:31:54.449 [AsyncHttpClient-1-8] DEBUG org.asynchttpclient.netty.channel.ChannelManager - Adding key: http://localhost:27865 for channel [id: 0xb79e1e0f, L:/127.0.0.1:58198 - R:localhost/127.0.0.1:27865]
01:31:54.451 [Forwarding getElementTagName on session ab65333867783b617e18e4d0ff9c67cb to remote] DEBUG org.asynchttpclient.netty.request.NettyRequestSender - Using pooled Channel '[id: 0xb79e1e0f, L:/127.0.0.1:58198 - R:localhost/127.0.0.1:27865]' for 'GET' to 'http://localhost:27865/session/ab65333867783b617e18e4d0ff9c67cb/element/b3c53534-b379-42d0-aedd-3486978d4f8c/name'
01:31:54.451 [Forwarding getElementTagName on session ab65333867783b617e18e4d0ff9c67cb to remote] DEBUG org.asynchttpclient.netty.request.NettyRequestSender - Using open Channel [id: 0xb79e1e0f, L:/127.0.0.1:58198 - R:localhost/127.0.0.1:27865] for GET '/session/ab65333867783b617e18e4d0ff9c67cb/element/b3c53534-b379-42d0-aedd-3486978d4f8c/name'
01:31:54.454 [AsyncHttpClient-1-8] DEBUG org.asynchttpclient.netty.handler.HttpHandler - 

Request DefaultFullHttpRequest(decodeResult: success, version: HTTP/1.1, content: EmptyByteBufBE)
GET /session/ab65333867783b617e18e4d0ff9c67cb/element/b3c53534-b379-42d0-aedd-3486978d4f8c/name HTTP/1.1
User-Agent: selenium/4.8.1 (java windows)
Cache-Control: no-cache
Content-Type: application/json; charset=utf-8
host: localhost:27865
accept: */*

Response DefaultHttpResponse(decodeResult: success, version: HTTP/1.1)
HTTP/1.1 200 OK
Content-Length: 16
Content-Type: application/json; charset=utf-8
cache-control: no-cache

01:31:54.455 [AsyncHttpClient-1-8] DEBUG org.asynchttpclient.netty.channel.ChannelManager - Adding key: http://localhost:27865 for channel [id: 0xb79e1e0f, L:/127.0.0.1:58198 - R:localhost/127.0.0.1:27865]
01:31:54.457 [Forwarding findElement on session ab65333867783b617e18e4d0ff9c67cb to remote] DEBUG org.asynchttpclient.netty.request.NettyRequestSender - Using pooled Channel '[id: 0xb79e1e0f, L:/127.0.0.1:58198 - R:localhost/127.0.0.1:27865]' for 'POST' to 'http://localhost:27865/session/ab65333867783b617e18e4d0ff9c67cb/element'
01:31:54.457 [Forwarding findElement on session ab65333867783b617e18e4d0ff9c67cb to remote] DEBUG org.asynchttpclient.netty.request.NettyRequestSender - Using open Channel [id: 0xb79e1e0f, L:/127.0.0.1:58198 - R:localhost/127.0.0.1:27865] for POST '/session/ab65333867783b617e18e4d0ff9c67cb/element'
01:31:54.466 [AsyncHttpClient-1-8] DEBUG org.asynchttpclient.netty.handler.HttpHandler - 

Request DefaultHttpRequest(decodeResult: success, version: HTTP/1.1)
POST /session/ab65333867783b617e18e4d0ff9c67cb/element HTTP/1.1
User-Agent: selenium/4.8.1 (java windows)
Content-Length: 165
Content-Type: application/json; charset=utf-8
host: localhost:27865
accept: */*

Response DefaultHttpResponse(decodeResult: success, version: HTTP/1.1)
HTTP/1.1 200 OK
Content-Length: 88
Content-Type: application/json; charset=utf-8
cache-control: no-cache

01:31:54.466 [AsyncHttpClient-1-8] DEBUG org.asynchttpclient.netty.channel.ChannelManager - Adding key: http://localhost:27865 for channel [id: 0xb79e1e0f, L:/127.0.0.1:58198 - R:localhost/127.0.0.1:27865]
01:31:54.468 [Forwarding clickElement on session ab65333867783b617e18e4d0ff9c67cb to remote] DEBUG org.asynchttpclient.netty.request.NettyRequestSender - Using pooled Channel '[id: 0xb79e1e0f, L:/127.0.0.1:58198 - R:localhost/127.0.0.1:27865]' for 'POST' to 'http://localhost:27865/session/ab65333867783b617e18e4d0ff9c67cb/element/b3c53534-b379-42d0-aedd-3486978d4f8c/click'
01:31:54.468 [Forwarding clickElement on session ab65333867783b617e18e4d0ff9c67cb to remote] DEBUG org.asynchttpclient.netty.request.NettyRequestSender - Using open Channel [id: 0xb79e1e0f, L:/127.0.0.1:58198 - R:localhost/127.0.0.1:27865] for POST '/session/ab65333867783b617e18e4d0ff9c67cb/element/b3c53534-b379-42d0-aedd-3486978d4f8c/click'
01:31:54.515 [AsyncHttpClient-1-8] DEBUG org.asynchttpclient.netty.handler.HttpHandler - 

Request DefaultHttpRequest(decodeResult: success, version: HTTP/1.1)
POST /session/ab65333867783b617e18e4d0ff9c67cb/element/b3c53534-b379-42d0-aedd-3486978d4f8c/click HTTP/1.1
User-Agent: selenium/4.8.1 (java windows)
Content-Length: 50
Content-Type: application/json; charset=utf-8
host: localhost:27865
accept: */*

Response DefaultHttpResponse(decodeResult: success, version: HTTP/1.1)
HTTP/1.1 200 OK
Content-Length: 14
Content-Type: application/json; charset=utf-8
cache-control: no-cache

01:31:54.516 [AsyncHttpClient-1-8] DEBUG org.asynchttpclient.netty.channel.ChannelManager - Adding key: http://localhost:27865 for channel [id: 0xb79e1e0f, L:/127.0.0.1:58198 - R:localhost/127.0.0.1:27865]
01:31:54.521 [Forwarding getAlertText on session ab65333867783b617e18e4d0ff9c67cb to remote] DEBUG org.asynchttpclient.netty.request.NettyRequestSender - Using pooled Channel '[id: 0xb79e1e0f, L:/127.0.0.1:58198 - R:localhost/127.0.0.1:27865]' for 'GET' to 'http://localhost:27865/session/ab65333867783b617e18e4d0ff9c67cb/alert/text'
01:31:54.521 [Forwarding getAlertText on session ab65333867783b617e18e4d0ff9c67cb to remote] DEBUG org.asynchttpclient.netty.request.NettyRequestSender - Using open Channel [id: 0xb79e1e0f, L:/127.0.0.1:58198 - R:localhost/127.0.0.1:27865] for GET '/session/ab65333867783b617e18e4d0ff9c67cb/alert/text'
01:31:54.526 [AsyncHttpClient-1-8] DEBUG org.asynchttpclient.netty.handler.HttpHandler - 

Request DefaultFullHttpRequest(decodeResult: success, version: HTTP/1.1, content: EmptyByteBufBE)
GET /session/ab65333867783b617e18e4d0ff9c67cb/alert/text HTTP/1.1
User-Agent: selenium/4.8.1 (java windows)
Cache-Control: no-cache
Content-Type: application/json; charset=utf-8
host: localhost:27865
accept: */*

Response DefaultHttpResponse(decodeResult: success, version: HTTP/1.1)
HTTP/1.1 404 Not Found
Content-Length: 816
Content-Type: application/json; charset=utf-8
cache-control: no-cache

01:31:54.527 [AsyncHttpClient-1-8] DEBUG org.asynchttpclient.netty.channel.ChannelManager - Adding key: http://localhost:27865 for channel [id: 0xb79e1e0f, L:/127.0.0.1:58198 - R:localhost/127.0.0.1:27865]
01:31:54.529 [Forwarding getCurrentUrl on session ab65333867783b617e18e4d0ff9c67cb to remote] DEBUG org.asynchttpclient.netty.request.NettyRequestSender - Using pooled Channel '[id: 0xb79e1e0f, L:/127.0.0.1:58198 - R:localhost/127.0.0.1:27865]' for 'GET' to 'http://localhost:27865/session/ab65333867783b617e18e4d0ff9c67cb/url'
01:31:54.529 [Forwarding getCurrentUrl on session ab65333867783b617e18e4d0ff9c67cb to remote] DEBUG org.asynchttpclient.netty.request.NettyRequestSender - Using open Channel [id: 0xb79e1e0f, L:/127.0.0.1:58198 - R:localhost/127.0.0.1:27865] for GET '/session/ab65333867783b617e18e4d0ff9c67cb/url'
01:31:54.533 [AsyncHttpClient-1-8] DEBUG org.asynchttpclient.netty.handler.HttpHandler - 

Request DefaultFullHttpRequest(decodeResult: success, version: HTTP/1.1, content: EmptyByteBufBE)
GET /session/ab65333867783b617e18e4d0ff9c67cb/url HTTP/1.1
User-Agent: selenium/4.8.1 (java windows)
Cache-Control: no-cache
Content-Type: application/json; charset=utf-8
host: localhost:27865
accept: */*

Response DefaultHttpResponse(decodeResult: success, version: HTTP/1.1)
HTTP/1.1 200 OK
Content-Length: 51
Content-Type: application/json; charset=utf-8
cache-control: no-cache

01:31:54.533 [AsyncHttpClient-1-8] DEBUG org.asynchttpclient.netty.channel.ChannelManager - Adding key: http://localhost:27865 for channel [id: 0xb79e1e0f, L:/127.0.0.1:58198 - R:localhost/127.0.0.1:27865]
01:31:54.534 [Forwarding screenshot on session ab65333867783b617e18e4d0ff9c67cb to remote] DEBUG org.asynchttpclient.netty.request.NettyRequestSender - Using pooled Channel '[id: 0xb79e1e0f, L:/127.0.0.1:58198 - R:localhost/127.0.0.1:27865]' for 'GET' to 'http://localhost:27865/session/ab65333867783b617e18e4d0ff9c67cb/screenshot'
01:31:54.534 [Forwarding screenshot on session ab65333867783b617e18e4d0ff9c67cb to remote] DEBUG org.asynchttpclient.netty.request.NettyRequestSender - Using open Channel [id: 0xb79e1e0f, L:/127.0.0.1:58198 - R:localhost/127.0.0.1:27865] for GET '/session/ab65333867783b617e18e4d0ff9c67cb/screenshot'
01:31:54.590 [AsyncHttpClient-1-1] DEBUG org.asynchttpclient.netty.channel.DefaultChannelPool - Entry count for : http://localhost:58199 : 1
01:31:54.831 [AsyncHttpClient-1-8] DEBUG org.asynchttpclient.netty.handler.HttpHandler - 

Request DefaultFullHttpRequest(decodeResult: success, version: HTTP/1.1, content: EmptyByteBufBE)
GET /session/ab65333867783b617e18e4d0ff9c67cb/screenshot HTTP/1.1
User-Agent: selenium/4.8.1 (java windows)
Cache-Control: no-cache
Content-Type: application/json; charset=utf-8
host: localhost:27865
accept: */*

Response DefaultHttpResponse(decodeResult: success, version: HTTP/1.1)
HTTP/1.1 200 OK
Content-Length: 46836
Content-Type: application/json; charset=utf-8
cache-control: no-cache

01:31:54.833 [AsyncHttpClient-1-8] DEBUG org.asynchttpclient.netty.channel.ChannelManager - Adding key: http://localhost:27865 for channel [id: 0xb79e1e0f, L:/127.0.0.1:58198 - R:localhost/127.0.0.1:27865]
01:31:54.839 [main] DEBUG net.serenitybdd.core.photography.Darkroom - Send negative for processing for target\site\serenity\6113dce777cd85afe45cea9678119be3ddb58803de6322a8539e4a4df95eee9b.png
01:31:54.840 [main] DEBUG net.thucydides.core.steps.StepInterceptor - STEP DONE: clickLoginButton
  &amp#27;[32mAnd &amp#27;[0m&amp#27;[32mI click login button&amp#27;[0m                                               &amp#27;[90m# starter.stepdefinitions.LoginSteps.clickLoginButton()&amp#27;[0m
01:31:54.840 [Darkroom Processing Line] DEBUG net.serenitybdd.core.photography.DarkroomProcessingLine - Processing screenshot image in /var/screenshots/screenshot-6027640843709261392
01:31:54.840 [Darkroom Processing Line] DEBUG net.serenitybdd.core.photography.DarkroomProcessingLine - Saving screenshot to target\site\serenity\6113dce777cd85afe45cea9678119be3ddb58803de6322a8539e4a4df95eee9b.png
01:31:54.860 [Forwarding getPageSource on session ab65333867783b617e18e4d0ff9c67cb to remote] DEBUG org.asynchttpclient.netty.request.NettyRequestSender - Using pooled Channel '[id: 0xb79e1e0f, L:/127.0.0.1:58198 - R:localhost/127.0.0.1:27865]' for 'POST' to 'http://localhost:27865/session/ab65333867783b617e18e4d0ff9c67cb/execute/sync'
01:31:54.861 [Forwarding getPageSource on session ab65333867783b617e18e4d0ff9c67cb to remote] DEBUG org.asynchttpclient.netty.request.NettyRequestSender - Using open Channel [id: 0xb79e1e0f, L:/127.0.0.1:58198 - R:localhost/127.0.0.1:27865] for POST '/session/ab65333867783b617e18e4d0ff9c67cb/execute/sync'
01:31:54.869 [AsyncHttpClient-1-8] DEBUG org.asynchttpclient.netty.handler.HttpHandler - 

Request DefaultHttpRequest(decodeResult: success, version: HTTP/1.1)
POST /session/ab65333867783b617e18e4d0ff9c67cb/execute/sync HTTP/1.1
User-Agent: selenium/4.8.1 (java windows)
Content-Length: 176
Content-Type: application/json; charset=utf-8
host: localhost:27865
accept: */*

Response DefaultHttpResponse(decodeResult: success, version: HTTP/1.1)
HTTP/1.1 200 OK
Content-Length: 22581
Content-Type: application/json; charset=utf-8
cache-control: no-cache

01:31:54.870 [AsyncHttpClient-1-8] DEBUG org.asynchttpclient.netty.channel.ChannelManager - Adding key: http://localhost:27865 for channel [id: 0xb79e1e0f, L:/127.0.0.1:58198 - R:localhost/127.0.0.1:27865]
01:31:54.878 [Forwarding getCurrentUrl on session ab65333867783b617e18e4d0ff9c67cb to remote] DEBUG org.asynchttpclient.netty.request.NettyRequestSender - Using pooled Channel '[id: 0xb79e1e0f, L:/127.0.0.1:58198 - R:localhost/127.0.0.1:27865]' for 'GET' to 'http://localhost:27865/session/ab65333867783b617e18e4d0ff9c67cb/url'
01:31:54.878 [Forwarding getCurrentUrl on session ab65333867783b617e18e4d0ff9c67cb to remote] DEBUG org.asynchttpclient.netty.request.NettyRequestSender - Using open Channel [id: 0xb79e1e0f, L:/127.0.0.1:58198 - R:localhost/127.0.0.1:27865] for GET '/session/ab65333867783b617e18e4d0ff9c67cb/url'
01:31:54.883 [AsyncHttpClient-1-8] DEBUG org.asynchttpclient.netty.handler.HttpHandler - 

Request DefaultFullHttpRequest(decodeResult: success, version: HTTP/1.1, content: EmptyByteBufBE)
GET /session/ab65333867783b617e18e4d0ff9c67cb/url HTTP/1.1
User-Agent: selenium/4.8.1 (java windows)
Cache-Control: no-cache
Content-Type: application/json; charset=utf-8
host: localhost:27865
accept: */*

Response DefaultHttpResponse(decodeResult: success, version: HTTP/1.1)
HTTP/1.1 200 OK
Content-Length: 51
Content-Type: application/json; charset=utf-8
cache-control: no-cache

01:31:54.883 [AsyncHttpClient-1-8] DEBUG org.asynchttpclient.netty.channel.ChannelManager - Adding key: http://localhost:27865 for channel [id: 0xb79e1e0f, L:/127.0.0.1:58198 - R:localhost/127.0.0.1:27865]
01:31:54.896 [Forwarding getAlertText on session ab65333867783b617e18e4d0ff9c67cb to remote] DEBUG org.asynchttpclient.netty.request.NettyRequestSender - Using pooled Channel '[id: 0xb79e1e0f, L:/127.0.0.1:58198 - R:localhost/127.0.0.1:27865]' for 'GET' to 'http://localhost:27865/session/ab65333867783b617e18e4d0ff9c67cb/alert/text'
01:31:54.896 [Forwarding getAlertText on session ab65333867783b617e18e4d0ff9c67cb to remote] DEBUG org.asynchttpclient.netty.request.NettyRequestSender - Using open Channel [id: 0xb79e1e0f, L:/127.0.0.1:58198 - R:localhost/127.0.0.1:27865] for GET '/session/ab65333867783b617e18e4d0ff9c67cb/alert/text'
01:31:54.898 [AsyncHttpClient-1-8] DEBUG org.asynchttpclient.netty.handler.HttpHandler - 

Request DefaultFullHttpRequest(decodeResult: success, version: HTTP/1.1, content: EmptyByteBufBE)
GET /session/ab65333867783b617e18e4d0ff9c67cb/alert/text HTTP/1.1
User-Agent: selenium/4.8.1 (java windows)
Cache-Control: no-cache
Content-Type: application/json; charset=utf-8
host: localhost:27865
accept: */*

Response DefaultHttpResponse(decodeResult: success, version: HTTP/1.1)
HTTP/1.1 404 Not Found
Content-Length: 816
Content-Type: application/json; charset=utf-8
cache-control: no-cache

01:31:54.898 [AsyncHttpClient-1-8] DEBUG org.asynchttpclient.netty.channel.ChannelManager - Adding key: http://localhost:27865 for channel [id: 0xb79e1e0f, L:/127.0.0.1:58198 - R:localhost/127.0.0.1:27865]
01:31:54.900 [Forwarding getCurrentUrl on session ab65333867783b617e18e4d0ff9c67cb to remote] DEBUG org.asynchttpclient.netty.request.NettyRequestSender - Using pooled Channel '[id: 0xb79e1e0f, L:/127.0.0.1:58198 - R:localhost/127.0.0.1:27865]' for 'GET' to 'http://localhost:27865/session/ab65333867783b617e18e4d0ff9c67cb/url'
01:31:54.900 [Forwarding getCurrentUrl on session ab65333867783b617e18e4d0ff9c67cb to remote] DEBUG org.asynchttpclient.netty.request.NettyRequestSender - Using open Channel [id: 0xb79e1e0f, L:/127.0.0.1:58198 - R:localhost/127.0.0.1:27865] for GET '/session/ab65333867783b617e18e4d0ff9c67cb/url'
01:31:54.907 [AsyncHttpClient-1-8] DEBUG org.asynchttpclient.netty.handler.HttpHandler - 

Request DefaultFullHttpRequest(decodeResult: success, version: HTTP/1.1, content: EmptyByteBufBE)
GET /session/ab65333867783b617e18e4d0ff9c67cb/url HTTP/1.1
User-Agent: selenium/4.8.1 (java windows)
Cache-Control: no-cache
Content-Type: application/json; charset=utf-8
host: localhost:27865
accept: */*

Response DefaultHttpResponse(decodeResult: success, version: HTTP/1.1)
HTTP/1.1 200 OK
Content-Length: 51
Content-Type: application/json; charset=utf-8
cache-control: no-cache

01:31:54.907 [AsyncHttpClient-1-8] DEBUG org.asynchttpclient.netty.channel.ChannelManager - Adding key: http://localhost:27865 for channel [id: 0xb79e1e0f, L:/127.0.0.1:58198 - R:localhost/127.0.0.1:27865]
01:31:54.909 [Forwarding screenshot on session ab65333867783b617e18e4d0ff9c67cb to remote] DEBUG org.asynchttpclient.netty.request.NettyRequestSender - Using pooled Channel '[id: 0xb79e1e0f, L:/127.0.0.1:58198 - R:localhost/127.0.0.1:27865]' for 'GET' to 'http://localhost:27865/session/ab65333867783b617e18e4d0ff9c67cb/screenshot'
01:31:54.909 [Forwarding screenshot on session ab65333867783b617e18e4d0ff9c67cb to remote] DEBUG org.asynchttpclient.netty.request.NettyRequestSender - Using open Channel [id: 0xb79e1e0f, L:/127.0.0.1:58198 - R:localhost/127.0.0.1:27865] for GET '/session/ab65333867783b617e18e4d0ff9c67cb/screenshot'
01:31:55.131 [AsyncHttpClient-1-8] DEBUG org.asynchttpclient.netty.handler.HttpHandler - 

Request DefaultFullHttpRequest(decodeResult: success, version: HTTP/1.1, content: EmptyByteBufBE)
GET /session/ab65333867783b617e18e4d0ff9c67cb/screenshot HTTP/1.1
User-Agent: selenium/4.8.1 (java windows)
Cache-Control: no-cache
Content-Type: application/json; charset=utf-8
host: localhost:27865
accept: */*

Response DefaultHttpResponse(decodeResult: success, version: HTTP/1.1)
HTTP/1.1 200 OK
Content-Length: 56692
Content-Type: application/json; charset=utf-8
cache-control: no-cache

01:31:55.132 [AsyncHttpClient-1-8] DEBUG org.asynchttpclient.netty.channel.ChannelManager - Adding key: http://localhost:27865 for channel [id: 0xb79e1e0f, L:/127.0.0.1:58198 - R:localhost/127.0.0.1:27865]
01:31:55.136 [main] DEBUG net.serenitybdd.core.photography.Darkroom - Send negative for processing for target\site\serenity\20fe4da192108cfc5e5833c8ed58b8ea04b956d94ab52eef4ea582e9bfdc73d6.png
01:31:55.137 [Darkroom Processing Line] DEBUG net.serenitybdd.core.photography.DarkroomProcessingLine - Processing screenshot image in /var/screenshots/screenshot-220818409048018790
01:31:55.137 [Darkroom Processing Line] DEBUG net.serenitybdd.core.photography.DarkroomProcessingLine - Saving screenshot to target\site\serenity\20fe4da192108cfc5e5833c8ed58b8ea04b956d94ab52eef4ea582e9bfdc73d6.png
01:31:55.139 [Forwarding getPageSource on session ab65333867783b617e18e4d0ff9c67cb to remote] DEBUG org.asynchttpclient.netty.request.NettyRequestSender - Using pooled Channel '[id: 0xb79e1e0f, L:/127.0.0.1:58198 - R:localhost/127.0.0.1:27865]' for 'POST' to 'http://localhost:27865/session/ab65333867783b617e18e4d0ff9c67cb/execute/sync'
01:31:55.139 [Forwarding getPageSource on session ab65333867783b617e18e4d0ff9c67cb to remote] DEBUG org.asynchttpclient.netty.request.NettyRequestSender - Using open Channel [id: 0xb79e1e0f, L:/127.0.0.1:58198 - R:localhost/127.0.0.1:27865] for POST '/session/ab65333867783b617e18e4d0ff9c67cb/execute/sync'
01:31:55.145 [AsyncHttpClient-1-8] DEBUG org.asynchttpclient.netty.handler.HttpHandler - 

Request DefaultHttpRequest(decodeResult: success, version: HTTP/1.1)
POST /session/ab65333867783b617e18e4d0ff9c67cb/execute/sync HTTP/1.1
User-Agent: selenium/4.8.1 (java windows)
Content-Length: 176
Content-Type: application/json; charset=utf-8
host: localhost:27865
accept: */*

Response DefaultHttpResponse(decodeResult: success, version: HTTP/1.1)
HTTP/1.1 200 OK
Content-Length: 22249
Content-Type: application/json; charset=utf-8
cache-control: no-cache

01:31:55.145 [AsyncHttpClient-1-8] DEBUG org.asynchttpclient.netty.channel.ChannelManager - Adding key: http://localhost:27865 for channel [id: 0xb79e1e0f, L:/127.0.0.1:58198 - R:localhost/127.0.0.1:27865]
01:31:55.150 [Forwarding getCurrentUrl on session ab65333867783b617e18e4d0ff9c67cb to remote] DEBUG org.asynchttpclient.netty.request.NettyRequestSender - Using pooled Channel '[id: 0xb79e1e0f, L:/127.0.0.1:58198 - R:localhost/127.0.0.1:27865]' for 'GET' to 'http://localhost:27865/session/ab65333867783b617e18e4d0ff9c67cb/url'
01:31:55.151 [Forwarding getCurrentUrl on session ab65333867783b617e18e4d0ff9c67cb to remote] DEBUG org.asynchttpclient.netty.request.NettyRequestSender - Using open Channel [id: 0xb79e1e0f, L:/127.0.0.1:58198 - R:localhost/127.0.0.1:27865] for GET '/session/ab65333867783b617e18e4d0ff9c67cb/url'
01:31:55.155 [AsyncHttpClient-1-8] DEBUG org.asynchttpclient.netty.handler.HttpHandler - 

Request DefaultFullHttpRequest(decodeResult: success, version: HTTP/1.1, content: EmptyByteBufBE)
GET /session/ab65333867783b617e18e4d0ff9c67cb/url HTTP/1.1
User-Agent: selenium/4.8.1 (java windows)
Cache-Control: no-cache
Content-Type: application/json; charset=utf-8
host: localhost:27865
accept: */*

Response DefaultHttpResponse(decodeResult: success, version: HTTP/1.1)
HTTP/1.1 200 OK
Content-Length: 51
Content-Type: application/json; charset=utf-8
cache-control: no-cache

01:31:55.155 [AsyncHttpClient-1-8] DEBUG org.asynchttpclient.netty.channel.ChannelManager - Adding key: http://localhost:27865 for channel [id: 0xb79e1e0f, L:/127.0.0.1:58198 - R:localhost/127.0.0.1:27865]
01:31:55.158 [main] DEBUG net.thucydides.core.steps.StepInterceptor - STARTING STEP: LoginSteps.cantTheProductPage - validateOnTheLoginPage
01:31:55.162 [Forwarding findElement on session ab65333867783b617e18e4d0ff9c67cb to remote] DEBUG org.asynchttpclient.netty.request.NettyRequestSender - Using pooled Channel '[id: 0xb79e1e0f, L:/127.0.0.1:58198 - R:localhost/127.0.0.1:27865]' for 'POST' to 'http://localhost:27865/session/ab65333867783b617e18e4d0ff9c67cb/element'
01:31:55.162 [Forwarding findElement on session ab65333867783b617e18e4d0ff9c67cb to remote] DEBUG org.asynchttpclient.netty.request.NettyRequestSender - Using open Channel [id: 0xb79e1e0f, L:/127.0.0.1:58198 - R:localhost/127.0.0.1:27865] for POST '/session/ab65333867783b617e18e4d0ff9c67cb/element'
01:31:55.170 [AsyncHttpClient-1-8] DEBUG org.asynchttpclient.netty.handler.HttpHandler - 

Request DefaultHttpRequest(decodeResult: success, version: HTTP/1.1)
POST /session/ab65333867783b617e18e4d0ff9c67cb/element HTTP/1.1
User-Agent: selenium/4.8.1 (java windows)
Content-Length: 165
Content-Type: application/json; charset=utf-8
host: localhost:27865
accept: */*

Response DefaultHttpResponse(decodeResult: success, version: HTTP/1.1)
HTTP/1.1 200 OK
Content-Length: 88
Content-Type: application/json; charset=utf-8
cache-control: no-cache

01:31:55.171 [AsyncHttpClient-1-8] DEBUG org.asynchttpclient.netty.channel.ChannelManager - Adding key: http://localhost:27865 for channel [id: 0xb79e1e0f, L:/127.0.0.1:58198 - R:localhost/127.0.0.1:27865]
01:31:55.174 [Forwarding isElementDisplayed on session ab65333867783b617e18e4d0ff9c67cb to remote] DEBUG org.asynchttpclient.netty.request.NettyRequestSender - Using pooled Channel '[id: 0xb79e1e0f, L:/127.0.0.1:58198 - R:localhost/127.0.0.1:27865]' for 'POST' to 'http://localhost:27865/session/ab65333867783b617e18e4d0ff9c67cb/execute/sync'
01:31:55.175 [Forwarding isElementDisplayed on session ab65333867783b617e18e4d0ff9c67cb to remote] DEBUG org.asynchttpclient.netty.request.NettyRequestSender - Using open Channel [id: 0xb79e1e0f, L:/127.0.0.1:58198 - R:localhost/127.0.0.1:27865] for POST '/session/ab65333867783b617e18e4d0ff9c67cb/execute/sync'
01:31:55.189 [AsyncHttpClient-1-8] DEBUG org.asynchttpclient.netty.handler.HttpHandler - 

Request DefaultHttpRequest(decodeResult: success, version: HTTP/1.1)
POST /session/ab65333867783b617e18e4d0ff9c67cb/execute/sync HTTP/1.1
User-Agent: selenium/4.8.1 (java windows)
Content-Length: 48807
Content-Type: application/json; charset=utf-8
host: localhost:27865
accept: */*

Response DefaultHttpResponse(decodeResult: success, version: HTTP/1.1)
HTTP/1.1 200 OK
Content-Length: 14
Content-Type: application/json; charset=utf-8
cache-control: no-cache

01:31:55.190 [AsyncHttpClient-1-8] DEBUG org.asynchttpclient.netty.channel.ChannelManager - Adding key: http://localhost:27865 for channel [id: 0xb79e1e0f, L:/127.0.0.1:58198 - R:localhost/127.0.0.1:27865]
01:31:55.196 [Forwarding getAlertText on session ab65333867783b617e18e4d0ff9c67cb to remote] DEBUG org.asynchttpclient.netty.request.NettyRequestSender - Using pooled Channel '[id: 0xb79e1e0f, L:/127.0.0.1:58198 - R:localhost/127.0.0.1:27865]' for 'GET' to 'http://localhost:27865/session/ab65333867783b617e18e4d0ff9c67cb/alert/text'
01:31:55.196 [Forwarding getAlertText on session ab65333867783b617e18e4d0ff9c67cb to remote] DEBUG org.asynchttpclient.netty.request.NettyRequestSender - Using open Channel [id: 0xb79e1e0f, L:/127.0.0.1:58198 - R:localhost/127.0.0.1:27865] for GET '/session/ab65333867783b617e18e4d0ff9c67cb/alert/text'
01:31:55.198 [AsyncHttpClient-1-8] DEBUG org.asynchttpclient.netty.handler.HttpHandler - 

Request DefaultFullHttpRequest(decodeResult: success, version: HTTP/1.1, content: EmptyByteBufBE)
GET /session/ab65333867783b617e18e4d0ff9c67cb/alert/text HTTP/1.1
User-Agent: selenium/4.8.1 (java windows)
Cache-Control: no-cache
Content-Type: application/json; charset=utf-8
host: localhost:27865
accept: */*

Response DefaultHttpResponse(decodeResult: success, version: HTTP/1.1)
HTTP/1.1 404 Not Found
Content-Length: 816
Content-Type: application/json; charset=utf-8
cache-control: no-cache

01:31:55.198 [AsyncHttpClient-1-8] DEBUG org.asynchttpclient.netty.channel.ChannelManager - Adding key: http://localhost:27865 for channel [id: 0xb79e1e0f, L:/127.0.0.1:58198 - R:localhost/127.0.0.1:27865]
01:31:55.199 [Forwarding getCurrentUrl on session ab65333867783b617e18e4d0ff9c67cb to remote] DEBUG org.asynchttpclient.netty.request.NettyRequestSender - Using pooled Channel '[id: 0xb79e1e0f, L:/127.0.0.1:58198 - R:localhost/127.0.0.1:27865]' for 'GET' to 'http://localhost:27865/session/ab65333867783b617e18e4d0ff9c67cb/url'
01:31:55.200 [Forwarding getCurrentUrl on session ab65333867783b617e18e4d0ff9c67cb to remote] DEBUG org.asynchttpclient.netty.request.NettyRequestSender - Using open Channel [id: 0xb79e1e0f, L:/127.0.0.1:58198 - R:localhost/127.0.0.1:27865] for GET '/session/ab65333867783b617e18e4d0ff9c67cb/url'
01:31:55.204 [AsyncHttpClient-1-8] DEBUG org.asynchttpclient.netty.handler.HttpHandler - 

Request DefaultFullHttpRequest(decodeResult: success, version: HTTP/1.1, content: EmptyByteBufBE)
GET /session/ab65333867783b617e18e4d0ff9c67cb/url HTTP/1.1
User-Agent: selenium/4.8.1 (java windows)
Cache-Control: no-cache
Content-Type: application/json; charset=utf-8
host: localhost:27865
accept: */*

Response DefaultHttpResponse(decodeResult: success, version: HTTP/1.1)
HTTP/1.1 200 OK
Content-Length: 51
Content-Type: application/json; charset=utf-8
cache-control: no-cache

01:31:55.204 [AsyncHttpClient-1-8] DEBUG org.asynchttpclient.netty.channel.ChannelManager - Adding key: http://localhost:27865 for channel [id: 0xb79e1e0f, L:/127.0.0.1:58198 - R:localhost/127.0.0.1:27865]
01:31:55.205 [Forwarding screenshot on session ab65333867783b617e18e4d0ff9c67cb to remote] DEBUG org.asynchttpclient.netty.request.NettyRequestSender - Using pooled Channel '[id: 0xb79e1e0f, L:/127.0.0.1:58198 - R:localhost/127.0.0.1:27865]' for 'GET' to 'http://localhost:27865/session/ab65333867783b617e18e4d0ff9c67cb/screenshot'
01:31:55.205 [Forwarding screenshot on session ab65333867783b617e18e4d0ff9c67cb to remote] DEBUG org.asynchttpclient.netty.request.NettyRequestSender - Using open Channel [id: 0xb79e1e0f, L:/127.0.0.1:58198 - R:localhost/127.0.0.1:27865] for GET '/session/ab65333867783b617e18e4d0ff9c67cb/screenshot'
01:31:55.326 [AsyncHttpClient-1-8] DEBUG org.asynchttpclient.netty.handler.HttpHandler - 

Request DefaultFullHttpRequest(decodeResult: success, version: HTTP/1.1, content: EmptyByteBufBE)
GET /session/ab65333867783b617e18e4d0ff9c67cb/screenshot HTTP/1.1
User-Agent: selenium/4.8.1 (java windows)
Cache-Control: no-cache
Content-Type: application/json; charset=utf-8
host: localhost:27865
accept: */*

Response DefaultHttpResponse(decodeResult: success, version: HTTP/1.1)
HTTP/1.1 200 OK
Content-Length: 56680
Content-Type: application/json; charset=utf-8
cache-control: no-cache

01:31:55.326 [AsyncHttpClient-1-8] DEBUG org.asynchttpclient.netty.channel.ChannelManager - Adding key: http://localhost:27865 for channel [id: 0xb79e1e0f, L:/127.0.0.1:58198 - R:localhost/127.0.0.1:27865]
01:31:55.330 [main] DEBUG net.serenitybdd.core.photography.Darkroom - Send negative for processing for target\site\serenity\f6a14542f01a4471b666a36d741c9a1fdc3ec8fb9021c76e3cb3c5b96ce96b57.png
01:31:55.330 [Darkroom Processing Line] DEBUG net.serenitybdd.core.photography.DarkroomProcessingLine - Processing screenshot image in /var/screenshots/screenshot-8480499675244094629
01:31:55.330 [main] DEBUG net.thucydides.core.steps.StepInterceptor - STEP DONE: validateOnTheLoginPage
01:31:55.330 [Darkroom Processing Line] DEBUG net.serenitybdd.core.photography.DarkroomProcessingLine - Saving screenshot to target\site\serenity\f6a14542f01a4471b666a36d741c9a1fdc3ec8fb9021c76e3cb3c5b96ce96b57.png
  &amp#27;[32mThen &amp#27;[0m&amp#27;[32mI can't be on the product page&amp#27;[0m                                    &amp#27;[90m# starter.stepdefinitions.LoginSteps.cantTheProductPage()&amp#27;[0m
01:31:55.338 [main] INFO  - 
  _____   ___   ___   _____     ___     _     ___   ___   ___   ___  
 |_   _| | __| / __| |_   _|   | _ \   /_\   / __| / __| | __| |   \ 
   | |   | _|  \__ \   | |     |  _/  / _ \  \__ \ \__ \ | _|  | |) |
   |_|   |___| |___/   |_|     |_|   /_/ \_\ |___/ |___/ |___| |___/ 

As user i haven't be able to login when using invalid password
----------------------------------------------------------------------
01:31:55.340 [Driver Command Executor] DEBUG org.asynchttpclient.netty.request.NettyRequestSender - Using pooled Channel '[id: 0xb79e1e0f, L:/127.0.0.1:58198 - R:localhost/127.0.0.1:27865]' for 'DELETE' to 'http://localhost:27865/session/ab65333867783b617e18e4d0ff9c67cb'
01:31:55.340 [AsyncHttpClient-1-10] DEBUG org.asynchttpclient.netty.handler.WebSocketHandler - Channel Closed: [id: 0x41ca3907, L:/127.0.0.1:58206 ! R:localhost/127.0.0.1:58199] with attribute NettyResponseFuture{currentRetry=0,
	isDone=1,
	isCancelled=0,
	asyncHandler=org.asynchttpclient.ws.WebSocketUpgradeHandler@68fc0083,
	nettyRequest=org.asynchttpclient.netty.request.NettyRequest@2dfe83f8,
	future=java.util.concurrent.CompletableFuture@6c642e47[Completed normally],
	uri=ws://localhost:58199/devtools/browser/601ee491-9b10-44eb-bd36-3c853c415993,
	keepAlive=true,
	redirectCount=0,
	timeoutsHolder=null,
	inAuth=0,
	touch=1683484312054}
01:31:55.340 [Driver Command Executor] DEBUG org.asynchttpclient.netty.request.NettyRequestSender - Using open Channel [id: 0xb79e1e0f, L:/127.0.0.1:58198 - R:localhost/127.0.0.1:27865] for DELETE '/session/ab65333867783b617e18e4d0ff9c67cb'
01:31:55.340 [AsyncHttpClient-1-10] DEBUG org.asynchttpclient.netty.channel.ChannelManager - Closing Channel [id: 0x41ca3907, L:/127.0.0.1:58206 ! R:localhost/127.0.0.1:58199] 
01:31:55.384 [AsyncHttpClient-1-9] DEBUG org.asynchttpclient.netty.handler.HttpHandler - Unexpected I/O exception on channel [id: 0x20e68f4f, L:/127.0.0.1:58205 - R:localhost/127.0.0.1:58199]
java.io.IOException: An existing connection was forcibly closed by the remote host
	at sun.nio.ch.SocketDispatcher.read0(Native Method)
	at sun.nio.ch.SocketDispatcher.read(Unknown Source)
	at sun.nio.ch.IOUtil.readIntoNativeBuffer(Unknown Source)
	at sun.nio.ch.IOUtil.read(Unknown Source)
	at sun.nio.ch.SocketChannelImpl.read(Unknown Source)
	at io.netty.buffer.PooledByteBuf.setBytes(PooledByteBuf.java:259)
	at io.netty.buffer.AbstractByteBuf.writeBytes(AbstractByteBuf.java:1132)
	at io.netty.channel.socket.nio.NioSocketChannel.doReadBytes(NioSocketChannel.java:357)
	at io.netty.channel.nio.AbstractNioByteChannel$NioByteUnsafe.read(AbstractNioByteChannel.java:151)
	at io.netty.channel.nio.NioEventLoop.processSelectedKey(NioEventLoop.java:788)
	at io.netty.channel.nio.NioEventLoop.processSelectedKeysOptimized(NioEventLoop.java:724)
	at io.netty.channel.nio.NioEventLoop.processSelectedKeys(NioEventLoop.java:650)
	at io.netty.channel.nio.NioEventLoop.run(NioEventLoop.java:562)
	at io.netty.util.concurrent.SingleThreadEventExecutor$4.run(SingleThreadEventExecutor.java:997)
	at io.netty.util.internal.ThreadExecutorMap$2.run(ThreadExecutorMap.java:74)
	at io.netty.util.concurrent.FastThreadLocalRunnable.run(FastThreadLocalRunnable.java:30)
	at java.lang.Thread.run(Unknown Source)
01:31:55.384 [AsyncHttpClient-1-9] DEBUG org.asynchttpclient.netty.channel.ChannelManager - Closing Channel [id: 0x20e68f4f, L:/127.0.0.1:58205 - R:localhost/127.0.0.1:58199] 
01:31:55.384 [AsyncHttpClient-1-9] DEBUG org.asynchttpclient.netty.handler.HttpHandler - Channel Closed: [id: 0x20e68f4f, L:/127.0.0.1:58205 ! R:localhost/127.0.0.1:58199] with attribute DISCARD
01:31:55.420 [AsyncHttpClient-1-8] DEBUG org.asynchttpclient.netty.handler.HttpHandler - 

Request DefaultFullHttpRequest(decodeResult: success, version: HTTP/1.1, content: EmptyByteBufBE)
DELETE /session/ab65333867783b617e18e4d0ff9c67cb HTTP/1.1
User-Agent: selenium/4.8.1 (java windows)
Content-Type: application/json; charset=utf-8
host: localhost:27865
accept: */*

Response DefaultHttpResponse(decodeResult: success, version: HTTP/1.1)
HTTP/1.1 200 OK
Content-Length: 14
Content-Type: application/json; charset=utf-8
cache-control: no-cache

01:31:55.421 [AsyncHttpClient-1-8] DEBUG org.asynchttpclient.netty.channel.ChannelManager - Adding key: http://localhost:27865 for channel [id: 0xb79e1e0f, L:/127.0.0.1:58198 - R:localhost/127.0.0.1:27865]
01:31:55.500 [AsyncHttpClient-1-8] DEBUG org.asynchttpclient.netty.handler.HttpHandler - Channel Closed: [id: 0xb79e1e0f, L:/127.0.0.1:58198 ! R:localhost/127.0.0.1:27865] with attribute DISCARD
01:31:55.690 [AsyncHttpClient-1-1] DEBUG org.asynchttpclient.netty.channel.DefaultChannelPool - Entry count for : http://localhost:27865 : 1
01:31:55.690 [AsyncHttpClient-1-1] DEBUG org.asynchttpclient.netty.channel.DefaultChannelPool - Entry count for : http://localhost:58199 : 1
01:31:55.690 [AsyncHttpClient-1-1] DEBUG org.asynchttpclient.netty.channel.DefaultChannelPool - Adding Candidate expired Channel [id: 0xb79e1e0f, L:/127.0.0.1:58198 ! R:localhost/127.0.0.1:27865] isIdleTimeoutExpired=false isRemotelyClosed=true isTtlExpired=false
01:31:55.690 [AsyncHttpClient-1-1] DEBUG org.asynchttpclient.netty.channel.DefaultChannelPool - Closing Idle Channel [id: 0xb79e1e0f, L:/127.0.0.1:58198 ! R:localhost/127.0.0.1:27865]
01:31:55.690 [AsyncHttpClient-1-1] DEBUG org.asynchttpclient.netty.channel.DefaultChannelPool - Adding Candidate expired Channel [id: 0x20e68f4f, L:/127.0.0.1:58205 ! R:localhost/127.0.0.1:58199] isIdleTimeoutExpired=false isRemotelyClosed=true isTtlExpired=false
01:31:55.690 [AsyncHttpClient-1-1] DEBUG org.asynchttpclient.netty.channel.DefaultChannelPool - Closing Idle Channel [id: 0x20e68f4f, L:/127.0.0.1:58205 ! R:localhost/127.0.0.1:58199]
01:31:55.690 [AsyncHttpClient-1-1] DEBUG org.asynchttpclient.netty.channel.DefaultChannelPool - Closed 2 connections out of 2 in 0 ms
]]></system-out>
    <system-err><![CDATA[Starting ChromeDriver 111.0.5563.64 (c710e93d5b63b7095afe8c2c17df34408078439d-refs/branch-heads/5563@{#995}) on port 27865
Only local connections are allowed.
Please see https://chromedriver.chromium.org/security-considerations for suggestions on keeping ChromeDriver safe.
ChromeDriver was started successfully.
[1683484312.017][WARNING]: This version of ChromeDriver has not been tested with Chrome version 112.
Mei 08, 2023 1:31:52 AM org.openqa.selenium.devtools.CdpVersionFinder findNearestMatch
WARNING: Unable to find an exact match for CDP version 112, so returning the closest version found: 110
]]></system-err>
  </testcase>
  <testcase name="As user i haven&apos;t be able to login when using invalid email and invalid password" classname="login" time="4.92">
    <system-out><![CDATA[
Scenario: As user i haven't be able to login when using invalid email and invalid password &amp#27;[90m# src/test/resources/features/Login.feature:27&amp#27;[0m
01:31:56.026 [main] DEBUG io.cucumber.core.plugin.SerenityReporter - Running feature from file:///D:/TUGAS%20SEMESTER%206/Mini%20Project/WebTest-MiniProject/src/test/resources/features/Login.feature
01:31:56.029 [main] INFO  - 
  _____   ___   ___   _____     ___   _____     _     ___   _____   ___   ___  
 |_   _| | __| / __| |_   _|   / __| |_   _|   /_\   | _ \ |_   _| | __| |   \ 
   | |   | _|  \__ \   | |     \__ \   | |    / _ \  |   /   | |   | _|  | |) |
   |_|   |___| |___/   |_|     |___/   |_|   /_/ \_\ |_|_\   |_|   |___| |___/ 

As user i haven't be able to login when using invalid email and invalid password(login;as-user-i-haven-t-be-able-to-login-when-using-invalid-email-and-invalid-password)
--------------------------------------------------------------------------------
01:31:56.131 [main] INFO net.serenitybdd.core.webdriver.driverproviders.ChromeDriverProvider - Starting Chrome driver instance with capabilities:
01:31:56.131 [main] INFO net.serenitybdd.core.webdriver.driverproviders.ChromeDriverProvider - Capabilities {acceptInsecureCerts: false, browserName: chrome, goog:chromeOptions: {args: [remote-allow-origins=*], extensions: []}}
01:31:56.726 [AsyncHttpClient-1-11] DEBUG org.asynchttpclient.netty.channel.NettyConnectListener - Using new Channel '[id: 0x352b21ec, L:/127.0.0.1:58220 - R:localhost/127.0.0.1:47713]' for 'POST' to '/session'
01:31:57.347 [AsyncHttpClient-1-11] DEBUG org.asynchttpclient.netty.handler.HttpHandler - 

Request DefaultHttpRequest(decodeResult: success, version: HTTP/1.1)
POST /session HTTP/1.1
User-Agent: selenium/4.8.1 (java windows)
Content-Length: 507
Content-Type: application/json; charset=utf-8
host: localhost:47713
accept: */*

Response DefaultHttpResponse(decodeResult: success, version: HTTP/1.1)
HTTP/1.1 200 OK
Content-Length: 858
Content-Type: application/json; charset=utf-8
cache-control: no-cache

01:31:57.347 [AsyncHttpClient-1-11] DEBUG org.asynchttpclient.netty.channel.ChannelManager - Adding key: http://localhost:47713 for channel [id: 0x352b21ec, L:/127.0.0.1:58220 - R:localhost/127.0.0.1:47713]
01:31:57.361 [AsyncHttpClient-1-12] DEBUG org.asynchttpclient.netty.channel.NettyConnectListener - Using new Channel '[id: 0x30f42c63, L:/127.0.0.1:58227 - R:localhost/127.0.0.1:58221]' for 'GET' to '/json/version'
01:31:57.363 [AsyncHttpClient-1-12] DEBUG org.asynchttpclient.netty.handler.HttpHandler - 

Request DefaultFullHttpRequest(decodeResult: success, version: HTTP/1.1, content: EmptyByteBufBE)
GET /json/version HTTP/1.1
User-Agent: selenium/4.8.1 (java windows)
host: localhost:58221
accept: */*

Response DefaultHttpResponse(decodeResult: success, version: HTTP/1.1)
HTTP/1.1 200 OK
Content-Security-Policy: frame-ancestors 'none'
Content-Length: 424
Content-Type: application/json; charset=UTF-8

01:31:57.363 [AsyncHttpClient-1-12] DEBUG org.asynchttpclient.netty.channel.ChannelManager - Adding key: http://localhost:58221 for channel [id: 0x30f42c63, L:/127.0.0.1:58227 - R:localhost/127.0.0.1:58221]
01:31:57.368 [AsyncHttpClient-1-13] DEBUG org.asynchttpclient.netty.channel.NettyConnectListener - Using new Channel '[id: 0x79470326, L:/127.0.0.1:58228 - R:localhost/127.0.0.1:58221]' for 'GET' to '/devtools/browser/7f6b1b03-31d7-49bd-bf5e-e8a45f8e17b3'
01:31:57.370 [AsyncHttpClient-1-13] DEBUG org.asynchttpclient.netty.handler.WebSocketHandler - 

Request DefaultFullHttpRequest(decodeResult: success, version: HTTP/1.1, content: EmptyByteBufBE)
GET /devtools/browser/7f6b1b03-31d7-49bd-bf5e-e8a45f8e17b3 HTTP/1.1
upgrade: websocket
connection: upgrade
sec-websocket-key: Pww/7wfuuJYioanBecXeNQ==
sec-websocket-version: 13
origin: http://localhost:58221
host: localhost:58221
accept: */*
user-agent: AHC/2.1

Response DefaultHttpResponse(decodeResult: success, version: HTTP/1.1)
HTTP/1.1 101 WebSocket Protocol Handshake
Upgrade: WebSocket
Connection: Upgrade
Sec-WebSocket-Accept: a8dbL8NaAr5eCBbLYlKwnjICMr4=

01:31:57.378 [Forwarding get on session 291a32de28f5b6d410b0b338486ed2cc to remote] DEBUG org.asynchttpclient.netty.request.NettyRequestSender - Using pooled Channel '[id: 0x352b21ec, L:/127.0.0.1:58220 - R:localhost/127.0.0.1:47713]' for 'POST' to 'http://localhost:47713/session/291a32de28f5b6d410b0b338486ed2cc/url'
01:31:57.379 [Forwarding get on session 291a32de28f5b6d410b0b338486ed2cc to remote] DEBUG org.asynchttpclient.netty.request.NettyRequestSender - Using open Channel [id: 0x352b21ec, L:/127.0.0.1:58220 - R:localhost/127.0.0.1:47713] for POST '/session/291a32de28f5b6d410b0b338486ed2cc/url'
01:31:57.892 [AsyncHttpClient-1-1] DEBUG org.asynchttpclient.netty.channel.DefaultChannelPool - Entry count for : http://localhost:58221 : 1
01:31:58.092 [AsyncHttpClient-1-11] DEBUG org.asynchttpclient.netty.handler.HttpHandler - 

Request DefaultHttpRequest(decodeResult: success, version: HTTP/1.1)
POST /session/291a32de28f5b6d410b0b338486ed2cc/url HTTP/1.1
User-Agent: selenium/4.8.1 (java windows)
Content-Length: 74
Content-Type: application/json; charset=utf-8
host: localhost:47713
accept: */*

Response DefaultHttpResponse(decodeResult: success, version: HTTP/1.1)
HTTP/1.1 200 OK
Content-Length: 14
Content-Type: application/json; charset=utf-8
cache-control: no-cache

01:31:58.092 [AsyncHttpClient-1-11] DEBUG org.asynchttpclient.netty.channel.ChannelManager - Adding key: http://localhost:47713 for channel [id: 0x352b21ec, L:/127.0.0.1:58220 - R:localhost/127.0.0.1:47713]
01:31:58.093 [Forwarding setTimeout on session 291a32de28f5b6d410b0b338486ed2cc to remote] DEBUG org.asynchttpclient.netty.request.NettyRequestSender - Using pooled Channel '[id: 0x352b21ec, L:/127.0.0.1:58220 - R:localhost/127.0.0.1:47713]' for 'POST' to 'http://localhost:47713/session/291a32de28f5b6d410b0b338486ed2cc/timeouts'
01:31:58.093 [Forwarding setTimeout on session 291a32de28f5b6d410b0b338486ed2cc to remote] DEBUG org.asynchttpclient.netty.request.NettyRequestSender - Using open Channel [id: 0x352b21ec, L:/127.0.0.1:58220 - R:localhost/127.0.0.1:47713] for POST '/session/291a32de28f5b6d410b0b338486ed2cc/timeouts'
01:31:58.095 [AsyncHttpClient-1-11] DEBUG org.asynchttpclient.netty.handler.HttpHandler - 

Request DefaultHttpRequest(decodeResult: success, version: HTTP/1.1)
POST /session/291a32de28f5b6d410b0b338486ed2cc/timeouts HTTP/1.1
User-Agent: selenium/4.8.1 (java windows)
Content-Length: 22
Content-Type: application/json; charset=utf-8
host: localhost:47713
accept: */*

Response DefaultHttpResponse(decodeResult: success, version: HTTP/1.1)
HTTP/1.1 200 OK
Content-Length: 14
Content-Type: application/json; charset=utf-8
cache-control: no-cache

01:31:58.095 [AsyncHttpClient-1-11] DEBUG org.asynchttpclient.netty.channel.ChannelManager - Adding key: http://localhost:47713 for channel [id: 0x352b21ec, L:/127.0.0.1:58220 - R:localhost/127.0.0.1:47713]
01:31:58.102 [Forwarding getAlertText on session 291a32de28f5b6d410b0b338486ed2cc to remote] DEBUG org.asynchttpclient.netty.request.NettyRequestSender - Using pooled Channel '[id: 0x352b21ec, L:/127.0.0.1:58220 - R:localhost/127.0.0.1:47713]' for 'GET' to 'http://localhost:47713/session/291a32de28f5b6d410b0b338486ed2cc/alert/text'
01:31:58.102 [Forwarding getAlertText on session 291a32de28f5b6d410b0b338486ed2cc to remote] DEBUG org.asynchttpclient.netty.request.NettyRequestSender - Using open Channel [id: 0x352b21ec, L:/127.0.0.1:58220 - R:localhost/127.0.0.1:47713] for GET '/session/291a32de28f5b6d410b0b338486ed2cc/alert/text'
01:31:58.104 [AsyncHttpClient-1-11] DEBUG org.asynchttpclient.netty.handler.HttpHandler - 

Request DefaultFullHttpRequest(decodeResult: success, version: HTTP/1.1, content: EmptyByteBufBE)
GET /session/291a32de28f5b6d410b0b338486ed2cc/alert/text HTTP/1.1
User-Agent: selenium/4.8.1 (java windows)
Cache-Control: no-cache
Content-Type: application/json; charset=utf-8
host: localhost:47713
accept: */*

Response DefaultHttpResponse(decodeResult: success, version: HTTP/1.1)
HTTP/1.1 404 Not Found
Content-Length: 816
Content-Type: application/json; charset=utf-8
cache-control: no-cache

01:31:58.104 [AsyncHttpClient-1-11] DEBUG org.asynchttpclient.netty.channel.ChannelManager - Adding key: http://localhost:47713 for channel [id: 0x352b21ec, L:/127.0.0.1:58220 - R:localhost/127.0.0.1:47713]
01:31:58.106 [Forwarding getCurrentUrl on session 291a32de28f5b6d410b0b338486ed2cc to remote] DEBUG org.asynchttpclient.netty.request.NettyRequestSender - Using pooled Channel '[id: 0x352b21ec, L:/127.0.0.1:58220 - R:localhost/127.0.0.1:47713]' for 'GET' to 'http://localhost:47713/session/291a32de28f5b6d410b0b338486ed2cc/url'
01:31:58.106 [Forwarding getCurrentUrl on session 291a32de28f5b6d410b0b338486ed2cc to remote] DEBUG org.asynchttpclient.netty.request.NettyRequestSender - Using open Channel [id: 0x352b21ec, L:/127.0.0.1:58220 - R:localhost/127.0.0.1:47713] for GET '/session/291a32de28f5b6d410b0b338486ed2cc/url'
01:31:58.112 [AsyncHttpClient-1-11] DEBUG org.asynchttpclient.netty.handler.HttpHandler - 

Request DefaultFullHttpRequest(decodeResult: success, version: HTTP/1.1, content: EmptyByteBufBE)
GET /session/291a32de28f5b6d410b0b338486ed2cc/url HTTP/1.1
User-Agent: selenium/4.8.1 (java windows)
Cache-Control: no-cache
Content-Type: application/json; charset=utf-8
host: localhost:47713
accept: */*

Response DefaultHttpResponse(decodeResult: success, version: HTTP/1.1)
HTTP/1.1 200 OK
Content-Length: 51
Content-Type: application/json; charset=utf-8
cache-control: no-cache

01:31:58.112 [AsyncHttpClient-1-11] DEBUG org.asynchttpclient.netty.channel.ChannelManager - Adding key: http://localhost:47713 for channel [id: 0x352b21ec, L:/127.0.0.1:58220 - R:localhost/127.0.0.1:47713]
01:31:58.113 [Forwarding screenshot on session 291a32de28f5b6d410b0b338486ed2cc to remote] DEBUG org.asynchttpclient.netty.request.NettyRequestSender - Using pooled Channel '[id: 0x352b21ec, L:/127.0.0.1:58220 - R:localhost/127.0.0.1:47713]' for 'GET' to 'http://localhost:47713/session/291a32de28f5b6d410b0b338486ed2cc/screenshot'
01:31:58.114 [Forwarding screenshot on session 291a32de28f5b6d410b0b338486ed2cc to remote] DEBUG org.asynchttpclient.netty.request.NettyRequestSender - Using open Channel [id: 0x352b21ec, L:/127.0.0.1:58220 - R:localhost/127.0.0.1:47713] for GET '/session/291a32de28f5b6d410b0b338486ed2cc/screenshot'
01:31:58.417 [AsyncHttpClient-1-11] DEBUG org.asynchttpclient.netty.handler.HttpHandler - 

Request DefaultFullHttpRequest(decodeResult: success, version: HTTP/1.1, content: EmptyByteBufBE)
GET /session/291a32de28f5b6d410b0b338486ed2cc/screenshot HTTP/1.1
User-Agent: selenium/4.8.1 (java windows)
Cache-Control: no-cache
Content-Type: application/json; charset=utf-8
host: localhost:47713
accept: */*

Response DefaultHttpResponse(decodeResult: success, version: HTTP/1.1)
HTTP/1.1 200 OK
Content-Length: 37680
Content-Type: application/json; charset=utf-8
cache-control: no-cache

01:31:58.418 [AsyncHttpClient-1-11] DEBUG org.asynchttpclient.netty.channel.ChannelManager - Adding key: http://localhost:47713 for channel [id: 0x352b21ec, L:/127.0.0.1:58220 - R:localhost/127.0.0.1:47713]
01:31:58.421 [main] DEBUG net.serenitybdd.core.photography.Darkroom - Send negative for processing for target\site\serenity\617ccc73021c4cab9dfa54c5aa3482f15135817f8e58f0514fd8d62047c1a9ab.png
01:31:58.423 [Forwarding getPageSource on session 291a32de28f5b6d410b0b338486ed2cc to remote] DEBUG org.asynchttpclient.netty.request.NettyRequestSender - Using pooled Channel '[id: 0x352b21ec, L:/127.0.0.1:58220 - R:localhost/127.0.0.1:47713]' for 'POST' to 'http://localhost:47713/session/291a32de28f5b6d410b0b338486ed2cc/execute/sync'
01:31:58.423 [Forwarding getPageSource on session 291a32de28f5b6d410b0b338486ed2cc to remote] DEBUG org.asynchttpclient.netty.request.NettyRequestSender - Using open Channel [id: 0x352b21ec, L:/127.0.0.1:58220 - R:localhost/127.0.0.1:47713] for POST '/session/291a32de28f5b6d410b0b338486ed2cc/execute/sync'
01:31:58.432 [AsyncHttpClient-1-11] DEBUG org.asynchttpclient.netty.handler.HttpHandler - 

Request DefaultHttpRequest(decodeResult: success, version: HTTP/1.1)
POST /session/291a32de28f5b6d410b0b338486ed2cc/execute/sync HTTP/1.1
User-Agent: selenium/4.8.1 (java windows)
Content-Length: 176
Content-Type: application/json; charset=utf-8
host: localhost:47713
accept: */*

Response DefaultHttpResponse(decodeResult: success, version: HTTP/1.1)
HTTP/1.1 200 OK
Content-Length: 21659
Content-Type: application/json; charset=utf-8
cache-control: no-cache

01:31:58.432 [AsyncHttpClient-1-11] DEBUG org.asynchttpclient.netty.channel.ChannelManager - Adding key: http://localhost:47713 for channel [id: 0x352b21ec, L:/127.0.0.1:58220 - R:localhost/127.0.0.1:47713]
01:31:58.436 [Forwarding getCurrentUrl on session 291a32de28f5b6d410b0b338486ed2cc to remote] DEBUG org.asynchttpclient.netty.request.NettyRequestSender - Using pooled Channel '[id: 0x352b21ec, L:/127.0.0.1:58220 - R:localhost/127.0.0.1:47713]' for 'GET' to 'http://localhost:47713/session/291a32de28f5b6d410b0b338486ed2cc/url'
01:31:58.436 [Forwarding getCurrentUrl on session 291a32de28f5b6d410b0b338486ed2cc to remote] DEBUG org.asynchttpclient.netty.request.NettyRequestSender - Using open Channel [id: 0x352b21ec, L:/127.0.0.1:58220 - R:localhost/127.0.0.1:47713] for GET '/session/291a32de28f5b6d410b0b338486ed2cc/url'
01:31:58.440 [AsyncHttpClient-1-11] DEBUG org.asynchttpclient.netty.handler.HttpHandler - 

Request DefaultFullHttpRequest(decodeResult: success, version: HTTP/1.1, content: EmptyByteBufBE)
GET /session/291a32de28f5b6d410b0b338486ed2cc/url HTTP/1.1
User-Agent: selenium/4.8.1 (java windows)
Cache-Control: no-cache
Content-Type: application/json; charset=utf-8
host: localhost:47713
accept: */*

Response DefaultHttpResponse(decodeResult: success, version: HTTP/1.1)
HTTP/1.1 200 OK
Content-Length: 51
Content-Type: application/json; charset=utf-8
cache-control: no-cache

01:31:58.440 [AsyncHttpClient-1-11] DEBUG org.asynchttpclient.netty.channel.ChannelManager - Adding key: http://localhost:47713 for channel [id: 0x352b21ec, L:/127.0.0.1:58220 - R:localhost/127.0.0.1:47713]
01:31:58.442 [main] DEBUG net.thucydides.core.steps.StepInterceptor - STARTING STEP: LoginSteps.onTheLoginPage - validateOnTheLoginPage
01:31:58.444 [Forwarding findElement on session 291a32de28f5b6d410b0b338486ed2cc to remote] DEBUG org.asynchttpclient.netty.request.NettyRequestSender - Using pooled Channel '[id: 0x352b21ec, L:/127.0.0.1:58220 - R:localhost/127.0.0.1:47713]' for 'POST' to 'http://localhost:47713/session/291a32de28f5b6d410b0b338486ed2cc/element'
01:31:58.444 [Forwarding findElement on session 291a32de28f5b6d410b0b338486ed2cc to remote] DEBUG org.asynchttpclient.netty.request.NettyRequestSender - Using open Channel [id: 0x352b21ec, L:/127.0.0.1:58220 - R:localhost/127.0.0.1:47713] for POST '/session/291a32de28f5b6d410b0b338486ed2cc/element'
01:31:58.455 [AsyncHttpClient-1-11] DEBUG org.asynchttpclient.netty.handler.HttpHandler - 

Request DefaultHttpRequest(decodeResult: success, version: HTTP/1.1)
POST /session/291a32de28f5b6d410b0b338486ed2cc/element HTTP/1.1
User-Agent: selenium/4.8.1 (java windows)
Content-Length: 165
Content-Type: application/json; charset=utf-8
host: localhost:47713
accept: */*

Response DefaultHttpResponse(decodeResult: success, version: HTTP/1.1)
HTTP/1.1 200 OK
Content-Length: 88
Content-Type: application/json; charset=utf-8
cache-control: no-cache

01:31:58.456 [AsyncHttpClient-1-11] DEBUG org.asynchttpclient.netty.channel.ChannelManager - Adding key: http://localhost:47713 for channel [id: 0x352b21ec, L:/127.0.0.1:58220 - R:localhost/127.0.0.1:47713]
01:31:58.458 [Forwarding isElementDisplayed on session 291a32de28f5b6d410b0b338486ed2cc to remote] DEBUG org.asynchttpclient.netty.request.NettyRequestSender - Using pooled Channel '[id: 0x352b21ec, L:/127.0.0.1:58220 - R:localhost/127.0.0.1:47713]' for 'POST' to 'http://localhost:47713/session/291a32de28f5b6d410b0b338486ed2cc/execute/sync'
01:31:58.458 [Forwarding isElementDisplayed on session 291a32de28f5b6d410b0b338486ed2cc to remote] DEBUG org.asynchttpclient.netty.request.NettyRequestSender - Using open Channel [id: 0x352b21ec, L:/127.0.0.1:58220 - R:localhost/127.0.0.1:47713] for POST '/session/291a32de28f5b6d410b0b338486ed2cc/execute/sync'
01:31:58.473 [AsyncHttpClient-1-11] DEBUG org.asynchttpclient.netty.handler.HttpHandler - 

Request DefaultHttpRequest(decodeResult: success, version: HTTP/1.1)
POST /session/291a32de28f5b6d410b0b338486ed2cc/execute/sync HTTP/1.1
User-Agent: selenium/4.8.1 (java windows)
Content-Length: 48807
Content-Type: application/json; charset=utf-8
host: localhost:47713
accept: */*

Response DefaultHttpResponse(decodeResult: success, version: HTTP/1.1)
HTTP/1.1 200 OK
Content-Length: 14
Content-Type: application/json; charset=utf-8
cache-control: no-cache

01:31:58.473 [AsyncHttpClient-1-11] DEBUG org.asynchttpclient.netty.channel.ChannelManager - Adding key: http://localhost:47713 for channel [id: 0x352b21ec, L:/127.0.0.1:58220 - R:localhost/127.0.0.1:47713]
01:31:58.477 [Forwarding getAlertText on session 291a32de28f5b6d410b0b338486ed2cc to remote] DEBUG org.asynchttpclient.netty.request.NettyRequestSender - Using pooled Channel '[id: 0x352b21ec, L:/127.0.0.1:58220 - R:localhost/127.0.0.1:47713]' for 'GET' to 'http://localhost:47713/session/291a32de28f5b6d410b0b338486ed2cc/alert/text'
01:31:58.477 [Forwarding getAlertText on session 291a32de28f5b6d410b0b338486ed2cc to remote] DEBUG org.asynchttpclient.netty.request.NettyRequestSender - Using open Channel [id: 0x352b21ec, L:/127.0.0.1:58220 - R:localhost/127.0.0.1:47713] for GET '/session/291a32de28f5b6d410b0b338486ed2cc/alert/text'
01:31:58.479 [AsyncHttpClient-1-11] DEBUG org.asynchttpclient.netty.handler.HttpHandler - 

Request DefaultFullHttpRequest(decodeResult: success, version: HTTP/1.1, content: EmptyByteBufBE)
GET /session/291a32de28f5b6d410b0b338486ed2cc/alert/text HTTP/1.1
User-Agent: selenium/4.8.1 (java windows)
Cache-Control: no-cache
Content-Type: application/json; charset=utf-8
host: localhost:47713
accept: */*

Response DefaultHttpResponse(decodeResult: success, version: HTTP/1.1)
HTTP/1.1 404 Not Found
Content-Length: 816
Content-Type: application/json; charset=utf-8
cache-control: no-cache

01:31:58.479 [AsyncHttpClient-1-11] DEBUG org.asynchttpclient.netty.channel.ChannelManager - Adding key: http://localhost:47713 for channel [id: 0x352b21ec, L:/127.0.0.1:58220 - R:localhost/127.0.0.1:47713]
01:31:58.481 [Forwarding getCurrentUrl on session 291a32de28f5b6d410b0b338486ed2cc to remote] DEBUG org.asynchttpclient.netty.request.NettyRequestSender - Using pooled Channel '[id: 0x352b21ec, L:/127.0.0.1:58220 - R:localhost/127.0.0.1:47713]' for 'GET' to 'http://localhost:47713/session/291a32de28f5b6d410b0b338486ed2cc/url'
01:31:58.481 [Forwarding getCurrentUrl on session 291a32de28f5b6d410b0b338486ed2cc to remote] DEBUG org.asynchttpclient.netty.request.NettyRequestSender - Using open Channel [id: 0x352b21ec, L:/127.0.0.1:58220 - R:localhost/127.0.0.1:47713] for GET '/session/291a32de28f5b6d410b0b338486ed2cc/url'
01:31:58.485 [AsyncHttpClient-1-11] DEBUG org.asynchttpclient.netty.handler.HttpHandler - 

Request DefaultFullHttpRequest(decodeResult: success, version: HTTP/1.1, content: EmptyByteBufBE)
GET /session/291a32de28f5b6d410b0b338486ed2cc/url HTTP/1.1
User-Agent: selenium/4.8.1 (java windows)
Cache-Control: no-cache
Content-Type: application/json; charset=utf-8
host: localhost:47713
accept: */*

Response DefaultHttpResponse(decodeResult: success, version: HTTP/1.1)
HTTP/1.1 200 OK
Content-Length: 51
Content-Type: application/json; charset=utf-8
cache-control: no-cache

01:31:58.485 [AsyncHttpClient-1-11] DEBUG org.asynchttpclient.netty.channel.ChannelManager - Adding key: http://localhost:47713 for channel [id: 0x352b21ec, L:/127.0.0.1:58220 - R:localhost/127.0.0.1:47713]
01:31:58.486 [Forwarding screenshot on session 291a32de28f5b6d410b0b338486ed2cc to remote] DEBUG org.asynchttpclient.netty.request.NettyRequestSender - Using pooled Channel '[id: 0x352b21ec, L:/127.0.0.1:58220 - R:localhost/127.0.0.1:47713]' for 'GET' to 'http://localhost:47713/session/291a32de28f5b6d410b0b338486ed2cc/screenshot'
01:31:58.486 [Forwarding screenshot on session 291a32de28f5b6d410b0b338486ed2cc to remote] DEBUG org.asynchttpclient.netty.request.NettyRequestSender - Using open Channel [id: 0x352b21ec, L:/127.0.0.1:58220 - R:localhost/127.0.0.1:47713] for GET '/session/291a32de28f5b6d410b0b338486ed2cc/screenshot'
01:31:58.606 [AsyncHttpClient-1-11] DEBUG org.asynchttpclient.netty.handler.HttpHandler - 

Request DefaultFullHttpRequest(decodeResult: success, version: HTTP/1.1, content: EmptyByteBufBE)
GET /session/291a32de28f5b6d410b0b338486ed2cc/screenshot HTTP/1.1
User-Agent: selenium/4.8.1 (java windows)
Cache-Control: no-cache
Content-Type: application/json; charset=utf-8
host: localhost:47713
accept: */*

Response DefaultHttpResponse(decodeResult: success, version: HTTP/1.1)
HTTP/1.1 200 OK
Content-Length: 37680
Content-Type: application/json; charset=utf-8
cache-control: no-cache

01:31:58.606 [AsyncHttpClient-1-11] DEBUG org.asynchttpclient.netty.channel.ChannelManager - Adding key: http://localhost:47713 for channel [id: 0x352b21ec, L:/127.0.0.1:58220 - R:localhost/127.0.0.1:47713]
01:31:58.609 [main] DEBUG net.serenitybdd.core.photography.Darkroom - Send negative for processing for target\site\serenity\617ccc73021c4cab9dfa54c5aa3482f15135817f8e58f0514fd8d62047c1a9ab.png
01:31:58.609 [main] DEBUG net.thucydides.core.steps.StepInterceptor - STEP DONE: validateOnTheLoginPage
  &amp#27;[32mGiven &amp#27;[0m&amp#27;[32mI am on the login page&amp#27;[0m                                                             &amp#27;[90m# starter.stepdefinitions.LoginSteps.onTheLoginPage()&amp#27;[0m
01:31:58.618 [Forwarding getPageSource on session 291a32de28f5b6d410b0b338486ed2cc to remote] DEBUG org.asynchttpclient.netty.request.NettyRequestSender - Using pooled Channel '[id: 0x352b21ec, L:/127.0.0.1:58220 - R:localhost/127.0.0.1:47713]' for 'POST' to 'http://localhost:47713/session/291a32de28f5b6d410b0b338486ed2cc/execute/sync'
01:31:58.618 [Forwarding getPageSource on session 291a32de28f5b6d410b0b338486ed2cc to remote] DEBUG org.asynchttpclient.netty.request.NettyRequestSender - Using open Channel [id: 0x352b21ec, L:/127.0.0.1:58220 - R:localhost/127.0.0.1:47713] for POST '/session/291a32de28f5b6d410b0b338486ed2cc/execute/sync'
01:31:58.623 [AsyncHttpClient-1-11] DEBUG org.asynchttpclient.netty.handler.HttpHandler - 

Request DefaultHttpRequest(decodeResult: success, version: HTTP/1.1)
POST /session/291a32de28f5b6d410b0b338486ed2cc/execute/sync HTTP/1.1
User-Agent: selenium/4.8.1 (java windows)
Content-Length: 176
Content-Type: application/json; charset=utf-8
host: localhost:47713
accept: */*

Response DefaultHttpResponse(decodeResult: success, version: HTTP/1.1)
HTTP/1.1 200 OK
Content-Length: 21659
Content-Type: application/json; charset=utf-8
cache-control: no-cache

01:31:58.623 [AsyncHttpClient-1-11] DEBUG org.asynchttpclient.netty.channel.ChannelManager - Adding key: http://localhost:47713 for channel [id: 0x352b21ec, L:/127.0.0.1:58220 - R:localhost/127.0.0.1:47713]
01:31:58.627 [Forwarding getCurrentUrl on session 291a32de28f5b6d410b0b338486ed2cc to remote] DEBUG org.asynchttpclient.netty.request.NettyRequestSender - Using pooled Channel '[id: 0x352b21ec, L:/127.0.0.1:58220 - R:localhost/127.0.0.1:47713]' for 'GET' to 'http://localhost:47713/session/291a32de28f5b6d410b0b338486ed2cc/url'
01:31:58.627 [Forwarding getCurrentUrl on session 291a32de28f5b6d410b0b338486ed2cc to remote] DEBUG org.asynchttpclient.netty.request.NettyRequestSender - Using open Channel [id: 0x352b21ec, L:/127.0.0.1:58220 - R:localhost/127.0.0.1:47713] for GET '/session/291a32de28f5b6d410b0b338486ed2cc/url'
01:31:58.631 [AsyncHttpClient-1-11] DEBUG org.asynchttpclient.netty.handler.HttpHandler - 

Request DefaultFullHttpRequest(decodeResult: success, version: HTTP/1.1, content: EmptyByteBufBE)
GET /session/291a32de28f5b6d410b0b338486ed2cc/url HTTP/1.1
User-Agent: selenium/4.8.1 (java windows)
Cache-Control: no-cache
Content-Type: application/json; charset=utf-8
host: localhost:47713
accept: */*

Response DefaultHttpResponse(decodeResult: success, version: HTTP/1.1)
HTTP/1.1 200 OK
Content-Length: 51
Content-Type: application/json; charset=utf-8
cache-control: no-cache

01:31:58.631 [AsyncHttpClient-1-11] DEBUG org.asynchttpclient.netty.channel.ChannelManager - Adding key: http://localhost:47713 for channel [id: 0x352b21ec, L:/127.0.0.1:58220 - R:localhost/127.0.0.1:47713]
01:31:58.641 [Forwarding getPageSource on session 291a32de28f5b6d410b0b338486ed2cc to remote] DEBUG org.asynchttpclient.netty.request.NettyRequestSender - Using pooled Channel '[id: 0x352b21ec, L:/127.0.0.1:58220 - R:localhost/127.0.0.1:47713]' for 'POST' to 'http://localhost:47713/session/291a32de28f5b6d410b0b338486ed2cc/execute/sync'
01:31:58.641 [Forwarding getPageSource on session 291a32de28f5b6d410b0b338486ed2cc to remote] DEBUG org.asynchttpclient.netty.request.NettyRequestSender - Using open Channel [id: 0x352b21ec, L:/127.0.0.1:58220 - R:localhost/127.0.0.1:47713] for POST '/session/291a32de28f5b6d410b0b338486ed2cc/execute/sync'
01:31:58.647 [AsyncHttpClient-1-11] DEBUG org.asynchttpclient.netty.handler.HttpHandler - 

Request DefaultHttpRequest(decodeResult: success, version: HTTP/1.1)
POST /session/291a32de28f5b6d410b0b338486ed2cc/execute/sync HTTP/1.1
User-Agent: selenium/4.8.1 (java windows)
Content-Length: 176
Content-Type: application/json; charset=utf-8
host: localhost:47713
accept: */*

Response DefaultHttpResponse(decodeResult: success, version: HTTP/1.1)
HTTP/1.1 200 OK
Content-Length: 21659
Content-Type: application/json; charset=utf-8
cache-control: no-cache

01:31:58.647 [AsyncHttpClient-1-11] DEBUG org.asynchttpclient.netty.channel.ChannelManager - Adding key: http://localhost:47713 for channel [id: 0x352b21ec, L:/127.0.0.1:58220 - R:localhost/127.0.0.1:47713]
01:31:58.651 [Forwarding getCurrentUrl on session 291a32de28f5b6d410b0b338486ed2cc to remote] DEBUG org.asynchttpclient.netty.request.NettyRequestSender - Using pooled Channel '[id: 0x352b21ec, L:/127.0.0.1:58220 - R:localhost/127.0.0.1:47713]' for 'GET' to 'http://localhost:47713/session/291a32de28f5b6d410b0b338486ed2cc/url'
01:31:58.651 [Forwarding getCurrentUrl on session 291a32de28f5b6d410b0b338486ed2cc to remote] DEBUG org.asynchttpclient.netty.request.NettyRequestSender - Using open Channel [id: 0x352b21ec, L:/127.0.0.1:58220 - R:localhost/127.0.0.1:47713] for GET '/session/291a32de28f5b6d410b0b338486ed2cc/url'
01:31:58.656 [AsyncHttpClient-1-11] DEBUG org.asynchttpclient.netty.handler.HttpHandler - 

Request DefaultFullHttpRequest(decodeResult: success, version: HTTP/1.1, content: EmptyByteBufBE)
GET /session/291a32de28f5b6d410b0b338486ed2cc/url HTTP/1.1
User-Agent: selenium/4.8.1 (java windows)
Cache-Control: no-cache
Content-Type: application/json; charset=utf-8
host: localhost:47713
accept: */*

Response DefaultHttpResponse(decodeResult: success, version: HTTP/1.1)
HTTP/1.1 200 OK
Content-Length: 51
Content-Type: application/json; charset=utf-8
cache-control: no-cache

01:31:58.657 [AsyncHttpClient-1-11] DEBUG org.asynchttpclient.netty.channel.ChannelManager - Adding key: http://localhost:47713 for channel [id: 0x352b21ec, L:/127.0.0.1:58220 - R:localhost/127.0.0.1:47713]
01:31:58.659 [main] DEBUG net.thucydides.core.steps.StepInterceptor - STARTING STEP: LoginSteps.enterInvalidUsername - inputUsername
01:31:58.666 [Forwarding findElement on session 291a32de28f5b6d410b0b338486ed2cc to remote] DEBUG org.asynchttpclient.netty.request.NettyRequestSender - Using pooled Channel '[id: 0x352b21ec, L:/127.0.0.1:58220 - R:localhost/127.0.0.1:47713]' for 'POST' to 'http://localhost:47713/session/291a32de28f5b6d410b0b338486ed2cc/element'
01:31:58.666 [Forwarding findElement on session 291a32de28f5b6d410b0b338486ed2cc to remote] DEBUG org.asynchttpclient.netty.request.NettyRequestSender - Using open Channel [id: 0x352b21ec, L:/127.0.0.1:58220 - R:localhost/127.0.0.1:47713] for POST '/session/291a32de28f5b6d410b0b338486ed2cc/element'
01:31:58.682 [AsyncHttpClient-1-11] DEBUG org.asynchttpclient.netty.handler.HttpHandler - 

Request DefaultHttpRequest(decodeResult: success, version: HTTP/1.1)
POST /session/291a32de28f5b6d410b0b338486ed2cc/element HTTP/1.1
User-Agent: selenium/4.8.1 (java windows)
Content-Length: 68
Content-Type: application/json; charset=utf-8
host: localhost:47713
accept: */*

Response DefaultHttpResponse(decodeResult: success, version: HTTP/1.1)
HTTP/1.1 200 OK
Content-Length: 88
Content-Type: application/json; charset=utf-8
cache-control: no-cache

01:31:58.682 [AsyncHttpClient-1-11] DEBUG org.asynchttpclient.netty.channel.ChannelManager - Adding key: http://localhost:47713 for channel [id: 0x352b21ec, L:/127.0.0.1:58220 - R:localhost/127.0.0.1:47713]
01:31:58.683 [Forwarding clearElement on session 291a32de28f5b6d410b0b338486ed2cc to remote] DEBUG org.asynchttpclient.netty.request.NettyRequestSender - Using pooled Channel '[id: 0x352b21ec, L:/127.0.0.1:58220 - R:localhost/127.0.0.1:47713]' for 'POST' to 'http://localhost:47713/session/291a32de28f5b6d410b0b338486ed2cc/element/8c2f39d1-3f70-46f3-9631-d8684409f06f/clear'
01:31:58.683 [Forwarding clearElement on session 291a32de28f5b6d410b0b338486ed2cc to remote] DEBUG org.asynchttpclient.netty.request.NettyRequestSender - Using open Channel [id: 0x352b21ec, L:/127.0.0.1:58220 - R:localhost/127.0.0.1:47713] for POST '/session/291a32de28f5b6d410b0b338486ed2cc/element/8c2f39d1-3f70-46f3-9631-d8684409f06f/clear'
01:31:58.730 [AsyncHttpClient-1-11] DEBUG org.asynchttpclient.netty.handler.HttpHandler - 

Request DefaultHttpRequest(decodeResult: success, version: HTTP/1.1)
POST /session/291a32de28f5b6d410b0b338486ed2cc/element/8c2f39d1-3f70-46f3-9631-d8684409f06f/clear HTTP/1.1
User-Agent: selenium/4.8.1 (java windows)
Content-Length: 50
Content-Type: application/json; charset=utf-8
host: localhost:47713
accept: */*

Response DefaultHttpResponse(decodeResult: success, version: HTTP/1.1)
HTTP/1.1 200 OK
Content-Length: 14
Content-Type: application/json; charset=utf-8
cache-control: no-cache

01:31:58.730 [AsyncHttpClient-1-11] DEBUG org.asynchttpclient.netty.channel.ChannelManager - Adding key: http://localhost:47713 for channel [id: 0x352b21ec, L:/127.0.0.1:58220 - R:localhost/127.0.0.1:47713]
01:31:58.732 [Forwarding sendKeysToElement on session 291a32de28f5b6d410b0b338486ed2cc to remote] DEBUG org.asynchttpclient.netty.request.NettyRequestSender - Using pooled Channel '[id: 0x352b21ec, L:/127.0.0.1:58220 - R:localhost/127.0.0.1:47713]' for 'POST' to 'http://localhost:47713/session/291a32de28f5b6d410b0b338486ed2cc/element/8c2f39d1-3f70-46f3-9631-d8684409f06f/value'
01:31:58.733 [Forwarding sendKeysToElement on session 291a32de28f5b6d410b0b338486ed2cc to remote] DEBUG org.asynchttpclient.netty.request.NettyRequestSender - Using open Channel [id: 0x352b21ec, L:/127.0.0.1:58220 - R:localhost/127.0.0.1:47713] for POST '/session/291a32de28f5b6d410b0b338486ed2cc/element/8c2f39d1-3f70-46f3-9631-d8684409f06f/value'
01:31:58.924 [AsyncHttpClient-1-11] DEBUG org.asynchttpclient.netty.handler.HttpHandler - 

Request DefaultHttpRequest(decodeResult: success, version: HTTP/1.1)
POST /session/291a32de28f5b6d410b0b338486ed2cc/element/8c2f39d1-3f70-46f3-9631-d8684409f06f/value HTTP/1.1
User-Agent: selenium/4.8.1 (java windows)
Content-Length: 341
Content-Type: application/json; charset=utf-8
host: localhost:47713
accept: */*

Response DefaultHttpResponse(decodeResult: success, version: HTTP/1.1)
HTTP/1.1 200 OK
Content-Length: 14
Content-Type: application/json; charset=utf-8
cache-control: no-cache

01:31:58.924 [AsyncHttpClient-1-11] DEBUG org.asynchttpclient.netty.channel.ChannelManager - Adding key: http://localhost:47713 for channel [id: 0x352b21ec, L:/127.0.0.1:58220 - R:localhost/127.0.0.1:47713]
01:31:58.931 [Forwarding getAlertText on session 291a32de28f5b6d410b0b338486ed2cc to remote] DEBUG org.asynchttpclient.netty.request.NettyRequestSender - Using pooled Channel '[id: 0x352b21ec, L:/127.0.0.1:58220 - R:localhost/127.0.0.1:47713]' for 'GET' to 'http://localhost:47713/session/291a32de28f5b6d410b0b338486ed2cc/alert/text'
01:31:58.931 [Forwarding getAlertText on session 291a32de28f5b6d410b0b338486ed2cc to remote] DEBUG org.asynchttpclient.netty.request.NettyRequestSender - Using open Channel [id: 0x352b21ec, L:/127.0.0.1:58220 - R:localhost/127.0.0.1:47713] for GET '/session/291a32de28f5b6d410b0b338486ed2cc/alert/text'
01:31:58.933 [AsyncHttpClient-1-11] DEBUG org.asynchttpclient.netty.handler.HttpHandler - 

Request DefaultFullHttpRequest(decodeResult: success, version: HTTP/1.1, content: EmptyByteBufBE)
GET /session/291a32de28f5b6d410b0b338486ed2cc/alert/text HTTP/1.1
User-Agent: selenium/4.8.1 (java windows)
Cache-Control: no-cache
Content-Type: application/json; charset=utf-8
host: localhost:47713
accept: */*

Response DefaultHttpResponse(decodeResult: success, version: HTTP/1.1)
HTTP/1.1 404 Not Found
Content-Length: 816
Content-Type: application/json; charset=utf-8
cache-control: no-cache

01:31:58.933 [AsyncHttpClient-1-11] DEBUG org.asynchttpclient.netty.channel.ChannelManager - Adding key: http://localhost:47713 for channel [id: 0x352b21ec, L:/127.0.0.1:58220 - R:localhost/127.0.0.1:47713]
01:31:58.934 [Forwarding getCurrentUrl on session 291a32de28f5b6d410b0b338486ed2cc to remote] DEBUG org.asynchttpclient.netty.request.NettyRequestSender - Using pooled Channel '[id: 0x352b21ec, L:/127.0.0.1:58220 - R:localhost/127.0.0.1:47713]' for 'GET' to 'http://localhost:47713/session/291a32de28f5b6d410b0b338486ed2cc/url'
01:31:58.934 [Forwarding getCurrentUrl on session 291a32de28f5b6d410b0b338486ed2cc to remote] DEBUG org.asynchttpclient.netty.request.NettyRequestSender - Using open Channel [id: 0x352b21ec, L:/127.0.0.1:58220 - R:localhost/127.0.0.1:47713] for GET '/session/291a32de28f5b6d410b0b338486ed2cc/url'
01:31:58.940 [AsyncHttpClient-1-11] DEBUG org.asynchttpclient.netty.handler.HttpHandler - 

Request DefaultFullHttpRequest(decodeResult: success, version: HTTP/1.1, content: EmptyByteBufBE)
GET /session/291a32de28f5b6d410b0b338486ed2cc/url HTTP/1.1
User-Agent: selenium/4.8.1 (java windows)
Cache-Control: no-cache
Content-Type: application/json; charset=utf-8
host: localhost:47713
accept: */*

Response DefaultHttpResponse(decodeResult: success, version: HTTP/1.1)
HTTP/1.1 200 OK
Content-Length: 51
Content-Type: application/json; charset=utf-8
cache-control: no-cache

01:31:58.940 [AsyncHttpClient-1-11] DEBUG org.asynchttpclient.netty.channel.ChannelManager - Adding key: http://localhost:47713 for channel [id: 0x352b21ec, L:/127.0.0.1:58220 - R:localhost/127.0.0.1:47713]
01:31:58.941 [Forwarding screenshot on session 291a32de28f5b6d410b0b338486ed2cc to remote] DEBUG org.asynchttpclient.netty.request.NettyRequestSender - Using pooled Channel '[id: 0x352b21ec, L:/127.0.0.1:58220 - R:localhost/127.0.0.1:47713]' for 'GET' to 'http://localhost:47713/session/291a32de28f5b6d410b0b338486ed2cc/screenshot'
01:31:58.941 [Forwarding screenshot on session 291a32de28f5b6d410b0b338486ed2cc to remote] DEBUG org.asynchttpclient.netty.request.NettyRequestSender - Using open Channel [id: 0x352b21ec, L:/127.0.0.1:58220 - R:localhost/127.0.0.1:47713] for GET '/session/291a32de28f5b6d410b0b338486ed2cc/screenshot'
01:31:58.991 [AsyncHttpClient-1-1] DEBUG org.asynchttpclient.netty.channel.DefaultChannelPool - Entry count for : http://localhost:58221 : 1
01:31:59.100 [AsyncHttpClient-1-11] DEBUG org.asynchttpclient.netty.handler.HttpHandler - 

Request DefaultFullHttpRequest(decodeResult: success, version: HTTP/1.1, content: EmptyByteBufBE)
GET /session/291a32de28f5b6d410b0b338486ed2cc/screenshot HTTP/1.1
User-Agent: selenium/4.8.1 (java windows)
Cache-Control: no-cache
Content-Type: application/json; charset=utf-8
host: localhost:47713
accept: */*

Response DefaultHttpResponse(decodeResult: success, version: HTTP/1.1)
HTTP/1.1 200 OK
Content-Length: 47032
Content-Type: application/json; charset=utf-8
cache-control: no-cache

01:31:59.100 [AsyncHttpClient-1-11] DEBUG org.asynchttpclient.netty.channel.ChannelManager - Adding key: http://localhost:47713 for channel [id: 0x352b21ec, L:/127.0.0.1:58220 - R:localhost/127.0.0.1:47713]
01:31:59.104 [main] DEBUG net.serenitybdd.core.photography.Darkroom - Send negative for processing for target\site\serenity\44bd3d452ca13e770be67700eeac5245cb7394b08f65ff486d31503955d172e4.png
01:31:59.104 [main] DEBUG net.thucydides.core.steps.StepInterceptor - STEP DONE: inputUsername
01:31:59.104 [Darkroom Processing Line] DEBUG net.serenitybdd.core.photography.DarkroomProcessingLine - Processing screenshot image in /var/screenshots/screenshot-715810300119750255
01:31:59.104 [Darkroom Processing Line] DEBUG net.serenitybdd.core.photography.DarkroomProcessingLine - Saving screenshot to target\site\serenity\44bd3d452ca13e770be67700eeac5245cb7394b08f65ff486d31503955d172e4.png
  &amp#27;[32mWhen &amp#27;[0m&amp#27;[32mI enter invalid email&amp#27;[0m                                                               &amp#27;[90m# starter.stepdefinitions.LoginSteps.enterInvalidUsername()&amp#27;[0m
01:31:59.113 [Forwarding getPageSource on session 291a32de28f5b6d410b0b338486ed2cc to remote] DEBUG org.asynchttpclient.netty.request.NettyRequestSender - Using pooled Channel '[id: 0x352b21ec, L:/127.0.0.1:58220 - R:localhost/127.0.0.1:47713]' for 'POST' to 'http://localhost:47713/session/291a32de28f5b6d410b0b338486ed2cc/execute/sync'
01:31:59.113 [Forwarding getPageSource on session 291a32de28f5b6d410b0b338486ed2cc to remote] DEBUG org.asynchttpclient.netty.request.NettyRequestSender - Using open Channel [id: 0x352b21ec, L:/127.0.0.1:58220 - R:localhost/127.0.0.1:47713] for POST '/session/291a32de28f5b6d410b0b338486ed2cc/execute/sync'
01:31:59.119 [AsyncHttpClient-1-11] DEBUG org.asynchttpclient.netty.handler.HttpHandler - 

Request DefaultHttpRequest(decodeResult: success, version: HTTP/1.1)
POST /session/291a32de28f5b6d410b0b338486ed2cc/execute/sync HTTP/1.1
User-Agent: selenium/4.8.1 (java windows)
Content-Length: 176
Content-Type: application/json; charset=utf-8
host: localhost:47713
accept: */*

Response DefaultHttpResponse(decodeResult: success, version: HTTP/1.1)
HTTP/1.1 200 OK
Content-Length: 21780
Content-Type: application/json; charset=utf-8
cache-control: no-cache

01:31:59.119 [AsyncHttpClient-1-11] DEBUG org.asynchttpclient.netty.channel.ChannelManager - Adding key: http://localhost:47713 for channel [id: 0x352b21ec, L:/127.0.0.1:58220 - R:localhost/127.0.0.1:47713]
01:31:59.123 [Forwarding getCurrentUrl on session 291a32de28f5b6d410b0b338486ed2cc to remote] DEBUG org.asynchttpclient.netty.request.NettyRequestSender - Using pooled Channel '[id: 0x352b21ec, L:/127.0.0.1:58220 - R:localhost/127.0.0.1:47713]' for 'GET' to 'http://localhost:47713/session/291a32de28f5b6d410b0b338486ed2cc/url'
01:31:59.123 [Forwarding getCurrentUrl on session 291a32de28f5b6d410b0b338486ed2cc to remote] DEBUG org.asynchttpclient.netty.request.NettyRequestSender - Using open Channel [id: 0x352b21ec, L:/127.0.0.1:58220 - R:localhost/127.0.0.1:47713] for GET '/session/291a32de28f5b6d410b0b338486ed2cc/url'
01:31:59.126 [AsyncHttpClient-1-11] DEBUG org.asynchttpclient.netty.handler.HttpHandler - 

Request DefaultFullHttpRequest(decodeResult: success, version: HTTP/1.1, content: EmptyByteBufBE)
GET /session/291a32de28f5b6d410b0b338486ed2cc/url HTTP/1.1
User-Agent: selenium/4.8.1 (java windows)
Cache-Control: no-cache
Content-Type: application/json; charset=utf-8
host: localhost:47713
accept: */*

Response DefaultHttpResponse(decodeResult: success, version: HTTP/1.1)
HTTP/1.1 200 OK
Content-Length: 51
Content-Type: application/json; charset=utf-8
cache-control: no-cache

01:31:59.126 [AsyncHttpClient-1-11] DEBUG org.asynchttpclient.netty.channel.ChannelManager - Adding key: http://localhost:47713 for channel [id: 0x352b21ec, L:/127.0.0.1:58220 - R:localhost/127.0.0.1:47713]
01:31:59.134 [Forwarding getPageSource on session 291a32de28f5b6d410b0b338486ed2cc to remote] DEBUG org.asynchttpclient.netty.request.NettyRequestSender - Using pooled Channel '[id: 0x352b21ec, L:/127.0.0.1:58220 - R:localhost/127.0.0.1:47713]' for 'POST' to 'http://localhost:47713/session/291a32de28f5b6d410b0b338486ed2cc/execute/sync'
01:31:59.134 [Forwarding getPageSource on session 291a32de28f5b6d410b0b338486ed2cc to remote] DEBUG org.asynchttpclient.netty.request.NettyRequestSender - Using open Channel [id: 0x352b21ec, L:/127.0.0.1:58220 - R:localhost/127.0.0.1:47713] for POST '/session/291a32de28f5b6d410b0b338486ed2cc/execute/sync'
01:31:59.140 [AsyncHttpClient-1-11] DEBUG org.asynchttpclient.netty.handler.HttpHandler - 

Request DefaultHttpRequest(decodeResult: success, version: HTTP/1.1)
POST /session/291a32de28f5b6d410b0b338486ed2cc/execute/sync HTTP/1.1
User-Agent: selenium/4.8.1 (java windows)
Content-Length: 176
Content-Type: application/json; charset=utf-8
host: localhost:47713
accept: */*

Response DefaultHttpResponse(decodeResult: success, version: HTTP/1.1)
HTTP/1.1 200 OK
Content-Length: 21780
Content-Type: application/json; charset=utf-8
cache-control: no-cache

01:31:59.140 [AsyncHttpClient-1-11] DEBUG org.asynchttpclient.netty.channel.ChannelManager - Adding key: http://localhost:47713 for channel [id: 0x352b21ec, L:/127.0.0.1:58220 - R:localhost/127.0.0.1:47713]
01:31:59.143 [Forwarding getCurrentUrl on session 291a32de28f5b6d410b0b338486ed2cc to remote] DEBUG org.asynchttpclient.netty.request.NettyRequestSender - Using pooled Channel '[id: 0x352b21ec, L:/127.0.0.1:58220 - R:localhost/127.0.0.1:47713]' for 'GET' to 'http://localhost:47713/session/291a32de28f5b6d410b0b338486ed2cc/url'
01:31:59.143 [Forwarding getCurrentUrl on session 291a32de28f5b6d410b0b338486ed2cc to remote] DEBUG org.asynchttpclient.netty.request.NettyRequestSender - Using open Channel [id: 0x352b21ec, L:/127.0.0.1:58220 - R:localhost/127.0.0.1:47713] for GET '/session/291a32de28f5b6d410b0b338486ed2cc/url'
01:31:59.147 [AsyncHttpClient-1-11] DEBUG org.asynchttpclient.netty.handler.HttpHandler - 

Request DefaultFullHttpRequest(decodeResult: success, version: HTTP/1.1, content: EmptyByteBufBE)
GET /session/291a32de28f5b6d410b0b338486ed2cc/url HTTP/1.1
User-Agent: selenium/4.8.1 (java windows)
Cache-Control: no-cache
Content-Type: application/json; charset=utf-8
host: localhost:47713
accept: */*

Response DefaultHttpResponse(decodeResult: success, version: HTTP/1.1)
HTTP/1.1 200 OK
Content-Length: 51
Content-Type: application/json; charset=utf-8
cache-control: no-cache

01:31:59.147 [AsyncHttpClient-1-11] DEBUG org.asynchttpclient.netty.channel.ChannelManager - Adding key: http://localhost:47713 for channel [id: 0x352b21ec, L:/127.0.0.1:58220 - R:localhost/127.0.0.1:47713]
01:31:59.149 [main] DEBUG net.thucydides.core.steps.StepInterceptor - STARTING STEP: LoginSteps.enterInvalidPassword - inputPassword
01:31:59.151 [Forwarding findElement on session 291a32de28f5b6d410b0b338486ed2cc to remote] DEBUG org.asynchttpclient.netty.request.NettyRequestSender - Using pooled Channel '[id: 0x352b21ec, L:/127.0.0.1:58220 - R:localhost/127.0.0.1:47713]' for 'POST' to 'http://localhost:47713/session/291a32de28f5b6d410b0b338486ed2cc/element'
01:31:59.151 [Forwarding findElement on session 291a32de28f5b6d410b0b338486ed2cc to remote] DEBUG org.asynchttpclient.netty.request.NettyRequestSender - Using open Channel [id: 0x352b21ec, L:/127.0.0.1:58220 - R:localhost/127.0.0.1:47713] for POST '/session/291a32de28f5b6d410b0b338486ed2cc/element'
01:31:59.162 [AsyncHttpClient-1-11] DEBUG org.asynchttpclient.netty.handler.HttpHandler - 

Request DefaultHttpRequest(decodeResult: success, version: HTTP/1.1)
POST /session/291a32de28f5b6d410b0b338486ed2cc/element HTTP/1.1
User-Agent: selenium/4.8.1 (java windows)
Content-Length: 68
Content-Type: application/json; charset=utf-8
host: localhost:47713
accept: */*

Response DefaultHttpResponse(decodeResult: success, version: HTTP/1.1)
HTTP/1.1 200 OK
Content-Length: 88
Content-Type: application/json; charset=utf-8
cache-control: no-cache

01:31:59.162 [AsyncHttpClient-1-11] DEBUG org.asynchttpclient.netty.channel.ChannelManager - Adding key: http://localhost:47713 for channel [id: 0x352b21ec, L:/127.0.0.1:58220 - R:localhost/127.0.0.1:47713]
01:31:59.163 [Forwarding clearElement on session 291a32de28f5b6d410b0b338486ed2cc to remote] DEBUG org.asynchttpclient.netty.request.NettyRequestSender - Using pooled Channel '[id: 0x352b21ec, L:/127.0.0.1:58220 - R:localhost/127.0.0.1:47713]' for 'POST' to 'http://localhost:47713/session/291a32de28f5b6d410b0b338486ed2cc/element/f8284149-2f2f-4436-a6c5-dfd5aac4c81e/clear'
01:31:59.163 [Forwarding clearElement on session 291a32de28f5b6d410b0b338486ed2cc to remote] DEBUG org.asynchttpclient.netty.request.NettyRequestSender - Using open Channel [id: 0x352b21ec, L:/127.0.0.1:58220 - R:localhost/127.0.0.1:47713] for POST '/session/291a32de28f5b6d410b0b338486ed2cc/element/f8284149-2f2f-4436-a6c5-dfd5aac4c81e/clear'
01:31:59.197 [AsyncHttpClient-1-11] DEBUG org.asynchttpclient.netty.handler.HttpHandler - 

Request DefaultHttpRequest(decodeResult: success, version: HTTP/1.1)
POST /session/291a32de28f5b6d410b0b338486ed2cc/element/f8284149-2f2f-4436-a6c5-dfd5aac4c81e/clear HTTP/1.1
User-Agent: selenium/4.8.1 (java windows)
Content-Length: 50
Content-Type: application/json; charset=utf-8
host: localhost:47713
accept: */*

Response DefaultHttpResponse(decodeResult: success, version: HTTP/1.1)
HTTP/1.1 200 OK
Content-Length: 14
Content-Type: application/json; charset=utf-8
cache-control: no-cache

01:31:59.197 [AsyncHttpClient-1-11] DEBUG org.asynchttpclient.netty.channel.ChannelManager - Adding key: http://localhost:47713 for channel [id: 0x352b21ec, L:/127.0.0.1:58220 - R:localhost/127.0.0.1:47713]
01:31:59.199 [Forwarding sendKeysToElement on session 291a32de28f5b6d410b0b338486ed2cc to remote] DEBUG org.asynchttpclient.netty.request.NettyRequestSender - Using pooled Channel '[id: 0x352b21ec, L:/127.0.0.1:58220 - R:localhost/127.0.0.1:47713]' for 'POST' to 'http://localhost:47713/session/291a32de28f5b6d410b0b338486ed2cc/element/f8284149-2f2f-4436-a6c5-dfd5aac4c81e/value'
01:31:59.199 [Forwarding sendKeysToElement on session 291a32de28f5b6d410b0b338486ed2cc to remote] DEBUG org.asynchttpclient.netty.request.NettyRequestSender - Using open Channel [id: 0x352b21ec, L:/127.0.0.1:58220 - R:localhost/127.0.0.1:47713] for POST '/session/291a32de28f5b6d410b0b338486ed2cc/element/f8284149-2f2f-4436-a6c5-dfd5aac4c81e/value'
01:31:59.269 [AsyncHttpClient-1-11] DEBUG org.asynchttpclient.netty.handler.HttpHandler - 

Request DefaultHttpRequest(decodeResult: success, version: HTTP/1.1)
POST /session/291a32de28f5b6d410b0b338486ed2cc/element/f8284149-2f2f-4436-a6c5-dfd5aac4c81e/value HTTP/1.1
User-Agent: selenium/4.8.1 (java windows)
Content-Length: 141
Content-Type: application/json; charset=utf-8
host: localhost:47713
accept: */*

Response DefaultHttpResponse(decodeResult: success, version: HTTP/1.1)
HTTP/1.1 200 OK
Content-Length: 14
Content-Type: application/json; charset=utf-8
cache-control: no-cache

01:31:59.269 [AsyncHttpClient-1-11] DEBUG org.asynchttpclient.netty.channel.ChannelManager - Adding key: http://localhost:47713 for channel [id: 0x352b21ec, L:/127.0.0.1:58220 - R:localhost/127.0.0.1:47713]
01:31:59.277 [Forwarding getAlertText on session 291a32de28f5b6d410b0b338486ed2cc to remote] DEBUG org.asynchttpclient.netty.request.NettyRequestSender - Using pooled Channel '[id: 0x352b21ec, L:/127.0.0.1:58220 - R:localhost/127.0.0.1:47713]' for 'GET' to 'http://localhost:47713/session/291a32de28f5b6d410b0b338486ed2cc/alert/text'
01:31:59.277 [Forwarding getAlertText on session 291a32de28f5b6d410b0b338486ed2cc to remote] DEBUG org.asynchttpclient.netty.request.NettyRequestSender - Using open Channel [id: 0x352b21ec, L:/127.0.0.1:58220 - R:localhost/127.0.0.1:47713] for GET '/session/291a32de28f5b6d410b0b338486ed2cc/alert/text'
01:31:59.279 [AsyncHttpClient-1-11] DEBUG org.asynchttpclient.netty.handler.HttpHandler - 

Request DefaultFullHttpRequest(decodeResult: success, version: HTTP/1.1, content: EmptyByteBufBE)
GET /session/291a32de28f5b6d410b0b338486ed2cc/alert/text HTTP/1.1
User-Agent: selenium/4.8.1 (java windows)
Cache-Control: no-cache
Content-Type: application/json; charset=utf-8
host: localhost:47713
accept: */*

Response DefaultHttpResponse(decodeResult: success, version: HTTP/1.1)
HTTP/1.1 404 Not Found
Content-Length: 816
Content-Type: application/json; charset=utf-8
cache-control: no-cache

01:31:59.279 [AsyncHttpClient-1-11] DEBUG org.asynchttpclient.netty.channel.ChannelManager - Adding key: http://localhost:47713 for channel [id: 0x352b21ec, L:/127.0.0.1:58220 - R:localhost/127.0.0.1:47713]
01:31:59.281 [Forwarding getCurrentUrl on session 291a32de28f5b6d410b0b338486ed2cc to remote] DEBUG org.asynchttpclient.netty.request.NettyRequestSender - Using pooled Channel '[id: 0x352b21ec, L:/127.0.0.1:58220 - R:localhost/127.0.0.1:47713]' for 'GET' to 'http://localhost:47713/session/291a32de28f5b6d410b0b338486ed2cc/url'
01:31:59.281 [Forwarding getCurrentUrl on session 291a32de28f5b6d410b0b338486ed2cc to remote] DEBUG org.asynchttpclient.netty.request.NettyRequestSender - Using open Channel [id: 0x352b21ec, L:/127.0.0.1:58220 - R:localhost/127.0.0.1:47713] for GET '/session/291a32de28f5b6d410b0b338486ed2cc/url'
01:31:59.284 [AsyncHttpClient-1-11] DEBUG org.asynchttpclient.netty.handler.HttpHandler - 

Request DefaultFullHttpRequest(decodeResult: success, version: HTTP/1.1, content: EmptyByteBufBE)
GET /session/291a32de28f5b6d410b0b338486ed2cc/url HTTP/1.1
User-Agent: selenium/4.8.1 (java windows)
Cache-Control: no-cache
Content-Type: application/json; charset=utf-8
host: localhost:47713
accept: */*

Response DefaultHttpResponse(decodeResult: success, version: HTTP/1.1)
HTTP/1.1 200 OK
Content-Length: 51
Content-Type: application/json; charset=utf-8
cache-control: no-cache

01:31:59.285 [AsyncHttpClient-1-11] DEBUG org.asynchttpclient.netty.channel.ChannelManager - Adding key: http://localhost:47713 for channel [id: 0x352b21ec, L:/127.0.0.1:58220 - R:localhost/127.0.0.1:47713]
01:31:59.286 [Forwarding screenshot on session 291a32de28f5b6d410b0b338486ed2cc to remote] DEBUG org.asynchttpclient.netty.request.NettyRequestSender - Using pooled Channel '[id: 0x352b21ec, L:/127.0.0.1:58220 - R:localhost/127.0.0.1:47713]' for 'GET' to 'http://localhost:47713/session/291a32de28f5b6d410b0b338486ed2cc/screenshot'
01:31:59.286 [Forwarding screenshot on session 291a32de28f5b6d410b0b338486ed2cc to remote] DEBUG org.asynchttpclient.netty.request.NettyRequestSender - Using open Channel [id: 0x352b21ec, L:/127.0.0.1:58220 - R:localhost/127.0.0.1:47713] for GET '/session/291a32de28f5b6d410b0b338486ed2cc/screenshot'
01:31:59.476 [AsyncHttpClient-1-11] DEBUG org.asynchttpclient.netty.handler.HttpHandler - 

Request DefaultFullHttpRequest(decodeResult: success, version: HTTP/1.1, content: EmptyByteBufBE)
GET /session/291a32de28f5b6d410b0b338486ed2cc/screenshot HTTP/1.1
User-Agent: selenium/4.8.1 (java windows)
Cache-Control: no-cache
Content-Type: application/json; charset=utf-8
host: localhost:47713
accept: */*

Response DefaultHttpResponse(decodeResult: success, version: HTTP/1.1)
HTTP/1.1 200 OK
Content-Length: 48948
Content-Type: application/json; charset=utf-8
cache-control: no-cache

01:31:59.476 [AsyncHttpClient-1-11] DEBUG org.asynchttpclient.netty.channel.ChannelManager - Adding key: http://localhost:47713 for channel [id: 0x352b21ec, L:/127.0.0.1:58220 - R:localhost/127.0.0.1:47713]
01:31:59.478 [main] DEBUG net.serenitybdd.core.photography.Darkroom - Send negative for processing for target\site\serenity\5d650a57d178854a6d6f6f9e854ef74ae61b6607fa1ffd6884b2c83169e85907.png
01:31:59.479 [main] DEBUG net.thucydides.core.steps.StepInterceptor - STEP DONE: inputPassword
  &amp#27;[32mAnd &amp#27;[0m&amp#27;[32mI enter invalid password&amp#27;[0m                                                             &amp#27;[90m# starter.stepdefinitions.LoginSteps.enterInvalidPassword()&amp#27;[0m
01:31:59.479 [Darkroom Processing Line] DEBUG net.serenitybdd.core.photography.DarkroomProcessingLine - Processing screenshot image in /var/screenshots/screenshot-9116751376559861444
01:31:59.479 [Darkroom Processing Line] DEBUG net.serenitybdd.core.photography.DarkroomProcessingLine - Saving screenshot to target\site\serenity\5d650a57d178854a6d6f6f9e854ef74ae61b6607fa1ffd6884b2c83169e85907.png
01:31:59.488 [Forwarding getPageSource on session 291a32de28f5b6d410b0b338486ed2cc to remote] DEBUG org.asynchttpclient.netty.request.NettyRequestSender - Using pooled Channel '[id: 0x352b21ec, L:/127.0.0.1:58220 - R:localhost/127.0.0.1:47713]' for 'POST' to 'http://localhost:47713/session/291a32de28f5b6d410b0b338486ed2cc/execute/sync'
01:31:59.488 [Forwarding getPageSource on session 291a32de28f5b6d410b0b338486ed2cc to remote] DEBUG org.asynchttpclient.netty.request.NettyRequestSender - Using open Channel [id: 0x352b21ec, L:/127.0.0.1:58220 - R:localhost/127.0.0.1:47713] for POST '/session/291a32de28f5b6d410b0b338486ed2cc/execute/sync'
01:31:59.493 [AsyncHttpClient-1-11] DEBUG org.asynchttpclient.netty.handler.HttpHandler - 

Request DefaultHttpRequest(decodeResult: success, version: HTTP/1.1)
POST /session/291a32de28f5b6d410b0b338486ed2cc/execute/sync HTTP/1.1
User-Agent: selenium/4.8.1 (java windows)
Content-Length: 176
Content-Type: application/json; charset=utf-8
host: localhost:47713
accept: */*

Response DefaultHttpResponse(decodeResult: success, version: HTTP/1.1)
HTTP/1.1 200 OK
Content-Length: 21839
Content-Type: application/json; charset=utf-8
cache-control: no-cache

01:31:59.493 [AsyncHttpClient-1-11] DEBUG org.asynchttpclient.netty.channel.ChannelManager - Adding key: http://localhost:47713 for channel [id: 0x352b21ec, L:/127.0.0.1:58220 - R:localhost/127.0.0.1:47713]
01:31:59.496 [Forwarding getCurrentUrl on session 291a32de28f5b6d410b0b338486ed2cc to remote] DEBUG org.asynchttpclient.netty.request.NettyRequestSender - Using pooled Channel '[id: 0x352b21ec, L:/127.0.0.1:58220 - R:localhost/127.0.0.1:47713]' for 'GET' to 'http://localhost:47713/session/291a32de28f5b6d410b0b338486ed2cc/url'
01:31:59.496 [Forwarding getCurrentUrl on session 291a32de28f5b6d410b0b338486ed2cc to remote] DEBUG org.asynchttpclient.netty.request.NettyRequestSender - Using open Channel [id: 0x352b21ec, L:/127.0.0.1:58220 - R:localhost/127.0.0.1:47713] for GET '/session/291a32de28f5b6d410b0b338486ed2cc/url'
01:31:59.500 [AsyncHttpClient-1-11] DEBUG org.asynchttpclient.netty.handler.HttpHandler - 

Request DefaultFullHttpRequest(decodeResult: success, version: HTTP/1.1, content: EmptyByteBufBE)
GET /session/291a32de28f5b6d410b0b338486ed2cc/url HTTP/1.1
User-Agent: selenium/4.8.1 (java windows)
Cache-Control: no-cache
Content-Type: application/json; charset=utf-8
host: localhost:47713
accept: */*

Response DefaultHttpResponse(decodeResult: success, version: HTTP/1.1)
HTTP/1.1 200 OK
Content-Length: 51
Content-Type: application/json; charset=utf-8
cache-control: no-cache

01:31:59.500 [AsyncHttpClient-1-11] DEBUG org.asynchttpclient.netty.channel.ChannelManager - Adding key: http://localhost:47713 for channel [id: 0x352b21ec, L:/127.0.0.1:58220 - R:localhost/127.0.0.1:47713]
01:31:59.510 [Forwarding getPageSource on session 291a32de28f5b6d410b0b338486ed2cc to remote] DEBUG org.asynchttpclient.netty.request.NettyRequestSender - Using pooled Channel '[id: 0x352b21ec, L:/127.0.0.1:58220 - R:localhost/127.0.0.1:47713]' for 'POST' to 'http://localhost:47713/session/291a32de28f5b6d410b0b338486ed2cc/execute/sync'
01:31:59.510 [Forwarding getPageSource on session 291a32de28f5b6d410b0b338486ed2cc to remote] DEBUG org.asynchttpclient.netty.request.NettyRequestSender - Using open Channel [id: 0x352b21ec, L:/127.0.0.1:58220 - R:localhost/127.0.0.1:47713] for POST '/session/291a32de28f5b6d410b0b338486ed2cc/execute/sync'
01:31:59.516 [AsyncHttpClient-1-11] DEBUG org.asynchttpclient.netty.handler.HttpHandler - 

Request DefaultHttpRequest(decodeResult: success, version: HTTP/1.1)
POST /session/291a32de28f5b6d410b0b338486ed2cc/execute/sync HTTP/1.1
User-Agent: selenium/4.8.1 (java windows)
Content-Length: 176
Content-Type: application/json; charset=utf-8
host: localhost:47713
accept: */*

Response DefaultHttpResponse(decodeResult: success, version: HTTP/1.1)
HTTP/1.1 200 OK
Content-Length: 21839
Content-Type: application/json; charset=utf-8
cache-control: no-cache

01:31:59.516 [AsyncHttpClient-1-11] DEBUG org.asynchttpclient.netty.channel.ChannelManager - Adding key: http://localhost:47713 for channel [id: 0x352b21ec, L:/127.0.0.1:58220 - R:localhost/127.0.0.1:47713]
01:31:59.519 [Forwarding getCurrentUrl on session 291a32de28f5b6d410b0b338486ed2cc to remote] DEBUG org.asynchttpclient.netty.request.NettyRequestSender - Using pooled Channel '[id: 0x352b21ec, L:/127.0.0.1:58220 - R:localhost/127.0.0.1:47713]' for 'GET' to 'http://localhost:47713/session/291a32de28f5b6d410b0b338486ed2cc/url'
01:31:59.520 [Forwarding getCurrentUrl on session 291a32de28f5b6d410b0b338486ed2cc to remote] DEBUG org.asynchttpclient.netty.request.NettyRequestSender - Using open Channel [id: 0x352b21ec, L:/127.0.0.1:58220 - R:localhost/127.0.0.1:47713] for GET '/session/291a32de28f5b6d410b0b338486ed2cc/url'
01:31:59.525 [AsyncHttpClient-1-11] DEBUG org.asynchttpclient.netty.handler.HttpHandler - 

Request DefaultFullHttpRequest(decodeResult: success, version: HTTP/1.1, content: EmptyByteBufBE)
GET /session/291a32de28f5b6d410b0b338486ed2cc/url HTTP/1.1
User-Agent: selenium/4.8.1 (java windows)
Cache-Control: no-cache
Content-Type: application/json; charset=utf-8
host: localhost:47713
accept: */*

Response DefaultHttpResponse(decodeResult: success, version: HTTP/1.1)
HTTP/1.1 200 OK
Content-Length: 51
Content-Type: application/json; charset=utf-8
cache-control: no-cache

01:31:59.525 [AsyncHttpClient-1-11] DEBUG org.asynchttpclient.netty.channel.ChannelManager - Adding key: http://localhost:47713 for channel [id: 0x352b21ec, L:/127.0.0.1:58220 - R:localhost/127.0.0.1:47713]
01:31:59.527 [main] DEBUG net.thucydides.core.steps.StepInterceptor - STARTING STEP: LoginSteps.clickLoginButton - clickLoginButton
01:31:59.530 [Forwarding findElement on session 291a32de28f5b6d410b0b338486ed2cc to remote] DEBUG org.asynchttpclient.netty.request.NettyRequestSender - Using pooled Channel '[id: 0x352b21ec, L:/127.0.0.1:58220 - R:localhost/127.0.0.1:47713]' for 'POST' to 'http://localhost:47713/session/291a32de28f5b6d410b0b338486ed2cc/element'
01:31:59.530 [Forwarding findElement on session 291a32de28f5b6d410b0b338486ed2cc to remote] DEBUG org.asynchttpclient.netty.request.NettyRequestSender - Using open Channel [id: 0x352b21ec, L:/127.0.0.1:58220 - R:localhost/127.0.0.1:47713] for POST '/session/291a32de28f5b6d410b0b338486ed2cc/element'
01:31:59.540 [AsyncHttpClient-1-11] DEBUG org.asynchttpclient.netty.handler.HttpHandler - 

Request DefaultHttpRequest(decodeResult: success, version: HTTP/1.1)
POST /session/291a32de28f5b6d410b0b338486ed2cc/element HTTP/1.1
User-Agent: selenium/4.8.1 (java windows)
Content-Length: 165
Content-Type: application/json; charset=utf-8
host: localhost:47713
accept: */*

Response DefaultHttpResponse(decodeResult: success, version: HTTP/1.1)
HTTP/1.1 200 OK
Content-Length: 88
Content-Type: application/json; charset=utf-8
cache-control: no-cache

01:31:59.540 [AsyncHttpClient-1-11] DEBUG org.asynchttpclient.netty.channel.ChannelManager - Adding key: http://localhost:47713 for channel [id: 0x352b21ec, L:/127.0.0.1:58220 - R:localhost/127.0.0.1:47713]
01:31:59.542 [Forwarding getElementTagName on session 291a32de28f5b6d410b0b338486ed2cc to remote] DEBUG org.asynchttpclient.netty.request.NettyRequestSender - Using pooled Channel '[id: 0x352b21ec, L:/127.0.0.1:58220 - R:localhost/127.0.0.1:47713]' for 'GET' to 'http://localhost:47713/session/291a32de28f5b6d410b0b338486ed2cc/element/10650e5a-0535-497d-a0fc-65711f4042f6/name'
01:31:59.542 [Forwarding getElementTagName on session 291a32de28f5b6d410b0b338486ed2cc to remote] DEBUG org.asynchttpclient.netty.request.NettyRequestSender - Using open Channel [id: 0x352b21ec, L:/127.0.0.1:58220 - R:localhost/127.0.0.1:47713] for GET '/session/291a32de28f5b6d410b0b338486ed2cc/element/10650e5a-0535-497d-a0fc-65711f4042f6/name'
01:31:59.547 [AsyncHttpClient-1-11] DEBUG org.asynchttpclient.netty.handler.HttpHandler - 

Request DefaultFullHttpRequest(decodeResult: success, version: HTTP/1.1, content: EmptyByteBufBE)
GET /session/291a32de28f5b6d410b0b338486ed2cc/element/10650e5a-0535-497d-a0fc-65711f4042f6/name HTTP/1.1
User-Agent: selenium/4.8.1 (java windows)
Cache-Control: no-cache
Content-Type: application/json; charset=utf-8
host: localhost:47713
accept: */*

Response DefaultHttpResponse(decodeResult: success, version: HTTP/1.1)
HTTP/1.1 200 OK
Content-Length: 16
Content-Type: application/json; charset=utf-8
cache-control: no-cache

01:31:59.548 [AsyncHttpClient-1-11] DEBUG org.asynchttpclient.netty.channel.ChannelManager - Adding key: http://localhost:47713 for channel [id: 0x352b21ec, L:/127.0.0.1:58220 - R:localhost/127.0.0.1:47713]
01:31:59.549 [Forwarding getElementTagName on session 291a32de28f5b6d410b0b338486ed2cc to remote] DEBUG org.asynchttpclient.netty.request.NettyRequestSender - Using pooled Channel '[id: 0x352b21ec, L:/127.0.0.1:58220 - R:localhost/127.0.0.1:47713]' for 'GET' to 'http://localhost:47713/session/291a32de28f5b6d410b0b338486ed2cc/element/10650e5a-0535-497d-a0fc-65711f4042f6/name'
01:31:59.549 [Forwarding getElementTagName on session 291a32de28f5b6d410b0b338486ed2cc to remote] DEBUG org.asynchttpclient.netty.request.NettyRequestSender - Using open Channel [id: 0x352b21ec, L:/127.0.0.1:58220 - R:localhost/127.0.0.1:47713] for GET '/session/291a32de28f5b6d410b0b338486ed2cc/element/10650e5a-0535-497d-a0fc-65711f4042f6/name'
01:31:59.555 [AsyncHttpClient-1-11] DEBUG org.asynchttpclient.netty.handler.HttpHandler - 

Request DefaultFullHttpRequest(decodeResult: success, version: HTTP/1.1, content: EmptyByteBufBE)
GET /session/291a32de28f5b6d410b0b338486ed2cc/element/10650e5a-0535-497d-a0fc-65711f4042f6/name HTTP/1.1
User-Agent: selenium/4.8.1 (java windows)
Cache-Control: no-cache
Content-Type: application/json; charset=utf-8
host: localhost:47713
accept: */*

Response DefaultHttpResponse(decodeResult: success, version: HTTP/1.1)
HTTP/1.1 200 OK
Content-Length: 16
Content-Type: application/json; charset=utf-8
cache-control: no-cache

01:31:59.555 [AsyncHttpClient-1-11] DEBUG org.asynchttpclient.netty.channel.ChannelManager - Adding key: http://localhost:47713 for channel [id: 0x352b21ec, L:/127.0.0.1:58220 - R:localhost/127.0.0.1:47713]
01:31:59.557 [Forwarding findElement on session 291a32de28f5b6d410b0b338486ed2cc to remote] DEBUG org.asynchttpclient.netty.request.NettyRequestSender - Using pooled Channel '[id: 0x352b21ec, L:/127.0.0.1:58220 - R:localhost/127.0.0.1:47713]' for 'POST' to 'http://localhost:47713/session/291a32de28f5b6d410b0b338486ed2cc/element'
01:31:59.557 [Forwarding findElement on session 291a32de28f5b6d410b0b338486ed2cc to remote] DEBUG org.asynchttpclient.netty.request.NettyRequestSender - Using open Channel [id: 0x352b21ec, L:/127.0.0.1:58220 - R:localhost/127.0.0.1:47713] for POST '/session/291a32de28f5b6d410b0b338486ed2cc/element'
01:31:59.564 [AsyncHttpClient-1-11] DEBUG org.asynchttpclient.netty.handler.HttpHandler - 

Request DefaultHttpRequest(decodeResult: success, version: HTTP/1.1)
POST /session/291a32de28f5b6d410b0b338486ed2cc/element HTTP/1.1
User-Agent: selenium/4.8.1 (java windows)
Content-Length: 165
Content-Type: application/json; charset=utf-8
host: localhost:47713
accept: */*

Response DefaultHttpResponse(decodeResult: success, version: HTTP/1.1)
HTTP/1.1 200 OK
Content-Length: 88
Content-Type: application/json; charset=utf-8
cache-control: no-cache

01:31:59.565 [AsyncHttpClient-1-11] DEBUG org.asynchttpclient.netty.channel.ChannelManager - Adding key: http://localhost:47713 for channel [id: 0x352b21ec, L:/127.0.0.1:58220 - R:localhost/127.0.0.1:47713]
01:31:59.566 [Forwarding clickElement on session 291a32de28f5b6d410b0b338486ed2cc to remote] DEBUG org.asynchttpclient.netty.request.NettyRequestSender - Using pooled Channel '[id: 0x352b21ec, L:/127.0.0.1:58220 - R:localhost/127.0.0.1:47713]' for 'POST' to 'http://localhost:47713/session/291a32de28f5b6d410b0b338486ed2cc/element/10650e5a-0535-497d-a0fc-65711f4042f6/click'
01:31:59.566 [Forwarding clickElement on session 291a32de28f5b6d410b0b338486ed2cc to remote] DEBUG org.asynchttpclient.netty.request.NettyRequestSender - Using open Channel [id: 0x352b21ec, L:/127.0.0.1:58220 - R:localhost/127.0.0.1:47713] for POST '/session/291a32de28f5b6d410b0b338486ed2cc/element/10650e5a-0535-497d-a0fc-65711f4042f6/click'
01:31:59.618 [AsyncHttpClient-1-11] DEBUG org.asynchttpclient.netty.handler.HttpHandler - 

Request DefaultHttpRequest(decodeResult: success, version: HTTP/1.1)
POST /session/291a32de28f5b6d410b0b338486ed2cc/element/10650e5a-0535-497d-a0fc-65711f4042f6/click HTTP/1.1
User-Agent: selenium/4.8.1 (java windows)
Content-Length: 50
Content-Type: application/json; charset=utf-8
host: localhost:47713
accept: */*

Response DefaultHttpResponse(decodeResult: success, version: HTTP/1.1)
HTTP/1.1 200 OK
Content-Length: 14
Content-Type: application/json; charset=utf-8
cache-control: no-cache

01:31:59.618 [AsyncHttpClient-1-11] DEBUG org.asynchttpclient.netty.channel.ChannelManager - Adding key: http://localhost:47713 for channel [id: 0x352b21ec, L:/127.0.0.1:58220 - R:localhost/127.0.0.1:47713]
01:31:59.628 [Forwarding getAlertText on session 291a32de28f5b6d410b0b338486ed2cc to remote] DEBUG org.asynchttpclient.netty.request.NettyRequestSender - Using pooled Channel '[id: 0x352b21ec, L:/127.0.0.1:58220 - R:localhost/127.0.0.1:47713]' for 'GET' to 'http://localhost:47713/session/291a32de28f5b6d410b0b338486ed2cc/alert/text'
01:31:59.628 [Forwarding getAlertText on session 291a32de28f5b6d410b0b338486ed2cc to remote] DEBUG org.asynchttpclient.netty.request.NettyRequestSender - Using open Channel [id: 0x352b21ec, L:/127.0.0.1:58220 - R:localhost/127.0.0.1:47713] for GET '/session/291a32de28f5b6d410b0b338486ed2cc/alert/text'
01:31:59.630 [AsyncHttpClient-1-11] DEBUG org.asynchttpclient.netty.handler.HttpHandler - 

Request DefaultFullHttpRequest(decodeResult: success, version: HTTP/1.1, content: EmptyByteBufBE)
GET /session/291a32de28f5b6d410b0b338486ed2cc/alert/text HTTP/1.1
User-Agent: selenium/4.8.1 (java windows)
Cache-Control: no-cache
Content-Type: application/json; charset=utf-8
host: localhost:47713
accept: */*

Response DefaultHttpResponse(decodeResult: success, version: HTTP/1.1)
HTTP/1.1 404 Not Found
Content-Length: 816
Content-Type: application/json; charset=utf-8
cache-control: no-cache

01:31:59.630 [AsyncHttpClient-1-11] DEBUG org.asynchttpclient.netty.channel.ChannelManager - Adding key: http://localhost:47713 for channel [id: 0x352b21ec, L:/127.0.0.1:58220 - R:localhost/127.0.0.1:47713]
01:31:59.631 [Forwarding getCurrentUrl on session 291a32de28f5b6d410b0b338486ed2cc to remote] DEBUG org.asynchttpclient.netty.request.NettyRequestSender - Using pooled Channel '[id: 0x352b21ec, L:/127.0.0.1:58220 - R:localhost/127.0.0.1:47713]' for 'GET' to 'http://localhost:47713/session/291a32de28f5b6d410b0b338486ed2cc/url'
01:31:59.631 [Forwarding getCurrentUrl on session 291a32de28f5b6d410b0b338486ed2cc to remote] DEBUG org.asynchttpclient.netty.request.NettyRequestSender - Using open Channel [id: 0x352b21ec, L:/127.0.0.1:58220 - R:localhost/127.0.0.1:47713] for GET '/session/291a32de28f5b6d410b0b338486ed2cc/url'
01:31:59.635 [AsyncHttpClient-1-11] DEBUG org.asynchttpclient.netty.handler.HttpHandler - 

Request DefaultFullHttpRequest(decodeResult: success, version: HTTP/1.1, content: EmptyByteBufBE)
GET /session/291a32de28f5b6d410b0b338486ed2cc/url HTTP/1.1
User-Agent: selenium/4.8.1 (java windows)
Cache-Control: no-cache
Content-Type: application/json; charset=utf-8
host: localhost:47713
accept: */*

Response DefaultHttpResponse(decodeResult: success, version: HTTP/1.1)
HTTP/1.1 200 OK
Content-Length: 51
Content-Type: application/json; charset=utf-8
cache-control: no-cache

01:31:59.635 [AsyncHttpClient-1-11] DEBUG org.asynchttpclient.netty.channel.ChannelManager - Adding key: http://localhost:47713 for channel [id: 0x352b21ec, L:/127.0.0.1:58220 - R:localhost/127.0.0.1:47713]
01:31:59.636 [Forwarding screenshot on session 291a32de28f5b6d410b0b338486ed2cc to remote] DEBUG org.asynchttpclient.netty.request.NettyRequestSender - Using pooled Channel '[id: 0x352b21ec, L:/127.0.0.1:58220 - R:localhost/127.0.0.1:47713]' for 'GET' to 'http://localhost:47713/session/291a32de28f5b6d410b0b338486ed2cc/screenshot'
01:31:59.637 [Forwarding screenshot on session 291a32de28f5b6d410b0b338486ed2cc to remote] DEBUG org.asynchttpclient.netty.request.NettyRequestSender - Using open Channel [id: 0x352b21ec, L:/127.0.0.1:58220 - R:localhost/127.0.0.1:47713] for GET '/session/291a32de28f5b6d410b0b338486ed2cc/screenshot'
01:31:59.939 [AsyncHttpClient-1-11] DEBUG org.asynchttpclient.netty.handler.HttpHandler - 

Request DefaultFullHttpRequest(decodeResult: success, version: HTTP/1.1, content: EmptyByteBufBE)
GET /session/291a32de28f5b6d410b0b338486ed2cc/screenshot HTTP/1.1
User-Agent: selenium/4.8.1 (java windows)
Cache-Control: no-cache
Content-Type: application/json; charset=utf-8
host: localhost:47713
accept: */*

Response DefaultHttpResponse(decodeResult: success, version: HTTP/1.1)
HTTP/1.1 200 OK
Content-Length: 47828
Content-Type: application/json; charset=utf-8
cache-control: no-cache

01:31:59.940 [AsyncHttpClient-1-11] DEBUG org.asynchttpclient.netty.channel.ChannelManager - Adding key: http://localhost:47713 for channel [id: 0x352b21ec, L:/127.0.0.1:58220 - R:localhost/127.0.0.1:47713]
01:31:59.943 [main] DEBUG net.serenitybdd.core.photography.Darkroom - Send negative for processing for target\site\serenity\ab6f90d4ef734fd190446f423b481ab12a3190c91876f31df681ea0d568fb8a2.png
01:31:59.943 [main] DEBUG net.thucydides.core.steps.StepInterceptor - STEP DONE: clickLoginButton
  &amp#27;[32mAnd &amp#27;[0m&amp#27;[32mI click login button&amp#27;[0m                                                                 &amp#27;[90m# starter.stepdefinitions.LoginSteps.clickLoginButton()&amp#27;[0m
01:31:59.944 [Darkroom Processing Line] DEBUG net.serenitybdd.core.photography.DarkroomProcessingLine - Processing screenshot image in /var/screenshots/screenshot-5735765246286424844
01:31:59.944 [Darkroom Processing Line] DEBUG net.serenitybdd.core.photography.DarkroomProcessingLine - Saving screenshot to target\site\serenity\ab6f90d4ef734fd190446f423b481ab12a3190c91876f31df681ea0d568fb8a2.png
01:31:59.957 [Forwarding getPageSource on session 291a32de28f5b6d410b0b338486ed2cc to remote] DEBUG org.asynchttpclient.netty.request.NettyRequestSender - Using pooled Channel '[id: 0x352b21ec, L:/127.0.0.1:58220 - R:localhost/127.0.0.1:47713]' for 'POST' to 'http://localhost:47713/session/291a32de28f5b6d410b0b338486ed2cc/execute/sync'
01:31:59.957 [Forwarding getPageSource on session 291a32de28f5b6d410b0b338486ed2cc to remote] DEBUG org.asynchttpclient.netty.request.NettyRequestSender - Using open Channel [id: 0x352b21ec, L:/127.0.0.1:58220 - R:localhost/127.0.0.1:47713] for POST '/session/291a32de28f5b6d410b0b338486ed2cc/execute/sync'
01:31:59.967 [AsyncHttpClient-1-11] DEBUG org.asynchttpclient.netty.handler.HttpHandler - 

Request DefaultHttpRequest(decodeResult: success, version: HTTP/1.1)
POST /session/291a32de28f5b6d410b0b338486ed2cc/execute/sync HTTP/1.1
User-Agent: selenium/4.8.1 (java windows)
Content-Length: 176
Content-Type: application/json; charset=utf-8
host: localhost:47713
accept: */*

Response DefaultHttpResponse(decodeResult: success, version: HTTP/1.1)
HTTP/1.1 200 OK
Content-Length: 22569
Content-Type: application/json; charset=utf-8
cache-control: no-cache

01:31:59.967 [AsyncHttpClient-1-11] DEBUG org.asynchttpclient.netty.channel.ChannelManager - Adding key: http://localhost:47713 for channel [id: 0x352b21ec, L:/127.0.0.1:58220 - R:localhost/127.0.0.1:47713]
01:31:59.974 [Forwarding getCurrentUrl on session 291a32de28f5b6d410b0b338486ed2cc to remote] DEBUG org.asynchttpclient.netty.request.NettyRequestSender - Using pooled Channel '[id: 0x352b21ec, L:/127.0.0.1:58220 - R:localhost/127.0.0.1:47713]' for 'GET' to 'http://localhost:47713/session/291a32de28f5b6d410b0b338486ed2cc/url'
01:31:59.974 [Forwarding getCurrentUrl on session 291a32de28f5b6d410b0b338486ed2cc to remote] DEBUG org.asynchttpclient.netty.request.NettyRequestSender - Using open Channel [id: 0x352b21ec, L:/127.0.0.1:58220 - R:localhost/127.0.0.1:47713] for GET '/session/291a32de28f5b6d410b0b338486ed2cc/url'
01:31:59.979 [AsyncHttpClient-1-11] DEBUG org.asynchttpclient.netty.handler.HttpHandler - 

Request DefaultFullHttpRequest(decodeResult: success, version: HTTP/1.1, content: EmptyByteBufBE)
GET /session/291a32de28f5b6d410b0b338486ed2cc/url HTTP/1.1
User-Agent: selenium/4.8.1 (java windows)
Cache-Control: no-cache
Content-Type: application/json; charset=utf-8
host: localhost:47713
accept: */*

Response DefaultHttpResponse(decodeResult: success, version: HTTP/1.1)
HTTP/1.1 200 OK
Content-Length: 51
Content-Type: application/json; charset=utf-8
cache-control: no-cache

01:31:59.980 [AsyncHttpClient-1-11] DEBUG org.asynchttpclient.netty.channel.ChannelManager - Adding key: http://localhost:47713 for channel [id: 0x352b21ec, L:/127.0.0.1:58220 - R:localhost/127.0.0.1:47713]
01:31:59.994 [Forwarding getPageSource on session 291a32de28f5b6d410b0b338486ed2cc to remote] DEBUG org.asynchttpclient.netty.request.NettyRequestSender - Using pooled Channel '[id: 0x352b21ec, L:/127.0.0.1:58220 - R:localhost/127.0.0.1:47713]' for 'POST' to 'http://localhost:47713/session/291a32de28f5b6d410b0b338486ed2cc/execute/sync'
01:31:59.994 [Forwarding getPageSource on session 291a32de28f5b6d410b0b338486ed2cc to remote] DEBUG org.asynchttpclient.netty.request.NettyRequestSender - Using open Channel [id: 0x352b21ec, L:/127.0.0.1:58220 - R:localhost/127.0.0.1:47713] for POST '/session/291a32de28f5b6d410b0b338486ed2cc/execute/sync'
01:32:00.001 [AsyncHttpClient-1-11] DEBUG org.asynchttpclient.netty.handler.HttpHandler - 

Request DefaultHttpRequest(decodeResult: success, version: HTTP/1.1)
POST /session/291a32de28f5b6d410b0b338486ed2cc/execute/sync HTTP/1.1
User-Agent: selenium/4.8.1 (java windows)
Content-Length: 176
Content-Type: application/json; charset=utf-8
host: localhost:47713
accept: */*

Response DefaultHttpResponse(decodeResult: success, version: HTTP/1.1)
HTTP/1.1 200 OK
Content-Length: 22569
Content-Type: application/json; charset=utf-8
cache-control: no-cache

01:32:00.002 [AsyncHttpClient-1-11] DEBUG org.asynchttpclient.netty.channel.ChannelManager - Adding key: http://localhost:47713 for channel [id: 0x352b21ec, L:/127.0.0.1:58220 - R:localhost/127.0.0.1:47713]
01:32:00.007 [Forwarding getCurrentUrl on session 291a32de28f5b6d410b0b338486ed2cc to remote] DEBUG org.asynchttpclient.netty.request.NettyRequestSender - Using pooled Channel '[id: 0x352b21ec, L:/127.0.0.1:58220 - R:localhost/127.0.0.1:47713]' for 'GET' to 'http://localhost:47713/session/291a32de28f5b6d410b0b338486ed2cc/url'
01:32:00.007 [Forwarding getCurrentUrl on session 291a32de28f5b6d410b0b338486ed2cc to remote] DEBUG org.asynchttpclient.netty.request.NettyRequestSender - Using open Channel [id: 0x352b21ec, L:/127.0.0.1:58220 - R:localhost/127.0.0.1:47713] for GET '/session/291a32de28f5b6d410b0b338486ed2cc/url'
01:32:00.014 [AsyncHttpClient-1-11] DEBUG org.asynchttpclient.netty.handler.HttpHandler - 

Request DefaultFullHttpRequest(decodeResult: success, version: HTTP/1.1, content: EmptyByteBufBE)
GET /session/291a32de28f5b6d410b0b338486ed2cc/url HTTP/1.1
User-Agent: selenium/4.8.1 (java windows)
Cache-Control: no-cache
Content-Type: application/json; charset=utf-8
host: localhost:47713
accept: */*

Response DefaultHttpResponse(decodeResult: success, version: HTTP/1.1)
HTTP/1.1 200 OK
Content-Length: 51
Content-Type: application/json; charset=utf-8
cache-control: no-cache

01:32:00.014 [AsyncHttpClient-1-11] DEBUG org.asynchttpclient.netty.channel.ChannelManager - Adding key: http://localhost:47713 for channel [id: 0x352b21ec, L:/127.0.0.1:58220 - R:localhost/127.0.0.1:47713]
01:32:00.017 [main] DEBUG net.thucydides.core.steps.StepInterceptor - STARTING STEP: LoginSteps.cantTheProductPage - validateOnTheLoginPage
01:32:00.023 [Forwarding findElement on session 291a32de28f5b6d410b0b338486ed2cc to remote] DEBUG org.asynchttpclient.netty.request.NettyRequestSender - Using pooled Channel '[id: 0x352b21ec, L:/127.0.0.1:58220 - R:localhost/127.0.0.1:47713]' for 'POST' to 'http://localhost:47713/session/291a32de28f5b6d410b0b338486ed2cc/element'
01:32:00.023 [Forwarding findElement on session 291a32de28f5b6d410b0b338486ed2cc to remote] DEBUG org.asynchttpclient.netty.request.NettyRequestSender - Using open Channel [id: 0x352b21ec, L:/127.0.0.1:58220 - R:localhost/127.0.0.1:47713] for POST '/session/291a32de28f5b6d410b0b338486ed2cc/element'
01:32:00.037 [AsyncHttpClient-1-11] DEBUG org.asynchttpclient.netty.handler.HttpHandler - 

Request DefaultHttpRequest(decodeResult: success, version: HTTP/1.1)
POST /session/291a32de28f5b6d410b0b338486ed2cc/element HTTP/1.1
User-Agent: selenium/4.8.1 (java windows)
Content-Length: 165
Content-Type: application/json; charset=utf-8
host: localhost:47713
accept: */*

Response DefaultHttpResponse(decodeResult: success, version: HTTP/1.1)
HTTP/1.1 200 OK
Content-Length: 88
Content-Type: application/json; charset=utf-8
cache-control: no-cache

01:32:00.038 [AsyncHttpClient-1-11] DEBUG org.asynchttpclient.netty.channel.ChannelManager - Adding key: http://localhost:47713 for channel [id: 0x352b21ec, L:/127.0.0.1:58220 - R:localhost/127.0.0.1:47713]
01:32:00.041 [Forwarding isElementDisplayed on session 291a32de28f5b6d410b0b338486ed2cc to remote] DEBUG org.asynchttpclient.netty.request.NettyRequestSender - Using pooled Channel '[id: 0x352b21ec, L:/127.0.0.1:58220 - R:localhost/127.0.0.1:47713]' for 'POST' to 'http://localhost:47713/session/291a32de28f5b6d410b0b338486ed2cc/execute/sync'
01:32:00.041 [Forwarding isElementDisplayed on session 291a32de28f5b6d410b0b338486ed2cc to remote] DEBUG org.asynchttpclient.netty.request.NettyRequestSender - Using open Channel [id: 0x352b21ec, L:/127.0.0.1:58220 - R:localhost/127.0.0.1:47713] for POST '/session/291a32de28f5b6d410b0b338486ed2cc/execute/sync'
01:32:00.062 [AsyncHttpClient-1-11] DEBUG org.asynchttpclient.netty.handler.HttpHandler - 

Request DefaultHttpRequest(decodeResult: success, version: HTTP/1.1)
POST /session/291a32de28f5b6d410b0b338486ed2cc/execute/sync HTTP/1.1
User-Agent: selenium/4.8.1 (java windows)
Content-Length: 48807
Content-Type: application/json; charset=utf-8
host: localhost:47713
accept: */*

Response DefaultHttpResponse(decodeResult: success, version: HTTP/1.1)
HTTP/1.1 200 OK
Content-Length: 14
Content-Type: application/json; charset=utf-8
cache-control: no-cache

01:32:00.063 [AsyncHttpClient-1-11] DEBUG org.asynchttpclient.netty.channel.ChannelManager - Adding key: http://localhost:47713 for channel [id: 0x352b21ec, L:/127.0.0.1:58220 - R:localhost/127.0.0.1:47713]
01:32:00.071 [Forwarding getAlertText on session 291a32de28f5b6d410b0b338486ed2cc to remote] DEBUG org.asynchttpclient.netty.request.NettyRequestSender - Using pooled Channel '[id: 0x352b21ec, L:/127.0.0.1:58220 - R:localhost/127.0.0.1:47713]' for 'GET' to 'http://localhost:47713/session/291a32de28f5b6d410b0b338486ed2cc/alert/text'
01:32:00.071 [Forwarding getAlertText on session 291a32de28f5b6d410b0b338486ed2cc to remote] DEBUG org.asynchttpclient.netty.request.NettyRequestSender - Using open Channel [id: 0x352b21ec, L:/127.0.0.1:58220 - R:localhost/127.0.0.1:47713] for GET '/session/291a32de28f5b6d410b0b338486ed2cc/alert/text'
01:32:00.074 [AsyncHttpClient-1-11] DEBUG org.asynchttpclient.netty.handler.HttpHandler - 

Request DefaultFullHttpRequest(decodeResult: success, version: HTTP/1.1, content: EmptyByteBufBE)
GET /session/291a32de28f5b6d410b0b338486ed2cc/alert/text HTTP/1.1
User-Agent: selenium/4.8.1 (java windows)
Cache-Control: no-cache
Content-Type: application/json; charset=utf-8
host: localhost:47713
accept: */*

Response DefaultHttpResponse(decodeResult: success, version: HTTP/1.1)
HTTP/1.1 404 Not Found
Content-Length: 816
Content-Type: application/json; charset=utf-8
cache-control: no-cache

01:32:00.075 [AsyncHttpClient-1-11] DEBUG org.asynchttpclient.netty.channel.ChannelManager - Adding key: http://localhost:47713 for channel [id: 0x352b21ec, L:/127.0.0.1:58220 - R:localhost/127.0.0.1:47713]
01:32:00.078 [Forwarding getCurrentUrl on session 291a32de28f5b6d410b0b338486ed2cc to remote] DEBUG org.asynchttpclient.netty.request.NettyRequestSender - Using pooled Channel '[id: 0x352b21ec, L:/127.0.0.1:58220 - R:localhost/127.0.0.1:47713]' for 'GET' to 'http://localhost:47713/session/291a32de28f5b6d410b0b338486ed2cc/url'
01:32:00.078 [Forwarding getCurrentUrl on session 291a32de28f5b6d410b0b338486ed2cc to remote] DEBUG org.asynchttpclient.netty.request.NettyRequestSender - Using open Channel [id: 0x352b21ec, L:/127.0.0.1:58220 - R:localhost/127.0.0.1:47713] for GET '/session/291a32de28f5b6d410b0b338486ed2cc/url'
01:32:00.084 [AsyncHttpClient-1-11] DEBUG org.asynchttpclient.netty.handler.HttpHandler - 

Request DefaultFullHttpRequest(decodeResult: success, version: HTTP/1.1, content: EmptyByteBufBE)
GET /session/291a32de28f5b6d410b0b338486ed2cc/url HTTP/1.1
User-Agent: selenium/4.8.1 (java windows)
Cache-Control: no-cache
Content-Type: application/json; charset=utf-8
host: localhost:47713
accept: */*

Response DefaultHttpResponse(decodeResult: success, version: HTTP/1.1)
HTTP/1.1 200 OK
Content-Length: 51
Content-Type: application/json; charset=utf-8
cache-control: no-cache

01:32:00.084 [AsyncHttpClient-1-11] DEBUG org.asynchttpclient.netty.channel.ChannelManager - Adding key: http://localhost:47713 for channel [id: 0x352b21ec, L:/127.0.0.1:58220 - R:localhost/127.0.0.1:47713]
01:32:00.085 [Forwarding screenshot on session 291a32de28f5b6d410b0b338486ed2cc to remote] DEBUG org.asynchttpclient.netty.request.NettyRequestSender - Using pooled Channel '[id: 0x352b21ec, L:/127.0.0.1:58220 - R:localhost/127.0.0.1:47713]' for 'GET' to 'http://localhost:47713/session/291a32de28f5b6d410b0b338486ed2cc/screenshot'
01:32:00.085 [Forwarding screenshot on session 291a32de28f5b6d410b0b338486ed2cc to remote] DEBUG org.asynchttpclient.netty.request.NettyRequestSender - Using open Channel [id: 0x352b21ec, L:/127.0.0.1:58220 - R:localhost/127.0.0.1:47713] for GET '/session/291a32de28f5b6d410b0b338486ed2cc/screenshot'
01:32:00.090 [AsyncHttpClient-1-1] DEBUG org.asynchttpclient.netty.channel.DefaultChannelPool - Entry count for : http://localhost:58221 : 1
01:32:00.267 [AsyncHttpClient-1-11] DEBUG org.asynchttpclient.netty.handler.HttpHandler - 

Request DefaultFullHttpRequest(decodeResult: success, version: HTTP/1.1, content: EmptyByteBufBE)
GET /session/291a32de28f5b6d410b0b338486ed2cc/screenshot HTTP/1.1
User-Agent: selenium/4.8.1 (java windows)
Cache-Control: no-cache
Content-Type: application/json; charset=utf-8
host: localhost:47713
accept: */*

Response DefaultHttpResponse(decodeResult: success, version: HTTP/1.1)
HTTP/1.1 200 OK
Content-Length: 54496
Content-Type: application/json; charset=utf-8
cache-control: no-cache

01:32:00.268 [AsyncHttpClient-1-11] DEBUG org.asynchttpclient.netty.channel.ChannelManager - Adding key: http://localhost:47713 for channel [id: 0x352b21ec, L:/127.0.0.1:58220 - R:localhost/127.0.0.1:47713]
01:32:00.271 [main] DEBUG net.serenitybdd.core.photography.Darkroom - Send negative for processing for target\site\serenity\7b86ae908defb95e03c89742599524f9f980081c7269c41d6fcee17cec90a9e2.png
01:32:00.271 [main] DEBUG net.thucydides.core.steps.StepInterceptor - STEP DONE: validateOnTheLoginPage
  &amp#27;[32mThen &amp#27;[0m&amp#27;[32mI can't be on the product page&amp#27;[0m                                                      &amp#27;[90m# starter.stepdefinitions.LoginSteps.cantTheProductPage()&amp#27;[0m
01:32:00.271 [Darkroom Processing Line] DEBUG net.serenitybdd.core.photography.DarkroomProcessingLine - Processing screenshot image in /var/screenshots/screenshot-4089119225537440842
01:32:00.271 [Darkroom Processing Line] DEBUG net.serenitybdd.core.photography.DarkroomProcessingLine - Saving screenshot to target\site\serenity\7b86ae908defb95e03c89742599524f9f980081c7269c41d6fcee17cec90a9e2.png
01:32:00.277 [main] INFO  - 
  _____   ___   ___   _____     ___     _     ___   ___   ___   ___  
 |_   _| | __| / __| |_   _|   | _ \   /_\   / __| / __| | __| |   \ 
   | |   | _|  \__ \   | |     |  _/  / _ \  \__ \ \__ \ | _|  | |) |
   |_|   |___| |___/   |_|     |_|   /_/ \_\ |___/ |___/ |___| |___/ 

As user i haven't be able to login when using invalid email and invalid password
----------------------------------------------------------------------
01:32:00.279 [AsyncHttpClient-1-13] DEBUG org.asynchttpclient.netty.handler.WebSocketHandler - Channel Closed: [id: 0x79470326, L:/127.0.0.1:58228 ! R:localhost/127.0.0.1:58221] with attribute NettyResponseFuture{currentRetry=0,
	isDone=1,
	isCancelled=0,
	asyncHandler=org.asynchttpclient.ws.WebSocketUpgradeHandler@7931516,
	nettyRequest=org.asynchttpclient.netty.request.NettyRequest@42919b80,
	future=java.util.concurrent.CompletableFuture@14df45fa[Completed normally],
	uri=ws://localhost:58221/devtools/browser/7f6b1b03-31d7-49bd-bf5e-e8a45f8e17b3,
	keepAlive=true,
	redirectCount=0,
	timeoutsHolder=null,
	inAuth=0,
	touch=1683484317371}
01:32:00.279 [AsyncHttpClient-1-13] DEBUG org.asynchttpclient.netty.channel.ChannelManager - Closing Channel [id: 0x79470326, L:/127.0.0.1:58228 ! R:localhost/127.0.0.1:58221] 
01:32:00.279 [Driver Command Executor] DEBUG org.asynchttpclient.netty.request.NettyRequestSender - Using pooled Channel '[id: 0x352b21ec, L:/127.0.0.1:58220 - R:localhost/127.0.0.1:47713]' for 'DELETE' to 'http://localhost:47713/session/291a32de28f5b6d410b0b338486ed2cc'
01:32:00.279 [Driver Command Executor] DEBUG org.asynchttpclient.netty.request.NettyRequestSender - Using open Channel [id: 0x352b21ec, L:/127.0.0.1:58220 - R:localhost/127.0.0.1:47713] for DELETE '/session/291a32de28f5b6d410b0b338486ed2cc'
01:32:00.304 [AsyncHttpClient-1-12] DEBUG org.asynchttpclient.netty.handler.HttpHandler - Unexpected I/O exception on channel [id: 0x30f42c63, L:/127.0.0.1:58227 - R:localhost/127.0.0.1:58221]
java.io.IOException: An existing connection was forcibly closed by the remote host
	at sun.nio.ch.SocketDispatcher.read0(Native Method)
	at sun.nio.ch.SocketDispatcher.read(Unknown Source)
	at sun.nio.ch.IOUtil.readIntoNativeBuffer(Unknown Source)
	at sun.nio.ch.IOUtil.read(Unknown Source)
	at sun.nio.ch.SocketChannelImpl.read(Unknown Source)
	at io.netty.buffer.PooledByteBuf.setBytes(PooledByteBuf.java:259)
	at io.netty.buffer.AbstractByteBuf.writeBytes(AbstractByteBuf.java:1132)
	at io.netty.channel.socket.nio.NioSocketChannel.doReadBytes(NioSocketChannel.java:357)
	at io.netty.channel.nio.AbstractNioByteChannel$NioByteUnsafe.read(AbstractNioByteChannel.java:151)
	at io.netty.channel.nio.NioEventLoop.processSelectedKey(NioEventLoop.java:788)
	at io.netty.channel.nio.NioEventLoop.processSelectedKeysOptimized(NioEventLoop.java:724)
	at io.netty.channel.nio.NioEventLoop.processSelectedKeys(NioEventLoop.java:650)
	at io.netty.channel.nio.NioEventLoop.run(NioEventLoop.java:562)
	at io.netty.util.concurrent.SingleThreadEventExecutor$4.run(SingleThreadEventExecutor.java:997)
	at io.netty.util.internal.ThreadExecutorMap$2.run(ThreadExecutorMap.java:74)
	at io.netty.util.concurrent.FastThreadLocalRunnable.run(FastThreadLocalRunnable.java:30)
	at java.lang.Thread.run(Unknown Source)
01:32:00.305 [AsyncHttpClient-1-12] DEBUG org.asynchttpclient.netty.channel.ChannelManager - Closing Channel [id: 0x30f42c63, L:/127.0.0.1:58227 - R:localhost/127.0.0.1:58221] 
01:32:00.305 [AsyncHttpClient-1-12] DEBUG org.asynchttpclient.netty.handler.HttpHandler - Channel Closed: [id: 0x30f42c63, L:/127.0.0.1:58227 ! R:localhost/127.0.0.1:58221] with attribute DISCARD
01:32:00.324 [AsyncHttpClient-1-11] DEBUG org.asynchttpclient.netty.handler.HttpHandler - 

Request DefaultFullHttpRequest(decodeResult: success, version: HTTP/1.1, content: EmptyByteBufBE)
DELETE /session/291a32de28f5b6d410b0b338486ed2cc HTTP/1.1
User-Agent: selenium/4.8.1 (java windows)
Content-Type: application/json; charset=utf-8
host: localhost:47713
accept: */*

Response DefaultHttpResponse(decodeResult: success, version: HTTP/1.1)
HTTP/1.1 200 OK
Content-Length: 14
Content-Type: application/json; charset=utf-8
cache-control: no-cache

01:32:00.324 [AsyncHttpClient-1-11] DEBUG org.asynchttpclient.netty.channel.ChannelManager - Adding key: http://localhost:47713 for channel [id: 0x352b21ec, L:/127.0.0.1:58220 - R:localhost/127.0.0.1:47713]
01:32:00.414 [AsyncHttpClient-1-11] DEBUG org.asynchttpclient.netty.handler.HttpHandler - Channel Closed: [id: 0x352b21ec, L:/127.0.0.1:58220 ! R:localhost/127.0.0.1:47713] with attribute DISCARD
]]></system-out>
    <system-err><![CDATA[Starting ChromeDriver 111.0.5563.64 (c710e93d5b63b7095afe8c2c17df34408078439d-refs/branch-heads/5563@{#995}) on port 47713
Only local connections are allowed.
Please see https://chromedriver.chromium.org/security-considerations for suggestions on keeping ChromeDriver safe.
ChromeDriver was started successfully.
[1683484317.325][WARNING]: This version of ChromeDriver has not been tested with Chrome version 112.
Mei 08, 2023 1:31:57 AM org.openqa.selenium.devtools.CdpVersionFinder findNearestMatch
WARNING: Unable to find an exact match for CDP version 112, so returning the closest version found: 110
]]></system-err>
  </testcase>
  <testcase name="As user i haven&apos;t be able to login when using empty email" classname="login" time="4.982">
    <system-out><![CDATA[
Scenario: As user i haven't be able to login when using empty email &amp#27;[90m# src/test/resources/features/Login.feature:34&amp#27;[0m
01:32:00.946 [main] DEBUG io.cucumber.core.plugin.SerenityReporter - Running feature from file:///D:/TUGAS%20SEMESTER%206/Mini%20Project/WebTest-MiniProject/src/test/resources/features/Login.feature
01:32:00.949 [main] INFO  - 
  _____   ___   ___   _____     ___   _____     _     ___   _____   ___   ___  
 |_   _| | __| / __| |_   _|   / __| |_   _|   /_\   | _ \ |_   _| | __| |   \ 
   | |   | _|  \__ \   | |     \__ \   | |    / _ \  |   /   | |   | _|  | |) |
   |_|   |___| |___/   |_|     |___/   |_|   /_/ \_\ |_|_\   |_|   |___| |___/ 

As user i haven't be able to login when using empty email(login;as-user-i-haven-t-be-able-to-login-when-using-empty-email)
--------------------------------------------------------------------------------
01:32:01.041 [main] INFO net.serenitybdd.core.webdriver.driverproviders.ChromeDriverProvider - Starting Chrome driver instance with capabilities:
01:32:01.041 [main] INFO net.serenitybdd.core.webdriver.driverproviders.ChromeDriverProvider - Capabilities {acceptInsecureCerts: false, browserName: chrome, goog:chromeOptions: {args: [remote-allow-origins=*], extensions: []}}
01:32:01.194 [AsyncHttpClient-1-1] DEBUG org.asynchttpclient.netty.channel.DefaultChannelPool - Entry count for : http://localhost:58221 : 1
01:32:01.194 [AsyncHttpClient-1-1] DEBUG org.asynchttpclient.netty.channel.DefaultChannelPool - Entry count for : http://localhost:47713 : 1
01:32:01.194 [AsyncHttpClient-1-1] DEBUG org.asynchttpclient.netty.channel.DefaultChannelPool - Adding Candidate expired Channel [id: 0x30f42c63, L:/127.0.0.1:58227 ! R:localhost/127.0.0.1:58221] isIdleTimeoutExpired=false isRemotelyClosed=true isTtlExpired=false
01:32:01.194 [AsyncHttpClient-1-1] DEBUG org.asynchttpclient.netty.channel.DefaultChannelPool - Closing Idle Channel [id: 0x30f42c63, L:/127.0.0.1:58227 ! R:localhost/127.0.0.1:58221]
01:32:01.194 [AsyncHttpClient-1-1] DEBUG org.asynchttpclient.netty.channel.DefaultChannelPool - Adding Candidate expired Channel [id: 0x352b21ec, L:/127.0.0.1:58220 ! R:localhost/127.0.0.1:47713] isIdleTimeoutExpired=false isRemotelyClosed=true isTtlExpired=false
01:32:01.194 [AsyncHttpClient-1-1] DEBUG org.asynchttpclient.netty.channel.DefaultChannelPool - Closing Idle Channel [id: 0x352b21ec, L:/127.0.0.1:58220 ! R:localhost/127.0.0.1:47713]
01:32:01.194 [AsyncHttpClient-1-1] DEBUG org.asynchttpclient.netty.channel.DefaultChannelPool - Closed 2 connections out of 2 in 0 ms
01:32:01.628 [AsyncHttpClient-1-14] DEBUG org.asynchttpclient.netty.channel.NettyConnectListener - Using new Channel '[id: 0x01ecb425, L:/127.0.0.1:58242 - R:localhost/127.0.0.1:9604]' for 'POST' to '/session'
01:32:02.353 [AsyncHttpClient-1-14] DEBUG org.asynchttpclient.netty.handler.HttpHandler - 

Request DefaultHttpRequest(decodeResult: success, version: HTTP/1.1)
POST /session HTTP/1.1
User-Agent: selenium/4.8.1 (java windows)
Content-Length: 507
Content-Type: application/json; charset=utf-8
host: localhost:9604
accept: */*

Response DefaultHttpResponse(decodeResult: success, version: HTTP/1.1)
HTTP/1.1 200 OK
Content-Length: 858
Content-Type: application/json; charset=utf-8
cache-control: no-cache

01:32:02.353 [AsyncHttpClient-1-14] DEBUG org.asynchttpclient.netty.channel.ChannelManager - Adding key: http://localhost:9604 for channel [id: 0x01ecb425, L:/127.0.0.1:58242 - R:localhost/127.0.0.1:9604]
01:32:02.361 [AsyncHttpClient-1-15] DEBUG org.asynchttpclient.netty.channel.NettyConnectListener - Using new Channel '[id: 0xd2136947, L:/127.0.0.1:58249 - R:localhost/127.0.0.1:58243]' for 'GET' to '/json/version'
01:32:02.363 [AsyncHttpClient-1-15] DEBUG org.asynchttpclient.netty.handler.HttpHandler - 

Request DefaultFullHttpRequest(decodeResult: success, version: HTTP/1.1, content: EmptyByteBufBE)
GET /json/version HTTP/1.1
User-Agent: selenium/4.8.1 (java windows)
host: localhost:58243
accept: */*

Response DefaultHttpResponse(decodeResult: success, version: HTTP/1.1)
HTTP/1.1 200 OK
Content-Security-Policy: frame-ancestors 'none'
Content-Length: 424
Content-Type: application/json; charset=UTF-8

01:32:02.363 [AsyncHttpClient-1-15] DEBUG org.asynchttpclient.netty.channel.ChannelManager - Adding key: http://localhost:58243 for channel [id: 0xd2136947, L:/127.0.0.1:58249 - R:localhost/127.0.0.1:58243]
01:32:02.369 [AsyncHttpClient-1-16] DEBUG org.asynchttpclient.netty.channel.NettyConnectListener - Using new Channel '[id: 0xb1e65b0b, L:/127.0.0.1:58250 - R:localhost/127.0.0.1:58243]' for 'GET' to '/devtools/browser/79044f31-828f-416b-be1d-d246e1d04330'
01:32:02.374 [AsyncHttpClient-1-16] DEBUG org.asynchttpclient.netty.handler.WebSocketHandler - 

Request DefaultFullHttpRequest(decodeResult: success, version: HTTP/1.1, content: EmptyByteBufBE)
GET /devtools/browser/79044f31-828f-416b-be1d-d246e1d04330 HTTP/1.1
upgrade: websocket
connection: upgrade
sec-websocket-key: pwk3pUi3EJN2ocJwJrCo3Q==
sec-websocket-version: 13
origin: http://localhost:58243
host: localhost:58243
accept: */*
user-agent: AHC/2.1

Response DefaultHttpResponse(decodeResult: success, version: HTTP/1.1)
HTTP/1.1 101 WebSocket Protocol Handshake
Upgrade: WebSocket
Connection: Upgrade
Sec-WebSocket-Accept: 95b80cR1d0Ter8Iz40JbB62HpK4=

01:32:02.382 [Forwarding get on session 8112329f89c1076b59ec968603bf8cbf to remote] DEBUG org.asynchttpclient.netty.request.NettyRequestSender - Using pooled Channel '[id: 0x01ecb425, L:/127.0.0.1:58242 - R:localhost/127.0.0.1:9604]' for 'POST' to 'http://localhost:9604/session/8112329f89c1076b59ec968603bf8cbf/url'
01:32:02.382 [Forwarding get on session 8112329f89c1076b59ec968603bf8cbf to remote] DEBUG org.asynchttpclient.netty.request.NettyRequestSender - Using open Channel [id: 0x01ecb425, L:/127.0.0.1:58242 - R:localhost/127.0.0.1:9604] for POST '/session/8112329f89c1076b59ec968603bf8cbf/url'
01:32:03.046 [AsyncHttpClient-1-14] DEBUG org.asynchttpclient.netty.handler.HttpHandler - 

Request DefaultHttpRequest(decodeResult: success, version: HTTP/1.1)
POST /session/8112329f89c1076b59ec968603bf8cbf/url HTTP/1.1
User-Agent: selenium/4.8.1 (java windows)
Content-Length: 74
Content-Type: application/json; charset=utf-8
host: localhost:9604
accept: */*

Response DefaultHttpResponse(decodeResult: success, version: HTTP/1.1)
HTTP/1.1 200 OK
Content-Length: 14
Content-Type: application/json; charset=utf-8
cache-control: no-cache

01:32:03.046 [AsyncHttpClient-1-14] DEBUG org.asynchttpclient.netty.channel.ChannelManager - Adding key: http://localhost:9604 for channel [id: 0x01ecb425, L:/127.0.0.1:58242 - R:localhost/127.0.0.1:9604]
01:32:03.048 [Forwarding setTimeout on session 8112329f89c1076b59ec968603bf8cbf to remote] DEBUG org.asynchttpclient.netty.request.NettyRequestSender - Using pooled Channel '[id: 0x01ecb425, L:/127.0.0.1:58242 - R:localhost/127.0.0.1:9604]' for 'POST' to 'http://localhost:9604/session/8112329f89c1076b59ec968603bf8cbf/timeouts'
01:32:03.048 [Forwarding setTimeout on session 8112329f89c1076b59ec968603bf8cbf to remote] DEBUG org.asynchttpclient.netty.request.NettyRequestSender - Using open Channel [id: 0x01ecb425, L:/127.0.0.1:58242 - R:localhost/127.0.0.1:9604] for POST '/session/8112329f89c1076b59ec968603bf8cbf/timeouts'
01:32:03.050 [AsyncHttpClient-1-14] DEBUG org.asynchttpclient.netty.handler.HttpHandler - 

Request DefaultHttpRequest(decodeResult: success, version: HTTP/1.1)
POST /session/8112329f89c1076b59ec968603bf8cbf/timeouts HTTP/1.1
User-Agent: selenium/4.8.1 (java windows)
Content-Length: 22
Content-Type: application/json; charset=utf-8
host: localhost:9604
accept: */*

Response DefaultHttpResponse(decodeResult: success, version: HTTP/1.1)
HTTP/1.1 200 OK
Content-Length: 14
Content-Type: application/json; charset=utf-8
cache-control: no-cache

01:32:03.050 [AsyncHttpClient-1-14] DEBUG org.asynchttpclient.netty.channel.ChannelManager - Adding key: http://localhost:9604 for channel [id: 0x01ecb425, L:/127.0.0.1:58242 - R:localhost/127.0.0.1:9604]
01:32:03.060 [Forwarding getAlertText on session 8112329f89c1076b59ec968603bf8cbf to remote] DEBUG org.asynchttpclient.netty.request.NettyRequestSender - Using pooled Channel '[id: 0x01ecb425, L:/127.0.0.1:58242 - R:localhost/127.0.0.1:9604]' for 'GET' to 'http://localhost:9604/session/8112329f89c1076b59ec968603bf8cbf/alert/text'
01:32:03.060 [Forwarding getAlertText on session 8112329f89c1076b59ec968603bf8cbf to remote] DEBUG org.asynchttpclient.netty.request.NettyRequestSender - Using open Channel [id: 0x01ecb425, L:/127.0.0.1:58242 - R:localhost/127.0.0.1:9604] for GET '/session/8112329f89c1076b59ec968603bf8cbf/alert/text'
01:32:03.062 [AsyncHttpClient-1-14] DEBUG org.asynchttpclient.netty.handler.HttpHandler - 

Request DefaultFullHttpRequest(decodeResult: success, version: HTTP/1.1, content: EmptyByteBufBE)
GET /session/8112329f89c1076b59ec968603bf8cbf/alert/text HTTP/1.1
User-Agent: selenium/4.8.1 (java windows)
Cache-Control: no-cache
Content-Type: application/json; charset=utf-8
host: localhost:9604
accept: */*

Response DefaultHttpResponse(decodeResult: success, version: HTTP/1.1)
HTTP/1.1 404 Not Found
Content-Length: 816
Content-Type: application/json; charset=utf-8
cache-control: no-cache

01:32:03.063 [AsyncHttpClient-1-14] DEBUG org.asynchttpclient.netty.channel.ChannelManager - Adding key: http://localhost:9604 for channel [id: 0x01ecb425, L:/127.0.0.1:58242 - R:localhost/127.0.0.1:9604]
01:32:03.065 [Forwarding getCurrentUrl on session 8112329f89c1076b59ec968603bf8cbf to remote] DEBUG org.asynchttpclient.netty.request.NettyRequestSender - Using pooled Channel '[id: 0x01ecb425, L:/127.0.0.1:58242 - R:localhost/127.0.0.1:9604]' for 'GET' to 'http://localhost:9604/session/8112329f89c1076b59ec968603bf8cbf/url'
01:32:03.065 [Forwarding getCurrentUrl on session 8112329f89c1076b59ec968603bf8cbf to remote] DEBUG org.asynchttpclient.netty.request.NettyRequestSender - Using open Channel [id: 0x01ecb425, L:/127.0.0.1:58242 - R:localhost/127.0.0.1:9604] for GET '/session/8112329f89c1076b59ec968603bf8cbf/url'
01:32:03.071 [AsyncHttpClient-1-14] DEBUG org.asynchttpclient.netty.handler.HttpHandler - 

Request DefaultFullHttpRequest(decodeResult: success, version: HTTP/1.1, content: EmptyByteBufBE)
GET /session/8112329f89c1076b59ec968603bf8cbf/url HTTP/1.1
User-Agent: selenium/4.8.1 (java windows)
Cache-Control: no-cache
Content-Type: application/json; charset=utf-8
host: localhost:9604
accept: */*

Response DefaultHttpResponse(decodeResult: success, version: HTTP/1.1)
HTTP/1.1 200 OK
Content-Length: 51
Content-Type: application/json; charset=utf-8
cache-control: no-cache

01:32:03.071 [AsyncHttpClient-1-14] DEBUG org.asynchttpclient.netty.channel.ChannelManager - Adding key: http://localhost:9604 for channel [id: 0x01ecb425, L:/127.0.0.1:58242 - R:localhost/127.0.0.1:9604]
01:32:03.072 [Forwarding screenshot on session 8112329f89c1076b59ec968603bf8cbf to remote] DEBUG org.asynchttpclient.netty.request.NettyRequestSender - Using pooled Channel '[id: 0x01ecb425, L:/127.0.0.1:58242 - R:localhost/127.0.0.1:9604]' for 'GET' to 'http://localhost:9604/session/8112329f89c1076b59ec968603bf8cbf/screenshot'
01:32:03.072 [Forwarding screenshot on session 8112329f89c1076b59ec968603bf8cbf to remote] DEBUG org.asynchttpclient.netty.request.NettyRequestSender - Using open Channel [id: 0x01ecb425, L:/127.0.0.1:58242 - R:localhost/127.0.0.1:9604] for GET '/session/8112329f89c1076b59ec968603bf8cbf/screenshot'
01:32:03.398 [AsyncHttpClient-1-14] DEBUG org.asynchttpclient.netty.handler.HttpHandler - 

Request DefaultFullHttpRequest(decodeResult: success, version: HTTP/1.1, content: EmptyByteBufBE)
GET /session/8112329f89c1076b59ec968603bf8cbf/screenshot HTTP/1.1
User-Agent: selenium/4.8.1 (java windows)
Cache-Control: no-cache
Content-Type: application/json; charset=utf-8
host: localhost:9604
accept: */*

Response DefaultHttpResponse(decodeResult: success, version: HTTP/1.1)
HTTP/1.1 200 OK
Content-Length: 37680
Content-Type: application/json; charset=utf-8
cache-control: no-cache

01:32:03.399 [AsyncHttpClient-1-1] DEBUG org.asynchttpclient.netty.channel.DefaultChannelPool - Entry count for : http://localhost:58243 : 1
01:32:03.399 [AsyncHttpClient-1-14] DEBUG org.asynchttpclient.netty.channel.ChannelManager - Adding key: http://localhost:9604 for channel [id: 0x01ecb425, L:/127.0.0.1:58242 - R:localhost/127.0.0.1:9604]
01:32:03.402 [main] DEBUG net.serenitybdd.core.photography.Darkroom - Send negative for processing for target\site\serenity\617ccc73021c4cab9dfa54c5aa3482f15135817f8e58f0514fd8d62047c1a9ab.png
01:32:03.403 [Forwarding getPageSource on session 8112329f89c1076b59ec968603bf8cbf to remote] DEBUG org.asynchttpclient.netty.request.NettyRequestSender - Using pooled Channel '[id: 0x01ecb425, L:/127.0.0.1:58242 - R:localhost/127.0.0.1:9604]' for 'POST' to 'http://localhost:9604/session/8112329f89c1076b59ec968603bf8cbf/execute/sync'
01:32:03.403 [Forwarding getPageSource on session 8112329f89c1076b59ec968603bf8cbf to remote] DEBUG org.asynchttpclient.netty.request.NettyRequestSender - Using open Channel [id: 0x01ecb425, L:/127.0.0.1:58242 - R:localhost/127.0.0.1:9604] for POST '/session/8112329f89c1076b59ec968603bf8cbf/execute/sync'
01:32:03.410 [AsyncHttpClient-1-14] DEBUG org.asynchttpclient.netty.handler.HttpHandler - 

Request DefaultHttpRequest(decodeResult: success, version: HTTP/1.1)
POST /session/8112329f89c1076b59ec968603bf8cbf/execute/sync HTTP/1.1
User-Agent: selenium/4.8.1 (java windows)
Content-Length: 176
Content-Type: application/json; charset=utf-8
host: localhost:9604
accept: */*

Response DefaultHttpResponse(decodeResult: success, version: HTTP/1.1)
HTTP/1.1 200 OK
Content-Length: 21659
Content-Type: application/json; charset=utf-8
cache-control: no-cache

01:32:03.410 [AsyncHttpClient-1-14] DEBUG org.asynchttpclient.netty.channel.ChannelManager - Adding key: http://localhost:9604 for channel [id: 0x01ecb425, L:/127.0.0.1:58242 - R:localhost/127.0.0.1:9604]
01:32:03.413 [Forwarding getCurrentUrl on session 8112329f89c1076b59ec968603bf8cbf to remote] DEBUG org.asynchttpclient.netty.request.NettyRequestSender - Using pooled Channel '[id: 0x01ecb425, L:/127.0.0.1:58242 - R:localhost/127.0.0.1:9604]' for 'GET' to 'http://localhost:9604/session/8112329f89c1076b59ec968603bf8cbf/url'
01:32:03.413 [Forwarding getCurrentUrl on session 8112329f89c1076b59ec968603bf8cbf to remote] DEBUG org.asynchttpclient.netty.request.NettyRequestSender - Using open Channel [id: 0x01ecb425, L:/127.0.0.1:58242 - R:localhost/127.0.0.1:9604] for GET '/session/8112329f89c1076b59ec968603bf8cbf/url'
01:32:03.417 [AsyncHttpClient-1-14] DEBUG org.asynchttpclient.netty.handler.HttpHandler - 

Request DefaultFullHttpRequest(decodeResult: success, version: HTTP/1.1, content: EmptyByteBufBE)
GET /session/8112329f89c1076b59ec968603bf8cbf/url HTTP/1.1
User-Agent: selenium/4.8.1 (java windows)
Cache-Control: no-cache
Content-Type: application/json; charset=utf-8
host: localhost:9604
accept: */*

Response DefaultHttpResponse(decodeResult: success, version: HTTP/1.1)
HTTP/1.1 200 OK
Content-Length: 51
Content-Type: application/json; charset=utf-8
cache-control: no-cache

01:32:03.417 [AsyncHttpClient-1-14] DEBUG org.asynchttpclient.netty.channel.ChannelManager - Adding key: http://localhost:9604 for channel [id: 0x01ecb425, L:/127.0.0.1:58242 - R:localhost/127.0.0.1:9604]
01:32:03.419 [main] DEBUG net.thucydides.core.steps.StepInterceptor - STARTING STEP: LoginSteps.onTheLoginPage - validateOnTheLoginPage
01:32:03.421 [Forwarding findElement on session 8112329f89c1076b59ec968603bf8cbf to remote] DEBUG org.asynchttpclient.netty.request.NettyRequestSender - Using pooled Channel '[id: 0x01ecb425, L:/127.0.0.1:58242 - R:localhost/127.0.0.1:9604]' for 'POST' to 'http://localhost:9604/session/8112329f89c1076b59ec968603bf8cbf/element'
01:32:03.421 [Forwarding findElement on session 8112329f89c1076b59ec968603bf8cbf to remote] DEBUG org.asynchttpclient.netty.request.NettyRequestSender - Using open Channel [id: 0x01ecb425, L:/127.0.0.1:58242 - R:localhost/127.0.0.1:9604] for POST '/session/8112329f89c1076b59ec968603bf8cbf/element'
01:32:03.433 [AsyncHttpClient-1-14] DEBUG org.asynchttpclient.netty.handler.HttpHandler - 

Request DefaultHttpRequest(decodeResult: success, version: HTTP/1.1)
POST /session/8112329f89c1076b59ec968603bf8cbf/element HTTP/1.1
User-Agent: selenium/4.8.1 (java windows)
Content-Length: 165
Content-Type: application/json; charset=utf-8
host: localhost:9604
accept: */*

Response DefaultHttpResponse(decodeResult: success, version: HTTP/1.1)
HTTP/1.1 200 OK
Content-Length: 88
Content-Type: application/json; charset=utf-8
cache-control: no-cache

01:32:03.433 [AsyncHttpClient-1-14] DEBUG org.asynchttpclient.netty.channel.ChannelManager - Adding key: http://localhost:9604 for channel [id: 0x01ecb425, L:/127.0.0.1:58242 - R:localhost/127.0.0.1:9604]
01:32:03.437 [Forwarding isElementDisplayed on session 8112329f89c1076b59ec968603bf8cbf to remote] DEBUG org.asynchttpclient.netty.request.NettyRequestSender - Using pooled Channel '[id: 0x01ecb425, L:/127.0.0.1:58242 - R:localhost/127.0.0.1:9604]' for 'POST' to 'http://localhost:9604/session/8112329f89c1076b59ec968603bf8cbf/execute/sync'
01:32:03.437 [Forwarding isElementDisplayed on session 8112329f89c1076b59ec968603bf8cbf to remote] DEBUG org.asynchttpclient.netty.request.NettyRequestSender - Using open Channel [id: 0x01ecb425, L:/127.0.0.1:58242 - R:localhost/127.0.0.1:9604] for POST '/session/8112329f89c1076b59ec968603bf8cbf/execute/sync'
01:32:03.450 [AsyncHttpClient-1-14] DEBUG org.asynchttpclient.netty.handler.HttpHandler - 

Request DefaultHttpRequest(decodeResult: success, version: HTTP/1.1)
POST /session/8112329f89c1076b59ec968603bf8cbf/execute/sync HTTP/1.1
User-Agent: selenium/4.8.1 (java windows)
Content-Length: 48807
Content-Type: application/json; charset=utf-8
host: localhost:9604
accept: */*

Response DefaultHttpResponse(decodeResult: success, version: HTTP/1.1)
HTTP/1.1 200 OK
Content-Length: 14
Content-Type: application/json; charset=utf-8
cache-control: no-cache

01:32:03.450 [AsyncHttpClient-1-14] DEBUG org.asynchttpclient.netty.channel.ChannelManager - Adding key: http://localhost:9604 for channel [id: 0x01ecb425, L:/127.0.0.1:58242 - R:localhost/127.0.0.1:9604]
01:32:03.455 [Forwarding getAlertText on session 8112329f89c1076b59ec968603bf8cbf to remote] DEBUG org.asynchttpclient.netty.request.NettyRequestSender - Using pooled Channel '[id: 0x01ecb425, L:/127.0.0.1:58242 - R:localhost/127.0.0.1:9604]' for 'GET' to 'http://localhost:9604/session/8112329f89c1076b59ec968603bf8cbf/alert/text'
01:32:03.455 [Forwarding getAlertText on session 8112329f89c1076b59ec968603bf8cbf to remote] DEBUG org.asynchttpclient.netty.request.NettyRequestSender - Using open Channel [id: 0x01ecb425, L:/127.0.0.1:58242 - R:localhost/127.0.0.1:9604] for GET '/session/8112329f89c1076b59ec968603bf8cbf/alert/text'
01:32:03.456 [AsyncHttpClient-1-14] DEBUG org.asynchttpclient.netty.handler.HttpHandler - 

Request DefaultFullHttpRequest(decodeResult: success, version: HTTP/1.1, content: EmptyByteBufBE)
GET /session/8112329f89c1076b59ec968603bf8cbf/alert/text HTTP/1.1
User-Agent: selenium/4.8.1 (java windows)
Cache-Control: no-cache
Content-Type: application/json; charset=utf-8
host: localhost:9604
accept: */*

Response DefaultHttpResponse(decodeResult: success, version: HTTP/1.1)
HTTP/1.1 404 Not Found
Content-Length: 816
Content-Type: application/json; charset=utf-8
cache-control: no-cache

01:32:03.457 [AsyncHttpClient-1-14] DEBUG org.asynchttpclient.netty.channel.ChannelManager - Adding key: http://localhost:9604 for channel [id: 0x01ecb425, L:/127.0.0.1:58242 - R:localhost/127.0.0.1:9604]
01:32:03.458 [Forwarding getCurrentUrl on session 8112329f89c1076b59ec968603bf8cbf to remote] DEBUG org.asynchttpclient.netty.request.NettyRequestSender - Using pooled Channel '[id: 0x01ecb425, L:/127.0.0.1:58242 - R:localhost/127.0.0.1:9604]' for 'GET' to 'http://localhost:9604/session/8112329f89c1076b59ec968603bf8cbf/url'
01:32:03.458 [Forwarding getCurrentUrl on session 8112329f89c1076b59ec968603bf8cbf to remote] DEBUG org.asynchttpclient.netty.request.NettyRequestSender - Using open Channel [id: 0x01ecb425, L:/127.0.0.1:58242 - R:localhost/127.0.0.1:9604] for GET '/session/8112329f89c1076b59ec968603bf8cbf/url'
01:32:03.461 [AsyncHttpClient-1-14] DEBUG org.asynchttpclient.netty.handler.HttpHandler - 

Request DefaultFullHttpRequest(decodeResult: success, version: HTTP/1.1, content: EmptyByteBufBE)
GET /session/8112329f89c1076b59ec968603bf8cbf/url HTTP/1.1
User-Agent: selenium/4.8.1 (java windows)
Cache-Control: no-cache
Content-Type: application/json; charset=utf-8
host: localhost:9604
accept: */*

Response DefaultHttpResponse(decodeResult: success, version: HTTP/1.1)
HTTP/1.1 200 OK
Content-Length: 51
Content-Type: application/json; charset=utf-8
cache-control: no-cache

01:32:03.461 [AsyncHttpClient-1-14] DEBUG org.asynchttpclient.netty.channel.ChannelManager - Adding key: http://localhost:9604 for channel [id: 0x01ecb425, L:/127.0.0.1:58242 - R:localhost/127.0.0.1:9604]
01:32:03.462 [Forwarding screenshot on session 8112329f89c1076b59ec968603bf8cbf to remote] DEBUG org.asynchttpclient.netty.request.NettyRequestSender - Using pooled Channel '[id: 0x01ecb425, L:/127.0.0.1:58242 - R:localhost/127.0.0.1:9604]' for 'GET' to 'http://localhost:9604/session/8112329f89c1076b59ec968603bf8cbf/screenshot'
01:32:03.462 [Forwarding screenshot on session 8112329f89c1076b59ec968603bf8cbf to remote] DEBUG org.asynchttpclient.netty.request.NettyRequestSender - Using open Channel [id: 0x01ecb425, L:/127.0.0.1:58242 - R:localhost/127.0.0.1:9604] for GET '/session/8112329f89c1076b59ec968603bf8cbf/screenshot'
01:32:03.594 [AsyncHttpClient-1-14] DEBUG org.asynchttpclient.netty.handler.HttpHandler - 

Request DefaultFullHttpRequest(decodeResult: success, version: HTTP/1.1, content: EmptyByteBufBE)
GET /session/8112329f89c1076b59ec968603bf8cbf/screenshot HTTP/1.1
User-Agent: selenium/4.8.1 (java windows)
Cache-Control: no-cache
Content-Type: application/json; charset=utf-8
host: localhost:9604
accept: */*

Response DefaultHttpResponse(decodeResult: success, version: HTTP/1.1)
HTTP/1.1 200 OK
Content-Length: 37680
Content-Type: application/json; charset=utf-8
cache-control: no-cache

01:32:03.595 [AsyncHttpClient-1-14] DEBUG org.asynchttpclient.netty.channel.ChannelManager - Adding key: http://localhost:9604 for channel [id: 0x01ecb425, L:/127.0.0.1:58242 - R:localhost/127.0.0.1:9604]
01:32:03.597 [main] DEBUG net.serenitybdd.core.photography.Darkroom - Send negative for processing for target\site\serenity\617ccc73021c4cab9dfa54c5aa3482f15135817f8e58f0514fd8d62047c1a9ab.png
01:32:03.597 [main] DEBUG net.thucydides.core.steps.StepInterceptor - STEP DONE: validateOnTheLoginPage
  &amp#27;[32mGiven &amp#27;[0m&amp#27;[32mI am on the login page&amp#27;[0m                                      &amp#27;[90m# starter.stepdefinitions.LoginSteps.onTheLoginPage()&amp#27;[0m
01:32:03.607 [Forwarding getPageSource on session 8112329f89c1076b59ec968603bf8cbf to remote] DEBUG org.asynchttpclient.netty.request.NettyRequestSender - Using pooled Channel '[id: 0x01ecb425, L:/127.0.0.1:58242 - R:localhost/127.0.0.1:9604]' for 'POST' to 'http://localhost:9604/session/8112329f89c1076b59ec968603bf8cbf/execute/sync'
01:32:03.607 [Forwarding getPageSource on session 8112329f89c1076b59ec968603bf8cbf to remote] DEBUG org.asynchttpclient.netty.request.NettyRequestSender - Using open Channel [id: 0x01ecb425, L:/127.0.0.1:58242 - R:localhost/127.0.0.1:9604] for POST '/session/8112329f89c1076b59ec968603bf8cbf/execute/sync'
01:32:03.612 [AsyncHttpClient-1-14] DEBUG org.asynchttpclient.netty.handler.HttpHandler - 

Request DefaultHttpRequest(decodeResult: success, version: HTTP/1.1)
POST /session/8112329f89c1076b59ec968603bf8cbf/execute/sync HTTP/1.1
User-Agent: selenium/4.8.1 (java windows)
Content-Length: 176
Content-Type: application/json; charset=utf-8
host: localhost:9604
accept: */*

Response DefaultHttpResponse(decodeResult: success, version: HTTP/1.1)
HTTP/1.1 200 OK
Content-Length: 21659
Content-Type: application/json; charset=utf-8
cache-control: no-cache

01:32:03.613 [AsyncHttpClient-1-14] DEBUG org.asynchttpclient.netty.channel.ChannelManager - Adding key: http://localhost:9604 for channel [id: 0x01ecb425, L:/127.0.0.1:58242 - R:localhost/127.0.0.1:9604]
01:32:03.616 [Forwarding getCurrentUrl on session 8112329f89c1076b59ec968603bf8cbf to remote] DEBUG org.asynchttpclient.netty.request.NettyRequestSender - Using pooled Channel '[id: 0x01ecb425, L:/127.0.0.1:58242 - R:localhost/127.0.0.1:9604]' for 'GET' to 'http://localhost:9604/session/8112329f89c1076b59ec968603bf8cbf/url'
01:32:03.616 [Forwarding getCurrentUrl on session 8112329f89c1076b59ec968603bf8cbf to remote] DEBUG org.asynchttpclient.netty.request.NettyRequestSender - Using open Channel [id: 0x01ecb425, L:/127.0.0.1:58242 - R:localhost/127.0.0.1:9604] for GET '/session/8112329f89c1076b59ec968603bf8cbf/url'
01:32:03.620 [AsyncHttpClient-1-14] DEBUG org.asynchttpclient.netty.handler.HttpHandler - 

Request DefaultFullHttpRequest(decodeResult: success, version: HTTP/1.1, content: EmptyByteBufBE)
GET /session/8112329f89c1076b59ec968603bf8cbf/url HTTP/1.1
User-Agent: selenium/4.8.1 (java windows)
Cache-Control: no-cache
Content-Type: application/json; charset=utf-8
host: localhost:9604
accept: */*

Response DefaultHttpResponse(decodeResult: success, version: HTTP/1.1)
HTTP/1.1 200 OK
Content-Length: 51
Content-Type: application/json; charset=utf-8
cache-control: no-cache

01:32:03.620 [AsyncHttpClient-1-14] DEBUG org.asynchttpclient.netty.channel.ChannelManager - Adding key: http://localhost:9604 for channel [id: 0x01ecb425, L:/127.0.0.1:58242 - R:localhost/127.0.0.1:9604]
01:32:03.628 [Forwarding getPageSource on session 8112329f89c1076b59ec968603bf8cbf to remote] DEBUG org.asynchttpclient.netty.request.NettyRequestSender - Using pooled Channel '[id: 0x01ecb425, L:/127.0.0.1:58242 - R:localhost/127.0.0.1:9604]' for 'POST' to 'http://localhost:9604/session/8112329f89c1076b59ec968603bf8cbf/execute/sync'
01:32:03.628 [Forwarding getPageSource on session 8112329f89c1076b59ec968603bf8cbf to remote] DEBUG org.asynchttpclient.netty.request.NettyRequestSender - Using open Channel [id: 0x01ecb425, L:/127.0.0.1:58242 - R:localhost/127.0.0.1:9604] for POST '/session/8112329f89c1076b59ec968603bf8cbf/execute/sync'
01:32:03.635 [AsyncHttpClient-1-14] DEBUG org.asynchttpclient.netty.handler.HttpHandler - 

Request DefaultHttpRequest(decodeResult: success, version: HTTP/1.1)
POST /session/8112329f89c1076b59ec968603bf8cbf/execute/sync HTTP/1.1
User-Agent: selenium/4.8.1 (java windows)
Content-Length: 176
Content-Type: application/json; charset=utf-8
host: localhost:9604
accept: */*

Response DefaultHttpResponse(decodeResult: success, version: HTTP/1.1)
HTTP/1.1 200 OK
Content-Length: 21659
Content-Type: application/json; charset=utf-8
cache-control: no-cache

01:32:03.635 [AsyncHttpClient-1-14] DEBUG org.asynchttpclient.netty.channel.ChannelManager - Adding key: http://localhost:9604 for channel [id: 0x01ecb425, L:/127.0.0.1:58242 - R:localhost/127.0.0.1:9604]
01:32:03.639 [Forwarding getCurrentUrl on session 8112329f89c1076b59ec968603bf8cbf to remote] DEBUG org.asynchttpclient.netty.request.NettyRequestSender - Using pooled Channel '[id: 0x01ecb425, L:/127.0.0.1:58242 - R:localhost/127.0.0.1:9604]' for 'GET' to 'http://localhost:9604/session/8112329f89c1076b59ec968603bf8cbf/url'
01:32:03.639 [Forwarding getCurrentUrl on session 8112329f89c1076b59ec968603bf8cbf to remote] DEBUG org.asynchttpclient.netty.request.NettyRequestSender - Using open Channel [id: 0x01ecb425, L:/127.0.0.1:58242 - R:localhost/127.0.0.1:9604] for GET '/session/8112329f89c1076b59ec968603bf8cbf/url'
01:32:03.644 [AsyncHttpClient-1-14] DEBUG org.asynchttpclient.netty.handler.HttpHandler - 

Request DefaultFullHttpRequest(decodeResult: success, version: HTTP/1.1, content: EmptyByteBufBE)
GET /session/8112329f89c1076b59ec968603bf8cbf/url HTTP/1.1
User-Agent: selenium/4.8.1 (java windows)
Cache-Control: no-cache
Content-Type: application/json; charset=utf-8
host: localhost:9604
accept: */*

Response DefaultHttpResponse(decodeResult: success, version: HTTP/1.1)
HTTP/1.1 200 OK
Content-Length: 51
Content-Type: application/json; charset=utf-8
cache-control: no-cache

01:32:03.645 [AsyncHttpClient-1-14] DEBUG org.asynchttpclient.netty.channel.ChannelManager - Adding key: http://localhost:9604 for channel [id: 0x01ecb425, L:/127.0.0.1:58242 - R:localhost/127.0.0.1:9604]
01:32:03.647 [main] DEBUG net.thucydides.core.steps.StepInterceptor - STARTING STEP: LoginSteps.enterEmptyUsername - inputUsername
01:32:03.650 [Forwarding findElement on session 8112329f89c1076b59ec968603bf8cbf to remote] DEBUG org.asynchttpclient.netty.request.NettyRequestSender - Using pooled Channel '[id: 0x01ecb425, L:/127.0.0.1:58242 - R:localhost/127.0.0.1:9604]' for 'POST' to 'http://localhost:9604/session/8112329f89c1076b59ec968603bf8cbf/element'
01:32:03.650 [Forwarding findElement on session 8112329f89c1076b59ec968603bf8cbf to remote] DEBUG org.asynchttpclient.netty.request.NettyRequestSender - Using open Channel [id: 0x01ecb425, L:/127.0.0.1:58242 - R:localhost/127.0.0.1:9604] for POST '/session/8112329f89c1076b59ec968603bf8cbf/element'
01:32:03.666 [AsyncHttpClient-1-14] DEBUG org.asynchttpclient.netty.handler.HttpHandler - 

Request DefaultHttpRequest(decodeResult: success, version: HTTP/1.1)
POST /session/8112329f89c1076b59ec968603bf8cbf/element HTTP/1.1
User-Agent: selenium/4.8.1 (java windows)
Content-Length: 68
Content-Type: application/json; charset=utf-8
host: localhost:9604
accept: */*

Response DefaultHttpResponse(decodeResult: success, version: HTTP/1.1)
HTTP/1.1 200 OK
Content-Length: 88
Content-Type: application/json; charset=utf-8
cache-control: no-cache

01:32:03.667 [AsyncHttpClient-1-14] DEBUG org.asynchttpclient.netty.channel.ChannelManager - Adding key: http://localhost:9604 for channel [id: 0x01ecb425, L:/127.0.0.1:58242 - R:localhost/127.0.0.1:9604]
01:32:03.669 [Forwarding clearElement on session 8112329f89c1076b59ec968603bf8cbf to remote] DEBUG org.asynchttpclient.netty.request.NettyRequestSender - Using pooled Channel '[id: 0x01ecb425, L:/127.0.0.1:58242 - R:localhost/127.0.0.1:9604]' for 'POST' to 'http://localhost:9604/session/8112329f89c1076b59ec968603bf8cbf/element/a292567a-e521-4c70-873c-ebc3707ff246/clear'
01:32:03.669 [Forwarding clearElement on session 8112329f89c1076b59ec968603bf8cbf to remote] DEBUG org.asynchttpclient.netty.request.NettyRequestSender - Using open Channel [id: 0x01ecb425, L:/127.0.0.1:58242 - R:localhost/127.0.0.1:9604] for POST '/session/8112329f89c1076b59ec968603bf8cbf/element/a292567a-e521-4c70-873c-ebc3707ff246/clear'
01:32:03.713 [AsyncHttpClient-1-14] DEBUG org.asynchttpclient.netty.handler.HttpHandler - 

Request DefaultHttpRequest(decodeResult: success, version: HTTP/1.1)
POST /session/8112329f89c1076b59ec968603bf8cbf/element/a292567a-e521-4c70-873c-ebc3707ff246/clear HTTP/1.1
User-Agent: selenium/4.8.1 (java windows)
Content-Length: 50
Content-Type: application/json; charset=utf-8
host: localhost:9604
accept: */*

Response DefaultHttpResponse(decodeResult: success, version: HTTP/1.1)
HTTP/1.1 200 OK
Content-Length: 14
Content-Type: application/json; charset=utf-8
cache-control: no-cache

01:32:03.714 [AsyncHttpClient-1-14] DEBUG org.asynchttpclient.netty.channel.ChannelManager - Adding key: http://localhost:9604 for channel [id: 0x01ecb425, L:/127.0.0.1:58242 - R:localhost/127.0.0.1:9604]
01:32:03.716 [Forwarding sendKeysToElement on session 8112329f89c1076b59ec968603bf8cbf to remote] DEBUG org.asynchttpclient.netty.request.NettyRequestSender - Using pooled Channel '[id: 0x01ecb425, L:/127.0.0.1:58242 - R:localhost/127.0.0.1:9604]' for 'POST' to 'http://localhost:9604/session/8112329f89c1076b59ec968603bf8cbf/element/a292567a-e521-4c70-873c-ebc3707ff246/value'
01:32:03.716 [Forwarding sendKeysToElement on session 8112329f89c1076b59ec968603bf8cbf to remote] DEBUG org.asynchttpclient.netty.request.NettyRequestSender - Using open Channel [id: 0x01ecb425, L:/127.0.0.1:58242 - R:localhost/127.0.0.1:9604] for POST '/session/8112329f89c1076b59ec968603bf8cbf/element/a292567a-e521-4c70-873c-ebc3707ff246/value'
01:32:03.769 [AsyncHttpClient-1-14] DEBUG org.asynchttpclient.netty.handler.HttpHandler - 

Request DefaultHttpRequest(decodeResult: success, version: HTTP/1.1)
POST /session/8112329f89c1076b59ec968603bf8cbf/element/a292567a-e521-4c70-873c-ebc3707ff246/value HTTP/1.1
User-Agent: selenium/4.8.1 (java windows)
Content-Length: 82
Content-Type: application/json; charset=utf-8
host: localhost:9604
accept: */*

Response DefaultHttpResponse(decodeResult: success, version: HTTP/1.1)
HTTP/1.1 200 OK
Content-Length: 14
Content-Type: application/json; charset=utf-8
cache-control: no-cache

01:32:03.769 [AsyncHttpClient-1-14] DEBUG org.asynchttpclient.netty.channel.ChannelManager - Adding key: http://localhost:9604 for channel [id: 0x01ecb425, L:/127.0.0.1:58242 - R:localhost/127.0.0.1:9604]
01:32:03.779 [Forwarding getAlertText on session 8112329f89c1076b59ec968603bf8cbf to remote] DEBUG org.asynchttpclient.netty.request.NettyRequestSender - Using pooled Channel '[id: 0x01ecb425, L:/127.0.0.1:58242 - R:localhost/127.0.0.1:9604]' for 'GET' to 'http://localhost:9604/session/8112329f89c1076b59ec968603bf8cbf/alert/text'
01:32:03.779 [Forwarding getAlertText on session 8112329f89c1076b59ec968603bf8cbf to remote] DEBUG org.asynchttpclient.netty.request.NettyRequestSender - Using open Channel [id: 0x01ecb425, L:/127.0.0.1:58242 - R:localhost/127.0.0.1:9604] for GET '/session/8112329f89c1076b59ec968603bf8cbf/alert/text'
01:32:03.781 [AsyncHttpClient-1-14] DEBUG org.asynchttpclient.netty.handler.HttpHandler - 

Request DefaultFullHttpRequest(decodeResult: success, version: HTTP/1.1, content: EmptyByteBufBE)
GET /session/8112329f89c1076b59ec968603bf8cbf/alert/text HTTP/1.1
User-Agent: selenium/4.8.1 (java windows)
Cache-Control: no-cache
Content-Type: application/json; charset=utf-8
host: localhost:9604
accept: */*

Response DefaultHttpResponse(decodeResult: success, version: HTTP/1.1)
HTTP/1.1 404 Not Found
Content-Length: 816
Content-Type: application/json; charset=utf-8
cache-control: no-cache

01:32:03.782 [AsyncHttpClient-1-14] DEBUG org.asynchttpclient.netty.channel.ChannelManager - Adding key: http://localhost:9604 for channel [id: 0x01ecb425, L:/127.0.0.1:58242 - R:localhost/127.0.0.1:9604]
01:32:03.784 [Forwarding getCurrentUrl on session 8112329f89c1076b59ec968603bf8cbf to remote] DEBUG org.asynchttpclient.netty.request.NettyRequestSender - Using pooled Channel '[id: 0x01ecb425, L:/127.0.0.1:58242 - R:localhost/127.0.0.1:9604]' for 'GET' to 'http://localhost:9604/session/8112329f89c1076b59ec968603bf8cbf/url'
01:32:03.784 [Forwarding getCurrentUrl on session 8112329f89c1076b59ec968603bf8cbf to remote] DEBUG org.asynchttpclient.netty.request.NettyRequestSender - Using open Channel [id: 0x01ecb425, L:/127.0.0.1:58242 - R:localhost/127.0.0.1:9604] for GET '/session/8112329f89c1076b59ec968603bf8cbf/url'
01:32:03.790 [AsyncHttpClient-1-14] DEBUG org.asynchttpclient.netty.handler.HttpHandler - 

Request DefaultFullHttpRequest(decodeResult: success, version: HTTP/1.1, content: EmptyByteBufBE)
GET /session/8112329f89c1076b59ec968603bf8cbf/url HTTP/1.1
User-Agent: selenium/4.8.1 (java windows)
Cache-Control: no-cache
Content-Type: application/json; charset=utf-8
host: localhost:9604
accept: */*

Response DefaultHttpResponse(decodeResult: success, version: HTTP/1.1)
HTTP/1.1 200 OK
Content-Length: 51
Content-Type: application/json; charset=utf-8
cache-control: no-cache

01:32:03.790 [AsyncHttpClient-1-14] DEBUG org.asynchttpclient.netty.channel.ChannelManager - Adding key: http://localhost:9604 for channel [id: 0x01ecb425, L:/127.0.0.1:58242 - R:localhost/127.0.0.1:9604]
01:32:03.791 [Forwarding screenshot on session 8112329f89c1076b59ec968603bf8cbf to remote] DEBUG org.asynchttpclient.netty.request.NettyRequestSender - Using pooled Channel '[id: 0x01ecb425, L:/127.0.0.1:58242 - R:localhost/127.0.0.1:9604]' for 'GET' to 'http://localhost:9604/session/8112329f89c1076b59ec968603bf8cbf/screenshot'
01:32:03.791 [Forwarding screenshot on session 8112329f89c1076b59ec968603bf8cbf to remote] DEBUG org.asynchttpclient.netty.request.NettyRequestSender - Using open Channel [id: 0x01ecb425, L:/127.0.0.1:58242 - R:localhost/127.0.0.1:9604] for GET '/session/8112329f89c1076b59ec968603bf8cbf/screenshot'
01:32:03.948 [AsyncHttpClient-1-14] DEBUG org.asynchttpclient.netty.handler.HttpHandler - 

Request DefaultFullHttpRequest(decodeResult: success, version: HTTP/1.1, content: EmptyByteBufBE)
GET /session/8112329f89c1076b59ec968603bf8cbf/screenshot HTTP/1.1
User-Agent: selenium/4.8.1 (java windows)
Cache-Control: no-cache
Content-Type: application/json; charset=utf-8
host: localhost:9604
accept: */*

Response DefaultHttpResponse(decodeResult: success, version: HTTP/1.1)
HTTP/1.1 200 OK
Content-Length: 38056
Content-Type: application/json; charset=utf-8
cache-control: no-cache

01:32:03.949 [AsyncHttpClient-1-14] DEBUG org.asynchttpclient.netty.channel.ChannelManager - Adding key: http://localhost:9604 for channel [id: 0x01ecb425, L:/127.0.0.1:58242 - R:localhost/127.0.0.1:9604]
01:32:03.953 [main] DEBUG net.serenitybdd.core.photography.Darkroom - Send negative for processing for target\site\serenity\669831918e7cd5ff513b01d72a38c9e401032b1a2c5638c0e650b6c28e202af6.png
01:32:03.954 [Darkroom Processing Line] DEBUG net.serenitybdd.core.photography.DarkroomProcessingLine - Processing screenshot image in /var/screenshots/screenshot-5404905522788987058
01:32:03.954 [main] DEBUG net.thucydides.core.steps.StepInterceptor - STEP DONE: inputUsername
01:32:03.954 [Darkroom Processing Line] DEBUG net.serenitybdd.core.photography.DarkroomProcessingLine - Saving screenshot to target\site\serenity\669831918e7cd5ff513b01d72a38c9e401032b1a2c5638c0e650b6c28e202af6.png
  &amp#27;[32mWhen &amp#27;[0m&amp#27;[32mI enter empty email&amp#27;[0m                                          &amp#27;[90m# starter.stepdefinitions.LoginSteps.enterEmptyUsername()&amp#27;[0m
01:32:03.973 [Forwarding getPageSource on session 8112329f89c1076b59ec968603bf8cbf to remote] DEBUG org.asynchttpclient.netty.request.NettyRequestSender - Using pooled Channel '[id: 0x01ecb425, L:/127.0.0.1:58242 - R:localhost/127.0.0.1:9604]' for 'POST' to 'http://localhost:9604/session/8112329f89c1076b59ec968603bf8cbf/execute/sync'
01:32:03.973 [Forwarding getPageSource on session 8112329f89c1076b59ec968603bf8cbf to remote] DEBUG org.asynchttpclient.netty.request.NettyRequestSender - Using open Channel [id: 0x01ecb425, L:/127.0.0.1:58242 - R:localhost/127.0.0.1:9604] for POST '/session/8112329f89c1076b59ec968603bf8cbf/execute/sync'
01:32:03.980 [AsyncHttpClient-1-14] DEBUG org.asynchttpclient.netty.handler.HttpHandler - 

Request DefaultHttpRequest(decodeResult: success, version: HTTP/1.1)
POST /session/8112329f89c1076b59ec968603bf8cbf/execute/sync HTTP/1.1
User-Agent: selenium/4.8.1 (java windows)
Content-Length: 176
Content-Type: application/json; charset=utf-8
host: localhost:9604
accept: */*

Response DefaultHttpResponse(decodeResult: success, version: HTTP/1.1)
HTTP/1.1 200 OK
Content-Length: 21737
Content-Type: application/json; charset=utf-8
cache-control: no-cache

01:32:03.981 [AsyncHttpClient-1-14] DEBUG org.asynchttpclient.netty.channel.ChannelManager - Adding key: http://localhost:9604 for channel [id: 0x01ecb425, L:/127.0.0.1:58242 - R:localhost/127.0.0.1:9604]
01:32:03.988 [Forwarding getCurrentUrl on session 8112329f89c1076b59ec968603bf8cbf to remote] DEBUG org.asynchttpclient.netty.request.NettyRequestSender - Using pooled Channel '[id: 0x01ecb425, L:/127.0.0.1:58242 - R:localhost/127.0.0.1:9604]' for 'GET' to 'http://localhost:9604/session/8112329f89c1076b59ec968603bf8cbf/url'
01:32:03.988 [Forwarding getCurrentUrl on session 8112329f89c1076b59ec968603bf8cbf to remote] DEBUG org.asynchttpclient.netty.request.NettyRequestSender - Using open Channel [id: 0x01ecb425, L:/127.0.0.1:58242 - R:localhost/127.0.0.1:9604] for GET '/session/8112329f89c1076b59ec968603bf8cbf/url'
01:32:03.993 [AsyncHttpClient-1-14] DEBUG org.asynchttpclient.netty.handler.HttpHandler - 

Request DefaultFullHttpRequest(decodeResult: success, version: HTTP/1.1, content: EmptyByteBufBE)
GET /session/8112329f89c1076b59ec968603bf8cbf/url HTTP/1.1
User-Agent: selenium/4.8.1 (java windows)
Cache-Control: no-cache
Content-Type: application/json; charset=utf-8
host: localhost:9604
accept: */*

Response DefaultHttpResponse(decodeResult: success, version: HTTP/1.1)
HTTP/1.1 200 OK
Content-Length: 51
Content-Type: application/json; charset=utf-8
cache-control: no-cache

01:32:03.993 [AsyncHttpClient-1-14] DEBUG org.asynchttpclient.netty.channel.ChannelManager - Adding key: http://localhost:9604 for channel [id: 0x01ecb425, L:/127.0.0.1:58242 - R:localhost/127.0.0.1:9604]
01:32:04.008 [Forwarding getAlertText on session 8112329f89c1076b59ec968603bf8cbf to remote] DEBUG org.asynchttpclient.netty.request.NettyRequestSender - Using pooled Channel '[id: 0x01ecb425, L:/127.0.0.1:58242 - R:localhost/127.0.0.1:9604]' for 'GET' to 'http://localhost:9604/session/8112329f89c1076b59ec968603bf8cbf/alert/text'
01:32:04.008 [Forwarding getAlertText on session 8112329f89c1076b59ec968603bf8cbf to remote] DEBUG org.asynchttpclient.netty.request.NettyRequestSender - Using open Channel [id: 0x01ecb425, L:/127.0.0.1:58242 - R:localhost/127.0.0.1:9604] for GET '/session/8112329f89c1076b59ec968603bf8cbf/alert/text'
01:32:04.011 [AsyncHttpClient-1-14] DEBUG org.asynchttpclient.netty.handler.HttpHandler - 

Request DefaultFullHttpRequest(decodeResult: success, version: HTTP/1.1, content: EmptyByteBufBE)
GET /session/8112329f89c1076b59ec968603bf8cbf/alert/text HTTP/1.1
User-Agent: selenium/4.8.1 (java windows)
Cache-Control: no-cache
Content-Type: application/json; charset=utf-8
host: localhost:9604
accept: */*

Response DefaultHttpResponse(decodeResult: success, version: HTTP/1.1)
HTTP/1.1 404 Not Found
Content-Length: 816
Content-Type: application/json; charset=utf-8
cache-control: no-cache

01:32:04.012 [AsyncHttpClient-1-14] DEBUG org.asynchttpclient.netty.channel.ChannelManager - Adding key: http://localhost:9604 for channel [id: 0x01ecb425, L:/127.0.0.1:58242 - R:localhost/127.0.0.1:9604]
01:32:04.014 [Forwarding getCurrentUrl on session 8112329f89c1076b59ec968603bf8cbf to remote] DEBUG org.asynchttpclient.netty.request.NettyRequestSender - Using pooled Channel '[id: 0x01ecb425, L:/127.0.0.1:58242 - R:localhost/127.0.0.1:9604]' for 'GET' to 'http://localhost:9604/session/8112329f89c1076b59ec968603bf8cbf/url'
01:32:04.014 [Forwarding getCurrentUrl on session 8112329f89c1076b59ec968603bf8cbf to remote] DEBUG org.asynchttpclient.netty.request.NettyRequestSender - Using open Channel [id: 0x01ecb425, L:/127.0.0.1:58242 - R:localhost/127.0.0.1:9604] for GET '/session/8112329f89c1076b59ec968603bf8cbf/url'
01:32:04.021 [AsyncHttpClient-1-14] DEBUG org.asynchttpclient.netty.handler.HttpHandler - 

Request DefaultFullHttpRequest(decodeResult: success, version: HTTP/1.1, content: EmptyByteBufBE)
GET /session/8112329f89c1076b59ec968603bf8cbf/url HTTP/1.1
User-Agent: selenium/4.8.1 (java windows)
Cache-Control: no-cache
Content-Type: application/json; charset=utf-8
host: localhost:9604
accept: */*

Response DefaultHttpResponse(decodeResult: success, version: HTTP/1.1)
HTTP/1.1 200 OK
Content-Length: 51
Content-Type: application/json; charset=utf-8
cache-control: no-cache

01:32:04.022 [AsyncHttpClient-1-14] DEBUG org.asynchttpclient.netty.channel.ChannelManager - Adding key: http://localhost:9604 for channel [id: 0x01ecb425, L:/127.0.0.1:58242 - R:localhost/127.0.0.1:9604]
01:32:04.023 [Forwarding screenshot on session 8112329f89c1076b59ec968603bf8cbf to remote] DEBUG org.asynchttpclient.netty.request.NettyRequestSender - Using pooled Channel '[id: 0x01ecb425, L:/127.0.0.1:58242 - R:localhost/127.0.0.1:9604]' for 'GET' to 'http://localhost:9604/session/8112329f89c1076b59ec968603bf8cbf/screenshot'
01:32:04.023 [Forwarding screenshot on session 8112329f89c1076b59ec968603bf8cbf to remote] DEBUG org.asynchttpclient.netty.request.NettyRequestSender - Using open Channel [id: 0x01ecb425, L:/127.0.0.1:58242 - R:localhost/127.0.0.1:9604] for GET '/session/8112329f89c1076b59ec968603bf8cbf/screenshot'
01:32:04.175 [AsyncHttpClient-1-14] DEBUG org.asynchttpclient.netty.handler.HttpHandler - 

Request DefaultFullHttpRequest(decodeResult: success, version: HTTP/1.1, content: EmptyByteBufBE)
GET /session/8112329f89c1076b59ec968603bf8cbf/screenshot HTTP/1.1
User-Agent: selenium/4.8.1 (java windows)
Cache-Control: no-cache
Content-Type: application/json; charset=utf-8
host: localhost:9604
accept: */*

Response DefaultHttpResponse(decodeResult: success, version: HTTP/1.1)
HTTP/1.1 200 OK
Content-Length: 37316
Content-Type: application/json; charset=utf-8
cache-control: no-cache

01:32:04.176 [AsyncHttpClient-1-14] DEBUG org.asynchttpclient.netty.channel.ChannelManager - Adding key: http://localhost:9604 for channel [id: 0x01ecb425, L:/127.0.0.1:58242 - R:localhost/127.0.0.1:9604]
01:32:04.178 [main] DEBUG net.serenitybdd.core.photography.Darkroom - Send negative for processing for target\site\serenity\dae2dab96bb2072eda7cb4f52787ef36a613a23dc8711070167bd3a302ece49c.png
01:32:04.178 [Darkroom Processing Line] DEBUG net.serenitybdd.core.photography.DarkroomProcessingLine - Processing screenshot image in /var/screenshots/screenshot-3654230290647819920
01:32:04.178 [Darkroom Processing Line] DEBUG net.serenitybdd.core.photography.DarkroomProcessingLine - Saving screenshot to target\site\serenity\dae2dab96bb2072eda7cb4f52787ef36a613a23dc8711070167bd3a302ece49c.png
01:32:04.180 [Forwarding getPageSource on session 8112329f89c1076b59ec968603bf8cbf to remote] DEBUG org.asynchttpclient.netty.request.NettyRequestSender - Using pooled Channel '[id: 0x01ecb425, L:/127.0.0.1:58242 - R:localhost/127.0.0.1:9604]' for 'POST' to 'http://localhost:9604/session/8112329f89c1076b59ec968603bf8cbf/execute/sync'
01:32:04.180 [Forwarding getPageSource on session 8112329f89c1076b59ec968603bf8cbf to remote] DEBUG org.asynchttpclient.netty.request.NettyRequestSender - Using open Channel [id: 0x01ecb425, L:/127.0.0.1:58242 - R:localhost/127.0.0.1:9604] for POST '/session/8112329f89c1076b59ec968603bf8cbf/execute/sync'
01:32:04.186 [AsyncHttpClient-1-14] DEBUG org.asynchttpclient.netty.handler.HttpHandler - 

Request DefaultHttpRequest(decodeResult: success, version: HTTP/1.1)
POST /session/8112329f89c1076b59ec968603bf8cbf/execute/sync HTTP/1.1
User-Agent: selenium/4.8.1 (java windows)
Content-Length: 176
Content-Type: application/json; charset=utf-8
host: localhost:9604
accept: */*

Response DefaultHttpResponse(decodeResult: success, version: HTTP/1.1)
HTTP/1.1 200 OK
Content-Length: 21737
Content-Type: application/json; charset=utf-8
cache-control: no-cache

01:32:04.186 [AsyncHttpClient-1-14] DEBUG org.asynchttpclient.netty.channel.ChannelManager - Adding key: http://localhost:9604 for channel [id: 0x01ecb425, L:/127.0.0.1:58242 - R:localhost/127.0.0.1:9604]
01:32:04.189 [Forwarding getCurrentUrl on session 8112329f89c1076b59ec968603bf8cbf to remote] DEBUG org.asynchttpclient.netty.request.NettyRequestSender - Using pooled Channel '[id: 0x01ecb425, L:/127.0.0.1:58242 - R:localhost/127.0.0.1:9604]' for 'GET' to 'http://localhost:9604/session/8112329f89c1076b59ec968603bf8cbf/url'
01:32:04.189 [Forwarding getCurrentUrl on session 8112329f89c1076b59ec968603bf8cbf to remote] DEBUG org.asynchttpclient.netty.request.NettyRequestSender - Using open Channel [id: 0x01ecb425, L:/127.0.0.1:58242 - R:localhost/127.0.0.1:9604] for GET '/session/8112329f89c1076b59ec968603bf8cbf/url'
01:32:04.193 [AsyncHttpClient-1-14] DEBUG org.asynchttpclient.netty.handler.HttpHandler - 

Request DefaultFullHttpRequest(decodeResult: success, version: HTTP/1.1, content: EmptyByteBufBE)
GET /session/8112329f89c1076b59ec968603bf8cbf/url HTTP/1.1
User-Agent: selenium/4.8.1 (java windows)
Cache-Control: no-cache
Content-Type: application/json; charset=utf-8
host: localhost:9604
accept: */*

Response DefaultHttpResponse(decodeResult: success, version: HTTP/1.1)
HTTP/1.1 200 OK
Content-Length: 51
Content-Type: application/json; charset=utf-8
cache-control: no-cache

01:32:04.193 [AsyncHttpClient-1-14] DEBUG org.asynchttpclient.netty.channel.ChannelManager - Adding key: http://localhost:9604 for channel [id: 0x01ecb425, L:/127.0.0.1:58242 - R:localhost/127.0.0.1:9604]
01:32:04.195 [main] DEBUG net.thucydides.core.steps.StepInterceptor - STARTING STEP: LoginSteps.enterValidPassword - inputPassword
01:32:04.197 [Forwarding findElement on session 8112329f89c1076b59ec968603bf8cbf to remote] DEBUG org.asynchttpclient.netty.request.NettyRequestSender - Using pooled Channel '[id: 0x01ecb425, L:/127.0.0.1:58242 - R:localhost/127.0.0.1:9604]' for 'POST' to 'http://localhost:9604/session/8112329f89c1076b59ec968603bf8cbf/element'
01:32:04.197 [Forwarding findElement on session 8112329f89c1076b59ec968603bf8cbf to remote] DEBUG org.asynchttpclient.netty.request.NettyRequestSender - Using open Channel [id: 0x01ecb425, L:/127.0.0.1:58242 - R:localhost/127.0.0.1:9604] for POST '/session/8112329f89c1076b59ec968603bf8cbf/element'
01:32:04.211 [AsyncHttpClient-1-14] DEBUG org.asynchttpclient.netty.handler.HttpHandler - 

Request DefaultHttpRequest(decodeResult: success, version: HTTP/1.1)
POST /session/8112329f89c1076b59ec968603bf8cbf/element HTTP/1.1
User-Agent: selenium/4.8.1 (java windows)
Content-Length: 68
Content-Type: application/json; charset=utf-8
host: localhost:9604
accept: */*

Response DefaultHttpResponse(decodeResult: success, version: HTTP/1.1)
HTTP/1.1 200 OK
Content-Length: 88
Content-Type: application/json; charset=utf-8
cache-control: no-cache

01:32:04.212 [AsyncHttpClient-1-14] DEBUG org.asynchttpclient.netty.channel.ChannelManager - Adding key: http://localhost:9604 for channel [id: 0x01ecb425, L:/127.0.0.1:58242 - R:localhost/127.0.0.1:9604]
01:32:04.213 [Forwarding clearElement on session 8112329f89c1076b59ec968603bf8cbf to remote] DEBUG org.asynchttpclient.netty.request.NettyRequestSender - Using pooled Channel '[id: 0x01ecb425, L:/127.0.0.1:58242 - R:localhost/127.0.0.1:9604]' for 'POST' to 'http://localhost:9604/session/8112329f89c1076b59ec968603bf8cbf/element/e2cc11ba-af56-4ced-8596-f8f7abf42d08/clear'
01:32:04.213 [Forwarding clearElement on session 8112329f89c1076b59ec968603bf8cbf to remote] DEBUG org.asynchttpclient.netty.request.NettyRequestSender - Using open Channel [id: 0x01ecb425, L:/127.0.0.1:58242 - R:localhost/127.0.0.1:9604] for POST '/session/8112329f89c1076b59ec968603bf8cbf/element/e2cc11ba-af56-4ced-8596-f8f7abf42d08/clear'
01:32:04.253 [AsyncHttpClient-1-14] DEBUG org.asynchttpclient.netty.handler.HttpHandler - 

Request DefaultHttpRequest(decodeResult: success, version: HTTP/1.1)
POST /session/8112329f89c1076b59ec968603bf8cbf/element/e2cc11ba-af56-4ced-8596-f8f7abf42d08/clear HTTP/1.1
User-Agent: selenium/4.8.1 (java windows)
Content-Length: 50
Content-Type: application/json; charset=utf-8
host: localhost:9604
accept: */*

Response DefaultHttpResponse(decodeResult: success, version: HTTP/1.1)
HTTP/1.1 200 OK
Content-Length: 14
Content-Type: application/json; charset=utf-8
cache-control: no-cache

01:32:04.253 [AsyncHttpClient-1-14] DEBUG org.asynchttpclient.netty.channel.ChannelManager - Adding key: http://localhost:9604 for channel [id: 0x01ecb425, L:/127.0.0.1:58242 - R:localhost/127.0.0.1:9604]
01:32:04.255 [Forwarding sendKeysToElement on session 8112329f89c1076b59ec968603bf8cbf to remote] DEBUG org.asynchttpclient.netty.request.NettyRequestSender - Using pooled Channel '[id: 0x01ecb425, L:/127.0.0.1:58242 - R:localhost/127.0.0.1:9604]' for 'POST' to 'http://localhost:9604/session/8112329f89c1076b59ec968603bf8cbf/element/e2cc11ba-af56-4ced-8596-f8f7abf42d08/value'
01:32:04.255 [Forwarding sendKeysToElement on session 8112329f89c1076b59ec968603bf8cbf to remote] DEBUG org.asynchttpclient.netty.request.NettyRequestSender - Using open Channel [id: 0x01ecb425, L:/127.0.0.1:58242 - R:localhost/127.0.0.1:9604] for POST '/session/8112329f89c1076b59ec968603bf8cbf/element/e2cc11ba-af56-4ced-8596-f8f7abf42d08/value'
01:32:04.342 [AsyncHttpClient-1-14] DEBUG org.asynchttpclient.netty.handler.HttpHandler - 

Request DefaultHttpRequest(decodeResult: success, version: HTTP/1.1)
POST /session/8112329f89c1076b59ec968603bf8cbf/element/e2cc11ba-af56-4ced-8596-f8f7abf42d08/value HTTP/1.1
User-Agent: selenium/4.8.1 (java windows)
Content-Length: 171
Content-Type: application/json; charset=utf-8
host: localhost:9604
accept: */*

Response DefaultHttpResponse(decodeResult: success, version: HTTP/1.1)
HTTP/1.1 200 OK
Content-Length: 14
Content-Type: application/json; charset=utf-8
cache-control: no-cache

01:32:04.342 [AsyncHttpClient-1-14] DEBUG org.asynchttpclient.netty.channel.ChannelManager - Adding key: http://localhost:9604 for channel [id: 0x01ecb425, L:/127.0.0.1:58242 - R:localhost/127.0.0.1:9604]
01:32:04.350 [Forwarding getAlertText on session 8112329f89c1076b59ec968603bf8cbf to remote] DEBUG org.asynchttpclient.netty.request.NettyRequestSender - Using pooled Channel '[id: 0x01ecb425, L:/127.0.0.1:58242 - R:localhost/127.0.0.1:9604]' for 'GET' to 'http://localhost:9604/session/8112329f89c1076b59ec968603bf8cbf/alert/text'
01:32:04.350 [Forwarding getAlertText on session 8112329f89c1076b59ec968603bf8cbf to remote] DEBUG org.asynchttpclient.netty.request.NettyRequestSender - Using open Channel [id: 0x01ecb425, L:/127.0.0.1:58242 - R:localhost/127.0.0.1:9604] for GET '/session/8112329f89c1076b59ec968603bf8cbf/alert/text'
01:32:04.352 [AsyncHttpClient-1-14] DEBUG org.asynchttpclient.netty.handler.HttpHandler - 

Request DefaultFullHttpRequest(decodeResult: success, version: HTTP/1.1, content: EmptyByteBufBE)
GET /session/8112329f89c1076b59ec968603bf8cbf/alert/text HTTP/1.1
User-Agent: selenium/4.8.1 (java windows)
Cache-Control: no-cache
Content-Type: application/json; charset=utf-8
host: localhost:9604
accept: */*

Response DefaultHttpResponse(decodeResult: success, version: HTTP/1.1)
HTTP/1.1 404 Not Found
Content-Length: 816
Content-Type: application/json; charset=utf-8
cache-control: no-cache

01:32:04.352 [AsyncHttpClient-1-14] DEBUG org.asynchttpclient.netty.channel.ChannelManager - Adding key: http://localhost:9604 for channel [id: 0x01ecb425, L:/127.0.0.1:58242 - R:localhost/127.0.0.1:9604]
01:32:04.354 [Forwarding getCurrentUrl on session 8112329f89c1076b59ec968603bf8cbf to remote] DEBUG org.asynchttpclient.netty.request.NettyRequestSender - Using pooled Channel '[id: 0x01ecb425, L:/127.0.0.1:58242 - R:localhost/127.0.0.1:9604]' for 'GET' to 'http://localhost:9604/session/8112329f89c1076b59ec968603bf8cbf/url'
01:32:04.354 [Forwarding getCurrentUrl on session 8112329f89c1076b59ec968603bf8cbf to remote] DEBUG org.asynchttpclient.netty.request.NettyRequestSender - Using open Channel [id: 0x01ecb425, L:/127.0.0.1:58242 - R:localhost/127.0.0.1:9604] for GET '/session/8112329f89c1076b59ec968603bf8cbf/url'
01:32:04.358 [AsyncHttpClient-1-14] DEBUG org.asynchttpclient.netty.handler.HttpHandler - 

Request DefaultFullHttpRequest(decodeResult: success, version: HTTP/1.1, content: EmptyByteBufBE)
GET /session/8112329f89c1076b59ec968603bf8cbf/url HTTP/1.1
User-Agent: selenium/4.8.1 (java windows)
Cache-Control: no-cache
Content-Type: application/json; charset=utf-8
host: localhost:9604
accept: */*

Response DefaultHttpResponse(decodeResult: success, version: HTTP/1.1)
HTTP/1.1 200 OK
Content-Length: 51
Content-Type: application/json; charset=utf-8
cache-control: no-cache

01:32:04.358 [AsyncHttpClient-1-14] DEBUG org.asynchttpclient.netty.channel.ChannelManager - Adding key: http://localhost:9604 for channel [id: 0x01ecb425, L:/127.0.0.1:58242 - R:localhost/127.0.0.1:9604]
01:32:04.359 [Forwarding screenshot on session 8112329f89c1076b59ec968603bf8cbf to remote] DEBUG org.asynchttpclient.netty.request.NettyRequestSender - Using pooled Channel '[id: 0x01ecb425, L:/127.0.0.1:58242 - R:localhost/127.0.0.1:9604]' for 'GET' to 'http://localhost:9604/session/8112329f89c1076b59ec968603bf8cbf/screenshot'
01:32:04.359 [Forwarding screenshot on session 8112329f89c1076b59ec968603bf8cbf to remote] DEBUG org.asynchttpclient.netty.request.NettyRequestSender - Using open Channel [id: 0x01ecb425, L:/127.0.0.1:58242 - R:localhost/127.0.0.1:9604] for GET '/session/8112329f89c1076b59ec968603bf8cbf/screenshot'
01:32:04.491 [AsyncHttpClient-1-1] DEBUG org.asynchttpclient.netty.channel.DefaultChannelPool - Entry count for : http://localhost:58243 : 1
01:32:04.498 [AsyncHttpClient-1-14] DEBUG org.asynchttpclient.netty.handler.HttpHandler - 

Request DefaultFullHttpRequest(decodeResult: success, version: HTTP/1.1, content: EmptyByteBufBE)
GET /session/8112329f89c1076b59ec968603bf8cbf/screenshot HTTP/1.1
User-Agent: selenium/4.8.1 (java windows)
Cache-Control: no-cache
Content-Type: application/json; charset=utf-8
host: localhost:9604
accept: */*

Response DefaultHttpResponse(decodeResult: success, version: HTTP/1.1)
HTTP/1.1 200 OK
Content-Length: 40980
Content-Type: application/json; charset=utf-8
cache-control: no-cache

01:32:04.499 [AsyncHttpClient-1-14] DEBUG org.asynchttpclient.netty.channel.ChannelManager - Adding key: http://localhost:9604 for channel [id: 0x01ecb425, L:/127.0.0.1:58242 - R:localhost/127.0.0.1:9604]
01:32:04.502 [main] DEBUG net.serenitybdd.core.photography.Darkroom - Send negative for processing for target\site\serenity\3fae0f58ffd80f3bd91016be62b9fcdfd4f7ac97d56915c7aad69324cdb8ebe2.png
01:32:04.502 [main] DEBUG net.thucydides.core.steps.StepInterceptor - STEP DONE: inputPassword
  &amp#27;[32mAnd &amp#27;[0m&amp#27;[32mI enter valid password&amp#27;[0m                                        &amp#27;[90m# starter.stepdefinitions.LoginSteps.enterValidPassword()&amp#27;[0m
01:32:04.502 [Darkroom Processing Line] DEBUG net.serenitybdd.core.photography.DarkroomProcessingLine - Processing screenshot image in /var/screenshots/screenshot-9026318055556644616
01:32:04.502 [Darkroom Processing Line] DEBUG net.serenitybdd.core.photography.DarkroomProcessingLine - Saving screenshot to target\site\serenity\3fae0f58ffd80f3bd91016be62b9fcdfd4f7ac97d56915c7aad69324cdb8ebe2.png
01:32:04.512 [Forwarding getPageSource on session 8112329f89c1076b59ec968603bf8cbf to remote] DEBUG org.asynchttpclient.netty.request.NettyRequestSender - Using pooled Channel '[id: 0x01ecb425, L:/127.0.0.1:58242 - R:localhost/127.0.0.1:9604]' for 'POST' to 'http://localhost:9604/session/8112329f89c1076b59ec968603bf8cbf/execute/sync'
01:32:04.512 [Forwarding getPageSource on session 8112329f89c1076b59ec968603bf8cbf to remote] DEBUG org.asynchttpclient.netty.request.NettyRequestSender - Using open Channel [id: 0x01ecb425, L:/127.0.0.1:58242 - R:localhost/127.0.0.1:9604] for POST '/session/8112329f89c1076b59ec968603bf8cbf/execute/sync'
01:32:04.521 [AsyncHttpClient-1-14] DEBUG org.asynchttpclient.netty.handler.HttpHandler - 

Request DefaultHttpRequest(decodeResult: success, version: HTTP/1.1)
POST /session/8112329f89c1076b59ec968603bf8cbf/execute/sync HTTP/1.1
User-Agent: selenium/4.8.1 (java windows)
Content-Length: 176
Content-Type: application/json; charset=utf-8
host: localhost:9604
accept: */*

Response DefaultHttpResponse(decodeResult: success, version: HTTP/1.1)
HTTP/1.1 200 OK
Content-Length: 21780
Content-Type: application/json; charset=utf-8
cache-control: no-cache

01:32:04.522 [AsyncHttpClient-1-14] DEBUG org.asynchttpclient.netty.channel.ChannelManager - Adding key: http://localhost:9604 for channel [id: 0x01ecb425, L:/127.0.0.1:58242 - R:localhost/127.0.0.1:9604]
01:32:04.525 [Forwarding getCurrentUrl on session 8112329f89c1076b59ec968603bf8cbf to remote] DEBUG org.asynchttpclient.netty.request.NettyRequestSender - Using pooled Channel '[id: 0x01ecb425, L:/127.0.0.1:58242 - R:localhost/127.0.0.1:9604]' for 'GET' to 'http://localhost:9604/session/8112329f89c1076b59ec968603bf8cbf/url'
01:32:04.525 [Forwarding getCurrentUrl on session 8112329f89c1076b59ec968603bf8cbf to remote] DEBUG org.asynchttpclient.netty.request.NettyRequestSender - Using open Channel [id: 0x01ecb425, L:/127.0.0.1:58242 - R:localhost/127.0.0.1:9604] for GET '/session/8112329f89c1076b59ec968603bf8cbf/url'
01:32:04.529 [AsyncHttpClient-1-14] DEBUG org.asynchttpclient.netty.handler.HttpHandler - 

Request DefaultFullHttpRequest(decodeResult: success, version: HTTP/1.1, content: EmptyByteBufBE)
GET /session/8112329f89c1076b59ec968603bf8cbf/url HTTP/1.1
User-Agent: selenium/4.8.1 (java windows)
Cache-Control: no-cache
Content-Type: application/json; charset=utf-8
host: localhost:9604
accept: */*

Response DefaultHttpResponse(decodeResult: success, version: HTTP/1.1)
HTTP/1.1 200 OK
Content-Length: 51
Content-Type: application/json; charset=utf-8
cache-control: no-cache

01:32:04.529 [AsyncHttpClient-1-14] DEBUG org.asynchttpclient.netty.channel.ChannelManager - Adding key: http://localhost:9604 for channel [id: 0x01ecb425, L:/127.0.0.1:58242 - R:localhost/127.0.0.1:9604]
01:32:04.538 [Forwarding getPageSource on session 8112329f89c1076b59ec968603bf8cbf to remote] DEBUG org.asynchttpclient.netty.request.NettyRequestSender - Using pooled Channel '[id: 0x01ecb425, L:/127.0.0.1:58242 - R:localhost/127.0.0.1:9604]' for 'POST' to 'http://localhost:9604/session/8112329f89c1076b59ec968603bf8cbf/execute/sync'
01:32:04.538 [Forwarding getPageSource on session 8112329f89c1076b59ec968603bf8cbf to remote] DEBUG org.asynchttpclient.netty.request.NettyRequestSender - Using open Channel [id: 0x01ecb425, L:/127.0.0.1:58242 - R:localhost/127.0.0.1:9604] for POST '/session/8112329f89c1076b59ec968603bf8cbf/execute/sync'
01:32:04.543 [AsyncHttpClient-1-14] DEBUG org.asynchttpclient.netty.handler.HttpHandler - 

Request DefaultHttpRequest(decodeResult: success, version: HTTP/1.1)
POST /session/8112329f89c1076b59ec968603bf8cbf/execute/sync HTTP/1.1
User-Agent: selenium/4.8.1 (java windows)
Content-Length: 176
Content-Type: application/json; charset=utf-8
host: localhost:9604
accept: */*

Response DefaultHttpResponse(decodeResult: success, version: HTTP/1.1)
HTTP/1.1 200 OK
Content-Length: 21780
Content-Type: application/json; charset=utf-8
cache-control: no-cache

01:32:04.544 [AsyncHttpClient-1-14] DEBUG org.asynchttpclient.netty.channel.ChannelManager - Adding key: http://localhost:9604 for channel [id: 0x01ecb425, L:/127.0.0.1:58242 - R:localhost/127.0.0.1:9604]
01:32:04.547 [Forwarding getCurrentUrl on session 8112329f89c1076b59ec968603bf8cbf to remote] DEBUG org.asynchttpclient.netty.request.NettyRequestSender - Using pooled Channel '[id: 0x01ecb425, L:/127.0.0.1:58242 - R:localhost/127.0.0.1:9604]' for 'GET' to 'http://localhost:9604/session/8112329f89c1076b59ec968603bf8cbf/url'
01:32:04.547 [Forwarding getCurrentUrl on session 8112329f89c1076b59ec968603bf8cbf to remote] DEBUG org.asynchttpclient.netty.request.NettyRequestSender - Using open Channel [id: 0x01ecb425, L:/127.0.0.1:58242 - R:localhost/127.0.0.1:9604] for GET '/session/8112329f89c1076b59ec968603bf8cbf/url'
01:32:04.554 [AsyncHttpClient-1-14] DEBUG org.asynchttpclient.netty.handler.HttpHandler - 

Request DefaultFullHttpRequest(decodeResult: success, version: HTTP/1.1, content: EmptyByteBufBE)
GET /session/8112329f89c1076b59ec968603bf8cbf/url HTTP/1.1
User-Agent: selenium/4.8.1 (java windows)
Cache-Control: no-cache
Content-Type: application/json; charset=utf-8
host: localhost:9604
accept: */*

Response DefaultHttpResponse(decodeResult: success, version: HTTP/1.1)
HTTP/1.1 200 OK
Content-Length: 51
Content-Type: application/json; charset=utf-8
cache-control: no-cache

01:32:04.554 [AsyncHttpClient-1-14] DEBUG org.asynchttpclient.netty.channel.ChannelManager - Adding key: http://localhost:9604 for channel [id: 0x01ecb425, L:/127.0.0.1:58242 - R:localhost/127.0.0.1:9604]
01:32:04.556 [main] DEBUG net.thucydides.core.steps.StepInterceptor - STARTING STEP: LoginSteps.clickLoginButton - clickLoginButton
01:32:04.560 [Forwarding findElement on session 8112329f89c1076b59ec968603bf8cbf to remote] DEBUG org.asynchttpclient.netty.request.NettyRequestSender - Using pooled Channel '[id: 0x01ecb425, L:/127.0.0.1:58242 - R:localhost/127.0.0.1:9604]' for 'POST' to 'http://localhost:9604/session/8112329f89c1076b59ec968603bf8cbf/element'
01:32:04.560 [Forwarding findElement on session 8112329f89c1076b59ec968603bf8cbf to remote] DEBUG org.asynchttpclient.netty.request.NettyRequestSender - Using open Channel [id: 0x01ecb425, L:/127.0.0.1:58242 - R:localhost/127.0.0.1:9604] for POST '/session/8112329f89c1076b59ec968603bf8cbf/element'
01:32:04.570 [AsyncHttpClient-1-14] DEBUG org.asynchttpclient.netty.handler.HttpHandler - 

Request DefaultHttpRequest(decodeResult: success, version: HTTP/1.1)
POST /session/8112329f89c1076b59ec968603bf8cbf/element HTTP/1.1
User-Agent: selenium/4.8.1 (java windows)
Content-Length: 165
Content-Type: application/json; charset=utf-8
host: localhost:9604
accept: */*

Response DefaultHttpResponse(decodeResult: success, version: HTTP/1.1)
HTTP/1.1 200 OK
Content-Length: 88
Content-Type: application/json; charset=utf-8
cache-control: no-cache

01:32:04.570 [AsyncHttpClient-1-14] DEBUG org.asynchttpclient.netty.channel.ChannelManager - Adding key: http://localhost:9604 for channel [id: 0x01ecb425, L:/127.0.0.1:58242 - R:localhost/127.0.0.1:9604]
01:32:04.572 [Forwarding getElementTagName on session 8112329f89c1076b59ec968603bf8cbf to remote] DEBUG org.asynchttpclient.netty.request.NettyRequestSender - Using pooled Channel '[id: 0x01ecb425, L:/127.0.0.1:58242 - R:localhost/127.0.0.1:9604]' for 'GET' to 'http://localhost:9604/session/8112329f89c1076b59ec968603bf8cbf/element/24b3d596-51b0-4cb4-bf48-31ad95a2bbac/name'
01:32:04.572 [Forwarding getElementTagName on session 8112329f89c1076b59ec968603bf8cbf to remote] DEBUG org.asynchttpclient.netty.request.NettyRequestSender - Using open Channel [id: 0x01ecb425, L:/127.0.0.1:58242 - R:localhost/127.0.0.1:9604] for GET '/session/8112329f89c1076b59ec968603bf8cbf/element/24b3d596-51b0-4cb4-bf48-31ad95a2bbac/name'
01:32:04.576 [AsyncHttpClient-1-14] DEBUG org.asynchttpclient.netty.handler.HttpHandler - 

Request DefaultFullHttpRequest(decodeResult: success, version: HTTP/1.1, content: EmptyByteBufBE)
GET /session/8112329f89c1076b59ec968603bf8cbf/element/24b3d596-51b0-4cb4-bf48-31ad95a2bbac/name HTTP/1.1
User-Agent: selenium/4.8.1 (java windows)
Cache-Control: no-cache
Content-Type: application/json; charset=utf-8
host: localhost:9604
accept: */*

Response DefaultHttpResponse(decodeResult: success, version: HTTP/1.1)
HTTP/1.1 200 OK
Content-Length: 16
Content-Type: application/json; charset=utf-8
cache-control: no-cache

01:32:04.577 [AsyncHttpClient-1-14] DEBUG org.asynchttpclient.netty.channel.ChannelManager - Adding key: http://localhost:9604 for channel [id: 0x01ecb425, L:/127.0.0.1:58242 - R:localhost/127.0.0.1:9604]
01:32:04.578 [Forwarding getElementTagName on session 8112329f89c1076b59ec968603bf8cbf to remote] DEBUG org.asynchttpclient.netty.request.NettyRequestSender - Using pooled Channel '[id: 0x01ecb425, L:/127.0.0.1:58242 - R:localhost/127.0.0.1:9604]' for 'GET' to 'http://localhost:9604/session/8112329f89c1076b59ec968603bf8cbf/element/24b3d596-51b0-4cb4-bf48-31ad95a2bbac/name'
01:32:04.578 [Forwarding getElementTagName on session 8112329f89c1076b59ec968603bf8cbf to remote] DEBUG org.asynchttpclient.netty.request.NettyRequestSender - Using open Channel [id: 0x01ecb425, L:/127.0.0.1:58242 - R:localhost/127.0.0.1:9604] for GET '/session/8112329f89c1076b59ec968603bf8cbf/element/24b3d596-51b0-4cb4-bf48-31ad95a2bbac/name'
01:32:04.582 [AsyncHttpClient-1-14] DEBUG org.asynchttpclient.netty.handler.HttpHandler - 

Request DefaultFullHttpRequest(decodeResult: success, version: HTTP/1.1, content: EmptyByteBufBE)
GET /session/8112329f89c1076b59ec968603bf8cbf/element/24b3d596-51b0-4cb4-bf48-31ad95a2bbac/name HTTP/1.1
User-Agent: selenium/4.8.1 (java windows)
Cache-Control: no-cache
Content-Type: application/json; charset=utf-8
host: localhost:9604
accept: */*

Response DefaultHttpResponse(decodeResult: success, version: HTTP/1.1)
HTTP/1.1 200 OK
Content-Length: 16
Content-Type: application/json; charset=utf-8
cache-control: no-cache

01:32:04.582 [AsyncHttpClient-1-14] DEBUG org.asynchttpclient.netty.channel.ChannelManager - Adding key: http://localhost:9604 for channel [id: 0x01ecb425, L:/127.0.0.1:58242 - R:localhost/127.0.0.1:9604]
01:32:04.585 [Forwarding findElement on session 8112329f89c1076b59ec968603bf8cbf to remote] DEBUG org.asynchttpclient.netty.request.NettyRequestSender - Using pooled Channel '[id: 0x01ecb425, L:/127.0.0.1:58242 - R:localhost/127.0.0.1:9604]' for 'POST' to 'http://localhost:9604/session/8112329f89c1076b59ec968603bf8cbf/element'
01:32:04.585 [Forwarding findElement on session 8112329f89c1076b59ec968603bf8cbf to remote] DEBUG org.asynchttpclient.netty.request.NettyRequestSender - Using open Channel [id: 0x01ecb425, L:/127.0.0.1:58242 - R:localhost/127.0.0.1:9604] for POST '/session/8112329f89c1076b59ec968603bf8cbf/element'
01:32:04.592 [AsyncHttpClient-1-14] DEBUG org.asynchttpclient.netty.handler.HttpHandler - 

Request DefaultHttpRequest(decodeResult: success, version: HTTP/1.1)
POST /session/8112329f89c1076b59ec968603bf8cbf/element HTTP/1.1
User-Agent: selenium/4.8.1 (java windows)
Content-Length: 165
Content-Type: application/json; charset=utf-8
host: localhost:9604
accept: */*

Response DefaultHttpResponse(decodeResult: success, version: HTTP/1.1)
HTTP/1.1 200 OK
Content-Length: 88
Content-Type: application/json; charset=utf-8
cache-control: no-cache

01:32:04.592 [AsyncHttpClient-1-14] DEBUG org.asynchttpclient.netty.channel.ChannelManager - Adding key: http://localhost:9604 for channel [id: 0x01ecb425, L:/127.0.0.1:58242 - R:localhost/127.0.0.1:9604]
01:32:04.594 [Forwarding clickElement on session 8112329f89c1076b59ec968603bf8cbf to remote] DEBUG org.asynchttpclient.netty.request.NettyRequestSender - Using pooled Channel '[id: 0x01ecb425, L:/127.0.0.1:58242 - R:localhost/127.0.0.1:9604]' for 'POST' to 'http://localhost:9604/session/8112329f89c1076b59ec968603bf8cbf/element/24b3d596-51b0-4cb4-bf48-31ad95a2bbac/click'
01:32:04.594 [Forwarding clickElement on session 8112329f89c1076b59ec968603bf8cbf to remote] DEBUG org.asynchttpclient.netty.request.NettyRequestSender - Using open Channel [id: 0x01ecb425, L:/127.0.0.1:58242 - R:localhost/127.0.0.1:9604] for POST '/session/8112329f89c1076b59ec968603bf8cbf/element/24b3d596-51b0-4cb4-bf48-31ad95a2bbac/click'
01:32:04.664 [AsyncHttpClient-1-14] DEBUG org.asynchttpclient.netty.handler.HttpHandler - 

Request DefaultHttpRequest(decodeResult: success, version: HTTP/1.1)
POST /session/8112329f89c1076b59ec968603bf8cbf/element/24b3d596-51b0-4cb4-bf48-31ad95a2bbac/click HTTP/1.1
User-Agent: selenium/4.8.1 (java windows)
Content-Length: 50
Content-Type: application/json; charset=utf-8
host: localhost:9604
accept: */*

Response DefaultHttpResponse(decodeResult: success, version: HTTP/1.1)
HTTP/1.1 200 OK
Content-Length: 14
Content-Type: application/json; charset=utf-8
cache-control: no-cache

01:32:04.664 [AsyncHttpClient-1-14] DEBUG org.asynchttpclient.netty.channel.ChannelManager - Adding key: http://localhost:9604 for channel [id: 0x01ecb425, L:/127.0.0.1:58242 - R:localhost/127.0.0.1:9604]
01:32:04.677 [Forwarding getAlertText on session 8112329f89c1076b59ec968603bf8cbf to remote] DEBUG org.asynchttpclient.netty.request.NettyRequestSender - Using pooled Channel '[id: 0x01ecb425, L:/127.0.0.1:58242 - R:localhost/127.0.0.1:9604]' for 'GET' to 'http://localhost:9604/session/8112329f89c1076b59ec968603bf8cbf/alert/text'
01:32:04.677 [Forwarding getAlertText on session 8112329f89c1076b59ec968603bf8cbf to remote] DEBUG org.asynchttpclient.netty.request.NettyRequestSender - Using open Channel [id: 0x01ecb425, L:/127.0.0.1:58242 - R:localhost/127.0.0.1:9604] for GET '/session/8112329f89c1076b59ec968603bf8cbf/alert/text'
01:32:04.679 [AsyncHttpClient-1-14] DEBUG org.asynchttpclient.netty.handler.HttpHandler - 

Request DefaultFullHttpRequest(decodeResult: success, version: HTTP/1.1, content: EmptyByteBufBE)
GET /session/8112329f89c1076b59ec968603bf8cbf/alert/text HTTP/1.1
User-Agent: selenium/4.8.1 (java windows)
Cache-Control: no-cache
Content-Type: application/json; charset=utf-8
host: localhost:9604
accept: */*

Response DefaultHttpResponse(decodeResult: success, version: HTTP/1.1)
HTTP/1.1 404 Not Found
Content-Length: 816
Content-Type: application/json; charset=utf-8
cache-control: no-cache

01:32:04.679 [AsyncHttpClient-1-14] DEBUG org.asynchttpclient.netty.channel.ChannelManager - Adding key: http://localhost:9604 for channel [id: 0x01ecb425, L:/127.0.0.1:58242 - R:localhost/127.0.0.1:9604]
01:32:04.681 [Forwarding getCurrentUrl on session 8112329f89c1076b59ec968603bf8cbf to remote] DEBUG org.asynchttpclient.netty.request.NettyRequestSender - Using pooled Channel '[id: 0x01ecb425, L:/127.0.0.1:58242 - R:localhost/127.0.0.1:9604]' for 'GET' to 'http://localhost:9604/session/8112329f89c1076b59ec968603bf8cbf/url'
01:32:04.681 [Forwarding getCurrentUrl on session 8112329f89c1076b59ec968603bf8cbf to remote] DEBUG org.asynchttpclient.netty.request.NettyRequestSender - Using open Channel [id: 0x01ecb425, L:/127.0.0.1:58242 - R:localhost/127.0.0.1:9604] for GET '/session/8112329f89c1076b59ec968603bf8cbf/url'
01:32:04.688 [AsyncHttpClient-1-14] DEBUG org.asynchttpclient.netty.handler.HttpHandler - 

Request DefaultFullHttpRequest(decodeResult: success, version: HTTP/1.1, content: EmptyByteBufBE)
GET /session/8112329f89c1076b59ec968603bf8cbf/url HTTP/1.1
User-Agent: selenium/4.8.1 (java windows)
Cache-Control: no-cache
Content-Type: application/json; charset=utf-8
host: localhost:9604
accept: */*

Response DefaultHttpResponse(decodeResult: success, version: HTTP/1.1)
HTTP/1.1 200 OK
Content-Length: 51
Content-Type: application/json; charset=utf-8
cache-control: no-cache

01:32:04.688 [AsyncHttpClient-1-14] DEBUG org.asynchttpclient.netty.channel.ChannelManager - Adding key: http://localhost:9604 for channel [id: 0x01ecb425, L:/127.0.0.1:58242 - R:localhost/127.0.0.1:9604]
01:32:04.689 [Forwarding screenshot on session 8112329f89c1076b59ec968603bf8cbf to remote] DEBUG org.asynchttpclient.netty.request.NettyRequestSender - Using pooled Channel '[id: 0x01ecb425, L:/127.0.0.1:58242 - R:localhost/127.0.0.1:9604]' for 'GET' to 'http://localhost:9604/session/8112329f89c1076b59ec968603bf8cbf/screenshot'
01:32:04.689 [Forwarding screenshot on session 8112329f89c1076b59ec968603bf8cbf to remote] DEBUG org.asynchttpclient.netty.request.NettyRequestSender - Using open Channel [id: 0x01ecb425, L:/127.0.0.1:58242 - R:localhost/127.0.0.1:9604] for GET '/session/8112329f89c1076b59ec968603bf8cbf/screenshot'
01:32:04.946 [AsyncHttpClient-1-14] DEBUG org.asynchttpclient.netty.handler.HttpHandler - 

Request DefaultFullHttpRequest(decodeResult: success, version: HTTP/1.1, content: EmptyByteBufBE)
GET /session/8112329f89c1076b59ec968603bf8cbf/screenshot HTTP/1.1
User-Agent: selenium/4.8.1 (java windows)
Cache-Control: no-cache
Content-Type: application/json; charset=utf-8
host: localhost:9604
accept: */*

Response DefaultHttpResponse(decodeResult: success, version: HTTP/1.1)
HTTP/1.1 200 OK
Content-Length: 39520
Content-Type: application/json; charset=utf-8
cache-control: no-cache

01:32:04.947 [AsyncHttpClient-1-14] DEBUG org.asynchttpclient.netty.channel.ChannelManager - Adding key: http://localhost:9604 for channel [id: 0x01ecb425, L:/127.0.0.1:58242 - R:localhost/127.0.0.1:9604]
01:32:04.951 [main] DEBUG net.serenitybdd.core.photography.Darkroom - Send negative for processing for target\site\serenity\96aa9d0d6f32c4fc3c5bdf0001b11f02f166974ffe166afc38c9f3c98ac909a3.png
01:32:04.951 [main] DEBUG net.thucydides.core.steps.StepInterceptor - STEP DONE: clickLoginButton
01:32:04.951 [Darkroom Processing Line] DEBUG net.serenitybdd.core.photography.DarkroomProcessingLine - Processing screenshot image in /var/screenshots/screenshot-2864737131391693560
01:32:04.951 [Darkroom Processing Line] DEBUG net.serenitybdd.core.photography.DarkroomProcessingLine - Saving screenshot to target\site\serenity\96aa9d0d6f32c4fc3c5bdf0001b11f02f166974ffe166afc38c9f3c98ac909a3.png
  &amp#27;[32mAnd &amp#27;[0m&amp#27;[32mI click login button&amp#27;[0m                                          &amp#27;[90m# starter.stepdefinitions.LoginSteps.clickLoginButton()&amp#27;[0m
01:32:04.965 [Forwarding getPageSource on session 8112329f89c1076b59ec968603bf8cbf to remote] DEBUG org.asynchttpclient.netty.request.NettyRequestSender - Using pooled Channel '[id: 0x01ecb425, L:/127.0.0.1:58242 - R:localhost/127.0.0.1:9604]' for 'POST' to 'http://localhost:9604/session/8112329f89c1076b59ec968603bf8cbf/execute/sync'
01:32:04.965 [Forwarding getPageSource on session 8112329f89c1076b59ec968603bf8cbf to remote] DEBUG org.asynchttpclient.netty.request.NettyRequestSender - Using open Channel [id: 0x01ecb425, L:/127.0.0.1:58242 - R:localhost/127.0.0.1:9604] for POST '/session/8112329f89c1076b59ec968603bf8cbf/execute/sync'
01:32:04.974 [AsyncHttpClient-1-14] DEBUG org.asynchttpclient.netty.handler.HttpHandler - 

Request DefaultHttpRequest(decodeResult: success, version: HTTP/1.1)
POST /session/8112329f89c1076b59ec968603bf8cbf/execute/sync HTTP/1.1
User-Agent: selenium/4.8.1 (java windows)
Content-Length: 176
Content-Type: application/json; charset=utf-8
host: localhost:9604
accept: */*

Response DefaultHttpResponse(decodeResult: success, version: HTTP/1.1)
HTTP/1.1 200 OK
Content-Length: 22511
Content-Type: application/json; charset=utf-8
cache-control: no-cache

01:32:04.974 [AsyncHttpClient-1-14] DEBUG org.asynchttpclient.netty.channel.ChannelManager - Adding key: http://localhost:9604 for channel [id: 0x01ecb425, L:/127.0.0.1:58242 - R:localhost/127.0.0.1:9604]
01:32:04.977 [Forwarding getCurrentUrl on session 8112329f89c1076b59ec968603bf8cbf to remote] DEBUG org.asynchttpclient.netty.request.NettyRequestSender - Using pooled Channel '[id: 0x01ecb425, L:/127.0.0.1:58242 - R:localhost/127.0.0.1:9604]' for 'GET' to 'http://localhost:9604/session/8112329f89c1076b59ec968603bf8cbf/url'
01:32:04.977 [Forwarding getCurrentUrl on session 8112329f89c1076b59ec968603bf8cbf to remote] DEBUG org.asynchttpclient.netty.request.NettyRequestSender - Using open Channel [id: 0x01ecb425, L:/127.0.0.1:58242 - R:localhost/127.0.0.1:9604] for GET '/session/8112329f89c1076b59ec968603bf8cbf/url'
01:32:04.984 [AsyncHttpClient-1-14] DEBUG org.asynchttpclient.netty.handler.HttpHandler - 

Request DefaultFullHttpRequest(decodeResult: success, version: HTTP/1.1, content: EmptyByteBufBE)
GET /session/8112329f89c1076b59ec968603bf8cbf/url HTTP/1.1
User-Agent: selenium/4.8.1 (java windows)
Cache-Control: no-cache
Content-Type: application/json; charset=utf-8
host: localhost:9604
accept: */*

Response DefaultHttpResponse(decodeResult: success, version: HTTP/1.1)
HTTP/1.1 200 OK
Content-Length: 51
Content-Type: application/json; charset=utf-8
cache-control: no-cache

01:32:04.985 [AsyncHttpClient-1-14] DEBUG org.asynchttpclient.netty.channel.ChannelManager - Adding key: http://localhost:9604 for channel [id: 0x01ecb425, L:/127.0.0.1:58242 - R:localhost/127.0.0.1:9604]
01:32:04.995 [Forwarding getPageSource on session 8112329f89c1076b59ec968603bf8cbf to remote] DEBUG org.asynchttpclient.netty.request.NettyRequestSender - Using pooled Channel '[id: 0x01ecb425, L:/127.0.0.1:58242 - R:localhost/127.0.0.1:9604]' for 'POST' to 'http://localhost:9604/session/8112329f89c1076b59ec968603bf8cbf/execute/sync'
01:32:04.995 [Forwarding getPageSource on session 8112329f89c1076b59ec968603bf8cbf to remote] DEBUG org.asynchttpclient.netty.request.NettyRequestSender - Using open Channel [id: 0x01ecb425, L:/127.0.0.1:58242 - R:localhost/127.0.0.1:9604] for POST '/session/8112329f89c1076b59ec968603bf8cbf/execute/sync'
01:32:05.003 [AsyncHttpClient-1-14] DEBUG org.asynchttpclient.netty.handler.HttpHandler - 

Request DefaultHttpRequest(decodeResult: success, version: HTTP/1.1)
POST /session/8112329f89c1076b59ec968603bf8cbf/execute/sync HTTP/1.1
User-Agent: selenium/4.8.1 (java windows)
Content-Length: 176
Content-Type: application/json; charset=utf-8
host: localhost:9604
accept: */*

Response DefaultHttpResponse(decodeResult: success, version: HTTP/1.1)
HTTP/1.1 200 OK
Content-Length: 22511
Content-Type: application/json; charset=utf-8
cache-control: no-cache

01:32:05.003 [AsyncHttpClient-1-14] DEBUG org.asynchttpclient.netty.channel.ChannelManager - Adding key: http://localhost:9604 for channel [id: 0x01ecb425, L:/127.0.0.1:58242 - R:localhost/127.0.0.1:9604]
01:32:05.007 [Forwarding getCurrentUrl on session 8112329f89c1076b59ec968603bf8cbf to remote] DEBUG org.asynchttpclient.netty.request.NettyRequestSender - Using pooled Channel '[id: 0x01ecb425, L:/127.0.0.1:58242 - R:localhost/127.0.0.1:9604]' for 'GET' to 'http://localhost:9604/session/8112329f89c1076b59ec968603bf8cbf/url'
01:32:05.007 [Forwarding getCurrentUrl on session 8112329f89c1076b59ec968603bf8cbf to remote] DEBUG org.asynchttpclient.netty.request.NettyRequestSender - Using open Channel [id: 0x01ecb425, L:/127.0.0.1:58242 - R:localhost/127.0.0.1:9604] for GET '/session/8112329f89c1076b59ec968603bf8cbf/url'
01:32:05.011 [AsyncHttpClient-1-14] DEBUG org.asynchttpclient.netty.handler.HttpHandler - 

Request DefaultFullHttpRequest(decodeResult: success, version: HTTP/1.1, content: EmptyByteBufBE)
GET /session/8112329f89c1076b59ec968603bf8cbf/url HTTP/1.1
User-Agent: selenium/4.8.1 (java windows)
Cache-Control: no-cache
Content-Type: application/json; charset=utf-8
host: localhost:9604
accept: */*

Response DefaultHttpResponse(decodeResult: success, version: HTTP/1.1)
HTTP/1.1 200 OK
Content-Length: 51
Content-Type: application/json; charset=utf-8
cache-control: no-cache

01:32:05.011 [AsyncHttpClient-1-14] DEBUG org.asynchttpclient.netty.channel.ChannelManager - Adding key: http://localhost:9604 for channel [id: 0x01ecb425, L:/127.0.0.1:58242 - R:localhost/127.0.0.1:9604]
01:32:05.013 [main] DEBUG net.thucydides.core.steps.StepInterceptor - STARTING STEP: LoginSteps.cantTheProductPage - validateOnTheLoginPage
01:32:05.017 [Forwarding findElement on session 8112329f89c1076b59ec968603bf8cbf to remote] DEBUG org.asynchttpclient.netty.request.NettyRequestSender - Using pooled Channel '[id: 0x01ecb425, L:/127.0.0.1:58242 - R:localhost/127.0.0.1:9604]' for 'POST' to 'http://localhost:9604/session/8112329f89c1076b59ec968603bf8cbf/element'
01:32:05.017 [Forwarding findElement on session 8112329f89c1076b59ec968603bf8cbf to remote] DEBUG org.asynchttpclient.netty.request.NettyRequestSender - Using open Channel [id: 0x01ecb425, L:/127.0.0.1:58242 - R:localhost/127.0.0.1:9604] for POST '/session/8112329f89c1076b59ec968603bf8cbf/element'
01:32:05.026 [AsyncHttpClient-1-14] DEBUG org.asynchttpclient.netty.handler.HttpHandler - 

Request DefaultHttpRequest(decodeResult: success, version: HTTP/1.1)
POST /session/8112329f89c1076b59ec968603bf8cbf/element HTTP/1.1
User-Agent: selenium/4.8.1 (java windows)
Content-Length: 165
Content-Type: application/json; charset=utf-8
host: localhost:9604
accept: */*

Response DefaultHttpResponse(decodeResult: success, version: HTTP/1.1)
HTTP/1.1 200 OK
Content-Length: 88
Content-Type: application/json; charset=utf-8
cache-control: no-cache

01:32:05.026 [AsyncHttpClient-1-14] DEBUG org.asynchttpclient.netty.channel.ChannelManager - Adding key: http://localhost:9604 for channel [id: 0x01ecb425, L:/127.0.0.1:58242 - R:localhost/127.0.0.1:9604]
01:32:05.029 [Forwarding isElementDisplayed on session 8112329f89c1076b59ec968603bf8cbf to remote] DEBUG org.asynchttpclient.netty.request.NettyRequestSender - Using pooled Channel '[id: 0x01ecb425, L:/127.0.0.1:58242 - R:localhost/127.0.0.1:9604]' for 'POST' to 'http://localhost:9604/session/8112329f89c1076b59ec968603bf8cbf/execute/sync'
01:32:05.030 [Forwarding isElementDisplayed on session 8112329f89c1076b59ec968603bf8cbf to remote] DEBUG org.asynchttpclient.netty.request.NettyRequestSender - Using open Channel [id: 0x01ecb425, L:/127.0.0.1:58242 - R:localhost/127.0.0.1:9604] for POST '/session/8112329f89c1076b59ec968603bf8cbf/execute/sync'
01:32:05.046 [AsyncHttpClient-1-14] DEBUG org.asynchttpclient.netty.handler.HttpHandler - 

Request DefaultHttpRequest(decodeResult: success, version: HTTP/1.1)
POST /session/8112329f89c1076b59ec968603bf8cbf/execute/sync HTTP/1.1
User-Agent: selenium/4.8.1 (java windows)
Content-Length: 48807
Content-Type: application/json; charset=utf-8
host: localhost:9604
accept: */*

Response DefaultHttpResponse(decodeResult: success, version: HTTP/1.1)
HTTP/1.1 200 OK
Content-Length: 14
Content-Type: application/json; charset=utf-8
cache-control: no-cache

01:32:05.047 [AsyncHttpClient-1-14] DEBUG org.asynchttpclient.netty.channel.ChannelManager - Adding key: http://localhost:9604 for channel [id: 0x01ecb425, L:/127.0.0.1:58242 - R:localhost/127.0.0.1:9604]
01:32:05.053 [Forwarding getAlertText on session 8112329f89c1076b59ec968603bf8cbf to remote] DEBUG org.asynchttpclient.netty.request.NettyRequestSender - Using pooled Channel '[id: 0x01ecb425, L:/127.0.0.1:58242 - R:localhost/127.0.0.1:9604]' for 'GET' to 'http://localhost:9604/session/8112329f89c1076b59ec968603bf8cbf/alert/text'
01:32:05.053 [Forwarding getAlertText on session 8112329f89c1076b59ec968603bf8cbf to remote] DEBUG org.asynchttpclient.netty.request.NettyRequestSender - Using open Channel [id: 0x01ecb425, L:/127.0.0.1:58242 - R:localhost/127.0.0.1:9604] for GET '/session/8112329f89c1076b59ec968603bf8cbf/alert/text'
01:32:05.055 [AsyncHttpClient-1-14] DEBUG org.asynchttpclient.netty.handler.HttpHandler - 

Request DefaultFullHttpRequest(decodeResult: success, version: HTTP/1.1, content: EmptyByteBufBE)
GET /session/8112329f89c1076b59ec968603bf8cbf/alert/text HTTP/1.1
User-Agent: selenium/4.8.1 (java windows)
Cache-Control: no-cache
Content-Type: application/json; charset=utf-8
host: localhost:9604
accept: */*

Response DefaultHttpResponse(decodeResult: success, version: HTTP/1.1)
HTTP/1.1 404 Not Found
Content-Length: 816
Content-Type: application/json; charset=utf-8
cache-control: no-cache

01:32:05.055 [AsyncHttpClient-1-14] DEBUG org.asynchttpclient.netty.channel.ChannelManager - Adding key: http://localhost:9604 for channel [id: 0x01ecb425, L:/127.0.0.1:58242 - R:localhost/127.0.0.1:9604]
01:32:05.056 [Forwarding getCurrentUrl on session 8112329f89c1076b59ec968603bf8cbf to remote] DEBUG org.asynchttpclient.netty.request.NettyRequestSender - Using pooled Channel '[id: 0x01ecb425, L:/127.0.0.1:58242 - R:localhost/127.0.0.1:9604]' for 'GET' to 'http://localhost:9604/session/8112329f89c1076b59ec968603bf8cbf/url'
01:32:05.056 [Forwarding getCurrentUrl on session 8112329f89c1076b59ec968603bf8cbf to remote] DEBUG org.asynchttpclient.netty.request.NettyRequestSender - Using open Channel [id: 0x01ecb425, L:/127.0.0.1:58242 - R:localhost/127.0.0.1:9604] for GET '/session/8112329f89c1076b59ec968603bf8cbf/url'
01:32:05.061 [AsyncHttpClient-1-14] DEBUG org.asynchttpclient.netty.handler.HttpHandler - 

Request DefaultFullHttpRequest(decodeResult: success, version: HTTP/1.1, content: EmptyByteBufBE)
GET /session/8112329f89c1076b59ec968603bf8cbf/url HTTP/1.1
User-Agent: selenium/4.8.1 (java windows)
Cache-Control: no-cache
Content-Type: application/json; charset=utf-8
host: localhost:9604
accept: */*

Response DefaultHttpResponse(decodeResult: success, version: HTTP/1.1)
HTTP/1.1 200 OK
Content-Length: 51
Content-Type: application/json; charset=utf-8
cache-control: no-cache

01:32:05.061 [AsyncHttpClient-1-14] DEBUG org.asynchttpclient.netty.channel.ChannelManager - Adding key: http://localhost:9604 for channel [id: 0x01ecb425, L:/127.0.0.1:58242 - R:localhost/127.0.0.1:9604]
01:32:05.062 [Forwarding screenshot on session 8112329f89c1076b59ec968603bf8cbf to remote] DEBUG org.asynchttpclient.netty.request.NettyRequestSender - Using pooled Channel '[id: 0x01ecb425, L:/127.0.0.1:58242 - R:localhost/127.0.0.1:9604]' for 'GET' to 'http://localhost:9604/session/8112329f89c1076b59ec968603bf8cbf/screenshot'
01:32:05.062 [Forwarding screenshot on session 8112329f89c1076b59ec968603bf8cbf to remote] DEBUG org.asynchttpclient.netty.request.NettyRequestSender - Using open Channel [id: 0x01ecb425, L:/127.0.0.1:58242 - R:localhost/127.0.0.1:9604] for GET '/session/8112329f89c1076b59ec968603bf8cbf/screenshot'
01:32:05.231 [AsyncHttpClient-1-14] DEBUG org.asynchttpclient.netty.handler.HttpHandler - 

Request DefaultFullHttpRequest(decodeResult: success, version: HTTP/1.1, content: EmptyByteBufBE)
GET /session/8112329f89c1076b59ec968603bf8cbf/screenshot HTTP/1.1
User-Agent: selenium/4.8.1 (java windows)
Cache-Control: no-cache
Content-Type: application/json; charset=utf-8
host: localhost:9604
accept: */*

Response DefaultHttpResponse(decodeResult: success, version: HTTP/1.1)
HTTP/1.1 200 OK
Content-Length: 46196
Content-Type: application/json; charset=utf-8
cache-control: no-cache

01:32:05.231 [AsyncHttpClient-1-14] DEBUG org.asynchttpclient.netty.channel.ChannelManager - Adding key: http://localhost:9604 for channel [id: 0x01ecb425, L:/127.0.0.1:58242 - R:localhost/127.0.0.1:9604]
01:32:05.236 [main] DEBUG net.serenitybdd.core.photography.Darkroom - Send negative for processing for target\site\serenity\9ba41ba4095c591b15e8d0380972cd3920779f14f760fbdc3d16650aae5a9383.png
01:32:05.236 [main] DEBUG net.thucydides.core.steps.StepInterceptor - STEP DONE: validateOnTheLoginPage
01:32:05.236 [Darkroom Processing Line] DEBUG net.serenitybdd.core.photography.DarkroomProcessingLine - Processing screenshot image in /var/screenshots/screenshot-1768331522073641858
01:32:05.236 [Darkroom Processing Line] DEBUG net.serenitybdd.core.photography.DarkroomProcessingLine - Saving screenshot to target\site\serenity\9ba41ba4095c591b15e8d0380972cd3920779f14f760fbdc3d16650aae5a9383.png
  &amp#27;[32mThen &amp#27;[0m&amp#27;[32mI can't be on the product page&amp#27;[0m                               &amp#27;[90m# starter.stepdefinitions.LoginSteps.cantTheProductPage()&amp#27;[0m
01:32:05.243 [main] INFO  - 
  _____   ___   ___   _____     ___     _     ___   ___   ___   ___  
 |_   _| | __| / __| |_   _|   | _ \   /_\   / __| / __| | __| |   \ 
   | |   | _|  \__ \   | |     |  _/  / _ \  \__ \ \__ \ | _|  | |) |
   |_|   |___| |___/   |_|     |_|   /_/ \_\ |___/ |___/ |___| |___/ 

As user i haven't be able to login when using empty email
----------------------------------------------------------------------
01:32:05.245 [Driver Command Executor] DEBUG org.asynchttpclient.netty.request.NettyRequestSender - Using pooled Channel '[id: 0x01ecb425, L:/127.0.0.1:58242 - R:localhost/127.0.0.1:9604]' for 'DELETE' to 'http://localhost:9604/session/8112329f89c1076b59ec968603bf8cbf'
01:32:05.245 [AsyncHttpClient-1-16] DEBUG org.asynchttpclient.netty.handler.WebSocketHandler - Channel Closed: [id: 0xb1e65b0b, L:/127.0.0.1:58250 ! R:localhost/127.0.0.1:58243] with attribute NettyResponseFuture{currentRetry=0,
	isDone=1,
	isCancelled=0,
	asyncHandler=org.asynchttpclient.ws.WebSocketUpgradeHandler@363d05ab,
	nettyRequest=org.asynchttpclient.netty.request.NettyRequest@733f8d08,
	future=java.util.concurrent.CompletableFuture@641b8602[Completed normally],
	uri=ws://localhost:58243/devtools/browser/79044f31-828f-416b-be1d-d246e1d04330,
	keepAlive=true,
	redirectCount=0,
	timeoutsHolder=null,
	inAuth=0,
	touch=1683484322375}
01:32:05.245 [Driver Command Executor] DEBUG org.asynchttpclient.netty.request.NettyRequestSender - Using open Channel [id: 0x01ecb425, L:/127.0.0.1:58242 - R:localhost/127.0.0.1:9604] for DELETE '/session/8112329f89c1076b59ec968603bf8cbf'
01:32:05.245 [AsyncHttpClient-1-16] DEBUG org.asynchttpclient.netty.channel.ChannelManager - Closing Channel [id: 0xb1e65b0b, L:/127.0.0.1:58250 ! R:localhost/127.0.0.1:58243] 
01:32:05.293 [AsyncHttpClient-1-15] DEBUG org.asynchttpclient.netty.handler.HttpHandler - Unexpected I/O exception on channel [id: 0xd2136947, L:/127.0.0.1:58249 - R:localhost/127.0.0.1:58243]
java.io.IOException: An existing connection was forcibly closed by the remote host
	at sun.nio.ch.SocketDispatcher.read0(Native Method)
	at sun.nio.ch.SocketDispatcher.read(Unknown Source)
	at sun.nio.ch.IOUtil.readIntoNativeBuffer(Unknown Source)
	at sun.nio.ch.IOUtil.read(Unknown Source)
	at sun.nio.ch.SocketChannelImpl.read(Unknown Source)
	at io.netty.buffer.PooledByteBuf.setBytes(PooledByteBuf.java:259)
	at io.netty.buffer.AbstractByteBuf.writeBytes(AbstractByteBuf.java:1132)
	at io.netty.channel.socket.nio.NioSocketChannel.doReadBytes(NioSocketChannel.java:357)
	at io.netty.channel.nio.AbstractNioByteChannel$NioByteUnsafe.read(AbstractNioByteChannel.java:151)
	at io.netty.channel.nio.NioEventLoop.processSelectedKey(NioEventLoop.java:788)
	at io.netty.channel.nio.NioEventLoop.processSelectedKeysOptimized(NioEventLoop.java:724)
	at io.netty.channel.nio.NioEventLoop.processSelectedKeys(NioEventLoop.java:650)
	at io.netty.channel.nio.NioEventLoop.run(NioEventLoop.java:562)
	at io.netty.util.concurrent.SingleThreadEventExecutor$4.run(SingleThreadEventExecutor.java:997)
	at io.netty.util.internal.ThreadExecutorMap$2.run(ThreadExecutorMap.java:74)
	at io.netty.util.concurrent.FastThreadLocalRunnable.run(FastThreadLocalRunnable.java:30)
	at java.lang.Thread.run(Unknown Source)
01:32:05.293 [AsyncHttpClient-1-15] DEBUG org.asynchttpclient.netty.channel.ChannelManager - Closing Channel [id: 0xd2136947, L:/127.0.0.1:58249 - R:localhost/127.0.0.1:58243] 
01:32:05.294 [AsyncHttpClient-1-15] DEBUG org.asynchttpclient.netty.handler.HttpHandler - Channel Closed: [id: 0xd2136947, L:/127.0.0.1:58249 ! R:localhost/127.0.0.1:58243] with attribute DISCARD
01:32:05.314 [AsyncHttpClient-1-14] DEBUG org.asynchttpclient.netty.handler.HttpHandler - 

Request DefaultFullHttpRequest(decodeResult: success, version: HTTP/1.1, content: EmptyByteBufBE)
DELETE /session/8112329f89c1076b59ec968603bf8cbf HTTP/1.1
User-Agent: selenium/4.8.1 (java windows)
Content-Type: application/json; charset=utf-8
host: localhost:9604
accept: */*

Response DefaultHttpResponse(decodeResult: success, version: HTTP/1.1)
HTTP/1.1 200 OK
Content-Length: 14
Content-Type: application/json; charset=utf-8
cache-control: no-cache

01:32:05.314 [AsyncHttpClient-1-14] DEBUG org.asynchttpclient.netty.channel.ChannelManager - Adding key: http://localhost:9604 for channel [id: 0x01ecb425, L:/127.0.0.1:58242 - R:localhost/127.0.0.1:9604]
01:32:05.383 [AsyncHttpClient-1-14] DEBUG org.asynchttpclient.netty.handler.HttpHandler - Channel Closed: [id: 0x01ecb425, L:/127.0.0.1:58242 ! R:localhost/127.0.0.1:9604] with attribute DISCARD
01:32:05.593 [AsyncHttpClient-1-1] DEBUG org.asynchttpclient.netty.channel.DefaultChannelPool - Entry count for : http://localhost:9604 : 1
01:32:05.593 [AsyncHttpClient-1-1] DEBUG org.asynchttpclient.netty.channel.DefaultChannelPool - Entry count for : http://localhost:58243 : 1
01:32:05.593 [AsyncHttpClient-1-1] DEBUG org.asynchttpclient.netty.channel.DefaultChannelPool - Adding Candidate expired Channel [id: 0x01ecb425, L:/127.0.0.1:58242 ! R:localhost/127.0.0.1:9604] isIdleTimeoutExpired=false isRemotelyClosed=true isTtlExpired=false
01:32:05.593 [AsyncHttpClient-1-1] DEBUG org.asynchttpclient.netty.channel.DefaultChannelPool - Closing Idle Channel [id: 0x01ecb425, L:/127.0.0.1:58242 ! R:localhost/127.0.0.1:9604]
01:32:05.593 [AsyncHttpClient-1-1] DEBUG org.asynchttpclient.netty.channel.DefaultChannelPool - Adding Candidate expired Channel [id: 0xd2136947, L:/127.0.0.1:58249 ! R:localhost/127.0.0.1:58243] isIdleTimeoutExpired=false isRemotelyClosed=true isTtlExpired=false
01:32:05.593 [AsyncHttpClient-1-1] DEBUG org.asynchttpclient.netty.channel.DefaultChannelPool - Closing Idle Channel [id: 0xd2136947, L:/127.0.0.1:58249 ! R:localhost/127.0.0.1:58243]
01:32:05.593 [AsyncHttpClient-1-1] DEBUG org.asynchttpclient.netty.channel.DefaultChannelPool - Closed 2 connections out of 2 in 0 ms
]]></system-out>
    <system-err><![CDATA[Starting ChromeDriver 111.0.5563.64 (c710e93d5b63b7095afe8c2c17df34408078439d-refs/branch-heads/5563@{#995}) on port 9604
Only local connections are allowed.
Please see https://chromedriver.chromium.org/security-considerations for suggestions on keeping ChromeDriver safe.
ChromeDriver was started successfully.
[1683484322.234][WARNING]: This version of ChromeDriver has not been tested with Chrome version 112.
Mei 08, 2023 1:32:02 AM org.openqa.selenium.devtools.CdpVersionFinder findNearestMatch
WARNING: Unable to find an exact match for CDP version 112, so returning the closest version found: 110
]]></system-err>
  </testcase>
  <testcase name="As user i haven&apos;t be able to login when using empty password" classname="login" time="4.988">
    <system-out><![CDATA[
Scenario: As user i haven't be able to login when using empty password &amp#27;[90m# src/test/resources/features/Login.feature:41&amp#27;[0m
01:32:05.931 [main] DEBUG io.cucumber.core.plugin.SerenityReporter - Running feature from file:///D:/TUGAS%20SEMESTER%206/Mini%20Project/WebTest-MiniProject/src/test/resources/features/Login.feature
01:32:05.934 [main] INFO  - 
  _____   ___   ___   _____     ___   _____     _     ___   _____   ___   ___  
 |_   _| | __| / __| |_   _|   / __| |_   _|   /_\   | _ \ |_   _| | __| |   \ 
   | |   | _|  \__ \   | |     \__ \   | |    / _ \  |   /   | |   | _|  | |) |
   |_|   |___| |___/   |_|     |___/   |_|   /_/ \_\ |_|_\   |_|   |___| |___/ 

As user i haven't be able to login when using empty password(login;as-user-i-haven-t-be-able-to-login-when-using-empty-password)
--------------------------------------------------------------------------------
01:32:06.049 [main] INFO net.serenitybdd.core.webdriver.driverproviders.ChromeDriverProvider - Starting Chrome driver instance with capabilities:
01:32:06.050 [main] INFO net.serenitybdd.core.webdriver.driverproviders.ChromeDriverProvider - Capabilities {acceptInsecureCerts: false, browserName: chrome, goog:chromeOptions: {args: [remote-allow-origins=*], extensions: []}}
01:32:06.644 [AsyncHttpClient-1-17] DEBUG org.asynchttpclient.netty.channel.NettyConnectListener - Using new Channel '[id: 0xa429a5c3, L:/127.0.0.1:58264 - R:localhost/127.0.0.1:46889]' for 'POST' to '/session'
01:32:07.416 [AsyncHttpClient-1-17] DEBUG org.asynchttpclient.netty.handler.HttpHandler - 

Request DefaultHttpRequest(decodeResult: success, version: HTTP/1.1)
POST /session HTTP/1.1
User-Agent: selenium/4.8.1 (java windows)
Content-Length: 507
Content-Type: application/json; charset=utf-8
host: localhost:46889
accept: */*

Response DefaultHttpResponse(decodeResult: success, version: HTTP/1.1)
HTTP/1.1 200 OK
Content-Length: 858
Content-Type: application/json; charset=utf-8
cache-control: no-cache

01:32:07.416 [AsyncHttpClient-1-17] DEBUG org.asynchttpclient.netty.channel.ChannelManager - Adding key: http://localhost:46889 for channel [id: 0xa429a5c3, L:/127.0.0.1:58264 - R:localhost/127.0.0.1:46889]
01:32:07.431 [AsyncHttpClient-1-2] DEBUG org.asynchttpclient.netty.channel.NettyConnectListener - Using new Channel '[id: 0xa91613ff, L:/127.0.0.1:58271 - R:localhost/127.0.0.1:58265]' for 'GET' to '/json/version'
01:32:07.432 [AsyncHttpClient-1-2] DEBUG org.asynchttpclient.netty.handler.HttpHandler - 

Request DefaultFullHttpRequest(decodeResult: success, version: HTTP/1.1, content: EmptyByteBufBE)
GET /json/version HTTP/1.1
User-Agent: selenium/4.8.1 (java windows)
host: localhost:58265
accept: */*

Response DefaultHttpResponse(decodeResult: success, version: HTTP/1.1)
HTTP/1.1 200 OK
Content-Security-Policy: frame-ancestors 'none'
Content-Length: 424
Content-Type: application/json; charset=UTF-8

01:32:07.432 [AsyncHttpClient-1-2] DEBUG org.asynchttpclient.netty.channel.ChannelManager - Adding key: http://localhost:58265 for channel [id: 0xa91613ff, L:/127.0.0.1:58271 - R:localhost/127.0.0.1:58265]
01:32:07.436 [AsyncHttpClient-1-3] DEBUG org.asynchttpclient.netty.channel.NettyConnectListener - Using new Channel '[id: 0x6c50ea00, L:/127.0.0.1:58272 - R:localhost/127.0.0.1:58265]' for 'GET' to '/devtools/browser/30520de0-5999-4d53-8318-60aee5337d03'
01:32:07.437 [AsyncHttpClient-1-3] DEBUG org.asynchttpclient.netty.handler.WebSocketHandler - 

Request DefaultFullHttpRequest(decodeResult: success, version: HTTP/1.1, content: EmptyByteBufBE)
GET /devtools/browser/30520de0-5999-4d53-8318-60aee5337d03 HTTP/1.1
upgrade: websocket
connection: upgrade
sec-websocket-key: 6jljDHOUIeY2k9WsHF8q1w==
sec-websocket-version: 13
origin: http://localhost:58265
host: localhost:58265
accept: */*
user-agent: AHC/2.1

Response DefaultHttpResponse(decodeResult: success, version: HTTP/1.1)
HTTP/1.1 101 WebSocket Protocol Handshake
Upgrade: WebSocket
Connection: Upgrade
Sec-WebSocket-Accept: bdKduPtdhpBACDQKXw0HFtcSNeg=

01:32:07.440 [Forwarding get on session 35666f965e3b194663da4d9588ef5f1e to remote] DEBUG org.asynchttpclient.netty.request.NettyRequestSender - Using pooled Channel '[id: 0xa429a5c3, L:/127.0.0.1:58264 - R:localhost/127.0.0.1:46889]' for 'POST' to 'http://localhost:46889/session/35666f965e3b194663da4d9588ef5f1e/url'
01:32:07.440 [Forwarding get on session 35666f965e3b194663da4d9588ef5f1e to remote] DEBUG org.asynchttpclient.netty.request.NettyRequestSender - Using open Channel [id: 0xa429a5c3, L:/127.0.0.1:58264 - R:localhost/127.0.0.1:46889] for POST '/session/35666f965e3b194663da4d9588ef5f1e/url'
01:32:07.794 [AsyncHttpClient-1-1] DEBUG org.asynchttpclient.netty.channel.DefaultChannelPool - Entry count for : http://localhost:58265 : 1
01:32:08.049 [AsyncHttpClient-1-17] DEBUG org.asynchttpclient.netty.handler.HttpHandler - 

Request DefaultHttpRequest(decodeResult: success, version: HTTP/1.1)
POST /session/35666f965e3b194663da4d9588ef5f1e/url HTTP/1.1
User-Agent: selenium/4.8.1 (java windows)
Content-Length: 74
Content-Type: application/json; charset=utf-8
host: localhost:46889
accept: */*

Response DefaultHttpResponse(decodeResult: success, version: HTTP/1.1)
HTTP/1.1 200 OK
Content-Length: 14
Content-Type: application/json; charset=utf-8
cache-control: no-cache

01:32:08.049 [AsyncHttpClient-1-17] DEBUG org.asynchttpclient.netty.channel.ChannelManager - Adding key: http://localhost:46889 for channel [id: 0xa429a5c3, L:/127.0.0.1:58264 - R:localhost/127.0.0.1:46889]
01:32:08.051 [Forwarding setTimeout on session 35666f965e3b194663da4d9588ef5f1e to remote] DEBUG org.asynchttpclient.netty.request.NettyRequestSender - Using pooled Channel '[id: 0xa429a5c3, L:/127.0.0.1:58264 - R:localhost/127.0.0.1:46889]' for 'POST' to 'http://localhost:46889/session/35666f965e3b194663da4d9588ef5f1e/timeouts'
01:32:08.051 [Forwarding setTimeout on session 35666f965e3b194663da4d9588ef5f1e to remote] DEBUG org.asynchttpclient.netty.request.NettyRequestSender - Using open Channel [id: 0xa429a5c3, L:/127.0.0.1:58264 - R:localhost/127.0.0.1:46889] for POST '/session/35666f965e3b194663da4d9588ef5f1e/timeouts'
01:32:08.052 [AsyncHttpClient-1-17] DEBUG org.asynchttpclient.netty.handler.HttpHandler - 

Request DefaultHttpRequest(decodeResult: success, version: HTTP/1.1)
POST /session/35666f965e3b194663da4d9588ef5f1e/timeouts HTTP/1.1
User-Agent: selenium/4.8.1 (java windows)
Content-Length: 22
Content-Type: application/json; charset=utf-8
host: localhost:46889
accept: */*

Response DefaultHttpResponse(decodeResult: success, version: HTTP/1.1)
HTTP/1.1 200 OK
Content-Length: 14
Content-Type: application/json; charset=utf-8
cache-control: no-cache

01:32:08.052 [AsyncHttpClient-1-17] DEBUG org.asynchttpclient.netty.channel.ChannelManager - Adding key: http://localhost:46889 for channel [id: 0xa429a5c3, L:/127.0.0.1:58264 - R:localhost/127.0.0.1:46889]
01:32:08.060 [Forwarding getAlertText on session 35666f965e3b194663da4d9588ef5f1e to remote] DEBUG org.asynchttpclient.netty.request.NettyRequestSender - Using pooled Channel '[id: 0xa429a5c3, L:/127.0.0.1:58264 - R:localhost/127.0.0.1:46889]' for 'GET' to 'http://localhost:46889/session/35666f965e3b194663da4d9588ef5f1e/alert/text'
01:32:08.060 [Forwarding getAlertText on session 35666f965e3b194663da4d9588ef5f1e to remote] DEBUG org.asynchttpclient.netty.request.NettyRequestSender - Using open Channel [id: 0xa429a5c3, L:/127.0.0.1:58264 - R:localhost/127.0.0.1:46889] for GET '/session/35666f965e3b194663da4d9588ef5f1e/alert/text'
01:32:08.062 [AsyncHttpClient-1-17] DEBUG org.asynchttpclient.netty.handler.HttpHandler - 

Request DefaultFullHttpRequest(decodeResult: success, version: HTTP/1.1, content: EmptyByteBufBE)
GET /session/35666f965e3b194663da4d9588ef5f1e/alert/text HTTP/1.1
User-Agent: selenium/4.8.1 (java windows)
Cache-Control: no-cache
Content-Type: application/json; charset=utf-8
host: localhost:46889
accept: */*

Response DefaultHttpResponse(decodeResult: success, version: HTTP/1.1)
HTTP/1.1 404 Not Found
Content-Length: 816
Content-Type: application/json; charset=utf-8
cache-control: no-cache

01:32:08.062 [AsyncHttpClient-1-17] DEBUG org.asynchttpclient.netty.channel.ChannelManager - Adding key: http://localhost:46889 for channel [id: 0xa429a5c3, L:/127.0.0.1:58264 - R:localhost/127.0.0.1:46889]
01:32:08.064 [Forwarding getCurrentUrl on session 35666f965e3b194663da4d9588ef5f1e to remote] DEBUG org.asynchttpclient.netty.request.NettyRequestSender - Using pooled Channel '[id: 0xa429a5c3, L:/127.0.0.1:58264 - R:localhost/127.0.0.1:46889]' for 'GET' to 'http://localhost:46889/session/35666f965e3b194663da4d9588ef5f1e/url'
01:32:08.064 [Forwarding getCurrentUrl on session 35666f965e3b194663da4d9588ef5f1e to remote] DEBUG org.asynchttpclient.netty.request.NettyRequestSender - Using open Channel [id: 0xa429a5c3, L:/127.0.0.1:58264 - R:localhost/127.0.0.1:46889] for GET '/session/35666f965e3b194663da4d9588ef5f1e/url'
01:32:08.069 [AsyncHttpClient-1-17] DEBUG org.asynchttpclient.netty.handler.HttpHandler - 

Request DefaultFullHttpRequest(decodeResult: success, version: HTTP/1.1, content: EmptyByteBufBE)
GET /session/35666f965e3b194663da4d9588ef5f1e/url HTTP/1.1
User-Agent: selenium/4.8.1 (java windows)
Cache-Control: no-cache
Content-Type: application/json; charset=utf-8
host: localhost:46889
accept: */*

Response DefaultHttpResponse(decodeResult: success, version: HTTP/1.1)
HTTP/1.1 200 OK
Content-Length: 51
Content-Type: application/json; charset=utf-8
cache-control: no-cache

01:32:08.069 [AsyncHttpClient-1-17] DEBUG org.asynchttpclient.netty.channel.ChannelManager - Adding key: http://localhost:46889 for channel [id: 0xa429a5c3, L:/127.0.0.1:58264 - R:localhost/127.0.0.1:46889]
01:32:08.070 [Forwarding screenshot on session 35666f965e3b194663da4d9588ef5f1e to remote] DEBUG org.asynchttpclient.netty.request.NettyRequestSender - Using pooled Channel '[id: 0xa429a5c3, L:/127.0.0.1:58264 - R:localhost/127.0.0.1:46889]' for 'GET' to 'http://localhost:46889/session/35666f965e3b194663da4d9588ef5f1e/screenshot'
01:32:08.070 [Forwarding screenshot on session 35666f965e3b194663da4d9588ef5f1e to remote] DEBUG org.asynchttpclient.netty.request.NettyRequestSender - Using open Channel [id: 0xa429a5c3, L:/127.0.0.1:58264 - R:localhost/127.0.0.1:46889] for GET '/session/35666f965e3b194663da4d9588ef5f1e/screenshot'
01:32:08.407 [AsyncHttpClient-1-17] DEBUG org.asynchttpclient.netty.handler.HttpHandler - 

Request DefaultFullHttpRequest(decodeResult: success, version: HTTP/1.1, content: EmptyByteBufBE)
GET /session/35666f965e3b194663da4d9588ef5f1e/screenshot HTTP/1.1
User-Agent: selenium/4.8.1 (java windows)
Cache-Control: no-cache
Content-Type: application/json; charset=utf-8
host: localhost:46889
accept: */*

Response DefaultHttpResponse(decodeResult: success, version: HTTP/1.1)
HTTP/1.1 200 OK
Content-Length: 37680
Content-Type: application/json; charset=utf-8
cache-control: no-cache

01:32:08.408 [AsyncHttpClient-1-17] DEBUG org.asynchttpclient.netty.channel.ChannelManager - Adding key: http://localhost:46889 for channel [id: 0xa429a5c3, L:/127.0.0.1:58264 - R:localhost/127.0.0.1:46889]
01:32:08.411 [main] DEBUG net.serenitybdd.core.photography.Darkroom - Send negative for processing for target\site\serenity\617ccc73021c4cab9dfa54c5aa3482f15135817f8e58f0514fd8d62047c1a9ab.png
01:32:08.412 [Forwarding getPageSource on session 35666f965e3b194663da4d9588ef5f1e to remote] DEBUG org.asynchttpclient.netty.request.NettyRequestSender - Using pooled Channel '[id: 0xa429a5c3, L:/127.0.0.1:58264 - R:localhost/127.0.0.1:46889]' for 'POST' to 'http://localhost:46889/session/35666f965e3b194663da4d9588ef5f1e/execute/sync'
01:32:08.412 [Forwarding getPageSource on session 35666f965e3b194663da4d9588ef5f1e to remote] DEBUG org.asynchttpclient.netty.request.NettyRequestSender - Using open Channel [id: 0xa429a5c3, L:/127.0.0.1:58264 - R:localhost/127.0.0.1:46889] for POST '/session/35666f965e3b194663da4d9588ef5f1e/execute/sync'
01:32:08.419 [AsyncHttpClient-1-17] DEBUG org.asynchttpclient.netty.handler.HttpHandler - 

Request DefaultHttpRequest(decodeResult: success, version: HTTP/1.1)
POST /session/35666f965e3b194663da4d9588ef5f1e/execute/sync HTTP/1.1
User-Agent: selenium/4.8.1 (java windows)
Content-Length: 176
Content-Type: application/json; charset=utf-8
host: localhost:46889
accept: */*

Response DefaultHttpResponse(decodeResult: success, version: HTTP/1.1)
HTTP/1.1 200 OK
Content-Length: 21659
Content-Type: application/json; charset=utf-8
cache-control: no-cache

01:32:08.419 [AsyncHttpClient-1-17] DEBUG org.asynchttpclient.netty.channel.ChannelManager - Adding key: http://localhost:46889 for channel [id: 0xa429a5c3, L:/127.0.0.1:58264 - R:localhost/127.0.0.1:46889]
01:32:08.422 [Forwarding getCurrentUrl on session 35666f965e3b194663da4d9588ef5f1e to remote] DEBUG org.asynchttpclient.netty.request.NettyRequestSender - Using pooled Channel '[id: 0xa429a5c3, L:/127.0.0.1:58264 - R:localhost/127.0.0.1:46889]' for 'GET' to 'http://localhost:46889/session/35666f965e3b194663da4d9588ef5f1e/url'
01:32:08.422 [Forwarding getCurrentUrl on session 35666f965e3b194663da4d9588ef5f1e to remote] DEBUG org.asynchttpclient.netty.request.NettyRequestSender - Using open Channel [id: 0xa429a5c3, L:/127.0.0.1:58264 - R:localhost/127.0.0.1:46889] for GET '/session/35666f965e3b194663da4d9588ef5f1e/url'
01:32:08.426 [AsyncHttpClient-1-17] DEBUG org.asynchttpclient.netty.handler.HttpHandler - 

Request DefaultFullHttpRequest(decodeResult: success, version: HTTP/1.1, content: EmptyByteBufBE)
GET /session/35666f965e3b194663da4d9588ef5f1e/url HTTP/1.1
User-Agent: selenium/4.8.1 (java windows)
Cache-Control: no-cache
Content-Type: application/json; charset=utf-8
host: localhost:46889
accept: */*

Response DefaultHttpResponse(decodeResult: success, version: HTTP/1.1)
HTTP/1.1 200 OK
Content-Length: 51
Content-Type: application/json; charset=utf-8
cache-control: no-cache

01:32:08.427 [AsyncHttpClient-1-17] DEBUG org.asynchttpclient.netty.channel.ChannelManager - Adding key: http://localhost:46889 for channel [id: 0xa429a5c3, L:/127.0.0.1:58264 - R:localhost/127.0.0.1:46889]
01:32:08.429 [main] DEBUG net.thucydides.core.steps.StepInterceptor - STARTING STEP: LoginSteps.onTheLoginPage - validateOnTheLoginPage
01:32:08.433 [Forwarding findElement on session 35666f965e3b194663da4d9588ef5f1e to remote] DEBUG org.asynchttpclient.netty.request.NettyRequestSender - Using pooled Channel '[id: 0xa429a5c3, L:/127.0.0.1:58264 - R:localhost/127.0.0.1:46889]' for 'POST' to 'http://localhost:46889/session/35666f965e3b194663da4d9588ef5f1e/element'
01:32:08.433 [Forwarding findElement on session 35666f965e3b194663da4d9588ef5f1e to remote] DEBUG org.asynchttpclient.netty.request.NettyRequestSender - Using open Channel [id: 0xa429a5c3, L:/127.0.0.1:58264 - R:localhost/127.0.0.1:46889] for POST '/session/35666f965e3b194663da4d9588ef5f1e/element'
01:32:08.447 [AsyncHttpClient-1-17] DEBUG org.asynchttpclient.netty.handler.HttpHandler - 

Request DefaultHttpRequest(decodeResult: success, version: HTTP/1.1)
POST /session/35666f965e3b194663da4d9588ef5f1e/element HTTP/1.1
User-Agent: selenium/4.8.1 (java windows)
Content-Length: 165
Content-Type: application/json; charset=utf-8
host: localhost:46889
accept: */*

Response DefaultHttpResponse(decodeResult: success, version: HTTP/1.1)
HTTP/1.1 200 OK
Content-Length: 88
Content-Type: application/json; charset=utf-8
cache-control: no-cache

01:32:08.447 [AsyncHttpClient-1-17] DEBUG org.asynchttpclient.netty.channel.ChannelManager - Adding key: http://localhost:46889 for channel [id: 0xa429a5c3, L:/127.0.0.1:58264 - R:localhost/127.0.0.1:46889]
01:32:08.450 [Forwarding isElementDisplayed on session 35666f965e3b194663da4d9588ef5f1e to remote] DEBUG org.asynchttpclient.netty.request.NettyRequestSender - Using pooled Channel '[id: 0xa429a5c3, L:/127.0.0.1:58264 - R:localhost/127.0.0.1:46889]' for 'POST' to 'http://localhost:46889/session/35666f965e3b194663da4d9588ef5f1e/execute/sync'
01:32:08.451 [Forwarding isElementDisplayed on session 35666f965e3b194663da4d9588ef5f1e to remote] DEBUG org.asynchttpclient.netty.request.NettyRequestSender - Using open Channel [id: 0xa429a5c3, L:/127.0.0.1:58264 - R:localhost/127.0.0.1:46889] for POST '/session/35666f965e3b194663da4d9588ef5f1e/execute/sync'
01:32:08.466 [AsyncHttpClient-1-17] DEBUG org.asynchttpclient.netty.handler.HttpHandler - 

Request DefaultHttpRequest(decodeResult: success, version: HTTP/1.1)
POST /session/35666f965e3b194663da4d9588ef5f1e/execute/sync HTTP/1.1
User-Agent: selenium/4.8.1 (java windows)
Content-Length: 48807
Content-Type: application/json; charset=utf-8
host: localhost:46889
accept: */*

Response DefaultHttpResponse(decodeResult: success, version: HTTP/1.1)
HTTP/1.1 200 OK
Content-Length: 14
Content-Type: application/json; charset=utf-8
cache-control: no-cache

01:32:08.466 [AsyncHttpClient-1-17] DEBUG org.asynchttpclient.netty.channel.ChannelManager - Adding key: http://localhost:46889 for channel [id: 0xa429a5c3, L:/127.0.0.1:58264 - R:localhost/127.0.0.1:46889]
01:32:08.471 [Forwarding getAlertText on session 35666f965e3b194663da4d9588ef5f1e to remote] DEBUG org.asynchttpclient.netty.request.NettyRequestSender - Using pooled Channel '[id: 0xa429a5c3, L:/127.0.0.1:58264 - R:localhost/127.0.0.1:46889]' for 'GET' to 'http://localhost:46889/session/35666f965e3b194663da4d9588ef5f1e/alert/text'
01:32:08.471 [Forwarding getAlertText on session 35666f965e3b194663da4d9588ef5f1e to remote] DEBUG org.asynchttpclient.netty.request.NettyRequestSender - Using open Channel [id: 0xa429a5c3, L:/127.0.0.1:58264 - R:localhost/127.0.0.1:46889] for GET '/session/35666f965e3b194663da4d9588ef5f1e/alert/text'
01:32:08.473 [AsyncHttpClient-1-17] DEBUG org.asynchttpclient.netty.handler.HttpHandler - 

Request DefaultFullHttpRequest(decodeResult: success, version: HTTP/1.1, content: EmptyByteBufBE)
GET /session/35666f965e3b194663da4d9588ef5f1e/alert/text HTTP/1.1
User-Agent: selenium/4.8.1 (java windows)
Cache-Control: no-cache
Content-Type: application/json; charset=utf-8
host: localhost:46889
accept: */*

Response DefaultHttpResponse(decodeResult: success, version: HTTP/1.1)
HTTP/1.1 404 Not Found
Content-Length: 816
Content-Type: application/json; charset=utf-8
cache-control: no-cache

01:32:08.473 [AsyncHttpClient-1-17] DEBUG org.asynchttpclient.netty.channel.ChannelManager - Adding key: http://localhost:46889 for channel [id: 0xa429a5c3, L:/127.0.0.1:58264 - R:localhost/127.0.0.1:46889]
01:32:08.474 [Forwarding getCurrentUrl on session 35666f965e3b194663da4d9588ef5f1e to remote] DEBUG org.asynchttpclient.netty.request.NettyRequestSender - Using pooled Channel '[id: 0xa429a5c3, L:/127.0.0.1:58264 - R:localhost/127.0.0.1:46889]' for 'GET' to 'http://localhost:46889/session/35666f965e3b194663da4d9588ef5f1e/url'
01:32:08.474 [Forwarding getCurrentUrl on session 35666f965e3b194663da4d9588ef5f1e to remote] DEBUG org.asynchttpclient.netty.request.NettyRequestSender - Using open Channel [id: 0xa429a5c3, L:/127.0.0.1:58264 - R:localhost/127.0.0.1:46889] for GET '/session/35666f965e3b194663da4d9588ef5f1e/url'
01:32:08.478 [AsyncHttpClient-1-17] DEBUG org.asynchttpclient.netty.handler.HttpHandler - 

Request DefaultFullHttpRequest(decodeResult: success, version: HTTP/1.1, content: EmptyByteBufBE)
GET /session/35666f965e3b194663da4d9588ef5f1e/url HTTP/1.1
User-Agent: selenium/4.8.1 (java windows)
Cache-Control: no-cache
Content-Type: application/json; charset=utf-8
host: localhost:46889
accept: */*

Response DefaultHttpResponse(decodeResult: success, version: HTTP/1.1)
HTTP/1.1 200 OK
Content-Length: 51
Content-Type: application/json; charset=utf-8
cache-control: no-cache

01:32:08.478 [AsyncHttpClient-1-17] DEBUG org.asynchttpclient.netty.channel.ChannelManager - Adding key: http://localhost:46889 for channel [id: 0xa429a5c3, L:/127.0.0.1:58264 - R:localhost/127.0.0.1:46889]
01:32:08.478 [Forwarding screenshot on session 35666f965e3b194663da4d9588ef5f1e to remote] DEBUG org.asynchttpclient.netty.request.NettyRequestSender - Using pooled Channel '[id: 0xa429a5c3, L:/127.0.0.1:58264 - R:localhost/127.0.0.1:46889]' for 'GET' to 'http://localhost:46889/session/35666f965e3b194663da4d9588ef5f1e/screenshot'
01:32:08.478 [Forwarding screenshot on session 35666f965e3b194663da4d9588ef5f1e to remote] DEBUG org.asynchttpclient.netty.request.NettyRequestSender - Using open Channel [id: 0xa429a5c3, L:/127.0.0.1:58264 - R:localhost/127.0.0.1:46889] for GET '/session/35666f965e3b194663da4d9588ef5f1e/screenshot'
01:32:08.598 [AsyncHttpClient-1-17] DEBUG org.asynchttpclient.netty.handler.HttpHandler - 

Request DefaultFullHttpRequest(decodeResult: success, version: HTTP/1.1, content: EmptyByteBufBE)
GET /session/35666f965e3b194663da4d9588ef5f1e/screenshot HTTP/1.1
User-Agent: selenium/4.8.1 (java windows)
Cache-Control: no-cache
Content-Type: application/json; charset=utf-8
host: localhost:46889
accept: */*

Response DefaultHttpResponse(decodeResult: success, version: HTTP/1.1)
HTTP/1.1 200 OK
Content-Length: 37680
Content-Type: application/json; charset=utf-8
cache-control: no-cache

01:32:08.598 [AsyncHttpClient-1-17] DEBUG org.asynchttpclient.netty.channel.ChannelManager - Adding key: http://localhost:46889 for channel [id: 0xa429a5c3, L:/127.0.0.1:58264 - R:localhost/127.0.0.1:46889]
01:32:08.600 [main] DEBUG net.serenitybdd.core.photography.Darkroom - Send negative for processing for target\site\serenity\617ccc73021c4cab9dfa54c5aa3482f15135817f8e58f0514fd8d62047c1a9ab.png
01:32:08.601 [main] DEBUG net.thucydides.core.steps.StepInterceptor - STEP DONE: validateOnTheLoginPage
  &amp#27;[32mGiven &amp#27;[0m&amp#27;[32mI am on the login page&amp#27;[0m                                         &amp#27;[90m# starter.stepdefinitions.LoginSteps.onTheLoginPage()&amp#27;[0m
01:32:08.609 [Forwarding getPageSource on session 35666f965e3b194663da4d9588ef5f1e to remote] DEBUG org.asynchttpclient.netty.request.NettyRequestSender - Using pooled Channel '[id: 0xa429a5c3, L:/127.0.0.1:58264 - R:localhost/127.0.0.1:46889]' for 'POST' to 'http://localhost:46889/session/35666f965e3b194663da4d9588ef5f1e/execute/sync'
01:32:08.609 [Forwarding getPageSource on session 35666f965e3b194663da4d9588ef5f1e to remote] DEBUG org.asynchttpclient.netty.request.NettyRequestSender - Using open Channel [id: 0xa429a5c3, L:/127.0.0.1:58264 - R:localhost/127.0.0.1:46889] for POST '/session/35666f965e3b194663da4d9588ef5f1e/execute/sync'
01:32:08.614 [AsyncHttpClient-1-17] DEBUG org.asynchttpclient.netty.handler.HttpHandler - 

Request DefaultHttpRequest(decodeResult: success, version: HTTP/1.1)
POST /session/35666f965e3b194663da4d9588ef5f1e/execute/sync HTTP/1.1
User-Agent: selenium/4.8.1 (java windows)
Content-Length: 176
Content-Type: application/json; charset=utf-8
host: localhost:46889
accept: */*

Response DefaultHttpResponse(decodeResult: success, version: HTTP/1.1)
HTTP/1.1 200 OK
Content-Length: 21659
Content-Type: application/json; charset=utf-8
cache-control: no-cache

01:32:08.615 [AsyncHttpClient-1-17] DEBUG org.asynchttpclient.netty.channel.ChannelManager - Adding key: http://localhost:46889 for channel [id: 0xa429a5c3, L:/127.0.0.1:58264 - R:localhost/127.0.0.1:46889]
01:32:08.617 [Forwarding getCurrentUrl on session 35666f965e3b194663da4d9588ef5f1e to remote] DEBUG org.asynchttpclient.netty.request.NettyRequestSender - Using pooled Channel '[id: 0xa429a5c3, L:/127.0.0.1:58264 - R:localhost/127.0.0.1:46889]' for 'GET' to 'http://localhost:46889/session/35666f965e3b194663da4d9588ef5f1e/url'
01:32:08.617 [Forwarding getCurrentUrl on session 35666f965e3b194663da4d9588ef5f1e to remote] DEBUG org.asynchttpclient.netty.request.NettyRequestSender - Using open Channel [id: 0xa429a5c3, L:/127.0.0.1:58264 - R:localhost/127.0.0.1:46889] for GET '/session/35666f965e3b194663da4d9588ef5f1e/url'
01:32:08.621 [AsyncHttpClient-1-17] DEBUG org.asynchttpclient.netty.handler.HttpHandler - 

Request DefaultFullHttpRequest(decodeResult: success, version: HTTP/1.1, content: EmptyByteBufBE)
GET /session/35666f965e3b194663da4d9588ef5f1e/url HTTP/1.1
User-Agent: selenium/4.8.1 (java windows)
Cache-Control: no-cache
Content-Type: application/json; charset=utf-8
host: localhost:46889
accept: */*

Response DefaultHttpResponse(decodeResult: success, version: HTTP/1.1)
HTTP/1.1 200 OK
Content-Length: 51
Content-Type: application/json; charset=utf-8
cache-control: no-cache

01:32:08.621 [AsyncHttpClient-1-17] DEBUG org.asynchttpclient.netty.channel.ChannelManager - Adding key: http://localhost:46889 for channel [id: 0xa429a5c3, L:/127.0.0.1:58264 - R:localhost/127.0.0.1:46889]
01:32:08.629 [Forwarding getPageSource on session 35666f965e3b194663da4d9588ef5f1e to remote] DEBUG org.asynchttpclient.netty.request.NettyRequestSender - Using pooled Channel '[id: 0xa429a5c3, L:/127.0.0.1:58264 - R:localhost/127.0.0.1:46889]' for 'POST' to 'http://localhost:46889/session/35666f965e3b194663da4d9588ef5f1e/execute/sync'
01:32:08.629 [Forwarding getPageSource on session 35666f965e3b194663da4d9588ef5f1e to remote] DEBUG org.asynchttpclient.netty.request.NettyRequestSender - Using open Channel [id: 0xa429a5c3, L:/127.0.0.1:58264 - R:localhost/127.0.0.1:46889] for POST '/session/35666f965e3b194663da4d9588ef5f1e/execute/sync'
01:32:08.634 [AsyncHttpClient-1-17] DEBUG org.asynchttpclient.netty.handler.HttpHandler - 

Request DefaultHttpRequest(decodeResult: success, version: HTTP/1.1)
POST /session/35666f965e3b194663da4d9588ef5f1e/execute/sync HTTP/1.1
User-Agent: selenium/4.8.1 (java windows)
Content-Length: 176
Content-Type: application/json; charset=utf-8
host: localhost:46889
accept: */*

Response DefaultHttpResponse(decodeResult: success, version: HTTP/1.1)
HTTP/1.1 200 OK
Content-Length: 21659
Content-Type: application/json; charset=utf-8
cache-control: no-cache

01:32:08.634 [AsyncHttpClient-1-17] DEBUG org.asynchttpclient.netty.channel.ChannelManager - Adding key: http://localhost:46889 for channel [id: 0xa429a5c3, L:/127.0.0.1:58264 - R:localhost/127.0.0.1:46889]
01:32:08.636 [Forwarding getCurrentUrl on session 35666f965e3b194663da4d9588ef5f1e to remote] DEBUG org.asynchttpclient.netty.request.NettyRequestSender - Using pooled Channel '[id: 0xa429a5c3, L:/127.0.0.1:58264 - R:localhost/127.0.0.1:46889]' for 'GET' to 'http://localhost:46889/session/35666f965e3b194663da4d9588ef5f1e/url'
01:32:08.637 [Forwarding getCurrentUrl on session 35666f965e3b194663da4d9588ef5f1e to remote] DEBUG org.asynchttpclient.netty.request.NettyRequestSender - Using open Channel [id: 0xa429a5c3, L:/127.0.0.1:58264 - R:localhost/127.0.0.1:46889] for GET '/session/35666f965e3b194663da4d9588ef5f1e/url'
01:32:08.641 [AsyncHttpClient-1-17] DEBUG org.asynchttpclient.netty.handler.HttpHandler - 

Request DefaultFullHttpRequest(decodeResult: success, version: HTTP/1.1, content: EmptyByteBufBE)
GET /session/35666f965e3b194663da4d9588ef5f1e/url HTTP/1.1
User-Agent: selenium/4.8.1 (java windows)
Cache-Control: no-cache
Content-Type: application/json; charset=utf-8
host: localhost:46889
accept: */*

Response DefaultHttpResponse(decodeResult: success, version: HTTP/1.1)
HTTP/1.1 200 OK
Content-Length: 51
Content-Type: application/json; charset=utf-8
cache-control: no-cache

01:32:08.642 [AsyncHttpClient-1-17] DEBUG org.asynchttpclient.netty.channel.ChannelManager - Adding key: http://localhost:46889 for channel [id: 0xa429a5c3, L:/127.0.0.1:58264 - R:localhost/127.0.0.1:46889]
01:32:08.645 [main] DEBUG net.thucydides.core.steps.StepInterceptor - STARTING STEP: LoginSteps.enterValidUsername - inputUsername
01:32:08.648 [Forwarding findElement on session 35666f965e3b194663da4d9588ef5f1e to remote] DEBUG org.asynchttpclient.netty.request.NettyRequestSender - Using pooled Channel '[id: 0xa429a5c3, L:/127.0.0.1:58264 - R:localhost/127.0.0.1:46889]' for 'POST' to 'http://localhost:46889/session/35666f965e3b194663da4d9588ef5f1e/element'
01:32:08.648 [Forwarding findElement on session 35666f965e3b194663da4d9588ef5f1e to remote] DEBUG org.asynchttpclient.netty.request.NettyRequestSender - Using open Channel [id: 0xa429a5c3, L:/127.0.0.1:58264 - R:localhost/127.0.0.1:46889] for POST '/session/35666f965e3b194663da4d9588ef5f1e/element'
01:32:08.662 [AsyncHttpClient-1-17] DEBUG org.asynchttpclient.netty.handler.HttpHandler - 

Request DefaultHttpRequest(decodeResult: success, version: HTTP/1.1)
POST /session/35666f965e3b194663da4d9588ef5f1e/element HTTP/1.1
User-Agent: selenium/4.8.1 (java windows)
Content-Length: 68
Content-Type: application/json; charset=utf-8
host: localhost:46889
accept: */*

Response DefaultHttpResponse(decodeResult: success, version: HTTP/1.1)
HTTP/1.1 200 OK
Content-Length: 88
Content-Type: application/json; charset=utf-8
cache-control: no-cache

01:32:08.662 [AsyncHttpClient-1-17] DEBUG org.asynchttpclient.netty.channel.ChannelManager - Adding key: http://localhost:46889 for channel [id: 0xa429a5c3, L:/127.0.0.1:58264 - R:localhost/127.0.0.1:46889]
01:32:08.663 [Forwarding clearElement on session 35666f965e3b194663da4d9588ef5f1e to remote] DEBUG org.asynchttpclient.netty.request.NettyRequestSender - Using pooled Channel '[id: 0xa429a5c3, L:/127.0.0.1:58264 - R:localhost/127.0.0.1:46889]' for 'POST' to 'http://localhost:46889/session/35666f965e3b194663da4d9588ef5f1e/element/3e04d148-f51f-4bbc-beda-1274dd95aa7c/clear'
01:32:08.663 [Forwarding clearElement on session 35666f965e3b194663da4d9588ef5f1e to remote] DEBUG org.asynchttpclient.netty.request.NettyRequestSender - Using open Channel [id: 0xa429a5c3, L:/127.0.0.1:58264 - R:localhost/127.0.0.1:46889] for POST '/session/35666f965e3b194663da4d9588ef5f1e/element/3e04d148-f51f-4bbc-beda-1274dd95aa7c/clear'
01:32:08.709 [AsyncHttpClient-1-17] DEBUG org.asynchttpclient.netty.handler.HttpHandler - 

Request DefaultHttpRequest(decodeResult: success, version: HTTP/1.1)
POST /session/35666f965e3b194663da4d9588ef5f1e/element/3e04d148-f51f-4bbc-beda-1274dd95aa7c/clear HTTP/1.1
User-Agent: selenium/4.8.1 (java windows)
Content-Length: 50
Content-Type: application/json; charset=utf-8
host: localhost:46889
accept: */*

Response DefaultHttpResponse(decodeResult: success, version: HTTP/1.1)
HTTP/1.1 200 OK
Content-Length: 14
Content-Type: application/json; charset=utf-8
cache-control: no-cache

01:32:08.709 [AsyncHttpClient-1-17] DEBUG org.asynchttpclient.netty.channel.ChannelManager - Adding key: http://localhost:46889 for channel [id: 0xa429a5c3, L:/127.0.0.1:58264 - R:localhost/127.0.0.1:46889]
01:32:08.711 [Forwarding sendKeysToElement on session 35666f965e3b194663da4d9588ef5f1e to remote] DEBUG org.asynchttpclient.netty.request.NettyRequestSender - Using pooled Channel '[id: 0xa429a5c3, L:/127.0.0.1:58264 - R:localhost/127.0.0.1:46889]' for 'POST' to 'http://localhost:46889/session/35666f965e3b194663da4d9588ef5f1e/element/3e04d148-f51f-4bbc-beda-1274dd95aa7c/value'
01:32:08.711 [Forwarding sendKeysToElement on session 35666f965e3b194663da4d9588ef5f1e to remote] DEBUG org.asynchttpclient.netty.request.NettyRequestSender - Using open Channel [id: 0xa429a5c3, L:/127.0.0.1:58264 - R:localhost/127.0.0.1:46889] for POST '/session/35666f965e3b194663da4d9588ef5f1e/element/3e04d148-f51f-4bbc-beda-1274dd95aa7c/value'
01:32:08.845 [AsyncHttpClient-1-17] DEBUG org.asynchttpclient.netty.handler.HttpHandler - 

Request DefaultHttpRequest(decodeResult: success, version: HTTP/1.1)
POST /session/35666f965e3b194663da4d9588ef5f1e/element/3e04d148-f51f-4bbc-beda-1274dd95aa7c/value HTTP/1.1
User-Agent: selenium/4.8.1 (java windows)
Content-Length: 271
Content-Type: application/json; charset=utf-8
host: localhost:46889
accept: */*

Response DefaultHttpResponse(decodeResult: success, version: HTTP/1.1)
HTTP/1.1 200 OK
Content-Length: 14
Content-Type: application/json; charset=utf-8
cache-control: no-cache

01:32:08.845 [AsyncHttpClient-1-17] DEBUG org.asynchttpclient.netty.channel.ChannelManager - Adding key: http://localhost:46889 for channel [id: 0xa429a5c3, L:/127.0.0.1:58264 - R:localhost/127.0.0.1:46889]
01:32:08.853 [Forwarding getAlertText on session 35666f965e3b194663da4d9588ef5f1e to remote] DEBUG org.asynchttpclient.netty.request.NettyRequestSender - Using pooled Channel '[id: 0xa429a5c3, L:/127.0.0.1:58264 - R:localhost/127.0.0.1:46889]' for 'GET' to 'http://localhost:46889/session/35666f965e3b194663da4d9588ef5f1e/alert/text'
01:32:08.853 [Forwarding getAlertText on session 35666f965e3b194663da4d9588ef5f1e to remote] DEBUG org.asynchttpclient.netty.request.NettyRequestSender - Using open Channel [id: 0xa429a5c3, L:/127.0.0.1:58264 - R:localhost/127.0.0.1:46889] for GET '/session/35666f965e3b194663da4d9588ef5f1e/alert/text'
01:32:08.855 [AsyncHttpClient-1-17] DEBUG org.asynchttpclient.netty.handler.HttpHandler - 

Request DefaultFullHttpRequest(decodeResult: success, version: HTTP/1.1, content: EmptyByteBufBE)
GET /session/35666f965e3b194663da4d9588ef5f1e/alert/text HTTP/1.1
User-Agent: selenium/4.8.1 (java windows)
Cache-Control: no-cache
Content-Type: application/json; charset=utf-8
host: localhost:46889
accept: */*

Response DefaultHttpResponse(decodeResult: success, version: HTTP/1.1)
HTTP/1.1 404 Not Found
Content-Length: 816
Content-Type: application/json; charset=utf-8
cache-control: no-cache

01:32:08.855 [AsyncHttpClient-1-17] DEBUG org.asynchttpclient.netty.channel.ChannelManager - Adding key: http://localhost:46889 for channel [id: 0xa429a5c3, L:/127.0.0.1:58264 - R:localhost/127.0.0.1:46889]
01:32:08.856 [Forwarding getCurrentUrl on session 35666f965e3b194663da4d9588ef5f1e to remote] DEBUG org.asynchttpclient.netty.request.NettyRequestSender - Using pooled Channel '[id: 0xa429a5c3, L:/127.0.0.1:58264 - R:localhost/127.0.0.1:46889]' for 'GET' to 'http://localhost:46889/session/35666f965e3b194663da4d9588ef5f1e/url'
01:32:08.856 [Forwarding getCurrentUrl on session 35666f965e3b194663da4d9588ef5f1e to remote] DEBUG org.asynchttpclient.netty.request.NettyRequestSender - Using open Channel [id: 0xa429a5c3, L:/127.0.0.1:58264 - R:localhost/127.0.0.1:46889] for GET '/session/35666f965e3b194663da4d9588ef5f1e/url'
01:32:08.860 [AsyncHttpClient-1-17] DEBUG org.asynchttpclient.netty.handler.HttpHandler - 

Request DefaultFullHttpRequest(decodeResult: success, version: HTTP/1.1, content: EmptyByteBufBE)
GET /session/35666f965e3b194663da4d9588ef5f1e/url HTTP/1.1
User-Agent: selenium/4.8.1 (java windows)
Cache-Control: no-cache
Content-Type: application/json; charset=utf-8
host: localhost:46889
accept: */*

Response DefaultHttpResponse(decodeResult: success, version: HTTP/1.1)
HTTP/1.1 200 OK
Content-Length: 51
Content-Type: application/json; charset=utf-8
cache-control: no-cache

01:32:08.860 [AsyncHttpClient-1-17] DEBUG org.asynchttpclient.netty.channel.ChannelManager - Adding key: http://localhost:46889 for channel [id: 0xa429a5c3, L:/127.0.0.1:58264 - R:localhost/127.0.0.1:46889]
01:32:08.861 [Forwarding screenshot on session 35666f965e3b194663da4d9588ef5f1e to remote] DEBUG org.asynchttpclient.netty.request.NettyRequestSender - Using pooled Channel '[id: 0xa429a5c3, L:/127.0.0.1:58264 - R:localhost/127.0.0.1:46889]' for 'GET' to 'http://localhost:46889/session/35666f965e3b194663da4d9588ef5f1e/screenshot'
01:32:08.861 [Forwarding screenshot on session 35666f965e3b194663da4d9588ef5f1e to remote] DEBUG org.asynchttpclient.netty.request.NettyRequestSender - Using open Channel [id: 0xa429a5c3, L:/127.0.0.1:58264 - R:localhost/127.0.0.1:46889] for GET '/session/35666f965e3b194663da4d9588ef5f1e/screenshot'
01:32:08.890 [AsyncHttpClient-1-1] DEBUG org.asynchttpclient.netty.channel.DefaultChannelPool - Entry count for : http://localhost:58265 : 1
01:32:09.008 [AsyncHttpClient-1-17] DEBUG org.asynchttpclient.netty.handler.HttpHandler - 

Request DefaultFullHttpRequest(decodeResult: success, version: HTTP/1.1, content: EmptyByteBufBE)
GET /session/35666f965e3b194663da4d9588ef5f1e/screenshot HTTP/1.1
User-Agent: selenium/4.8.1 (java windows)
Cache-Control: no-cache
Content-Type: application/json; charset=utf-8
host: localhost:46889
accept: */*

Response DefaultHttpResponse(decodeResult: success, version: HTTP/1.1)
HTTP/1.1 200 OK
Content-Length: 45876
Content-Type: application/json; charset=utf-8
cache-control: no-cache

01:32:09.009 [AsyncHttpClient-1-17] DEBUG org.asynchttpclient.netty.channel.ChannelManager - Adding key: http://localhost:46889 for channel [id: 0xa429a5c3, L:/127.0.0.1:58264 - R:localhost/127.0.0.1:46889]
01:32:09.011 [main] DEBUG net.serenitybdd.core.photography.Darkroom - Send negative for processing for target\site\serenity\6372eac36b7a3e3d240247a9097b7bf5e25a58f3400d0e005a37312cd0e706cc.png
01:32:09.012 [main] DEBUG net.thucydides.core.steps.StepInterceptor - STEP DONE: inputUsername
01:32:09.012 [Darkroom Processing Line] DEBUG net.serenitybdd.core.photography.DarkroomProcessingLine - Processing screenshot image in /var/screenshots/screenshot-8104980337118428888
01:32:09.012 [Darkroom Processing Line] DEBUG net.serenitybdd.core.photography.DarkroomProcessingLine - Saving screenshot to target\site\serenity\6372eac36b7a3e3d240247a9097b7bf5e25a58f3400d0e005a37312cd0e706cc.png
  &amp#27;[32mWhen &amp#27;[0m&amp#27;[32mI enter valid email&amp#27;[0m                                             &amp#27;[90m# starter.stepdefinitions.LoginSteps.enterValidUsername()&amp#27;[0m
01:32:09.021 [Forwarding getPageSource on session 35666f965e3b194663da4d9588ef5f1e to remote] DEBUG org.asynchttpclient.netty.request.NettyRequestSender - Using pooled Channel '[id: 0xa429a5c3, L:/127.0.0.1:58264 - R:localhost/127.0.0.1:46889]' for 'POST' to 'http://localhost:46889/session/35666f965e3b194663da4d9588ef5f1e/execute/sync'
01:32:09.021 [Forwarding getPageSource on session 35666f965e3b194663da4d9588ef5f1e to remote] DEBUG org.asynchttpclient.netty.request.NettyRequestSender - Using open Channel [id: 0xa429a5c3, L:/127.0.0.1:58264 - R:localhost/127.0.0.1:46889] for POST '/session/35666f965e3b194663da4d9588ef5f1e/execute/sync'
01:32:09.027 [AsyncHttpClient-1-17] DEBUG org.asynchttpclient.netty.handler.HttpHandler - 

Request DefaultHttpRequest(decodeResult: success, version: HTTP/1.1)
POST /session/35666f965e3b194663da4d9588ef5f1e/execute/sync HTTP/1.1
User-Agent: selenium/4.8.1 (java windows)
Content-Length: 176
Content-Type: application/json; charset=utf-8
host: localhost:46889
accept: */*

Response DefaultHttpResponse(decodeResult: success, version: HTTP/1.1)
HTTP/1.1 200 OK
Content-Length: 21780
Content-Type: application/json; charset=utf-8
cache-control: no-cache

01:32:09.028 [AsyncHttpClient-1-17] DEBUG org.asynchttpclient.netty.channel.ChannelManager - Adding key: http://localhost:46889 for channel [id: 0xa429a5c3, L:/127.0.0.1:58264 - R:localhost/127.0.0.1:46889]
01:32:09.032 [Forwarding getCurrentUrl on session 35666f965e3b194663da4d9588ef5f1e to remote] DEBUG org.asynchttpclient.netty.request.NettyRequestSender - Using pooled Channel '[id: 0xa429a5c3, L:/127.0.0.1:58264 - R:localhost/127.0.0.1:46889]' for 'GET' to 'http://localhost:46889/session/35666f965e3b194663da4d9588ef5f1e/url'
01:32:09.033 [Forwarding getCurrentUrl on session 35666f965e3b194663da4d9588ef5f1e to remote] DEBUG org.asynchttpclient.netty.request.NettyRequestSender - Using open Channel [id: 0xa429a5c3, L:/127.0.0.1:58264 - R:localhost/127.0.0.1:46889] for GET '/session/35666f965e3b194663da4d9588ef5f1e/url'
01:32:09.037 [AsyncHttpClient-1-17] DEBUG org.asynchttpclient.netty.handler.HttpHandler - 

Request DefaultFullHttpRequest(decodeResult: success, version: HTTP/1.1, content: EmptyByteBufBE)
GET /session/35666f965e3b194663da4d9588ef5f1e/url HTTP/1.1
User-Agent: selenium/4.8.1 (java windows)
Cache-Control: no-cache
Content-Type: application/json; charset=utf-8
host: localhost:46889
accept: */*

Response DefaultHttpResponse(decodeResult: success, version: HTTP/1.1)
HTTP/1.1 200 OK
Content-Length: 51
Content-Type: application/json; charset=utf-8
cache-control: no-cache

01:32:09.037 [AsyncHttpClient-1-17] DEBUG org.asynchttpclient.netty.channel.ChannelManager - Adding key: http://localhost:46889 for channel [id: 0xa429a5c3, L:/127.0.0.1:58264 - R:localhost/127.0.0.1:46889]
01:32:09.044 [Forwarding getPageSource on session 35666f965e3b194663da4d9588ef5f1e to remote] DEBUG org.asynchttpclient.netty.request.NettyRequestSender - Using pooled Channel '[id: 0xa429a5c3, L:/127.0.0.1:58264 - R:localhost/127.0.0.1:46889]' for 'POST' to 'http://localhost:46889/session/35666f965e3b194663da4d9588ef5f1e/execute/sync'
01:32:09.044 [Forwarding getPageSource on session 35666f965e3b194663da4d9588ef5f1e to remote] DEBUG org.asynchttpclient.netty.request.NettyRequestSender - Using open Channel [id: 0xa429a5c3, L:/127.0.0.1:58264 - R:localhost/127.0.0.1:46889] for POST '/session/35666f965e3b194663da4d9588ef5f1e/execute/sync'
01:32:09.052 [AsyncHttpClient-1-17] DEBUG org.asynchttpclient.netty.handler.HttpHandler - 

Request DefaultHttpRequest(decodeResult: success, version: HTTP/1.1)
POST /session/35666f965e3b194663da4d9588ef5f1e/execute/sync HTTP/1.1
User-Agent: selenium/4.8.1 (java windows)
Content-Length: 176
Content-Type: application/json; charset=utf-8
host: localhost:46889
accept: */*

Response DefaultHttpResponse(decodeResult: success, version: HTTP/1.1)
HTTP/1.1 200 OK
Content-Length: 21780
Content-Type: application/json; charset=utf-8
cache-control: no-cache

01:32:09.052 [AsyncHttpClient-1-17] DEBUG org.asynchttpclient.netty.channel.ChannelManager - Adding key: http://localhost:46889 for channel [id: 0xa429a5c3, L:/127.0.0.1:58264 - R:localhost/127.0.0.1:46889]
01:32:09.056 [Forwarding getCurrentUrl on session 35666f965e3b194663da4d9588ef5f1e to remote] DEBUG org.asynchttpclient.netty.request.NettyRequestSender - Using pooled Channel '[id: 0xa429a5c3, L:/127.0.0.1:58264 - R:localhost/127.0.0.1:46889]' for 'GET' to 'http://localhost:46889/session/35666f965e3b194663da4d9588ef5f1e/url'
01:32:09.056 [Forwarding getCurrentUrl on session 35666f965e3b194663da4d9588ef5f1e to remote] DEBUG org.asynchttpclient.netty.request.NettyRequestSender - Using open Channel [id: 0xa429a5c3, L:/127.0.0.1:58264 - R:localhost/127.0.0.1:46889] for GET '/session/35666f965e3b194663da4d9588ef5f1e/url'
01:32:09.060 [AsyncHttpClient-1-17] DEBUG org.asynchttpclient.netty.handler.HttpHandler - 

Request DefaultFullHttpRequest(decodeResult: success, version: HTTP/1.1, content: EmptyByteBufBE)
GET /session/35666f965e3b194663da4d9588ef5f1e/url HTTP/1.1
User-Agent: selenium/4.8.1 (java windows)
Cache-Control: no-cache
Content-Type: application/json; charset=utf-8
host: localhost:46889
accept: */*

Response DefaultHttpResponse(decodeResult: success, version: HTTP/1.1)
HTTP/1.1 200 OK
Content-Length: 51
Content-Type: application/json; charset=utf-8
cache-control: no-cache

01:32:09.060 [AsyncHttpClient-1-17] DEBUG org.asynchttpclient.netty.channel.ChannelManager - Adding key: http://localhost:46889 for channel [id: 0xa429a5c3, L:/127.0.0.1:58264 - R:localhost/127.0.0.1:46889]
01:32:09.062 [main] DEBUG net.thucydides.core.steps.StepInterceptor - STARTING STEP: LoginSteps.enterEmptyPassword - inputPassword
01:32:09.065 [Forwarding findElement on session 35666f965e3b194663da4d9588ef5f1e to remote] DEBUG org.asynchttpclient.netty.request.NettyRequestSender - Using pooled Channel '[id: 0xa429a5c3, L:/127.0.0.1:58264 - R:localhost/127.0.0.1:46889]' for 'POST' to 'http://localhost:46889/session/35666f965e3b194663da4d9588ef5f1e/element'
01:32:09.065 [Forwarding findElement on session 35666f965e3b194663da4d9588ef5f1e to remote] DEBUG org.asynchttpclient.netty.request.NettyRequestSender - Using open Channel [id: 0xa429a5c3, L:/127.0.0.1:58264 - R:localhost/127.0.0.1:46889] for POST '/session/35666f965e3b194663da4d9588ef5f1e/element'
01:32:09.076 [AsyncHttpClient-1-17] DEBUG org.asynchttpclient.netty.handler.HttpHandler - 

Request DefaultHttpRequest(decodeResult: success, version: HTTP/1.1)
POST /session/35666f965e3b194663da4d9588ef5f1e/element HTTP/1.1
User-Agent: selenium/4.8.1 (java windows)
Content-Length: 68
Content-Type: application/json; charset=utf-8
host: localhost:46889
accept: */*

Response DefaultHttpResponse(decodeResult: success, version: HTTP/1.1)
HTTP/1.1 200 OK
Content-Length: 88
Content-Type: application/json; charset=utf-8
cache-control: no-cache

01:32:09.076 [AsyncHttpClient-1-17] DEBUG org.asynchttpclient.netty.channel.ChannelManager - Adding key: http://localhost:46889 for channel [id: 0xa429a5c3, L:/127.0.0.1:58264 - R:localhost/127.0.0.1:46889]
01:32:09.077 [Forwarding clearElement on session 35666f965e3b194663da4d9588ef5f1e to remote] DEBUG org.asynchttpclient.netty.request.NettyRequestSender - Using pooled Channel '[id: 0xa429a5c3, L:/127.0.0.1:58264 - R:localhost/127.0.0.1:46889]' for 'POST' to 'http://localhost:46889/session/35666f965e3b194663da4d9588ef5f1e/element/efb50e2c-1f25-4800-bee7-ef2974ab9b01/clear'
01:32:09.077 [Forwarding clearElement on session 35666f965e3b194663da4d9588ef5f1e to remote] DEBUG org.asynchttpclient.netty.request.NettyRequestSender - Using open Channel [id: 0xa429a5c3, L:/127.0.0.1:58264 - R:localhost/127.0.0.1:46889] for POST '/session/35666f965e3b194663da4d9588ef5f1e/element/efb50e2c-1f25-4800-bee7-ef2974ab9b01/clear'
01:32:09.113 [AsyncHttpClient-1-17] DEBUG org.asynchttpclient.netty.handler.HttpHandler - 

Request DefaultHttpRequest(decodeResult: success, version: HTTP/1.1)
POST /session/35666f965e3b194663da4d9588ef5f1e/element/efb50e2c-1f25-4800-bee7-ef2974ab9b01/clear HTTP/1.1
User-Agent: selenium/4.8.1 (java windows)
Content-Length: 50
Content-Type: application/json; charset=utf-8
host: localhost:46889
accept: */*

Response DefaultHttpResponse(decodeResult: success, version: HTTP/1.1)
HTTP/1.1 200 OK
Content-Length: 14
Content-Type: application/json; charset=utf-8
cache-control: no-cache

01:32:09.113 [AsyncHttpClient-1-17] DEBUG org.asynchttpclient.netty.channel.ChannelManager - Adding key: http://localhost:46889 for channel [id: 0xa429a5c3, L:/127.0.0.1:58264 - R:localhost/127.0.0.1:46889]
01:32:09.115 [Forwarding sendKeysToElement on session 35666f965e3b194663da4d9588ef5f1e to remote] DEBUG org.asynchttpclient.netty.request.NettyRequestSender - Using pooled Channel '[id: 0xa429a5c3, L:/127.0.0.1:58264 - R:localhost/127.0.0.1:46889]' for 'POST' to 'http://localhost:46889/session/35666f965e3b194663da4d9588ef5f1e/element/efb50e2c-1f25-4800-bee7-ef2974ab9b01/value'
01:32:09.115 [Forwarding sendKeysToElement on session 35666f965e3b194663da4d9588ef5f1e to remote] DEBUG org.asynchttpclient.netty.request.NettyRequestSender - Using open Channel [id: 0xa429a5c3, L:/127.0.0.1:58264 - R:localhost/127.0.0.1:46889] for POST '/session/35666f965e3b194663da4d9588ef5f1e/element/efb50e2c-1f25-4800-bee7-ef2974ab9b01/value'
01:32:09.158 [AsyncHttpClient-1-17] DEBUG org.asynchttpclient.netty.handler.HttpHandler - 

Request DefaultHttpRequest(decodeResult: success, version: HTTP/1.1)
POST /session/35666f965e3b194663da4d9588ef5f1e/element/efb50e2c-1f25-4800-bee7-ef2974ab9b01/value HTTP/1.1
User-Agent: selenium/4.8.1 (java windows)
Content-Length: 82
Content-Type: application/json; charset=utf-8
host: localhost:46889
accept: */*

Response DefaultHttpResponse(decodeResult: success, version: HTTP/1.1)
HTTP/1.1 200 OK
Content-Length: 14
Content-Type: application/json; charset=utf-8
cache-control: no-cache

01:32:09.158 [AsyncHttpClient-1-17] DEBUG org.asynchttpclient.netty.channel.ChannelManager - Adding key: http://localhost:46889 for channel [id: 0xa429a5c3, L:/127.0.0.1:58264 - R:localhost/127.0.0.1:46889]
01:32:09.167 [Forwarding getAlertText on session 35666f965e3b194663da4d9588ef5f1e to remote] DEBUG org.asynchttpclient.netty.request.NettyRequestSender - Using pooled Channel '[id: 0xa429a5c3, L:/127.0.0.1:58264 - R:localhost/127.0.0.1:46889]' for 'GET' to 'http://localhost:46889/session/35666f965e3b194663da4d9588ef5f1e/alert/text'
01:32:09.167 [Forwarding getAlertText on session 35666f965e3b194663da4d9588ef5f1e to remote] DEBUG org.asynchttpclient.netty.request.NettyRequestSender - Using open Channel [id: 0xa429a5c3, L:/127.0.0.1:58264 - R:localhost/127.0.0.1:46889] for GET '/session/35666f965e3b194663da4d9588ef5f1e/alert/text'
01:32:09.169 [AsyncHttpClient-1-17] DEBUG org.asynchttpclient.netty.handler.HttpHandler - 

Request DefaultFullHttpRequest(decodeResult: success, version: HTTP/1.1, content: EmptyByteBufBE)
GET /session/35666f965e3b194663da4d9588ef5f1e/alert/text HTTP/1.1
User-Agent: selenium/4.8.1 (java windows)
Cache-Control: no-cache
Content-Type: application/json; charset=utf-8
host: localhost:46889
accept: */*

Response DefaultHttpResponse(decodeResult: success, version: HTTP/1.1)
HTTP/1.1 404 Not Found
Content-Length: 816
Content-Type: application/json; charset=utf-8
cache-control: no-cache

01:32:09.170 [AsyncHttpClient-1-17] DEBUG org.asynchttpclient.netty.channel.ChannelManager - Adding key: http://localhost:46889 for channel [id: 0xa429a5c3, L:/127.0.0.1:58264 - R:localhost/127.0.0.1:46889]
01:32:09.171 [Forwarding getCurrentUrl on session 35666f965e3b194663da4d9588ef5f1e to remote] DEBUG org.asynchttpclient.netty.request.NettyRequestSender - Using pooled Channel '[id: 0xa429a5c3, L:/127.0.0.1:58264 - R:localhost/127.0.0.1:46889]' for 'GET' to 'http://localhost:46889/session/35666f965e3b194663da4d9588ef5f1e/url'
01:32:09.171 [Forwarding getCurrentUrl on session 35666f965e3b194663da4d9588ef5f1e to remote] DEBUG org.asynchttpclient.netty.request.NettyRequestSender - Using open Channel [id: 0xa429a5c3, L:/127.0.0.1:58264 - R:localhost/127.0.0.1:46889] for GET '/session/35666f965e3b194663da4d9588ef5f1e/url'
01:32:09.175 [AsyncHttpClient-1-17] DEBUG org.asynchttpclient.netty.handler.HttpHandler - 

Request DefaultFullHttpRequest(decodeResult: success, version: HTTP/1.1, content: EmptyByteBufBE)
GET /session/35666f965e3b194663da4d9588ef5f1e/url HTTP/1.1
User-Agent: selenium/4.8.1 (java windows)
Cache-Control: no-cache
Content-Type: application/json; charset=utf-8
host: localhost:46889
accept: */*

Response DefaultHttpResponse(decodeResult: success, version: HTTP/1.1)
HTTP/1.1 200 OK
Content-Length: 51
Content-Type: application/json; charset=utf-8
cache-control: no-cache

01:32:09.175 [AsyncHttpClient-1-17] DEBUG org.asynchttpclient.netty.channel.ChannelManager - Adding key: http://localhost:46889 for channel [id: 0xa429a5c3, L:/127.0.0.1:58264 - R:localhost/127.0.0.1:46889]
01:32:09.176 [Forwarding screenshot on session 35666f965e3b194663da4d9588ef5f1e to remote] DEBUG org.asynchttpclient.netty.request.NettyRequestSender - Using pooled Channel '[id: 0xa429a5c3, L:/127.0.0.1:58264 - R:localhost/127.0.0.1:46889]' for 'GET' to 'http://localhost:46889/session/35666f965e3b194663da4d9588ef5f1e/screenshot'
01:32:09.176 [Forwarding screenshot on session 35666f965e3b194663da4d9588ef5f1e to remote] DEBUG org.asynchttpclient.netty.request.NettyRequestSender - Using open Channel [id: 0xa429a5c3, L:/127.0.0.1:58264 - R:localhost/127.0.0.1:46889] for GET '/session/35666f965e3b194663da4d9588ef5f1e/screenshot'
01:32:09.322 [AsyncHttpClient-1-17] DEBUG org.asynchttpclient.netty.handler.HttpHandler - 

Request DefaultFullHttpRequest(decodeResult: success, version: HTTP/1.1, content: EmptyByteBufBE)
GET /session/35666f965e3b194663da4d9588ef5f1e/screenshot HTTP/1.1
User-Agent: selenium/4.8.1 (java windows)
Cache-Control: no-cache
Content-Type: application/json; charset=utf-8
host: localhost:46889
accept: */*

Response DefaultHttpResponse(decodeResult: success, version: HTTP/1.1)
HTTP/1.1 200 OK
Content-Length: 45620
Content-Type: application/json; charset=utf-8
cache-control: no-cache

01:32:09.322 [AsyncHttpClient-1-17] DEBUG org.asynchttpclient.netty.channel.ChannelManager - Adding key: http://localhost:46889 for channel [id: 0xa429a5c3, L:/127.0.0.1:58264 - R:localhost/127.0.0.1:46889]
01:32:09.325 [main] DEBUG net.serenitybdd.core.photography.Darkroom - Send negative for processing for target\site\serenity\75bc0f8c6314ca8268019ab38f36b87d5cddfb1e40401b544eb846cfc197dd79.png
01:32:09.325 [main] DEBUG net.thucydides.core.steps.StepInterceptor - STEP DONE: inputPassword
01:32:09.325 [Darkroom Processing Line] DEBUG net.serenitybdd.core.photography.DarkroomProcessingLine - Processing screenshot image in /var/screenshots/screenshot-9151384149579312114
  &amp#27;[32mAnd &amp#27;[0m&amp#27;[32mI enter empty password&amp#27;[0m                                           &amp#27;[90m# starter.stepdefinitions.LoginSteps.enterEmptyPassword()&amp#27;[0m
01:32:09.325 [Darkroom Processing Line] DEBUG net.serenitybdd.core.photography.DarkroomProcessingLine - Saving screenshot to target\site\serenity\75bc0f8c6314ca8268019ab38f36b87d5cddfb1e40401b544eb846cfc197dd79.png
01:32:09.336 [Forwarding getPageSource on session 35666f965e3b194663da4d9588ef5f1e to remote] DEBUG org.asynchttpclient.netty.request.NettyRequestSender - Using pooled Channel '[id: 0xa429a5c3, L:/127.0.0.1:58264 - R:localhost/127.0.0.1:46889]' for 'POST' to 'http://localhost:46889/session/35666f965e3b194663da4d9588ef5f1e/execute/sync'
01:32:09.336 [Forwarding getPageSource on session 35666f965e3b194663da4d9588ef5f1e to remote] DEBUG org.asynchttpclient.netty.request.NettyRequestSender - Using open Channel [id: 0xa429a5c3, L:/127.0.0.1:58264 - R:localhost/127.0.0.1:46889] for POST '/session/35666f965e3b194663da4d9588ef5f1e/execute/sync'
01:32:09.341 [AsyncHttpClient-1-17] DEBUG org.asynchttpclient.netty.handler.HttpHandler - 

Request DefaultHttpRequest(decodeResult: success, version: HTTP/1.1)
POST /session/35666f965e3b194663da4d9588ef5f1e/execute/sync HTTP/1.1
User-Agent: selenium/4.8.1 (java windows)
Content-Length: 176
Content-Type: application/json; charset=utf-8
host: localhost:46889
accept: */*

Response DefaultHttpResponse(decodeResult: success, version: HTTP/1.1)
HTTP/1.1 200 OK
Content-Length: 21796
Content-Type: application/json; charset=utf-8
cache-control: no-cache

01:32:09.341 [AsyncHttpClient-1-17] DEBUG org.asynchttpclient.netty.channel.ChannelManager - Adding key: http://localhost:46889 for channel [id: 0xa429a5c3, L:/127.0.0.1:58264 - R:localhost/127.0.0.1:46889]
01:32:09.346 [Forwarding getCurrentUrl on session 35666f965e3b194663da4d9588ef5f1e to remote] DEBUG org.asynchttpclient.netty.request.NettyRequestSender - Using pooled Channel '[id: 0xa429a5c3, L:/127.0.0.1:58264 - R:localhost/127.0.0.1:46889]' for 'GET' to 'http://localhost:46889/session/35666f965e3b194663da4d9588ef5f1e/url'
01:32:09.346 [Forwarding getCurrentUrl on session 35666f965e3b194663da4d9588ef5f1e to remote] DEBUG org.asynchttpclient.netty.request.NettyRequestSender - Using open Channel [id: 0xa429a5c3, L:/127.0.0.1:58264 - R:localhost/127.0.0.1:46889] for GET '/session/35666f965e3b194663da4d9588ef5f1e/url'
01:32:09.350 [AsyncHttpClient-1-17] DEBUG org.asynchttpclient.netty.handler.HttpHandler - 

Request DefaultFullHttpRequest(decodeResult: success, version: HTTP/1.1, content: EmptyByteBufBE)
GET /session/35666f965e3b194663da4d9588ef5f1e/url HTTP/1.1
User-Agent: selenium/4.8.1 (java windows)
Cache-Control: no-cache
Content-Type: application/json; charset=utf-8
host: localhost:46889
accept: */*

Response DefaultHttpResponse(decodeResult: success, version: HTTP/1.1)
HTTP/1.1 200 OK
Content-Length: 51
Content-Type: application/json; charset=utf-8
cache-control: no-cache

01:32:09.351 [AsyncHttpClient-1-17] DEBUG org.asynchttpclient.netty.channel.ChannelManager - Adding key: http://localhost:46889 for channel [id: 0xa429a5c3, L:/127.0.0.1:58264 - R:localhost/127.0.0.1:46889]
01:32:09.362 [Forwarding getPageSource on session 35666f965e3b194663da4d9588ef5f1e to remote] DEBUG org.asynchttpclient.netty.request.NettyRequestSender - Using pooled Channel '[id: 0xa429a5c3, L:/127.0.0.1:58264 - R:localhost/127.0.0.1:46889]' for 'POST' to 'http://localhost:46889/session/35666f965e3b194663da4d9588ef5f1e/execute/sync'
01:32:09.362 [Forwarding getPageSource on session 35666f965e3b194663da4d9588ef5f1e to remote] DEBUG org.asynchttpclient.netty.request.NettyRequestSender - Using open Channel [id: 0xa429a5c3, L:/127.0.0.1:58264 - R:localhost/127.0.0.1:46889] for POST '/session/35666f965e3b194663da4d9588ef5f1e/execute/sync'
01:32:09.368 [AsyncHttpClient-1-17] DEBUG org.asynchttpclient.netty.handler.HttpHandler - 

Request DefaultHttpRequest(decodeResult: success, version: HTTP/1.1)
POST /session/35666f965e3b194663da4d9588ef5f1e/execute/sync HTTP/1.1
User-Agent: selenium/4.8.1 (java windows)
Content-Length: 176
Content-Type: application/json; charset=utf-8
host: localhost:46889
accept: */*

Response DefaultHttpResponse(decodeResult: success, version: HTTP/1.1)
HTTP/1.1 200 OK
Content-Length: 21796
Content-Type: application/json; charset=utf-8
cache-control: no-cache

01:32:09.368 [AsyncHttpClient-1-17] DEBUG org.asynchttpclient.netty.channel.ChannelManager - Adding key: http://localhost:46889 for channel [id: 0xa429a5c3, L:/127.0.0.1:58264 - R:localhost/127.0.0.1:46889]
01:32:09.373 [Forwarding getCurrentUrl on session 35666f965e3b194663da4d9588ef5f1e to remote] DEBUG org.asynchttpclient.netty.request.NettyRequestSender - Using pooled Channel '[id: 0xa429a5c3, L:/127.0.0.1:58264 - R:localhost/127.0.0.1:46889]' for 'GET' to 'http://localhost:46889/session/35666f965e3b194663da4d9588ef5f1e/url'
01:32:09.373 [Forwarding getCurrentUrl on session 35666f965e3b194663da4d9588ef5f1e to remote] DEBUG org.asynchttpclient.netty.request.NettyRequestSender - Using open Channel [id: 0xa429a5c3, L:/127.0.0.1:58264 - R:localhost/127.0.0.1:46889] for GET '/session/35666f965e3b194663da4d9588ef5f1e/url'
01:32:09.377 [AsyncHttpClient-1-17] DEBUG org.asynchttpclient.netty.handler.HttpHandler - 

Request DefaultFullHttpRequest(decodeResult: success, version: HTTP/1.1, content: EmptyByteBufBE)
GET /session/35666f965e3b194663da4d9588ef5f1e/url HTTP/1.1
User-Agent: selenium/4.8.1 (java windows)
Cache-Control: no-cache
Content-Type: application/json; charset=utf-8
host: localhost:46889
accept: */*

Response DefaultHttpResponse(decodeResult: success, version: HTTP/1.1)
HTTP/1.1 200 OK
Content-Length: 51
Content-Type: application/json; charset=utf-8
cache-control: no-cache

01:32:09.377 [AsyncHttpClient-1-17] DEBUG org.asynchttpclient.netty.channel.ChannelManager - Adding key: http://localhost:46889 for channel [id: 0xa429a5c3, L:/127.0.0.1:58264 - R:localhost/127.0.0.1:46889]
01:32:09.379 [main] DEBUG net.thucydides.core.steps.StepInterceptor - STARTING STEP: LoginSteps.clickLoginButton - clickLoginButton
01:32:09.382 [Forwarding findElement on session 35666f965e3b194663da4d9588ef5f1e to remote] DEBUG org.asynchttpclient.netty.request.NettyRequestSender - Using pooled Channel '[id: 0xa429a5c3, L:/127.0.0.1:58264 - R:localhost/127.0.0.1:46889]' for 'POST' to 'http://localhost:46889/session/35666f965e3b194663da4d9588ef5f1e/element'
01:32:09.382 [Forwarding findElement on session 35666f965e3b194663da4d9588ef5f1e to remote] DEBUG org.asynchttpclient.netty.request.NettyRequestSender - Using open Channel [id: 0xa429a5c3, L:/127.0.0.1:58264 - R:localhost/127.0.0.1:46889] for POST '/session/35666f965e3b194663da4d9588ef5f1e/element'
01:32:09.390 [AsyncHttpClient-1-17] DEBUG org.asynchttpclient.netty.handler.HttpHandler - 

Request DefaultHttpRequest(decodeResult: success, version: HTTP/1.1)
POST /session/35666f965e3b194663da4d9588ef5f1e/element HTTP/1.1
User-Agent: selenium/4.8.1 (java windows)
Content-Length: 165
Content-Type: application/json; charset=utf-8
host: localhost:46889
accept: */*

Response DefaultHttpResponse(decodeResult: success, version: HTTP/1.1)
HTTP/1.1 200 OK
Content-Length: 88
Content-Type: application/json; charset=utf-8
cache-control: no-cache

01:32:09.391 [AsyncHttpClient-1-17] DEBUG org.asynchttpclient.netty.channel.ChannelManager - Adding key: http://localhost:46889 for channel [id: 0xa429a5c3, L:/127.0.0.1:58264 - R:localhost/127.0.0.1:46889]
01:32:09.392 [Forwarding getElementTagName on session 35666f965e3b194663da4d9588ef5f1e to remote] DEBUG org.asynchttpclient.netty.request.NettyRequestSender - Using pooled Channel '[id: 0xa429a5c3, L:/127.0.0.1:58264 - R:localhost/127.0.0.1:46889]' for 'GET' to 'http://localhost:46889/session/35666f965e3b194663da4d9588ef5f1e/element/457a03b8-c901-4413-be99-51d66bc4b3aa/name'
01:32:09.392 [Forwarding getElementTagName on session 35666f965e3b194663da4d9588ef5f1e to remote] DEBUG org.asynchttpclient.netty.request.NettyRequestSender - Using open Channel [id: 0xa429a5c3, L:/127.0.0.1:58264 - R:localhost/127.0.0.1:46889] for GET '/session/35666f965e3b194663da4d9588ef5f1e/element/457a03b8-c901-4413-be99-51d66bc4b3aa/name'
01:32:09.399 [AsyncHttpClient-1-17] DEBUG org.asynchttpclient.netty.handler.HttpHandler - 

Request DefaultFullHttpRequest(decodeResult: success, version: HTTP/1.1, content: EmptyByteBufBE)
GET /session/35666f965e3b194663da4d9588ef5f1e/element/457a03b8-c901-4413-be99-51d66bc4b3aa/name HTTP/1.1
User-Agent: selenium/4.8.1 (java windows)
Cache-Control: no-cache
Content-Type: application/json; charset=utf-8
host: localhost:46889
accept: */*

Response DefaultHttpResponse(decodeResult: success, version: HTTP/1.1)
HTTP/1.1 200 OK
Content-Length: 16
Content-Type: application/json; charset=utf-8
cache-control: no-cache

01:32:09.399 [AsyncHttpClient-1-17] DEBUG org.asynchttpclient.netty.channel.ChannelManager - Adding key: http://localhost:46889 for channel [id: 0xa429a5c3, L:/127.0.0.1:58264 - R:localhost/127.0.0.1:46889]
01:32:09.400 [Forwarding getElementTagName on session 35666f965e3b194663da4d9588ef5f1e to remote] DEBUG org.asynchttpclient.netty.request.NettyRequestSender - Using pooled Channel '[id: 0xa429a5c3, L:/127.0.0.1:58264 - R:localhost/127.0.0.1:46889]' for 'GET' to 'http://localhost:46889/session/35666f965e3b194663da4d9588ef5f1e/element/457a03b8-c901-4413-be99-51d66bc4b3aa/name'
01:32:09.400 [Forwarding getElementTagName on session 35666f965e3b194663da4d9588ef5f1e to remote] DEBUG org.asynchttpclient.netty.request.NettyRequestSender - Using open Channel [id: 0xa429a5c3, L:/127.0.0.1:58264 - R:localhost/127.0.0.1:46889] for GET '/session/35666f965e3b194663da4d9588ef5f1e/element/457a03b8-c901-4413-be99-51d66bc4b3aa/name'
01:32:09.404 [AsyncHttpClient-1-17] DEBUG org.asynchttpclient.netty.handler.HttpHandler - 

Request DefaultFullHttpRequest(decodeResult: success, version: HTTP/1.1, content: EmptyByteBufBE)
GET /session/35666f965e3b194663da4d9588ef5f1e/element/457a03b8-c901-4413-be99-51d66bc4b3aa/name HTTP/1.1
User-Agent: selenium/4.8.1 (java windows)
Cache-Control: no-cache
Content-Type: application/json; charset=utf-8
host: localhost:46889
accept: */*

Response DefaultHttpResponse(decodeResult: success, version: HTTP/1.1)
HTTP/1.1 200 OK
Content-Length: 16
Content-Type: application/json; charset=utf-8
cache-control: no-cache

01:32:09.404 [AsyncHttpClient-1-17] DEBUG org.asynchttpclient.netty.channel.ChannelManager - Adding key: http://localhost:46889 for channel [id: 0xa429a5c3, L:/127.0.0.1:58264 - R:localhost/127.0.0.1:46889]
01:32:09.406 [Forwarding findElement on session 35666f965e3b194663da4d9588ef5f1e to remote] DEBUG org.asynchttpclient.netty.request.NettyRequestSender - Using pooled Channel '[id: 0xa429a5c3, L:/127.0.0.1:58264 - R:localhost/127.0.0.1:46889]' for 'POST' to 'http://localhost:46889/session/35666f965e3b194663da4d9588ef5f1e/element'
01:32:09.406 [Forwarding findElement on session 35666f965e3b194663da4d9588ef5f1e to remote] DEBUG org.asynchttpclient.netty.request.NettyRequestSender - Using open Channel [id: 0xa429a5c3, L:/127.0.0.1:58264 - R:localhost/127.0.0.1:46889] for POST '/session/35666f965e3b194663da4d9588ef5f1e/element'
01:32:09.415 [AsyncHttpClient-1-17] DEBUG org.asynchttpclient.netty.handler.HttpHandler - 

Request DefaultHttpRequest(decodeResult: success, version: HTTP/1.1)
POST /session/35666f965e3b194663da4d9588ef5f1e/element HTTP/1.1
User-Agent: selenium/4.8.1 (java windows)
Content-Length: 165
Content-Type: application/json; charset=utf-8
host: localhost:46889
accept: */*

Response DefaultHttpResponse(decodeResult: success, version: HTTP/1.1)
HTTP/1.1 200 OK
Content-Length: 88
Content-Type: application/json; charset=utf-8
cache-control: no-cache

01:32:09.416 [AsyncHttpClient-1-17] DEBUG org.asynchttpclient.netty.channel.ChannelManager - Adding key: http://localhost:46889 for channel [id: 0xa429a5c3, L:/127.0.0.1:58264 - R:localhost/127.0.0.1:46889]
01:32:09.417 [Forwarding clickElement on session 35666f965e3b194663da4d9588ef5f1e to remote] DEBUG org.asynchttpclient.netty.request.NettyRequestSender - Using pooled Channel '[id: 0xa429a5c3, L:/127.0.0.1:58264 - R:localhost/127.0.0.1:46889]' for 'POST' to 'http://localhost:46889/session/35666f965e3b194663da4d9588ef5f1e/element/457a03b8-c901-4413-be99-51d66bc4b3aa/click'
01:32:09.417 [Forwarding clickElement on session 35666f965e3b194663da4d9588ef5f1e to remote] DEBUG org.asynchttpclient.netty.request.NettyRequestSender - Using open Channel [id: 0xa429a5c3, L:/127.0.0.1:58264 - R:localhost/127.0.0.1:46889] for POST '/session/35666f965e3b194663da4d9588ef5f1e/element/457a03b8-c901-4413-be99-51d66bc4b3aa/click'
01:32:09.467 [AsyncHttpClient-1-17] DEBUG org.asynchttpclient.netty.handler.HttpHandler - 

Request DefaultHttpRequest(decodeResult: success, version: HTTP/1.1)
POST /session/35666f965e3b194663da4d9588ef5f1e/element/457a03b8-c901-4413-be99-51d66bc4b3aa/click HTTP/1.1
User-Agent: selenium/4.8.1 (java windows)
Content-Length: 50
Content-Type: application/json; charset=utf-8
host: localhost:46889
accept: */*

Response DefaultHttpResponse(decodeResult: success, version: HTTP/1.1)
HTTP/1.1 200 OK
Content-Length: 14
Content-Type: application/json; charset=utf-8
cache-control: no-cache

01:32:09.467 [AsyncHttpClient-1-17] DEBUG org.asynchttpclient.netty.channel.ChannelManager - Adding key: http://localhost:46889 for channel [id: 0xa429a5c3, L:/127.0.0.1:58264 - R:localhost/127.0.0.1:46889]
01:32:09.473 [Forwarding getAlertText on session 35666f965e3b194663da4d9588ef5f1e to remote] DEBUG org.asynchttpclient.netty.request.NettyRequestSender - Using pooled Channel '[id: 0xa429a5c3, L:/127.0.0.1:58264 - R:localhost/127.0.0.1:46889]' for 'GET' to 'http://localhost:46889/session/35666f965e3b194663da4d9588ef5f1e/alert/text'
01:32:09.474 [Forwarding getAlertText on session 35666f965e3b194663da4d9588ef5f1e to remote] DEBUG org.asynchttpclient.netty.request.NettyRequestSender - Using open Channel [id: 0xa429a5c3, L:/127.0.0.1:58264 - R:localhost/127.0.0.1:46889] for GET '/session/35666f965e3b194663da4d9588ef5f1e/alert/text'
01:32:09.476 [AsyncHttpClient-1-17] DEBUG org.asynchttpclient.netty.handler.HttpHandler - 

Request DefaultFullHttpRequest(decodeResult: success, version: HTTP/1.1, content: EmptyByteBufBE)
GET /session/35666f965e3b194663da4d9588ef5f1e/alert/text HTTP/1.1
User-Agent: selenium/4.8.1 (java windows)
Cache-Control: no-cache
Content-Type: application/json; charset=utf-8
host: localhost:46889
accept: */*

Response DefaultHttpResponse(decodeResult: success, version: HTTP/1.1)
HTTP/1.1 404 Not Found
Content-Length: 816
Content-Type: application/json; charset=utf-8
cache-control: no-cache

01:32:09.476 [AsyncHttpClient-1-17] DEBUG org.asynchttpclient.netty.channel.ChannelManager - Adding key: http://localhost:46889 for channel [id: 0xa429a5c3, L:/127.0.0.1:58264 - R:localhost/127.0.0.1:46889]
01:32:09.477 [Forwarding getCurrentUrl on session 35666f965e3b194663da4d9588ef5f1e to remote] DEBUG org.asynchttpclient.netty.request.NettyRequestSender - Using pooled Channel '[id: 0xa429a5c3, L:/127.0.0.1:58264 - R:localhost/127.0.0.1:46889]' for 'GET' to 'http://localhost:46889/session/35666f965e3b194663da4d9588ef5f1e/url'
01:32:09.477 [Forwarding getCurrentUrl on session 35666f965e3b194663da4d9588ef5f1e to remote] DEBUG org.asynchttpclient.netty.request.NettyRequestSender - Using open Channel [id: 0xa429a5c3, L:/127.0.0.1:58264 - R:localhost/127.0.0.1:46889] for GET '/session/35666f965e3b194663da4d9588ef5f1e/url'
01:32:09.484 [AsyncHttpClient-1-17] DEBUG org.asynchttpclient.netty.handler.HttpHandler - 

Request DefaultFullHttpRequest(decodeResult: success, version: HTTP/1.1, content: EmptyByteBufBE)
GET /session/35666f965e3b194663da4d9588ef5f1e/url HTTP/1.1
User-Agent: selenium/4.8.1 (java windows)
Cache-Control: no-cache
Content-Type: application/json; charset=utf-8
host: localhost:46889
accept: */*

Response DefaultHttpResponse(decodeResult: success, version: HTTP/1.1)
HTTP/1.1 200 OK
Content-Length: 51
Content-Type: application/json; charset=utf-8
cache-control: no-cache

01:32:09.484 [AsyncHttpClient-1-17] DEBUG org.asynchttpclient.netty.channel.ChannelManager - Adding key: http://localhost:46889 for channel [id: 0xa429a5c3, L:/127.0.0.1:58264 - R:localhost/127.0.0.1:46889]
01:32:09.485 [Forwarding screenshot on session 35666f965e3b194663da4d9588ef5f1e to remote] DEBUG org.asynchttpclient.netty.request.NettyRequestSender - Using pooled Channel '[id: 0xa429a5c3, L:/127.0.0.1:58264 - R:localhost/127.0.0.1:46889]' for 'GET' to 'http://localhost:46889/session/35666f965e3b194663da4d9588ef5f1e/screenshot'
01:32:09.485 [Forwarding screenshot on session 35666f965e3b194663da4d9588ef5f1e to remote] DEBUG org.asynchttpclient.netty.request.NettyRequestSender - Using open Channel [id: 0xa429a5c3, L:/127.0.0.1:58264 - R:localhost/127.0.0.1:46889] for GET '/session/35666f965e3b194663da4d9588ef5f1e/screenshot'
01:32:09.706 [AsyncHttpClient-1-17] DEBUG org.asynchttpclient.netty.handler.HttpHandler - 

Request DefaultFullHttpRequest(decodeResult: success, version: HTTP/1.1, content: EmptyByteBufBE)
GET /session/35666f965e3b194663da4d9588ef5f1e/screenshot HTTP/1.1
User-Agent: selenium/4.8.1 (java windows)
Cache-Control: no-cache
Content-Type: application/json; charset=utf-8
host: localhost:46889
accept: */*

Response DefaultHttpResponse(decodeResult: success, version: HTTP/1.1)
HTTP/1.1 200 OK
Content-Length: 46528
Content-Type: application/json; charset=utf-8
cache-control: no-cache

01:32:09.706 [AsyncHttpClient-1-17] DEBUG org.asynchttpclient.netty.channel.ChannelManager - Adding key: http://localhost:46889 for channel [id: 0xa429a5c3, L:/127.0.0.1:58264 - R:localhost/127.0.0.1:46889]
01:32:09.711 [main] DEBUG net.serenitybdd.core.photography.Darkroom - Send negative for processing for target\site\serenity\d949af153131202865aa4d4cb7b8c900fed518233d5f4cb23e644411fe77b746.png
01:32:09.712 [main] DEBUG net.thucydides.core.steps.StepInterceptor - STEP DONE: clickLoginButton
01:32:09.712 [Darkroom Processing Line] DEBUG net.serenitybdd.core.photography.DarkroomProcessingLine - Processing screenshot image in /var/screenshots/screenshot-6094749734416443749
01:32:09.712 [Darkroom Processing Line] DEBUG net.serenitybdd.core.photography.DarkroomProcessingLine - Saving screenshot to target\site\serenity\d949af153131202865aa4d4cb7b8c900fed518233d5f4cb23e644411fe77b746.png
  &amp#27;[32mAnd &amp#27;[0m&amp#27;[32mI click login button&amp#27;[0m                                             &amp#27;[90m# starter.stepdefinitions.LoginSteps.clickLoginButton()&amp#27;[0m
01:32:09.729 [Forwarding getPageSource on session 35666f965e3b194663da4d9588ef5f1e to remote] DEBUG org.asynchttpclient.netty.request.NettyRequestSender - Using pooled Channel '[id: 0xa429a5c3, L:/127.0.0.1:58264 - R:localhost/127.0.0.1:46889]' for 'POST' to 'http://localhost:46889/session/35666f965e3b194663da4d9588ef5f1e/execute/sync'
01:32:09.729 [Forwarding getPageSource on session 35666f965e3b194663da4d9588ef5f1e to remote] DEBUG org.asynchttpclient.netty.request.NettyRequestSender - Using open Channel [id: 0xa429a5c3, L:/127.0.0.1:58264 - R:localhost/127.0.0.1:46889] for POST '/session/35666f965e3b194663da4d9588ef5f1e/execute/sync'
01:32:09.740 [AsyncHttpClient-1-17] DEBUG org.asynchttpclient.netty.handler.HttpHandler - 

Request DefaultHttpRequest(decodeResult: success, version: HTTP/1.1)
POST /session/35666f965e3b194663da4d9588ef5f1e/execute/sync HTTP/1.1
User-Agent: selenium/4.8.1 (java windows)
Content-Length: 176
Content-Type: application/json; charset=utf-8
host: localhost:46889
accept: */*

Response DefaultHttpResponse(decodeResult: success, version: HTTP/1.1)
HTTP/1.1 200 OK
Content-Length: 22500
Content-Type: application/json; charset=utf-8
cache-control: no-cache

01:32:09.741 [AsyncHttpClient-1-17] DEBUG org.asynchttpclient.netty.channel.ChannelManager - Adding key: http://localhost:46889 for channel [id: 0xa429a5c3, L:/127.0.0.1:58264 - R:localhost/127.0.0.1:46889]
01:32:09.748 [Forwarding getCurrentUrl on session 35666f965e3b194663da4d9588ef5f1e to remote] DEBUG org.asynchttpclient.netty.request.NettyRequestSender - Using pooled Channel '[id: 0xa429a5c3, L:/127.0.0.1:58264 - R:localhost/127.0.0.1:46889]' for 'GET' to 'http://localhost:46889/session/35666f965e3b194663da4d9588ef5f1e/url'
01:32:09.748 [Forwarding getCurrentUrl on session 35666f965e3b194663da4d9588ef5f1e to remote] DEBUG org.asynchttpclient.netty.request.NettyRequestSender - Using open Channel [id: 0xa429a5c3, L:/127.0.0.1:58264 - R:localhost/127.0.0.1:46889] for GET '/session/35666f965e3b194663da4d9588ef5f1e/url'
01:32:09.753 [AsyncHttpClient-1-17] DEBUG org.asynchttpclient.netty.handler.HttpHandler - 

Request DefaultFullHttpRequest(decodeResult: success, version: HTTP/1.1, content: EmptyByteBufBE)
GET /session/35666f965e3b194663da4d9588ef5f1e/url HTTP/1.1
User-Agent: selenium/4.8.1 (java windows)
Cache-Control: no-cache
Content-Type: application/json; charset=utf-8
host: localhost:46889
accept: */*

Response DefaultHttpResponse(decodeResult: success, version: HTTP/1.1)
HTTP/1.1 200 OK
Content-Length: 51
Content-Type: application/json; charset=utf-8
cache-control: no-cache

01:32:09.753 [AsyncHttpClient-1-17] DEBUG org.asynchttpclient.netty.channel.ChannelManager - Adding key: http://localhost:46889 for channel [id: 0xa429a5c3, L:/127.0.0.1:58264 - R:localhost/127.0.0.1:46889]
01:32:09.770 [Forwarding getAlertText on session 35666f965e3b194663da4d9588ef5f1e to remote] DEBUG org.asynchttpclient.netty.request.NettyRequestSender - Using pooled Channel '[id: 0xa429a5c3, L:/127.0.0.1:58264 - R:localhost/127.0.0.1:46889]' for 'GET' to 'http://localhost:46889/session/35666f965e3b194663da4d9588ef5f1e/alert/text'
01:32:09.770 [Forwarding getAlertText on session 35666f965e3b194663da4d9588ef5f1e to remote] DEBUG org.asynchttpclient.netty.request.NettyRequestSender - Using open Channel [id: 0xa429a5c3, L:/127.0.0.1:58264 - R:localhost/127.0.0.1:46889] for GET '/session/35666f965e3b194663da4d9588ef5f1e/alert/text'
01:32:09.773 [AsyncHttpClient-1-17] DEBUG org.asynchttpclient.netty.handler.HttpHandler - 

Request DefaultFullHttpRequest(decodeResult: success, version: HTTP/1.1, content: EmptyByteBufBE)
GET /session/35666f965e3b194663da4d9588ef5f1e/alert/text HTTP/1.1
User-Agent: selenium/4.8.1 (java windows)
Cache-Control: no-cache
Content-Type: application/json; charset=utf-8
host: localhost:46889
accept: */*

Response DefaultHttpResponse(decodeResult: success, version: HTTP/1.1)
HTTP/1.1 404 Not Found
Content-Length: 816
Content-Type: application/json; charset=utf-8
cache-control: no-cache

01:32:09.774 [AsyncHttpClient-1-17] DEBUG org.asynchttpclient.netty.channel.ChannelManager - Adding key: http://localhost:46889 for channel [id: 0xa429a5c3, L:/127.0.0.1:58264 - R:localhost/127.0.0.1:46889]
01:32:09.775 [Forwarding getCurrentUrl on session 35666f965e3b194663da4d9588ef5f1e to remote] DEBUG org.asynchttpclient.netty.request.NettyRequestSender - Using pooled Channel '[id: 0xa429a5c3, L:/127.0.0.1:58264 - R:localhost/127.0.0.1:46889]' for 'GET' to 'http://localhost:46889/session/35666f965e3b194663da4d9588ef5f1e/url'
01:32:09.775 [Forwarding getCurrentUrl on session 35666f965e3b194663da4d9588ef5f1e to remote] DEBUG org.asynchttpclient.netty.request.NettyRequestSender - Using open Channel [id: 0xa429a5c3, L:/127.0.0.1:58264 - R:localhost/127.0.0.1:46889] for GET '/session/35666f965e3b194663da4d9588ef5f1e/url'
01:32:09.782 [AsyncHttpClient-1-17] DEBUG org.asynchttpclient.netty.handler.HttpHandler - 

Request DefaultFullHttpRequest(decodeResult: success, version: HTTP/1.1, content: EmptyByteBufBE)
GET /session/35666f965e3b194663da4d9588ef5f1e/url HTTP/1.1
User-Agent: selenium/4.8.1 (java windows)
Cache-Control: no-cache
Content-Type: application/json; charset=utf-8
host: localhost:46889
accept: */*

Response DefaultHttpResponse(decodeResult: success, version: HTTP/1.1)
HTTP/1.1 200 OK
Content-Length: 51
Content-Type: application/json; charset=utf-8
cache-control: no-cache

01:32:09.783 [AsyncHttpClient-1-17] DEBUG org.asynchttpclient.netty.channel.ChannelManager - Adding key: http://localhost:46889 for channel [id: 0xa429a5c3, L:/127.0.0.1:58264 - R:localhost/127.0.0.1:46889]
01:32:09.784 [Forwarding screenshot on session 35666f965e3b194663da4d9588ef5f1e to remote] DEBUG org.asynchttpclient.netty.request.NettyRequestSender - Using pooled Channel '[id: 0xa429a5c3, L:/127.0.0.1:58264 - R:localhost/127.0.0.1:46889]' for 'GET' to 'http://localhost:46889/session/35666f965e3b194663da4d9588ef5f1e/screenshot'
01:32:09.784 [Forwarding screenshot on session 35666f965e3b194663da4d9588ef5f1e to remote] DEBUG org.asynchttpclient.netty.request.NettyRequestSender - Using open Channel [id: 0xa429a5c3, L:/127.0.0.1:58264 - R:localhost/127.0.0.1:46889] for GET '/session/35666f965e3b194663da4d9588ef5f1e/screenshot'
01:32:09.997 [AsyncHttpClient-1-1] DEBUG org.asynchttpclient.netty.channel.DefaultChannelPool - Entry count for : http://localhost:58265 : 1
01:32:10.048 [AsyncHttpClient-1-17] DEBUG org.asynchttpclient.netty.handler.HttpHandler - 

Request DefaultFullHttpRequest(decodeResult: success, version: HTTP/1.1, content: EmptyByteBufBE)
GET /session/35666f965e3b194663da4d9588ef5f1e/screenshot HTTP/1.1
User-Agent: selenium/4.8.1 (java windows)
Cache-Control: no-cache
Content-Type: application/json; charset=utf-8
host: localhost:46889
accept: */*

Response DefaultHttpResponse(decodeResult: success, version: HTTP/1.1)
HTTP/1.1 200 OK
Content-Length: 54344
Content-Type: application/json; charset=utf-8
cache-control: no-cache

01:32:10.049 [AsyncHttpClient-1-17] DEBUG org.asynchttpclient.netty.channel.ChannelManager - Adding key: http://localhost:46889 for channel [id: 0xa429a5c3, L:/127.0.0.1:58264 - R:localhost/127.0.0.1:46889]
01:32:10.053 [main] DEBUG net.serenitybdd.core.photography.Darkroom - Send negative for processing for target\site\serenity\2876f4903050c19cd6726d0a46f799274245aeffa065597367e03a60e29148f0.png
01:32:10.053 [Darkroom Processing Line] DEBUG net.serenitybdd.core.photography.DarkroomProcessingLine - Processing screenshot image in /var/screenshots/screenshot-2365009099992800733
01:32:10.053 [Darkroom Processing Line] DEBUG net.serenitybdd.core.photography.DarkroomProcessingLine - Saving screenshot to target\site\serenity\2876f4903050c19cd6726d0a46f799274245aeffa065597367e03a60e29148f0.png
01:32:10.054 [Forwarding getPageSource on session 35666f965e3b194663da4d9588ef5f1e to remote] DEBUG org.asynchttpclient.netty.request.NettyRequestSender - Using pooled Channel '[id: 0xa429a5c3, L:/127.0.0.1:58264 - R:localhost/127.0.0.1:46889]' for 'POST' to 'http://localhost:46889/session/35666f965e3b194663da4d9588ef5f1e/execute/sync'
01:32:10.054 [Forwarding getPageSource on session 35666f965e3b194663da4d9588ef5f1e to remote] DEBUG org.asynchttpclient.netty.request.NettyRequestSender - Using open Channel [id: 0xa429a5c3, L:/127.0.0.1:58264 - R:localhost/127.0.0.1:46889] for POST '/session/35666f965e3b194663da4d9588ef5f1e/execute/sync'
01:32:10.060 [AsyncHttpClient-1-17] DEBUG org.asynchttpclient.netty.handler.HttpHandler - 

Request DefaultHttpRequest(decodeResult: success, version: HTTP/1.1)
POST /session/35666f965e3b194663da4d9588ef5f1e/execute/sync HTTP/1.1
User-Agent: selenium/4.8.1 (java windows)
Content-Length: 176
Content-Type: application/json; charset=utf-8
host: localhost:46889
accept: */*

Response DefaultHttpResponse(decodeResult: success, version: HTTP/1.1)
HTTP/1.1 200 OK
Content-Length: 22182
Content-Type: application/json; charset=utf-8
cache-control: no-cache

01:32:10.060 [AsyncHttpClient-1-17] DEBUG org.asynchttpclient.netty.channel.ChannelManager - Adding key: http://localhost:46889 for channel [id: 0xa429a5c3, L:/127.0.0.1:58264 - R:localhost/127.0.0.1:46889]
01:32:10.066 [Forwarding getCurrentUrl on session 35666f965e3b194663da4d9588ef5f1e to remote] DEBUG org.asynchttpclient.netty.request.NettyRequestSender - Using pooled Channel '[id: 0xa429a5c3, L:/127.0.0.1:58264 - R:localhost/127.0.0.1:46889]' for 'GET' to 'http://localhost:46889/session/35666f965e3b194663da4d9588ef5f1e/url'
01:32:10.066 [Forwarding getCurrentUrl on session 35666f965e3b194663da4d9588ef5f1e to remote] DEBUG org.asynchttpclient.netty.request.NettyRequestSender - Using open Channel [id: 0xa429a5c3, L:/127.0.0.1:58264 - R:localhost/127.0.0.1:46889] for GET '/session/35666f965e3b194663da4d9588ef5f1e/url'
01:32:10.070 [AsyncHttpClient-1-17] DEBUG org.asynchttpclient.netty.handler.HttpHandler - 

Request DefaultFullHttpRequest(decodeResult: success, version: HTTP/1.1, content: EmptyByteBufBE)
GET /session/35666f965e3b194663da4d9588ef5f1e/url HTTP/1.1
User-Agent: selenium/4.8.1 (java windows)
Cache-Control: no-cache
Content-Type: application/json; charset=utf-8
host: localhost:46889
accept: */*

Response DefaultHttpResponse(decodeResult: success, version: HTTP/1.1)
HTTP/1.1 200 OK
Content-Length: 51
Content-Type: application/json; charset=utf-8
cache-control: no-cache

01:32:10.071 [AsyncHttpClient-1-17] DEBUG org.asynchttpclient.netty.channel.ChannelManager - Adding key: http://localhost:46889 for channel [id: 0xa429a5c3, L:/127.0.0.1:58264 - R:localhost/127.0.0.1:46889]
01:32:10.072 [main] DEBUG net.thucydides.core.steps.StepInterceptor - STARTING STEP: LoginSteps.cantTheProductPage - validateOnTheLoginPage
01:32:10.075 [Forwarding findElement on session 35666f965e3b194663da4d9588ef5f1e to remote] DEBUG org.asynchttpclient.netty.request.NettyRequestSender - Using pooled Channel '[id: 0xa429a5c3, L:/127.0.0.1:58264 - R:localhost/127.0.0.1:46889]' for 'POST' to 'http://localhost:46889/session/35666f965e3b194663da4d9588ef5f1e/element'
01:32:10.075 [Forwarding findElement on session 35666f965e3b194663da4d9588ef5f1e to remote] DEBUG org.asynchttpclient.netty.request.NettyRequestSender - Using open Channel [id: 0xa429a5c3, L:/127.0.0.1:58264 - R:localhost/127.0.0.1:46889] for POST '/session/35666f965e3b194663da4d9588ef5f1e/element'
01:32:10.084 [AsyncHttpClient-1-17] DEBUG org.asynchttpclient.netty.handler.HttpHandler - 

Request DefaultHttpRequest(decodeResult: success, version: HTTP/1.1)
POST /session/35666f965e3b194663da4d9588ef5f1e/element HTTP/1.1
User-Agent: selenium/4.8.1 (java windows)
Content-Length: 165
Content-Type: application/json; charset=utf-8
host: localhost:46889
accept: */*

Response DefaultHttpResponse(decodeResult: success, version: HTTP/1.1)
HTTP/1.1 200 OK
Content-Length: 88
Content-Type: application/json; charset=utf-8
cache-control: no-cache

01:32:10.084 [AsyncHttpClient-1-17] DEBUG org.asynchttpclient.netty.channel.ChannelManager - Adding key: http://localhost:46889 for channel [id: 0xa429a5c3, L:/127.0.0.1:58264 - R:localhost/127.0.0.1:46889]
01:32:10.087 [Forwarding isElementDisplayed on session 35666f965e3b194663da4d9588ef5f1e to remote] DEBUG org.asynchttpclient.netty.request.NettyRequestSender - Using pooled Channel '[id: 0xa429a5c3, L:/127.0.0.1:58264 - R:localhost/127.0.0.1:46889]' for 'POST' to 'http://localhost:46889/session/35666f965e3b194663da4d9588ef5f1e/execute/sync'
01:32:10.087 [Forwarding isElementDisplayed on session 35666f965e3b194663da4d9588ef5f1e to remote] DEBUG org.asynchttpclient.netty.request.NettyRequestSender - Using open Channel [id: 0xa429a5c3, L:/127.0.0.1:58264 - R:localhost/127.0.0.1:46889] for POST '/session/35666f965e3b194663da4d9588ef5f1e/execute/sync'
01:32:10.102 [AsyncHttpClient-1-17] DEBUG org.asynchttpclient.netty.handler.HttpHandler - 

Request DefaultHttpRequest(decodeResult: success, version: HTTP/1.1)
POST /session/35666f965e3b194663da4d9588ef5f1e/execute/sync HTTP/1.1
User-Agent: selenium/4.8.1 (java windows)
Content-Length: 48807
Content-Type: application/json; charset=utf-8
host: localhost:46889
accept: */*

Response DefaultHttpResponse(decodeResult: success, version: HTTP/1.1)
HTTP/1.1 200 OK
Content-Length: 14
Content-Type: application/json; charset=utf-8
cache-control: no-cache

01:32:10.103 [AsyncHttpClient-1-17] DEBUG org.asynchttpclient.netty.channel.ChannelManager - Adding key: http://localhost:46889 for channel [id: 0xa429a5c3, L:/127.0.0.1:58264 - R:localhost/127.0.0.1:46889]
01:32:10.111 [Forwarding getAlertText on session 35666f965e3b194663da4d9588ef5f1e to remote] DEBUG org.asynchttpclient.netty.request.NettyRequestSender - Using pooled Channel '[id: 0xa429a5c3, L:/127.0.0.1:58264 - R:localhost/127.0.0.1:46889]' for 'GET' to 'http://localhost:46889/session/35666f965e3b194663da4d9588ef5f1e/alert/text'
01:32:10.111 [Forwarding getAlertText on session 35666f965e3b194663da4d9588ef5f1e to remote] DEBUG org.asynchttpclient.netty.request.NettyRequestSender - Using open Channel [id: 0xa429a5c3, L:/127.0.0.1:58264 - R:localhost/127.0.0.1:46889] for GET '/session/35666f965e3b194663da4d9588ef5f1e/alert/text'
01:32:10.113 [AsyncHttpClient-1-17] DEBUG org.asynchttpclient.netty.handler.HttpHandler - 

Request DefaultFullHttpRequest(decodeResult: success, version: HTTP/1.1, content: EmptyByteBufBE)
GET /session/35666f965e3b194663da4d9588ef5f1e/alert/text HTTP/1.1
User-Agent: selenium/4.8.1 (java windows)
Cache-Control: no-cache
Content-Type: application/json; charset=utf-8
host: localhost:46889
accept: */*

Response DefaultHttpResponse(decodeResult: success, version: HTTP/1.1)
HTTP/1.1 404 Not Found
Content-Length: 816
Content-Type: application/json; charset=utf-8
cache-control: no-cache

01:32:10.113 [AsyncHttpClient-1-17] DEBUG org.asynchttpclient.netty.channel.ChannelManager - Adding key: http://localhost:46889 for channel [id: 0xa429a5c3, L:/127.0.0.1:58264 - R:localhost/127.0.0.1:46889]
01:32:10.114 [Forwarding getCurrentUrl on session 35666f965e3b194663da4d9588ef5f1e to remote] DEBUG org.asynchttpclient.netty.request.NettyRequestSender - Using pooled Channel '[id: 0xa429a5c3, L:/127.0.0.1:58264 - R:localhost/127.0.0.1:46889]' for 'GET' to 'http://localhost:46889/session/35666f965e3b194663da4d9588ef5f1e/url'
01:32:10.114 [Forwarding getCurrentUrl on session 35666f965e3b194663da4d9588ef5f1e to remote] DEBUG org.asynchttpclient.netty.request.NettyRequestSender - Using open Channel [id: 0xa429a5c3, L:/127.0.0.1:58264 - R:localhost/127.0.0.1:46889] for GET '/session/35666f965e3b194663da4d9588ef5f1e/url'
01:32:10.118 [AsyncHttpClient-1-17] DEBUG org.asynchttpclient.netty.handler.HttpHandler - 

Request DefaultFullHttpRequest(decodeResult: success, version: HTTP/1.1, content: EmptyByteBufBE)
GET /session/35666f965e3b194663da4d9588ef5f1e/url HTTP/1.1
User-Agent: selenium/4.8.1 (java windows)
Cache-Control: no-cache
Content-Type: application/json; charset=utf-8
host: localhost:46889
accept: */*

Response DefaultHttpResponse(decodeResult: success, version: HTTP/1.1)
HTTP/1.1 200 OK
Content-Length: 51
Content-Type: application/json; charset=utf-8
cache-control: no-cache

01:32:10.118 [AsyncHttpClient-1-17] DEBUG org.asynchttpclient.netty.channel.ChannelManager - Adding key: http://localhost:46889 for channel [id: 0xa429a5c3, L:/127.0.0.1:58264 - R:localhost/127.0.0.1:46889]
01:32:10.119 [Forwarding screenshot on session 35666f965e3b194663da4d9588ef5f1e to remote] DEBUG org.asynchttpclient.netty.request.NettyRequestSender - Using pooled Channel '[id: 0xa429a5c3, L:/127.0.0.1:58264 - R:localhost/127.0.0.1:46889]' for 'GET' to 'http://localhost:46889/session/35666f965e3b194663da4d9588ef5f1e/screenshot'
01:32:10.119 [Forwarding screenshot on session 35666f965e3b194663da4d9588ef5f1e to remote] DEBUG org.asynchttpclient.netty.request.NettyRequestSender - Using open Channel [id: 0xa429a5c3, L:/127.0.0.1:58264 - R:localhost/127.0.0.1:46889] for GET '/session/35666f965e3b194663da4d9588ef5f1e/screenshot'
01:32:10.240 [AsyncHttpClient-1-17] DEBUG org.asynchttpclient.netty.handler.HttpHandler - 

Request DefaultFullHttpRequest(decodeResult: success, version: HTTP/1.1, content: EmptyByteBufBE)
GET /session/35666f965e3b194663da4d9588ef5f1e/screenshot HTTP/1.1
User-Agent: selenium/4.8.1 (java windows)
Cache-Control: no-cache
Content-Type: application/json; charset=utf-8
host: localhost:46889
accept: */*

Response DefaultHttpResponse(decodeResult: success, version: HTTP/1.1)
HTTP/1.1 200 OK
Content-Length: 54336
Content-Type: application/json; charset=utf-8
cache-control: no-cache

01:32:10.241 [AsyncHttpClient-1-17] DEBUG org.asynchttpclient.netty.channel.ChannelManager - Adding key: http://localhost:46889 for channel [id: 0xa429a5c3, L:/127.0.0.1:58264 - R:localhost/127.0.0.1:46889]
01:32:10.244 [main] DEBUG net.serenitybdd.core.photography.Darkroom - Send negative for processing for target\site\serenity\ce0395c80fd20ec42a2535f720eca7c4bdfc6d70d1356257f7ea50b70b626660.png
01:32:10.244 [main] DEBUG net.thucydides.core.steps.StepInterceptor - STEP DONE: validateOnTheLoginPage
01:32:10.244 [Darkroom Processing Line] DEBUG net.serenitybdd.core.photography.DarkroomProcessingLine - Processing screenshot image in /var/screenshots/screenshot-1422269767287822017
  &amp#27;[32mThen &amp#27;[0m&amp#27;[32mI can't be on the product page&amp#27;[0m                                  &amp#27;[90m# starter.stepdefinitions.LoginSteps.cantTheProductPage()&amp#27;[0m
01:32:10.244 [Darkroom Processing Line] DEBUG net.serenitybdd.core.photography.DarkroomProcessingLine - Saving screenshot to target\site\serenity\ce0395c80fd20ec42a2535f720eca7c4bdfc6d70d1356257f7ea50b70b626660.png
01:32:10.250 [main] INFO  - 
  _____   ___   ___   _____     ___     _     ___   ___   ___   ___  
 |_   _| | __| / __| |_   _|   | _ \   /_\   / __| / __| | __| |   \ 
   | |   | _|  \__ \   | |     |  _/  / _ \  \__ \ \__ \ | _|  | |) |
   |_|   |___| |___/   |_|     |_|   /_/ \_\ |___/ |___/ |___| |___/ 

As user i haven't be able to login when using empty password
----------------------------------------------------------------------
01:32:10.252 [Driver Command Executor] DEBUG org.asynchttpclient.netty.request.NettyRequestSender - Using pooled Channel '[id: 0xa429a5c3, L:/127.0.0.1:58264 - R:localhost/127.0.0.1:46889]' for 'DELETE' to 'http://localhost:46889/session/35666f965e3b194663da4d9588ef5f1e'
01:32:10.252 [AsyncHttpClient-1-3] DEBUG org.asynchttpclient.netty.handler.WebSocketHandler - Channel Closed: [id: 0x6c50ea00, L:/127.0.0.1:58272 ! R:localhost/127.0.0.1:58265] with attribute NettyResponseFuture{currentRetry=0,
	isDone=1,
	isCancelled=0,
	asyncHandler=org.asynchttpclient.ws.WebSocketUpgradeHandler@1d8f8339,
	nettyRequest=org.asynchttpclient.netty.request.NettyRequest@55ae6bf6,
	future=java.util.concurrent.CompletableFuture@2fb5fa8[Completed normally],
	uri=ws://localhost:58265/devtools/browser/30520de0-5999-4d53-8318-60aee5337d03,
	keepAlive=true,
	redirectCount=0,
	timeoutsHolder=null,
	inAuth=0,
	touch=1683484327437}
01:32:10.252 [Driver Command Executor] DEBUG org.asynchttpclient.netty.request.NettyRequestSender - Using open Channel [id: 0xa429a5c3, L:/127.0.0.1:58264 - R:localhost/127.0.0.1:46889] for DELETE '/session/35666f965e3b194663da4d9588ef5f1e'
01:32:10.252 [AsyncHttpClient-1-3] DEBUG org.asynchttpclient.netty.channel.ChannelManager - Closing Channel [id: 0x6c50ea00, L:/127.0.0.1:58272 ! R:localhost/127.0.0.1:58265] 
01:32:10.285 [AsyncHttpClient-1-2] DEBUG org.asynchttpclient.netty.handler.HttpHandler - Unexpected I/O exception on channel [id: 0xa91613ff, L:/127.0.0.1:58271 - R:localhost/127.0.0.1:58265]
java.io.IOException: An existing connection was forcibly closed by the remote host
	at sun.nio.ch.SocketDispatcher.read0(Native Method)
	at sun.nio.ch.SocketDispatcher.read(Unknown Source)
	at sun.nio.ch.IOUtil.readIntoNativeBuffer(Unknown Source)
	at sun.nio.ch.IOUtil.read(Unknown Source)
	at sun.nio.ch.SocketChannelImpl.read(Unknown Source)
	at io.netty.buffer.PooledByteBuf.setBytes(PooledByteBuf.java:259)
	at io.netty.buffer.AbstractByteBuf.writeBytes(AbstractByteBuf.java:1132)
	at io.netty.channel.socket.nio.NioSocketChannel.doReadBytes(NioSocketChannel.java:357)
	at io.netty.channel.nio.AbstractNioByteChannel$NioByteUnsafe.read(AbstractNioByteChannel.java:151)
	at io.netty.channel.nio.NioEventLoop.processSelectedKey(NioEventLoop.java:788)
	at io.netty.channel.nio.NioEventLoop.processSelectedKeysOptimized(NioEventLoop.java:724)
	at io.netty.channel.nio.NioEventLoop.processSelectedKeys(NioEventLoop.java:650)
	at io.netty.channel.nio.NioEventLoop.run(NioEventLoop.java:562)
	at io.netty.util.concurrent.SingleThreadEventExecutor$4.run(SingleThreadEventExecutor.java:997)
	at io.netty.util.internal.ThreadExecutorMap$2.run(ThreadExecutorMap.java:74)
	at io.netty.util.concurrent.FastThreadLocalRunnable.run(FastThreadLocalRunnable.java:30)
	at java.lang.Thread.run(Unknown Source)
01:32:10.285 [AsyncHttpClient-1-2] DEBUG org.asynchttpclient.netty.channel.ChannelManager - Closing Channel [id: 0xa91613ff, L:/127.0.0.1:58271 - R:localhost/127.0.0.1:58265] 
01:32:10.285 [AsyncHttpClient-1-2] DEBUG org.asynchttpclient.netty.handler.HttpHandler - Channel Closed: [id: 0xa91613ff, L:/127.0.0.1:58271 ! R:localhost/127.0.0.1:58265] with attribute DISCARD
01:32:10.314 [AsyncHttpClient-1-17] DEBUG org.asynchttpclient.netty.handler.HttpHandler - 

Request DefaultFullHttpRequest(decodeResult: success, version: HTTP/1.1, content: EmptyByteBufBE)
DELETE /session/35666f965e3b194663da4d9588ef5f1e HTTP/1.1
User-Agent: selenium/4.8.1 (java windows)
Content-Type: application/json; charset=utf-8
host: localhost:46889
accept: */*

Response DefaultHttpResponse(decodeResult: success, version: HTTP/1.1)
HTTP/1.1 200 OK
Content-Length: 14
Content-Type: application/json; charset=utf-8
cache-control: no-cache

01:32:10.315 [AsyncHttpClient-1-17] DEBUG org.asynchttpclient.netty.channel.ChannelManager - Adding key: http://localhost:46889 for channel [id: 0xa429a5c3, L:/127.0.0.1:58264 - R:localhost/127.0.0.1:46889]
01:32:10.384 [AsyncHttpClient-1-17] DEBUG org.asynchttpclient.netty.handler.HttpHandler - Channel Closed: [id: 0xa429a5c3, L:/127.0.0.1:58264 ! R:localhost/127.0.0.1:46889] with attribute DISCARD
]]></system-out>
    <system-err><![CDATA[Starting ChromeDriver 111.0.5563.64 (c710e93d5b63b7095afe8c2c17df34408078439d-refs/branch-heads/5563@{#995}) on port 46889
Only local connections are allowed.
Please see https://chromedriver.chromium.org/security-considerations for suggestions on keeping ChromeDriver safe.
ChromeDriver was started successfully.
[1683484327.321][WARNING]: This version of ChromeDriver has not been tested with Chrome version 112.
Mei 08, 2023 1:32:07 AM org.openqa.selenium.devtools.CdpVersionFinder findNearestMatch
WARNING: Unable to find an exact match for CDP version 112, so returning the closest version found: 110
]]></system-err>
  </testcase>
  <testcase name="As user i haven&apos;t be able to login when using empty email and empty password" classname="login" time="4.674">
    <system-out><![CDATA[
Scenario: As user i haven't be able to login when using empty email and empty password &amp#27;[90m# src/test/resources/features/Login.feature:48&amp#27;[0m
01:32:10.917 [main] DEBUG io.cucumber.core.plugin.SerenityReporter - Running feature from file:///D:/TUGAS%20SEMESTER%206/Mini%20Project/WebTest-MiniProject/src/test/resources/features/Login.feature
01:32:10.921 [main] INFO  - 
  _____   ___   ___   _____     ___   _____     _     ___   _____   ___   ___  
 |_   _| | __| / __| |_   _|   / __| |_   _|   /_\   | _ \ |_   _| | __| |   \ 
   | |   | _|  \__ \   | |     \__ \   | |    / _ \  |   /   | |   | _|  | |) |
   |_|   |___| |___/   |_|     |___/   |_|   /_/ \_\ |_|_\   |_|   |___| |___/ 

As user i haven't be able to login when using empty email and empty password(login;as-user-i-haven-t-be-able-to-login-when-using-empty-email-and-empty-password)
--------------------------------------------------------------------------------
01:32:11.022 [main] INFO net.serenitybdd.core.webdriver.driverproviders.ChromeDriverProvider - Starting Chrome driver instance with capabilities:
01:32:11.022 [main] INFO net.serenitybdd.core.webdriver.driverproviders.ChromeDriverProvider - Capabilities {acceptInsecureCerts: false, browserName: chrome, goog:chromeOptions: {args: [remote-allow-origins=*], extensions: []}}
01:32:11.102 [AsyncHttpClient-1-1] DEBUG org.asynchttpclient.netty.channel.DefaultChannelPool - Entry count for : http://localhost:58265 : 1
01:32:11.102 [AsyncHttpClient-1-1] DEBUG org.asynchttpclient.netty.channel.DefaultChannelPool - Entry count for : http://localhost:46889 : 1
01:32:11.102 [AsyncHttpClient-1-1] DEBUG org.asynchttpclient.netty.channel.DefaultChannelPool - Adding Candidate expired Channel [id: 0xa91613ff, L:/127.0.0.1:58271 ! R:localhost/127.0.0.1:58265] isIdleTimeoutExpired=false isRemotelyClosed=true isTtlExpired=false
01:32:11.102 [AsyncHttpClient-1-1] DEBUG org.asynchttpclient.netty.channel.DefaultChannelPool - Closing Idle Channel [id: 0xa91613ff, L:/127.0.0.1:58271 ! R:localhost/127.0.0.1:58265]
01:32:11.102 [AsyncHttpClient-1-1] DEBUG org.asynchttpclient.netty.channel.DefaultChannelPool - Adding Candidate expired Channel [id: 0xa429a5c3, L:/127.0.0.1:58264 ! R:localhost/127.0.0.1:46889] isIdleTimeoutExpired=false isRemotelyClosed=true isTtlExpired=false
01:32:11.102 [AsyncHttpClient-1-1] DEBUG org.asynchttpclient.netty.channel.DefaultChannelPool - Closing Idle Channel [id: 0xa429a5c3, L:/127.0.0.1:58264 ! R:localhost/127.0.0.1:46889]
01:32:11.102 [AsyncHttpClient-1-1] DEBUG org.asynchttpclient.netty.channel.DefaultChannelPool - Closed 2 connections out of 2 in 0 ms
01:32:11.627 [AsyncHttpClient-1-4] DEBUG org.asynchttpclient.netty.channel.NettyConnectListener - Using new Channel '[id: 0x14a553ad, L:/127.0.0.1:58287 - R:localhost/127.0.0.1:41391]' for 'POST' to '/session'
01:32:12.393 [AsyncHttpClient-1-4] DEBUG org.asynchttpclient.netty.handler.HttpHandler - 

Request DefaultHttpRequest(decodeResult: success, version: HTTP/1.1)
POST /session HTTP/1.1
User-Agent: selenium/4.8.1 (java windows)
Content-Length: 507
Content-Type: application/json; charset=utf-8
host: localhost:41391
accept: */*

Response DefaultHttpResponse(decodeResult: success, version: HTTP/1.1)
HTTP/1.1 200 OK
Content-Length: 858
Content-Type: application/json; charset=utf-8
cache-control: no-cache

01:32:12.393 [AsyncHttpClient-1-4] DEBUG org.asynchttpclient.netty.channel.ChannelManager - Adding key: http://localhost:41391 for channel [id: 0x14a553ad, L:/127.0.0.1:58287 - R:localhost/127.0.0.1:41391]
01:32:12.400 [AsyncHttpClient-1-5] DEBUG org.asynchttpclient.netty.channel.NettyConnectListener - Using new Channel '[id: 0xd0dde49f, L:/127.0.0.1:58294 - R:localhost/127.0.0.1:58288]' for 'GET' to '/json/version'
01:32:12.401 [AsyncHttpClient-1-5] DEBUG org.asynchttpclient.netty.handler.HttpHandler - 

Request DefaultFullHttpRequest(decodeResult: success, version: HTTP/1.1, content: EmptyByteBufBE)
GET /json/version HTTP/1.1
User-Agent: selenium/4.8.1 (java windows)
host: localhost:58288
accept: */*

Response DefaultHttpResponse(decodeResult: success, version: HTTP/1.1)
HTTP/1.1 200 OK
Content-Security-Policy: frame-ancestors 'none'
Content-Length: 424
Content-Type: application/json; charset=UTF-8

01:32:12.402 [AsyncHttpClient-1-5] DEBUG org.asynchttpclient.netty.channel.ChannelManager - Adding key: http://localhost:58288 for channel [id: 0xd0dde49f, L:/127.0.0.1:58294 - R:localhost/127.0.0.1:58288]
01:32:12.404 [AsyncHttpClient-1-6] DEBUG org.asynchttpclient.netty.channel.NettyConnectListener - Using new Channel '[id: 0x28c223f4, L:/127.0.0.1:58295 - R:localhost/127.0.0.1:58288]' for 'GET' to '/devtools/browser/92c01016-5290-4637-bcdb-d8baadb8687d'
01:32:12.405 [AsyncHttpClient-1-6] DEBUG org.asynchttpclient.netty.handler.WebSocketHandler - 

Request DefaultFullHttpRequest(decodeResult: success, version: HTTP/1.1, content: EmptyByteBufBE)
GET /devtools/browser/92c01016-5290-4637-bcdb-d8baadb8687d HTTP/1.1
upgrade: websocket
connection: upgrade
sec-websocket-key: UnfbBk1Eyekl4SY7HqQmXg==
sec-websocket-version: 13
origin: http://localhost:58288
host: localhost:58288
accept: */*
user-agent: AHC/2.1

Response DefaultHttpResponse(decodeResult: success, version: HTTP/1.1)
HTTP/1.1 101 WebSocket Protocol Handshake
Upgrade: WebSocket
Connection: Upgrade
Sec-WebSocket-Accept: AHu/S8aozTWkNKVAt/aye+II5Q0=

01:32:12.413 [Forwarding get on session 79bd922509c1169cf8da8845037d0e33 to remote] DEBUG org.asynchttpclient.netty.request.NettyRequestSender - Using pooled Channel '[id: 0x14a553ad, L:/127.0.0.1:58287 - R:localhost/127.0.0.1:41391]' for 'POST' to 'http://localhost:41391/session/79bd922509c1169cf8da8845037d0e33/url'
01:32:12.413 [Forwarding get on session 79bd922509c1169cf8da8845037d0e33 to remote] DEBUG org.asynchttpclient.netty.request.NettyRequestSender - Using open Channel [id: 0x14a553ad, L:/127.0.0.1:58287 - R:localhost/127.0.0.1:41391] for POST '/session/79bd922509c1169cf8da8845037d0e33/url'
01:32:13.061 [AsyncHttpClient-1-4] DEBUG org.asynchttpclient.netty.handler.HttpHandler - 

Request DefaultHttpRequest(decodeResult: success, version: HTTP/1.1)
POST /session/79bd922509c1169cf8da8845037d0e33/url HTTP/1.1
User-Agent: selenium/4.8.1 (java windows)
Content-Length: 74
Content-Type: application/json; charset=utf-8
host: localhost:41391
accept: */*

Response DefaultHttpResponse(decodeResult: success, version: HTTP/1.1)
HTTP/1.1 200 OK
Content-Length: 14
Content-Type: application/json; charset=utf-8
cache-control: no-cache

01:32:13.062 [AsyncHttpClient-1-4] DEBUG org.asynchttpclient.netty.channel.ChannelManager - Adding key: http://localhost:41391 for channel [id: 0x14a553ad, L:/127.0.0.1:58287 - R:localhost/127.0.0.1:41391]
01:32:13.063 [Forwarding setTimeout on session 79bd922509c1169cf8da8845037d0e33 to remote] DEBUG org.asynchttpclient.netty.request.NettyRequestSender - Using pooled Channel '[id: 0x14a553ad, L:/127.0.0.1:58287 - R:localhost/127.0.0.1:41391]' for 'POST' to 'http://localhost:41391/session/79bd922509c1169cf8da8845037d0e33/timeouts'
01:32:13.063 [Forwarding setTimeout on session 79bd922509c1169cf8da8845037d0e33 to remote] DEBUG org.asynchttpclient.netty.request.NettyRequestSender - Using open Channel [id: 0x14a553ad, L:/127.0.0.1:58287 - R:localhost/127.0.0.1:41391] for POST '/session/79bd922509c1169cf8da8845037d0e33/timeouts'
01:32:13.065 [AsyncHttpClient-1-4] DEBUG org.asynchttpclient.netty.handler.HttpHandler - 

Request DefaultHttpRequest(decodeResult: success, version: HTTP/1.1)
POST /session/79bd922509c1169cf8da8845037d0e33/timeouts HTTP/1.1
User-Agent: selenium/4.8.1 (java windows)
Content-Length: 22
Content-Type: application/json; charset=utf-8
host: localhost:41391
accept: */*

Response DefaultHttpResponse(decodeResult: success, version: HTTP/1.1)
HTTP/1.1 200 OK
Content-Length: 14
Content-Type: application/json; charset=utf-8
cache-control: no-cache

01:32:13.065 [AsyncHttpClient-1-4] DEBUG org.asynchttpclient.netty.channel.ChannelManager - Adding key: http://localhost:41391 for channel [id: 0x14a553ad, L:/127.0.0.1:58287 - R:localhost/127.0.0.1:41391]
01:32:13.075 [Forwarding getAlertText on session 79bd922509c1169cf8da8845037d0e33 to remote] DEBUG org.asynchttpclient.netty.request.NettyRequestSender - Using pooled Channel '[id: 0x14a553ad, L:/127.0.0.1:58287 - R:localhost/127.0.0.1:41391]' for 'GET' to 'http://localhost:41391/session/79bd922509c1169cf8da8845037d0e33/alert/text'
01:32:13.075 [Forwarding getAlertText on session 79bd922509c1169cf8da8845037d0e33 to remote] DEBUG org.asynchttpclient.netty.request.NettyRequestSender - Using open Channel [id: 0x14a553ad, L:/127.0.0.1:58287 - R:localhost/127.0.0.1:41391] for GET '/session/79bd922509c1169cf8da8845037d0e33/alert/text'
01:32:13.078 [AsyncHttpClient-1-4] DEBUG org.asynchttpclient.netty.handler.HttpHandler - 

Request DefaultFullHttpRequest(decodeResult: success, version: HTTP/1.1, content: EmptyByteBufBE)
GET /session/79bd922509c1169cf8da8845037d0e33/alert/text HTTP/1.1
User-Agent: selenium/4.8.1 (java windows)
Cache-Control: no-cache
Content-Type: application/json; charset=utf-8
host: localhost:41391
accept: */*

Response DefaultHttpResponse(decodeResult: success, version: HTTP/1.1)
HTTP/1.1 404 Not Found
Content-Length: 816
Content-Type: application/json; charset=utf-8
cache-control: no-cache

01:32:13.078 [AsyncHttpClient-1-4] DEBUG org.asynchttpclient.netty.channel.ChannelManager - Adding key: http://localhost:41391 for channel [id: 0x14a553ad, L:/127.0.0.1:58287 - R:localhost/127.0.0.1:41391]
01:32:13.079 [Forwarding getCurrentUrl on session 79bd922509c1169cf8da8845037d0e33 to remote] DEBUG org.asynchttpclient.netty.request.NettyRequestSender - Using pooled Channel '[id: 0x14a553ad, L:/127.0.0.1:58287 - R:localhost/127.0.0.1:41391]' for 'GET' to 'http://localhost:41391/session/79bd922509c1169cf8da8845037d0e33/url'
01:32:13.079 [Forwarding getCurrentUrl on session 79bd922509c1169cf8da8845037d0e33 to remote] DEBUG org.asynchttpclient.netty.request.NettyRequestSender - Using open Channel [id: 0x14a553ad, L:/127.0.0.1:58287 - R:localhost/127.0.0.1:41391] for GET '/session/79bd922509c1169cf8da8845037d0e33/url'
01:32:13.085 [AsyncHttpClient-1-4] DEBUG org.asynchttpclient.netty.handler.HttpHandler - 

Request DefaultFullHttpRequest(decodeResult: success, version: HTTP/1.1, content: EmptyByteBufBE)
GET /session/79bd922509c1169cf8da8845037d0e33/url HTTP/1.1
User-Agent: selenium/4.8.1 (java windows)
Cache-Control: no-cache
Content-Type: application/json; charset=utf-8
host: localhost:41391
accept: */*

Response DefaultHttpResponse(decodeResult: success, version: HTTP/1.1)
HTTP/1.1 200 OK
Content-Length: 51
Content-Type: application/json; charset=utf-8
cache-control: no-cache

01:32:13.086 [AsyncHttpClient-1-4] DEBUG org.asynchttpclient.netty.channel.ChannelManager - Adding key: http://localhost:41391 for channel [id: 0x14a553ad, L:/127.0.0.1:58287 - R:localhost/127.0.0.1:41391]
01:32:13.086 [Forwarding screenshot on session 79bd922509c1169cf8da8845037d0e33 to remote] DEBUG org.asynchttpclient.netty.request.NettyRequestSender - Using pooled Channel '[id: 0x14a553ad, L:/127.0.0.1:58287 - R:localhost/127.0.0.1:41391]' for 'GET' to 'http://localhost:41391/session/79bd922509c1169cf8da8845037d0e33/screenshot'
01:32:13.086 [Forwarding screenshot on session 79bd922509c1169cf8da8845037d0e33 to remote] DEBUG org.asynchttpclient.netty.request.NettyRequestSender - Using open Channel [id: 0x14a553ad, L:/127.0.0.1:58287 - R:localhost/127.0.0.1:41391] for GET '/session/79bd922509c1169cf8da8845037d0e33/screenshot'
01:32:13.291 [AsyncHttpClient-1-1] DEBUG org.asynchttpclient.netty.channel.DefaultChannelPool - Entry count for : http://localhost:58288 : 1
01:32:13.402 [AsyncHttpClient-1-4] DEBUG org.asynchttpclient.netty.handler.HttpHandler - 

Request DefaultFullHttpRequest(decodeResult: success, version: HTTP/1.1, content: EmptyByteBufBE)
GET /session/79bd922509c1169cf8da8845037d0e33/screenshot HTTP/1.1
User-Agent: selenium/4.8.1 (java windows)
Cache-Control: no-cache
Content-Type: application/json; charset=utf-8
host: localhost:41391
accept: */*

Response DefaultHttpResponse(decodeResult: success, version: HTTP/1.1)
HTTP/1.1 200 OK
Content-Length: 37680
Content-Type: application/json; charset=utf-8
cache-control: no-cache

01:32:13.402 [AsyncHttpClient-1-4] DEBUG org.asynchttpclient.netty.channel.ChannelManager - Adding key: http://localhost:41391 for channel [id: 0x14a553ad, L:/127.0.0.1:58287 - R:localhost/127.0.0.1:41391]
01:32:13.404 [main] DEBUG net.serenitybdd.core.photography.Darkroom - Send negative for processing for target\site\serenity\617ccc73021c4cab9dfa54c5aa3482f15135817f8e58f0514fd8d62047c1a9ab.png
01:32:13.406 [Forwarding getPageSource on session 79bd922509c1169cf8da8845037d0e33 to remote] DEBUG org.asynchttpclient.netty.request.NettyRequestSender - Using pooled Channel '[id: 0x14a553ad, L:/127.0.0.1:58287 - R:localhost/127.0.0.1:41391]' for 'POST' to 'http://localhost:41391/session/79bd922509c1169cf8da8845037d0e33/execute/sync'
01:32:13.406 [Forwarding getPageSource on session 79bd922509c1169cf8da8845037d0e33 to remote] DEBUG org.asynchttpclient.netty.request.NettyRequestSender - Using open Channel [id: 0x14a553ad, L:/127.0.0.1:58287 - R:localhost/127.0.0.1:41391] for POST '/session/79bd922509c1169cf8da8845037d0e33/execute/sync'
01:32:13.412 [AsyncHttpClient-1-4] DEBUG org.asynchttpclient.netty.handler.HttpHandler - 

Request DefaultHttpRequest(decodeResult: success, version: HTTP/1.1)
POST /session/79bd922509c1169cf8da8845037d0e33/execute/sync HTTP/1.1
User-Agent: selenium/4.8.1 (java windows)
Content-Length: 176
Content-Type: application/json; charset=utf-8
host: localhost:41391
accept: */*

Response DefaultHttpResponse(decodeResult: success, version: HTTP/1.1)
HTTP/1.1 200 OK
Content-Length: 21659
Content-Type: application/json; charset=utf-8
cache-control: no-cache

01:32:13.412 [AsyncHttpClient-1-4] DEBUG org.asynchttpclient.netty.channel.ChannelManager - Adding key: http://localhost:41391 for channel [id: 0x14a553ad, L:/127.0.0.1:58287 - R:localhost/127.0.0.1:41391]
01:32:13.415 [Forwarding getCurrentUrl on session 79bd922509c1169cf8da8845037d0e33 to remote] DEBUG org.asynchttpclient.netty.request.NettyRequestSender - Using pooled Channel '[id: 0x14a553ad, L:/127.0.0.1:58287 - R:localhost/127.0.0.1:41391]' for 'GET' to 'http://localhost:41391/session/79bd922509c1169cf8da8845037d0e33/url'
01:32:13.415 [Forwarding getCurrentUrl on session 79bd922509c1169cf8da8845037d0e33 to remote] DEBUG org.asynchttpclient.netty.request.NettyRequestSender - Using open Channel [id: 0x14a553ad, L:/127.0.0.1:58287 - R:localhost/127.0.0.1:41391] for GET '/session/79bd922509c1169cf8da8845037d0e33/url'
01:32:13.419 [AsyncHttpClient-1-4] DEBUG org.asynchttpclient.netty.handler.HttpHandler - 

Request DefaultFullHttpRequest(decodeResult: success, version: HTTP/1.1, content: EmptyByteBufBE)
GET /session/79bd922509c1169cf8da8845037d0e33/url HTTP/1.1
User-Agent: selenium/4.8.1 (java windows)
Cache-Control: no-cache
Content-Type: application/json; charset=utf-8
host: localhost:41391
accept: */*

Response DefaultHttpResponse(decodeResult: success, version: HTTP/1.1)
HTTP/1.1 200 OK
Content-Length: 51
Content-Type: application/json; charset=utf-8
cache-control: no-cache

01:32:13.419 [AsyncHttpClient-1-4] DEBUG org.asynchttpclient.netty.channel.ChannelManager - Adding key: http://localhost:41391 for channel [id: 0x14a553ad, L:/127.0.0.1:58287 - R:localhost/127.0.0.1:41391]
01:32:13.421 [main] DEBUG net.thucydides.core.steps.StepInterceptor - STARTING STEP: LoginSteps.onTheLoginPage - validateOnTheLoginPage
01:32:13.423 [Forwarding findElement on session 79bd922509c1169cf8da8845037d0e33 to remote] DEBUG org.asynchttpclient.netty.request.NettyRequestSender - Using pooled Channel '[id: 0x14a553ad, L:/127.0.0.1:58287 - R:localhost/127.0.0.1:41391]' for 'POST' to 'http://localhost:41391/session/79bd922509c1169cf8da8845037d0e33/element'
01:32:13.423 [Forwarding findElement on session 79bd922509c1169cf8da8845037d0e33 to remote] DEBUG org.asynchttpclient.netty.request.NettyRequestSender - Using open Channel [id: 0x14a553ad, L:/127.0.0.1:58287 - R:localhost/127.0.0.1:41391] for POST '/session/79bd922509c1169cf8da8845037d0e33/element'
01:32:13.436 [AsyncHttpClient-1-4] DEBUG org.asynchttpclient.netty.handler.HttpHandler - 

Request DefaultHttpRequest(decodeResult: success, version: HTTP/1.1)
POST /session/79bd922509c1169cf8da8845037d0e33/element HTTP/1.1
User-Agent: selenium/4.8.1 (java windows)
Content-Length: 165
Content-Type: application/json; charset=utf-8
host: localhost:41391
accept: */*

Response DefaultHttpResponse(decodeResult: success, version: HTTP/1.1)
HTTP/1.1 200 OK
Content-Length: 88
Content-Type: application/json; charset=utf-8
cache-control: no-cache

01:32:13.436 [AsyncHttpClient-1-4] DEBUG org.asynchttpclient.netty.channel.ChannelManager - Adding key: http://localhost:41391 for channel [id: 0x14a553ad, L:/127.0.0.1:58287 - R:localhost/127.0.0.1:41391]
01:32:13.439 [Forwarding isElementDisplayed on session 79bd922509c1169cf8da8845037d0e33 to remote] DEBUG org.asynchttpclient.netty.request.NettyRequestSender - Using pooled Channel '[id: 0x14a553ad, L:/127.0.0.1:58287 - R:localhost/127.0.0.1:41391]' for 'POST' to 'http://localhost:41391/session/79bd922509c1169cf8da8845037d0e33/execute/sync'
01:32:13.439 [Forwarding isElementDisplayed on session 79bd922509c1169cf8da8845037d0e33 to remote] DEBUG org.asynchttpclient.netty.request.NettyRequestSender - Using open Channel [id: 0x14a553ad, L:/127.0.0.1:58287 - R:localhost/127.0.0.1:41391] for POST '/session/79bd922509c1169cf8da8845037d0e33/execute/sync'
01:32:13.453 [AsyncHttpClient-1-4] DEBUG org.asynchttpclient.netty.handler.HttpHandler - 

Request DefaultHttpRequest(decodeResult: success, version: HTTP/1.1)
POST /session/79bd922509c1169cf8da8845037d0e33/execute/sync HTTP/1.1
User-Agent: selenium/4.8.1 (java windows)
Content-Length: 48807
Content-Type: application/json; charset=utf-8
host: localhost:41391
accept: */*

Response DefaultHttpResponse(decodeResult: success, version: HTTP/1.1)
HTTP/1.1 200 OK
Content-Length: 14
Content-Type: application/json; charset=utf-8
cache-control: no-cache

01:32:13.453 [AsyncHttpClient-1-4] DEBUG org.asynchttpclient.netty.channel.ChannelManager - Adding key: http://localhost:41391 for channel [id: 0x14a553ad, L:/127.0.0.1:58287 - R:localhost/127.0.0.1:41391]
01:32:13.457 [Forwarding getAlertText on session 79bd922509c1169cf8da8845037d0e33 to remote] DEBUG org.asynchttpclient.netty.request.NettyRequestSender - Using pooled Channel '[id: 0x14a553ad, L:/127.0.0.1:58287 - R:localhost/127.0.0.1:41391]' for 'GET' to 'http://localhost:41391/session/79bd922509c1169cf8da8845037d0e33/alert/text'
01:32:13.457 [Forwarding getAlertText on session 79bd922509c1169cf8da8845037d0e33 to remote] DEBUG org.asynchttpclient.netty.request.NettyRequestSender - Using open Channel [id: 0x14a553ad, L:/127.0.0.1:58287 - R:localhost/127.0.0.1:41391] for GET '/session/79bd922509c1169cf8da8845037d0e33/alert/text'
01:32:13.458 [AsyncHttpClient-1-4] DEBUG org.asynchttpclient.netty.handler.HttpHandler - 

Request DefaultFullHttpRequest(decodeResult: success, version: HTTP/1.1, content: EmptyByteBufBE)
GET /session/79bd922509c1169cf8da8845037d0e33/alert/text HTTP/1.1
User-Agent: selenium/4.8.1 (java windows)
Cache-Control: no-cache
Content-Type: application/json; charset=utf-8
host: localhost:41391
accept: */*

Response DefaultHttpResponse(decodeResult: success, version: HTTP/1.1)
HTTP/1.1 404 Not Found
Content-Length: 816
Content-Type: application/json; charset=utf-8
cache-control: no-cache

01:32:13.459 [AsyncHttpClient-1-4] DEBUG org.asynchttpclient.netty.channel.ChannelManager - Adding key: http://localhost:41391 for channel [id: 0x14a553ad, L:/127.0.0.1:58287 - R:localhost/127.0.0.1:41391]
01:32:13.460 [Forwarding getCurrentUrl on session 79bd922509c1169cf8da8845037d0e33 to remote] DEBUG org.asynchttpclient.netty.request.NettyRequestSender - Using pooled Channel '[id: 0x14a553ad, L:/127.0.0.1:58287 - R:localhost/127.0.0.1:41391]' for 'GET' to 'http://localhost:41391/session/79bd922509c1169cf8da8845037d0e33/url'
01:32:13.460 [Forwarding getCurrentUrl on session 79bd922509c1169cf8da8845037d0e33 to remote] DEBUG org.asynchttpclient.netty.request.NettyRequestSender - Using open Channel [id: 0x14a553ad, L:/127.0.0.1:58287 - R:localhost/127.0.0.1:41391] for GET '/session/79bd922509c1169cf8da8845037d0e33/url'
01:32:13.463 [AsyncHttpClient-1-4] DEBUG org.asynchttpclient.netty.handler.HttpHandler - 

Request DefaultFullHttpRequest(decodeResult: success, version: HTTP/1.1, content: EmptyByteBufBE)
GET /session/79bd922509c1169cf8da8845037d0e33/url HTTP/1.1
User-Agent: selenium/4.8.1 (java windows)
Cache-Control: no-cache
Content-Type: application/json; charset=utf-8
host: localhost:41391
accept: */*

Response DefaultHttpResponse(decodeResult: success, version: HTTP/1.1)
HTTP/1.1 200 OK
Content-Length: 51
Content-Type: application/json; charset=utf-8
cache-control: no-cache

01:32:13.463 [AsyncHttpClient-1-4] DEBUG org.asynchttpclient.netty.channel.ChannelManager - Adding key: http://localhost:41391 for channel [id: 0x14a553ad, L:/127.0.0.1:58287 - R:localhost/127.0.0.1:41391]
01:32:13.464 [Forwarding screenshot on session 79bd922509c1169cf8da8845037d0e33 to remote] DEBUG org.asynchttpclient.netty.request.NettyRequestSender - Using pooled Channel '[id: 0x14a553ad, L:/127.0.0.1:58287 - R:localhost/127.0.0.1:41391]' for 'GET' to 'http://localhost:41391/session/79bd922509c1169cf8da8845037d0e33/screenshot'
01:32:13.464 [Forwarding screenshot on session 79bd922509c1169cf8da8845037d0e33 to remote] DEBUG org.asynchttpclient.netty.request.NettyRequestSender - Using open Channel [id: 0x14a553ad, L:/127.0.0.1:58287 - R:localhost/127.0.0.1:41391] for GET '/session/79bd922509c1169cf8da8845037d0e33/screenshot'
01:32:13.574 [AsyncHttpClient-1-4] DEBUG org.asynchttpclient.netty.handler.HttpHandler - 

Request DefaultFullHttpRequest(decodeResult: success, version: HTTP/1.1, content: EmptyByteBufBE)
GET /session/79bd922509c1169cf8da8845037d0e33/screenshot HTTP/1.1
User-Agent: selenium/4.8.1 (java windows)
Cache-Control: no-cache
Content-Type: application/json; charset=utf-8
host: localhost:41391
accept: */*

Response DefaultHttpResponse(decodeResult: success, version: HTTP/1.1)
HTTP/1.1 200 OK
Content-Length: 37680
Content-Type: application/json; charset=utf-8
cache-control: no-cache

01:32:13.574 [AsyncHttpClient-1-4] DEBUG org.asynchttpclient.netty.channel.ChannelManager - Adding key: http://localhost:41391 for channel [id: 0x14a553ad, L:/127.0.0.1:58287 - R:localhost/127.0.0.1:41391]
01:32:13.577 [main] DEBUG net.serenitybdd.core.photography.Darkroom - Send negative for processing for target\site\serenity\617ccc73021c4cab9dfa54c5aa3482f15135817f8e58f0514fd8d62047c1a9ab.png
01:32:13.577 [main] DEBUG net.thucydides.core.steps.StepInterceptor - STEP DONE: validateOnTheLoginPage
  &amp#27;[32mGiven &amp#27;[0m&amp#27;[32mI am on the login page&amp#27;[0m                                                         &amp#27;[90m# starter.stepdefinitions.LoginSteps.onTheLoginPage()&amp#27;[0m
01:32:13.585 [Forwarding getPageSource on session 79bd922509c1169cf8da8845037d0e33 to remote] DEBUG org.asynchttpclient.netty.request.NettyRequestSender - Using pooled Channel '[id: 0x14a553ad, L:/127.0.0.1:58287 - R:localhost/127.0.0.1:41391]' for 'POST' to 'http://localhost:41391/session/79bd922509c1169cf8da8845037d0e33/execute/sync'
01:32:13.585 [Forwarding getPageSource on session 79bd922509c1169cf8da8845037d0e33 to remote] DEBUG org.asynchttpclient.netty.request.NettyRequestSender - Using open Channel [id: 0x14a553ad, L:/127.0.0.1:58287 - R:localhost/127.0.0.1:41391] for POST '/session/79bd922509c1169cf8da8845037d0e33/execute/sync'
01:32:13.591 [AsyncHttpClient-1-4] DEBUG org.asynchttpclient.netty.handler.HttpHandler - 

Request DefaultHttpRequest(decodeResult: success, version: HTTP/1.1)
POST /session/79bd922509c1169cf8da8845037d0e33/execute/sync HTTP/1.1
User-Agent: selenium/4.8.1 (java windows)
Content-Length: 176
Content-Type: application/json; charset=utf-8
host: localhost:41391
accept: */*

Response DefaultHttpResponse(decodeResult: success, version: HTTP/1.1)
HTTP/1.1 200 OK
Content-Length: 21659
Content-Type: application/json; charset=utf-8
cache-control: no-cache

01:32:13.591 [AsyncHttpClient-1-4] DEBUG org.asynchttpclient.netty.channel.ChannelManager - Adding key: http://localhost:41391 for channel [id: 0x14a553ad, L:/127.0.0.1:58287 - R:localhost/127.0.0.1:41391]
01:32:13.594 [Forwarding getCurrentUrl on session 79bd922509c1169cf8da8845037d0e33 to remote] DEBUG org.asynchttpclient.netty.request.NettyRequestSender - Using pooled Channel '[id: 0x14a553ad, L:/127.0.0.1:58287 - R:localhost/127.0.0.1:41391]' for 'GET' to 'http://localhost:41391/session/79bd922509c1169cf8da8845037d0e33/url'
01:32:13.594 [Forwarding getCurrentUrl on session 79bd922509c1169cf8da8845037d0e33 to remote] DEBUG org.asynchttpclient.netty.request.NettyRequestSender - Using open Channel [id: 0x14a553ad, L:/127.0.0.1:58287 - R:localhost/127.0.0.1:41391] for GET '/session/79bd922509c1169cf8da8845037d0e33/url'
01:32:13.597 [AsyncHttpClient-1-4] DEBUG org.asynchttpclient.netty.handler.HttpHandler - 

Request DefaultFullHttpRequest(decodeResult: success, version: HTTP/1.1, content: EmptyByteBufBE)
GET /session/79bd922509c1169cf8da8845037d0e33/url HTTP/1.1
User-Agent: selenium/4.8.1 (java windows)
Cache-Control: no-cache
Content-Type: application/json; charset=utf-8
host: localhost:41391
accept: */*

Response DefaultHttpResponse(decodeResult: success, version: HTTP/1.1)
HTTP/1.1 200 OK
Content-Length: 51
Content-Type: application/json; charset=utf-8
cache-control: no-cache

01:32:13.597 [AsyncHttpClient-1-4] DEBUG org.asynchttpclient.netty.channel.ChannelManager - Adding key: http://localhost:41391 for channel [id: 0x14a553ad, L:/127.0.0.1:58287 - R:localhost/127.0.0.1:41391]
01:32:13.604 [Forwarding getPageSource on session 79bd922509c1169cf8da8845037d0e33 to remote] DEBUG org.asynchttpclient.netty.request.NettyRequestSender - Using pooled Channel '[id: 0x14a553ad, L:/127.0.0.1:58287 - R:localhost/127.0.0.1:41391]' for 'POST' to 'http://localhost:41391/session/79bd922509c1169cf8da8845037d0e33/execute/sync'
01:32:13.604 [Forwarding getPageSource on session 79bd922509c1169cf8da8845037d0e33 to remote] DEBUG org.asynchttpclient.netty.request.NettyRequestSender - Using open Channel [id: 0x14a553ad, L:/127.0.0.1:58287 - R:localhost/127.0.0.1:41391] for POST '/session/79bd922509c1169cf8da8845037d0e33/execute/sync'
01:32:13.611 [AsyncHttpClient-1-4] DEBUG org.asynchttpclient.netty.handler.HttpHandler - 

Request DefaultHttpRequest(decodeResult: success, version: HTTP/1.1)
POST /session/79bd922509c1169cf8da8845037d0e33/execute/sync HTTP/1.1
User-Agent: selenium/4.8.1 (java windows)
Content-Length: 176
Content-Type: application/json; charset=utf-8
host: localhost:41391
accept: */*

Response DefaultHttpResponse(decodeResult: success, version: HTTP/1.1)
HTTP/1.1 200 OK
Content-Length: 21659
Content-Type: application/json; charset=utf-8
cache-control: no-cache

01:32:13.611 [AsyncHttpClient-1-4] DEBUG org.asynchttpclient.netty.channel.ChannelManager - Adding key: http://localhost:41391 for channel [id: 0x14a553ad, L:/127.0.0.1:58287 - R:localhost/127.0.0.1:41391]
01:32:13.614 [Forwarding getCurrentUrl on session 79bd922509c1169cf8da8845037d0e33 to remote] DEBUG org.asynchttpclient.netty.request.NettyRequestSender - Using pooled Channel '[id: 0x14a553ad, L:/127.0.0.1:58287 - R:localhost/127.0.0.1:41391]' for 'GET' to 'http://localhost:41391/session/79bd922509c1169cf8da8845037d0e33/url'
01:32:13.614 [Forwarding getCurrentUrl on session 79bd922509c1169cf8da8845037d0e33 to remote] DEBUG org.asynchttpclient.netty.request.NettyRequestSender - Using open Channel [id: 0x14a553ad, L:/127.0.0.1:58287 - R:localhost/127.0.0.1:41391] for GET '/session/79bd922509c1169cf8da8845037d0e33/url'
01:32:13.619 [AsyncHttpClient-1-4] DEBUG org.asynchttpclient.netty.handler.HttpHandler - 

Request DefaultFullHttpRequest(decodeResult: success, version: HTTP/1.1, content: EmptyByteBufBE)
GET /session/79bd922509c1169cf8da8845037d0e33/url HTTP/1.1
User-Agent: selenium/4.8.1 (java windows)
Cache-Control: no-cache
Content-Type: application/json; charset=utf-8
host: localhost:41391
accept: */*

Response DefaultHttpResponse(decodeResult: success, version: HTTP/1.1)
HTTP/1.1 200 OK
Content-Length: 51
Content-Type: application/json; charset=utf-8
cache-control: no-cache

01:32:13.620 [AsyncHttpClient-1-4] DEBUG org.asynchttpclient.netty.channel.ChannelManager - Adding key: http://localhost:41391 for channel [id: 0x14a553ad, L:/127.0.0.1:58287 - R:localhost/127.0.0.1:41391]
01:32:13.624 [main] DEBUG net.thucydides.core.steps.StepInterceptor - STARTING STEP: LoginSteps.enterEmptyUsername - inputUsername
01:32:13.626 [Forwarding findElement on session 79bd922509c1169cf8da8845037d0e33 to remote] DEBUG org.asynchttpclient.netty.request.NettyRequestSender - Using pooled Channel '[id: 0x14a553ad, L:/127.0.0.1:58287 - R:localhost/127.0.0.1:41391]' for 'POST' to 'http://localhost:41391/session/79bd922509c1169cf8da8845037d0e33/element'
01:32:13.626 [Forwarding findElement on session 79bd922509c1169cf8da8845037d0e33 to remote] DEBUG org.asynchttpclient.netty.request.NettyRequestSender - Using open Channel [id: 0x14a553ad, L:/127.0.0.1:58287 - R:localhost/127.0.0.1:41391] for POST '/session/79bd922509c1169cf8da8845037d0e33/element'
01:32:13.641 [AsyncHttpClient-1-4] DEBUG org.asynchttpclient.netty.handler.HttpHandler - 

Request DefaultHttpRequest(decodeResult: success, version: HTTP/1.1)
POST /session/79bd922509c1169cf8da8845037d0e33/element HTTP/1.1
User-Agent: selenium/4.8.1 (java windows)
Content-Length: 68
Content-Type: application/json; charset=utf-8
host: localhost:41391
accept: */*

Response DefaultHttpResponse(decodeResult: success, version: HTTP/1.1)
HTTP/1.1 200 OK
Content-Length: 88
Content-Type: application/json; charset=utf-8
cache-control: no-cache

01:32:13.642 [AsyncHttpClient-1-4] DEBUG org.asynchttpclient.netty.channel.ChannelManager - Adding key: http://localhost:41391 for channel [id: 0x14a553ad, L:/127.0.0.1:58287 - R:localhost/127.0.0.1:41391]
01:32:13.643 [Forwarding clearElement on session 79bd922509c1169cf8da8845037d0e33 to remote] DEBUG org.asynchttpclient.netty.request.NettyRequestSender - Using pooled Channel '[id: 0x14a553ad, L:/127.0.0.1:58287 - R:localhost/127.0.0.1:41391]' for 'POST' to 'http://localhost:41391/session/79bd922509c1169cf8da8845037d0e33/element/36222796-3983-4df9-8e16-4e9e14f8294e/clear'
01:32:13.643 [Forwarding clearElement on session 79bd922509c1169cf8da8845037d0e33 to remote] DEBUG org.asynchttpclient.netty.request.NettyRequestSender - Using open Channel [id: 0x14a553ad, L:/127.0.0.1:58287 - R:localhost/127.0.0.1:41391] for POST '/session/79bd922509c1169cf8da8845037d0e33/element/36222796-3983-4df9-8e16-4e9e14f8294e/clear'
01:32:13.685 [AsyncHttpClient-1-4] DEBUG org.asynchttpclient.netty.handler.HttpHandler - 

Request DefaultHttpRequest(decodeResult: success, version: HTTP/1.1)
POST /session/79bd922509c1169cf8da8845037d0e33/element/36222796-3983-4df9-8e16-4e9e14f8294e/clear HTTP/1.1
User-Agent: selenium/4.8.1 (java windows)
Content-Length: 50
Content-Type: application/json; charset=utf-8
host: localhost:41391
accept: */*

Response DefaultHttpResponse(decodeResult: success, version: HTTP/1.1)
HTTP/1.1 200 OK
Content-Length: 14
Content-Type: application/json; charset=utf-8
cache-control: no-cache

01:32:13.685 [AsyncHttpClient-1-4] DEBUG org.asynchttpclient.netty.channel.ChannelManager - Adding key: http://localhost:41391 for channel [id: 0x14a553ad, L:/127.0.0.1:58287 - R:localhost/127.0.0.1:41391]
01:32:13.687 [Forwarding sendKeysToElement on session 79bd922509c1169cf8da8845037d0e33 to remote] DEBUG org.asynchttpclient.netty.request.NettyRequestSender - Using pooled Channel '[id: 0x14a553ad, L:/127.0.0.1:58287 - R:localhost/127.0.0.1:41391]' for 'POST' to 'http://localhost:41391/session/79bd922509c1169cf8da8845037d0e33/element/36222796-3983-4df9-8e16-4e9e14f8294e/value'
01:32:13.687 [Forwarding sendKeysToElement on session 79bd922509c1169cf8da8845037d0e33 to remote] DEBUG org.asynchttpclient.netty.request.NettyRequestSender - Using open Channel [id: 0x14a553ad, L:/127.0.0.1:58287 - R:localhost/127.0.0.1:41391] for POST '/session/79bd922509c1169cf8da8845037d0e33/element/36222796-3983-4df9-8e16-4e9e14f8294e/value'
01:32:13.731 [AsyncHttpClient-1-4] DEBUG org.asynchttpclient.netty.handler.HttpHandler - 

Request DefaultHttpRequest(decodeResult: success, version: HTTP/1.1)
POST /session/79bd922509c1169cf8da8845037d0e33/element/36222796-3983-4df9-8e16-4e9e14f8294e/value HTTP/1.1
User-Agent: selenium/4.8.1 (java windows)
Content-Length: 82
Content-Type: application/json; charset=utf-8
host: localhost:41391
accept: */*

Response DefaultHttpResponse(decodeResult: success, version: HTTP/1.1)
HTTP/1.1 200 OK
Content-Length: 14
Content-Type: application/json; charset=utf-8
cache-control: no-cache

01:32:13.731 [AsyncHttpClient-1-4] DEBUG org.asynchttpclient.netty.channel.ChannelManager - Adding key: http://localhost:41391 for channel [id: 0x14a553ad, L:/127.0.0.1:58287 - R:localhost/127.0.0.1:41391]
01:32:13.739 [Forwarding getAlertText on session 79bd922509c1169cf8da8845037d0e33 to remote] DEBUG org.asynchttpclient.netty.request.NettyRequestSender - Using pooled Channel '[id: 0x14a553ad, L:/127.0.0.1:58287 - R:localhost/127.0.0.1:41391]' for 'GET' to 'http://localhost:41391/session/79bd922509c1169cf8da8845037d0e33/alert/text'
01:32:13.739 [Forwarding getAlertText on session 79bd922509c1169cf8da8845037d0e33 to remote] DEBUG org.asynchttpclient.netty.request.NettyRequestSender - Using open Channel [id: 0x14a553ad, L:/127.0.0.1:58287 - R:localhost/127.0.0.1:41391] for GET '/session/79bd922509c1169cf8da8845037d0e33/alert/text'
01:32:13.741 [AsyncHttpClient-1-4] DEBUG org.asynchttpclient.netty.handler.HttpHandler - 

Request DefaultFullHttpRequest(decodeResult: success, version: HTTP/1.1, content: EmptyByteBufBE)
GET /session/79bd922509c1169cf8da8845037d0e33/alert/text HTTP/1.1
User-Agent: selenium/4.8.1 (java windows)
Cache-Control: no-cache
Content-Type: application/json; charset=utf-8
host: localhost:41391
accept: */*

Response DefaultHttpResponse(decodeResult: success, version: HTTP/1.1)
HTTP/1.1 404 Not Found
Content-Length: 816
Content-Type: application/json; charset=utf-8
cache-control: no-cache

01:32:13.741 [AsyncHttpClient-1-4] DEBUG org.asynchttpclient.netty.channel.ChannelManager - Adding key: http://localhost:41391 for channel [id: 0x14a553ad, L:/127.0.0.1:58287 - R:localhost/127.0.0.1:41391]
01:32:13.743 [Forwarding getCurrentUrl on session 79bd922509c1169cf8da8845037d0e33 to remote] DEBUG org.asynchttpclient.netty.request.NettyRequestSender - Using pooled Channel '[id: 0x14a553ad, L:/127.0.0.1:58287 - R:localhost/127.0.0.1:41391]' for 'GET' to 'http://localhost:41391/session/79bd922509c1169cf8da8845037d0e33/url'
01:32:13.743 [Forwarding getCurrentUrl on session 79bd922509c1169cf8da8845037d0e33 to remote] DEBUG org.asynchttpclient.netty.request.NettyRequestSender - Using open Channel [id: 0x14a553ad, L:/127.0.0.1:58287 - R:localhost/127.0.0.1:41391] for GET '/session/79bd922509c1169cf8da8845037d0e33/url'
01:32:13.747 [AsyncHttpClient-1-4] DEBUG org.asynchttpclient.netty.handler.HttpHandler - 

Request DefaultFullHttpRequest(decodeResult: success, version: HTTP/1.1, content: EmptyByteBufBE)
GET /session/79bd922509c1169cf8da8845037d0e33/url HTTP/1.1
User-Agent: selenium/4.8.1 (java windows)
Cache-Control: no-cache
Content-Type: application/json; charset=utf-8
host: localhost:41391
accept: */*

Response DefaultHttpResponse(decodeResult: success, version: HTTP/1.1)
HTTP/1.1 200 OK
Content-Length: 51
Content-Type: application/json; charset=utf-8
cache-control: no-cache

01:32:13.748 [AsyncHttpClient-1-4] DEBUG org.asynchttpclient.netty.channel.ChannelManager - Adding key: http://localhost:41391 for channel [id: 0x14a553ad, L:/127.0.0.1:58287 - R:localhost/127.0.0.1:41391]
01:32:13.748 [Forwarding screenshot on session 79bd922509c1169cf8da8845037d0e33 to remote] DEBUG org.asynchttpclient.netty.request.NettyRequestSender - Using pooled Channel '[id: 0x14a553ad, L:/127.0.0.1:58287 - R:localhost/127.0.0.1:41391]' for 'GET' to 'http://localhost:41391/session/79bd922509c1169cf8da8845037d0e33/screenshot'
01:32:13.748 [Forwarding screenshot on session 79bd922509c1169cf8da8845037d0e33 to remote] DEBUG org.asynchttpclient.netty.request.NettyRequestSender - Using open Channel [id: 0x14a553ad, L:/127.0.0.1:58287 - R:localhost/127.0.0.1:41391] for GET '/session/79bd922509c1169cf8da8845037d0e33/screenshot'
01:32:13.881 [AsyncHttpClient-1-4] DEBUG org.asynchttpclient.netty.handler.HttpHandler - 

Request DefaultFullHttpRequest(decodeResult: success, version: HTTP/1.1, content: EmptyByteBufBE)
GET /session/79bd922509c1169cf8da8845037d0e33/screenshot HTTP/1.1
User-Agent: selenium/4.8.1 (java windows)
Cache-Control: no-cache
Content-Type: application/json; charset=utf-8
host: localhost:41391
accept: */*

Response DefaultHttpResponse(decodeResult: success, version: HTTP/1.1)
HTTP/1.1 200 OK
Content-Length: 37924
Content-Type: application/json; charset=utf-8
cache-control: no-cache

01:32:13.881 [AsyncHttpClient-1-4] DEBUG org.asynchttpclient.netty.channel.ChannelManager - Adding key: http://localhost:41391 for channel [id: 0x14a553ad, L:/127.0.0.1:58287 - R:localhost/127.0.0.1:41391]
01:32:13.884 [main] DEBUG net.serenitybdd.core.photography.Darkroom - Send negative for processing for target\site\serenity\3969ff932328a2eb630e797a36ca83e944dc27ad5aec7fec28f70e36b3fe995c.png
01:32:13.884 [main] DEBUG net.thucydides.core.steps.StepInterceptor - STEP DONE: inputUsername
01:32:13.884 [Darkroom Processing Line] DEBUG net.serenitybdd.core.photography.DarkroomProcessingLine - Processing screenshot image in /var/screenshots/screenshot-6919987088429274498
01:32:13.884 [Darkroom Processing Line] DEBUG net.serenitybdd.core.photography.DarkroomProcessingLine - Saving screenshot to target\site\serenity\3969ff932328a2eb630e797a36ca83e944dc27ad5aec7fec28f70e36b3fe995c.png
  &amp#27;[32mWhen &amp#27;[0m&amp#27;[32mI enter empty email&amp#27;[0m                                                             &amp#27;[90m# starter.stepdefinitions.LoginSteps.enterEmptyUsername()&amp#27;[0m
01:32:13.893 [Forwarding getPageSource on session 79bd922509c1169cf8da8845037d0e33 to remote] DEBUG org.asynchttpclient.netty.request.NettyRequestSender - Using pooled Channel '[id: 0x14a553ad, L:/127.0.0.1:58287 - R:localhost/127.0.0.1:41391]' for 'POST' to 'http://localhost:41391/session/79bd922509c1169cf8da8845037d0e33/execute/sync'
01:32:13.893 [Forwarding getPageSource on session 79bd922509c1169cf8da8845037d0e33 to remote] DEBUG org.asynchttpclient.netty.request.NettyRequestSender - Using open Channel [id: 0x14a553ad, L:/127.0.0.1:58287 - R:localhost/127.0.0.1:41391] for POST '/session/79bd922509c1169cf8da8845037d0e33/execute/sync'
01:32:13.900 [AsyncHttpClient-1-4] DEBUG org.asynchttpclient.netty.handler.HttpHandler - 

Request DefaultHttpRequest(decodeResult: success, version: HTTP/1.1)
POST /session/79bd922509c1169cf8da8845037d0e33/execute/sync HTTP/1.1
User-Agent: selenium/4.8.1 (java windows)
Content-Length: 176
Content-Type: application/json; charset=utf-8
host: localhost:41391
accept: */*

Response DefaultHttpResponse(decodeResult: success, version: HTTP/1.1)
HTTP/1.1 200 OK
Content-Length: 21737
Content-Type: application/json; charset=utf-8
cache-control: no-cache

01:32:13.900 [AsyncHttpClient-1-4] DEBUG org.asynchttpclient.netty.channel.ChannelManager - Adding key: http://localhost:41391 for channel [id: 0x14a553ad, L:/127.0.0.1:58287 - R:localhost/127.0.0.1:41391]
01:32:13.902 [Forwarding getCurrentUrl on session 79bd922509c1169cf8da8845037d0e33 to remote] DEBUG org.asynchttpclient.netty.request.NettyRequestSender - Using pooled Channel '[id: 0x14a553ad, L:/127.0.0.1:58287 - R:localhost/127.0.0.1:41391]' for 'GET' to 'http://localhost:41391/session/79bd922509c1169cf8da8845037d0e33/url'
01:32:13.902 [Forwarding getCurrentUrl on session 79bd922509c1169cf8da8845037d0e33 to remote] DEBUG org.asynchttpclient.netty.request.NettyRequestSender - Using open Channel [id: 0x14a553ad, L:/127.0.0.1:58287 - R:localhost/127.0.0.1:41391] for GET '/session/79bd922509c1169cf8da8845037d0e33/url'
01:32:13.906 [AsyncHttpClient-1-4] DEBUG org.asynchttpclient.netty.handler.HttpHandler - 

Request DefaultFullHttpRequest(decodeResult: success, version: HTTP/1.1, content: EmptyByteBufBE)
GET /session/79bd922509c1169cf8da8845037d0e33/url HTTP/1.1
User-Agent: selenium/4.8.1 (java windows)
Cache-Control: no-cache
Content-Type: application/json; charset=utf-8
host: localhost:41391
accept: */*

Response DefaultHttpResponse(decodeResult: success, version: HTTP/1.1)
HTTP/1.1 200 OK
Content-Length: 51
Content-Type: application/json; charset=utf-8
cache-control: no-cache

01:32:13.907 [AsyncHttpClient-1-4] DEBUG org.asynchttpclient.netty.channel.ChannelManager - Adding key: http://localhost:41391 for channel [id: 0x14a553ad, L:/127.0.0.1:58287 - R:localhost/127.0.0.1:41391]
01:32:13.915 [Forwarding getPageSource on session 79bd922509c1169cf8da8845037d0e33 to remote] DEBUG org.asynchttpclient.netty.request.NettyRequestSender - Using pooled Channel '[id: 0x14a553ad, L:/127.0.0.1:58287 - R:localhost/127.0.0.1:41391]' for 'POST' to 'http://localhost:41391/session/79bd922509c1169cf8da8845037d0e33/execute/sync'
01:32:13.915 [Forwarding getPageSource on session 79bd922509c1169cf8da8845037d0e33 to remote] DEBUG org.asynchttpclient.netty.request.NettyRequestSender - Using open Channel [id: 0x14a553ad, L:/127.0.0.1:58287 - R:localhost/127.0.0.1:41391] for POST '/session/79bd922509c1169cf8da8845037d0e33/execute/sync'
01:32:13.921 [AsyncHttpClient-1-4] DEBUG org.asynchttpclient.netty.handler.HttpHandler - 

Request DefaultHttpRequest(decodeResult: success, version: HTTP/1.1)
POST /session/79bd922509c1169cf8da8845037d0e33/execute/sync HTTP/1.1
User-Agent: selenium/4.8.1 (java windows)
Content-Length: 176
Content-Type: application/json; charset=utf-8
host: localhost:41391
accept: */*

Response DefaultHttpResponse(decodeResult: success, version: HTTP/1.1)
HTTP/1.1 200 OK
Content-Length: 21737
Content-Type: application/json; charset=utf-8
cache-control: no-cache

01:32:13.921 [AsyncHttpClient-1-4] DEBUG org.asynchttpclient.netty.channel.ChannelManager - Adding key: http://localhost:41391 for channel [id: 0x14a553ad, L:/127.0.0.1:58287 - R:localhost/127.0.0.1:41391]
01:32:13.924 [Forwarding getCurrentUrl on session 79bd922509c1169cf8da8845037d0e33 to remote] DEBUG org.asynchttpclient.netty.request.NettyRequestSender - Using pooled Channel '[id: 0x14a553ad, L:/127.0.0.1:58287 - R:localhost/127.0.0.1:41391]' for 'GET' to 'http://localhost:41391/session/79bd922509c1169cf8da8845037d0e33/url'
01:32:13.924 [Forwarding getCurrentUrl on session 79bd922509c1169cf8da8845037d0e33 to remote] DEBUG org.asynchttpclient.netty.request.NettyRequestSender - Using open Channel [id: 0x14a553ad, L:/127.0.0.1:58287 - R:localhost/127.0.0.1:41391] for GET '/session/79bd922509c1169cf8da8845037d0e33/url'
01:32:13.929 [AsyncHttpClient-1-4] DEBUG org.asynchttpclient.netty.handler.HttpHandler - 

Request DefaultFullHttpRequest(decodeResult: success, version: HTTP/1.1, content: EmptyByteBufBE)
GET /session/79bd922509c1169cf8da8845037d0e33/url HTTP/1.1
User-Agent: selenium/4.8.1 (java windows)
Cache-Control: no-cache
Content-Type: application/json; charset=utf-8
host: localhost:41391
accept: */*

Response DefaultHttpResponse(decodeResult: success, version: HTTP/1.1)
HTTP/1.1 200 OK
Content-Length: 51
Content-Type: application/json; charset=utf-8
cache-control: no-cache

01:32:13.929 [AsyncHttpClient-1-4] DEBUG org.asynchttpclient.netty.channel.ChannelManager - Adding key: http://localhost:41391 for channel [id: 0x14a553ad, L:/127.0.0.1:58287 - R:localhost/127.0.0.1:41391]
01:32:13.931 [main] DEBUG net.thucydides.core.steps.StepInterceptor - STARTING STEP: LoginSteps.enterEmptyPassword - inputPassword
01:32:13.933 [Forwarding findElement on session 79bd922509c1169cf8da8845037d0e33 to remote] DEBUG org.asynchttpclient.netty.request.NettyRequestSender - Using pooled Channel '[id: 0x14a553ad, L:/127.0.0.1:58287 - R:localhost/127.0.0.1:41391]' for 'POST' to 'http://localhost:41391/session/79bd922509c1169cf8da8845037d0e33/element'
01:32:13.933 [Forwarding findElement on session 79bd922509c1169cf8da8845037d0e33 to remote] DEBUG org.asynchttpclient.netty.request.NettyRequestSender - Using open Channel [id: 0x14a553ad, L:/127.0.0.1:58287 - R:localhost/127.0.0.1:41391] for POST '/session/79bd922509c1169cf8da8845037d0e33/element'
01:32:13.944 [AsyncHttpClient-1-4] DEBUG org.asynchttpclient.netty.handler.HttpHandler - 

Request DefaultHttpRequest(decodeResult: success, version: HTTP/1.1)
POST /session/79bd922509c1169cf8da8845037d0e33/element HTTP/1.1
User-Agent: selenium/4.8.1 (java windows)
Content-Length: 68
Content-Type: application/json; charset=utf-8
host: localhost:41391
accept: */*

Response DefaultHttpResponse(decodeResult: success, version: HTTP/1.1)
HTTP/1.1 200 OK
Content-Length: 88
Content-Type: application/json; charset=utf-8
cache-control: no-cache

01:32:13.944 [AsyncHttpClient-1-4] DEBUG org.asynchttpclient.netty.channel.ChannelManager - Adding key: http://localhost:41391 for channel [id: 0x14a553ad, L:/127.0.0.1:58287 - R:localhost/127.0.0.1:41391]
01:32:13.946 [Forwarding clearElement on session 79bd922509c1169cf8da8845037d0e33 to remote] DEBUG org.asynchttpclient.netty.request.NettyRequestSender - Using pooled Channel '[id: 0x14a553ad, L:/127.0.0.1:58287 - R:localhost/127.0.0.1:41391]' for 'POST' to 'http://localhost:41391/session/79bd922509c1169cf8da8845037d0e33/element/d0cda680-0d1c-4089-8239-a26d7c0f3e23/clear'
01:32:13.946 [Forwarding clearElement on session 79bd922509c1169cf8da8845037d0e33 to remote] DEBUG org.asynchttpclient.netty.request.NettyRequestSender - Using open Channel [id: 0x14a553ad, L:/127.0.0.1:58287 - R:localhost/127.0.0.1:41391] for POST '/session/79bd922509c1169cf8da8845037d0e33/element/d0cda680-0d1c-4089-8239-a26d7c0f3e23/clear'
01:32:13.981 [AsyncHttpClient-1-4] DEBUG org.asynchttpclient.netty.handler.HttpHandler - 

Request DefaultHttpRequest(decodeResult: success, version: HTTP/1.1)
POST /session/79bd922509c1169cf8da8845037d0e33/element/d0cda680-0d1c-4089-8239-a26d7c0f3e23/clear HTTP/1.1
User-Agent: selenium/4.8.1 (java windows)
Content-Length: 50
Content-Type: application/json; charset=utf-8
host: localhost:41391
accept: */*

Response DefaultHttpResponse(decodeResult: success, version: HTTP/1.1)
HTTP/1.1 200 OK
Content-Length: 14
Content-Type: application/json; charset=utf-8
cache-control: no-cache

01:32:13.982 [AsyncHttpClient-1-4] DEBUG org.asynchttpclient.netty.channel.ChannelManager - Adding key: http://localhost:41391 for channel [id: 0x14a553ad, L:/127.0.0.1:58287 - R:localhost/127.0.0.1:41391]
01:32:13.984 [Forwarding sendKeysToElement on session 79bd922509c1169cf8da8845037d0e33 to remote] DEBUG org.asynchttpclient.netty.request.NettyRequestSender - Using pooled Channel '[id: 0x14a553ad, L:/127.0.0.1:58287 - R:localhost/127.0.0.1:41391]' for 'POST' to 'http://localhost:41391/session/79bd922509c1169cf8da8845037d0e33/element/d0cda680-0d1c-4089-8239-a26d7c0f3e23/value'
01:32:13.984 [Forwarding sendKeysToElement on session 79bd922509c1169cf8da8845037d0e33 to remote] DEBUG org.asynchttpclient.netty.request.NettyRequestSender - Using open Channel [id: 0x14a553ad, L:/127.0.0.1:58287 - R:localhost/127.0.0.1:41391] for POST '/session/79bd922509c1169cf8da8845037d0e33/element/d0cda680-0d1c-4089-8239-a26d7c0f3e23/value'
01:32:14.028 [AsyncHttpClient-1-4] DEBUG org.asynchttpclient.netty.handler.HttpHandler - 

Request DefaultHttpRequest(decodeResult: success, version: HTTP/1.1)
POST /session/79bd922509c1169cf8da8845037d0e33/element/d0cda680-0d1c-4089-8239-a26d7c0f3e23/value HTTP/1.1
User-Agent: selenium/4.8.1 (java windows)
Content-Length: 82
Content-Type: application/json; charset=utf-8
host: localhost:41391
accept: */*

Response DefaultHttpResponse(decodeResult: success, version: HTTP/1.1)
HTTP/1.1 200 OK
Content-Length: 14
Content-Type: application/json; charset=utf-8
cache-control: no-cache

01:32:14.028 [AsyncHttpClient-1-4] DEBUG org.asynchttpclient.netty.channel.ChannelManager - Adding key: http://localhost:41391 for channel [id: 0x14a553ad, L:/127.0.0.1:58287 - R:localhost/127.0.0.1:41391]
01:32:14.036 [Forwarding getAlertText on session 79bd922509c1169cf8da8845037d0e33 to remote] DEBUG org.asynchttpclient.netty.request.NettyRequestSender - Using pooled Channel '[id: 0x14a553ad, L:/127.0.0.1:58287 - R:localhost/127.0.0.1:41391]' for 'GET' to 'http://localhost:41391/session/79bd922509c1169cf8da8845037d0e33/alert/text'
01:32:14.036 [Forwarding getAlertText on session 79bd922509c1169cf8da8845037d0e33 to remote] DEBUG org.asynchttpclient.netty.request.NettyRequestSender - Using open Channel [id: 0x14a553ad, L:/127.0.0.1:58287 - R:localhost/127.0.0.1:41391] for GET '/session/79bd922509c1169cf8da8845037d0e33/alert/text'
01:32:14.038 [AsyncHttpClient-1-4] DEBUG org.asynchttpclient.netty.handler.HttpHandler - 

Request DefaultFullHttpRequest(decodeResult: success, version: HTTP/1.1, content: EmptyByteBufBE)
GET /session/79bd922509c1169cf8da8845037d0e33/alert/text HTTP/1.1
User-Agent: selenium/4.8.1 (java windows)
Cache-Control: no-cache
Content-Type: application/json; charset=utf-8
host: localhost:41391
accept: */*

Response DefaultHttpResponse(decodeResult: success, version: HTTP/1.1)
HTTP/1.1 404 Not Found
Content-Length: 816
Content-Type: application/json; charset=utf-8
cache-control: no-cache

01:32:14.038 [AsyncHttpClient-1-4] DEBUG org.asynchttpclient.netty.channel.ChannelManager - Adding key: http://localhost:41391 for channel [id: 0x14a553ad, L:/127.0.0.1:58287 - R:localhost/127.0.0.1:41391]
01:32:14.039 [Forwarding getCurrentUrl on session 79bd922509c1169cf8da8845037d0e33 to remote] DEBUG org.asynchttpclient.netty.request.NettyRequestSender - Using pooled Channel '[id: 0x14a553ad, L:/127.0.0.1:58287 - R:localhost/127.0.0.1:41391]' for 'GET' to 'http://localhost:41391/session/79bd922509c1169cf8da8845037d0e33/url'
01:32:14.039 [Forwarding getCurrentUrl on session 79bd922509c1169cf8da8845037d0e33 to remote] DEBUG org.asynchttpclient.netty.request.NettyRequestSender - Using open Channel [id: 0x14a553ad, L:/127.0.0.1:58287 - R:localhost/127.0.0.1:41391] for GET '/session/79bd922509c1169cf8da8845037d0e33/url'
01:32:14.047 [AsyncHttpClient-1-4] DEBUG org.asynchttpclient.netty.handler.HttpHandler - 

Request DefaultFullHttpRequest(decodeResult: success, version: HTTP/1.1, content: EmptyByteBufBE)
GET /session/79bd922509c1169cf8da8845037d0e33/url HTTP/1.1
User-Agent: selenium/4.8.1 (java windows)
Cache-Control: no-cache
Content-Type: application/json; charset=utf-8
host: localhost:41391
accept: */*

Response DefaultHttpResponse(decodeResult: success, version: HTTP/1.1)
HTTP/1.1 200 OK
Content-Length: 51
Content-Type: application/json; charset=utf-8
cache-control: no-cache

01:32:14.047 [AsyncHttpClient-1-4] DEBUG org.asynchttpclient.netty.channel.ChannelManager - Adding key: http://localhost:41391 for channel [id: 0x14a553ad, L:/127.0.0.1:58287 - R:localhost/127.0.0.1:41391]
01:32:14.048 [Forwarding screenshot on session 79bd922509c1169cf8da8845037d0e33 to remote] DEBUG org.asynchttpclient.netty.request.NettyRequestSender - Using pooled Channel '[id: 0x14a553ad, L:/127.0.0.1:58287 - R:localhost/127.0.0.1:41391]' for 'GET' to 'http://localhost:41391/session/79bd922509c1169cf8da8845037d0e33/screenshot'
01:32:14.048 [Forwarding screenshot on session 79bd922509c1169cf8da8845037d0e33 to remote] DEBUG org.asynchttpclient.netty.request.NettyRequestSender - Using open Channel [id: 0x14a553ad, L:/127.0.0.1:58287 - R:localhost/127.0.0.1:41391] for GET '/session/79bd922509c1169cf8da8845037d0e33/screenshot'
01:32:14.174 [AsyncHttpClient-1-4] DEBUG org.asynchttpclient.netty.handler.HttpHandler - 

Request DefaultFullHttpRequest(decodeResult: success, version: HTTP/1.1, content: EmptyByteBufBE)
GET /session/79bd922509c1169cf8da8845037d0e33/screenshot HTTP/1.1
User-Agent: selenium/4.8.1 (java windows)
Cache-Control: no-cache
Content-Type: application/json; charset=utf-8
host: localhost:41391
accept: */*

Response DefaultHttpResponse(decodeResult: success, version: HTTP/1.1)
HTTP/1.1 200 OK
Content-Length: 38360
Content-Type: application/json; charset=utf-8
cache-control: no-cache

01:32:14.174 [AsyncHttpClient-1-4] DEBUG org.asynchttpclient.netty.channel.ChannelManager - Adding key: http://localhost:41391 for channel [id: 0x14a553ad, L:/127.0.0.1:58287 - R:localhost/127.0.0.1:41391]
01:32:14.177 [main] DEBUG net.serenitybdd.core.photography.Darkroom - Send negative for processing for target\site\serenity\842ff729f5c90bfb87edf97f95eb607c643301ead5394c4342185b1a08c47c78.png
01:32:14.177 [main] DEBUG net.thucydides.core.steps.StepInterceptor - STEP DONE: inputPassword
01:32:14.177 [Darkroom Processing Line] DEBUG net.serenitybdd.core.photography.DarkroomProcessingLine - Processing screenshot image in /var/screenshots/screenshot-6817870434071147073
01:32:14.177 [Darkroom Processing Line] DEBUG net.serenitybdd.core.photography.DarkroomProcessingLine - Saving screenshot to target\site\serenity\842ff729f5c90bfb87edf97f95eb607c643301ead5394c4342185b1a08c47c78.png
  &amp#27;[32mAnd &amp#27;[0m&amp#27;[32mI enter empty password&amp#27;[0m                                                           &amp#27;[90m# starter.stepdefinitions.LoginSteps.enterEmptyPassword()&amp#27;[0m
01:32:14.185 [Forwarding getPageSource on session 79bd922509c1169cf8da8845037d0e33 to remote] DEBUG org.asynchttpclient.netty.request.NettyRequestSender - Using pooled Channel '[id: 0x14a553ad, L:/127.0.0.1:58287 - R:localhost/127.0.0.1:41391]' for 'POST' to 'http://localhost:41391/session/79bd922509c1169cf8da8845037d0e33/execute/sync'
01:32:14.185 [Forwarding getPageSource on session 79bd922509c1169cf8da8845037d0e33 to remote] DEBUG org.asynchttpclient.netty.request.NettyRequestSender - Using open Channel [id: 0x14a553ad, L:/127.0.0.1:58287 - R:localhost/127.0.0.1:41391] for POST '/session/79bd922509c1169cf8da8845037d0e33/execute/sync'
01:32:14.193 [AsyncHttpClient-1-4] DEBUG org.asynchttpclient.netty.handler.HttpHandler - 

Request DefaultHttpRequest(decodeResult: success, version: HTTP/1.1)
POST /session/79bd922509c1169cf8da8845037d0e33/execute/sync HTTP/1.1
User-Agent: selenium/4.8.1 (java windows)
Content-Length: 176
Content-Type: application/json; charset=utf-8
host: localhost:41391
accept: */*

Response DefaultHttpResponse(decodeResult: success, version: HTTP/1.1)
HTTP/1.1 200 OK
Content-Length: 21737
Content-Type: application/json; charset=utf-8
cache-control: no-cache

01:32:14.193 [AsyncHttpClient-1-4] DEBUG org.asynchttpclient.netty.channel.ChannelManager - Adding key: http://localhost:41391 for channel [id: 0x14a553ad, L:/127.0.0.1:58287 - R:localhost/127.0.0.1:41391]
01:32:14.196 [Forwarding getCurrentUrl on session 79bd922509c1169cf8da8845037d0e33 to remote] DEBUG org.asynchttpclient.netty.request.NettyRequestSender - Using pooled Channel '[id: 0x14a553ad, L:/127.0.0.1:58287 - R:localhost/127.0.0.1:41391]' for 'GET' to 'http://localhost:41391/session/79bd922509c1169cf8da8845037d0e33/url'
01:32:14.196 [Forwarding getCurrentUrl on session 79bd922509c1169cf8da8845037d0e33 to remote] DEBUG org.asynchttpclient.netty.request.NettyRequestSender - Using open Channel [id: 0x14a553ad, L:/127.0.0.1:58287 - R:localhost/127.0.0.1:41391] for GET '/session/79bd922509c1169cf8da8845037d0e33/url'
01:32:14.200 [AsyncHttpClient-1-4] DEBUG org.asynchttpclient.netty.handler.HttpHandler - 

Request DefaultFullHttpRequest(decodeResult: success, version: HTTP/1.1, content: EmptyByteBufBE)
GET /session/79bd922509c1169cf8da8845037d0e33/url HTTP/1.1
User-Agent: selenium/4.8.1 (java windows)
Cache-Control: no-cache
Content-Type: application/json; charset=utf-8
host: localhost:41391
accept: */*

Response DefaultHttpResponse(decodeResult: success, version: HTTP/1.1)
HTTP/1.1 200 OK
Content-Length: 51
Content-Type: application/json; charset=utf-8
cache-control: no-cache

01:32:14.201 [AsyncHttpClient-1-4] DEBUG org.asynchttpclient.netty.channel.ChannelManager - Adding key: http://localhost:41391 for channel [id: 0x14a553ad, L:/127.0.0.1:58287 - R:localhost/127.0.0.1:41391]
01:32:14.209 [Forwarding getPageSource on session 79bd922509c1169cf8da8845037d0e33 to remote] DEBUG org.asynchttpclient.netty.request.NettyRequestSender - Using pooled Channel '[id: 0x14a553ad, L:/127.0.0.1:58287 - R:localhost/127.0.0.1:41391]' for 'POST' to 'http://localhost:41391/session/79bd922509c1169cf8da8845037d0e33/execute/sync'
01:32:14.209 [Forwarding getPageSource on session 79bd922509c1169cf8da8845037d0e33 to remote] DEBUG org.asynchttpclient.netty.request.NettyRequestSender - Using open Channel [id: 0x14a553ad, L:/127.0.0.1:58287 - R:localhost/127.0.0.1:41391] for POST '/session/79bd922509c1169cf8da8845037d0e33/execute/sync'
01:32:14.215 [AsyncHttpClient-1-4] DEBUG org.asynchttpclient.netty.handler.HttpHandler - 

Request DefaultHttpRequest(decodeResult: success, version: HTTP/1.1)
POST /session/79bd922509c1169cf8da8845037d0e33/execute/sync HTTP/1.1
User-Agent: selenium/4.8.1 (java windows)
Content-Length: 176
Content-Type: application/json; charset=utf-8
host: localhost:41391
accept: */*

Response DefaultHttpResponse(decodeResult: success, version: HTTP/1.1)
HTTP/1.1 200 OK
Content-Length: 21737
Content-Type: application/json; charset=utf-8
cache-control: no-cache

01:32:14.215 [AsyncHttpClient-1-4] DEBUG org.asynchttpclient.netty.channel.ChannelManager - Adding key: http://localhost:41391 for channel [id: 0x14a553ad, L:/127.0.0.1:58287 - R:localhost/127.0.0.1:41391]
01:32:14.218 [Forwarding getCurrentUrl on session 79bd922509c1169cf8da8845037d0e33 to remote] DEBUG org.asynchttpclient.netty.request.NettyRequestSender - Using pooled Channel '[id: 0x14a553ad, L:/127.0.0.1:58287 - R:localhost/127.0.0.1:41391]' for 'GET' to 'http://localhost:41391/session/79bd922509c1169cf8da8845037d0e33/url'
01:32:14.218 [Forwarding getCurrentUrl on session 79bd922509c1169cf8da8845037d0e33 to remote] DEBUG org.asynchttpclient.netty.request.NettyRequestSender - Using open Channel [id: 0x14a553ad, L:/127.0.0.1:58287 - R:localhost/127.0.0.1:41391] for GET '/session/79bd922509c1169cf8da8845037d0e33/url'
01:32:14.223 [AsyncHttpClient-1-4] DEBUG org.asynchttpclient.netty.handler.HttpHandler - 

Request DefaultFullHttpRequest(decodeResult: success, version: HTTP/1.1, content: EmptyByteBufBE)
GET /session/79bd922509c1169cf8da8845037d0e33/url HTTP/1.1
User-Agent: selenium/4.8.1 (java windows)
Cache-Control: no-cache
Content-Type: application/json; charset=utf-8
host: localhost:41391
accept: */*

Response DefaultHttpResponse(decodeResult: success, version: HTTP/1.1)
HTTP/1.1 200 OK
Content-Length: 51
Content-Type: application/json; charset=utf-8
cache-control: no-cache

01:32:14.223 [AsyncHttpClient-1-4] DEBUG org.asynchttpclient.netty.channel.ChannelManager - Adding key: http://localhost:41391 for channel [id: 0x14a553ad, L:/127.0.0.1:58287 - R:localhost/127.0.0.1:41391]
01:32:14.226 [main] DEBUG net.thucydides.core.steps.StepInterceptor - STARTING STEP: LoginSteps.clickLoginButton - clickLoginButton
01:32:14.230 [Forwarding findElement on session 79bd922509c1169cf8da8845037d0e33 to remote] DEBUG org.asynchttpclient.netty.request.NettyRequestSender - Using pooled Channel '[id: 0x14a553ad, L:/127.0.0.1:58287 - R:localhost/127.0.0.1:41391]' for 'POST' to 'http://localhost:41391/session/79bd922509c1169cf8da8845037d0e33/element'
01:32:14.230 [Forwarding findElement on session 79bd922509c1169cf8da8845037d0e33 to remote] DEBUG org.asynchttpclient.netty.request.NettyRequestSender - Using open Channel [id: 0x14a553ad, L:/127.0.0.1:58287 - R:localhost/127.0.0.1:41391] for POST '/session/79bd922509c1169cf8da8845037d0e33/element'
01:32:14.238 [AsyncHttpClient-1-4] DEBUG org.asynchttpclient.netty.handler.HttpHandler - 

Request DefaultHttpRequest(decodeResult: success, version: HTTP/1.1)
POST /session/79bd922509c1169cf8da8845037d0e33/element HTTP/1.1
User-Agent: selenium/4.8.1 (java windows)
Content-Length: 165
Content-Type: application/json; charset=utf-8
host: localhost:41391
accept: */*

Response DefaultHttpResponse(decodeResult: success, version: HTTP/1.1)
HTTP/1.1 200 OK
Content-Length: 88
Content-Type: application/json; charset=utf-8
cache-control: no-cache

01:32:14.238 [AsyncHttpClient-1-4] DEBUG org.asynchttpclient.netty.channel.ChannelManager - Adding key: http://localhost:41391 for channel [id: 0x14a553ad, L:/127.0.0.1:58287 - R:localhost/127.0.0.1:41391]
01:32:14.239 [Forwarding getElementTagName on session 79bd922509c1169cf8da8845037d0e33 to remote] DEBUG org.asynchttpclient.netty.request.NettyRequestSender - Using pooled Channel '[id: 0x14a553ad, L:/127.0.0.1:58287 - R:localhost/127.0.0.1:41391]' for 'GET' to 'http://localhost:41391/session/79bd922509c1169cf8da8845037d0e33/element/50df19e9-2251-4cd5-a87f-a0875931b966/name'
01:32:14.239 [Forwarding getElementTagName on session 79bd922509c1169cf8da8845037d0e33 to remote] DEBUG org.asynchttpclient.netty.request.NettyRequestSender - Using open Channel [id: 0x14a553ad, L:/127.0.0.1:58287 - R:localhost/127.0.0.1:41391] for GET '/session/79bd922509c1169cf8da8845037d0e33/element/50df19e9-2251-4cd5-a87f-a0875931b966/name'
01:32:14.246 [AsyncHttpClient-1-4] DEBUG org.asynchttpclient.netty.handler.HttpHandler - 

Request DefaultFullHttpRequest(decodeResult: success, version: HTTP/1.1, content: EmptyByteBufBE)
GET /session/79bd922509c1169cf8da8845037d0e33/element/50df19e9-2251-4cd5-a87f-a0875931b966/name HTTP/1.1
User-Agent: selenium/4.8.1 (java windows)
Cache-Control: no-cache
Content-Type: application/json; charset=utf-8
host: localhost:41391
accept: */*

Response DefaultHttpResponse(decodeResult: success, version: HTTP/1.1)
HTTP/1.1 200 OK
Content-Length: 16
Content-Type: application/json; charset=utf-8
cache-control: no-cache

01:32:14.246 [AsyncHttpClient-1-4] DEBUG org.asynchttpclient.netty.channel.ChannelManager - Adding key: http://localhost:41391 for channel [id: 0x14a553ad, L:/127.0.0.1:58287 - R:localhost/127.0.0.1:41391]
01:32:14.248 [Forwarding getElementTagName on session 79bd922509c1169cf8da8845037d0e33 to remote] DEBUG org.asynchttpclient.netty.request.NettyRequestSender - Using pooled Channel '[id: 0x14a553ad, L:/127.0.0.1:58287 - R:localhost/127.0.0.1:41391]' for 'GET' to 'http://localhost:41391/session/79bd922509c1169cf8da8845037d0e33/element/50df19e9-2251-4cd5-a87f-a0875931b966/name'
01:32:14.248 [Forwarding getElementTagName on session 79bd922509c1169cf8da8845037d0e33 to remote] DEBUG org.asynchttpclient.netty.request.NettyRequestSender - Using open Channel [id: 0x14a553ad, L:/127.0.0.1:58287 - R:localhost/127.0.0.1:41391] for GET '/session/79bd922509c1169cf8da8845037d0e33/element/50df19e9-2251-4cd5-a87f-a0875931b966/name'
01:32:14.251 [AsyncHttpClient-1-4] DEBUG org.asynchttpclient.netty.handler.HttpHandler - 

Request DefaultFullHttpRequest(decodeResult: success, version: HTTP/1.1, content: EmptyByteBufBE)
GET /session/79bd922509c1169cf8da8845037d0e33/element/50df19e9-2251-4cd5-a87f-a0875931b966/name HTTP/1.1
User-Agent: selenium/4.8.1 (java windows)
Cache-Control: no-cache
Content-Type: application/json; charset=utf-8
host: localhost:41391
accept: */*

Response DefaultHttpResponse(decodeResult: success, version: HTTP/1.1)
HTTP/1.1 200 OK
Content-Length: 16
Content-Type: application/json; charset=utf-8
cache-control: no-cache

01:32:14.251 [AsyncHttpClient-1-4] DEBUG org.asynchttpclient.netty.channel.ChannelManager - Adding key: http://localhost:41391 for channel [id: 0x14a553ad, L:/127.0.0.1:58287 - R:localhost/127.0.0.1:41391]
01:32:14.253 [Forwarding findElement on session 79bd922509c1169cf8da8845037d0e33 to remote] DEBUG org.asynchttpclient.netty.request.NettyRequestSender - Using pooled Channel '[id: 0x14a553ad, L:/127.0.0.1:58287 - R:localhost/127.0.0.1:41391]' for 'POST' to 'http://localhost:41391/session/79bd922509c1169cf8da8845037d0e33/element'
01:32:14.253 [Forwarding findElement on session 79bd922509c1169cf8da8845037d0e33 to remote] DEBUG org.asynchttpclient.netty.request.NettyRequestSender - Using open Channel [id: 0x14a553ad, L:/127.0.0.1:58287 - R:localhost/127.0.0.1:41391] for POST '/session/79bd922509c1169cf8da8845037d0e33/element'
01:32:14.262 [AsyncHttpClient-1-4] DEBUG org.asynchttpclient.netty.handler.HttpHandler - 

Request DefaultHttpRequest(decodeResult: success, version: HTTP/1.1)
POST /session/79bd922509c1169cf8da8845037d0e33/element HTTP/1.1
User-Agent: selenium/4.8.1 (java windows)
Content-Length: 165
Content-Type: application/json; charset=utf-8
host: localhost:41391
accept: */*

Response DefaultHttpResponse(decodeResult: success, version: HTTP/1.1)
HTTP/1.1 200 OK
Content-Length: 88
Content-Type: application/json; charset=utf-8
cache-control: no-cache

01:32:14.262 [AsyncHttpClient-1-4] DEBUG org.asynchttpclient.netty.channel.ChannelManager - Adding key: http://localhost:41391 for channel [id: 0x14a553ad, L:/127.0.0.1:58287 - R:localhost/127.0.0.1:41391]
01:32:14.263 [Forwarding clickElement on session 79bd922509c1169cf8da8845037d0e33 to remote] DEBUG org.asynchttpclient.netty.request.NettyRequestSender - Using pooled Channel '[id: 0x14a553ad, L:/127.0.0.1:58287 - R:localhost/127.0.0.1:41391]' for 'POST' to 'http://localhost:41391/session/79bd922509c1169cf8da8845037d0e33/element/50df19e9-2251-4cd5-a87f-a0875931b966/click'
01:32:14.263 [Forwarding clickElement on session 79bd922509c1169cf8da8845037d0e33 to remote] DEBUG org.asynchttpclient.netty.request.NettyRequestSender - Using open Channel [id: 0x14a553ad, L:/127.0.0.1:58287 - R:localhost/127.0.0.1:41391] for POST '/session/79bd922509c1169cf8da8845037d0e33/element/50df19e9-2251-4cd5-a87f-a0875931b966/click'
01:32:14.323 [AsyncHttpClient-1-4] DEBUG org.asynchttpclient.netty.handler.HttpHandler - 

Request DefaultHttpRequest(decodeResult: success, version: HTTP/1.1)
POST /session/79bd922509c1169cf8da8845037d0e33/element/50df19e9-2251-4cd5-a87f-a0875931b966/click HTTP/1.1
User-Agent: selenium/4.8.1 (java windows)
Content-Length: 50
Content-Type: application/json; charset=utf-8
host: localhost:41391
accept: */*

Response DefaultHttpResponse(decodeResult: success, version: HTTP/1.1)
HTTP/1.1 200 OK
Content-Length: 14
Content-Type: application/json; charset=utf-8
cache-control: no-cache

01:32:14.323 [AsyncHttpClient-1-4] DEBUG org.asynchttpclient.netty.channel.ChannelManager - Adding key: http://localhost:41391 for channel [id: 0x14a553ad, L:/127.0.0.1:58287 - R:localhost/127.0.0.1:41391]
01:32:14.332 [Forwarding getAlertText on session 79bd922509c1169cf8da8845037d0e33 to remote] DEBUG org.asynchttpclient.netty.request.NettyRequestSender - Using pooled Channel '[id: 0x14a553ad, L:/127.0.0.1:58287 - R:localhost/127.0.0.1:41391]' for 'GET' to 'http://localhost:41391/session/79bd922509c1169cf8da8845037d0e33/alert/text'
01:32:14.332 [Forwarding getAlertText on session 79bd922509c1169cf8da8845037d0e33 to remote] DEBUG org.asynchttpclient.netty.request.NettyRequestSender - Using open Channel [id: 0x14a553ad, L:/127.0.0.1:58287 - R:localhost/127.0.0.1:41391] for GET '/session/79bd922509c1169cf8da8845037d0e33/alert/text'
01:32:14.334 [AsyncHttpClient-1-4] DEBUG org.asynchttpclient.netty.handler.HttpHandler - 

Request DefaultFullHttpRequest(decodeResult: success, version: HTTP/1.1, content: EmptyByteBufBE)
GET /session/79bd922509c1169cf8da8845037d0e33/alert/text HTTP/1.1
User-Agent: selenium/4.8.1 (java windows)
Cache-Control: no-cache
Content-Type: application/json; charset=utf-8
host: localhost:41391
accept: */*

Response DefaultHttpResponse(decodeResult: success, version: HTTP/1.1)
HTTP/1.1 404 Not Found
Content-Length: 816
Content-Type: application/json; charset=utf-8
cache-control: no-cache

01:32:14.334 [AsyncHttpClient-1-4] DEBUG org.asynchttpclient.netty.channel.ChannelManager - Adding key: http://localhost:41391 for channel [id: 0x14a553ad, L:/127.0.0.1:58287 - R:localhost/127.0.0.1:41391]
01:32:14.335 [Forwarding getCurrentUrl on session 79bd922509c1169cf8da8845037d0e33 to remote] DEBUG org.asynchttpclient.netty.request.NettyRequestSender - Using pooled Channel '[id: 0x14a553ad, L:/127.0.0.1:58287 - R:localhost/127.0.0.1:41391]' for 'GET' to 'http://localhost:41391/session/79bd922509c1169cf8da8845037d0e33/url'
01:32:14.335 [Forwarding getCurrentUrl on session 79bd922509c1169cf8da8845037d0e33 to remote] DEBUG org.asynchttpclient.netty.request.NettyRequestSender - Using open Channel [id: 0x14a553ad, L:/127.0.0.1:58287 - R:localhost/127.0.0.1:41391] for GET '/session/79bd922509c1169cf8da8845037d0e33/url'
01:32:14.339 [AsyncHttpClient-1-4] DEBUG org.asynchttpclient.netty.handler.HttpHandler - 

Request DefaultFullHttpRequest(decodeResult: success, version: HTTP/1.1, content: EmptyByteBufBE)
GET /session/79bd922509c1169cf8da8845037d0e33/url HTTP/1.1
User-Agent: selenium/4.8.1 (java windows)
Cache-Control: no-cache
Content-Type: application/json; charset=utf-8
host: localhost:41391
accept: */*

Response DefaultHttpResponse(decodeResult: success, version: HTTP/1.1)
HTTP/1.1 200 OK
Content-Length: 51
Content-Type: application/json; charset=utf-8
cache-control: no-cache

01:32:14.339 [AsyncHttpClient-1-4] DEBUG org.asynchttpclient.netty.channel.ChannelManager - Adding key: http://localhost:41391 for channel [id: 0x14a553ad, L:/127.0.0.1:58287 - R:localhost/127.0.0.1:41391]
01:32:14.341 [Forwarding screenshot on session 79bd922509c1169cf8da8845037d0e33 to remote] DEBUG org.asynchttpclient.netty.request.NettyRequestSender - Using pooled Channel '[id: 0x14a553ad, L:/127.0.0.1:58287 - R:localhost/127.0.0.1:41391]' for 'GET' to 'http://localhost:41391/session/79bd922509c1169cf8da8845037d0e33/screenshot'
01:32:14.341 [Forwarding screenshot on session 79bd922509c1169cf8da8845037d0e33 to remote] DEBUG org.asynchttpclient.netty.request.NettyRequestSender - Using open Channel [id: 0x14a553ad, L:/127.0.0.1:58287 - R:localhost/127.0.0.1:41391] for GET '/session/79bd922509c1169cf8da8845037d0e33/screenshot'
01:32:14.393 [AsyncHttpClient-1-1] DEBUG org.asynchttpclient.netty.channel.DefaultChannelPool - Entry count for : http://localhost:58288 : 1
01:32:14.638 [AsyncHttpClient-1-4] DEBUG org.asynchttpclient.netty.handler.HttpHandler - 

Request DefaultFullHttpRequest(decodeResult: success, version: HTTP/1.1, content: EmptyByteBufBE)
GET /session/79bd922509c1169cf8da8845037d0e33/screenshot HTTP/1.1
User-Agent: selenium/4.8.1 (java windows)
Cache-Control: no-cache
Content-Type: application/json; charset=utf-8
host: localhost:41391
accept: */*

Response DefaultHttpResponse(decodeResult: success, version: HTTP/1.1)
HTTP/1.1 200 OK
Content-Length: 38300
Content-Type: application/json; charset=utf-8
cache-control: no-cache

01:32:14.638 [AsyncHttpClient-1-4] DEBUG org.asynchttpclient.netty.channel.ChannelManager - Adding key: http://localhost:41391 for channel [id: 0x14a553ad, L:/127.0.0.1:58287 - R:localhost/127.0.0.1:41391]
01:32:14.640 [main] DEBUG net.serenitybdd.core.photography.Darkroom - Send negative for processing for target\site\serenity\63931acf21d3bf19036f1d225bc18735efdf2baa4b3d37f818d7c23bdcf58c25.png
01:32:14.641 [main] DEBUG net.thucydides.core.steps.StepInterceptor - STEP DONE: clickLoginButton
01:32:14.641 [Darkroom Processing Line] DEBUG net.serenitybdd.core.photography.DarkroomProcessingLine - Processing screenshot image in /var/screenshots/screenshot-6762302705478031046
  &amp#27;[32mAnd &amp#27;[0m&amp#27;[32mI click login button&amp#27;[0m                                                             &amp#27;[90m# starter.stepdefinitions.LoginSteps.clickLoginButton()&amp#27;[0m
01:32:14.641 [Darkroom Processing Line] DEBUG net.serenitybdd.core.photography.DarkroomProcessingLine - Saving screenshot to target\site\serenity\63931acf21d3bf19036f1d225bc18735efdf2baa4b3d37f818d7c23bdcf58c25.png
01:32:14.650 [Forwarding getPageSource on session 79bd922509c1169cf8da8845037d0e33 to remote] DEBUG org.asynchttpclient.netty.request.NettyRequestSender - Using pooled Channel '[id: 0x14a553ad, L:/127.0.0.1:58287 - R:localhost/127.0.0.1:41391]' for 'POST' to 'http://localhost:41391/session/79bd922509c1169cf8da8845037d0e33/execute/sync'
01:32:14.650 [Forwarding getPageSource on session 79bd922509c1169cf8da8845037d0e33 to remote] DEBUG org.asynchttpclient.netty.request.NettyRequestSender - Using open Channel [id: 0x14a553ad, L:/127.0.0.1:58287 - R:localhost/127.0.0.1:41391] for POST '/session/79bd922509c1169cf8da8845037d0e33/execute/sync'
01:32:14.655 [AsyncHttpClient-1-4] DEBUG org.asynchttpclient.netty.handler.HttpHandler - 

Request DefaultHttpRequest(decodeResult: success, version: HTTP/1.1)
POST /session/79bd922509c1169cf8da8845037d0e33/execute/sync HTTP/1.1
User-Agent: selenium/4.8.1 (java windows)
Content-Length: 176
Content-Type: application/json; charset=utf-8
host: localhost:41391
accept: */*

Response DefaultHttpResponse(decodeResult: success, version: HTTP/1.1)
HTTP/1.1 200 OK
Content-Length: 22452
Content-Type: application/json; charset=utf-8
cache-control: no-cache

01:32:14.655 [AsyncHttpClient-1-4] DEBUG org.asynchttpclient.netty.channel.ChannelManager - Adding key: http://localhost:41391 for channel [id: 0x14a553ad, L:/127.0.0.1:58287 - R:localhost/127.0.0.1:41391]
01:32:14.658 [Forwarding getCurrentUrl on session 79bd922509c1169cf8da8845037d0e33 to remote] DEBUG org.asynchttpclient.netty.request.NettyRequestSender - Using pooled Channel '[id: 0x14a553ad, L:/127.0.0.1:58287 - R:localhost/127.0.0.1:41391]' for 'GET' to 'http://localhost:41391/session/79bd922509c1169cf8da8845037d0e33/url'
01:32:14.658 [Forwarding getCurrentUrl on session 79bd922509c1169cf8da8845037d0e33 to remote] DEBUG org.asynchttpclient.netty.request.NettyRequestSender - Using open Channel [id: 0x14a553ad, L:/127.0.0.1:58287 - R:localhost/127.0.0.1:41391] for GET '/session/79bd922509c1169cf8da8845037d0e33/url'
01:32:14.662 [AsyncHttpClient-1-4] DEBUG org.asynchttpclient.netty.handler.HttpHandler - 

Request DefaultFullHttpRequest(decodeResult: success, version: HTTP/1.1, content: EmptyByteBufBE)
GET /session/79bd922509c1169cf8da8845037d0e33/url HTTP/1.1
User-Agent: selenium/4.8.1 (java windows)
Cache-Control: no-cache
Content-Type: application/json; charset=utf-8
host: localhost:41391
accept: */*

Response DefaultHttpResponse(decodeResult: success, version: HTTP/1.1)
HTTP/1.1 200 OK
Content-Length: 51
Content-Type: application/json; charset=utf-8
cache-control: no-cache

01:32:14.662 [AsyncHttpClient-1-4] DEBUG org.asynchttpclient.netty.channel.ChannelManager - Adding key: http://localhost:41391 for channel [id: 0x14a553ad, L:/127.0.0.1:58287 - R:localhost/127.0.0.1:41391]
01:32:14.669 [Forwarding getPageSource on session 79bd922509c1169cf8da8845037d0e33 to remote] DEBUG org.asynchttpclient.netty.request.NettyRequestSender - Using pooled Channel '[id: 0x14a553ad, L:/127.0.0.1:58287 - R:localhost/127.0.0.1:41391]' for 'POST' to 'http://localhost:41391/session/79bd922509c1169cf8da8845037d0e33/execute/sync'
01:32:14.669 [Forwarding getPageSource on session 79bd922509c1169cf8da8845037d0e33 to remote] DEBUG org.asynchttpclient.netty.request.NettyRequestSender - Using open Channel [id: 0x14a553ad, L:/127.0.0.1:58287 - R:localhost/127.0.0.1:41391] for POST '/session/79bd922509c1169cf8da8845037d0e33/execute/sync'
01:32:14.676 [AsyncHttpClient-1-4] DEBUG org.asynchttpclient.netty.handler.HttpHandler - 

Request DefaultHttpRequest(decodeResult: success, version: HTTP/1.1)
POST /session/79bd922509c1169cf8da8845037d0e33/execute/sync HTTP/1.1
User-Agent: selenium/4.8.1 (java windows)
Content-Length: 176
Content-Type: application/json; charset=utf-8
host: localhost:41391
accept: */*

Response DefaultHttpResponse(decodeResult: success, version: HTTP/1.1)
HTTP/1.1 200 OK
Content-Length: 22452
Content-Type: application/json; charset=utf-8
cache-control: no-cache

01:32:14.676 [AsyncHttpClient-1-4] DEBUG org.asynchttpclient.netty.channel.ChannelManager - Adding key: http://localhost:41391 for channel [id: 0x14a553ad, L:/127.0.0.1:58287 - R:localhost/127.0.0.1:41391]
01:32:14.678 [Forwarding getCurrentUrl on session 79bd922509c1169cf8da8845037d0e33 to remote] DEBUG org.asynchttpclient.netty.request.NettyRequestSender - Using pooled Channel '[id: 0x14a553ad, L:/127.0.0.1:58287 - R:localhost/127.0.0.1:41391]' for 'GET' to 'http://localhost:41391/session/79bd922509c1169cf8da8845037d0e33/url'
01:32:14.678 [Forwarding getCurrentUrl on session 79bd922509c1169cf8da8845037d0e33 to remote] DEBUG org.asynchttpclient.netty.request.NettyRequestSender - Using open Channel [id: 0x14a553ad, L:/127.0.0.1:58287 - R:localhost/127.0.0.1:41391] for GET '/session/79bd922509c1169cf8da8845037d0e33/url'
01:32:14.682 [AsyncHttpClient-1-4] DEBUG org.asynchttpclient.netty.handler.HttpHandler - 

Request DefaultFullHttpRequest(decodeResult: success, version: HTTP/1.1, content: EmptyByteBufBE)
GET /session/79bd922509c1169cf8da8845037d0e33/url HTTP/1.1
User-Agent: selenium/4.8.1 (java windows)
Cache-Control: no-cache
Content-Type: application/json; charset=utf-8
host: localhost:41391
accept: */*

Response DefaultHttpResponse(decodeResult: success, version: HTTP/1.1)
HTTP/1.1 200 OK
Content-Length: 51
Content-Type: application/json; charset=utf-8
cache-control: no-cache

01:32:14.682 [AsyncHttpClient-1-4] DEBUG org.asynchttpclient.netty.channel.ChannelManager - Adding key: http://localhost:41391 for channel [id: 0x14a553ad, L:/127.0.0.1:58287 - R:localhost/127.0.0.1:41391]
01:32:14.684 [main] DEBUG net.thucydides.core.steps.StepInterceptor - STARTING STEP: LoginSteps.cantTheProductPage - validateOnTheLoginPage
01:32:14.686 [Forwarding findElement on session 79bd922509c1169cf8da8845037d0e33 to remote] DEBUG org.asynchttpclient.netty.request.NettyRequestSender - Using pooled Channel '[id: 0x14a553ad, L:/127.0.0.1:58287 - R:localhost/127.0.0.1:41391]' for 'POST' to 'http://localhost:41391/session/79bd922509c1169cf8da8845037d0e33/element'
01:32:14.686 [Forwarding findElement on session 79bd922509c1169cf8da8845037d0e33 to remote] DEBUG org.asynchttpclient.netty.request.NettyRequestSender - Using open Channel [id: 0x14a553ad, L:/127.0.0.1:58287 - R:localhost/127.0.0.1:41391] for POST '/session/79bd922509c1169cf8da8845037d0e33/element'
01:32:14.694 [AsyncHttpClient-1-4] DEBUG org.asynchttpclient.netty.handler.HttpHandler - 

Request DefaultHttpRequest(decodeResult: success, version: HTTP/1.1)
POST /session/79bd922509c1169cf8da8845037d0e33/element HTTP/1.1
User-Agent: selenium/4.8.1 (java windows)
Content-Length: 165
Content-Type: application/json; charset=utf-8
host: localhost:41391
accept: */*

Response DefaultHttpResponse(decodeResult: success, version: HTTP/1.1)
HTTP/1.1 200 OK
Content-Length: 88
Content-Type: application/json; charset=utf-8
cache-control: no-cache

01:32:14.694 [AsyncHttpClient-1-4] DEBUG org.asynchttpclient.netty.channel.ChannelManager - Adding key: http://localhost:41391 for channel [id: 0x14a553ad, L:/127.0.0.1:58287 - R:localhost/127.0.0.1:41391]
01:32:14.697 [Forwarding isElementDisplayed on session 79bd922509c1169cf8da8845037d0e33 to remote] DEBUG org.asynchttpclient.netty.request.NettyRequestSender - Using pooled Channel '[id: 0x14a553ad, L:/127.0.0.1:58287 - R:localhost/127.0.0.1:41391]' for 'POST' to 'http://localhost:41391/session/79bd922509c1169cf8da8845037d0e33/execute/sync'
01:32:14.697 [Forwarding isElementDisplayed on session 79bd922509c1169cf8da8845037d0e33 to remote] DEBUG org.asynchttpclient.netty.request.NettyRequestSender - Using open Channel [id: 0x14a553ad, L:/127.0.0.1:58287 - R:localhost/127.0.0.1:41391] for POST '/session/79bd922509c1169cf8da8845037d0e33/execute/sync'
01:32:14.713 [AsyncHttpClient-1-4] DEBUG org.asynchttpclient.netty.handler.HttpHandler - 

Request DefaultHttpRequest(decodeResult: success, version: HTTP/1.1)
POST /session/79bd922509c1169cf8da8845037d0e33/execute/sync HTTP/1.1
User-Agent: selenium/4.8.1 (java windows)
Content-Length: 48807
Content-Type: application/json; charset=utf-8
host: localhost:41391
accept: */*

Response DefaultHttpResponse(decodeResult: success, version: HTTP/1.1)
HTTP/1.1 200 OK
Content-Length: 14
Content-Type: application/json; charset=utf-8
cache-control: no-cache

01:32:14.713 [AsyncHttpClient-1-4] DEBUG org.asynchttpclient.netty.channel.ChannelManager - Adding key: http://localhost:41391 for channel [id: 0x14a553ad, L:/127.0.0.1:58287 - R:localhost/127.0.0.1:41391]
01:32:14.717 [Forwarding getAlertText on session 79bd922509c1169cf8da8845037d0e33 to remote] DEBUG org.asynchttpclient.netty.request.NettyRequestSender - Using pooled Channel '[id: 0x14a553ad, L:/127.0.0.1:58287 - R:localhost/127.0.0.1:41391]' for 'GET' to 'http://localhost:41391/session/79bd922509c1169cf8da8845037d0e33/alert/text'
01:32:14.717 [Forwarding getAlertText on session 79bd922509c1169cf8da8845037d0e33 to remote] DEBUG org.asynchttpclient.netty.request.NettyRequestSender - Using open Channel [id: 0x14a553ad, L:/127.0.0.1:58287 - R:localhost/127.0.0.1:41391] for GET '/session/79bd922509c1169cf8da8845037d0e33/alert/text'
01:32:14.719 [AsyncHttpClient-1-4] DEBUG org.asynchttpclient.netty.handler.HttpHandler - 

Request DefaultFullHttpRequest(decodeResult: success, version: HTTP/1.1, content: EmptyByteBufBE)
GET /session/79bd922509c1169cf8da8845037d0e33/alert/text HTTP/1.1
User-Agent: selenium/4.8.1 (java windows)
Cache-Control: no-cache
Content-Type: application/json; charset=utf-8
host: localhost:41391
accept: */*

Response DefaultHttpResponse(decodeResult: success, version: HTTP/1.1)
HTTP/1.1 404 Not Found
Content-Length: 816
Content-Type: application/json; charset=utf-8
cache-control: no-cache

01:32:14.719 [AsyncHttpClient-1-4] DEBUG org.asynchttpclient.netty.channel.ChannelManager - Adding key: http://localhost:41391 for channel [id: 0x14a553ad, L:/127.0.0.1:58287 - R:localhost/127.0.0.1:41391]
01:32:14.720 [Forwarding getCurrentUrl on session 79bd922509c1169cf8da8845037d0e33 to remote] DEBUG org.asynchttpclient.netty.request.NettyRequestSender - Using pooled Channel '[id: 0x14a553ad, L:/127.0.0.1:58287 - R:localhost/127.0.0.1:41391]' for 'GET' to 'http://localhost:41391/session/79bd922509c1169cf8da8845037d0e33/url'
01:32:14.720 [Forwarding getCurrentUrl on session 79bd922509c1169cf8da8845037d0e33 to remote] DEBUG org.asynchttpclient.netty.request.NettyRequestSender - Using open Channel [id: 0x14a553ad, L:/127.0.0.1:58287 - R:localhost/127.0.0.1:41391] for GET '/session/79bd922509c1169cf8da8845037d0e33/url'
01:32:14.726 [AsyncHttpClient-1-4] DEBUG org.asynchttpclient.netty.handler.HttpHandler - 

Request DefaultFullHttpRequest(decodeResult: success, version: HTTP/1.1, content: EmptyByteBufBE)
GET /session/79bd922509c1169cf8da8845037d0e33/url HTTP/1.1
User-Agent: selenium/4.8.1 (java windows)
Cache-Control: no-cache
Content-Type: application/json; charset=utf-8
host: localhost:41391
accept: */*

Response DefaultHttpResponse(decodeResult: success, version: HTTP/1.1)
HTTP/1.1 200 OK
Content-Length: 51
Content-Type: application/json; charset=utf-8
cache-control: no-cache

01:32:14.726 [AsyncHttpClient-1-4] DEBUG org.asynchttpclient.netty.channel.ChannelManager - Adding key: http://localhost:41391 for channel [id: 0x14a553ad, L:/127.0.0.1:58287 - R:localhost/127.0.0.1:41391]
01:32:14.727 [Forwarding screenshot on session 79bd922509c1169cf8da8845037d0e33 to remote] DEBUG org.asynchttpclient.netty.request.NettyRequestSender - Using pooled Channel '[id: 0x14a553ad, L:/127.0.0.1:58287 - R:localhost/127.0.0.1:41391]' for 'GET' to 'http://localhost:41391/session/79bd922509c1169cf8da8845037d0e33/screenshot'
01:32:14.727 [Forwarding screenshot on session 79bd922509c1169cf8da8845037d0e33 to remote] DEBUG org.asynchttpclient.netty.request.NettyRequestSender - Using open Channel [id: 0x14a553ad, L:/127.0.0.1:58287 - R:localhost/127.0.0.1:41391] for GET '/session/79bd922509c1169cf8da8845037d0e33/screenshot'
01:32:14.904 [AsyncHttpClient-1-4] DEBUG org.asynchttpclient.netty.handler.HttpHandler - 

Request DefaultFullHttpRequest(decodeResult: success, version: HTTP/1.1, content: EmptyByteBufBE)
GET /session/79bd922509c1169cf8da8845037d0e33/screenshot HTTP/1.1
User-Agent: selenium/4.8.1 (java windows)
Cache-Control: no-cache
Content-Type: application/json; charset=utf-8
host: localhost:41391
accept: */*

Response DefaultHttpResponse(decodeResult: success, version: HTTP/1.1)
HTTP/1.1 200 OK
Content-Length: 44180
Content-Type: application/json; charset=utf-8
cache-control: no-cache

01:32:14.904 [AsyncHttpClient-1-4] DEBUG org.asynchttpclient.netty.channel.ChannelManager - Adding key: http://localhost:41391 for channel [id: 0x14a553ad, L:/127.0.0.1:58287 - R:localhost/127.0.0.1:41391]
01:32:14.906 [main] DEBUG net.serenitybdd.core.photography.Darkroom - Send negative for processing for target\site\serenity\d7a6d4545d03e9e4432a067ea2e57b5820436b0ee5aafad527a8000f1c7c2121.png
01:32:14.907 [main] DEBUG net.thucydides.core.steps.StepInterceptor - STEP DONE: validateOnTheLoginPage
  &amp#27;[32mThen &amp#27;[0m&amp#27;[32mI can't be on the product page&amp#27;[0m                                                  &amp#27;[90m# starter.stepdefinitions.LoginSteps.cantTheProductPage()&amp#27;[0m
01:32:14.907 [Darkroom Processing Line] DEBUG net.serenitybdd.core.photography.DarkroomProcessingLine - Processing screenshot image in /var/screenshots/screenshot-7951495927401615260
01:32:14.907 [Darkroom Processing Line] DEBUG net.serenitybdd.core.photography.DarkroomProcessingLine - Saving screenshot to target\site\serenity\d7a6d4545d03e9e4432a067ea2e57b5820436b0ee5aafad527a8000f1c7c2121.png
01:32:14.912 [main] INFO  - 
  _____   ___   ___   _____     ___     _     ___   ___   ___   ___  
 |_   _| | __| / __| |_   _|   | _ \   /_\   / __| / __| | __| |   \ 
   | |   | _|  \__ \   | |     |  _/  / _ \  \__ \ \__ \ | _|  | |) |
   |_|   |___| |___/   |_|     |_|   /_/ \_\ |___/ |___/ |___| |___/ 

As user i haven't be able to login when using empty email and empty password
----------------------------------------------------------------------
01:32:14.914 [AsyncHttpClient-1-6] DEBUG org.asynchttpclient.netty.handler.WebSocketHandler - Channel Closed: [id: 0x28c223f4, L:/127.0.0.1:58295 ! R:localhost/127.0.0.1:58288] with attribute NettyResponseFuture{currentRetry=0,
	isDone=1,
	isCancelled=0,
	asyncHandler=org.asynchttpclient.ws.WebSocketUpgradeHandler@4b805292,
	nettyRequest=org.asynchttpclient.netty.request.NettyRequest@77165872,
	future=java.util.concurrent.CompletableFuture@33e62fd8[Completed normally],
	uri=ws://localhost:58288/devtools/browser/92c01016-5290-4637-bcdb-d8baadb8687d,
	keepAlive=true,
	redirectCount=0,
	timeoutsHolder=null,
	inAuth=0,
	touch=1683484332405}
01:32:14.914 [Driver Command Executor] DEBUG org.asynchttpclient.netty.request.NettyRequestSender - Using pooled Channel '[id: 0x14a553ad, L:/127.0.0.1:58287 - R:localhost/127.0.0.1:41391]' for 'DELETE' to 'http://localhost:41391/session/79bd922509c1169cf8da8845037d0e33'
01:32:14.914 [AsyncHttpClient-1-6] DEBUG org.asynchttpclient.netty.channel.ChannelManager - Closing Channel [id: 0x28c223f4, L:/127.0.0.1:58295 ! R:localhost/127.0.0.1:58288] 
01:32:14.914 [Driver Command Executor] DEBUG org.asynchttpclient.netty.request.NettyRequestSender - Using open Channel [id: 0x14a553ad, L:/127.0.0.1:58287 - R:localhost/127.0.0.1:41391] for DELETE '/session/79bd922509c1169cf8da8845037d0e33'
01:32:14.964 [AsyncHttpClient-1-5] DEBUG org.asynchttpclient.netty.handler.HttpHandler - Unexpected I/O exception on channel [id: 0xd0dde49f, L:/127.0.0.1:58294 - R:localhost/127.0.0.1:58288]
java.io.IOException: An existing connection was forcibly closed by the remote host
	at sun.nio.ch.SocketDispatcher.read0(Native Method)
	at sun.nio.ch.SocketDispatcher.read(Unknown Source)
	at sun.nio.ch.IOUtil.readIntoNativeBuffer(Unknown Source)
	at sun.nio.ch.IOUtil.read(Unknown Source)
	at sun.nio.ch.SocketChannelImpl.read(Unknown Source)
	at io.netty.buffer.PooledByteBuf.setBytes(PooledByteBuf.java:259)
	at io.netty.buffer.AbstractByteBuf.writeBytes(AbstractByteBuf.java:1132)
	at io.netty.channel.socket.nio.NioSocketChannel.doReadBytes(NioSocketChannel.java:357)
	at io.netty.channel.nio.AbstractNioByteChannel$NioByteUnsafe.read(AbstractNioByteChannel.java:151)
	at io.netty.channel.nio.NioEventLoop.processSelectedKey(NioEventLoop.java:788)
	at io.netty.channel.nio.NioEventLoop.processSelectedKeysOptimized(NioEventLoop.java:724)
	at io.netty.channel.nio.NioEventLoop.processSelectedKeys(NioEventLoop.java:650)
	at io.netty.channel.nio.NioEventLoop.run(NioEventLoop.java:562)
	at io.netty.util.concurrent.SingleThreadEventExecutor$4.run(SingleThreadEventExecutor.java:997)
	at io.netty.util.internal.ThreadExecutorMap$2.run(ThreadExecutorMap.java:74)
	at io.netty.util.concurrent.FastThreadLocalRunnable.run(FastThreadLocalRunnable.java:30)
	at java.lang.Thread.run(Unknown Source)
01:32:14.965 [AsyncHttpClient-1-5] DEBUG org.asynchttpclient.netty.channel.ChannelManager - Closing Channel [id: 0xd0dde49f, L:/127.0.0.1:58294 - R:localhost/127.0.0.1:58288] 
01:32:14.965 [AsyncHttpClient-1-5] DEBUG org.asynchttpclient.netty.handler.HttpHandler - Channel Closed: [id: 0xd0dde49f, L:/127.0.0.1:58294 ! R:localhost/127.0.0.1:58288] with attribute DISCARD
01:32:14.983 [AsyncHttpClient-1-4] DEBUG org.asynchttpclient.netty.handler.HttpHandler - 

Request DefaultFullHttpRequest(decodeResult: success, version: HTTP/1.1, content: EmptyByteBufBE)
DELETE /session/79bd922509c1169cf8da8845037d0e33 HTTP/1.1
User-Agent: selenium/4.8.1 (java windows)
Content-Type: application/json; charset=utf-8
host: localhost:41391
accept: */*

Response DefaultHttpResponse(decodeResult: success, version: HTTP/1.1)
HTTP/1.1 200 OK
Content-Length: 14
Content-Type: application/json; charset=utf-8
cache-control: no-cache

01:32:14.983 [AsyncHttpClient-1-4] DEBUG org.asynchttpclient.netty.channel.ChannelManager - Adding key: http://localhost:41391 for channel [id: 0x14a553ad, L:/127.0.0.1:58287 - R:localhost/127.0.0.1:41391]
01:32:15.051 [AsyncHttpClient-1-4] DEBUG org.asynchttpclient.netty.handler.HttpHandler - Channel Closed: [id: 0x14a553ad, L:/127.0.0.1:58287 ! R:localhost/127.0.0.1:41391] with attribute DISCARD
01:32:15.491 [AsyncHttpClient-1-1] DEBUG org.asynchttpclient.netty.channel.DefaultChannelPool - Entry count for : http://localhost:58288 : 1
01:32:15.491 [AsyncHttpClient-1-1] DEBUG org.asynchttpclient.netty.channel.DefaultChannelPool - Entry count for : http://localhost:41391 : 1
01:32:15.491 [AsyncHttpClient-1-1] DEBUG org.asynchttpclient.netty.channel.DefaultChannelPool - Adding Candidate expired Channel [id: 0xd0dde49f, L:/127.0.0.1:58294 ! R:localhost/127.0.0.1:58288] isIdleTimeoutExpired=false isRemotelyClosed=true isTtlExpired=false
01:32:15.491 [AsyncHttpClient-1-1] DEBUG org.asynchttpclient.netty.channel.DefaultChannelPool - Closing Idle Channel [id: 0xd0dde49f, L:/127.0.0.1:58294 ! R:localhost/127.0.0.1:58288]
01:32:15.491 [AsyncHttpClient-1-1] DEBUG org.asynchttpclient.netty.channel.DefaultChannelPool - Adding Candidate expired Channel [id: 0x14a553ad, L:/127.0.0.1:58287 ! R:localhost/127.0.0.1:41391] isIdleTimeoutExpired=false isRemotelyClosed=true isTtlExpired=false
01:32:15.491 [AsyncHttpClient-1-1] DEBUG org.asynchttpclient.netty.channel.DefaultChannelPool - Closing Idle Channel [id: 0x14a553ad, L:/127.0.0.1:58287 ! R:localhost/127.0.0.1:41391]
01:32:15.491 [AsyncHttpClient-1-1] DEBUG org.asynchttpclient.netty.channel.DefaultChannelPool - Closed 2 connections out of 2 in 0 ms
]]></system-out>
    <system-err><![CDATA[Starting ChromeDriver 111.0.5563.64 (c710e93d5b63b7095afe8c2c17df34408078439d-refs/branch-heads/5563@{#995}) on port 41391
Only local connections are allowed.
Please see https://chromedriver.chromium.org/security-considerations for suggestions on keeping ChromeDriver safe.
ChromeDriver was started successfully.
[1683484332.371][WARNING]: This version of ChromeDriver has not been tested with Chrome version 112.
Mei 08, 2023 1:32:12 AM org.openqa.selenium.devtools.CdpVersionFinder findNearestMatch
WARNING: Unable to find an exact match for CDP version 112, so returning the closest version found: 110
]]></system-err>
  </testcase>
  <testcase name="As user i have be able to success see purchase details of a product in cart" classname="Orders" time="8.566">
    <system-out><![CDATA[01:32:15.587 [main] DEBUG io.cucumber.core.plugin.SerenityReporter - Running feature from file:///D:/TUGAS%20SEMESTER%206/Mini%20Project/WebTest-MiniProject/src/test/resources/features/Orders.feature
01:32:15.590 [main] DEBUG net.thucydides.core.steps.StepEventBus - Test suite started for story net.thucydides.core.model.Story@3500fec8
01:32:15.591 [main] INFO  - Test Suite Started: Orders

Scenario: As user i have be able to success see purchase details of a product in cart &amp#27;[90m# src/test/resources/features/Orders.feature:3&amp#27;[0m
01:32:15.598 [main] DEBUG io.cucumber.core.plugin.SerenityReporter - Running feature from file:///D:/TUGAS%20SEMESTER%206/Mini%20Project/WebTest-MiniProject/src/test/resources/features/Orders.feature
01:32:15.601 [main] INFO  - 
  _____   ___   ___   _____     ___   _____     _     ___   _____   ___   ___  
 |_   _| | __| / __| |_   _|   / __| |_   _|   /_\   | _ \ |_   _| | __| |   \ 
   | |   | _|  \__ \   | |     \__ \   | |    / _ \  |   /   | |   | _|  | |) |
   |_|   |___| |___/   |_|     |___/   |_|   /_/ \_\ |_|_\   |_|   |___| |___/ 

As user i have be able to success see purchase details of a product in cart(orders;as-user-i-have-be-able-to-success-see-purchase-details-of-a-product-in-cart)
--------------------------------------------------------------------------------
01:32:15.697 [main] INFO net.serenitybdd.core.webdriver.driverproviders.ChromeDriverProvider - Starting Chrome driver instance with capabilities:
01:32:15.697 [main] INFO net.serenitybdd.core.webdriver.driverproviders.ChromeDriverProvider - Capabilities {acceptInsecureCerts: false, browserName: chrome, goog:chromeOptions: {args: [remote-allow-origins=*], extensions: []}}
01:32:16.289 [AsyncHttpClient-1-7] DEBUG org.asynchttpclient.netty.channel.NettyConnectListener - Using new Channel '[id: 0x0c0502c1, L:/127.0.0.1:58309 - R:localhost/127.0.0.1:31603]' for 'POST' to '/session'
01:32:16.985 [AsyncHttpClient-1-7] DEBUG org.asynchttpclient.netty.handler.HttpHandler - 

Request DefaultHttpRequest(decodeResult: success, version: HTTP/1.1)
POST /session HTTP/1.1
User-Agent: selenium/4.8.1 (java windows)
Content-Length: 507
Content-Type: application/json; charset=utf-8
host: localhost:31603
accept: */*

Response DefaultHttpResponse(decodeResult: success, version: HTTP/1.1)
HTTP/1.1 200 OK
Content-Length: 859
Content-Type: application/json; charset=utf-8
cache-control: no-cache

01:32:16.985 [AsyncHttpClient-1-7] DEBUG org.asynchttpclient.netty.channel.ChannelManager - Adding key: http://localhost:31603 for channel [id: 0x0c0502c1, L:/127.0.0.1:58309 - R:localhost/127.0.0.1:31603]
01:32:16.992 [AsyncHttpClient-1-8] DEBUG org.asynchttpclient.netty.channel.NettyConnectListener - Using new Channel '[id: 0xb3b3dde6, L:/127.0.0.1:58316 - R:localhost/127.0.0.1:58310]' for 'GET' to '/json/version'
01:32:16.993 [AsyncHttpClient-1-8] DEBUG org.asynchttpclient.netty.handler.HttpHandler - 

Request DefaultFullHttpRequest(decodeResult: success, version: HTTP/1.1, content: EmptyByteBufBE)
GET /json/version HTTP/1.1
User-Agent: selenium/4.8.1 (java windows)
host: localhost:58310
accept: */*

Response DefaultHttpResponse(decodeResult: success, version: HTTP/1.1)
HTTP/1.1 200 OK
Content-Security-Policy: frame-ancestors 'none'
Content-Length: 424
Content-Type: application/json; charset=UTF-8

01:32:16.994 [AsyncHttpClient-1-8] DEBUG org.asynchttpclient.netty.channel.ChannelManager - Adding key: http://localhost:58310 for channel [id: 0xb3b3dde6, L:/127.0.0.1:58316 - R:localhost/127.0.0.1:58310]
01:32:16.997 [AsyncHttpClient-1-9] DEBUG org.asynchttpclient.netty.channel.NettyConnectListener - Using new Channel '[id: 0x68adf1e9, L:/127.0.0.1:58317 - R:localhost/127.0.0.1:58310]' for 'GET' to '/devtools/browser/629744eb-39cf-47ea-818d-58e70332ea8f'
01:32:16.998 [AsyncHttpClient-1-9] DEBUG org.asynchttpclient.netty.handler.WebSocketHandler - 

Request DefaultFullHttpRequest(decodeResult: success, version: HTTP/1.1, content: EmptyByteBufBE)
GET /devtools/browser/629744eb-39cf-47ea-818d-58e70332ea8f HTTP/1.1
upgrade: websocket
connection: upgrade
sec-websocket-key: ivwII54HBYgvHuhrXQO0OA==
sec-websocket-version: 13
origin: http://localhost:58310
host: localhost:58310
accept: */*
user-agent: AHC/2.1

Response DefaultHttpResponse(decodeResult: success, version: HTTP/1.1)
HTTP/1.1 101 WebSocket Protocol Handshake
Upgrade: WebSocket
Connection: Upgrade
Sec-WebSocket-Accept: 9TRjU0aD5YdGVnWwdHRlHU7H+cY=

01:32:17.001 [Forwarding get on session b88f42573eaec7e4fe2d457846600818 to remote] DEBUG org.asynchttpclient.netty.request.NettyRequestSender - Using pooled Channel '[id: 0x0c0502c1, L:/127.0.0.1:58309 - R:localhost/127.0.0.1:31603]' for 'POST' to 'http://localhost:31603/session/b88f42573eaec7e4fe2d457846600818/url'
01:32:17.002 [Forwarding get on session b88f42573eaec7e4fe2d457846600818 to remote] DEBUG org.asynchttpclient.netty.request.NettyRequestSender - Using open Channel [id: 0x0c0502c1, L:/127.0.0.1:58309 - R:localhost/127.0.0.1:31603] for POST '/session/b88f42573eaec7e4fe2d457846600818/url'
01:32:17.691 [AsyncHttpClient-1-1] DEBUG org.asynchttpclient.netty.channel.DefaultChannelPool - Entry count for : http://localhost:58310 : 1
01:32:17.692 [AsyncHttpClient-1-7] DEBUG org.asynchttpclient.netty.handler.HttpHandler - 

Request DefaultHttpRequest(decodeResult: success, version: HTTP/1.1)
POST /session/b88f42573eaec7e4fe2d457846600818/url HTTP/1.1
User-Agent: selenium/4.8.1 (java windows)
Content-Length: 74
Content-Type: application/json; charset=utf-8
host: localhost:31603
accept: */*

Response DefaultHttpResponse(decodeResult: success, version: HTTP/1.1)
HTTP/1.1 200 OK
Content-Length: 14
Content-Type: application/json; charset=utf-8
cache-control: no-cache

01:32:17.693 [AsyncHttpClient-1-7] DEBUG org.asynchttpclient.netty.channel.ChannelManager - Adding key: http://localhost:31603 for channel [id: 0x0c0502c1, L:/127.0.0.1:58309 - R:localhost/127.0.0.1:31603]
01:32:17.694 [Forwarding setTimeout on session b88f42573eaec7e4fe2d457846600818 to remote] DEBUG org.asynchttpclient.netty.request.NettyRequestSender - Using pooled Channel '[id: 0x0c0502c1, L:/127.0.0.1:58309 - R:localhost/127.0.0.1:31603]' for 'POST' to 'http://localhost:31603/session/b88f42573eaec7e4fe2d457846600818/timeouts'
01:32:17.694 [Forwarding setTimeout on session b88f42573eaec7e4fe2d457846600818 to remote] DEBUG org.asynchttpclient.netty.request.NettyRequestSender - Using open Channel [id: 0x0c0502c1, L:/127.0.0.1:58309 - R:localhost/127.0.0.1:31603] for POST '/session/b88f42573eaec7e4fe2d457846600818/timeouts'
01:32:17.695 [AsyncHttpClient-1-7] DEBUG org.asynchttpclient.netty.handler.HttpHandler - 

Request DefaultHttpRequest(decodeResult: success, version: HTTP/1.1)
POST /session/b88f42573eaec7e4fe2d457846600818/timeouts HTTP/1.1
User-Agent: selenium/4.8.1 (java windows)
Content-Length: 22
Content-Type: application/json; charset=utf-8
host: localhost:31603
accept: */*

Response DefaultHttpResponse(decodeResult: success, version: HTTP/1.1)
HTTP/1.1 200 OK
Content-Length: 14
Content-Type: application/json; charset=utf-8
cache-control: no-cache

01:32:17.695 [AsyncHttpClient-1-7] DEBUG org.asynchttpclient.netty.channel.ChannelManager - Adding key: http://localhost:31603 for channel [id: 0x0c0502c1, L:/127.0.0.1:58309 - R:localhost/127.0.0.1:31603]
01:32:17.703 [main] DEBUG net.serenitybdd.core.photography.Darkroom - Opening darkroom
01:32:17.703 [Darkroom Processing Line] DEBUG net.serenitybdd.core.photography.DarkroomProcessingLine - Darkroom processing line starting up
01:32:17.704 [Forwarding getAlertText on session b88f42573eaec7e4fe2d457846600818 to remote] DEBUG org.asynchttpclient.netty.request.NettyRequestSender - Using pooled Channel '[id: 0x0c0502c1, L:/127.0.0.1:58309 - R:localhost/127.0.0.1:31603]' for 'GET' to 'http://localhost:31603/session/b88f42573eaec7e4fe2d457846600818/alert/text'
01:32:17.704 [Forwarding getAlertText on session b88f42573eaec7e4fe2d457846600818 to remote] DEBUG org.asynchttpclient.netty.request.NettyRequestSender - Using open Channel [id: 0x0c0502c1, L:/127.0.0.1:58309 - R:localhost/127.0.0.1:31603] for GET '/session/b88f42573eaec7e4fe2d457846600818/alert/text'
01:32:17.706 [AsyncHttpClient-1-7] DEBUG org.asynchttpclient.netty.handler.HttpHandler - 

Request DefaultFullHttpRequest(decodeResult: success, version: HTTP/1.1, content: EmptyByteBufBE)
GET /session/b88f42573eaec7e4fe2d457846600818/alert/text HTTP/1.1
User-Agent: selenium/4.8.1 (java windows)
Cache-Control: no-cache
Content-Type: application/json; charset=utf-8
host: localhost:31603
accept: */*

Response DefaultHttpResponse(decodeResult: success, version: HTTP/1.1)
HTTP/1.1 404 Not Found
Content-Length: 816
Content-Type: application/json; charset=utf-8
cache-control: no-cache

01:32:17.707 [AsyncHttpClient-1-7] DEBUG org.asynchttpclient.netty.channel.ChannelManager - Adding key: http://localhost:31603 for channel [id: 0x0c0502c1, L:/127.0.0.1:58309 - R:localhost/127.0.0.1:31603]
01:32:17.708 [Forwarding getCurrentUrl on session b88f42573eaec7e4fe2d457846600818 to remote] DEBUG org.asynchttpclient.netty.request.NettyRequestSender - Using pooled Channel '[id: 0x0c0502c1, L:/127.0.0.1:58309 - R:localhost/127.0.0.1:31603]' for 'GET' to 'http://localhost:31603/session/b88f42573eaec7e4fe2d457846600818/url'
01:32:17.708 [Forwarding getCurrentUrl on session b88f42573eaec7e4fe2d457846600818 to remote] DEBUG org.asynchttpclient.netty.request.NettyRequestSender - Using open Channel [id: 0x0c0502c1, L:/127.0.0.1:58309 - R:localhost/127.0.0.1:31603] for GET '/session/b88f42573eaec7e4fe2d457846600818/url'
01:32:17.715 [AsyncHttpClient-1-7] DEBUG org.asynchttpclient.netty.handler.HttpHandler - 

Request DefaultFullHttpRequest(decodeResult: success, version: HTTP/1.1, content: EmptyByteBufBE)
GET /session/b88f42573eaec7e4fe2d457846600818/url HTTP/1.1
User-Agent: selenium/4.8.1 (java windows)
Cache-Control: no-cache
Content-Type: application/json; charset=utf-8
host: localhost:31603
accept: */*

Response DefaultHttpResponse(decodeResult: success, version: HTTP/1.1)
HTTP/1.1 200 OK
Content-Length: 51
Content-Type: application/json; charset=utf-8
cache-control: no-cache

01:32:17.715 [AsyncHttpClient-1-7] DEBUG org.asynchttpclient.netty.channel.ChannelManager - Adding key: http://localhost:31603 for channel [id: 0x0c0502c1, L:/127.0.0.1:58309 - R:localhost/127.0.0.1:31603]
01:32:17.716 [Forwarding screenshot on session b88f42573eaec7e4fe2d457846600818 to remote] DEBUG org.asynchttpclient.netty.request.NettyRequestSender - Using pooled Channel '[id: 0x0c0502c1, L:/127.0.0.1:58309 - R:localhost/127.0.0.1:31603]' for 'GET' to 'http://localhost:31603/session/b88f42573eaec7e4fe2d457846600818/screenshot'
01:32:17.716 [Forwarding screenshot on session b88f42573eaec7e4fe2d457846600818 to remote] DEBUG org.asynchttpclient.netty.request.NettyRequestSender - Using open Channel [id: 0x0c0502c1, L:/127.0.0.1:58309 - R:localhost/127.0.0.1:31603] for GET '/session/b88f42573eaec7e4fe2d457846600818/screenshot'
01:32:18.017 [AsyncHttpClient-1-7] DEBUG org.asynchttpclient.netty.handler.HttpHandler - 

Request DefaultFullHttpRequest(decodeResult: success, version: HTTP/1.1, content: EmptyByteBufBE)
GET /session/b88f42573eaec7e4fe2d457846600818/screenshot HTTP/1.1
User-Agent: selenium/4.8.1 (java windows)
Cache-Control: no-cache
Content-Type: application/json; charset=utf-8
host: localhost:31603
accept: */*

Response DefaultHttpResponse(decodeResult: success, version: HTTP/1.1)
HTTP/1.1 200 OK
Content-Length: 37680
Content-Type: application/json; charset=utf-8
cache-control: no-cache

01:32:18.017 [AsyncHttpClient-1-7] DEBUG org.asynchttpclient.netty.channel.ChannelManager - Adding key: http://localhost:31603 for channel [id: 0x0c0502c1, L:/127.0.0.1:58309 - R:localhost/127.0.0.1:31603]
01:32:18.019 [main] DEBUG net.serenitybdd.core.photography.Darkroom - Send negative for processing for target\site\serenity\617ccc73021c4cab9dfa54c5aa3482f15135817f8e58f0514fd8d62047c1a9ab.png
01:32:18.020 [Forwarding getPageSource on session b88f42573eaec7e4fe2d457846600818 to remote] DEBUG org.asynchttpclient.netty.request.NettyRequestSender - Using pooled Channel '[id: 0x0c0502c1, L:/127.0.0.1:58309 - R:localhost/127.0.0.1:31603]' for 'POST' to 'http://localhost:31603/session/b88f42573eaec7e4fe2d457846600818/execute/sync'
01:32:18.020 [Forwarding getPageSource on session b88f42573eaec7e4fe2d457846600818 to remote] DEBUG org.asynchttpclient.netty.request.NettyRequestSender - Using open Channel [id: 0x0c0502c1, L:/127.0.0.1:58309 - R:localhost/127.0.0.1:31603] for POST '/session/b88f42573eaec7e4fe2d457846600818/execute/sync'
01:32:18.027 [AsyncHttpClient-1-7] DEBUG org.asynchttpclient.netty.handler.HttpHandler - 

Request DefaultHttpRequest(decodeResult: success, version: HTTP/1.1)
POST /session/b88f42573eaec7e4fe2d457846600818/execute/sync HTTP/1.1
User-Agent: selenium/4.8.1 (java windows)
Content-Length: 176
Content-Type: application/json; charset=utf-8
host: localhost:31603
accept: */*

Response DefaultHttpResponse(decodeResult: success, version: HTTP/1.1)
HTTP/1.1 200 OK
Content-Length: 21659
Content-Type: application/json; charset=utf-8
cache-control: no-cache

01:32:18.027 [AsyncHttpClient-1-7] DEBUG org.asynchttpclient.netty.channel.ChannelManager - Adding key: http://localhost:31603 for channel [id: 0x0c0502c1, L:/127.0.0.1:58309 - R:localhost/127.0.0.1:31603]
01:32:18.030 [Forwarding getCurrentUrl on session b88f42573eaec7e4fe2d457846600818 to remote] DEBUG org.asynchttpclient.netty.request.NettyRequestSender - Using pooled Channel '[id: 0x0c0502c1, L:/127.0.0.1:58309 - R:localhost/127.0.0.1:31603]' for 'GET' to 'http://localhost:31603/session/b88f42573eaec7e4fe2d457846600818/url'
01:32:18.030 [Forwarding getCurrentUrl on session b88f42573eaec7e4fe2d457846600818 to remote] DEBUG org.asynchttpclient.netty.request.NettyRequestSender - Using open Channel [id: 0x0c0502c1, L:/127.0.0.1:58309 - R:localhost/127.0.0.1:31603] for GET '/session/b88f42573eaec7e4fe2d457846600818/url'
01:32:18.034 [AsyncHttpClient-1-7] DEBUG org.asynchttpclient.netty.handler.HttpHandler - 

Request DefaultFullHttpRequest(decodeResult: success, version: HTTP/1.1, content: EmptyByteBufBE)
GET /session/b88f42573eaec7e4fe2d457846600818/url HTTP/1.1
User-Agent: selenium/4.8.1 (java windows)
Cache-Control: no-cache
Content-Type: application/json; charset=utf-8
host: localhost:31603
accept: */*

Response DefaultHttpResponse(decodeResult: success, version: HTTP/1.1)
HTTP/1.1 200 OK
Content-Length: 51
Content-Type: application/json; charset=utf-8
cache-control: no-cache

01:32:18.034 [AsyncHttpClient-1-7] DEBUG org.asynchttpclient.netty.channel.ChannelManager - Adding key: http://localhost:31603 for channel [id: 0x0c0502c1, L:/127.0.0.1:58309 - R:localhost/127.0.0.1:31603]
01:32:18.036 [main] DEBUG net.thucydides.core.steps.StepInterceptor - STARTING STEP: LoginSteps.onTheLoginPage - validateOnTheLoginPage
01:32:18.038 [Forwarding findElement on session b88f42573eaec7e4fe2d457846600818 to remote] DEBUG org.asynchttpclient.netty.request.NettyRequestSender - Using pooled Channel '[id: 0x0c0502c1, L:/127.0.0.1:58309 - R:localhost/127.0.0.1:31603]' for 'POST' to 'http://localhost:31603/session/b88f42573eaec7e4fe2d457846600818/element'
01:32:18.038 [Forwarding findElement on session b88f42573eaec7e4fe2d457846600818 to remote] DEBUG org.asynchttpclient.netty.request.NettyRequestSender - Using open Channel [id: 0x0c0502c1, L:/127.0.0.1:58309 - R:localhost/127.0.0.1:31603] for POST '/session/b88f42573eaec7e4fe2d457846600818/element'
01:32:18.052 [AsyncHttpClient-1-7] DEBUG org.asynchttpclient.netty.handler.HttpHandler - 

Request DefaultHttpRequest(decodeResult: success, version: HTTP/1.1)
POST /session/b88f42573eaec7e4fe2d457846600818/element HTTP/1.1
User-Agent: selenium/4.8.1 (java windows)
Content-Length: 165
Content-Type: application/json; charset=utf-8
host: localhost:31603
accept: */*

Response DefaultHttpResponse(decodeResult: success, version: HTTP/1.1)
HTTP/1.1 200 OK
Content-Length: 88
Content-Type: application/json; charset=utf-8
cache-control: no-cache

01:32:18.052 [AsyncHttpClient-1-7] DEBUG org.asynchttpclient.netty.channel.ChannelManager - Adding key: http://localhost:31603 for channel [id: 0x0c0502c1, L:/127.0.0.1:58309 - R:localhost/127.0.0.1:31603]
01:32:18.054 [Forwarding isElementDisplayed on session b88f42573eaec7e4fe2d457846600818 to remote] DEBUG org.asynchttpclient.netty.request.NettyRequestSender - Using pooled Channel '[id: 0x0c0502c1, L:/127.0.0.1:58309 - R:localhost/127.0.0.1:31603]' for 'POST' to 'http://localhost:31603/session/b88f42573eaec7e4fe2d457846600818/execute/sync'
01:32:18.054 [Forwarding isElementDisplayed on session b88f42573eaec7e4fe2d457846600818 to remote] DEBUG org.asynchttpclient.netty.request.NettyRequestSender - Using open Channel [id: 0x0c0502c1, L:/127.0.0.1:58309 - R:localhost/127.0.0.1:31603] for POST '/session/b88f42573eaec7e4fe2d457846600818/execute/sync'
01:32:18.070 [AsyncHttpClient-1-7] DEBUG org.asynchttpclient.netty.handler.HttpHandler - 

Request DefaultHttpRequest(decodeResult: success, version: HTTP/1.1)
POST /session/b88f42573eaec7e4fe2d457846600818/execute/sync HTTP/1.1
User-Agent: selenium/4.8.1 (java windows)
Content-Length: 48807
Content-Type: application/json; charset=utf-8
host: localhost:31603
accept: */*

Response DefaultHttpResponse(decodeResult: success, version: HTTP/1.1)
HTTP/1.1 200 OK
Content-Length: 14
Content-Type: application/json; charset=utf-8
cache-control: no-cache

01:32:18.070 [AsyncHttpClient-1-7] DEBUG org.asynchttpclient.netty.channel.ChannelManager - Adding key: http://localhost:31603 for channel [id: 0x0c0502c1, L:/127.0.0.1:58309 - R:localhost/127.0.0.1:31603]
01:32:18.076 [Forwarding getAlertText on session b88f42573eaec7e4fe2d457846600818 to remote] DEBUG org.asynchttpclient.netty.request.NettyRequestSender - Using pooled Channel '[id: 0x0c0502c1, L:/127.0.0.1:58309 - R:localhost/127.0.0.1:31603]' for 'GET' to 'http://localhost:31603/session/b88f42573eaec7e4fe2d457846600818/alert/text'
01:32:18.076 [Forwarding getAlertText on session b88f42573eaec7e4fe2d457846600818 to remote] DEBUG org.asynchttpclient.netty.request.NettyRequestSender - Using open Channel [id: 0x0c0502c1, L:/127.0.0.1:58309 - R:localhost/127.0.0.1:31603] for GET '/session/b88f42573eaec7e4fe2d457846600818/alert/text'
01:32:18.078 [AsyncHttpClient-1-7] DEBUG org.asynchttpclient.netty.handler.HttpHandler - 

Request DefaultFullHttpRequest(decodeResult: success, version: HTTP/1.1, content: EmptyByteBufBE)
GET /session/b88f42573eaec7e4fe2d457846600818/alert/text HTTP/1.1
User-Agent: selenium/4.8.1 (java windows)
Cache-Control: no-cache
Content-Type: application/json; charset=utf-8
host: localhost:31603
accept: */*

Response DefaultHttpResponse(decodeResult: success, version: HTTP/1.1)
HTTP/1.1 404 Not Found
Content-Length: 816
Content-Type: application/json; charset=utf-8
cache-control: no-cache

01:32:18.078 [AsyncHttpClient-1-7] DEBUG org.asynchttpclient.netty.channel.ChannelManager - Adding key: http://localhost:31603 for channel [id: 0x0c0502c1, L:/127.0.0.1:58309 - R:localhost/127.0.0.1:31603]
01:32:18.079 [Forwarding getCurrentUrl on session b88f42573eaec7e4fe2d457846600818 to remote] DEBUG org.asynchttpclient.netty.request.NettyRequestSender - Using pooled Channel '[id: 0x0c0502c1, L:/127.0.0.1:58309 - R:localhost/127.0.0.1:31603]' for 'GET' to 'http://localhost:31603/session/b88f42573eaec7e4fe2d457846600818/url'
01:32:18.079 [Forwarding getCurrentUrl on session b88f42573eaec7e4fe2d457846600818 to remote] DEBUG org.asynchttpclient.netty.request.NettyRequestSender - Using open Channel [id: 0x0c0502c1, L:/127.0.0.1:58309 - R:localhost/127.0.0.1:31603] for GET '/session/b88f42573eaec7e4fe2d457846600818/url'
01:32:18.082 [AsyncHttpClient-1-7] DEBUG org.asynchttpclient.netty.handler.HttpHandler - 

Request DefaultFullHttpRequest(decodeResult: success, version: HTTP/1.1, content: EmptyByteBufBE)
GET /session/b88f42573eaec7e4fe2d457846600818/url HTTP/1.1
User-Agent: selenium/4.8.1 (java windows)
Cache-Control: no-cache
Content-Type: application/json; charset=utf-8
host: localhost:31603
accept: */*

Response DefaultHttpResponse(decodeResult: success, version: HTTP/1.1)
HTTP/1.1 200 OK
Content-Length: 51
Content-Type: application/json; charset=utf-8
cache-control: no-cache

01:32:18.082 [AsyncHttpClient-1-7] DEBUG org.asynchttpclient.netty.channel.ChannelManager - Adding key: http://localhost:31603 for channel [id: 0x0c0502c1, L:/127.0.0.1:58309 - R:localhost/127.0.0.1:31603]
01:32:18.083 [Forwarding screenshot on session b88f42573eaec7e4fe2d457846600818 to remote] DEBUG org.asynchttpclient.netty.request.NettyRequestSender - Using pooled Channel '[id: 0x0c0502c1, L:/127.0.0.1:58309 - R:localhost/127.0.0.1:31603]' for 'GET' to 'http://localhost:31603/session/b88f42573eaec7e4fe2d457846600818/screenshot'
01:32:18.083 [Forwarding screenshot on session b88f42573eaec7e4fe2d457846600818 to remote] DEBUG org.asynchttpclient.netty.request.NettyRequestSender - Using open Channel [id: 0x0c0502c1, L:/127.0.0.1:58309 - R:localhost/127.0.0.1:31603] for GET '/session/b88f42573eaec7e4fe2d457846600818/screenshot'
01:32:18.197 [AsyncHttpClient-1-7] DEBUG org.asynchttpclient.netty.handler.HttpHandler - 

Request DefaultFullHttpRequest(decodeResult: success, version: HTTP/1.1, content: EmptyByteBufBE)
GET /session/b88f42573eaec7e4fe2d457846600818/screenshot HTTP/1.1
User-Agent: selenium/4.8.1 (java windows)
Cache-Control: no-cache
Content-Type: application/json; charset=utf-8
host: localhost:31603
accept: */*

Response DefaultHttpResponse(decodeResult: success, version: HTTP/1.1)
HTTP/1.1 200 OK
Content-Length: 37680
Content-Type: application/json; charset=utf-8
cache-control: no-cache

01:32:18.197 [AsyncHttpClient-1-7] DEBUG org.asynchttpclient.netty.channel.ChannelManager - Adding key: http://localhost:31603 for channel [id: 0x0c0502c1, L:/127.0.0.1:58309 - R:localhost/127.0.0.1:31603]
01:32:18.199 [main] DEBUG net.serenitybdd.core.photography.Darkroom - Send negative for processing for target\site\serenity\617ccc73021c4cab9dfa54c5aa3482f15135817f8e58f0514fd8d62047c1a9ab.png
01:32:18.199 [main] DEBUG net.thucydides.core.steps.StepInterceptor - STEP DONE: validateOnTheLoginPage
  &amp#27;[32mGiven &amp#27;[0m&amp#27;[32mI am on the login page&amp#27;[0m                                                        &amp#27;[90m# starter.stepdefinitions.LoginSteps.onTheLoginPage()&amp#27;[0m
01:32:18.207 [Forwarding getPageSource on session b88f42573eaec7e4fe2d457846600818 to remote] DEBUG org.asynchttpclient.netty.request.NettyRequestSender - Using pooled Channel '[id: 0x0c0502c1, L:/127.0.0.1:58309 - R:localhost/127.0.0.1:31603]' for 'POST' to 'http://localhost:31603/session/b88f42573eaec7e4fe2d457846600818/execute/sync'
01:32:18.207 [Forwarding getPageSource on session b88f42573eaec7e4fe2d457846600818 to remote] DEBUG org.asynchttpclient.netty.request.NettyRequestSender - Using open Channel [id: 0x0c0502c1, L:/127.0.0.1:58309 - R:localhost/127.0.0.1:31603] for POST '/session/b88f42573eaec7e4fe2d457846600818/execute/sync'
01:32:18.212 [AsyncHttpClient-1-7] DEBUG org.asynchttpclient.netty.handler.HttpHandler - 

Request DefaultHttpRequest(decodeResult: success, version: HTTP/1.1)
POST /session/b88f42573eaec7e4fe2d457846600818/execute/sync HTTP/1.1
User-Agent: selenium/4.8.1 (java windows)
Content-Length: 176
Content-Type: application/json; charset=utf-8
host: localhost:31603
accept: */*

Response DefaultHttpResponse(decodeResult: success, version: HTTP/1.1)
HTTP/1.1 200 OK
Content-Length: 21659
Content-Type: application/json; charset=utf-8
cache-control: no-cache

01:32:18.212 [AsyncHttpClient-1-7] DEBUG org.asynchttpclient.netty.channel.ChannelManager - Adding key: http://localhost:31603 for channel [id: 0x0c0502c1, L:/127.0.0.1:58309 - R:localhost/127.0.0.1:31603]
01:32:18.215 [Forwarding getCurrentUrl on session b88f42573eaec7e4fe2d457846600818 to remote] DEBUG org.asynchttpclient.netty.request.NettyRequestSender - Using pooled Channel '[id: 0x0c0502c1, L:/127.0.0.1:58309 - R:localhost/127.0.0.1:31603]' for 'GET' to 'http://localhost:31603/session/b88f42573eaec7e4fe2d457846600818/url'
01:32:18.215 [Forwarding getCurrentUrl on session b88f42573eaec7e4fe2d457846600818 to remote] DEBUG org.asynchttpclient.netty.request.NettyRequestSender - Using open Channel [id: 0x0c0502c1, L:/127.0.0.1:58309 - R:localhost/127.0.0.1:31603] for GET '/session/b88f42573eaec7e4fe2d457846600818/url'
01:32:18.218 [AsyncHttpClient-1-7] DEBUG org.asynchttpclient.netty.handler.HttpHandler - 

Request DefaultFullHttpRequest(decodeResult: success, version: HTTP/1.1, content: EmptyByteBufBE)
GET /session/b88f42573eaec7e4fe2d457846600818/url HTTP/1.1
User-Agent: selenium/4.8.1 (java windows)
Cache-Control: no-cache
Content-Type: application/json; charset=utf-8
host: localhost:31603
accept: */*

Response DefaultHttpResponse(decodeResult: success, version: HTTP/1.1)
HTTP/1.1 200 OK
Content-Length: 51
Content-Type: application/json; charset=utf-8
cache-control: no-cache

01:32:18.218 [AsyncHttpClient-1-7] DEBUG org.asynchttpclient.netty.channel.ChannelManager - Adding key: http://localhost:31603 for channel [id: 0x0c0502c1, L:/127.0.0.1:58309 - R:localhost/127.0.0.1:31603]
01:32:18.226 [Forwarding getPageSource on session b88f42573eaec7e4fe2d457846600818 to remote] DEBUG org.asynchttpclient.netty.request.NettyRequestSender - Using pooled Channel '[id: 0x0c0502c1, L:/127.0.0.1:58309 - R:localhost/127.0.0.1:31603]' for 'POST' to 'http://localhost:31603/session/b88f42573eaec7e4fe2d457846600818/execute/sync'
01:32:18.226 [Forwarding getPageSource on session b88f42573eaec7e4fe2d457846600818 to remote] DEBUG org.asynchttpclient.netty.request.NettyRequestSender - Using open Channel [id: 0x0c0502c1, L:/127.0.0.1:58309 - R:localhost/127.0.0.1:31603] for POST '/session/b88f42573eaec7e4fe2d457846600818/execute/sync'
01:32:18.230 [AsyncHttpClient-1-7] DEBUG org.asynchttpclient.netty.handler.HttpHandler - 

Request DefaultHttpRequest(decodeResult: success, version: HTTP/1.1)
POST /session/b88f42573eaec7e4fe2d457846600818/execute/sync HTTP/1.1
User-Agent: selenium/4.8.1 (java windows)
Content-Length: 176
Content-Type: application/json; charset=utf-8
host: localhost:31603
accept: */*

Response DefaultHttpResponse(decodeResult: success, version: HTTP/1.1)
HTTP/1.1 200 OK
Content-Length: 21659
Content-Type: application/json; charset=utf-8
cache-control: no-cache

01:32:18.231 [AsyncHttpClient-1-7] DEBUG org.asynchttpclient.netty.channel.ChannelManager - Adding key: http://localhost:31603 for channel [id: 0x0c0502c1, L:/127.0.0.1:58309 - R:localhost/127.0.0.1:31603]
01:32:18.233 [Forwarding getCurrentUrl on session b88f42573eaec7e4fe2d457846600818 to remote] DEBUG org.asynchttpclient.netty.request.NettyRequestSender - Using pooled Channel '[id: 0x0c0502c1, L:/127.0.0.1:58309 - R:localhost/127.0.0.1:31603]' for 'GET' to 'http://localhost:31603/session/b88f42573eaec7e4fe2d457846600818/url'
01:32:18.233 [Forwarding getCurrentUrl on session b88f42573eaec7e4fe2d457846600818 to remote] DEBUG org.asynchttpclient.netty.request.NettyRequestSender - Using open Channel [id: 0x0c0502c1, L:/127.0.0.1:58309 - R:localhost/127.0.0.1:31603] for GET '/session/b88f42573eaec7e4fe2d457846600818/url'
01:32:18.239 [AsyncHttpClient-1-7] DEBUG org.asynchttpclient.netty.handler.HttpHandler - 

Request DefaultFullHttpRequest(decodeResult: success, version: HTTP/1.1, content: EmptyByteBufBE)
GET /session/b88f42573eaec7e4fe2d457846600818/url HTTP/1.1
User-Agent: selenium/4.8.1 (java windows)
Cache-Control: no-cache
Content-Type: application/json; charset=utf-8
host: localhost:31603
accept: */*

Response DefaultHttpResponse(decodeResult: success, version: HTTP/1.1)
HTTP/1.1 200 OK
Content-Length: 51
Content-Type: application/json; charset=utf-8
cache-control: no-cache

01:32:18.239 [AsyncHttpClient-1-7] DEBUG org.asynchttpclient.netty.channel.ChannelManager - Adding key: http://localhost:31603 for channel [id: 0x0c0502c1, L:/127.0.0.1:58309 - R:localhost/127.0.0.1:31603]
01:32:18.241 [main] DEBUG net.thucydides.core.steps.StepInterceptor - STARTING STEP: LoginSteps.enterValidUsername - inputUsername
01:32:18.243 [Forwarding findElement on session b88f42573eaec7e4fe2d457846600818 to remote] DEBUG org.asynchttpclient.netty.request.NettyRequestSender - Using pooled Channel '[id: 0x0c0502c1, L:/127.0.0.1:58309 - R:localhost/127.0.0.1:31603]' for 'POST' to 'http://localhost:31603/session/b88f42573eaec7e4fe2d457846600818/element'
01:32:18.243 [Forwarding findElement on session b88f42573eaec7e4fe2d457846600818 to remote] DEBUG org.asynchttpclient.netty.request.NettyRequestSender - Using open Channel [id: 0x0c0502c1, L:/127.0.0.1:58309 - R:localhost/127.0.0.1:31603] for POST '/session/b88f42573eaec7e4fe2d457846600818/element'
01:32:18.260 [AsyncHttpClient-1-7] DEBUG org.asynchttpclient.netty.handler.HttpHandler - 

Request DefaultHttpRequest(decodeResult: success, version: HTTP/1.1)
POST /session/b88f42573eaec7e4fe2d457846600818/element HTTP/1.1
User-Agent: selenium/4.8.1 (java windows)
Content-Length: 68
Content-Type: application/json; charset=utf-8
host: localhost:31603
accept: */*

Response DefaultHttpResponse(decodeResult: success, version: HTTP/1.1)
HTTP/1.1 200 OK
Content-Length: 88
Content-Type: application/json; charset=utf-8
cache-control: no-cache

01:32:18.262 [AsyncHttpClient-1-7] DEBUG org.asynchttpclient.netty.channel.ChannelManager - Adding key: http://localhost:31603 for channel [id: 0x0c0502c1, L:/127.0.0.1:58309 - R:localhost/127.0.0.1:31603]
01:32:18.265 [Forwarding clearElement on session b88f42573eaec7e4fe2d457846600818 to remote] DEBUG org.asynchttpclient.netty.request.NettyRequestSender - Using pooled Channel '[id: 0x0c0502c1, L:/127.0.0.1:58309 - R:localhost/127.0.0.1:31603]' for 'POST' to 'http://localhost:31603/session/b88f42573eaec7e4fe2d457846600818/element/7e38af85-8bc8-4f81-9a1a-f54ac35b0892/clear'
01:32:18.265 [Forwarding clearElement on session b88f42573eaec7e4fe2d457846600818 to remote] DEBUG org.asynchttpclient.netty.request.NettyRequestSender - Using open Channel [id: 0x0c0502c1, L:/127.0.0.1:58309 - R:localhost/127.0.0.1:31603] for POST '/session/b88f42573eaec7e4fe2d457846600818/element/7e38af85-8bc8-4f81-9a1a-f54ac35b0892/clear'
01:32:18.322 [AsyncHttpClient-1-7] DEBUG org.asynchttpclient.netty.handler.HttpHandler - 

Request DefaultHttpRequest(decodeResult: success, version: HTTP/1.1)
POST /session/b88f42573eaec7e4fe2d457846600818/element/7e38af85-8bc8-4f81-9a1a-f54ac35b0892/clear HTTP/1.1
User-Agent: selenium/4.8.1 (java windows)
Content-Length: 50
Content-Type: application/json; charset=utf-8
host: localhost:31603
accept: */*

Response DefaultHttpResponse(decodeResult: success, version: HTTP/1.1)
HTTP/1.1 200 OK
Content-Length: 14
Content-Type: application/json; charset=utf-8
cache-control: no-cache

01:32:18.322 [AsyncHttpClient-1-7] DEBUG org.asynchttpclient.netty.channel.ChannelManager - Adding key: http://localhost:31603 for channel [id: 0x0c0502c1, L:/127.0.0.1:58309 - R:localhost/127.0.0.1:31603]
01:32:18.324 [Forwarding sendKeysToElement on session b88f42573eaec7e4fe2d457846600818 to remote] DEBUG org.asynchttpclient.netty.request.NettyRequestSender - Using pooled Channel '[id: 0x0c0502c1, L:/127.0.0.1:58309 - R:localhost/127.0.0.1:31603]' for 'POST' to 'http://localhost:31603/session/b88f42573eaec7e4fe2d457846600818/element/7e38af85-8bc8-4f81-9a1a-f54ac35b0892/value'
01:32:18.325 [Forwarding sendKeysToElement on session b88f42573eaec7e4fe2d457846600818 to remote] DEBUG org.asynchttpclient.netty.request.NettyRequestSender - Using open Channel [id: 0x0c0502c1, L:/127.0.0.1:58309 - R:localhost/127.0.0.1:31603] for POST '/session/b88f42573eaec7e4fe2d457846600818/element/7e38af85-8bc8-4f81-9a1a-f54ac35b0892/value'
01:32:18.476 [AsyncHttpClient-1-7] DEBUG org.asynchttpclient.netty.handler.HttpHandler - 

Request DefaultHttpRequest(decodeResult: success, version: HTTP/1.1)
POST /session/b88f42573eaec7e4fe2d457846600818/element/7e38af85-8bc8-4f81-9a1a-f54ac35b0892/value HTTP/1.1
User-Agent: selenium/4.8.1 (java windows)
Content-Length: 271
Content-Type: application/json; charset=utf-8
host: localhost:31603
accept: */*

Response DefaultHttpResponse(decodeResult: success, version: HTTP/1.1)
HTTP/1.1 200 OK
Content-Length: 14
Content-Type: application/json; charset=utf-8
cache-control: no-cache

01:32:18.476 [AsyncHttpClient-1-7] DEBUG org.asynchttpclient.netty.channel.ChannelManager - Adding key: http://localhost:31603 for channel [id: 0x0c0502c1, L:/127.0.0.1:58309 - R:localhost/127.0.0.1:31603]
01:32:18.484 [Forwarding getAlertText on session b88f42573eaec7e4fe2d457846600818 to remote] DEBUG org.asynchttpclient.netty.request.NettyRequestSender - Using pooled Channel '[id: 0x0c0502c1, L:/127.0.0.1:58309 - R:localhost/127.0.0.1:31603]' for 'GET' to 'http://localhost:31603/session/b88f42573eaec7e4fe2d457846600818/alert/text'
01:32:18.484 [Forwarding getAlertText on session b88f42573eaec7e4fe2d457846600818 to remote] DEBUG org.asynchttpclient.netty.request.NettyRequestSender - Using open Channel [id: 0x0c0502c1, L:/127.0.0.1:58309 - R:localhost/127.0.0.1:31603] for GET '/session/b88f42573eaec7e4fe2d457846600818/alert/text'
01:32:18.486 [AsyncHttpClient-1-7] DEBUG org.asynchttpclient.netty.handler.HttpHandler - 

Request DefaultFullHttpRequest(decodeResult: success, version: HTTP/1.1, content: EmptyByteBufBE)
GET /session/b88f42573eaec7e4fe2d457846600818/alert/text HTTP/1.1
User-Agent: selenium/4.8.1 (java windows)
Cache-Control: no-cache
Content-Type: application/json; charset=utf-8
host: localhost:31603
accept: */*

Response DefaultHttpResponse(decodeResult: success, version: HTTP/1.1)
HTTP/1.1 404 Not Found
Content-Length: 816
Content-Type: application/json; charset=utf-8
cache-control: no-cache

01:32:18.486 [AsyncHttpClient-1-7] DEBUG org.asynchttpclient.netty.channel.ChannelManager - Adding key: http://localhost:31603 for channel [id: 0x0c0502c1, L:/127.0.0.1:58309 - R:localhost/127.0.0.1:31603]
01:32:18.487 [Forwarding getCurrentUrl on session b88f42573eaec7e4fe2d457846600818 to remote] DEBUG org.asynchttpclient.netty.request.NettyRequestSender - Using pooled Channel '[id: 0x0c0502c1, L:/127.0.0.1:58309 - R:localhost/127.0.0.1:31603]' for 'GET' to 'http://localhost:31603/session/b88f42573eaec7e4fe2d457846600818/url'
01:32:18.487 [Forwarding getCurrentUrl on session b88f42573eaec7e4fe2d457846600818 to remote] DEBUG org.asynchttpclient.netty.request.NettyRequestSender - Using open Channel [id: 0x0c0502c1, L:/127.0.0.1:58309 - R:localhost/127.0.0.1:31603] for GET '/session/b88f42573eaec7e4fe2d457846600818/url'
01:32:18.493 [AsyncHttpClient-1-7] DEBUG org.asynchttpclient.netty.handler.HttpHandler - 

Request DefaultFullHttpRequest(decodeResult: success, version: HTTP/1.1, content: EmptyByteBufBE)
GET /session/b88f42573eaec7e4fe2d457846600818/url HTTP/1.1
User-Agent: selenium/4.8.1 (java windows)
Cache-Control: no-cache
Content-Type: application/json; charset=utf-8
host: localhost:31603
accept: */*

Response DefaultHttpResponse(decodeResult: success, version: HTTP/1.1)
HTTP/1.1 200 OK
Content-Length: 51
Content-Type: application/json; charset=utf-8
cache-control: no-cache

01:32:18.493 [AsyncHttpClient-1-7] DEBUG org.asynchttpclient.netty.channel.ChannelManager - Adding key: http://localhost:31603 for channel [id: 0x0c0502c1, L:/127.0.0.1:58309 - R:localhost/127.0.0.1:31603]
01:32:18.494 [Forwarding screenshot on session b88f42573eaec7e4fe2d457846600818 to remote] DEBUG org.asynchttpclient.netty.request.NettyRequestSender - Using pooled Channel '[id: 0x0c0502c1, L:/127.0.0.1:58309 - R:localhost/127.0.0.1:31603]' for 'GET' to 'http://localhost:31603/session/b88f42573eaec7e4fe2d457846600818/screenshot'
01:32:18.494 [Forwarding screenshot on session b88f42573eaec7e4fe2d457846600818 to remote] DEBUG org.asynchttpclient.netty.request.NettyRequestSender - Using open Channel [id: 0x0c0502c1, L:/127.0.0.1:58309 - R:localhost/127.0.0.1:31603] for GET '/session/b88f42573eaec7e4fe2d457846600818/screenshot'
01:32:18.623 [AsyncHttpClient-1-7] DEBUG org.asynchttpclient.netty.handler.HttpHandler - 

Request DefaultFullHttpRequest(decodeResult: success, version: HTTP/1.1, content: EmptyByteBufBE)
GET /session/b88f42573eaec7e4fe2d457846600818/screenshot HTTP/1.1
User-Agent: selenium/4.8.1 (java windows)
Cache-Control: no-cache
Content-Type: application/json; charset=utf-8
host: localhost:31603
accept: */*

Response DefaultHttpResponse(decodeResult: success, version: HTTP/1.1)
HTTP/1.1 200 OK
Content-Length: 45820
Content-Type: application/json; charset=utf-8
cache-control: no-cache

01:32:18.624 [AsyncHttpClient-1-7] DEBUG org.asynchttpclient.netty.channel.ChannelManager - Adding key: http://localhost:31603 for channel [id: 0x0c0502c1, L:/127.0.0.1:58309 - R:localhost/127.0.0.1:31603]
01:32:18.626 [main] DEBUG net.serenitybdd.core.photography.Darkroom - Send negative for processing for target\site\serenity\7b1cc77abe7e03d5c8229560b251d280ab324a36f939301b73cae963e3914b89.png
01:32:18.626 [main] DEBUG net.thucydides.core.steps.StepInterceptor - STEP DONE: inputUsername
  &amp#27;[32mWhen &amp#27;[0m&amp#27;[32mI enter valid email&amp#27;[0m                                                            &amp#27;[90m# starter.stepdefinitions.LoginSteps.enterValidUsername()&amp#27;[0m
01:32:18.626 [Darkroom Processing Line] DEBUG net.serenitybdd.core.photography.DarkroomProcessingLine - Processing screenshot image in /var/screenshots/screenshot-2474259342636432532
01:32:18.627 [Darkroom Processing Line] DEBUG net.serenitybdd.core.photography.DarkroomProcessingLine - Saving screenshot to target\site\serenity\7b1cc77abe7e03d5c8229560b251d280ab324a36f939301b73cae963e3914b89.png
01:32:18.636 [Forwarding getPageSource on session b88f42573eaec7e4fe2d457846600818 to remote] DEBUG org.asynchttpclient.netty.request.NettyRequestSender - Using pooled Channel '[id: 0x0c0502c1, L:/127.0.0.1:58309 - R:localhost/127.0.0.1:31603]' for 'POST' to 'http://localhost:31603/session/b88f42573eaec7e4fe2d457846600818/execute/sync'
01:32:18.637 [Forwarding getPageSource on session b88f42573eaec7e4fe2d457846600818 to remote] DEBUG org.asynchttpclient.netty.request.NettyRequestSender - Using open Channel [id: 0x0c0502c1, L:/127.0.0.1:58309 - R:localhost/127.0.0.1:31603] for POST '/session/b88f42573eaec7e4fe2d457846600818/execute/sync'
01:32:18.643 [AsyncHttpClient-1-7] DEBUG org.asynchttpclient.netty.handler.HttpHandler - 

Request DefaultHttpRequest(decodeResult: success, version: HTTP/1.1)
POST /session/b88f42573eaec7e4fe2d457846600818/execute/sync HTTP/1.1
User-Agent: selenium/4.8.1 (java windows)
Content-Length: 176
Content-Type: application/json; charset=utf-8
host: localhost:31603
accept: */*

Response DefaultHttpResponse(decodeResult: success, version: HTTP/1.1)
HTTP/1.1 200 OK
Content-Length: 21780
Content-Type: application/json; charset=utf-8
cache-control: no-cache

01:32:18.644 [AsyncHttpClient-1-7] DEBUG org.asynchttpclient.netty.channel.ChannelManager - Adding key: http://localhost:31603 for channel [id: 0x0c0502c1, L:/127.0.0.1:58309 - R:localhost/127.0.0.1:31603]
01:32:18.647 [Forwarding getCurrentUrl on session b88f42573eaec7e4fe2d457846600818 to remote] DEBUG org.asynchttpclient.netty.request.NettyRequestSender - Using pooled Channel '[id: 0x0c0502c1, L:/127.0.0.1:58309 - R:localhost/127.0.0.1:31603]' for 'GET' to 'http://localhost:31603/session/b88f42573eaec7e4fe2d457846600818/url'
01:32:18.647 [Forwarding getCurrentUrl on session b88f42573eaec7e4fe2d457846600818 to remote] DEBUG org.asynchttpclient.netty.request.NettyRequestSender - Using open Channel [id: 0x0c0502c1, L:/127.0.0.1:58309 - R:localhost/127.0.0.1:31603] for GET '/session/b88f42573eaec7e4fe2d457846600818/url'
01:32:18.651 [AsyncHttpClient-1-7] DEBUG org.asynchttpclient.netty.handler.HttpHandler - 

Request DefaultFullHttpRequest(decodeResult: success, version: HTTP/1.1, content: EmptyByteBufBE)
GET /session/b88f42573eaec7e4fe2d457846600818/url HTTP/1.1
User-Agent: selenium/4.8.1 (java windows)
Cache-Control: no-cache
Content-Type: application/json; charset=utf-8
host: localhost:31603
accept: */*

Response DefaultHttpResponse(decodeResult: success, version: HTTP/1.1)
HTTP/1.1 200 OK
Content-Length: 51
Content-Type: application/json; charset=utf-8
cache-control: no-cache

01:32:18.651 [AsyncHttpClient-1-7] DEBUG org.asynchttpclient.netty.channel.ChannelManager - Adding key: http://localhost:31603 for channel [id: 0x0c0502c1, L:/127.0.0.1:58309 - R:localhost/127.0.0.1:31603]
01:32:18.660 [Forwarding getPageSource on session b88f42573eaec7e4fe2d457846600818 to remote] DEBUG org.asynchttpclient.netty.request.NettyRequestSender - Using pooled Channel '[id: 0x0c0502c1, L:/127.0.0.1:58309 - R:localhost/127.0.0.1:31603]' for 'POST' to 'http://localhost:31603/session/b88f42573eaec7e4fe2d457846600818/execute/sync'
01:32:18.660 [Forwarding getPageSource on session b88f42573eaec7e4fe2d457846600818 to remote] DEBUG org.asynchttpclient.netty.request.NettyRequestSender - Using open Channel [id: 0x0c0502c1, L:/127.0.0.1:58309 - R:localhost/127.0.0.1:31603] for POST '/session/b88f42573eaec7e4fe2d457846600818/execute/sync'
01:32:18.665 [AsyncHttpClient-1-7] DEBUG org.asynchttpclient.netty.handler.HttpHandler - 

Request DefaultHttpRequest(decodeResult: success, version: HTTP/1.1)
POST /session/b88f42573eaec7e4fe2d457846600818/execute/sync HTTP/1.1
User-Agent: selenium/4.8.1 (java windows)
Content-Length: 176
Content-Type: application/json; charset=utf-8
host: localhost:31603
accept: */*

Response DefaultHttpResponse(decodeResult: success, version: HTTP/1.1)
HTTP/1.1 200 OK
Content-Length: 21780
Content-Type: application/json; charset=utf-8
cache-control: no-cache

01:32:18.665 [AsyncHttpClient-1-7] DEBUG org.asynchttpclient.netty.channel.ChannelManager - Adding key: http://localhost:31603 for channel [id: 0x0c0502c1, L:/127.0.0.1:58309 - R:localhost/127.0.0.1:31603]
01:32:18.668 [Forwarding getCurrentUrl on session b88f42573eaec7e4fe2d457846600818 to remote] DEBUG org.asynchttpclient.netty.request.NettyRequestSender - Using pooled Channel '[id: 0x0c0502c1, L:/127.0.0.1:58309 - R:localhost/127.0.0.1:31603]' for 'GET' to 'http://localhost:31603/session/b88f42573eaec7e4fe2d457846600818/url'
01:32:18.668 [Forwarding getCurrentUrl on session b88f42573eaec7e4fe2d457846600818 to remote] DEBUG org.asynchttpclient.netty.request.NettyRequestSender - Using open Channel [id: 0x0c0502c1, L:/127.0.0.1:58309 - R:localhost/127.0.0.1:31603] for GET '/session/b88f42573eaec7e4fe2d457846600818/url'
01:32:18.673 [AsyncHttpClient-1-7] DEBUG org.asynchttpclient.netty.handler.HttpHandler - 

Request DefaultFullHttpRequest(decodeResult: success, version: HTTP/1.1, content: EmptyByteBufBE)
GET /session/b88f42573eaec7e4fe2d457846600818/url HTTP/1.1
User-Agent: selenium/4.8.1 (java windows)
Cache-Control: no-cache
Content-Type: application/json; charset=utf-8
host: localhost:31603
accept: */*

Response DefaultHttpResponse(decodeResult: success, version: HTTP/1.1)
HTTP/1.1 200 OK
Content-Length: 51
Content-Type: application/json; charset=utf-8
cache-control: no-cache

01:32:18.673 [AsyncHttpClient-1-7] DEBUG org.asynchttpclient.netty.channel.ChannelManager - Adding key: http://localhost:31603 for channel [id: 0x0c0502c1, L:/127.0.0.1:58309 - R:localhost/127.0.0.1:31603]
01:32:18.675 [main] DEBUG net.thucydides.core.steps.StepInterceptor - STARTING STEP: LoginSteps.enterValidPassword - inputPassword
01:32:18.677 [Forwarding findElement on session b88f42573eaec7e4fe2d457846600818 to remote] DEBUG org.asynchttpclient.netty.request.NettyRequestSender - Using pooled Channel '[id: 0x0c0502c1, L:/127.0.0.1:58309 - R:localhost/127.0.0.1:31603]' for 'POST' to 'http://localhost:31603/session/b88f42573eaec7e4fe2d457846600818/element'
01:32:18.677 [Forwarding findElement on session b88f42573eaec7e4fe2d457846600818 to remote] DEBUG org.asynchttpclient.netty.request.NettyRequestSender - Using open Channel [id: 0x0c0502c1, L:/127.0.0.1:58309 - R:localhost/127.0.0.1:31603] for POST '/session/b88f42573eaec7e4fe2d457846600818/element'
01:32:18.688 [AsyncHttpClient-1-7] DEBUG org.asynchttpclient.netty.handler.HttpHandler - 

Request DefaultHttpRequest(decodeResult: success, version: HTTP/1.1)
POST /session/b88f42573eaec7e4fe2d457846600818/element HTTP/1.1
User-Agent: selenium/4.8.1 (java windows)
Content-Length: 68
Content-Type: application/json; charset=utf-8
host: localhost:31603
accept: */*

Response DefaultHttpResponse(decodeResult: success, version: HTTP/1.1)
HTTP/1.1 200 OK
Content-Length: 88
Content-Type: application/json; charset=utf-8
cache-control: no-cache

01:32:18.688 [AsyncHttpClient-1-7] DEBUG org.asynchttpclient.netty.channel.ChannelManager - Adding key: http://localhost:31603 for channel [id: 0x0c0502c1, L:/127.0.0.1:58309 - R:localhost/127.0.0.1:31603]
01:32:18.689 [Forwarding clearElement on session b88f42573eaec7e4fe2d457846600818 to remote] DEBUG org.asynchttpclient.netty.request.NettyRequestSender - Using pooled Channel '[id: 0x0c0502c1, L:/127.0.0.1:58309 - R:localhost/127.0.0.1:31603]' for 'POST' to 'http://localhost:31603/session/b88f42573eaec7e4fe2d457846600818/element/d634a9dd-b7c5-4496-9792-fceab57bed54/clear'
01:32:18.689 [Forwarding clearElement on session b88f42573eaec7e4fe2d457846600818 to remote] DEBUG org.asynchttpclient.netty.request.NettyRequestSender - Using open Channel [id: 0x0c0502c1, L:/127.0.0.1:58309 - R:localhost/127.0.0.1:31603] for POST '/session/b88f42573eaec7e4fe2d457846600818/element/d634a9dd-b7c5-4496-9792-fceab57bed54/clear'
01:32:18.720 [AsyncHttpClient-1-7] DEBUG org.asynchttpclient.netty.handler.HttpHandler - 

Request DefaultHttpRequest(decodeResult: success, version: HTTP/1.1)
POST /session/b88f42573eaec7e4fe2d457846600818/element/d634a9dd-b7c5-4496-9792-fceab57bed54/clear HTTP/1.1
User-Agent: selenium/4.8.1 (java windows)
Content-Length: 50
Content-Type: application/json; charset=utf-8
host: localhost:31603
accept: */*

Response DefaultHttpResponse(decodeResult: success, version: HTTP/1.1)
HTTP/1.1 200 OK
Content-Length: 14
Content-Type: application/json; charset=utf-8
cache-control: no-cache

01:32:18.720 [AsyncHttpClient-1-7] DEBUG org.asynchttpclient.netty.channel.ChannelManager - Adding key: http://localhost:31603 for channel [id: 0x0c0502c1, L:/127.0.0.1:58309 - R:localhost/127.0.0.1:31603]
01:32:18.722 [Forwarding sendKeysToElement on session b88f42573eaec7e4fe2d457846600818 to remote] DEBUG org.asynchttpclient.netty.request.NettyRequestSender - Using pooled Channel '[id: 0x0c0502c1, L:/127.0.0.1:58309 - R:localhost/127.0.0.1:31603]' for 'POST' to 'http://localhost:31603/session/b88f42573eaec7e4fe2d457846600818/element/d634a9dd-b7c5-4496-9792-fceab57bed54/value'
01:32:18.722 [Forwarding sendKeysToElement on session b88f42573eaec7e4fe2d457846600818 to remote] DEBUG org.asynchttpclient.netty.request.NettyRequestSender - Using open Channel [id: 0x0c0502c1, L:/127.0.0.1:58309 - R:localhost/127.0.0.1:31603] for POST '/session/b88f42573eaec7e4fe2d457846600818/element/d634a9dd-b7c5-4496-9792-fceab57bed54/value'
01:32:18.791 [AsyncHttpClient-1-1] DEBUG org.asynchttpclient.netty.channel.DefaultChannelPool - Entry count for : http://localhost:58310 : 1
01:32:18.807 [AsyncHttpClient-1-7] DEBUG org.asynchttpclient.netty.handler.HttpHandler - 

Request DefaultHttpRequest(decodeResult: success, version: HTTP/1.1)
POST /session/b88f42573eaec7e4fe2d457846600818/element/d634a9dd-b7c5-4496-9792-fceab57bed54/value HTTP/1.1
User-Agent: selenium/4.8.1 (java windows)
Content-Length: 171
Content-Type: application/json; charset=utf-8
host: localhost:31603
accept: */*

Response DefaultHttpResponse(decodeResult: success, version: HTTP/1.1)
HTTP/1.1 200 OK
Content-Length: 14
Content-Type: application/json; charset=utf-8
cache-control: no-cache

01:32:18.807 [AsyncHttpClient-1-7] DEBUG org.asynchttpclient.netty.channel.ChannelManager - Adding key: http://localhost:31603 for channel [id: 0x0c0502c1, L:/127.0.0.1:58309 - R:localhost/127.0.0.1:31603]
01:32:18.814 [Forwarding getAlertText on session b88f42573eaec7e4fe2d457846600818 to remote] DEBUG org.asynchttpclient.netty.request.NettyRequestSender - Using pooled Channel '[id: 0x0c0502c1, L:/127.0.0.1:58309 - R:localhost/127.0.0.1:31603]' for 'GET' to 'http://localhost:31603/session/b88f42573eaec7e4fe2d457846600818/alert/text'
01:32:18.814 [Forwarding getAlertText on session b88f42573eaec7e4fe2d457846600818 to remote] DEBUG org.asynchttpclient.netty.request.NettyRequestSender - Using open Channel [id: 0x0c0502c1, L:/127.0.0.1:58309 - R:localhost/127.0.0.1:31603] for GET '/session/b88f42573eaec7e4fe2d457846600818/alert/text'
01:32:18.815 [AsyncHttpClient-1-7] DEBUG org.asynchttpclient.netty.handler.HttpHandler - 

Request DefaultFullHttpRequest(decodeResult: success, version: HTTP/1.1, content: EmptyByteBufBE)
GET /session/b88f42573eaec7e4fe2d457846600818/alert/text HTTP/1.1
User-Agent: selenium/4.8.1 (java windows)
Cache-Control: no-cache
Content-Type: application/json; charset=utf-8
host: localhost:31603
accept: */*

Response DefaultHttpResponse(decodeResult: success, version: HTTP/1.1)
HTTP/1.1 404 Not Found
Content-Length: 816
Content-Type: application/json; charset=utf-8
cache-control: no-cache

01:32:18.816 [AsyncHttpClient-1-7] DEBUG org.asynchttpclient.netty.channel.ChannelManager - Adding key: http://localhost:31603 for channel [id: 0x0c0502c1, L:/127.0.0.1:58309 - R:localhost/127.0.0.1:31603]
01:32:18.816 [Forwarding getCurrentUrl on session b88f42573eaec7e4fe2d457846600818 to remote] DEBUG org.asynchttpclient.netty.request.NettyRequestSender - Using pooled Channel '[id: 0x0c0502c1, L:/127.0.0.1:58309 - R:localhost/127.0.0.1:31603]' for 'GET' to 'http://localhost:31603/session/b88f42573eaec7e4fe2d457846600818/url'
01:32:18.817 [Forwarding getCurrentUrl on session b88f42573eaec7e4fe2d457846600818 to remote] DEBUG org.asynchttpclient.netty.request.NettyRequestSender - Using open Channel [id: 0x0c0502c1, L:/127.0.0.1:58309 - R:localhost/127.0.0.1:31603] for GET '/session/b88f42573eaec7e4fe2d457846600818/url'
01:32:18.822 [AsyncHttpClient-1-7] DEBUG org.asynchttpclient.netty.handler.HttpHandler - 

Request DefaultFullHttpRequest(decodeResult: success, version: HTTP/1.1, content: EmptyByteBufBE)
GET /session/b88f42573eaec7e4fe2d457846600818/url HTTP/1.1
User-Agent: selenium/4.8.1 (java windows)
Cache-Control: no-cache
Content-Type: application/json; charset=utf-8
host: localhost:31603
accept: */*

Response DefaultHttpResponse(decodeResult: success, version: HTTP/1.1)
HTTP/1.1 200 OK
Content-Length: 51
Content-Type: application/json; charset=utf-8
cache-control: no-cache

01:32:18.823 [AsyncHttpClient-1-7] DEBUG org.asynchttpclient.netty.channel.ChannelManager - Adding key: http://localhost:31603 for channel [id: 0x0c0502c1, L:/127.0.0.1:58309 - R:localhost/127.0.0.1:31603]
01:32:18.823 [Forwarding screenshot on session b88f42573eaec7e4fe2d457846600818 to remote] DEBUG org.asynchttpclient.netty.request.NettyRequestSender - Using pooled Channel '[id: 0x0c0502c1, L:/127.0.0.1:58309 - R:localhost/127.0.0.1:31603]' for 'GET' to 'http://localhost:31603/session/b88f42573eaec7e4fe2d457846600818/screenshot'
01:32:18.823 [Forwarding screenshot on session b88f42573eaec7e4fe2d457846600818 to remote] DEBUG org.asynchttpclient.netty.request.NettyRequestSender - Using open Channel [id: 0x0c0502c1, L:/127.0.0.1:58309 - R:localhost/127.0.0.1:31603] for GET '/session/b88f42573eaec7e4fe2d457846600818/screenshot'
01:32:18.965 [AsyncHttpClient-1-7] DEBUG org.asynchttpclient.netty.handler.HttpHandler - 

Request DefaultFullHttpRequest(decodeResult: success, version: HTTP/1.1, content: EmptyByteBufBE)
GET /session/b88f42573eaec7e4fe2d457846600818/screenshot HTTP/1.1
User-Agent: selenium/4.8.1 (java windows)
Cache-Control: no-cache
Content-Type: application/json; charset=utf-8
host: localhost:31603
accept: */*

Response DefaultHttpResponse(decodeResult: success, version: HTTP/1.1)
HTTP/1.1 200 OK
Content-Length: 48592
Content-Type: application/json; charset=utf-8
cache-control: no-cache

01:32:18.966 [AsyncHttpClient-1-7] DEBUG org.asynchttpclient.netty.channel.ChannelManager - Adding key: http://localhost:31603 for channel [id: 0x0c0502c1, L:/127.0.0.1:58309 - R:localhost/127.0.0.1:31603]
01:32:18.969 [main] DEBUG net.serenitybdd.core.photography.Darkroom - Send negative for processing for target\site\serenity\6c5663662bd8b4f85ea0951e1775402242bc22eb918b98a1bf3bb921aedb3219.png
01:32:18.969 [main] DEBUG net.thucydides.core.steps.StepInterceptor - STEP DONE: inputPassword
  &amp#27;[32mAnd &amp#27;[0m&amp#27;[32mI enter valid password&amp#27;[0m                                                          &amp#27;[90m# starter.stepdefinitions.LoginSteps.enterValidPassword()&amp#27;[0m
01:32:18.969 [Darkroom Processing Line] DEBUG net.serenitybdd.core.photography.DarkroomProcessingLine - Processing screenshot image in /var/screenshots/screenshot-6158629015302984431
01:32:18.969 [Darkroom Processing Line] DEBUG net.serenitybdd.core.photography.DarkroomProcessingLine - Saving screenshot to target\site\serenity\6c5663662bd8b4f85ea0951e1775402242bc22eb918b98a1bf3bb921aedb3219.png
01:32:18.980 [Forwarding getPageSource on session b88f42573eaec7e4fe2d457846600818 to remote] DEBUG org.asynchttpclient.netty.request.NettyRequestSender - Using pooled Channel '[id: 0x0c0502c1, L:/127.0.0.1:58309 - R:localhost/127.0.0.1:31603]' for 'POST' to 'http://localhost:31603/session/b88f42573eaec7e4fe2d457846600818/execute/sync'
01:32:18.980 [Forwarding getPageSource on session b88f42573eaec7e4fe2d457846600818 to remote] DEBUG org.asynchttpclient.netty.request.NettyRequestSender - Using open Channel [id: 0x0c0502c1, L:/127.0.0.1:58309 - R:localhost/127.0.0.1:31603] for POST '/session/b88f42573eaec7e4fe2d457846600818/execute/sync'
01:32:18.986 [AsyncHttpClient-1-7] DEBUG org.asynchttpclient.netty.handler.HttpHandler - 

Request DefaultHttpRequest(decodeResult: success, version: HTTP/1.1)
POST /session/b88f42573eaec7e4fe2d457846600818/execute/sync HTTP/1.1
User-Agent: selenium/4.8.1 (java windows)
Content-Length: 176
Content-Type: application/json; charset=utf-8
host: localhost:31603
accept: */*

Response DefaultHttpResponse(decodeResult: success, version: HTTP/1.1)
HTTP/1.1 200 OK
Content-Length: 21839
Content-Type: application/json; charset=utf-8
cache-control: no-cache

01:32:18.986 [AsyncHttpClient-1-7] DEBUG org.asynchttpclient.netty.channel.ChannelManager - Adding key: http://localhost:31603 for channel [id: 0x0c0502c1, L:/127.0.0.1:58309 - R:localhost/127.0.0.1:31603]
01:32:18.989 [Forwarding getCurrentUrl on session b88f42573eaec7e4fe2d457846600818 to remote] DEBUG org.asynchttpclient.netty.request.NettyRequestSender - Using pooled Channel '[id: 0x0c0502c1, L:/127.0.0.1:58309 - R:localhost/127.0.0.1:31603]' for 'GET' to 'http://localhost:31603/session/b88f42573eaec7e4fe2d457846600818/url'
01:32:18.990 [Forwarding getCurrentUrl on session b88f42573eaec7e4fe2d457846600818 to remote] DEBUG org.asynchttpclient.netty.request.NettyRequestSender - Using open Channel [id: 0x0c0502c1, L:/127.0.0.1:58309 - R:localhost/127.0.0.1:31603] for GET '/session/b88f42573eaec7e4fe2d457846600818/url'
01:32:18.994 [AsyncHttpClient-1-7] DEBUG org.asynchttpclient.netty.handler.HttpHandler - 

Request DefaultFullHttpRequest(decodeResult: success, version: HTTP/1.1, content: EmptyByteBufBE)
GET /session/b88f42573eaec7e4fe2d457846600818/url HTTP/1.1
User-Agent: selenium/4.8.1 (java windows)
Cache-Control: no-cache
Content-Type: application/json; charset=utf-8
host: localhost:31603
accept: */*

Response DefaultHttpResponse(decodeResult: success, version: HTTP/1.1)
HTTP/1.1 200 OK
Content-Length: 51
Content-Type: application/json; charset=utf-8
cache-control: no-cache

01:32:18.994 [AsyncHttpClient-1-7] DEBUG org.asynchttpclient.netty.channel.ChannelManager - Adding key: http://localhost:31603 for channel [id: 0x0c0502c1, L:/127.0.0.1:58309 - R:localhost/127.0.0.1:31603]
01:32:19.001 [Forwarding getPageSource on session b88f42573eaec7e4fe2d457846600818 to remote] DEBUG org.asynchttpclient.netty.request.NettyRequestSender - Using pooled Channel '[id: 0x0c0502c1, L:/127.0.0.1:58309 - R:localhost/127.0.0.1:31603]' for 'POST' to 'http://localhost:31603/session/b88f42573eaec7e4fe2d457846600818/execute/sync'
01:32:19.002 [Forwarding getPageSource on session b88f42573eaec7e4fe2d457846600818 to remote] DEBUG org.asynchttpclient.netty.request.NettyRequestSender - Using open Channel [id: 0x0c0502c1, L:/127.0.0.1:58309 - R:localhost/127.0.0.1:31603] for POST '/session/b88f42573eaec7e4fe2d457846600818/execute/sync'
01:32:19.010 [AsyncHttpClient-1-7] DEBUG org.asynchttpclient.netty.handler.HttpHandler - 

Request DefaultHttpRequest(decodeResult: success, version: HTTP/1.1)
POST /session/b88f42573eaec7e4fe2d457846600818/execute/sync HTTP/1.1
User-Agent: selenium/4.8.1 (java windows)
Content-Length: 176
Content-Type: application/json; charset=utf-8
host: localhost:31603
accept: */*

Response DefaultHttpResponse(decodeResult: success, version: HTTP/1.1)
HTTP/1.1 200 OK
Content-Length: 21839
Content-Type: application/json; charset=utf-8
cache-control: no-cache

01:32:19.010 [AsyncHttpClient-1-7] DEBUG org.asynchttpclient.netty.channel.ChannelManager - Adding key: http://localhost:31603 for channel [id: 0x0c0502c1, L:/127.0.0.1:58309 - R:localhost/127.0.0.1:31603]
01:32:19.014 [Forwarding getCurrentUrl on session b88f42573eaec7e4fe2d457846600818 to remote] DEBUG org.asynchttpclient.netty.request.NettyRequestSender - Using pooled Channel '[id: 0x0c0502c1, L:/127.0.0.1:58309 - R:localhost/127.0.0.1:31603]' for 'GET' to 'http://localhost:31603/session/b88f42573eaec7e4fe2d457846600818/url'
01:32:19.014 [Forwarding getCurrentUrl on session b88f42573eaec7e4fe2d457846600818 to remote] DEBUG org.asynchttpclient.netty.request.NettyRequestSender - Using open Channel [id: 0x0c0502c1, L:/127.0.0.1:58309 - R:localhost/127.0.0.1:31603] for GET '/session/b88f42573eaec7e4fe2d457846600818/url'
01:32:19.018 [AsyncHttpClient-1-7] DEBUG org.asynchttpclient.netty.handler.HttpHandler - 

Request DefaultFullHttpRequest(decodeResult: success, version: HTTP/1.1, content: EmptyByteBufBE)
GET /session/b88f42573eaec7e4fe2d457846600818/url HTTP/1.1
User-Agent: selenium/4.8.1 (java windows)
Cache-Control: no-cache
Content-Type: application/json; charset=utf-8
host: localhost:31603
accept: */*

Response DefaultHttpResponse(decodeResult: success, version: HTTP/1.1)
HTTP/1.1 200 OK
Content-Length: 51
Content-Type: application/json; charset=utf-8
cache-control: no-cache

01:32:19.018 [AsyncHttpClient-1-7] DEBUG org.asynchttpclient.netty.channel.ChannelManager - Adding key: http://localhost:31603 for channel [id: 0x0c0502c1, L:/127.0.0.1:58309 - R:localhost/127.0.0.1:31603]
01:32:19.021 [main] DEBUG net.thucydides.core.steps.StepInterceptor - STARTING STEP: LoginSteps.clickLoginButton - clickLoginButton
01:32:19.024 [Forwarding findElement on session b88f42573eaec7e4fe2d457846600818 to remote] DEBUG org.asynchttpclient.netty.request.NettyRequestSender - Using pooled Channel '[id: 0x0c0502c1, L:/127.0.0.1:58309 - R:localhost/127.0.0.1:31603]' for 'POST' to 'http://localhost:31603/session/b88f42573eaec7e4fe2d457846600818/element'
01:32:19.024 [Forwarding findElement on session b88f42573eaec7e4fe2d457846600818 to remote] DEBUG org.asynchttpclient.netty.request.NettyRequestSender - Using open Channel [id: 0x0c0502c1, L:/127.0.0.1:58309 - R:localhost/127.0.0.1:31603] for POST '/session/b88f42573eaec7e4fe2d457846600818/element'
01:32:19.032 [AsyncHttpClient-1-7] DEBUG org.asynchttpclient.netty.handler.HttpHandler - 

Request DefaultHttpRequest(decodeResult: success, version: HTTP/1.1)
POST /session/b88f42573eaec7e4fe2d457846600818/element HTTP/1.1
User-Agent: selenium/4.8.1 (java windows)
Content-Length: 165
Content-Type: application/json; charset=utf-8
host: localhost:31603
accept: */*

Response DefaultHttpResponse(decodeResult: success, version: HTTP/1.1)
HTTP/1.1 200 OK
Content-Length: 88
Content-Type: application/json; charset=utf-8
cache-control: no-cache

01:32:19.032 [AsyncHttpClient-1-7] DEBUG org.asynchttpclient.netty.channel.ChannelManager - Adding key: http://localhost:31603 for channel [id: 0x0c0502c1, L:/127.0.0.1:58309 - R:localhost/127.0.0.1:31603]
01:32:19.033 [Forwarding getElementTagName on session b88f42573eaec7e4fe2d457846600818 to remote] DEBUG org.asynchttpclient.netty.request.NettyRequestSender - Using pooled Channel '[id: 0x0c0502c1, L:/127.0.0.1:58309 - R:localhost/127.0.0.1:31603]' for 'GET' to 'http://localhost:31603/session/b88f42573eaec7e4fe2d457846600818/element/3f05fbba-518a-44f1-9461-0803874fb40d/name'
01:32:19.033 [Forwarding getElementTagName on session b88f42573eaec7e4fe2d457846600818 to remote] DEBUG org.asynchttpclient.netty.request.NettyRequestSender - Using open Channel [id: 0x0c0502c1, L:/127.0.0.1:58309 - R:localhost/127.0.0.1:31603] for GET '/session/b88f42573eaec7e4fe2d457846600818/element/3f05fbba-518a-44f1-9461-0803874fb40d/name'
01:32:19.040 [AsyncHttpClient-1-7] DEBUG org.asynchttpclient.netty.handler.HttpHandler - 

Request DefaultFullHttpRequest(decodeResult: success, version: HTTP/1.1, content: EmptyByteBufBE)
GET /session/b88f42573eaec7e4fe2d457846600818/element/3f05fbba-518a-44f1-9461-0803874fb40d/name HTTP/1.1
User-Agent: selenium/4.8.1 (java windows)
Cache-Control: no-cache
Content-Type: application/json; charset=utf-8
host: localhost:31603
accept: */*

Response DefaultHttpResponse(decodeResult: success, version: HTTP/1.1)
HTTP/1.1 200 OK
Content-Length: 16
Content-Type: application/json; charset=utf-8
cache-control: no-cache

01:32:19.041 [AsyncHttpClient-1-7] DEBUG org.asynchttpclient.netty.channel.ChannelManager - Adding key: http://localhost:31603 for channel [id: 0x0c0502c1, L:/127.0.0.1:58309 - R:localhost/127.0.0.1:31603]
01:32:19.042 [Forwarding getElementTagName on session b88f42573eaec7e4fe2d457846600818 to remote] DEBUG org.asynchttpclient.netty.request.NettyRequestSender - Using pooled Channel '[id: 0x0c0502c1, L:/127.0.0.1:58309 - R:localhost/127.0.0.1:31603]' for 'GET' to 'http://localhost:31603/session/b88f42573eaec7e4fe2d457846600818/element/3f05fbba-518a-44f1-9461-0803874fb40d/name'
01:32:19.042 [Forwarding getElementTagName on session b88f42573eaec7e4fe2d457846600818 to remote] DEBUG org.asynchttpclient.netty.request.NettyRequestSender - Using open Channel [id: 0x0c0502c1, L:/127.0.0.1:58309 - R:localhost/127.0.0.1:31603] for GET '/session/b88f42573eaec7e4fe2d457846600818/element/3f05fbba-518a-44f1-9461-0803874fb40d/name'
01:32:19.046 [AsyncHttpClient-1-7] DEBUG org.asynchttpclient.netty.handler.HttpHandler - 

Request DefaultFullHttpRequest(decodeResult: success, version: HTTP/1.1, content: EmptyByteBufBE)
GET /session/b88f42573eaec7e4fe2d457846600818/element/3f05fbba-518a-44f1-9461-0803874fb40d/name HTTP/1.1
User-Agent: selenium/4.8.1 (java windows)
Cache-Control: no-cache
Content-Type: application/json; charset=utf-8
host: localhost:31603
accept: */*

Response DefaultHttpResponse(decodeResult: success, version: HTTP/1.1)
HTTP/1.1 200 OK
Content-Length: 16
Content-Type: application/json; charset=utf-8
cache-control: no-cache

01:32:19.046 [AsyncHttpClient-1-7] DEBUG org.asynchttpclient.netty.channel.ChannelManager - Adding key: http://localhost:31603 for channel [id: 0x0c0502c1, L:/127.0.0.1:58309 - R:localhost/127.0.0.1:31603]
01:32:19.048 [Forwarding findElement on session b88f42573eaec7e4fe2d457846600818 to remote] DEBUG org.asynchttpclient.netty.request.NettyRequestSender - Using pooled Channel '[id: 0x0c0502c1, L:/127.0.0.1:58309 - R:localhost/127.0.0.1:31603]' for 'POST' to 'http://localhost:31603/session/b88f42573eaec7e4fe2d457846600818/element'
01:32:19.048 [Forwarding findElement on session b88f42573eaec7e4fe2d457846600818 to remote] DEBUG org.asynchttpclient.netty.request.NettyRequestSender - Using open Channel [id: 0x0c0502c1, L:/127.0.0.1:58309 - R:localhost/127.0.0.1:31603] for POST '/session/b88f42573eaec7e4fe2d457846600818/element'
01:32:19.058 [AsyncHttpClient-1-7] DEBUG org.asynchttpclient.netty.handler.HttpHandler - 

Request DefaultHttpRequest(decodeResult: success, version: HTTP/1.1)
POST /session/b88f42573eaec7e4fe2d457846600818/element HTTP/1.1
User-Agent: selenium/4.8.1 (java windows)
Content-Length: 165
Content-Type: application/json; charset=utf-8
host: localhost:31603
accept: */*

Response DefaultHttpResponse(decodeResult: success, version: HTTP/1.1)
HTTP/1.1 200 OK
Content-Length: 88
Content-Type: application/json; charset=utf-8
cache-control: no-cache

01:32:19.058 [AsyncHttpClient-1-7] DEBUG org.asynchttpclient.netty.channel.ChannelManager - Adding key: http://localhost:31603 for channel [id: 0x0c0502c1, L:/127.0.0.1:58309 - R:localhost/127.0.0.1:31603]
01:32:19.059 [Forwarding clickElement on session b88f42573eaec7e4fe2d457846600818 to remote] DEBUG org.asynchttpclient.netty.request.NettyRequestSender - Using pooled Channel '[id: 0x0c0502c1, L:/127.0.0.1:58309 - R:localhost/127.0.0.1:31603]' for 'POST' to 'http://localhost:31603/session/b88f42573eaec7e4fe2d457846600818/element/3f05fbba-518a-44f1-9461-0803874fb40d/click'
01:32:19.060 [Forwarding clickElement on session b88f42573eaec7e4fe2d457846600818 to remote] DEBUG org.asynchttpclient.netty.request.NettyRequestSender - Using open Channel [id: 0x0c0502c1, L:/127.0.0.1:58309 - R:localhost/127.0.0.1:31603] for POST '/session/b88f42573eaec7e4fe2d457846600818/element/3f05fbba-518a-44f1-9461-0803874fb40d/click'
01:32:19.112 [AsyncHttpClient-1-7] DEBUG org.asynchttpclient.netty.handler.HttpHandler - 

Request DefaultHttpRequest(decodeResult: success, version: HTTP/1.1)
POST /session/b88f42573eaec7e4fe2d457846600818/element/3f05fbba-518a-44f1-9461-0803874fb40d/click HTTP/1.1
User-Agent: selenium/4.8.1 (java windows)
Content-Length: 50
Content-Type: application/json; charset=utf-8
host: localhost:31603
accept: */*

Response DefaultHttpResponse(decodeResult: success, version: HTTP/1.1)
HTTP/1.1 200 OK
Content-Length: 14
Content-Type: application/json; charset=utf-8
cache-control: no-cache

01:32:19.112 [AsyncHttpClient-1-7] DEBUG org.asynchttpclient.netty.channel.ChannelManager - Adding key: http://localhost:31603 for channel [id: 0x0c0502c1, L:/127.0.0.1:58309 - R:localhost/127.0.0.1:31603]
01:32:19.119 [Forwarding getAlertText on session b88f42573eaec7e4fe2d457846600818 to remote] DEBUG org.asynchttpclient.netty.request.NettyRequestSender - Using pooled Channel '[id: 0x0c0502c1, L:/127.0.0.1:58309 - R:localhost/127.0.0.1:31603]' for 'GET' to 'http://localhost:31603/session/b88f42573eaec7e4fe2d457846600818/alert/text'
01:32:19.119 [Forwarding getAlertText on session b88f42573eaec7e4fe2d457846600818 to remote] DEBUG org.asynchttpclient.netty.request.NettyRequestSender - Using open Channel [id: 0x0c0502c1, L:/127.0.0.1:58309 - R:localhost/127.0.0.1:31603] for GET '/session/b88f42573eaec7e4fe2d457846600818/alert/text'
01:32:19.123 [AsyncHttpClient-1-7] DEBUG org.asynchttpclient.netty.handler.HttpHandler - 

Request DefaultFullHttpRequest(decodeResult: success, version: HTTP/1.1, content: EmptyByteBufBE)
GET /session/b88f42573eaec7e4fe2d457846600818/alert/text HTTP/1.1
User-Agent: selenium/4.8.1 (java windows)
Cache-Control: no-cache
Content-Type: application/json; charset=utf-8
host: localhost:31603
accept: */*

Response DefaultHttpResponse(decodeResult: success, version: HTTP/1.1)
HTTP/1.1 404 Not Found
Content-Length: 816
Content-Type: application/json; charset=utf-8
cache-control: no-cache

01:32:19.124 [AsyncHttpClient-1-7] DEBUG org.asynchttpclient.netty.channel.ChannelManager - Adding key: http://localhost:31603 for channel [id: 0x0c0502c1, L:/127.0.0.1:58309 - R:localhost/127.0.0.1:31603]
01:32:19.125 [Forwarding getCurrentUrl on session b88f42573eaec7e4fe2d457846600818 to remote] DEBUG org.asynchttpclient.netty.request.NettyRequestSender - Using pooled Channel '[id: 0x0c0502c1, L:/127.0.0.1:58309 - R:localhost/127.0.0.1:31603]' for 'GET' to 'http://localhost:31603/session/b88f42573eaec7e4fe2d457846600818/url'
01:32:19.125 [Forwarding getCurrentUrl on session b88f42573eaec7e4fe2d457846600818 to remote] DEBUG org.asynchttpclient.netty.request.NettyRequestSender - Using open Channel [id: 0x0c0502c1, L:/127.0.0.1:58309 - R:localhost/127.0.0.1:31603] for GET '/session/b88f42573eaec7e4fe2d457846600818/url'
01:32:19.130 [AsyncHttpClient-1-7] DEBUG org.asynchttpclient.netty.handler.HttpHandler - 

Request DefaultFullHttpRequest(decodeResult: success, version: HTTP/1.1, content: EmptyByteBufBE)
GET /session/b88f42573eaec7e4fe2d457846600818/url HTTP/1.1
User-Agent: selenium/4.8.1 (java windows)
Cache-Control: no-cache
Content-Type: application/json; charset=utf-8
host: localhost:31603
accept: */*

Response DefaultHttpResponse(decodeResult: success, version: HTTP/1.1)
HTTP/1.1 200 OK
Content-Length: 51
Content-Type: application/json; charset=utf-8
cache-control: no-cache

01:32:19.130 [AsyncHttpClient-1-7] DEBUG org.asynchttpclient.netty.channel.ChannelManager - Adding key: http://localhost:31603 for channel [id: 0x0c0502c1, L:/127.0.0.1:58309 - R:localhost/127.0.0.1:31603]
01:32:19.131 [Forwarding screenshot on session b88f42573eaec7e4fe2d457846600818 to remote] DEBUG org.asynchttpclient.netty.request.NettyRequestSender - Using pooled Channel '[id: 0x0c0502c1, L:/127.0.0.1:58309 - R:localhost/127.0.0.1:31603]' for 'GET' to 'http://localhost:31603/session/b88f42573eaec7e4fe2d457846600818/screenshot'
01:32:19.131 [Forwarding screenshot on session b88f42573eaec7e4fe2d457846600818 to remote] DEBUG org.asynchttpclient.netty.request.NettyRequestSender - Using open Channel [id: 0x0c0502c1, L:/127.0.0.1:58309 - R:localhost/127.0.0.1:31603] for GET '/session/b88f42573eaec7e4fe2d457846600818/screenshot'
01:32:19.429 [AsyncHttpClient-1-7] DEBUG org.asynchttpclient.netty.handler.HttpHandler - 

Request DefaultFullHttpRequest(decodeResult: success, version: HTTP/1.1, content: EmptyByteBufBE)
GET /session/b88f42573eaec7e4fe2d457846600818/screenshot HTTP/1.1
User-Agent: selenium/4.8.1 (java windows)
Cache-Control: no-cache
Content-Type: application/json; charset=utf-8
host: localhost:31603
accept: */*

Response DefaultHttpResponse(decodeResult: success, version: HTTP/1.1)
HTTP/1.1 200 OK
Content-Length: 47288
Content-Type: application/json; charset=utf-8
cache-control: no-cache

01:32:19.429 [AsyncHttpClient-1-7] DEBUG org.asynchttpclient.netty.channel.ChannelManager - Adding key: http://localhost:31603 for channel [id: 0x0c0502c1, L:/127.0.0.1:58309 - R:localhost/127.0.0.1:31603]
01:32:19.432 [main] DEBUG net.serenitybdd.core.photography.Darkroom - Send negative for processing for target\site\serenity\7b01d035157fe16cf89b89071c64045406536f1a7e5a0a6308ff6203190b8679.png
01:32:19.432 [main] DEBUG net.thucydides.core.steps.StepInterceptor - STEP DONE: clickLoginButton
01:32:19.433 [Darkroom Processing Line] DEBUG net.serenitybdd.core.photography.DarkroomProcessingLine - Processing screenshot image in /var/screenshots/screenshot-6838041924854819300
  &amp#27;[32mAnd &amp#27;[0m&amp#27;[32mI click login button&amp#27;[0m                                                            &amp#27;[90m# starter.stepdefinitions.LoginSteps.clickLoginButton()&amp#27;[0m
01:32:19.433 [Darkroom Processing Line] DEBUG net.serenitybdd.core.photography.DarkroomProcessingLine - Saving screenshot to target\site\serenity\7b01d035157fe16cf89b89071c64045406536f1a7e5a0a6308ff6203190b8679.png
01:32:19.445 [Forwarding getPageSource on session b88f42573eaec7e4fe2d457846600818 to remote] DEBUG org.asynchttpclient.netty.request.NettyRequestSender - Using pooled Channel '[id: 0x0c0502c1, L:/127.0.0.1:58309 - R:localhost/127.0.0.1:31603]' for 'POST' to 'http://localhost:31603/session/b88f42573eaec7e4fe2d457846600818/execute/sync'
01:32:19.446 [Forwarding getPageSource on session b88f42573eaec7e4fe2d457846600818 to remote] DEBUG org.asynchttpclient.netty.request.NettyRequestSender - Using open Channel [id: 0x0c0502c1, L:/127.0.0.1:58309 - R:localhost/127.0.0.1:31603] for POST '/session/b88f42573eaec7e4fe2d457846600818/execute/sync'
01:32:19.454 [AsyncHttpClient-1-7] DEBUG org.asynchttpclient.netty.handler.HttpHandler - 

Request DefaultHttpRequest(decodeResult: success, version: HTTP/1.1)
POST /session/b88f42573eaec7e4fe2d457846600818/execute/sync HTTP/1.1
User-Agent: selenium/4.8.1 (java windows)
Content-Length: 176
Content-Type: application/json; charset=utf-8
host: localhost:31603
accept: */*

Response DefaultHttpResponse(decodeResult: success, version: HTTP/1.1)
HTTP/1.1 200 OK
Content-Length: 28798
Content-Type: application/json; charset=utf-8
cache-control: no-cache

01:32:19.454 [AsyncHttpClient-1-7] DEBUG org.asynchttpclient.netty.channel.ChannelManager - Adding key: http://localhost:31603 for channel [id: 0x0c0502c1, L:/127.0.0.1:58309 - R:localhost/127.0.0.1:31603]
01:32:19.460 [Forwarding getCurrentUrl on session b88f42573eaec7e4fe2d457846600818 to remote] DEBUG org.asynchttpclient.netty.request.NettyRequestSender - Using pooled Channel '[id: 0x0c0502c1, L:/127.0.0.1:58309 - R:localhost/127.0.0.1:31603]' for 'GET' to 'http://localhost:31603/session/b88f42573eaec7e4fe2d457846600818/url'
01:32:19.460 [Forwarding getCurrentUrl on session b88f42573eaec7e4fe2d457846600818 to remote] DEBUG org.asynchttpclient.netty.request.NettyRequestSender - Using open Channel [id: 0x0c0502c1, L:/127.0.0.1:58309 - R:localhost/127.0.0.1:31603] for GET '/session/b88f42573eaec7e4fe2d457846600818/url'
01:32:19.468 [AsyncHttpClient-1-7] DEBUG org.asynchttpclient.netty.handler.HttpHandler - 

Request DefaultFullHttpRequest(decodeResult: success, version: HTTP/1.1, content: EmptyByteBufBE)
GET /session/b88f42573eaec7e4fe2d457846600818/url HTTP/1.1
User-Agent: selenium/4.8.1 (java windows)
Cache-Control: no-cache
Content-Type: application/json; charset=utf-8
host: localhost:31603
accept: */*

Response DefaultHttpResponse(decodeResult: success, version: HTTP/1.1)
HTTP/1.1 200 OK
Content-Length: 41
Content-Type: application/json; charset=utf-8
cache-control: no-cache

01:32:19.468 [AsyncHttpClient-1-7] DEBUG org.asynchttpclient.netty.channel.ChannelManager - Adding key: http://localhost:31603 for channel [id: 0x0c0502c1, L:/127.0.0.1:58309 - R:localhost/127.0.0.1:31603]
01:32:19.479 [Forwarding findElement on session b88f42573eaec7e4fe2d457846600818 to remote] DEBUG org.asynchttpclient.netty.request.NettyRequestSender - Using pooled Channel '[id: 0x0c0502c1, L:/127.0.0.1:58309 - R:localhost/127.0.0.1:31603]' for 'POST' to 'http://localhost:31603/session/b88f42573eaec7e4fe2d457846600818/element'
01:32:19.479 [Forwarding findElement on session b88f42573eaec7e4fe2d457846600818 to remote] DEBUG org.asynchttpclient.netty.request.NettyRequestSender - Using open Channel [id: 0x0c0502c1, L:/127.0.0.1:58309 - R:localhost/127.0.0.1:31603] for POST '/session/b88f42573eaec7e4fe2d457846600818/element'
01:32:19.497 [AsyncHttpClient-1-7] DEBUG org.asynchttpclient.netty.handler.HttpHandler - 

Request DefaultHttpRequest(decodeResult: success, version: HTTP/1.1)
POST /session/b88f42573eaec7e4fe2d457846600818/element HTTP/1.1
User-Agent: selenium/4.8.1 (java windows)
Content-Length: 48
Content-Type: application/json; charset=utf-8
host: localhost:31603
accept: */*

Response DefaultHttpResponse(decodeResult: success, version: HTTP/1.1)
HTTP/1.1 200 OK
Content-Length: 88
Content-Type: application/json; charset=utf-8
cache-control: no-cache

01:32:19.497 [AsyncHttpClient-1-7] DEBUG org.asynchttpclient.netty.channel.ChannelManager - Adding key: http://localhost:31603 for channel [id: 0x0c0502c1, L:/127.0.0.1:58309 - R:localhost/127.0.0.1:31603]
01:32:19.500 [Forwarding isElementDisplayed on session b88f42573eaec7e4fe2d457846600818 to remote] DEBUG org.asynchttpclient.netty.request.NettyRequestSender - Using pooled Channel '[id: 0x0c0502c1, L:/127.0.0.1:58309 - R:localhost/127.0.0.1:31603]' for 'POST' to 'http://localhost:31603/session/b88f42573eaec7e4fe2d457846600818/execute/sync'
01:32:19.500 [Forwarding isElementDisplayed on session b88f42573eaec7e4fe2d457846600818 to remote] DEBUG org.asynchttpclient.netty.request.NettyRequestSender - Using open Channel [id: 0x0c0502c1, L:/127.0.0.1:58309 - R:localhost/127.0.0.1:31603] for POST '/session/b88f42573eaec7e4fe2d457846600818/execute/sync'
01:32:19.902 [AsyncHttpClient-1-1] DEBUG org.asynchttpclient.netty.channel.DefaultChannelPool - Entry count for : http://localhost:58310 : 1
01:32:20.929 [AsyncHttpClient-1-7] DEBUG org.asynchttpclient.netty.handler.HttpHandler - 

Request DefaultHttpRequest(decodeResult: success, version: HTTP/1.1)
POST /session/b88f42573eaec7e4fe2d457846600818/execute/sync HTTP/1.1
User-Agent: selenium/4.8.1 (java windows)
Content-Length: 48807
Content-Type: application/json; charset=utf-8
host: localhost:31603
accept: */*

Response DefaultHttpResponse(decodeResult: success, version: HTTP/1.1)
HTTP/1.1 200 OK
Content-Length: 14
Content-Type: application/json; charset=utf-8
cache-control: no-cache

01:32:20.929 [AsyncHttpClient-1-7] DEBUG org.asynchttpclient.netty.channel.ChannelManager - Adding key: http://localhost:31603 for channel [id: 0x0c0502c1, L:/127.0.0.1:58309 - R:localhost/127.0.0.1:31603]
  &amp#27;[32mThen &amp#27;[0m&amp#27;[32mI am on the product page&amp#27;[0m                                                       &amp#27;[90m# starter.stepdefinitions.LoginSteps.onTheProductPage()&amp#27;[0m
01:32:20.939 [Forwarding getAlertText on session b88f42573eaec7e4fe2d457846600818 to remote] DEBUG org.asynchttpclient.netty.request.NettyRequestSender - Using pooled Channel '[id: 0x0c0502c1, L:/127.0.0.1:58309 - R:localhost/127.0.0.1:31603]' for 'GET' to 'http://localhost:31603/session/b88f42573eaec7e4fe2d457846600818/alert/text'
01:32:20.939 [Forwarding getAlertText on session b88f42573eaec7e4fe2d457846600818 to remote] DEBUG org.asynchttpclient.netty.request.NettyRequestSender - Using open Channel [id: 0x0c0502c1, L:/127.0.0.1:58309 - R:localhost/127.0.0.1:31603] for GET '/session/b88f42573eaec7e4fe2d457846600818/alert/text'
01:32:20.941 [AsyncHttpClient-1-7] DEBUG org.asynchttpclient.netty.handler.HttpHandler - 

Request DefaultFullHttpRequest(decodeResult: success, version: HTTP/1.1, content: EmptyByteBufBE)
GET /session/b88f42573eaec7e4fe2d457846600818/alert/text HTTP/1.1
User-Agent: selenium/4.8.1 (java windows)
Cache-Control: no-cache
Content-Type: application/json; charset=utf-8
host: localhost:31603
accept: */*

Response DefaultHttpResponse(decodeResult: success, version: HTTP/1.1)
HTTP/1.1 404 Not Found
Content-Length: 816
Content-Type: application/json; charset=utf-8
cache-control: no-cache

01:32:20.941 [AsyncHttpClient-1-7] DEBUG org.asynchttpclient.netty.channel.ChannelManager - Adding key: http://localhost:31603 for channel [id: 0x0c0502c1, L:/127.0.0.1:58309 - R:localhost/127.0.0.1:31603]
01:32:20.942 [Forwarding getCurrentUrl on session b88f42573eaec7e4fe2d457846600818 to remote] DEBUG org.asynchttpclient.netty.request.NettyRequestSender - Using pooled Channel '[id: 0x0c0502c1, L:/127.0.0.1:58309 - R:localhost/127.0.0.1:31603]' for 'GET' to 'http://localhost:31603/session/b88f42573eaec7e4fe2d457846600818/url'
01:32:20.943 [Forwarding getCurrentUrl on session b88f42573eaec7e4fe2d457846600818 to remote] DEBUG org.asynchttpclient.netty.request.NettyRequestSender - Using open Channel [id: 0x0c0502c1, L:/127.0.0.1:58309 - R:localhost/127.0.0.1:31603] for GET '/session/b88f42573eaec7e4fe2d457846600818/url'
01:32:20.947 [AsyncHttpClient-1-7] DEBUG org.asynchttpclient.netty.handler.HttpHandler - 

Request DefaultFullHttpRequest(decodeResult: success, version: HTTP/1.1, content: EmptyByteBufBE)
GET /session/b88f42573eaec7e4fe2d457846600818/url HTTP/1.1
User-Agent: selenium/4.8.1 (java windows)
Cache-Control: no-cache
Content-Type: application/json; charset=utf-8
host: localhost:31603
accept: */*

Response DefaultHttpResponse(decodeResult: success, version: HTTP/1.1)
HTTP/1.1 200 OK
Content-Length: 41
Content-Type: application/json; charset=utf-8
cache-control: no-cache

01:32:20.947 [AsyncHttpClient-1-7] DEBUG org.asynchttpclient.netty.channel.ChannelManager - Adding key: http://localhost:31603 for channel [id: 0x0c0502c1, L:/127.0.0.1:58309 - R:localhost/127.0.0.1:31603]
01:32:20.948 [Forwarding screenshot on session b88f42573eaec7e4fe2d457846600818 to remote] DEBUG org.asynchttpclient.netty.request.NettyRequestSender - Using pooled Channel '[id: 0x0c0502c1, L:/127.0.0.1:58309 - R:localhost/127.0.0.1:31603]' for 'GET' to 'http://localhost:31603/session/b88f42573eaec7e4fe2d457846600818/screenshot'
01:32:20.948 [Forwarding screenshot on session b88f42573eaec7e4fe2d457846600818 to remote] DEBUG org.asynchttpclient.netty.request.NettyRequestSender - Using open Channel [id: 0x0c0502c1, L:/127.0.0.1:58309 - R:localhost/127.0.0.1:31603] for GET '/session/b88f42573eaec7e4fe2d457846600818/screenshot'
01:32:20.990 [AsyncHttpClient-1-1] DEBUG org.asynchttpclient.netty.channel.DefaultChannelPool - Entry count for : http://localhost:58310 : 1
01:32:21.120 [AsyncHttpClient-1-7] DEBUG org.asynchttpclient.netty.handler.HttpHandler - 

Request DefaultFullHttpRequest(decodeResult: success, version: HTTP/1.1, content: EmptyByteBufBE)
GET /session/b88f42573eaec7e4fe2d457846600818/screenshot HTTP/1.1
User-Agent: selenium/4.8.1 (java windows)
Cache-Control: no-cache
Content-Type: application/json; charset=utf-8
host: localhost:31603
accept: */*

Response DefaultHttpResponse(decodeResult: success, version: HTTP/1.1)
HTTP/1.1 200 OK
Content-Length: 88408
Content-Type: application/json; charset=utf-8
cache-control: no-cache

01:32:21.120 [AsyncHttpClient-1-7] DEBUG org.asynchttpclient.netty.channel.ChannelManager - Adding key: http://localhost:31603 for channel [id: 0x0c0502c1, L:/127.0.0.1:58309 - R:localhost/127.0.0.1:31603]
01:32:21.124 [main] DEBUG net.serenitybdd.core.photography.Darkroom - Send negative for processing for target\site\serenity\37b27117582c9f50d12a132504e2ad7f5895c52a3eddfd35b7c8b3775c3d0e16.png
01:32:21.125 [Darkroom Processing Line] DEBUG net.serenitybdd.core.photography.DarkroomProcessingLine - Processing screenshot image in /var/screenshots/screenshot-6336285814985694197
01:32:21.125 [Darkroom Processing Line] DEBUG net.serenitybdd.core.photography.DarkroomProcessingLine - Saving screenshot to target\site\serenity\37b27117582c9f50d12a132504e2ad7f5895c52a3eddfd35b7c8b3775c3d0e16.png
01:32:21.129 [Forwarding getPageSource on session b88f42573eaec7e4fe2d457846600818 to remote] DEBUG org.asynchttpclient.netty.request.NettyRequestSender - Using pooled Channel '[id: 0x0c0502c1, L:/127.0.0.1:58309 - R:localhost/127.0.0.1:31603]' for 'POST' to 'http://localhost:31603/session/b88f42573eaec7e4fe2d457846600818/execute/sync'
01:32:21.129 [Forwarding getPageSource on session b88f42573eaec7e4fe2d457846600818 to remote] DEBUG org.asynchttpclient.netty.request.NettyRequestSender - Using open Channel [id: 0x0c0502c1, L:/127.0.0.1:58309 - R:localhost/127.0.0.1:31603] for POST '/session/b88f42573eaec7e4fe2d457846600818/execute/sync'
01:32:21.166 [AsyncHttpClient-1-7] DEBUG org.asynchttpclient.netty.handler.HttpHandler - 

Request DefaultHttpRequest(decodeResult: success, version: HTTP/1.1)
POST /session/b88f42573eaec7e4fe2d457846600818/execute/sync HTTP/1.1
User-Agent: selenium/4.8.1 (java windows)
Content-Length: 176
Content-Type: application/json; charset=utf-8
host: localhost:31603
accept: */*

Response DefaultHttpResponse(decodeResult: success, version: HTTP/1.1)
HTTP/1.1 200 OK
Content-Length: 518092
Content-Type: application/json; charset=utf-8
cache-control: no-cache

01:32:21.167 [AsyncHttpClient-1-7] DEBUG org.asynchttpclient.netty.channel.ChannelManager - Adding key: http://localhost:31603 for channel [id: 0x0c0502c1, L:/127.0.0.1:58309 - R:localhost/127.0.0.1:31603]
01:32:21.257 [Forwarding getCurrentUrl on session b88f42573eaec7e4fe2d457846600818 to remote] DEBUG org.asynchttpclient.netty.request.NettyRequestSender - Using pooled Channel '[id: 0x0c0502c1, L:/127.0.0.1:58309 - R:localhost/127.0.0.1:31603]' for 'GET' to 'http://localhost:31603/session/b88f42573eaec7e4fe2d457846600818/url'
01:32:21.257 [Forwarding getCurrentUrl on session b88f42573eaec7e4fe2d457846600818 to remote] DEBUG org.asynchttpclient.netty.request.NettyRequestSender - Using open Channel [id: 0x0c0502c1, L:/127.0.0.1:58309 - R:localhost/127.0.0.1:31603] for GET '/session/b88f42573eaec7e4fe2d457846600818/url'
01:32:21.262 [AsyncHttpClient-1-7] DEBUG org.asynchttpclient.netty.handler.HttpHandler - 

Request DefaultFullHttpRequest(decodeResult: success, version: HTTP/1.1, content: EmptyByteBufBE)
GET /session/b88f42573eaec7e4fe2d457846600818/url HTTP/1.1
User-Agent: selenium/4.8.1 (java windows)
Cache-Control: no-cache
Content-Type: application/json; charset=utf-8
host: localhost:31603
accept: */*

Response DefaultHttpResponse(decodeResult: success, version: HTTP/1.1)
HTTP/1.1 200 OK
Content-Length: 41
Content-Type: application/json; charset=utf-8
cache-control: no-cache

01:32:21.262 [AsyncHttpClient-1-7] DEBUG org.asynchttpclient.netty.channel.ChannelManager - Adding key: http://localhost:31603 for channel [id: 0x0c0502c1, L:/127.0.0.1:58309 - R:localhost/127.0.0.1:31603]
01:32:21.273 [Forwarding getAlertText on session b88f42573eaec7e4fe2d457846600818 to remote] DEBUG org.asynchttpclient.netty.request.NettyRequestSender - Using pooled Channel '[id: 0x0c0502c1, L:/127.0.0.1:58309 - R:localhost/127.0.0.1:31603]' for 'GET' to 'http://localhost:31603/session/b88f42573eaec7e4fe2d457846600818/alert/text'
01:32:21.273 [Forwarding getAlertText on session b88f42573eaec7e4fe2d457846600818 to remote] DEBUG org.asynchttpclient.netty.request.NettyRequestSender - Using open Channel [id: 0x0c0502c1, L:/127.0.0.1:58309 - R:localhost/127.0.0.1:31603] for GET '/session/b88f42573eaec7e4fe2d457846600818/alert/text'
01:32:21.275 [AsyncHttpClient-1-7] DEBUG org.asynchttpclient.netty.handler.HttpHandler - 

Request DefaultFullHttpRequest(decodeResult: success, version: HTTP/1.1, content: EmptyByteBufBE)
GET /session/b88f42573eaec7e4fe2d457846600818/alert/text HTTP/1.1
User-Agent: selenium/4.8.1 (java windows)
Cache-Control: no-cache
Content-Type: application/json; charset=utf-8
host: localhost:31603
accept: */*

Response DefaultHttpResponse(decodeResult: success, version: HTTP/1.1)
HTTP/1.1 404 Not Found
Content-Length: 816
Content-Type: application/json; charset=utf-8
cache-control: no-cache

01:32:21.275 [AsyncHttpClient-1-7] DEBUG org.asynchttpclient.netty.channel.ChannelManager - Adding key: http://localhost:31603 for channel [id: 0x0c0502c1, L:/127.0.0.1:58309 - R:localhost/127.0.0.1:31603]
01:32:21.276 [Forwarding getCurrentUrl on session b88f42573eaec7e4fe2d457846600818 to remote] DEBUG org.asynchttpclient.netty.request.NettyRequestSender - Using pooled Channel '[id: 0x0c0502c1, L:/127.0.0.1:58309 - R:localhost/127.0.0.1:31603]' for 'GET' to 'http://localhost:31603/session/b88f42573eaec7e4fe2d457846600818/url'
01:32:21.277 [Forwarding getCurrentUrl on session b88f42573eaec7e4fe2d457846600818 to remote] DEBUG org.asynchttpclient.netty.request.NettyRequestSender - Using open Channel [id: 0x0c0502c1, L:/127.0.0.1:58309 - R:localhost/127.0.0.1:31603] for GET '/session/b88f42573eaec7e4fe2d457846600818/url'
01:32:21.281 [AsyncHttpClient-1-7] DEBUG org.asynchttpclient.netty.handler.HttpHandler - 

Request DefaultFullHttpRequest(decodeResult: success, version: HTTP/1.1, content: EmptyByteBufBE)
GET /session/b88f42573eaec7e4fe2d457846600818/url HTTP/1.1
User-Agent: selenium/4.8.1 (java windows)
Cache-Control: no-cache
Content-Type: application/json; charset=utf-8
host: localhost:31603
accept: */*

Response DefaultHttpResponse(decodeResult: success, version: HTTP/1.1)
HTTP/1.1 200 OK
Content-Length: 41
Content-Type: application/json; charset=utf-8
cache-control: no-cache

01:32:21.281 [AsyncHttpClient-1-7] DEBUG org.asynchttpclient.netty.channel.ChannelManager - Adding key: http://localhost:31603 for channel [id: 0x0c0502c1, L:/127.0.0.1:58309 - R:localhost/127.0.0.1:31603]
01:32:21.282 [Forwarding screenshot on session b88f42573eaec7e4fe2d457846600818 to remote] DEBUG org.asynchttpclient.netty.request.NettyRequestSender - Using pooled Channel '[id: 0x0c0502c1, L:/127.0.0.1:58309 - R:localhost/127.0.0.1:31603]' for 'GET' to 'http://localhost:31603/session/b88f42573eaec7e4fe2d457846600818/screenshot'
01:32:21.282 [Forwarding screenshot on session b88f42573eaec7e4fe2d457846600818 to remote] DEBUG org.asynchttpclient.netty.request.NettyRequestSender - Using open Channel [id: 0x0c0502c1, L:/127.0.0.1:58309 - R:localhost/127.0.0.1:31603] for GET '/session/b88f42573eaec7e4fe2d457846600818/screenshot'
01:32:21.407 [AsyncHttpClient-1-7] DEBUG org.asynchttpclient.netty.handler.HttpHandler - 

Request DefaultFullHttpRequest(decodeResult: success, version: HTTP/1.1, content: EmptyByteBufBE)
GET /session/b88f42573eaec7e4fe2d457846600818/screenshot HTTP/1.1
User-Agent: selenium/4.8.1 (java windows)
Cache-Control: no-cache
Content-Type: application/json; charset=utf-8
host: localhost:31603
accept: */*

Response DefaultHttpResponse(decodeResult: success, version: HTTP/1.1)
HTTP/1.1 200 OK
Content-Length: 88064
Content-Type: application/json; charset=utf-8
cache-control: no-cache

01:32:21.407 [AsyncHttpClient-1-7] DEBUG org.asynchttpclient.netty.channel.ChannelManager - Adding key: http://localhost:31603 for channel [id: 0x0c0502c1, L:/127.0.0.1:58309 - R:localhost/127.0.0.1:31603]
01:32:21.411 [main] DEBUG net.serenitybdd.core.photography.Darkroom - Send negative for processing for target\site\serenity\29cfb7224f78dd2b7f7a05113e61d3ecb6498f3e107ac7b049bf50082cf5226f.png
01:32:21.412 [Darkroom Processing Line] DEBUG net.serenitybdd.core.photography.DarkroomProcessingLine - Processing screenshot image in /var/screenshots/screenshot-7906113201984148476
01:32:21.412 [Darkroom Processing Line] DEBUG net.serenitybdd.core.photography.DarkroomProcessingLine - Saving screenshot to target\site\serenity\29cfb7224f78dd2b7f7a05113e61d3ecb6498f3e107ac7b049bf50082cf5226f.png
01:32:21.413 [Forwarding getPageSource on session b88f42573eaec7e4fe2d457846600818 to remote] DEBUG org.asynchttpclient.netty.request.NettyRequestSender - Using pooled Channel '[id: 0x0c0502c1, L:/127.0.0.1:58309 - R:localhost/127.0.0.1:31603]' for 'POST' to 'http://localhost:31603/session/b88f42573eaec7e4fe2d457846600818/execute/sync'
01:32:21.413 [Forwarding getPageSource on session b88f42573eaec7e4fe2d457846600818 to remote] DEBUG org.asynchttpclient.netty.request.NettyRequestSender - Using open Channel [id: 0x0c0502c1, L:/127.0.0.1:58309 - R:localhost/127.0.0.1:31603] for POST '/session/b88f42573eaec7e4fe2d457846600818/execute/sync'
01:32:21.451 [AsyncHttpClient-1-7] DEBUG org.asynchttpclient.netty.handler.HttpHandler - 

Request DefaultHttpRequest(decodeResult: success, version: HTTP/1.1)
POST /session/b88f42573eaec7e4fe2d457846600818/execute/sync HTTP/1.1
User-Agent: selenium/4.8.1 (java windows)
Content-Length: 176
Content-Type: application/json; charset=utf-8
host: localhost:31603
accept: */*

Response DefaultHttpResponse(decodeResult: success, version: HTTP/1.1)
HTTP/1.1 200 OK
Content-Length: 518092
Content-Type: application/json; charset=utf-8
cache-control: no-cache

01:32:21.452 [AsyncHttpClient-1-7] DEBUG org.asynchttpclient.netty.channel.ChannelManager - Adding key: http://localhost:31603 for channel [id: 0x0c0502c1, L:/127.0.0.1:58309 - R:localhost/127.0.0.1:31603]
01:32:21.718 [Forwarding getCurrentUrl on session b88f42573eaec7e4fe2d457846600818 to remote] DEBUG org.asynchttpclient.netty.request.NettyRequestSender - Using pooled Channel '[id: 0x0c0502c1, L:/127.0.0.1:58309 - R:localhost/127.0.0.1:31603]' for 'GET' to 'http://localhost:31603/session/b88f42573eaec7e4fe2d457846600818/url'
01:32:21.718 [Forwarding getCurrentUrl on session b88f42573eaec7e4fe2d457846600818 to remote] DEBUG org.asynchttpclient.netty.request.NettyRequestSender - Using open Channel [id: 0x0c0502c1, L:/127.0.0.1:58309 - R:localhost/127.0.0.1:31603] for GET '/session/b88f42573eaec7e4fe2d457846600818/url'
01:32:21.722 [AsyncHttpClient-1-7] DEBUG org.asynchttpclient.netty.handler.HttpHandler - 

Request DefaultFullHttpRequest(decodeResult: success, version: HTTP/1.1, content: EmptyByteBufBE)
GET /session/b88f42573eaec7e4fe2d457846600818/url HTTP/1.1
User-Agent: selenium/4.8.1 (java windows)
Cache-Control: no-cache
Content-Type: application/json; charset=utf-8
host: localhost:31603
accept: */*

Response DefaultHttpResponse(decodeResult: success, version: HTTP/1.1)
HTTP/1.1 200 OK
Content-Length: 41
Content-Type: application/json; charset=utf-8
cache-control: no-cache

01:32:21.723 [AsyncHttpClient-1-7] DEBUG org.asynchttpclient.netty.channel.ChannelManager - Adding key: http://localhost:31603 for channel [id: 0x0c0502c1, L:/127.0.0.1:58309 - R:localhost/127.0.0.1:31603]
01:32:21.728 [main] DEBUG net.thucydides.core.steps.StepInterceptor - STARTING STEP: LoginSteps.clickBeliButton - clickBeliButton
01:32:21.735 [Forwarding findElement on session b88f42573eaec7e4fe2d457846600818 to remote] DEBUG org.asynchttpclient.netty.request.NettyRequestSender - Using pooled Channel '[id: 0x0c0502c1, L:/127.0.0.1:58309 - R:localhost/127.0.0.1:31603]' for 'POST' to 'http://localhost:31603/session/b88f42573eaec7e4fe2d457846600818/element'
01:32:21.735 [Forwarding findElement on session b88f42573eaec7e4fe2d457846600818 to remote] DEBUG org.asynchttpclient.netty.request.NettyRequestSender - Using open Channel [id: 0x0c0502c1, L:/127.0.0.1:58309 - R:localhost/127.0.0.1:31603] for POST '/session/b88f42573eaec7e4fe2d457846600818/element'
01:32:21.757 [AsyncHttpClient-1-7] DEBUG org.asynchttpclient.netty.handler.HttpHandler - 

Request DefaultHttpRequest(decodeResult: success, version: HTTP/1.1)
POST /session/b88f42573eaec7e4fe2d457846600818/element HTTP/1.1
User-Agent: selenium/4.8.1 (java windows)
Content-Length: 123
Content-Type: application/json; charset=utf-8
host: localhost:31603
accept: */*

Response DefaultHttpResponse(decodeResult: success, version: HTTP/1.1)
HTTP/1.1 200 OK
Content-Length: 88
Content-Type: application/json; charset=utf-8
cache-control: no-cache

01:32:21.757 [AsyncHttpClient-1-7] DEBUG org.asynchttpclient.netty.channel.ChannelManager - Adding key: http://localhost:31603 for channel [id: 0x0c0502c1, L:/127.0.0.1:58309 - R:localhost/127.0.0.1:31603]
01:32:21.759 [Forwarding getElementTagName on session b88f42573eaec7e4fe2d457846600818 to remote] DEBUG org.asynchttpclient.netty.request.NettyRequestSender - Using pooled Channel '[id: 0x0c0502c1, L:/127.0.0.1:58309 - R:localhost/127.0.0.1:31603]' for 'GET' to 'http://localhost:31603/session/b88f42573eaec7e4fe2d457846600818/element/56ef10f6-6337-43f7-9d5f-785cca045f95/name'
01:32:21.759 [Forwarding getElementTagName on session b88f42573eaec7e4fe2d457846600818 to remote] DEBUG org.asynchttpclient.netty.request.NettyRequestSender - Using open Channel [id: 0x0c0502c1, L:/127.0.0.1:58309 - R:localhost/127.0.0.1:31603] for GET '/session/b88f42573eaec7e4fe2d457846600818/element/56ef10f6-6337-43f7-9d5f-785cca045f95/name'
01:32:21.764 [AsyncHttpClient-1-7] DEBUG org.asynchttpclient.netty.handler.HttpHandler - 

Request DefaultFullHttpRequest(decodeResult: success, version: HTTP/1.1, content: EmptyByteBufBE)
GET /session/b88f42573eaec7e4fe2d457846600818/element/56ef10f6-6337-43f7-9d5f-785cca045f95/name HTTP/1.1
User-Agent: selenium/4.8.1 (java windows)
Cache-Control: no-cache
Content-Type: application/json; charset=utf-8
host: localhost:31603
accept: */*

Response DefaultHttpResponse(decodeResult: success, version: HTTP/1.1)
HTTP/1.1 200 OK
Content-Length: 16
Content-Type: application/json; charset=utf-8
cache-control: no-cache

01:32:21.764 [AsyncHttpClient-1-7] DEBUG org.asynchttpclient.netty.channel.ChannelManager - Adding key: http://localhost:31603 for channel [id: 0x0c0502c1, L:/127.0.0.1:58309 - R:localhost/127.0.0.1:31603]
01:32:21.766 [Forwarding getElementTagName on session b88f42573eaec7e4fe2d457846600818 to remote] DEBUG org.asynchttpclient.netty.request.NettyRequestSender - Using pooled Channel '[id: 0x0c0502c1, L:/127.0.0.1:58309 - R:localhost/127.0.0.1:31603]' for 'GET' to 'http://localhost:31603/session/b88f42573eaec7e4fe2d457846600818/element/56ef10f6-6337-43f7-9d5f-785cca045f95/name'
01:32:21.766 [Forwarding getElementTagName on session b88f42573eaec7e4fe2d457846600818 to remote] DEBUG org.asynchttpclient.netty.request.NettyRequestSender - Using open Channel [id: 0x0c0502c1, L:/127.0.0.1:58309 - R:localhost/127.0.0.1:31603] for GET '/session/b88f42573eaec7e4fe2d457846600818/element/56ef10f6-6337-43f7-9d5f-785cca045f95/name'
01:32:21.769 [AsyncHttpClient-1-7] DEBUG org.asynchttpclient.netty.handler.HttpHandler - 

Request DefaultFullHttpRequest(decodeResult: success, version: HTTP/1.1, content: EmptyByteBufBE)
GET /session/b88f42573eaec7e4fe2d457846600818/element/56ef10f6-6337-43f7-9d5f-785cca045f95/name HTTP/1.1
User-Agent: selenium/4.8.1 (java windows)
Cache-Control: no-cache
Content-Type: application/json; charset=utf-8
host: localhost:31603
accept: */*

Response DefaultHttpResponse(decodeResult: success, version: HTTP/1.1)
HTTP/1.1 200 OK
Content-Length: 16
Content-Type: application/json; charset=utf-8
cache-control: no-cache

01:32:21.769 [AsyncHttpClient-1-7] DEBUG org.asynchttpclient.netty.channel.ChannelManager - Adding key: http://localhost:31603 for channel [id: 0x0c0502c1, L:/127.0.0.1:58309 - R:localhost/127.0.0.1:31603]
01:32:21.772 [Forwarding findElement on session b88f42573eaec7e4fe2d457846600818 to remote] DEBUG org.asynchttpclient.netty.request.NettyRequestSender - Using pooled Channel '[id: 0x0c0502c1, L:/127.0.0.1:58309 - R:localhost/127.0.0.1:31603]' for 'POST' to 'http://localhost:31603/session/b88f42573eaec7e4fe2d457846600818/element'
01:32:21.772 [Forwarding findElement on session b88f42573eaec7e4fe2d457846600818 to remote] DEBUG org.asynchttpclient.netty.request.NettyRequestSender - Using open Channel [id: 0x0c0502c1, L:/127.0.0.1:58309 - R:localhost/127.0.0.1:31603] for POST '/session/b88f42573eaec7e4fe2d457846600818/element'
01:32:21.785 [AsyncHttpClient-1-7] DEBUG org.asynchttpclient.netty.handler.HttpHandler - 

Request DefaultHttpRequest(decodeResult: success, version: HTTP/1.1)
POST /session/b88f42573eaec7e4fe2d457846600818/element HTTP/1.1
User-Agent: selenium/4.8.1 (java windows)
Content-Length: 123
Content-Type: application/json; charset=utf-8
host: localhost:31603
accept: */*

Response DefaultHttpResponse(decodeResult: success, version: HTTP/1.1)
HTTP/1.1 200 OK
Content-Length: 88
Content-Type: application/json; charset=utf-8
cache-control: no-cache

01:32:21.785 [AsyncHttpClient-1-7] DEBUG org.asynchttpclient.netty.channel.ChannelManager - Adding key: http://localhost:31603 for channel [id: 0x0c0502c1, L:/127.0.0.1:58309 - R:localhost/127.0.0.1:31603]
01:32:21.786 [Forwarding clickElement on session b88f42573eaec7e4fe2d457846600818 to remote] DEBUG org.asynchttpclient.netty.request.NettyRequestSender - Using pooled Channel '[id: 0x0c0502c1, L:/127.0.0.1:58309 - R:localhost/127.0.0.1:31603]' for 'POST' to 'http://localhost:31603/session/b88f42573eaec7e4fe2d457846600818/element/56ef10f6-6337-43f7-9d5f-785cca045f95/click'
01:32:21.786 [Forwarding clickElement on session b88f42573eaec7e4fe2d457846600818 to remote] DEBUG org.asynchttpclient.netty.request.NettyRequestSender - Using open Channel [id: 0x0c0502c1, L:/127.0.0.1:58309 - R:localhost/127.0.0.1:31603] for POST '/session/b88f42573eaec7e4fe2d457846600818/element/56ef10f6-6337-43f7-9d5f-785cca045f95/click'
01:32:21.880 [AsyncHttpClient-1-7] DEBUG org.asynchttpclient.netty.handler.HttpHandler - 

Request DefaultHttpRequest(decodeResult: success, version: HTTP/1.1)
POST /session/b88f42573eaec7e4fe2d457846600818/element/56ef10f6-6337-43f7-9d5f-785cca045f95/click HTTP/1.1
User-Agent: selenium/4.8.1 (java windows)
Content-Length: 50
Content-Type: application/json; charset=utf-8
host: localhost:31603
accept: */*

Response DefaultHttpResponse(decodeResult: success, version: HTTP/1.1)
HTTP/1.1 200 OK
Content-Length: 14
Content-Type: application/json; charset=utf-8
cache-control: no-cache

01:32:21.881 [AsyncHttpClient-1-7] DEBUG org.asynchttpclient.netty.channel.ChannelManager - Adding key: http://localhost:31603 for channel [id: 0x0c0502c1, L:/127.0.0.1:58309 - R:localhost/127.0.0.1:31603]
01:32:21.887 [Forwarding getAlertText on session b88f42573eaec7e4fe2d457846600818 to remote] DEBUG org.asynchttpclient.netty.request.NettyRequestSender - Using pooled Channel '[id: 0x0c0502c1, L:/127.0.0.1:58309 - R:localhost/127.0.0.1:31603]' for 'GET' to 'http://localhost:31603/session/b88f42573eaec7e4fe2d457846600818/alert/text'
01:32:21.887 [Forwarding getAlertText on session b88f42573eaec7e4fe2d457846600818 to remote] DEBUG org.asynchttpclient.netty.request.NettyRequestSender - Using open Channel [id: 0x0c0502c1, L:/127.0.0.1:58309 - R:localhost/127.0.0.1:31603] for GET '/session/b88f42573eaec7e4fe2d457846600818/alert/text'
01:32:21.893 [AsyncHttpClient-1-7] DEBUG org.asynchttpclient.netty.handler.HttpHandler - 

Request DefaultFullHttpRequest(decodeResult: success, version: HTTP/1.1, content: EmptyByteBufBE)
GET /session/b88f42573eaec7e4fe2d457846600818/alert/text HTTP/1.1
User-Agent: selenium/4.8.1 (java windows)
Cache-Control: no-cache
Content-Type: application/json; charset=utf-8
host: localhost:31603
accept: */*

Response DefaultHttpResponse(decodeResult: success, version: HTTP/1.1)
HTTP/1.1 404 Not Found
Content-Length: 816
Content-Type: application/json; charset=utf-8
cache-control: no-cache

01:32:21.893 [AsyncHttpClient-1-7] DEBUG org.asynchttpclient.netty.channel.ChannelManager - Adding key: http://localhost:31603 for channel [id: 0x0c0502c1, L:/127.0.0.1:58309 - R:localhost/127.0.0.1:31603]
01:32:21.894 [Forwarding getCurrentUrl on session b88f42573eaec7e4fe2d457846600818 to remote] DEBUG org.asynchttpclient.netty.request.NettyRequestSender - Using pooled Channel '[id: 0x0c0502c1, L:/127.0.0.1:58309 - R:localhost/127.0.0.1:31603]' for 'GET' to 'http://localhost:31603/session/b88f42573eaec7e4fe2d457846600818/url'
01:32:21.894 [Forwarding getCurrentUrl on session b88f42573eaec7e4fe2d457846600818 to remote] DEBUG org.asynchttpclient.netty.request.NettyRequestSender - Using open Channel [id: 0x0c0502c1, L:/127.0.0.1:58309 - R:localhost/127.0.0.1:31603] for GET '/session/b88f42573eaec7e4fe2d457846600818/url'
01:32:21.898 [AsyncHttpClient-1-7] DEBUG org.asynchttpclient.netty.handler.HttpHandler - 

Request DefaultFullHttpRequest(decodeResult: success, version: HTTP/1.1, content: EmptyByteBufBE)
GET /session/b88f42573eaec7e4fe2d457846600818/url HTTP/1.1
User-Agent: selenium/4.8.1 (java windows)
Cache-Control: no-cache
Content-Type: application/json; charset=utf-8
host: localhost:31603
accept: */*

Response DefaultHttpResponse(decodeResult: success, version: HTTP/1.1)
HTTP/1.1 200 OK
Content-Length: 41
Content-Type: application/json; charset=utf-8
cache-control: no-cache

01:32:21.898 [AsyncHttpClient-1-7] DEBUG org.asynchttpclient.netty.channel.ChannelManager - Adding key: http://localhost:31603 for channel [id: 0x0c0502c1, L:/127.0.0.1:58309 - R:localhost/127.0.0.1:31603]
01:32:21.899 [Forwarding screenshot on session b88f42573eaec7e4fe2d457846600818 to remote] DEBUG org.asynchttpclient.netty.request.NettyRequestSender - Using pooled Channel '[id: 0x0c0502c1, L:/127.0.0.1:58309 - R:localhost/127.0.0.1:31603]' for 'GET' to 'http://localhost:31603/session/b88f42573eaec7e4fe2d457846600818/screenshot'
01:32:21.899 [Forwarding screenshot on session b88f42573eaec7e4fe2d457846600818 to remote] DEBUG org.asynchttpclient.netty.request.NettyRequestSender - Using open Channel [id: 0x0c0502c1, L:/127.0.0.1:58309 - R:localhost/127.0.0.1:31603] for GET '/session/b88f42573eaec7e4fe2d457846600818/screenshot'
01:32:22.065 [AsyncHttpClient-1-7] DEBUG org.asynchttpclient.netty.handler.HttpHandler - 

Request DefaultFullHttpRequest(decodeResult: success, version: HTTP/1.1, content: EmptyByteBufBE)
GET /session/b88f42573eaec7e4fe2d457846600818/screenshot HTTP/1.1
User-Agent: selenium/4.8.1 (java windows)
Cache-Control: no-cache
Content-Type: application/json; charset=utf-8
host: localhost:31603
accept: */*

Response DefaultHttpResponse(decodeResult: success, version: HTTP/1.1)
HTTP/1.1 200 OK
Content-Length: 90704
Content-Type: application/json; charset=utf-8
cache-control: no-cache

01:32:22.065 [AsyncHttpClient-1-7] DEBUG org.asynchttpclient.netty.channel.ChannelManager - Adding key: http://localhost:31603 for channel [id: 0x0c0502c1, L:/127.0.0.1:58309 - R:localhost/127.0.0.1:31603]
01:32:22.069 [main] DEBUG net.serenitybdd.core.photography.Darkroom - Send negative for processing for target\site\serenity\58aabf1457a5f88983c17b4c7618af638d8fce3d072c2c45b36425e52bc01fea.png
01:32:22.069 [main] DEBUG net.thucydides.core.steps.StepInterceptor - STEP DONE: clickBeliButton
  &amp#27;[32mAnd &amp#27;[0m&amp#27;[32mI click buy button from one of product&amp#27;[0m                                          &amp#27;[90m# starter.stepdefinitions.LoginSteps.clickBeliButton()&amp#27;[0m
01:32:22.070 [Darkroom Processing Line] DEBUG net.serenitybdd.core.photography.DarkroomProcessingLine - Processing screenshot image in /var/screenshots/screenshot-6749151166761155099
01:32:22.070 [Darkroom Processing Line] DEBUG net.serenitybdd.core.photography.DarkroomProcessingLine - Saving screenshot to target\site\serenity\58aabf1457a5f88983c17b4c7618af638d8fce3d072c2c45b36425e52bc01fea.png
01:32:22.079 [Forwarding getPageSource on session b88f42573eaec7e4fe2d457846600818 to remote] DEBUG org.asynchttpclient.netty.request.NettyRequestSender - Using pooled Channel '[id: 0x0c0502c1, L:/127.0.0.1:58309 - R:localhost/127.0.0.1:31603]' for 'POST' to 'http://localhost:31603/session/b88f42573eaec7e4fe2d457846600818/execute/sync'
01:32:22.079 [Forwarding getPageSource on session b88f42573eaec7e4fe2d457846600818 to remote] DEBUG org.asynchttpclient.netty.request.NettyRequestSender - Using open Channel [id: 0x0c0502c1, L:/127.0.0.1:58309 - R:localhost/127.0.0.1:31603] for POST '/session/b88f42573eaec7e4fe2d457846600818/execute/sync'
01:32:22.095 [AsyncHttpClient-1-1] DEBUG org.asynchttpclient.netty.channel.DefaultChannelPool - Entry count for : http://localhost:58310 : 1
01:32:22.121 [AsyncHttpClient-1-7] DEBUG org.asynchttpclient.netty.handler.HttpHandler - 

Request DefaultHttpRequest(decodeResult: success, version: HTTP/1.1)
POST /session/b88f42573eaec7e4fe2d457846600818/execute/sync HTTP/1.1
User-Agent: selenium/4.8.1 (java windows)
Content-Length: 176
Content-Type: application/json; charset=utf-8
host: localhost:31603
accept: */*

Response DefaultHttpResponse(decodeResult: success, version: HTTP/1.1)
HTTP/1.1 200 OK
Content-Length: 518466
Content-Type: application/json; charset=utf-8
cache-control: no-cache

01:32:22.123 [AsyncHttpClient-1-7] DEBUG org.asynchttpclient.netty.channel.ChannelManager - Adding key: http://localhost:31603 for channel [id: 0x0c0502c1, L:/127.0.0.1:58309 - R:localhost/127.0.0.1:31603]
01:32:22.198 [Forwarding getCurrentUrl on session b88f42573eaec7e4fe2d457846600818 to remote] DEBUG org.asynchttpclient.netty.request.NettyRequestSender - Using pooled Channel '[id: 0x0c0502c1, L:/127.0.0.1:58309 - R:localhost/127.0.0.1:31603]' for 'GET' to 'http://localhost:31603/session/b88f42573eaec7e4fe2d457846600818/url'
01:32:22.198 [Forwarding getCurrentUrl on session b88f42573eaec7e4fe2d457846600818 to remote] DEBUG org.asynchttpclient.netty.request.NettyRequestSender - Using open Channel [id: 0x0c0502c1, L:/127.0.0.1:58309 - R:localhost/127.0.0.1:31603] for GET '/session/b88f42573eaec7e4fe2d457846600818/url'
01:32:22.212 [AsyncHttpClient-1-7] DEBUG org.asynchttpclient.netty.handler.HttpHandler - 

Request DefaultFullHttpRequest(decodeResult: success, version: HTTP/1.1, content: EmptyByteBufBE)
GET /session/b88f42573eaec7e4fe2d457846600818/url HTTP/1.1
User-Agent: selenium/4.8.1 (java windows)
Cache-Control: no-cache
Content-Type: application/json; charset=utf-8
host: localhost:31603
accept: */*

Response DefaultHttpResponse(decodeResult: success, version: HTTP/1.1)
HTTP/1.1 200 OK
Content-Length: 41
Content-Type: application/json; charset=utf-8
cache-control: no-cache

01:32:22.212 [AsyncHttpClient-1-7] DEBUG org.asynchttpclient.netty.channel.ChannelManager - Adding key: http://localhost:31603 for channel [id: 0x0c0502c1, L:/127.0.0.1:58309 - R:localhost/127.0.0.1:31603]
01:32:22.220 [Forwarding findElement on session b88f42573eaec7e4fe2d457846600818 to remote] DEBUG org.asynchttpclient.netty.request.NettyRequestSender - Using pooled Channel '[id: 0x0c0502c1, L:/127.0.0.1:58309 - R:localhost/127.0.0.1:31603]' for 'POST' to 'http://localhost:31603/session/b88f42573eaec7e4fe2d457846600818/element'
01:32:22.220 [Forwarding findElement on session b88f42573eaec7e4fe2d457846600818 to remote] DEBUG org.asynchttpclient.netty.request.NettyRequestSender - Using open Channel [id: 0x0c0502c1, L:/127.0.0.1:58309 - R:localhost/127.0.0.1:31603] for POST '/session/b88f42573eaec7e4fe2d457846600818/element'
01:32:22.237 [AsyncHttpClient-1-7] DEBUG org.asynchttpclient.netty.handler.HttpHandler - 

Request DefaultHttpRequest(decodeResult: success, version: HTTP/1.1)
POST /session/b88f42573eaec7e4fe2d457846600818/element HTTP/1.1
User-Agent: selenium/4.8.1 (java windows)
Content-Length: 75
Content-Type: application/json; charset=utf-8
host: localhost:31603
accept: */*

Response DefaultHttpResponse(decodeResult: success, version: HTTP/1.1)
HTTP/1.1 200 OK
Content-Length: 88
Content-Type: application/json; charset=utf-8
cache-control: no-cache

01:32:22.237 [AsyncHttpClient-1-7] DEBUG org.asynchttpclient.netty.channel.ChannelManager - Adding key: http://localhost:31603 for channel [id: 0x0c0502c1, L:/127.0.0.1:58309 - R:localhost/127.0.0.1:31603]
01:32:22.240 [Forwarding isElementDisplayed on session b88f42573eaec7e4fe2d457846600818 to remote] DEBUG org.asynchttpclient.netty.request.NettyRequestSender - Using pooled Channel '[id: 0x0c0502c1, L:/127.0.0.1:58309 - R:localhost/127.0.0.1:31603]' for 'POST' to 'http://localhost:31603/session/b88f42573eaec7e4fe2d457846600818/execute/sync'
01:32:22.240 [Forwarding isElementDisplayed on session b88f42573eaec7e4fe2d457846600818 to remote] DEBUG org.asynchttpclient.netty.request.NettyRequestSender - Using open Channel [id: 0x0c0502c1, L:/127.0.0.1:58309 - R:localhost/127.0.0.1:31603] for POST '/session/b88f42573eaec7e4fe2d457846600818/execute/sync'
01:32:22.250 [AsyncHttpClient-1-7] DEBUG org.asynchttpclient.netty.handler.HttpHandler - 

Request DefaultHttpRequest(decodeResult: success, version: HTTP/1.1)
POST /session/b88f42573eaec7e4fe2d457846600818/execute/sync HTTP/1.1
User-Agent: selenium/4.8.1 (java windows)
Content-Length: 48807
Content-Type: application/json; charset=utf-8
host: localhost:31603
accept: */*

Response DefaultHttpResponse(decodeResult: success, version: HTTP/1.1)
HTTP/1.1 200 OK
Content-Length: 14
Content-Type: application/json; charset=utf-8
cache-control: no-cache

01:32:22.250 [AsyncHttpClient-1-7] DEBUG org.asynchttpclient.netty.channel.ChannelManager - Adding key: http://localhost:31603 for channel [id: 0x0c0502c1, L:/127.0.0.1:58309 - R:localhost/127.0.0.1:31603]
  &amp#27;[32mThen &amp#27;[0m&amp#27;[32mI success to add purchase product in the cart&amp#27;[0m                                  &amp#27;[90m# starter.stepdefinitions.LoginSteps.successAddPurchaseProduct()&amp#27;[0m
01:32:22.255 [Forwarding getAlertText on session b88f42573eaec7e4fe2d457846600818 to remote] DEBUG org.asynchttpclient.netty.request.NettyRequestSender - Using pooled Channel '[id: 0x0c0502c1, L:/127.0.0.1:58309 - R:localhost/127.0.0.1:31603]' for 'GET' to 'http://localhost:31603/session/b88f42573eaec7e4fe2d457846600818/alert/text'
01:32:22.255 [Forwarding getAlertText on session b88f42573eaec7e4fe2d457846600818 to remote] DEBUG org.asynchttpclient.netty.request.NettyRequestSender - Using open Channel [id: 0x0c0502c1, L:/127.0.0.1:58309 - R:localhost/127.0.0.1:31603] for GET '/session/b88f42573eaec7e4fe2d457846600818/alert/text'
01:32:22.257 [AsyncHttpClient-1-7] DEBUG org.asynchttpclient.netty.handler.HttpHandler - 

Request DefaultFullHttpRequest(decodeResult: success, version: HTTP/1.1, content: EmptyByteBufBE)
GET /session/b88f42573eaec7e4fe2d457846600818/alert/text HTTP/1.1
User-Agent: selenium/4.8.1 (java windows)
Cache-Control: no-cache
Content-Type: application/json; charset=utf-8
host: localhost:31603
accept: */*

Response DefaultHttpResponse(decodeResult: success, version: HTTP/1.1)
HTTP/1.1 404 Not Found
Content-Length: 816
Content-Type: application/json; charset=utf-8
cache-control: no-cache

01:32:22.257 [AsyncHttpClient-1-7] DEBUG org.asynchttpclient.netty.channel.ChannelManager - Adding key: http://localhost:31603 for channel [id: 0x0c0502c1, L:/127.0.0.1:58309 - R:localhost/127.0.0.1:31603]
01:32:22.258 [Forwarding getCurrentUrl on session b88f42573eaec7e4fe2d457846600818 to remote] DEBUG org.asynchttpclient.netty.request.NettyRequestSender - Using pooled Channel '[id: 0x0c0502c1, L:/127.0.0.1:58309 - R:localhost/127.0.0.1:31603]' for 'GET' to 'http://localhost:31603/session/b88f42573eaec7e4fe2d457846600818/url'
01:32:22.258 [Forwarding getCurrentUrl on session b88f42573eaec7e4fe2d457846600818 to remote] DEBUG org.asynchttpclient.netty.request.NettyRequestSender - Using open Channel [id: 0x0c0502c1, L:/127.0.0.1:58309 - R:localhost/127.0.0.1:31603] for GET '/session/b88f42573eaec7e4fe2d457846600818/url'
01:32:22.263 [AsyncHttpClient-1-7] DEBUG org.asynchttpclient.netty.handler.HttpHandler - 

Request DefaultFullHttpRequest(decodeResult: success, version: HTTP/1.1, content: EmptyByteBufBE)
GET /session/b88f42573eaec7e4fe2d457846600818/url HTTP/1.1
User-Agent: selenium/4.8.1 (java windows)
Cache-Control: no-cache
Content-Type: application/json; charset=utf-8
host: localhost:31603
accept: */*

Response DefaultHttpResponse(decodeResult: success, version: HTTP/1.1)
HTTP/1.1 200 OK
Content-Length: 41
Content-Type: application/json; charset=utf-8
cache-control: no-cache

01:32:22.263 [AsyncHttpClient-1-7] DEBUG org.asynchttpclient.netty.channel.ChannelManager - Adding key: http://localhost:31603 for channel [id: 0x0c0502c1, L:/127.0.0.1:58309 - R:localhost/127.0.0.1:31603]
01:32:22.263 [Forwarding screenshot on session b88f42573eaec7e4fe2d457846600818 to remote] DEBUG org.asynchttpclient.netty.request.NettyRequestSender - Using pooled Channel '[id: 0x0c0502c1, L:/127.0.0.1:58309 - R:localhost/127.0.0.1:31603]' for 'GET' to 'http://localhost:31603/session/b88f42573eaec7e4fe2d457846600818/screenshot'
01:32:22.264 [Forwarding screenshot on session b88f42573eaec7e4fe2d457846600818 to remote] DEBUG org.asynchttpclient.netty.request.NettyRequestSender - Using open Channel [id: 0x0c0502c1, L:/127.0.0.1:58309 - R:localhost/127.0.0.1:31603] for GET '/session/b88f42573eaec7e4fe2d457846600818/screenshot'
01:32:22.402 [AsyncHttpClient-1-7] DEBUG org.asynchttpclient.netty.handler.HttpHandler - 

Request DefaultFullHttpRequest(decodeResult: success, version: HTTP/1.1, content: EmptyByteBufBE)
GET /session/b88f42573eaec7e4fe2d457846600818/screenshot HTTP/1.1
User-Agent: selenium/4.8.1 (java windows)
Cache-Control: no-cache
Content-Type: application/json; charset=utf-8
host: localhost:31603
accept: */*

Response DefaultHttpResponse(decodeResult: success, version: HTTP/1.1)
HTTP/1.1 200 OK
Content-Length: 88708
Content-Type: application/json; charset=utf-8
cache-control: no-cache

01:32:22.403 [AsyncHttpClient-1-7] DEBUG org.asynchttpclient.netty.channel.ChannelManager - Adding key: http://localhost:31603 for channel [id: 0x0c0502c1, L:/127.0.0.1:58309 - R:localhost/127.0.0.1:31603]
01:32:22.408 [main] DEBUG net.serenitybdd.core.photography.Darkroom - Send negative for processing for target\site\serenity\441ace6589f7102b6ede25d9a2525aa0ef45d591dc8ccda81ccd8380d86d6869.png
01:32:22.409 [Darkroom Processing Line] DEBUG net.serenitybdd.core.photography.DarkroomProcessingLine - Processing screenshot image in /var/screenshots/screenshot-9052197655193806361
01:32:22.409 [Darkroom Processing Line] DEBUG net.serenitybdd.core.photography.DarkroomProcessingLine - Saving screenshot to target\site\serenity\441ace6589f7102b6ede25d9a2525aa0ef45d591dc8ccda81ccd8380d86d6869.png
01:32:22.415 [Forwarding getPageSource on session b88f42573eaec7e4fe2d457846600818 to remote] DEBUG org.asynchttpclient.netty.request.NettyRequestSender - Using pooled Channel '[id: 0x0c0502c1, L:/127.0.0.1:58309 - R:localhost/127.0.0.1:31603]' for 'POST' to 'http://localhost:31603/session/b88f42573eaec7e4fe2d457846600818/execute/sync'
01:32:22.415 [Forwarding getPageSource on session b88f42573eaec7e4fe2d457846600818 to remote] DEBUG org.asynchttpclient.netty.request.NettyRequestSender - Using open Channel [id: 0x0c0502c1, L:/127.0.0.1:58309 - R:localhost/127.0.0.1:31603] for POST '/session/b88f42573eaec7e4fe2d457846600818/execute/sync'
01:32:22.454 [AsyncHttpClient-1-7] DEBUG org.asynchttpclient.netty.handler.HttpHandler - 

Request DefaultHttpRequest(decodeResult: success, version: HTTP/1.1)
POST /session/b88f42573eaec7e4fe2d457846600818/execute/sync HTTP/1.1
User-Agent: selenium/4.8.1 (java windows)
Content-Length: 176
Content-Type: application/json; charset=utf-8
host: localhost:31603
accept: */*

Response DefaultHttpResponse(decodeResult: success, version: HTTP/1.1)
HTTP/1.1 200 OK
Content-Length: 518077
Content-Type: application/json; charset=utf-8
cache-control: no-cache

01:32:22.455 [AsyncHttpClient-1-7] DEBUG org.asynchttpclient.netty.channel.ChannelManager - Adding key: http://localhost:31603 for channel [id: 0x0c0502c1, L:/127.0.0.1:58309 - R:localhost/127.0.0.1:31603]
01:32:22.507 [Forwarding getCurrentUrl on session b88f42573eaec7e4fe2d457846600818 to remote] DEBUG org.asynchttpclient.netty.request.NettyRequestSender - Using pooled Channel '[id: 0x0c0502c1, L:/127.0.0.1:58309 - R:localhost/127.0.0.1:31603]' for 'GET' to 'http://localhost:31603/session/b88f42573eaec7e4fe2d457846600818/url'
01:32:22.507 [Forwarding getCurrentUrl on session b88f42573eaec7e4fe2d457846600818 to remote] DEBUG org.asynchttpclient.netty.request.NettyRequestSender - Using open Channel [id: 0x0c0502c1, L:/127.0.0.1:58309 - R:localhost/127.0.0.1:31603] for GET '/session/b88f42573eaec7e4fe2d457846600818/url'
01:32:22.511 [AsyncHttpClient-1-7] DEBUG org.asynchttpclient.netty.handler.HttpHandler - 

Request DefaultFullHttpRequest(decodeResult: success, version: HTTP/1.1, content: EmptyByteBufBE)
GET /session/b88f42573eaec7e4fe2d457846600818/url HTTP/1.1
User-Agent: selenium/4.8.1 (java windows)
Cache-Control: no-cache
Content-Type: application/json; charset=utf-8
host: localhost:31603
accept: */*

Response DefaultHttpResponse(decodeResult: success, version: HTTP/1.1)
HTTP/1.1 200 OK
Content-Length: 41
Content-Type: application/json; charset=utf-8
cache-control: no-cache

01:32:22.511 [AsyncHttpClient-1-7] DEBUG org.asynchttpclient.netty.channel.ChannelManager - Adding key: http://localhost:31603 for channel [id: 0x0c0502c1, L:/127.0.0.1:58309 - R:localhost/127.0.0.1:31603]
01:32:22.521 [Forwarding getAlertText on session b88f42573eaec7e4fe2d457846600818 to remote] DEBUG org.asynchttpclient.netty.request.NettyRequestSender - Using pooled Channel '[id: 0x0c0502c1, L:/127.0.0.1:58309 - R:localhost/127.0.0.1:31603]' for 'GET' to 'http://localhost:31603/session/b88f42573eaec7e4fe2d457846600818/alert/text'
01:32:22.521 [Forwarding getAlertText on session b88f42573eaec7e4fe2d457846600818 to remote] DEBUG org.asynchttpclient.netty.request.NettyRequestSender - Using open Channel [id: 0x0c0502c1, L:/127.0.0.1:58309 - R:localhost/127.0.0.1:31603] for GET '/session/b88f42573eaec7e4fe2d457846600818/alert/text'
01:32:22.523 [AsyncHttpClient-1-7] DEBUG org.asynchttpclient.netty.handler.HttpHandler - 

Request DefaultFullHttpRequest(decodeResult: success, version: HTTP/1.1, content: EmptyByteBufBE)
GET /session/b88f42573eaec7e4fe2d457846600818/alert/text HTTP/1.1
User-Agent: selenium/4.8.1 (java windows)
Cache-Control: no-cache
Content-Type: application/json; charset=utf-8
host: localhost:31603
accept: */*

Response DefaultHttpResponse(decodeResult: success, version: HTTP/1.1)
HTTP/1.1 404 Not Found
Content-Length: 816
Content-Type: application/json; charset=utf-8
cache-control: no-cache

01:32:22.523 [AsyncHttpClient-1-7] DEBUG org.asynchttpclient.netty.channel.ChannelManager - Adding key: http://localhost:31603 for channel [id: 0x0c0502c1, L:/127.0.0.1:58309 - R:localhost/127.0.0.1:31603]
01:32:22.524 [Forwarding getCurrentUrl on session b88f42573eaec7e4fe2d457846600818 to remote] DEBUG org.asynchttpclient.netty.request.NettyRequestSender - Using pooled Channel '[id: 0x0c0502c1, L:/127.0.0.1:58309 - R:localhost/127.0.0.1:31603]' for 'GET' to 'http://localhost:31603/session/b88f42573eaec7e4fe2d457846600818/url'
01:32:22.524 [Forwarding getCurrentUrl on session b88f42573eaec7e4fe2d457846600818 to remote] DEBUG org.asynchttpclient.netty.request.NettyRequestSender - Using open Channel [id: 0x0c0502c1, L:/127.0.0.1:58309 - R:localhost/127.0.0.1:31603] for GET '/session/b88f42573eaec7e4fe2d457846600818/url'
01:32:22.528 [AsyncHttpClient-1-7] DEBUG org.asynchttpclient.netty.handler.HttpHandler - 

Request DefaultFullHttpRequest(decodeResult: success, version: HTTP/1.1, content: EmptyByteBufBE)
GET /session/b88f42573eaec7e4fe2d457846600818/url HTTP/1.1
User-Agent: selenium/4.8.1 (java windows)
Cache-Control: no-cache
Content-Type: application/json; charset=utf-8
host: localhost:31603
accept: */*

Response DefaultHttpResponse(decodeResult: success, version: HTTP/1.1)
HTTP/1.1 200 OK
Content-Length: 41
Content-Type: application/json; charset=utf-8
cache-control: no-cache

01:32:22.528 [AsyncHttpClient-1-7] DEBUG org.asynchttpclient.netty.channel.ChannelManager - Adding key: http://localhost:31603 for channel [id: 0x0c0502c1, L:/127.0.0.1:58309 - R:localhost/127.0.0.1:31603]
01:32:22.529 [Forwarding screenshot on session b88f42573eaec7e4fe2d457846600818 to remote] DEBUG org.asynchttpclient.netty.request.NettyRequestSender - Using pooled Channel '[id: 0x0c0502c1, L:/127.0.0.1:58309 - R:localhost/127.0.0.1:31603]' for 'GET' to 'http://localhost:31603/session/b88f42573eaec7e4fe2d457846600818/screenshot'
01:32:22.529 [Forwarding screenshot on session b88f42573eaec7e4fe2d457846600818 to remote] DEBUG org.asynchttpclient.netty.request.NettyRequestSender - Using open Channel [id: 0x0c0502c1, L:/127.0.0.1:58309 - R:localhost/127.0.0.1:31603] for GET '/session/b88f42573eaec7e4fe2d457846600818/screenshot'
01:32:22.649 [AsyncHttpClient-1-7] DEBUG org.asynchttpclient.netty.handler.HttpHandler - 

Request DefaultFullHttpRequest(decodeResult: success, version: HTTP/1.1, content: EmptyByteBufBE)
GET /session/b88f42573eaec7e4fe2d457846600818/screenshot HTTP/1.1
User-Agent: selenium/4.8.1 (java windows)
Cache-Control: no-cache
Content-Type: application/json; charset=utf-8
host: localhost:31603
accept: */*

Response DefaultHttpResponse(decodeResult: success, version: HTTP/1.1)
HTTP/1.1 200 OK
Content-Length: 88712
Content-Type: application/json; charset=utf-8
cache-control: no-cache

01:32:22.649 [AsyncHttpClient-1-7] DEBUG org.asynchttpclient.netty.channel.ChannelManager - Adding key: http://localhost:31603 for channel [id: 0x0c0502c1, L:/127.0.0.1:58309 - R:localhost/127.0.0.1:31603]
01:32:22.653 [main] DEBUG net.serenitybdd.core.photography.Darkroom - Send negative for processing for target\site\serenity\7235ec5c7de0c68ad449020b193b88f13042508d83dabe5821a53aa0b311adfa.png
01:32:22.653 [Darkroom Processing Line] DEBUG net.serenitybdd.core.photography.DarkroomProcessingLine - Processing screenshot image in /var/screenshots/screenshot-8273193436049495706
01:32:22.653 [Darkroom Processing Line] DEBUG net.serenitybdd.core.photography.DarkroomProcessingLine - Saving screenshot to target\site\serenity\7235ec5c7de0c68ad449020b193b88f13042508d83dabe5821a53aa0b311adfa.png
01:32:22.654 [Forwarding getPageSource on session b88f42573eaec7e4fe2d457846600818 to remote] DEBUG org.asynchttpclient.netty.request.NettyRequestSender - Using pooled Channel '[id: 0x0c0502c1, L:/127.0.0.1:58309 - R:localhost/127.0.0.1:31603]' for 'POST' to 'http://localhost:31603/session/b88f42573eaec7e4fe2d457846600818/execute/sync'
01:32:22.654 [Forwarding getPageSource on session b88f42573eaec7e4fe2d457846600818 to remote] DEBUG org.asynchttpclient.netty.request.NettyRequestSender - Using open Channel [id: 0x0c0502c1, L:/127.0.0.1:58309 - R:localhost/127.0.0.1:31603] for POST '/session/b88f42573eaec7e4fe2d457846600818/execute/sync'
01:32:22.689 [AsyncHttpClient-1-7] DEBUG org.asynchttpclient.netty.handler.HttpHandler - 

Request DefaultHttpRequest(decodeResult: success, version: HTTP/1.1)
POST /session/b88f42573eaec7e4fe2d457846600818/execute/sync HTTP/1.1
User-Agent: selenium/4.8.1 (java windows)
Content-Length: 176
Content-Type: application/json; charset=utf-8
host: localhost:31603
accept: */*

Response DefaultHttpResponse(decodeResult: success, version: HTTP/1.1)
HTTP/1.1 200 OK
Content-Length: 518077
Content-Type: application/json; charset=utf-8
cache-control: no-cache

01:32:22.690 [AsyncHttpClient-1-7] DEBUG org.asynchttpclient.netty.channel.ChannelManager - Adding key: http://localhost:31603 for channel [id: 0x0c0502c1, L:/127.0.0.1:58309 - R:localhost/127.0.0.1:31603]
01:32:22.741 [Forwarding getCurrentUrl on session b88f42573eaec7e4fe2d457846600818 to remote] DEBUG org.asynchttpclient.netty.request.NettyRequestSender - Using pooled Channel '[id: 0x0c0502c1, L:/127.0.0.1:58309 - R:localhost/127.0.0.1:31603]' for 'GET' to 'http://localhost:31603/session/b88f42573eaec7e4fe2d457846600818/url'
01:32:22.741 [Forwarding getCurrentUrl on session b88f42573eaec7e4fe2d457846600818 to remote] DEBUG org.asynchttpclient.netty.request.NettyRequestSender - Using open Channel [id: 0x0c0502c1, L:/127.0.0.1:58309 - R:localhost/127.0.0.1:31603] for GET '/session/b88f42573eaec7e4fe2d457846600818/url'
01:32:22.746 [AsyncHttpClient-1-7] DEBUG org.asynchttpclient.netty.handler.HttpHandler - 

Request DefaultFullHttpRequest(decodeResult: success, version: HTTP/1.1, content: EmptyByteBufBE)
GET /session/b88f42573eaec7e4fe2d457846600818/url HTTP/1.1
User-Agent: selenium/4.8.1 (java windows)
Cache-Control: no-cache
Content-Type: application/json; charset=utf-8
host: localhost:31603
accept: */*

Response DefaultHttpResponse(decodeResult: success, version: HTTP/1.1)
HTTP/1.1 200 OK
Content-Length: 41
Content-Type: application/json; charset=utf-8
cache-control: no-cache

01:32:22.746 [AsyncHttpClient-1-7] DEBUG org.asynchttpclient.netty.channel.ChannelManager - Adding key: http://localhost:31603 for channel [id: 0x0c0502c1, L:/127.0.0.1:58309 - R:localhost/127.0.0.1:31603]
01:32:22.749 [main] DEBUG net.thucydides.core.steps.StepInterceptor - STARTING STEP: LoginSteps.clickCartIcon - clickCartIcon
01:32:22.753 [Forwarding findElement on session b88f42573eaec7e4fe2d457846600818 to remote] DEBUG org.asynchttpclient.netty.request.NettyRequestSender - Using pooled Channel '[id: 0x0c0502c1, L:/127.0.0.1:58309 - R:localhost/127.0.0.1:31603]' for 'POST' to 'http://localhost:31603/session/b88f42573eaec7e4fe2d457846600818/element'
01:32:22.753 [Forwarding findElement on session b88f42573eaec7e4fe2d457846600818 to remote] DEBUG org.asynchttpclient.netty.request.NettyRequestSender - Using open Channel [id: 0x0c0502c1, L:/127.0.0.1:58309 - R:localhost/127.0.0.1:31603] for POST '/session/b88f42573eaec7e4fe2d457846600818/element'
01:32:22.765 [AsyncHttpClient-1-7] DEBUG org.asynchttpclient.netty.handler.HttpHandler - 

Request DefaultHttpRequest(decodeResult: success, version: HTTP/1.1)
POST /session/b88f42573eaec7e4fe2d457846600818/element HTTP/1.1
User-Agent: selenium/4.8.1 (java windows)
Content-Length: 138
Content-Type: application/json; charset=utf-8
host: localhost:31603
accept: */*

Response DefaultHttpResponse(decodeResult: success, version: HTTP/1.1)
HTTP/1.1 200 OK
Content-Length: 88
Content-Type: application/json; charset=utf-8
cache-control: no-cache

01:32:22.765 [AsyncHttpClient-1-7] DEBUG org.asynchttpclient.netty.channel.ChannelManager - Adding key: http://localhost:31603 for channel [id: 0x0c0502c1, L:/127.0.0.1:58309 - R:localhost/127.0.0.1:31603]
01:32:22.766 [Forwarding getElementTagName on session b88f42573eaec7e4fe2d457846600818 to remote] DEBUG org.asynchttpclient.netty.request.NettyRequestSender - Using pooled Channel '[id: 0x0c0502c1, L:/127.0.0.1:58309 - R:localhost/127.0.0.1:31603]' for 'GET' to 'http://localhost:31603/session/b88f42573eaec7e4fe2d457846600818/element/d48e3ccc-85a0-495f-ae92-244a114f0b76/name'
01:32:22.766 [Forwarding getElementTagName on session b88f42573eaec7e4fe2d457846600818 to remote] DEBUG org.asynchttpclient.netty.request.NettyRequestSender - Using open Channel [id: 0x0c0502c1, L:/127.0.0.1:58309 - R:localhost/127.0.0.1:31603] for GET '/session/b88f42573eaec7e4fe2d457846600818/element/d48e3ccc-85a0-495f-ae92-244a114f0b76/name'
01:32:22.770 [AsyncHttpClient-1-7] DEBUG org.asynchttpclient.netty.handler.HttpHandler - 

Request DefaultFullHttpRequest(decodeResult: success, version: HTTP/1.1, content: EmptyByteBufBE)
GET /session/b88f42573eaec7e4fe2d457846600818/element/d48e3ccc-85a0-495f-ae92-244a114f0b76/name HTTP/1.1
User-Agent: selenium/4.8.1 (java windows)
Cache-Control: no-cache
Content-Type: application/json; charset=utf-8
host: localhost:31603
accept: */*

Response DefaultHttpResponse(decodeResult: success, version: HTTP/1.1)
HTTP/1.1 200 OK
Content-Length: 13
Content-Type: application/json; charset=utf-8
cache-control: no-cache

01:32:22.770 [AsyncHttpClient-1-7] DEBUG org.asynchttpclient.netty.channel.ChannelManager - Adding key: http://localhost:31603 for channel [id: 0x0c0502c1, L:/127.0.0.1:58309 - R:localhost/127.0.0.1:31603]
01:32:22.771 [Forwarding getElementTagName on session b88f42573eaec7e4fe2d457846600818 to remote] DEBUG org.asynchttpclient.netty.request.NettyRequestSender - Using pooled Channel '[id: 0x0c0502c1, L:/127.0.0.1:58309 - R:localhost/127.0.0.1:31603]' for 'GET' to 'http://localhost:31603/session/b88f42573eaec7e4fe2d457846600818/element/d48e3ccc-85a0-495f-ae92-244a114f0b76/name'
01:32:22.771 [Forwarding getElementTagName on session b88f42573eaec7e4fe2d457846600818 to remote] DEBUG org.asynchttpclient.netty.request.NettyRequestSender - Using open Channel [id: 0x0c0502c1, L:/127.0.0.1:58309 - R:localhost/127.0.0.1:31603] for GET '/session/b88f42573eaec7e4fe2d457846600818/element/d48e3ccc-85a0-495f-ae92-244a114f0b76/name'
01:32:22.774 [AsyncHttpClient-1-7] DEBUG org.asynchttpclient.netty.handler.HttpHandler - 

Request DefaultFullHttpRequest(decodeResult: success, version: HTTP/1.1, content: EmptyByteBufBE)
GET /session/b88f42573eaec7e4fe2d457846600818/element/d48e3ccc-85a0-495f-ae92-244a114f0b76/name HTTP/1.1
User-Agent: selenium/4.8.1 (java windows)
Cache-Control: no-cache
Content-Type: application/json; charset=utf-8
host: localhost:31603
accept: */*

Response DefaultHttpResponse(decodeResult: success, version: HTTP/1.1)
HTTP/1.1 200 OK
Content-Length: 13
Content-Type: application/json; charset=utf-8
cache-control: no-cache

01:32:22.774 [AsyncHttpClient-1-7] DEBUG org.asynchttpclient.netty.channel.ChannelManager - Adding key: http://localhost:31603 for channel [id: 0x0c0502c1, L:/127.0.0.1:58309 - R:localhost/127.0.0.1:31603]
01:32:22.775 [Forwarding findElement on session b88f42573eaec7e4fe2d457846600818 to remote] DEBUG org.asynchttpclient.netty.request.NettyRequestSender - Using pooled Channel '[id: 0x0c0502c1, L:/127.0.0.1:58309 - R:localhost/127.0.0.1:31603]' for 'POST' to 'http://localhost:31603/session/b88f42573eaec7e4fe2d457846600818/element'
01:32:22.776 [Forwarding findElement on session b88f42573eaec7e4fe2d457846600818 to remote] DEBUG org.asynchttpclient.netty.request.NettyRequestSender - Using open Channel [id: 0x0c0502c1, L:/127.0.0.1:58309 - R:localhost/127.0.0.1:31603] for POST '/session/b88f42573eaec7e4fe2d457846600818/element'
01:32:22.783 [AsyncHttpClient-1-7] DEBUG org.asynchttpclient.netty.handler.HttpHandler - 

Request DefaultHttpRequest(decodeResult: success, version: HTTP/1.1)
POST /session/b88f42573eaec7e4fe2d457846600818/element HTTP/1.1
User-Agent: selenium/4.8.1 (java windows)
Content-Length: 138
Content-Type: application/json; charset=utf-8
host: localhost:31603
accept: */*

Response DefaultHttpResponse(decodeResult: success, version: HTTP/1.1)
HTTP/1.1 200 OK
Content-Length: 88
Content-Type: application/json; charset=utf-8
cache-control: no-cache

01:32:22.783 [AsyncHttpClient-1-7] DEBUG org.asynchttpclient.netty.channel.ChannelManager - Adding key: http://localhost:31603 for channel [id: 0x0c0502c1, L:/127.0.0.1:58309 - R:localhost/127.0.0.1:31603]
01:32:22.784 [Forwarding clickElement on session b88f42573eaec7e4fe2d457846600818 to remote] DEBUG org.asynchttpclient.netty.request.NettyRequestSender - Using pooled Channel '[id: 0x0c0502c1, L:/127.0.0.1:58309 - R:localhost/127.0.0.1:31603]' for 'POST' to 'http://localhost:31603/session/b88f42573eaec7e4fe2d457846600818/element/d48e3ccc-85a0-495f-ae92-244a114f0b76/click'
01:32:22.784 [Forwarding clickElement on session b88f42573eaec7e4fe2d457846600818 to remote] DEBUG org.asynchttpclient.netty.request.NettyRequestSender - Using open Channel [id: 0x0c0502c1, L:/127.0.0.1:58309 - R:localhost/127.0.0.1:31603] for POST '/session/b88f42573eaec7e4fe2d457846600818/element/d48e3ccc-85a0-495f-ae92-244a114f0b76/click'
01:32:22.825 [AsyncHttpClient-1-7] DEBUG org.asynchttpclient.netty.handler.HttpHandler - 

Request DefaultHttpRequest(decodeResult: success, version: HTTP/1.1)
POST /session/b88f42573eaec7e4fe2d457846600818/element/d48e3ccc-85a0-495f-ae92-244a114f0b76/click HTTP/1.1
User-Agent: selenium/4.8.1 (java windows)
Content-Length: 50
Content-Type: application/json; charset=utf-8
host: localhost:31603
accept: */*

Response DefaultHttpResponse(decodeResult: success, version: HTTP/1.1)
HTTP/1.1 200 OK
Content-Length: 14
Content-Type: application/json; charset=utf-8
cache-control: no-cache

01:32:22.825 [AsyncHttpClient-1-7] DEBUG org.asynchttpclient.netty.channel.ChannelManager - Adding key: http://localhost:31603 for channel [id: 0x0c0502c1, L:/127.0.0.1:58309 - R:localhost/127.0.0.1:31603]
01:32:22.836 [Forwarding getAlertText on session b88f42573eaec7e4fe2d457846600818 to remote] DEBUG org.asynchttpclient.netty.request.NettyRequestSender - Using pooled Channel '[id: 0x0c0502c1, L:/127.0.0.1:58309 - R:localhost/127.0.0.1:31603]' for 'GET' to 'http://localhost:31603/session/b88f42573eaec7e4fe2d457846600818/alert/text'
01:32:22.837 [Forwarding getAlertText on session b88f42573eaec7e4fe2d457846600818 to remote] DEBUG org.asynchttpclient.netty.request.NettyRequestSender - Using open Channel [id: 0x0c0502c1, L:/127.0.0.1:58309 - R:localhost/127.0.0.1:31603] for GET '/session/b88f42573eaec7e4fe2d457846600818/alert/text'
01:32:22.959 [AsyncHttpClient-1-7] DEBUG org.asynchttpclient.netty.handler.HttpHandler - 

Request DefaultFullHttpRequest(decodeResult: success, version: HTTP/1.1, content: EmptyByteBufBE)
GET /session/b88f42573eaec7e4fe2d457846600818/alert/text HTTP/1.1
User-Agent: selenium/4.8.1 (java windows)
Cache-Control: no-cache
Content-Type: application/json; charset=utf-8
host: localhost:31603
accept: */*

Response DefaultHttpResponse(decodeResult: success, version: HTTP/1.1)
HTTP/1.1 404 Not Found
Content-Length: 816
Content-Type: application/json; charset=utf-8
cache-control: no-cache

01:32:22.959 [AsyncHttpClient-1-7] DEBUG org.asynchttpclient.netty.channel.ChannelManager - Adding key: http://localhost:31603 for channel [id: 0x0c0502c1, L:/127.0.0.1:58309 - R:localhost/127.0.0.1:31603]
01:32:22.961 [Forwarding getCurrentUrl on session b88f42573eaec7e4fe2d457846600818 to remote] DEBUG org.asynchttpclient.netty.request.NettyRequestSender - Using pooled Channel '[id: 0x0c0502c1, L:/127.0.0.1:58309 - R:localhost/127.0.0.1:31603]' for 'GET' to 'http://localhost:31603/session/b88f42573eaec7e4fe2d457846600818/url'
01:32:22.961 [Forwarding getCurrentUrl on session b88f42573eaec7e4fe2d457846600818 to remote] DEBUG org.asynchttpclient.netty.request.NettyRequestSender - Using open Channel [id: 0x0c0502c1, L:/127.0.0.1:58309 - R:localhost/127.0.0.1:31603] for GET '/session/b88f42573eaec7e4fe2d457846600818/url'
01:32:22.974 [AsyncHttpClient-1-7] DEBUG org.asynchttpclient.netty.handler.HttpHandler - 

Request DefaultFullHttpRequest(decodeResult: success, version: HTTP/1.1, content: EmptyByteBufBE)
GET /session/b88f42573eaec7e4fe2d457846600818/url HTTP/1.1
User-Agent: selenium/4.8.1 (java windows)
Cache-Control: no-cache
Content-Type: application/json; charset=utf-8
host: localhost:31603
accept: */*

Response DefaultHttpResponse(decodeResult: success, version: HTTP/1.1)
HTTP/1.1 200 OK
Content-Length: 46
Content-Type: application/json; charset=utf-8
cache-control: no-cache

01:32:22.974 [AsyncHttpClient-1-7] DEBUG org.asynchttpclient.netty.channel.ChannelManager - Adding key: http://localhost:31603 for channel [id: 0x0c0502c1, L:/127.0.0.1:58309 - R:localhost/127.0.0.1:31603]
01:32:22.975 [Forwarding screenshot on session b88f42573eaec7e4fe2d457846600818 to remote] DEBUG org.asynchttpclient.netty.request.NettyRequestSender - Using pooled Channel '[id: 0x0c0502c1, L:/127.0.0.1:58309 - R:localhost/127.0.0.1:31603]' for 'GET' to 'http://localhost:31603/session/b88f42573eaec7e4fe2d457846600818/screenshot'
01:32:22.975 [Forwarding screenshot on session b88f42573eaec7e4fe2d457846600818 to remote] DEBUG org.asynchttpclient.netty.request.NettyRequestSender - Using open Channel [id: 0x0c0502c1, L:/127.0.0.1:58309 - R:localhost/127.0.0.1:31603] for GET '/session/b88f42573eaec7e4fe2d457846600818/screenshot'
01:32:23.185 [AsyncHttpClient-1-7] DEBUG org.asynchttpclient.netty.handler.HttpHandler - 

Request DefaultFullHttpRequest(decodeResult: success, version: HTTP/1.1, content: EmptyByteBufBE)
GET /session/b88f42573eaec7e4fe2d457846600818/screenshot HTTP/1.1
User-Agent: selenium/4.8.1 (java windows)
Cache-Control: no-cache
Content-Type: application/json; charset=utf-8
host: localhost:31603
accept: */*

Response DefaultHttpResponse(decodeResult: success, version: HTTP/1.1)
HTTP/1.1 200 OK
Content-Length: 46688
Content-Type: application/json; charset=utf-8
cache-control: no-cache

01:32:23.186 [AsyncHttpClient-1-7] DEBUG org.asynchttpclient.netty.channel.ChannelManager - Adding key: http://localhost:31603 for channel [id: 0x0c0502c1, L:/127.0.0.1:58309 - R:localhost/127.0.0.1:31603]
01:32:23.191 [main] DEBUG net.serenitybdd.core.photography.Darkroom - Send negative for processing for target\site\serenity\8773751df7e0f9b8a9106938703057f1790b1939ae11de590e68b3c24d419752.png
01:32:23.192 [main] DEBUG net.thucydides.core.steps.StepInterceptor - STEP DONE: clickCartIcon
01:32:23.192 [Darkroom Processing Line] DEBUG net.serenitybdd.core.photography.DarkroomProcessingLine - Processing screenshot image in /var/screenshots/screenshot-5528678943007289520
01:32:23.192 [Darkroom Processing Line] DEBUG net.serenitybdd.core.photography.DarkroomProcessingLine - Saving screenshot to target\site\serenity\8773751df7e0f9b8a9106938703057f1790b1939ae11de590e68b3c24d419752.png
  &amp#27;[32mAnd &amp#27;[0m&amp#27;[32mI click cart icon&amp#27;[0m                                                               &amp#27;[90m# starter.stepdefinitions.LoginSteps.clickCartIcon()&amp#27;[0m
01:32:23.195 [AsyncHttpClient-1-1] DEBUG org.asynchttpclient.netty.channel.DefaultChannelPool - Entry count for : http://localhost:58310 : 1
01:32:23.195 [AsyncHttpClient-1-1] DEBUG org.asynchttpclient.netty.channel.DefaultChannelPool - Entry count for : http://localhost:31603 : 1
01:32:23.203 [Forwarding getPageSource on session b88f42573eaec7e4fe2d457846600818 to remote] DEBUG org.asynchttpclient.netty.request.NettyRequestSender - Using pooled Channel '[id: 0x0c0502c1, L:/127.0.0.1:58309 - R:localhost/127.0.0.1:31603]' for 'POST' to 'http://localhost:31603/session/b88f42573eaec7e4fe2d457846600818/execute/sync'
01:32:23.203 [Forwarding getPageSource on session b88f42573eaec7e4fe2d457846600818 to remote] DEBUG org.asynchttpclient.netty.request.NettyRequestSender - Using open Channel [id: 0x0c0502c1, L:/127.0.0.1:58309 - R:localhost/127.0.0.1:31603] for POST '/session/b88f42573eaec7e4fe2d457846600818/execute/sync'
01:32:23.209 [AsyncHttpClient-1-7] DEBUG org.asynchttpclient.netty.handler.HttpHandler - 

Request DefaultHttpRequest(decodeResult: success, version: HTTP/1.1)
POST /session/b88f42573eaec7e4fe2d457846600818/execute/sync HTTP/1.1
User-Agent: selenium/4.8.1 (java windows)
Content-Length: 176
Content-Type: application/json; charset=utf-8
host: localhost:31603
accept: */*

Response DefaultHttpResponse(decodeResult: success, version: HTTP/1.1)
HTTP/1.1 200 OK
Content-Length: 22295
Content-Type: application/json; charset=utf-8
cache-control: no-cache

01:32:23.209 [AsyncHttpClient-1-7] DEBUG org.asynchttpclient.netty.channel.ChannelManager - Adding key: http://localhost:31603 for channel [id: 0x0c0502c1, L:/127.0.0.1:58309 - R:localhost/127.0.0.1:31603]
01:32:23.212 [Forwarding getCurrentUrl on session b88f42573eaec7e4fe2d457846600818 to remote] DEBUG org.asynchttpclient.netty.request.NettyRequestSender - Using pooled Channel '[id: 0x0c0502c1, L:/127.0.0.1:58309 - R:localhost/127.0.0.1:31603]' for 'GET' to 'http://localhost:31603/session/b88f42573eaec7e4fe2d457846600818/url'
01:32:23.212 [Forwarding getCurrentUrl on session b88f42573eaec7e4fe2d457846600818 to remote] DEBUG org.asynchttpclient.netty.request.NettyRequestSender - Using open Channel [id: 0x0c0502c1, L:/127.0.0.1:58309 - R:localhost/127.0.0.1:31603] for GET '/session/b88f42573eaec7e4fe2d457846600818/url'
01:32:23.215 [AsyncHttpClient-1-7] DEBUG org.asynchttpclient.netty.handler.HttpHandler - 

Request DefaultFullHttpRequest(decodeResult: success, version: HTTP/1.1, content: EmptyByteBufBE)
GET /session/b88f42573eaec7e4fe2d457846600818/url HTTP/1.1
User-Agent: selenium/4.8.1 (java windows)
Cache-Control: no-cache
Content-Type: application/json; charset=utf-8
host: localhost:31603
accept: */*

Response DefaultHttpResponse(decodeResult: success, version: HTTP/1.1)
HTTP/1.1 200 OK
Content-Length: 46
Content-Type: application/json; charset=utf-8
cache-control: no-cache

01:32:23.215 [AsyncHttpClient-1-7] DEBUG org.asynchttpclient.netty.channel.ChannelManager - Adding key: http://localhost:31603 for channel [id: 0x0c0502c1, L:/127.0.0.1:58309 - R:localhost/127.0.0.1:31603]
01:32:23.220 [Forwarding findElement on session b88f42573eaec7e4fe2d457846600818 to remote] DEBUG org.asynchttpclient.netty.request.NettyRequestSender - Using pooled Channel '[id: 0x0c0502c1, L:/127.0.0.1:58309 - R:localhost/127.0.0.1:31603]' for 'POST' to 'http://localhost:31603/session/b88f42573eaec7e4fe2d457846600818/element'
01:32:23.220 [Forwarding findElement on session b88f42573eaec7e4fe2d457846600818 to remote] DEBUG org.asynchttpclient.netty.request.NettyRequestSender - Using open Channel [id: 0x0c0502c1, L:/127.0.0.1:58309 - R:localhost/127.0.0.1:31603] for POST '/session/b88f42573eaec7e4fe2d457846600818/element'
01:32:23.228 [AsyncHttpClient-1-7] DEBUG org.asynchttpclient.netty.handler.HttpHandler - 

Request DefaultHttpRequest(decodeResult: success, version: HTTP/1.1)
POST /session/b88f42573eaec7e4fe2d457846600818/element HTTP/1.1
User-Agent: selenium/4.8.1 (java windows)
Content-Length: 75
Content-Type: application/json; charset=utf-8
host: localhost:31603
accept: */*

Response DefaultHttpResponse(decodeResult: success, version: HTTP/1.1)
HTTP/1.1 200 OK
Content-Length: 88
Content-Type: application/json; charset=utf-8
cache-control: no-cache

01:32:23.228 [AsyncHttpClient-1-7] DEBUG org.asynchttpclient.netty.channel.ChannelManager - Adding key: http://localhost:31603 for channel [id: 0x0c0502c1, L:/127.0.0.1:58309 - R:localhost/127.0.0.1:31603]
01:32:23.233 [Forwarding isElementDisplayed on session b88f42573eaec7e4fe2d457846600818 to remote] DEBUG org.asynchttpclient.netty.request.NettyRequestSender - Using pooled Channel '[id: 0x0c0502c1, L:/127.0.0.1:58309 - R:localhost/127.0.0.1:31603]' for 'POST' to 'http://localhost:31603/session/b88f42573eaec7e4fe2d457846600818/execute/sync'
01:32:23.233 [Forwarding isElementDisplayed on session b88f42573eaec7e4fe2d457846600818 to remote] DEBUG org.asynchttpclient.netty.request.NettyRequestSender - Using open Channel [id: 0x0c0502c1, L:/127.0.0.1:58309 - R:localhost/127.0.0.1:31603] for POST '/session/b88f42573eaec7e4fe2d457846600818/execute/sync'
01:32:23.243 [AsyncHttpClient-1-7] DEBUG org.asynchttpclient.netty.handler.HttpHandler - 

Request DefaultHttpRequest(decodeResult: success, version: HTTP/1.1)
POST /session/b88f42573eaec7e4fe2d457846600818/execute/sync HTTP/1.1
User-Agent: selenium/4.8.1 (java windows)
Content-Length: 48807
Content-Type: application/json; charset=utf-8
host: localhost:31603
accept: */*

Response DefaultHttpResponse(decodeResult: success, version: HTTP/1.1)
HTTP/1.1 200 OK
Content-Length: 14
Content-Type: application/json; charset=utf-8
cache-control: no-cache

01:32:23.243 [AsyncHttpClient-1-7] DEBUG org.asynchttpclient.netty.channel.ChannelManager - Adding key: http://localhost:31603 for channel [id: 0x0c0502c1, L:/127.0.0.1:58309 - R:localhost/127.0.0.1:31603]
  &amp#27;[32mThen &amp#27;[0m&amp#27;[32mI see the purchase details of a product in cart&amp#27;[0m                                &amp#27;[90m# starter.stepdefinitions.LoginSteps.seePurchaseProduct()&amp#27;[0m
01:32:23.252 [Forwarding getAlertText on session b88f42573eaec7e4fe2d457846600818 to remote] DEBUG org.asynchttpclient.netty.request.NettyRequestSender - Using pooled Channel '[id: 0x0c0502c1, L:/127.0.0.1:58309 - R:localhost/127.0.0.1:31603]' for 'GET' to 'http://localhost:31603/session/b88f42573eaec7e4fe2d457846600818/alert/text'
01:32:23.252 [Forwarding getAlertText on session b88f42573eaec7e4fe2d457846600818 to remote] DEBUG org.asynchttpclient.netty.request.NettyRequestSender - Using open Channel [id: 0x0c0502c1, L:/127.0.0.1:58309 - R:localhost/127.0.0.1:31603] for GET '/session/b88f42573eaec7e4fe2d457846600818/alert/text'
01:32:23.254 [AsyncHttpClient-1-7] DEBUG org.asynchttpclient.netty.handler.HttpHandler - 

Request DefaultFullHttpRequest(decodeResult: success, version: HTTP/1.1, content: EmptyByteBufBE)
GET /session/b88f42573eaec7e4fe2d457846600818/alert/text HTTP/1.1
User-Agent: selenium/4.8.1 (java windows)
Cache-Control: no-cache
Content-Type: application/json; charset=utf-8
host: localhost:31603
accept: */*

Response DefaultHttpResponse(decodeResult: success, version: HTTP/1.1)
HTTP/1.1 404 Not Found
Content-Length: 816
Content-Type: application/json; charset=utf-8
cache-control: no-cache

01:32:23.254 [AsyncHttpClient-1-7] DEBUG org.asynchttpclient.netty.channel.ChannelManager - Adding key: http://localhost:31603 for channel [id: 0x0c0502c1, L:/127.0.0.1:58309 - R:localhost/127.0.0.1:31603]
01:32:23.256 [Forwarding getCurrentUrl on session b88f42573eaec7e4fe2d457846600818 to remote] DEBUG org.asynchttpclient.netty.request.NettyRequestSender - Using pooled Channel '[id: 0x0c0502c1, L:/127.0.0.1:58309 - R:localhost/127.0.0.1:31603]' for 'GET' to 'http://localhost:31603/session/b88f42573eaec7e4fe2d457846600818/url'
01:32:23.256 [Forwarding getCurrentUrl on session b88f42573eaec7e4fe2d457846600818 to remote] DEBUG org.asynchttpclient.netty.request.NettyRequestSender - Using open Channel [id: 0x0c0502c1, L:/127.0.0.1:58309 - R:localhost/127.0.0.1:31603] for GET '/session/b88f42573eaec7e4fe2d457846600818/url'
01:32:23.263 [AsyncHttpClient-1-7] DEBUG org.asynchttpclient.netty.handler.HttpHandler - 

Request DefaultFullHttpRequest(decodeResult: success, version: HTTP/1.1, content: EmptyByteBufBE)
GET /session/b88f42573eaec7e4fe2d457846600818/url HTTP/1.1
User-Agent: selenium/4.8.1 (java windows)
Cache-Control: no-cache
Content-Type: application/json; charset=utf-8
host: localhost:31603
accept: */*

Response DefaultHttpResponse(decodeResult: success, version: HTTP/1.1)
HTTP/1.1 200 OK
Content-Length: 46
Content-Type: application/json; charset=utf-8
cache-control: no-cache

01:32:23.263 [AsyncHttpClient-1-7] DEBUG org.asynchttpclient.netty.channel.ChannelManager - Adding key: http://localhost:31603 for channel [id: 0x0c0502c1, L:/127.0.0.1:58309 - R:localhost/127.0.0.1:31603]
01:32:23.264 [Forwarding screenshot on session b88f42573eaec7e4fe2d457846600818 to remote] DEBUG org.asynchttpclient.netty.request.NettyRequestSender - Using pooled Channel '[id: 0x0c0502c1, L:/127.0.0.1:58309 - R:localhost/127.0.0.1:31603]' for 'GET' to 'http://localhost:31603/session/b88f42573eaec7e4fe2d457846600818/screenshot'
01:32:23.264 [Forwarding screenshot on session b88f42573eaec7e4fe2d457846600818 to remote] DEBUG org.asynchttpclient.netty.request.NettyRequestSender - Using open Channel [id: 0x0c0502c1, L:/127.0.0.1:58309 - R:localhost/127.0.0.1:31603] for GET '/session/b88f42573eaec7e4fe2d457846600818/screenshot'
01:32:23.476 [AsyncHttpClient-1-7] DEBUG org.asynchttpclient.netty.handler.HttpHandler - 

Request DefaultFullHttpRequest(decodeResult: success, version: HTTP/1.1, content: EmptyByteBufBE)
GET /session/b88f42573eaec7e4fe2d457846600818/screenshot HTTP/1.1
User-Agent: selenium/4.8.1 (java windows)
Cache-Control: no-cache
Content-Type: application/json; charset=utf-8
host: localhost:31603
accept: */*

Response DefaultHttpResponse(decodeResult: success, version: HTTP/1.1)
HTTP/1.1 200 OK
Content-Length: 46104
Content-Type: application/json; charset=utf-8
cache-control: no-cache

01:32:23.477 [AsyncHttpClient-1-7] DEBUG org.asynchttpclient.netty.channel.ChannelManager - Adding key: http://localhost:31603 for channel [id: 0x0c0502c1, L:/127.0.0.1:58309 - R:localhost/127.0.0.1:31603]
01:32:23.480 [main] DEBUG net.serenitybdd.core.photography.Darkroom - Send negative for processing for target\site\serenity\2945164c20fb4613ed95001d5c50e0bad5aedff5fc1d6b4397935f6c0f03597e.png
01:32:23.481 [Darkroom Processing Line] DEBUG net.serenitybdd.core.photography.DarkroomProcessingLine - Processing screenshot image in /var/screenshots/screenshot-1399119212623390358
01:32:23.481 [Darkroom Processing Line] DEBUG net.serenitybdd.core.photography.DarkroomProcessingLine - Saving screenshot to target\site\serenity\2945164c20fb4613ed95001d5c50e0bad5aedff5fc1d6b4397935f6c0f03597e.png
01:32:23.481 [main] INFO  - 
  _____   ___   ___   _____     ___     _     ___   ___   ___   ___  
 |_   _| | __| / __| |_   _|   | _ \   /_\   / __| / __| | __| |   \ 
   | |   | _|  \__ \   | |     |  _/  / _ \  \__ \ \__ \ | _|  | |) |
   |_|   |___| |___/   |_|     |_|   /_/ \_\ |___/ |___/ |___| |___/ 

As user i have be able to success see purchase details of a product in cart
----------------------------------------------------------------------
01:32:23.483 [AsyncHttpClient-1-9] DEBUG org.asynchttpclient.netty.handler.WebSocketHandler - Channel Closed: [id: 0x68adf1e9, L:/127.0.0.1:58317 ! R:localhost/127.0.0.1:58310] with attribute NettyResponseFuture{currentRetry=0,
	isDone=1,
	isCancelled=0,
	asyncHandler=org.asynchttpclient.ws.WebSocketUpgradeHandler@359f0932,
	nettyRequest=org.asynchttpclient.netty.request.NettyRequest@125cd63e,
	future=java.util.concurrent.CompletableFuture@4d1c3613[Completed normally],
	uri=ws://localhost:58310/devtools/browser/629744eb-39cf-47ea-818d-58e70332ea8f,
	keepAlive=true,
	redirectCount=0,
	timeoutsHolder=null,
	inAuth=0,
	touch=1683484336999}
01:32:23.483 [AsyncHttpClient-1-9] DEBUG org.asynchttpclient.netty.channel.ChannelManager - Closing Channel [id: 0x68adf1e9, L:/127.0.0.1:58317 ! R:localhost/127.0.0.1:58310] 
01:32:23.484 [Driver Command Executor] DEBUG org.asynchttpclient.netty.request.NettyRequestSender - Using pooled Channel '[id: 0x0c0502c1, L:/127.0.0.1:58309 - R:localhost/127.0.0.1:31603]' for 'DELETE' to 'http://localhost:31603/session/b88f42573eaec7e4fe2d457846600818'
01:32:23.484 [Driver Command Executor] DEBUG org.asynchttpclient.netty.request.NettyRequestSender - Using open Channel [id: 0x0c0502c1, L:/127.0.0.1:58309 - R:localhost/127.0.0.1:31603] for DELETE '/session/b88f42573eaec7e4fe2d457846600818'
01:32:23.542 [AsyncHttpClient-1-8] DEBUG org.asynchttpclient.netty.handler.HttpHandler - Unexpected I/O exception on channel [id: 0xb3b3dde6, L:/127.0.0.1:58316 - R:localhost/127.0.0.1:58310]
java.io.IOException: An existing connection was forcibly closed by the remote host
	at sun.nio.ch.SocketDispatcher.read0(Native Method)
	at sun.nio.ch.SocketDispatcher.read(Unknown Source)
	at sun.nio.ch.IOUtil.readIntoNativeBuffer(Unknown Source)
	at sun.nio.ch.IOUtil.read(Unknown Source)
	at sun.nio.ch.SocketChannelImpl.read(Unknown Source)
	at io.netty.buffer.PooledByteBuf.setBytes(PooledByteBuf.java:259)
	at io.netty.buffer.AbstractByteBuf.writeBytes(AbstractByteBuf.java:1132)
	at io.netty.channel.socket.nio.NioSocketChannel.doReadBytes(NioSocketChannel.java:357)
	at io.netty.channel.nio.AbstractNioByteChannel$NioByteUnsafe.read(AbstractNioByteChannel.java:151)
	at io.netty.channel.nio.NioEventLoop.processSelectedKey(NioEventLoop.java:788)
	at io.netty.channel.nio.NioEventLoop.processSelectedKeysOptimized(NioEventLoop.java:724)
	at io.netty.channel.nio.NioEventLoop.processSelectedKeys(NioEventLoop.java:650)
	at io.netty.channel.nio.NioEventLoop.run(NioEventLoop.java:562)
	at io.netty.util.concurrent.SingleThreadEventExecutor$4.run(SingleThreadEventExecutor.java:997)
	at io.netty.util.internal.ThreadExecutorMap$2.run(ThreadExecutorMap.java:74)
	at io.netty.util.concurrent.FastThreadLocalRunnable.run(FastThreadLocalRunnable.java:30)
	at java.lang.Thread.run(Unknown Source)
01:32:23.542 [AsyncHttpClient-1-8] DEBUG org.asynchttpclient.netty.channel.ChannelManager - Closing Channel [id: 0xb3b3dde6, L:/127.0.0.1:58316 - R:localhost/127.0.0.1:58310] 
01:32:23.542 [AsyncHttpClient-1-8] DEBUG org.asynchttpclient.netty.handler.HttpHandler - Channel Closed: [id: 0xb3b3dde6, L:/127.0.0.1:58316 ! R:localhost/127.0.0.1:58310] with attribute DISCARD
01:32:23.565 [AsyncHttpClient-1-7] DEBUG org.asynchttpclient.netty.handler.HttpHandler - 

Request DefaultFullHttpRequest(decodeResult: success, version: HTTP/1.1, content: EmptyByteBufBE)
DELETE /session/b88f42573eaec7e4fe2d457846600818 HTTP/1.1
User-Agent: selenium/4.8.1 (java windows)
Content-Type: application/json; charset=utf-8
host: localhost:31603
accept: */*

Response DefaultHttpResponse(decodeResult: success, version: HTTP/1.1)
HTTP/1.1 200 OK
Content-Length: 14
Content-Type: application/json; charset=utf-8
cache-control: no-cache

01:32:23.566 [AsyncHttpClient-1-7] DEBUG org.asynchttpclient.netty.channel.ChannelManager - Adding key: http://localhost:31603 for channel [id: 0x0c0502c1, L:/127.0.0.1:58309 - R:localhost/127.0.0.1:31603]
01:32:23.642 [AsyncHttpClient-1-7] DEBUG org.asynchttpclient.netty.handler.HttpHandler - Channel Closed: [id: 0x0c0502c1, L:/127.0.0.1:58309 ! R:localhost/127.0.0.1:31603] with attribute DISCARD
]]></system-out>
    <system-err><![CDATA[Starting ChromeDriver 111.0.5563.64 (c710e93d5b63b7095afe8c2c17df34408078439d-refs/branch-heads/5563@{#995}) on port 31603
Only local connections are allowed.
Please see https://chromedriver.chromium.org/security-considerations for suggestions on keeping ChromeDriver safe.
ChromeDriver was started successfully.
[1683484336.882][WARNING]: This version of ChromeDriver has not been tested with Chrome version 112.
Mei 08, 2023 1:32:17 AM org.openqa.selenium.devtools.CdpVersionFinder findNearestMatch
WARNING: Unable to find an exact match for CDP version 112, so returning the closest version found: 110
]]></system-err>
  </testcase>
  <testcase name="As user i have be able to success increasing the quantity product in cart" classname="Orders" time="9.316">
    <system-out><![CDATA[
Scenario: As user i have be able to success increasing the quantity product in cart &amp#27;[90m# src/test/resources/features/Orders.feature:14&amp#27;[0m
01:32:24.166 [main] DEBUG io.cucumber.core.plugin.SerenityReporter - Running feature from file:///D:/TUGAS%20SEMESTER%206/Mini%20Project/WebTest-MiniProject/src/test/resources/features/Orders.feature
01:32:24.169 [main] INFO  - 
  _____   ___   ___   _____     ___   _____     _     ___   _____   ___   ___  
 |_   _| | __| / __| |_   _|   / __| |_   _|   /_\   | _ \ |_   _| | __| |   \ 
   | |   | _|  \__ \   | |     \__ \   | |    / _ \  |   /   | |   | _|  | |) |
   |_|   |___| |___/   |_|     |___/   |_|   /_/ \_\ |_|_\   |_|   |___| |___/ 

As user i have be able to success increasing the quantity product in cart(orders;as-user-i-have-be-able-to-success-increasing-the-quantity-product-in-cart)
--------------------------------------------------------------------------------
01:32:24.268 [main] INFO net.serenitybdd.core.webdriver.driverproviders.ChromeDriverProvider - Starting Chrome driver instance with capabilities:
01:32:24.268 [main] INFO net.serenitybdd.core.webdriver.driverproviders.ChromeDriverProvider - Capabilities {acceptInsecureCerts: false, browserName: chrome, goog:chromeOptions: {args: [remote-allow-origins=*], extensions: []}}
01:32:24.292 [AsyncHttpClient-1-1] DEBUG org.asynchttpclient.netty.channel.DefaultChannelPool - Entry count for : http://localhost:58310 : 1
01:32:24.292 [AsyncHttpClient-1-1] DEBUG org.asynchttpclient.netty.channel.DefaultChannelPool - Entry count for : http://localhost:31603 : 1
01:32:24.292 [AsyncHttpClient-1-1] DEBUG org.asynchttpclient.netty.channel.DefaultChannelPool - Adding Candidate expired Channel [id: 0xb3b3dde6, L:/127.0.0.1:58316 ! R:localhost/127.0.0.1:58310] isIdleTimeoutExpired=false isRemotelyClosed=true isTtlExpired=false
01:32:24.292 [AsyncHttpClient-1-1] DEBUG org.asynchttpclient.netty.channel.DefaultChannelPool - Closing Idle Channel [id: 0xb3b3dde6, L:/127.0.0.1:58316 ! R:localhost/127.0.0.1:58310]
01:32:24.292 [AsyncHttpClient-1-1] DEBUG org.asynchttpclient.netty.channel.DefaultChannelPool - Adding Candidate expired Channel [id: 0x0c0502c1, L:/127.0.0.1:58309 ! R:localhost/127.0.0.1:31603] isIdleTimeoutExpired=false isRemotelyClosed=true isTtlExpired=false
01:32:24.292 [AsyncHttpClient-1-1] DEBUG org.asynchttpclient.netty.channel.DefaultChannelPool - Closing Idle Channel [id: 0x0c0502c1, L:/127.0.0.1:58309 ! R:localhost/127.0.0.1:31603]
01:32:24.292 [AsyncHttpClient-1-1] DEBUG org.asynchttpclient.netty.channel.DefaultChannelPool - Closed 2 connections out of 2 in 0 ms
01:32:24.855 [AsyncHttpClient-1-10] DEBUG org.asynchttpclient.netty.channel.NettyConnectListener - Using new Channel '[id: 0x5791edb4, L:/127.0.0.1:58332 - R:localhost/127.0.0.1:47818]' for 'POST' to '/session'
01:32:25.494 [AsyncHttpClient-1-10] DEBUG org.asynchttpclient.netty.handler.HttpHandler - 

Request DefaultHttpRequest(decodeResult: success, version: HTTP/1.1)
POST /session HTTP/1.1
User-Agent: selenium/4.8.1 (java windows)
Content-Length: 507
Content-Type: application/json; charset=utf-8
host: localhost:47818
accept: */*

Response DefaultHttpResponse(decodeResult: success, version: HTTP/1.1)
HTTP/1.1 200 OK
Content-Length: 857
Content-Type: application/json; charset=utf-8
cache-control: no-cache

01:32:25.494 [AsyncHttpClient-1-10] DEBUG org.asynchttpclient.netty.channel.ChannelManager - Adding key: http://localhost:47818 for channel [id: 0x5791edb4, L:/127.0.0.1:58332 - R:localhost/127.0.0.1:47818]
01:32:25.503 [AsyncHttpClient-1-11] DEBUG org.asynchttpclient.netty.channel.NettyConnectListener - Using new Channel '[id: 0xa95bb7b5, L:/127.0.0.1:58339 - R:localhost/127.0.0.1:58333]' for 'GET' to '/json/version'
01:32:25.504 [AsyncHttpClient-1-11] DEBUG org.asynchttpclient.netty.handler.HttpHandler - 

Request DefaultFullHttpRequest(decodeResult: success, version: HTTP/1.1, content: EmptyByteBufBE)
GET /json/version HTTP/1.1
User-Agent: selenium/4.8.1 (java windows)
host: localhost:58333
accept: */*

Response DefaultHttpResponse(decodeResult: success, version: HTTP/1.1)
HTTP/1.1 200 OK
Content-Security-Policy: frame-ancestors 'none'
Content-Length: 424
Content-Type: application/json; charset=UTF-8

01:32:25.504 [AsyncHttpClient-1-11] DEBUG org.asynchttpclient.netty.channel.ChannelManager - Adding key: http://localhost:58333 for channel [id: 0xa95bb7b5, L:/127.0.0.1:58339 - R:localhost/127.0.0.1:58333]
01:32:25.508 [AsyncHttpClient-1-12] DEBUG org.asynchttpclient.netty.channel.NettyConnectListener - Using new Channel '[id: 0x4a40f1db, L:/127.0.0.1:58340 - R:localhost/127.0.0.1:58333]' for 'GET' to '/devtools/browser/fcb26015-a06f-44ac-8c67-2983d6536a6c'
01:32:25.509 [AsyncHttpClient-1-12] DEBUG org.asynchttpclient.netty.handler.WebSocketHandler - 

Request DefaultFullHttpRequest(decodeResult: success, version: HTTP/1.1, content: EmptyByteBufBE)
GET /devtools/browser/fcb26015-a06f-44ac-8c67-2983d6536a6c HTTP/1.1
upgrade: websocket
connection: upgrade
sec-websocket-key: ykP3lSQnVlLW70ASjvX/Rg==
sec-websocket-version: 13
origin: http://localhost:58333
host: localhost:58333
accept: */*
user-agent: AHC/2.1

Response DefaultHttpResponse(decodeResult: success, version: HTTP/1.1)
HTTP/1.1 101 WebSocket Protocol Handshake
Upgrade: WebSocket
Connection: Upgrade
Sec-WebSocket-Accept: CO3SMYA783+dbo+VL/V3FCVRnF4=

01:32:25.513 [Forwarding get on session 2babdd9b38695ca49c7f189519b7a574 to remote] DEBUG org.asynchttpclient.netty.request.NettyRequestSender - Using pooled Channel '[id: 0x5791edb4, L:/127.0.0.1:58332 - R:localhost/127.0.0.1:47818]' for 'POST' to 'http://localhost:47818/session/2babdd9b38695ca49c7f189519b7a574/url'
01:32:25.513 [Forwarding get on session 2babdd9b38695ca49c7f189519b7a574 to remote] DEBUG org.asynchttpclient.netty.request.NettyRequestSender - Using open Channel [id: 0x5791edb4, L:/127.0.0.1:58332 - R:localhost/127.0.0.1:47818] for POST '/session/2babdd9b38695ca49c7f189519b7a574/url'
01:32:26.212 [AsyncHttpClient-1-10] DEBUG org.asynchttpclient.netty.handler.HttpHandler - 

Request DefaultHttpRequest(decodeResult: success, version: HTTP/1.1)
POST /session/2babdd9b38695ca49c7f189519b7a574/url HTTP/1.1
User-Agent: selenium/4.8.1 (java windows)
Content-Length: 74
Content-Type: application/json; charset=utf-8
host: localhost:47818
accept: */*

Response DefaultHttpResponse(decodeResult: success, version: HTTP/1.1)
HTTP/1.1 200 OK
Content-Length: 14
Content-Type: application/json; charset=utf-8
cache-control: no-cache

01:32:26.212 [AsyncHttpClient-1-10] DEBUG org.asynchttpclient.netty.channel.ChannelManager - Adding key: http://localhost:47818 for channel [id: 0x5791edb4, L:/127.0.0.1:58332 - R:localhost/127.0.0.1:47818]
01:32:26.213 [Forwarding setTimeout on session 2babdd9b38695ca49c7f189519b7a574 to remote] DEBUG org.asynchttpclient.netty.request.NettyRequestSender - Using pooled Channel '[id: 0x5791edb4, L:/127.0.0.1:58332 - R:localhost/127.0.0.1:47818]' for 'POST' to 'http://localhost:47818/session/2babdd9b38695ca49c7f189519b7a574/timeouts'
01:32:26.213 [Forwarding setTimeout on session 2babdd9b38695ca49c7f189519b7a574 to remote] DEBUG org.asynchttpclient.netty.request.NettyRequestSender - Using open Channel [id: 0x5791edb4, L:/127.0.0.1:58332 - R:localhost/127.0.0.1:47818] for POST '/session/2babdd9b38695ca49c7f189519b7a574/timeouts'
01:32:26.215 [AsyncHttpClient-1-10] DEBUG org.asynchttpclient.netty.handler.HttpHandler - 

Request DefaultHttpRequest(decodeResult: success, version: HTTP/1.1)
POST /session/2babdd9b38695ca49c7f189519b7a574/timeouts HTTP/1.1
User-Agent: selenium/4.8.1 (java windows)
Content-Length: 22
Content-Type: application/json; charset=utf-8
host: localhost:47818
accept: */*

Response DefaultHttpResponse(decodeResult: success, version: HTTP/1.1)
HTTP/1.1 200 OK
Content-Length: 14
Content-Type: application/json; charset=utf-8
cache-control: no-cache

01:32:26.215 [AsyncHttpClient-1-10] DEBUG org.asynchttpclient.netty.channel.ChannelManager - Adding key: http://localhost:47818 for channel [id: 0x5791edb4, L:/127.0.0.1:58332 - R:localhost/127.0.0.1:47818]
01:32:26.223 [Forwarding getAlertText on session 2babdd9b38695ca49c7f189519b7a574 to remote] DEBUG org.asynchttpclient.netty.request.NettyRequestSender - Using pooled Channel '[id: 0x5791edb4, L:/127.0.0.1:58332 - R:localhost/127.0.0.1:47818]' for 'GET' to 'http://localhost:47818/session/2babdd9b38695ca49c7f189519b7a574/alert/text'
01:32:26.223 [Forwarding getAlertText on session 2babdd9b38695ca49c7f189519b7a574 to remote] DEBUG org.asynchttpclient.netty.request.NettyRequestSender - Using open Channel [id: 0x5791edb4, L:/127.0.0.1:58332 - R:localhost/127.0.0.1:47818] for GET '/session/2babdd9b38695ca49c7f189519b7a574/alert/text'
01:32:26.225 [AsyncHttpClient-1-10] DEBUG org.asynchttpclient.netty.handler.HttpHandler - 

Request DefaultFullHttpRequest(decodeResult: success, version: HTTP/1.1, content: EmptyByteBufBE)
GET /session/2babdd9b38695ca49c7f189519b7a574/alert/text HTTP/1.1
User-Agent: selenium/4.8.1 (java windows)
Cache-Control: no-cache
Content-Type: application/json; charset=utf-8
host: localhost:47818
accept: */*

Response DefaultHttpResponse(decodeResult: success, version: HTTP/1.1)
HTTP/1.1 404 Not Found
Content-Length: 816
Content-Type: application/json; charset=utf-8
cache-control: no-cache

01:32:26.225 [AsyncHttpClient-1-10] DEBUG org.asynchttpclient.netty.channel.ChannelManager - Adding key: http://localhost:47818 for channel [id: 0x5791edb4, L:/127.0.0.1:58332 - R:localhost/127.0.0.1:47818]
01:32:26.226 [Forwarding getCurrentUrl on session 2babdd9b38695ca49c7f189519b7a574 to remote] DEBUG org.asynchttpclient.netty.request.NettyRequestSender - Using pooled Channel '[id: 0x5791edb4, L:/127.0.0.1:58332 - R:localhost/127.0.0.1:47818]' for 'GET' to 'http://localhost:47818/session/2babdd9b38695ca49c7f189519b7a574/url'
01:32:26.226 [Forwarding getCurrentUrl on session 2babdd9b38695ca49c7f189519b7a574 to remote] DEBUG org.asynchttpclient.netty.request.NettyRequestSender - Using open Channel [id: 0x5791edb4, L:/127.0.0.1:58332 - R:localhost/127.0.0.1:47818] for GET '/session/2babdd9b38695ca49c7f189519b7a574/url'
01:32:26.231 [AsyncHttpClient-1-10] DEBUG org.asynchttpclient.netty.handler.HttpHandler - 

Request DefaultFullHttpRequest(decodeResult: success, version: HTTP/1.1, content: EmptyByteBufBE)
GET /session/2babdd9b38695ca49c7f189519b7a574/url HTTP/1.1
User-Agent: selenium/4.8.1 (java windows)
Cache-Control: no-cache
Content-Type: application/json; charset=utf-8
host: localhost:47818
accept: */*

Response DefaultHttpResponse(decodeResult: success, version: HTTP/1.1)
HTTP/1.1 200 OK
Content-Length: 51
Content-Type: application/json; charset=utf-8
cache-control: no-cache

01:32:26.232 [AsyncHttpClient-1-10] DEBUG org.asynchttpclient.netty.channel.ChannelManager - Adding key: http://localhost:47818 for channel [id: 0x5791edb4, L:/127.0.0.1:58332 - R:localhost/127.0.0.1:47818]
01:32:26.233 [Forwarding screenshot on session 2babdd9b38695ca49c7f189519b7a574 to remote] DEBUG org.asynchttpclient.netty.request.NettyRequestSender - Using pooled Channel '[id: 0x5791edb4, L:/127.0.0.1:58332 - R:localhost/127.0.0.1:47818]' for 'GET' to 'http://localhost:47818/session/2babdd9b38695ca49c7f189519b7a574/screenshot'
01:32:26.233 [Forwarding screenshot on session 2babdd9b38695ca49c7f189519b7a574 to remote] DEBUG org.asynchttpclient.netty.request.NettyRequestSender - Using open Channel [id: 0x5791edb4, L:/127.0.0.1:58332 - R:localhost/127.0.0.1:47818] for GET '/session/2babdd9b38695ca49c7f189519b7a574/screenshot'
01:32:26.495 [AsyncHttpClient-1-1] DEBUG org.asynchttpclient.netty.channel.DefaultChannelPool - Entry count for : http://localhost:58333 : 1
01:32:26.541 [AsyncHttpClient-1-10] DEBUG org.asynchttpclient.netty.handler.HttpHandler - 

Request DefaultFullHttpRequest(decodeResult: success, version: HTTP/1.1, content: EmptyByteBufBE)
GET /session/2babdd9b38695ca49c7f189519b7a574/screenshot HTTP/1.1
User-Agent: selenium/4.8.1 (java windows)
Cache-Control: no-cache
Content-Type: application/json; charset=utf-8
host: localhost:47818
accept: */*

Response DefaultHttpResponse(decodeResult: success, version: HTTP/1.1)
HTTP/1.1 200 OK
Content-Length: 37680
Content-Type: application/json; charset=utf-8
cache-control: no-cache

01:32:26.542 [AsyncHttpClient-1-10] DEBUG org.asynchttpclient.netty.channel.ChannelManager - Adding key: http://localhost:47818 for channel [id: 0x5791edb4, L:/127.0.0.1:58332 - R:localhost/127.0.0.1:47818]
01:32:26.544 [main] DEBUG net.serenitybdd.core.photography.Darkroom - Send negative for processing for target\site\serenity\617ccc73021c4cab9dfa54c5aa3482f15135817f8e58f0514fd8d62047c1a9ab.png
01:32:26.546 [Forwarding getPageSource on session 2babdd9b38695ca49c7f189519b7a574 to remote] DEBUG org.asynchttpclient.netty.request.NettyRequestSender - Using pooled Channel '[id: 0x5791edb4, L:/127.0.0.1:58332 - R:localhost/127.0.0.1:47818]' for 'POST' to 'http://localhost:47818/session/2babdd9b38695ca49c7f189519b7a574/execute/sync'
01:32:26.546 [Forwarding getPageSource on session 2babdd9b38695ca49c7f189519b7a574 to remote] DEBUG org.asynchttpclient.netty.request.NettyRequestSender - Using open Channel [id: 0x5791edb4, L:/127.0.0.1:58332 - R:localhost/127.0.0.1:47818] for POST '/session/2babdd9b38695ca49c7f189519b7a574/execute/sync'
01:32:26.552 [AsyncHttpClient-1-10] DEBUG org.asynchttpclient.netty.handler.HttpHandler - 

Request DefaultHttpRequest(decodeResult: success, version: HTTP/1.1)
POST /session/2babdd9b38695ca49c7f189519b7a574/execute/sync HTTP/1.1
User-Agent: selenium/4.8.1 (java windows)
Content-Length: 176
Content-Type: application/json; charset=utf-8
host: localhost:47818
accept: */*

Response DefaultHttpResponse(decodeResult: success, version: HTTP/1.1)
HTTP/1.1 200 OK
Content-Length: 21659
Content-Type: application/json; charset=utf-8
cache-control: no-cache

01:32:26.552 [AsyncHttpClient-1-10] DEBUG org.asynchttpclient.netty.channel.ChannelManager - Adding key: http://localhost:47818 for channel [id: 0x5791edb4, L:/127.0.0.1:58332 - R:localhost/127.0.0.1:47818]
01:32:26.555 [Forwarding getCurrentUrl on session 2babdd9b38695ca49c7f189519b7a574 to remote] DEBUG org.asynchttpclient.netty.request.NettyRequestSender - Using pooled Channel '[id: 0x5791edb4, L:/127.0.0.1:58332 - R:localhost/127.0.0.1:47818]' for 'GET' to 'http://localhost:47818/session/2babdd9b38695ca49c7f189519b7a574/url'
01:32:26.555 [Forwarding getCurrentUrl on session 2babdd9b38695ca49c7f189519b7a574 to remote] DEBUG org.asynchttpclient.netty.request.NettyRequestSender - Using open Channel [id: 0x5791edb4, L:/127.0.0.1:58332 - R:localhost/127.0.0.1:47818] for GET '/session/2babdd9b38695ca49c7f189519b7a574/url'
01:32:26.558 [AsyncHttpClient-1-10] DEBUG org.asynchttpclient.netty.handler.HttpHandler - 

Request DefaultFullHttpRequest(decodeResult: success, version: HTTP/1.1, content: EmptyByteBufBE)
GET /session/2babdd9b38695ca49c7f189519b7a574/url HTTP/1.1
User-Agent: selenium/4.8.1 (java windows)
Cache-Control: no-cache
Content-Type: application/json; charset=utf-8
host: localhost:47818
accept: */*

Response DefaultHttpResponse(decodeResult: success, version: HTTP/1.1)
HTTP/1.1 200 OK
Content-Length: 51
Content-Type: application/json; charset=utf-8
cache-control: no-cache

01:32:26.558 [AsyncHttpClient-1-10] DEBUG org.asynchttpclient.netty.channel.ChannelManager - Adding key: http://localhost:47818 for channel [id: 0x5791edb4, L:/127.0.0.1:58332 - R:localhost/127.0.0.1:47818]
01:32:26.560 [main] DEBUG net.thucydides.core.steps.StepInterceptor - STARTING STEP: LoginSteps.onTheLoginPage - validateOnTheLoginPage
01:32:26.562 [Forwarding findElement on session 2babdd9b38695ca49c7f189519b7a574 to remote] DEBUG org.asynchttpclient.netty.request.NettyRequestSender - Using pooled Channel '[id: 0x5791edb4, L:/127.0.0.1:58332 - R:localhost/127.0.0.1:47818]' for 'POST' to 'http://localhost:47818/session/2babdd9b38695ca49c7f189519b7a574/element'
01:32:26.562 [Forwarding findElement on session 2babdd9b38695ca49c7f189519b7a574 to remote] DEBUG org.asynchttpclient.netty.request.NettyRequestSender - Using open Channel [id: 0x5791edb4, L:/127.0.0.1:58332 - R:localhost/127.0.0.1:47818] for POST '/session/2babdd9b38695ca49c7f189519b7a574/element'
01:32:26.574 [AsyncHttpClient-1-10] DEBUG org.asynchttpclient.netty.handler.HttpHandler - 

Request DefaultHttpRequest(decodeResult: success, version: HTTP/1.1)
POST /session/2babdd9b38695ca49c7f189519b7a574/element HTTP/1.1
User-Agent: selenium/4.8.1 (java windows)
Content-Length: 165
Content-Type: application/json; charset=utf-8
host: localhost:47818
accept: */*

Response DefaultHttpResponse(decodeResult: success, version: HTTP/1.1)
HTTP/1.1 200 OK
Content-Length: 88
Content-Type: application/json; charset=utf-8
cache-control: no-cache

01:32:26.574 [AsyncHttpClient-1-10] DEBUG org.asynchttpclient.netty.channel.ChannelManager - Adding key: http://localhost:47818 for channel [id: 0x5791edb4, L:/127.0.0.1:58332 - R:localhost/127.0.0.1:47818]
01:32:26.576 [Forwarding isElementDisplayed on session 2babdd9b38695ca49c7f189519b7a574 to remote] DEBUG org.asynchttpclient.netty.request.NettyRequestSender - Using pooled Channel '[id: 0x5791edb4, L:/127.0.0.1:58332 - R:localhost/127.0.0.1:47818]' for 'POST' to 'http://localhost:47818/session/2babdd9b38695ca49c7f189519b7a574/execute/sync'
01:32:26.577 [Forwarding isElementDisplayed on session 2babdd9b38695ca49c7f189519b7a574 to remote] DEBUG org.asynchttpclient.netty.request.NettyRequestSender - Using open Channel [id: 0x5791edb4, L:/127.0.0.1:58332 - R:localhost/127.0.0.1:47818] for POST '/session/2babdd9b38695ca49c7f189519b7a574/execute/sync'
01:32:26.590 [AsyncHttpClient-1-10] DEBUG org.asynchttpclient.netty.handler.HttpHandler - 

Request DefaultHttpRequest(decodeResult: success, version: HTTP/1.1)
POST /session/2babdd9b38695ca49c7f189519b7a574/execute/sync HTTP/1.1
User-Agent: selenium/4.8.1 (java windows)
Content-Length: 48807
Content-Type: application/json; charset=utf-8
host: localhost:47818
accept: */*

Response DefaultHttpResponse(decodeResult: success, version: HTTP/1.1)
HTTP/1.1 200 OK
Content-Length: 14
Content-Type: application/json; charset=utf-8
cache-control: no-cache

01:32:26.591 [AsyncHttpClient-1-10] DEBUG org.asynchttpclient.netty.channel.ChannelManager - Adding key: http://localhost:47818 for channel [id: 0x5791edb4, L:/127.0.0.1:58332 - R:localhost/127.0.0.1:47818]
01:32:26.596 [Forwarding getAlertText on session 2babdd9b38695ca49c7f189519b7a574 to remote] DEBUG org.asynchttpclient.netty.request.NettyRequestSender - Using pooled Channel '[id: 0x5791edb4, L:/127.0.0.1:58332 - R:localhost/127.0.0.1:47818]' for 'GET' to 'http://localhost:47818/session/2babdd9b38695ca49c7f189519b7a574/alert/text'
01:32:26.596 [Forwarding getAlertText on session 2babdd9b38695ca49c7f189519b7a574 to remote] DEBUG org.asynchttpclient.netty.request.NettyRequestSender - Using open Channel [id: 0x5791edb4, L:/127.0.0.1:58332 - R:localhost/127.0.0.1:47818] for GET '/session/2babdd9b38695ca49c7f189519b7a574/alert/text'
01:32:26.597 [AsyncHttpClient-1-10] DEBUG org.asynchttpclient.netty.handler.HttpHandler - 

Request DefaultFullHttpRequest(decodeResult: success, version: HTTP/1.1, content: EmptyByteBufBE)
GET /session/2babdd9b38695ca49c7f189519b7a574/alert/text HTTP/1.1
User-Agent: selenium/4.8.1 (java windows)
Cache-Control: no-cache
Content-Type: application/json; charset=utf-8
host: localhost:47818
accept: */*

Response DefaultHttpResponse(decodeResult: success, version: HTTP/1.1)
HTTP/1.1 404 Not Found
Content-Length: 816
Content-Type: application/json; charset=utf-8
cache-control: no-cache

01:32:26.597 [AsyncHttpClient-1-10] DEBUG org.asynchttpclient.netty.channel.ChannelManager - Adding key: http://localhost:47818 for channel [id: 0x5791edb4, L:/127.0.0.1:58332 - R:localhost/127.0.0.1:47818]
01:32:26.598 [Forwarding getCurrentUrl on session 2babdd9b38695ca49c7f189519b7a574 to remote] DEBUG org.asynchttpclient.netty.request.NettyRequestSender - Using pooled Channel '[id: 0x5791edb4, L:/127.0.0.1:58332 - R:localhost/127.0.0.1:47818]' for 'GET' to 'http://localhost:47818/session/2babdd9b38695ca49c7f189519b7a574/url'
01:32:26.598 [Forwarding getCurrentUrl on session 2babdd9b38695ca49c7f189519b7a574 to remote] DEBUG org.asynchttpclient.netty.request.NettyRequestSender - Using open Channel [id: 0x5791edb4, L:/127.0.0.1:58332 - R:localhost/127.0.0.1:47818] for GET '/session/2babdd9b38695ca49c7f189519b7a574/url'
01:32:26.601 [AsyncHttpClient-1-10] DEBUG org.asynchttpclient.netty.handler.HttpHandler - 

Request DefaultFullHttpRequest(decodeResult: success, version: HTTP/1.1, content: EmptyByteBufBE)
GET /session/2babdd9b38695ca49c7f189519b7a574/url HTTP/1.1
User-Agent: selenium/4.8.1 (java windows)
Cache-Control: no-cache
Content-Type: application/json; charset=utf-8
host: localhost:47818
accept: */*

Response DefaultHttpResponse(decodeResult: success, version: HTTP/1.1)
HTTP/1.1 200 OK
Content-Length: 51
Content-Type: application/json; charset=utf-8
cache-control: no-cache

01:32:26.609 [AsyncHttpClient-1-10] DEBUG org.asynchttpclient.netty.channel.ChannelManager - Adding key: http://localhost:47818 for channel [id: 0x5791edb4, L:/127.0.0.1:58332 - R:localhost/127.0.0.1:47818]
01:32:26.609 [Forwarding screenshot on session 2babdd9b38695ca49c7f189519b7a574 to remote] DEBUG org.asynchttpclient.netty.request.NettyRequestSender - Using pooled Channel '[id: 0x5791edb4, L:/127.0.0.1:58332 - R:localhost/127.0.0.1:47818]' for 'GET' to 'http://localhost:47818/session/2babdd9b38695ca49c7f189519b7a574/screenshot'
01:32:26.609 [Forwarding screenshot on session 2babdd9b38695ca49c7f189519b7a574 to remote] DEBUG org.asynchttpclient.netty.request.NettyRequestSender - Using open Channel [id: 0x5791edb4, L:/127.0.0.1:58332 - R:localhost/127.0.0.1:47818] for GET '/session/2babdd9b38695ca49c7f189519b7a574/screenshot'
01:32:26.736 [AsyncHttpClient-1-10] DEBUG org.asynchttpclient.netty.handler.HttpHandler - 

Request DefaultFullHttpRequest(decodeResult: success, version: HTTP/1.1, content: EmptyByteBufBE)
GET /session/2babdd9b38695ca49c7f189519b7a574/screenshot HTTP/1.1
User-Agent: selenium/4.8.1 (java windows)
Cache-Control: no-cache
Content-Type: application/json; charset=utf-8
host: localhost:47818
accept: */*

Response DefaultHttpResponse(decodeResult: success, version: HTTP/1.1)
HTTP/1.1 200 OK
Content-Length: 37680
Content-Type: application/json; charset=utf-8
cache-control: no-cache

01:32:26.736 [AsyncHttpClient-1-10] DEBUG org.asynchttpclient.netty.channel.ChannelManager - Adding key: http://localhost:47818 for channel [id: 0x5791edb4, L:/127.0.0.1:58332 - R:localhost/127.0.0.1:47818]
01:32:26.739 [main] DEBUG net.serenitybdd.core.photography.Darkroom - Send negative for processing for target\site\serenity\617ccc73021c4cab9dfa54c5aa3482f15135817f8e58f0514fd8d62047c1a9ab.png
01:32:26.739 [main] DEBUG net.thucydides.core.steps.StepInterceptor - STEP DONE: validateOnTheLoginPage
  &amp#27;[32mGiven &amp#27;[0m&amp#27;[32mI am on the login page&amp#27;[0m                                                      &amp#27;[90m# starter.stepdefinitions.LoginSteps.onTheLoginPage()&amp#27;[0m
01:32:26.748 [Forwarding getPageSource on session 2babdd9b38695ca49c7f189519b7a574 to remote] DEBUG org.asynchttpclient.netty.request.NettyRequestSender - Using pooled Channel '[id: 0x5791edb4, L:/127.0.0.1:58332 - R:localhost/127.0.0.1:47818]' for 'POST' to 'http://localhost:47818/session/2babdd9b38695ca49c7f189519b7a574/execute/sync'
01:32:26.748 [Forwarding getPageSource on session 2babdd9b38695ca49c7f189519b7a574 to remote] DEBUG org.asynchttpclient.netty.request.NettyRequestSender - Using open Channel [id: 0x5791edb4, L:/127.0.0.1:58332 - R:localhost/127.0.0.1:47818] for POST '/session/2babdd9b38695ca49c7f189519b7a574/execute/sync'
01:32:26.753 [AsyncHttpClient-1-10] DEBUG org.asynchttpclient.netty.handler.HttpHandler - 

Request DefaultHttpRequest(decodeResult: success, version: HTTP/1.1)
POST /session/2babdd9b38695ca49c7f189519b7a574/execute/sync HTTP/1.1
User-Agent: selenium/4.8.1 (java windows)
Content-Length: 176
Content-Type: application/json; charset=utf-8
host: localhost:47818
accept: */*

Response DefaultHttpResponse(decodeResult: success, version: HTTP/1.1)
HTTP/1.1 200 OK
Content-Length: 21659
Content-Type: application/json; charset=utf-8
cache-control: no-cache

01:32:26.753 [AsyncHttpClient-1-10] DEBUG org.asynchttpclient.netty.channel.ChannelManager - Adding key: http://localhost:47818 for channel [id: 0x5791edb4, L:/127.0.0.1:58332 - R:localhost/127.0.0.1:47818]
01:32:26.756 [Forwarding getCurrentUrl on session 2babdd9b38695ca49c7f189519b7a574 to remote] DEBUG org.asynchttpclient.netty.request.NettyRequestSender - Using pooled Channel '[id: 0x5791edb4, L:/127.0.0.1:58332 - R:localhost/127.0.0.1:47818]' for 'GET' to 'http://localhost:47818/session/2babdd9b38695ca49c7f189519b7a574/url'
01:32:26.756 [Forwarding getCurrentUrl on session 2babdd9b38695ca49c7f189519b7a574 to remote] DEBUG org.asynchttpclient.netty.request.NettyRequestSender - Using open Channel [id: 0x5791edb4, L:/127.0.0.1:58332 - R:localhost/127.0.0.1:47818] for GET '/session/2babdd9b38695ca49c7f189519b7a574/url'
01:32:26.759 [AsyncHttpClient-1-10] DEBUG org.asynchttpclient.netty.handler.HttpHandler - 

Request DefaultFullHttpRequest(decodeResult: success, version: HTTP/1.1, content: EmptyByteBufBE)
GET /session/2babdd9b38695ca49c7f189519b7a574/url HTTP/1.1
User-Agent: selenium/4.8.1 (java windows)
Cache-Control: no-cache
Content-Type: application/json; charset=utf-8
host: localhost:47818
accept: */*

Response DefaultHttpResponse(decodeResult: success, version: HTTP/1.1)
HTTP/1.1 200 OK
Content-Length: 51
Content-Type: application/json; charset=utf-8
cache-control: no-cache

01:32:26.759 [AsyncHttpClient-1-10] DEBUG org.asynchttpclient.netty.channel.ChannelManager - Adding key: http://localhost:47818 for channel [id: 0x5791edb4, L:/127.0.0.1:58332 - R:localhost/127.0.0.1:47818]
01:32:26.766 [Forwarding getPageSource on session 2babdd9b38695ca49c7f189519b7a574 to remote] DEBUG org.asynchttpclient.netty.request.NettyRequestSender - Using pooled Channel '[id: 0x5791edb4, L:/127.0.0.1:58332 - R:localhost/127.0.0.1:47818]' for 'POST' to 'http://localhost:47818/session/2babdd9b38695ca49c7f189519b7a574/execute/sync'
01:32:26.766 [Forwarding getPageSource on session 2babdd9b38695ca49c7f189519b7a574 to remote] DEBUG org.asynchttpclient.netty.request.NettyRequestSender - Using open Channel [id: 0x5791edb4, L:/127.0.0.1:58332 - R:localhost/127.0.0.1:47818] for POST '/session/2babdd9b38695ca49c7f189519b7a574/execute/sync'
01:32:26.773 [AsyncHttpClient-1-10] DEBUG org.asynchttpclient.netty.handler.HttpHandler - 

Request DefaultHttpRequest(decodeResult: success, version: HTTP/1.1)
POST /session/2babdd9b38695ca49c7f189519b7a574/execute/sync HTTP/1.1
User-Agent: selenium/4.8.1 (java windows)
Content-Length: 176
Content-Type: application/json; charset=utf-8
host: localhost:47818
accept: */*

Response DefaultHttpResponse(decodeResult: success, version: HTTP/1.1)
HTTP/1.1 200 OK
Content-Length: 21659
Content-Type: application/json; charset=utf-8
cache-control: no-cache

01:32:26.773 [AsyncHttpClient-1-10] DEBUG org.asynchttpclient.netty.channel.ChannelManager - Adding key: http://localhost:47818 for channel [id: 0x5791edb4, L:/127.0.0.1:58332 - R:localhost/127.0.0.1:47818]
01:32:26.775 [Forwarding getCurrentUrl on session 2babdd9b38695ca49c7f189519b7a574 to remote] DEBUG org.asynchttpclient.netty.request.NettyRequestSender - Using pooled Channel '[id: 0x5791edb4, L:/127.0.0.1:58332 - R:localhost/127.0.0.1:47818]' for 'GET' to 'http://localhost:47818/session/2babdd9b38695ca49c7f189519b7a574/url'
01:32:26.775 [Forwarding getCurrentUrl on session 2babdd9b38695ca49c7f189519b7a574 to remote] DEBUG org.asynchttpclient.netty.request.NettyRequestSender - Using open Channel [id: 0x5791edb4, L:/127.0.0.1:58332 - R:localhost/127.0.0.1:47818] for GET '/session/2babdd9b38695ca49c7f189519b7a574/url'
01:32:26.779 [AsyncHttpClient-1-10] DEBUG org.asynchttpclient.netty.handler.HttpHandler - 

Request DefaultFullHttpRequest(decodeResult: success, version: HTTP/1.1, content: EmptyByteBufBE)
GET /session/2babdd9b38695ca49c7f189519b7a574/url HTTP/1.1
User-Agent: selenium/4.8.1 (java windows)
Cache-Control: no-cache
Content-Type: application/json; charset=utf-8
host: localhost:47818
accept: */*

Response DefaultHttpResponse(decodeResult: success, version: HTTP/1.1)
HTTP/1.1 200 OK
Content-Length: 51
Content-Type: application/json; charset=utf-8
cache-control: no-cache

01:32:26.779 [AsyncHttpClient-1-10] DEBUG org.asynchttpclient.netty.channel.ChannelManager - Adding key: http://localhost:47818 for channel [id: 0x5791edb4, L:/127.0.0.1:58332 - R:localhost/127.0.0.1:47818]
01:32:26.782 [main] DEBUG net.thucydides.core.steps.StepInterceptor - STARTING STEP: LoginSteps.enterValidUsername - inputUsername
01:32:26.786 [Forwarding findElement on session 2babdd9b38695ca49c7f189519b7a574 to remote] DEBUG org.asynchttpclient.netty.request.NettyRequestSender - Using pooled Channel '[id: 0x5791edb4, L:/127.0.0.1:58332 - R:localhost/127.0.0.1:47818]' for 'POST' to 'http://localhost:47818/session/2babdd9b38695ca49c7f189519b7a574/element'
01:32:26.786 [Forwarding findElement on session 2babdd9b38695ca49c7f189519b7a574 to remote] DEBUG org.asynchttpclient.netty.request.NettyRequestSender - Using open Channel [id: 0x5791edb4, L:/127.0.0.1:58332 - R:localhost/127.0.0.1:47818] for POST '/session/2babdd9b38695ca49c7f189519b7a574/element'
01:32:26.801 [AsyncHttpClient-1-10] DEBUG org.asynchttpclient.netty.handler.HttpHandler - 

Request DefaultHttpRequest(decodeResult: success, version: HTTP/1.1)
POST /session/2babdd9b38695ca49c7f189519b7a574/element HTTP/1.1
User-Agent: selenium/4.8.1 (java windows)
Content-Length: 68
Content-Type: application/json; charset=utf-8
host: localhost:47818
accept: */*

Response DefaultHttpResponse(decodeResult: success, version: HTTP/1.1)
HTTP/1.1 200 OK
Content-Length: 88
Content-Type: application/json; charset=utf-8
cache-control: no-cache

01:32:26.802 [AsyncHttpClient-1-10] DEBUG org.asynchttpclient.netty.channel.ChannelManager - Adding key: http://localhost:47818 for channel [id: 0x5791edb4, L:/127.0.0.1:58332 - R:localhost/127.0.0.1:47818]
01:32:26.803 [Forwarding clearElement on session 2babdd9b38695ca49c7f189519b7a574 to remote] DEBUG org.asynchttpclient.netty.request.NettyRequestSender - Using pooled Channel '[id: 0x5791edb4, L:/127.0.0.1:58332 - R:localhost/127.0.0.1:47818]' for 'POST' to 'http://localhost:47818/session/2babdd9b38695ca49c7f189519b7a574/element/d949a098-5657-419f-8fde-c790bf3d1b1c/clear'
01:32:26.803 [Forwarding clearElement on session 2babdd9b38695ca49c7f189519b7a574 to remote] DEBUG org.asynchttpclient.netty.request.NettyRequestSender - Using open Channel [id: 0x5791edb4, L:/127.0.0.1:58332 - R:localhost/127.0.0.1:47818] for POST '/session/2babdd9b38695ca49c7f189519b7a574/element/d949a098-5657-419f-8fde-c790bf3d1b1c/clear'
01:32:26.842 [AsyncHttpClient-1-10] DEBUG org.asynchttpclient.netty.handler.HttpHandler - 

Request DefaultHttpRequest(decodeResult: success, version: HTTP/1.1)
POST /session/2babdd9b38695ca49c7f189519b7a574/element/d949a098-5657-419f-8fde-c790bf3d1b1c/clear HTTP/1.1
User-Agent: selenium/4.8.1 (java windows)
Content-Length: 50
Content-Type: application/json; charset=utf-8
host: localhost:47818
accept: */*

Response DefaultHttpResponse(decodeResult: success, version: HTTP/1.1)
HTTP/1.1 200 OK
Content-Length: 14
Content-Type: application/json; charset=utf-8
cache-control: no-cache

01:32:26.842 [AsyncHttpClient-1-10] DEBUG org.asynchttpclient.netty.channel.ChannelManager - Adding key: http://localhost:47818 for channel [id: 0x5791edb4, L:/127.0.0.1:58332 - R:localhost/127.0.0.1:47818]
01:32:26.844 [Forwarding sendKeysToElement on session 2babdd9b38695ca49c7f189519b7a574 to remote] DEBUG org.asynchttpclient.netty.request.NettyRequestSender - Using pooled Channel '[id: 0x5791edb4, L:/127.0.0.1:58332 - R:localhost/127.0.0.1:47818]' for 'POST' to 'http://localhost:47818/session/2babdd9b38695ca49c7f189519b7a574/element/d949a098-5657-419f-8fde-c790bf3d1b1c/value'
01:32:26.844 [Forwarding sendKeysToElement on session 2babdd9b38695ca49c7f189519b7a574 to remote] DEBUG org.asynchttpclient.netty.request.NettyRequestSender - Using open Channel [id: 0x5791edb4, L:/127.0.0.1:58332 - R:localhost/127.0.0.1:47818] for POST '/session/2babdd9b38695ca49c7f189519b7a574/element/d949a098-5657-419f-8fde-c790bf3d1b1c/value'
01:32:26.979 [AsyncHttpClient-1-10] DEBUG org.asynchttpclient.netty.handler.HttpHandler - 

Request DefaultHttpRequest(decodeResult: success, version: HTTP/1.1)
POST /session/2babdd9b38695ca49c7f189519b7a574/element/d949a098-5657-419f-8fde-c790bf3d1b1c/value HTTP/1.1
User-Agent: selenium/4.8.1 (java windows)
Content-Length: 271
Content-Type: application/json; charset=utf-8
host: localhost:47818
accept: */*

Response DefaultHttpResponse(decodeResult: success, version: HTTP/1.1)
HTTP/1.1 200 OK
Content-Length: 14
Content-Type: application/json; charset=utf-8
cache-control: no-cache

01:32:26.979 [AsyncHttpClient-1-10] DEBUG org.asynchttpclient.netty.channel.ChannelManager - Adding key: http://localhost:47818 for channel [id: 0x5791edb4, L:/127.0.0.1:58332 - R:localhost/127.0.0.1:47818]
01:32:26.987 [Forwarding getAlertText on session 2babdd9b38695ca49c7f189519b7a574 to remote] DEBUG org.asynchttpclient.netty.request.NettyRequestSender - Using pooled Channel '[id: 0x5791edb4, L:/127.0.0.1:58332 - R:localhost/127.0.0.1:47818]' for 'GET' to 'http://localhost:47818/session/2babdd9b38695ca49c7f189519b7a574/alert/text'
01:32:26.987 [Forwarding getAlertText on session 2babdd9b38695ca49c7f189519b7a574 to remote] DEBUG org.asynchttpclient.netty.request.NettyRequestSender - Using open Channel [id: 0x5791edb4, L:/127.0.0.1:58332 - R:localhost/127.0.0.1:47818] for GET '/session/2babdd9b38695ca49c7f189519b7a574/alert/text'
01:32:26.988 [AsyncHttpClient-1-10] DEBUG org.asynchttpclient.netty.handler.HttpHandler - 

Request DefaultFullHttpRequest(decodeResult: success, version: HTTP/1.1, content: EmptyByteBufBE)
GET /session/2babdd9b38695ca49c7f189519b7a574/alert/text HTTP/1.1
User-Agent: selenium/4.8.1 (java windows)
Cache-Control: no-cache
Content-Type: application/json; charset=utf-8
host: localhost:47818
accept: */*

Response DefaultHttpResponse(decodeResult: success, version: HTTP/1.1)
HTTP/1.1 404 Not Found
Content-Length: 816
Content-Type: application/json; charset=utf-8
cache-control: no-cache

01:32:26.989 [AsyncHttpClient-1-10] DEBUG org.asynchttpclient.netty.channel.ChannelManager - Adding key: http://localhost:47818 for channel [id: 0x5791edb4, L:/127.0.0.1:58332 - R:localhost/127.0.0.1:47818]
01:32:26.989 [Forwarding getCurrentUrl on session 2babdd9b38695ca49c7f189519b7a574 to remote] DEBUG org.asynchttpclient.netty.request.NettyRequestSender - Using pooled Channel '[id: 0x5791edb4, L:/127.0.0.1:58332 - R:localhost/127.0.0.1:47818]' for 'GET' to 'http://localhost:47818/session/2babdd9b38695ca49c7f189519b7a574/url'
01:32:26.989 [Forwarding getCurrentUrl on session 2babdd9b38695ca49c7f189519b7a574 to remote] DEBUG org.asynchttpclient.netty.request.NettyRequestSender - Using open Channel [id: 0x5791edb4, L:/127.0.0.1:58332 - R:localhost/127.0.0.1:47818] for GET '/session/2babdd9b38695ca49c7f189519b7a574/url'
01:32:26.993 [AsyncHttpClient-1-10] DEBUG org.asynchttpclient.netty.handler.HttpHandler - 

Request DefaultFullHttpRequest(decodeResult: success, version: HTTP/1.1, content: EmptyByteBufBE)
GET /session/2babdd9b38695ca49c7f189519b7a574/url HTTP/1.1
User-Agent: selenium/4.8.1 (java windows)
Cache-Control: no-cache
Content-Type: application/json; charset=utf-8
host: localhost:47818
accept: */*

Response DefaultHttpResponse(decodeResult: success, version: HTTP/1.1)
HTTP/1.1 200 OK
Content-Length: 51
Content-Type: application/json; charset=utf-8
cache-control: no-cache

01:32:26.993 [AsyncHttpClient-1-10] DEBUG org.asynchttpclient.netty.channel.ChannelManager - Adding key: http://localhost:47818 for channel [id: 0x5791edb4, L:/127.0.0.1:58332 - R:localhost/127.0.0.1:47818]
01:32:26.994 [Forwarding screenshot on session 2babdd9b38695ca49c7f189519b7a574 to remote] DEBUG org.asynchttpclient.netty.request.NettyRequestSender - Using pooled Channel '[id: 0x5791edb4, L:/127.0.0.1:58332 - R:localhost/127.0.0.1:47818]' for 'GET' to 'http://localhost:47818/session/2babdd9b38695ca49c7f189519b7a574/screenshot'
01:32:26.994 [Forwarding screenshot on session 2babdd9b38695ca49c7f189519b7a574 to remote] DEBUG org.asynchttpclient.netty.request.NettyRequestSender - Using open Channel [id: 0x5791edb4, L:/127.0.0.1:58332 - R:localhost/127.0.0.1:47818] for GET '/session/2babdd9b38695ca49c7f189519b7a574/screenshot'
01:32:27.174 [AsyncHttpClient-1-10] DEBUG org.asynchttpclient.netty.handler.HttpHandler - 

Request DefaultFullHttpRequest(decodeResult: success, version: HTTP/1.1, content: EmptyByteBufBE)
GET /session/2babdd9b38695ca49c7f189519b7a574/screenshot HTTP/1.1
User-Agent: selenium/4.8.1 (java windows)
Cache-Control: no-cache
Content-Type: application/json; charset=utf-8
host: localhost:47818
accept: */*

Response DefaultHttpResponse(decodeResult: success, version: HTTP/1.1)
HTTP/1.1 200 OK
Content-Length: 45772
Content-Type: application/json; charset=utf-8
cache-control: no-cache

01:32:27.174 [AsyncHttpClient-1-10] DEBUG org.asynchttpclient.netty.channel.ChannelManager - Adding key: http://localhost:47818 for channel [id: 0x5791edb4, L:/127.0.0.1:58332 - R:localhost/127.0.0.1:47818]
01:32:27.176 [main] DEBUG net.serenitybdd.core.photography.Darkroom - Send negative for processing for target\site\serenity\414808cea13e577ccda63bf60f4fced2f4624d30513b780412216089fcd0311e.png
01:32:27.177 [main] DEBUG net.thucydides.core.steps.StepInterceptor - STEP DONE: inputUsername
  &amp#27;[32mWhen &amp#27;[0m&amp#27;[32mI enter valid email&amp#27;[0m                                                          &amp#27;[90m# starter.stepdefinitions.LoginSteps.enterValidUsername()&amp#27;[0m
01:32:27.177 [Darkroom Processing Line] DEBUG net.serenitybdd.core.photography.DarkroomProcessingLine - Processing screenshot image in /var/screenshots/screenshot-2461495552039368744
01:32:27.177 [Darkroom Processing Line] DEBUG net.serenitybdd.core.photography.DarkroomProcessingLine - Saving screenshot to target\site\serenity\414808cea13e577ccda63bf60f4fced2f4624d30513b780412216089fcd0311e.png
01:32:27.186 [Forwarding getPageSource on session 2babdd9b38695ca49c7f189519b7a574 to remote] DEBUG org.asynchttpclient.netty.request.NettyRequestSender - Using pooled Channel '[id: 0x5791edb4, L:/127.0.0.1:58332 - R:localhost/127.0.0.1:47818]' for 'POST' to 'http://localhost:47818/session/2babdd9b38695ca49c7f189519b7a574/execute/sync'
01:32:27.186 [Forwarding getPageSource on session 2babdd9b38695ca49c7f189519b7a574 to remote] DEBUG org.asynchttpclient.netty.request.NettyRequestSender - Using open Channel [id: 0x5791edb4, L:/127.0.0.1:58332 - R:localhost/127.0.0.1:47818] for POST '/session/2babdd9b38695ca49c7f189519b7a574/execute/sync'
01:32:27.191 [AsyncHttpClient-1-10] DEBUG org.asynchttpclient.netty.handler.HttpHandler - 

Request DefaultHttpRequest(decodeResult: success, version: HTTP/1.1)
POST /session/2babdd9b38695ca49c7f189519b7a574/execute/sync HTTP/1.1
User-Agent: selenium/4.8.1 (java windows)
Content-Length: 176
Content-Type: application/json; charset=utf-8
host: localhost:47818
accept: */*

Response DefaultHttpResponse(decodeResult: success, version: HTTP/1.1)
HTTP/1.1 200 OK
Content-Length: 21780
Content-Type: application/json; charset=utf-8
cache-control: no-cache

01:32:27.191 [AsyncHttpClient-1-10] DEBUG org.asynchttpclient.netty.channel.ChannelManager - Adding key: http://localhost:47818 for channel [id: 0x5791edb4, L:/127.0.0.1:58332 - R:localhost/127.0.0.1:47818]
01:32:27.193 [Forwarding getCurrentUrl on session 2babdd9b38695ca49c7f189519b7a574 to remote] DEBUG org.asynchttpclient.netty.request.NettyRequestSender - Using pooled Channel '[id: 0x5791edb4, L:/127.0.0.1:58332 - R:localhost/127.0.0.1:47818]' for 'GET' to 'http://localhost:47818/session/2babdd9b38695ca49c7f189519b7a574/url'
01:32:27.193 [Forwarding getCurrentUrl on session 2babdd9b38695ca49c7f189519b7a574 to remote] DEBUG org.asynchttpclient.netty.request.NettyRequestSender - Using open Channel [id: 0x5791edb4, L:/127.0.0.1:58332 - R:localhost/127.0.0.1:47818] for GET '/session/2babdd9b38695ca49c7f189519b7a574/url'
01:32:27.199 [AsyncHttpClient-1-10] DEBUG org.asynchttpclient.netty.handler.HttpHandler - 

Request DefaultFullHttpRequest(decodeResult: success, version: HTTP/1.1, content: EmptyByteBufBE)
GET /session/2babdd9b38695ca49c7f189519b7a574/url HTTP/1.1
User-Agent: selenium/4.8.1 (java windows)
Cache-Control: no-cache
Content-Type: application/json; charset=utf-8
host: localhost:47818
accept: */*

Response DefaultHttpResponse(decodeResult: success, version: HTTP/1.1)
HTTP/1.1 200 OK
Content-Length: 51
Content-Type: application/json; charset=utf-8
cache-control: no-cache

01:32:27.199 [AsyncHttpClient-1-10] DEBUG org.asynchttpclient.netty.channel.ChannelManager - Adding key: http://localhost:47818 for channel [id: 0x5791edb4, L:/127.0.0.1:58332 - R:localhost/127.0.0.1:47818]
01:32:27.206 [Forwarding getPageSource on session 2babdd9b38695ca49c7f189519b7a574 to remote] DEBUG org.asynchttpclient.netty.request.NettyRequestSender - Using pooled Channel '[id: 0x5791edb4, L:/127.0.0.1:58332 - R:localhost/127.0.0.1:47818]' for 'POST' to 'http://localhost:47818/session/2babdd9b38695ca49c7f189519b7a574/execute/sync'
01:32:27.206 [Forwarding getPageSource on session 2babdd9b38695ca49c7f189519b7a574 to remote] DEBUG org.asynchttpclient.netty.request.NettyRequestSender - Using open Channel [id: 0x5791edb4, L:/127.0.0.1:58332 - R:localhost/127.0.0.1:47818] for POST '/session/2babdd9b38695ca49c7f189519b7a574/execute/sync'
01:32:27.211 [AsyncHttpClient-1-10] DEBUG org.asynchttpclient.netty.handler.HttpHandler - 

Request DefaultHttpRequest(decodeResult: success, version: HTTP/1.1)
POST /session/2babdd9b38695ca49c7f189519b7a574/execute/sync HTTP/1.1
User-Agent: selenium/4.8.1 (java windows)
Content-Length: 176
Content-Type: application/json; charset=utf-8
host: localhost:47818
accept: */*

Response DefaultHttpResponse(decodeResult: success, version: HTTP/1.1)
HTTP/1.1 200 OK
Content-Length: 21780
Content-Type: application/json; charset=utf-8
cache-control: no-cache

01:32:27.211 [AsyncHttpClient-1-10] DEBUG org.asynchttpclient.netty.channel.ChannelManager - Adding key: http://localhost:47818 for channel [id: 0x5791edb4, L:/127.0.0.1:58332 - R:localhost/127.0.0.1:47818]
01:32:27.214 [Forwarding getCurrentUrl on session 2babdd9b38695ca49c7f189519b7a574 to remote] DEBUG org.asynchttpclient.netty.request.NettyRequestSender - Using pooled Channel '[id: 0x5791edb4, L:/127.0.0.1:58332 - R:localhost/127.0.0.1:47818]' for 'GET' to 'http://localhost:47818/session/2babdd9b38695ca49c7f189519b7a574/url'
01:32:27.214 [Forwarding getCurrentUrl on session 2babdd9b38695ca49c7f189519b7a574 to remote] DEBUG org.asynchttpclient.netty.request.NettyRequestSender - Using open Channel [id: 0x5791edb4, L:/127.0.0.1:58332 - R:localhost/127.0.0.1:47818] for GET '/session/2babdd9b38695ca49c7f189519b7a574/url'
01:32:27.217 [AsyncHttpClient-1-10] DEBUG org.asynchttpclient.netty.handler.HttpHandler - 

Request DefaultFullHttpRequest(decodeResult: success, version: HTTP/1.1, content: EmptyByteBufBE)
GET /session/2babdd9b38695ca49c7f189519b7a574/url HTTP/1.1
User-Agent: selenium/4.8.1 (java windows)
Cache-Control: no-cache
Content-Type: application/json; charset=utf-8
host: localhost:47818
accept: */*

Response DefaultHttpResponse(decodeResult: success, version: HTTP/1.1)
HTTP/1.1 200 OK
Content-Length: 51
Content-Type: application/json; charset=utf-8
cache-control: no-cache

01:32:27.217 [AsyncHttpClient-1-10] DEBUG org.asynchttpclient.netty.channel.ChannelManager - Adding key: http://localhost:47818 for channel [id: 0x5791edb4, L:/127.0.0.1:58332 - R:localhost/127.0.0.1:47818]
01:32:27.219 [main] DEBUG net.thucydides.core.steps.StepInterceptor - STARTING STEP: LoginSteps.enterValidPassword - inputPassword
01:32:27.221 [Forwarding findElement on session 2babdd9b38695ca49c7f189519b7a574 to remote] DEBUG org.asynchttpclient.netty.request.NettyRequestSender - Using pooled Channel '[id: 0x5791edb4, L:/127.0.0.1:58332 - R:localhost/127.0.0.1:47818]' for 'POST' to 'http://localhost:47818/session/2babdd9b38695ca49c7f189519b7a574/element'
01:32:27.221 [Forwarding findElement on session 2babdd9b38695ca49c7f189519b7a574 to remote] DEBUG org.asynchttpclient.netty.request.NettyRequestSender - Using open Channel [id: 0x5791edb4, L:/127.0.0.1:58332 - R:localhost/127.0.0.1:47818] for POST '/session/2babdd9b38695ca49c7f189519b7a574/element'
01:32:27.233 [AsyncHttpClient-1-10] DEBUG org.asynchttpclient.netty.handler.HttpHandler - 

Request DefaultHttpRequest(decodeResult: success, version: HTTP/1.1)
POST /session/2babdd9b38695ca49c7f189519b7a574/element HTTP/1.1
User-Agent: selenium/4.8.1 (java windows)
Content-Length: 68
Content-Type: application/json; charset=utf-8
host: localhost:47818
accept: */*

Response DefaultHttpResponse(decodeResult: success, version: HTTP/1.1)
HTTP/1.1 200 OK
Content-Length: 88
Content-Type: application/json; charset=utf-8
cache-control: no-cache

01:32:27.233 [AsyncHttpClient-1-10] DEBUG org.asynchttpclient.netty.channel.ChannelManager - Adding key: http://localhost:47818 for channel [id: 0x5791edb4, L:/127.0.0.1:58332 - R:localhost/127.0.0.1:47818]
01:32:27.234 [Forwarding clearElement on session 2babdd9b38695ca49c7f189519b7a574 to remote] DEBUG org.asynchttpclient.netty.request.NettyRequestSender - Using pooled Channel '[id: 0x5791edb4, L:/127.0.0.1:58332 - R:localhost/127.0.0.1:47818]' for 'POST' to 'http://localhost:47818/session/2babdd9b38695ca49c7f189519b7a574/element/acf818bb-9948-4d7d-ab6c-6101343d13dc/clear'
01:32:27.234 [Forwarding clearElement on session 2babdd9b38695ca49c7f189519b7a574 to remote] DEBUG org.asynchttpclient.netty.request.NettyRequestSender - Using open Channel [id: 0x5791edb4, L:/127.0.0.1:58332 - R:localhost/127.0.0.1:47818] for POST '/session/2babdd9b38695ca49c7f189519b7a574/element/acf818bb-9948-4d7d-ab6c-6101343d13dc/clear'
01:32:27.268 [AsyncHttpClient-1-10] DEBUG org.asynchttpclient.netty.handler.HttpHandler - 

Request DefaultHttpRequest(decodeResult: success, version: HTTP/1.1)
POST /session/2babdd9b38695ca49c7f189519b7a574/element/acf818bb-9948-4d7d-ab6c-6101343d13dc/clear HTTP/1.1
User-Agent: selenium/4.8.1 (java windows)
Content-Length: 50
Content-Type: application/json; charset=utf-8
host: localhost:47818
accept: */*

Response DefaultHttpResponse(decodeResult: success, version: HTTP/1.1)
HTTP/1.1 200 OK
Content-Length: 14
Content-Type: application/json; charset=utf-8
cache-control: no-cache

01:32:27.268 [AsyncHttpClient-1-10] DEBUG org.asynchttpclient.netty.channel.ChannelManager - Adding key: http://localhost:47818 for channel [id: 0x5791edb4, L:/127.0.0.1:58332 - R:localhost/127.0.0.1:47818]
01:32:27.270 [Forwarding sendKeysToElement on session 2babdd9b38695ca49c7f189519b7a574 to remote] DEBUG org.asynchttpclient.netty.request.NettyRequestSender - Using pooled Channel '[id: 0x5791edb4, L:/127.0.0.1:58332 - R:localhost/127.0.0.1:47818]' for 'POST' to 'http://localhost:47818/session/2babdd9b38695ca49c7f189519b7a574/element/acf818bb-9948-4d7d-ab6c-6101343d13dc/value'
01:32:27.270 [Forwarding sendKeysToElement on session 2babdd9b38695ca49c7f189519b7a574 to remote] DEBUG org.asynchttpclient.netty.request.NettyRequestSender - Using open Channel [id: 0x5791edb4, L:/127.0.0.1:58332 - R:localhost/127.0.0.1:47818] for POST '/session/2babdd9b38695ca49c7f189519b7a574/element/acf818bb-9948-4d7d-ab6c-6101343d13dc/value'
01:32:27.352 [AsyncHttpClient-1-10] DEBUG org.asynchttpclient.netty.handler.HttpHandler - 

Request DefaultHttpRequest(decodeResult: success, version: HTTP/1.1)
POST /session/2babdd9b38695ca49c7f189519b7a574/element/acf818bb-9948-4d7d-ab6c-6101343d13dc/value HTTP/1.1
User-Agent: selenium/4.8.1 (java windows)
Content-Length: 171
Content-Type: application/json; charset=utf-8
host: localhost:47818
accept: */*

Response DefaultHttpResponse(decodeResult: success, version: HTTP/1.1)
HTTP/1.1 200 OK
Content-Length: 14
Content-Type: application/json; charset=utf-8
cache-control: no-cache

01:32:27.353 [AsyncHttpClient-1-10] DEBUG org.asynchttpclient.netty.channel.ChannelManager - Adding key: http://localhost:47818 for channel [id: 0x5791edb4, L:/127.0.0.1:58332 - R:localhost/127.0.0.1:47818]
01:32:27.359 [Forwarding getAlertText on session 2babdd9b38695ca49c7f189519b7a574 to remote] DEBUG org.asynchttpclient.netty.request.NettyRequestSender - Using pooled Channel '[id: 0x5791edb4, L:/127.0.0.1:58332 - R:localhost/127.0.0.1:47818]' for 'GET' to 'http://localhost:47818/session/2babdd9b38695ca49c7f189519b7a574/alert/text'
01:32:27.359 [Forwarding getAlertText on session 2babdd9b38695ca49c7f189519b7a574 to remote] DEBUG org.asynchttpclient.netty.request.NettyRequestSender - Using open Channel [id: 0x5791edb4, L:/127.0.0.1:58332 - R:localhost/127.0.0.1:47818] for GET '/session/2babdd9b38695ca49c7f189519b7a574/alert/text'
01:32:27.361 [AsyncHttpClient-1-10] DEBUG org.asynchttpclient.netty.handler.HttpHandler - 

Request DefaultFullHttpRequest(decodeResult: success, version: HTTP/1.1, content: EmptyByteBufBE)
GET /session/2babdd9b38695ca49c7f189519b7a574/alert/text HTTP/1.1
User-Agent: selenium/4.8.1 (java windows)
Cache-Control: no-cache
Content-Type: application/json; charset=utf-8
host: localhost:47818
accept: */*

Response DefaultHttpResponse(decodeResult: success, version: HTTP/1.1)
HTTP/1.1 404 Not Found
Content-Length: 816
Content-Type: application/json; charset=utf-8
cache-control: no-cache

01:32:27.361 [AsyncHttpClient-1-10] DEBUG org.asynchttpclient.netty.channel.ChannelManager - Adding key: http://localhost:47818 for channel [id: 0x5791edb4, L:/127.0.0.1:58332 - R:localhost/127.0.0.1:47818]
01:32:27.362 [Forwarding getCurrentUrl on session 2babdd9b38695ca49c7f189519b7a574 to remote] DEBUG org.asynchttpclient.netty.request.NettyRequestSender - Using pooled Channel '[id: 0x5791edb4, L:/127.0.0.1:58332 - R:localhost/127.0.0.1:47818]' for 'GET' to 'http://localhost:47818/session/2babdd9b38695ca49c7f189519b7a574/url'
01:32:27.362 [Forwarding getCurrentUrl on session 2babdd9b38695ca49c7f189519b7a574 to remote] DEBUG org.asynchttpclient.netty.request.NettyRequestSender - Using open Channel [id: 0x5791edb4, L:/127.0.0.1:58332 - R:localhost/127.0.0.1:47818] for GET '/session/2babdd9b38695ca49c7f189519b7a574/url'
01:32:27.368 [AsyncHttpClient-1-10] DEBUG org.asynchttpclient.netty.handler.HttpHandler - 

Request DefaultFullHttpRequest(decodeResult: success, version: HTTP/1.1, content: EmptyByteBufBE)
GET /session/2babdd9b38695ca49c7f189519b7a574/url HTTP/1.1
User-Agent: selenium/4.8.1 (java windows)
Cache-Control: no-cache
Content-Type: application/json; charset=utf-8
host: localhost:47818
accept: */*

Response DefaultHttpResponse(decodeResult: success, version: HTTP/1.1)
HTTP/1.1 200 OK
Content-Length: 51
Content-Type: application/json; charset=utf-8
cache-control: no-cache

01:32:27.368 [AsyncHttpClient-1-10] DEBUG org.asynchttpclient.netty.channel.ChannelManager - Adding key: http://localhost:47818 for channel [id: 0x5791edb4, L:/127.0.0.1:58332 - R:localhost/127.0.0.1:47818]
01:32:27.368 [Forwarding screenshot on session 2babdd9b38695ca49c7f189519b7a574 to remote] DEBUG org.asynchttpclient.netty.request.NettyRequestSender - Using pooled Channel '[id: 0x5791edb4, L:/127.0.0.1:58332 - R:localhost/127.0.0.1:47818]' for 'GET' to 'http://localhost:47818/session/2babdd9b38695ca49c7f189519b7a574/screenshot'
01:32:27.368 [Forwarding screenshot on session 2babdd9b38695ca49c7f189519b7a574 to remote] DEBUG org.asynchttpclient.netty.request.NettyRequestSender - Using open Channel [id: 0x5791edb4, L:/127.0.0.1:58332 - R:localhost/127.0.0.1:47818] for GET '/session/2babdd9b38695ca49c7f189519b7a574/screenshot'
01:32:27.508 [AsyncHttpClient-1-10] DEBUG org.asynchttpclient.netty.handler.HttpHandler - 

Request DefaultFullHttpRequest(decodeResult: success, version: HTTP/1.1, content: EmptyByteBufBE)
GET /session/2babdd9b38695ca49c7f189519b7a574/screenshot HTTP/1.1
User-Agent: selenium/4.8.1 (java windows)
Cache-Control: no-cache
Content-Type: application/json; charset=utf-8
host: localhost:47818
accept: */*

Response DefaultHttpResponse(decodeResult: success, version: HTTP/1.1)
HTTP/1.1 200 OK
Content-Length: 48588
Content-Type: application/json; charset=utf-8
cache-control: no-cache

01:32:27.509 [AsyncHttpClient-1-10] DEBUG org.asynchttpclient.netty.channel.ChannelManager - Adding key: http://localhost:47818 for channel [id: 0x5791edb4, L:/127.0.0.1:58332 - R:localhost/127.0.0.1:47818]
01:32:27.511 [main] DEBUG net.serenitybdd.core.photography.Darkroom - Send negative for processing for target\site\serenity\30ee70c5e7e1fe9c1aafa486daa12f2fb0c7e0a3e56facb69e1042fd186e77a7.png
01:32:27.511 [main] DEBUG net.thucydides.core.steps.StepInterceptor - STEP DONE: inputPassword
  &amp#27;[32mAnd &amp#27;[0m&amp#27;[32mI enter valid password&amp#27;[0m                                                        &amp#27;[90m# starter.stepdefinitions.LoginSteps.enterValidPassword()&amp#27;[0m
01:32:27.511 [Darkroom Processing Line] DEBUG net.serenitybdd.core.photography.DarkroomProcessingLine - Processing screenshot image in /var/screenshots/screenshot-1995667299160606919
01:32:27.511 [Darkroom Processing Line] DEBUG net.serenitybdd.core.photography.DarkroomProcessingLine - Saving screenshot to target\site\serenity\30ee70c5e7e1fe9c1aafa486daa12f2fb0c7e0a3e56facb69e1042fd186e77a7.png
01:32:27.521 [Forwarding getPageSource on session 2babdd9b38695ca49c7f189519b7a574 to remote] DEBUG org.asynchttpclient.netty.request.NettyRequestSender - Using pooled Channel '[id: 0x5791edb4, L:/127.0.0.1:58332 - R:localhost/127.0.0.1:47818]' for 'POST' to 'http://localhost:47818/session/2babdd9b38695ca49c7f189519b7a574/execute/sync'
01:32:27.521 [Forwarding getPageSource on session 2babdd9b38695ca49c7f189519b7a574 to remote] DEBUG org.asynchttpclient.netty.request.NettyRequestSender - Using open Channel [id: 0x5791edb4, L:/127.0.0.1:58332 - R:localhost/127.0.0.1:47818] for POST '/session/2babdd9b38695ca49c7f189519b7a574/execute/sync'
01:32:27.526 [AsyncHttpClient-1-10] DEBUG org.asynchttpclient.netty.handler.HttpHandler - 

Request DefaultHttpRequest(decodeResult: success, version: HTTP/1.1)
POST /session/2babdd9b38695ca49c7f189519b7a574/execute/sync HTTP/1.1
User-Agent: selenium/4.8.1 (java windows)
Content-Length: 176
Content-Type: application/json; charset=utf-8
host: localhost:47818
accept: */*

Response DefaultHttpResponse(decodeResult: success, version: HTTP/1.1)
HTTP/1.1 200 OK
Content-Length: 21839
Content-Type: application/json; charset=utf-8
cache-control: no-cache

01:32:27.526 [AsyncHttpClient-1-10] DEBUG org.asynchttpclient.netty.channel.ChannelManager - Adding key: http://localhost:47818 for channel [id: 0x5791edb4, L:/127.0.0.1:58332 - R:localhost/127.0.0.1:47818]
01:32:27.529 [Forwarding getCurrentUrl on session 2babdd9b38695ca49c7f189519b7a574 to remote] DEBUG org.asynchttpclient.netty.request.NettyRequestSender - Using pooled Channel '[id: 0x5791edb4, L:/127.0.0.1:58332 - R:localhost/127.0.0.1:47818]' for 'GET' to 'http://localhost:47818/session/2babdd9b38695ca49c7f189519b7a574/url'
01:32:27.529 [Forwarding getCurrentUrl on session 2babdd9b38695ca49c7f189519b7a574 to remote] DEBUG org.asynchttpclient.netty.request.NettyRequestSender - Using open Channel [id: 0x5791edb4, L:/127.0.0.1:58332 - R:localhost/127.0.0.1:47818] for GET '/session/2babdd9b38695ca49c7f189519b7a574/url'
01:32:27.534 [AsyncHttpClient-1-10] DEBUG org.asynchttpclient.netty.handler.HttpHandler - 

Request DefaultFullHttpRequest(decodeResult: success, version: HTTP/1.1, content: EmptyByteBufBE)
GET /session/2babdd9b38695ca49c7f189519b7a574/url HTTP/1.1
User-Agent: selenium/4.8.1 (java windows)
Cache-Control: no-cache
Content-Type: application/json; charset=utf-8
host: localhost:47818
accept: */*

Response DefaultHttpResponse(decodeResult: success, version: HTTP/1.1)
HTTP/1.1 200 OK
Content-Length: 51
Content-Type: application/json; charset=utf-8
cache-control: no-cache

01:32:27.534 [AsyncHttpClient-1-10] DEBUG org.asynchttpclient.netty.channel.ChannelManager - Adding key: http://localhost:47818 for channel [id: 0x5791edb4, L:/127.0.0.1:58332 - R:localhost/127.0.0.1:47818]
01:32:27.542 [Forwarding getPageSource on session 2babdd9b38695ca49c7f189519b7a574 to remote] DEBUG org.asynchttpclient.netty.request.NettyRequestSender - Using pooled Channel '[id: 0x5791edb4, L:/127.0.0.1:58332 - R:localhost/127.0.0.1:47818]' for 'POST' to 'http://localhost:47818/session/2babdd9b38695ca49c7f189519b7a574/execute/sync'
01:32:27.542 [Forwarding getPageSource on session 2babdd9b38695ca49c7f189519b7a574 to remote] DEBUG org.asynchttpclient.netty.request.NettyRequestSender - Using open Channel [id: 0x5791edb4, L:/127.0.0.1:58332 - R:localhost/127.0.0.1:47818] for POST '/session/2babdd9b38695ca49c7f189519b7a574/execute/sync'
01:32:27.549 [AsyncHttpClient-1-10] DEBUG org.asynchttpclient.netty.handler.HttpHandler - 

Request DefaultHttpRequest(decodeResult: success, version: HTTP/1.1)
POST /session/2babdd9b38695ca49c7f189519b7a574/execute/sync HTTP/1.1
User-Agent: selenium/4.8.1 (java windows)
Content-Length: 176
Content-Type: application/json; charset=utf-8
host: localhost:47818
accept: */*

Response DefaultHttpResponse(decodeResult: success, version: HTTP/1.1)
HTTP/1.1 200 OK
Content-Length: 21839
Content-Type: application/json; charset=utf-8
cache-control: no-cache

01:32:27.549 [AsyncHttpClient-1-10] DEBUG org.asynchttpclient.netty.channel.ChannelManager - Adding key: http://localhost:47818 for channel [id: 0x5791edb4, L:/127.0.0.1:58332 - R:localhost/127.0.0.1:47818]
01:32:27.551 [Forwarding getCurrentUrl on session 2babdd9b38695ca49c7f189519b7a574 to remote] DEBUG org.asynchttpclient.netty.request.NettyRequestSender - Using pooled Channel '[id: 0x5791edb4, L:/127.0.0.1:58332 - R:localhost/127.0.0.1:47818]' for 'GET' to 'http://localhost:47818/session/2babdd9b38695ca49c7f189519b7a574/url'
01:32:27.551 [Forwarding getCurrentUrl on session 2babdd9b38695ca49c7f189519b7a574 to remote] DEBUG org.asynchttpclient.netty.request.NettyRequestSender - Using open Channel [id: 0x5791edb4, L:/127.0.0.1:58332 - R:localhost/127.0.0.1:47818] for GET '/session/2babdd9b38695ca49c7f189519b7a574/url'
01:32:27.554 [AsyncHttpClient-1-10] DEBUG org.asynchttpclient.netty.handler.HttpHandler - 

Request DefaultFullHttpRequest(decodeResult: success, version: HTTP/1.1, content: EmptyByteBufBE)
GET /session/2babdd9b38695ca49c7f189519b7a574/url HTTP/1.1
User-Agent: selenium/4.8.1 (java windows)
Cache-Control: no-cache
Content-Type: application/json; charset=utf-8
host: localhost:47818
accept: */*

Response DefaultHttpResponse(decodeResult: success, version: HTTP/1.1)
HTTP/1.1 200 OK
Content-Length: 51
Content-Type: application/json; charset=utf-8
cache-control: no-cache

01:32:27.555 [AsyncHttpClient-1-10] DEBUG org.asynchttpclient.netty.channel.ChannelManager - Adding key: http://localhost:47818 for channel [id: 0x5791edb4, L:/127.0.0.1:58332 - R:localhost/127.0.0.1:47818]
01:32:27.556 [main] DEBUG net.thucydides.core.steps.StepInterceptor - STARTING STEP: LoginSteps.clickLoginButton - clickLoginButton
01:32:27.559 [Forwarding findElement on session 2babdd9b38695ca49c7f189519b7a574 to remote] DEBUG org.asynchttpclient.netty.request.NettyRequestSender - Using pooled Channel '[id: 0x5791edb4, L:/127.0.0.1:58332 - R:localhost/127.0.0.1:47818]' for 'POST' to 'http://localhost:47818/session/2babdd9b38695ca49c7f189519b7a574/element'
01:32:27.559 [Forwarding findElement on session 2babdd9b38695ca49c7f189519b7a574 to remote] DEBUG org.asynchttpclient.netty.request.NettyRequestSender - Using open Channel [id: 0x5791edb4, L:/127.0.0.1:58332 - R:localhost/127.0.0.1:47818] for POST '/session/2babdd9b38695ca49c7f189519b7a574/element'
01:32:27.567 [AsyncHttpClient-1-10] DEBUG org.asynchttpclient.netty.handler.HttpHandler - 

Request DefaultHttpRequest(decodeResult: success, version: HTTP/1.1)
POST /session/2babdd9b38695ca49c7f189519b7a574/element HTTP/1.1
User-Agent: selenium/4.8.1 (java windows)
Content-Length: 165
Content-Type: application/json; charset=utf-8
host: localhost:47818
accept: */*

Response DefaultHttpResponse(decodeResult: success, version: HTTP/1.1)
HTTP/1.1 200 OK
Content-Length: 88
Content-Type: application/json; charset=utf-8
cache-control: no-cache

01:32:27.567 [AsyncHttpClient-1-10] DEBUG org.asynchttpclient.netty.channel.ChannelManager - Adding key: http://localhost:47818 for channel [id: 0x5791edb4, L:/127.0.0.1:58332 - R:localhost/127.0.0.1:47818]
01:32:27.568 [Forwarding getElementTagName on session 2babdd9b38695ca49c7f189519b7a574 to remote] DEBUG org.asynchttpclient.netty.request.NettyRequestSender - Using pooled Channel '[id: 0x5791edb4, L:/127.0.0.1:58332 - R:localhost/127.0.0.1:47818]' for 'GET' to 'http://localhost:47818/session/2babdd9b38695ca49c7f189519b7a574/element/4cb6db9e-476c-4ec3-8022-dd3692db8237/name'
01:32:27.568 [Forwarding getElementTagName on session 2babdd9b38695ca49c7f189519b7a574 to remote] DEBUG org.asynchttpclient.netty.request.NettyRequestSender - Using open Channel [id: 0x5791edb4, L:/127.0.0.1:58332 - R:localhost/127.0.0.1:47818] for GET '/session/2babdd9b38695ca49c7f189519b7a574/element/4cb6db9e-476c-4ec3-8022-dd3692db8237/name'
01:32:27.572 [AsyncHttpClient-1-10] DEBUG org.asynchttpclient.netty.handler.HttpHandler - 

Request DefaultFullHttpRequest(decodeResult: success, version: HTTP/1.1, content: EmptyByteBufBE)
GET /session/2babdd9b38695ca49c7f189519b7a574/element/4cb6db9e-476c-4ec3-8022-dd3692db8237/name HTTP/1.1
User-Agent: selenium/4.8.1 (java windows)
Cache-Control: no-cache
Content-Type: application/json; charset=utf-8
host: localhost:47818
accept: */*

Response DefaultHttpResponse(decodeResult: success, version: HTTP/1.1)
HTTP/1.1 200 OK
Content-Length: 16
Content-Type: application/json; charset=utf-8
cache-control: no-cache

01:32:27.572 [AsyncHttpClient-1-10] DEBUG org.asynchttpclient.netty.channel.ChannelManager - Adding key: http://localhost:47818 for channel [id: 0x5791edb4, L:/127.0.0.1:58332 - R:localhost/127.0.0.1:47818]
01:32:27.573 [Forwarding getElementTagName on session 2babdd9b38695ca49c7f189519b7a574 to remote] DEBUG org.asynchttpclient.netty.request.NettyRequestSender - Using pooled Channel '[id: 0x5791edb4, L:/127.0.0.1:58332 - R:localhost/127.0.0.1:47818]' for 'GET' to 'http://localhost:47818/session/2babdd9b38695ca49c7f189519b7a574/element/4cb6db9e-476c-4ec3-8022-dd3692db8237/name'
01:32:27.573 [Forwarding getElementTagName on session 2babdd9b38695ca49c7f189519b7a574 to remote] DEBUG org.asynchttpclient.netty.request.NettyRequestSender - Using open Channel [id: 0x5791edb4, L:/127.0.0.1:58332 - R:localhost/127.0.0.1:47818] for GET '/session/2babdd9b38695ca49c7f189519b7a574/element/4cb6db9e-476c-4ec3-8022-dd3692db8237/name'
01:32:27.576 [AsyncHttpClient-1-10] DEBUG org.asynchttpclient.netty.handler.HttpHandler - 

Request DefaultFullHttpRequest(decodeResult: success, version: HTTP/1.1, content: EmptyByteBufBE)
GET /session/2babdd9b38695ca49c7f189519b7a574/element/4cb6db9e-476c-4ec3-8022-dd3692db8237/name HTTP/1.1
User-Agent: selenium/4.8.1 (java windows)
Cache-Control: no-cache
Content-Type: application/json; charset=utf-8
host: localhost:47818
accept: */*

Response DefaultHttpResponse(decodeResult: success, version: HTTP/1.1)
HTTP/1.1 200 OK
Content-Length: 16
Content-Type: application/json; charset=utf-8
cache-control: no-cache

01:32:27.576 [AsyncHttpClient-1-10] DEBUG org.asynchttpclient.netty.channel.ChannelManager - Adding key: http://localhost:47818 for channel [id: 0x5791edb4, L:/127.0.0.1:58332 - R:localhost/127.0.0.1:47818]
01:32:27.577 [Forwarding findElement on session 2babdd9b38695ca49c7f189519b7a574 to remote] DEBUG org.asynchttpclient.netty.request.NettyRequestSender - Using pooled Channel '[id: 0x5791edb4, L:/127.0.0.1:58332 - R:localhost/127.0.0.1:47818]' for 'POST' to 'http://localhost:47818/session/2babdd9b38695ca49c7f189519b7a574/element'
01:32:27.577 [Forwarding findElement on session 2babdd9b38695ca49c7f189519b7a574 to remote] DEBUG org.asynchttpclient.netty.request.NettyRequestSender - Using open Channel [id: 0x5791edb4, L:/127.0.0.1:58332 - R:localhost/127.0.0.1:47818] for POST '/session/2babdd9b38695ca49c7f189519b7a574/element'
01:32:27.585 [AsyncHttpClient-1-10] DEBUG org.asynchttpclient.netty.handler.HttpHandler - 

Request DefaultHttpRequest(decodeResult: success, version: HTTP/1.1)
POST /session/2babdd9b38695ca49c7f189519b7a574/element HTTP/1.1
User-Agent: selenium/4.8.1 (java windows)
Content-Length: 165
Content-Type: application/json; charset=utf-8
host: localhost:47818
accept: */*

Response DefaultHttpResponse(decodeResult: success, version: HTTP/1.1)
HTTP/1.1 200 OK
Content-Length: 88
Content-Type: application/json; charset=utf-8
cache-control: no-cache

01:32:27.585 [AsyncHttpClient-1-10] DEBUG org.asynchttpclient.netty.channel.ChannelManager - Adding key: http://localhost:47818 for channel [id: 0x5791edb4, L:/127.0.0.1:58332 - R:localhost/127.0.0.1:47818]
01:32:27.586 [Forwarding clickElement on session 2babdd9b38695ca49c7f189519b7a574 to remote] DEBUG org.asynchttpclient.netty.request.NettyRequestSender - Using pooled Channel '[id: 0x5791edb4, L:/127.0.0.1:58332 - R:localhost/127.0.0.1:47818]' for 'POST' to 'http://localhost:47818/session/2babdd9b38695ca49c7f189519b7a574/element/4cb6db9e-476c-4ec3-8022-dd3692db8237/click'
01:32:27.586 [Forwarding clickElement on session 2babdd9b38695ca49c7f189519b7a574 to remote] DEBUG org.asynchttpclient.netty.request.NettyRequestSender - Using open Channel [id: 0x5791edb4, L:/127.0.0.1:58332 - R:localhost/127.0.0.1:47818] for POST '/session/2babdd9b38695ca49c7f189519b7a574/element/4cb6db9e-476c-4ec3-8022-dd3692db8237/click'
01:32:27.592 [AsyncHttpClient-1-1] DEBUG org.asynchttpclient.netty.channel.DefaultChannelPool - Entry count for : http://localhost:58333 : 1
01:32:27.634 [AsyncHttpClient-1-10] DEBUG org.asynchttpclient.netty.handler.HttpHandler - 

Request DefaultHttpRequest(decodeResult: success, version: HTTP/1.1)
POST /session/2babdd9b38695ca49c7f189519b7a574/element/4cb6db9e-476c-4ec3-8022-dd3692db8237/click HTTP/1.1
User-Agent: selenium/4.8.1 (java windows)
Content-Length: 50
Content-Type: application/json; charset=utf-8
host: localhost:47818
accept: */*

Response DefaultHttpResponse(decodeResult: success, version: HTTP/1.1)
HTTP/1.1 200 OK
Content-Length: 14
Content-Type: application/json; charset=utf-8
cache-control: no-cache

01:32:27.634 [AsyncHttpClient-1-10] DEBUG org.asynchttpclient.netty.channel.ChannelManager - Adding key: http://localhost:47818 for channel [id: 0x5791edb4, L:/127.0.0.1:58332 - R:localhost/127.0.0.1:47818]
01:32:27.640 [Forwarding getAlertText on session 2babdd9b38695ca49c7f189519b7a574 to remote] DEBUG org.asynchttpclient.netty.request.NettyRequestSender - Using pooled Channel '[id: 0x5791edb4, L:/127.0.0.1:58332 - R:localhost/127.0.0.1:47818]' for 'GET' to 'http://localhost:47818/session/2babdd9b38695ca49c7f189519b7a574/alert/text'
01:32:27.640 [Forwarding getAlertText on session 2babdd9b38695ca49c7f189519b7a574 to remote] DEBUG org.asynchttpclient.netty.request.NettyRequestSender - Using open Channel [id: 0x5791edb4, L:/127.0.0.1:58332 - R:localhost/127.0.0.1:47818] for GET '/session/2babdd9b38695ca49c7f189519b7a574/alert/text'
01:32:27.642 [AsyncHttpClient-1-10] DEBUG org.asynchttpclient.netty.handler.HttpHandler - 

Request DefaultFullHttpRequest(decodeResult: success, version: HTTP/1.1, content: EmptyByteBufBE)
GET /session/2babdd9b38695ca49c7f189519b7a574/alert/text HTTP/1.1
User-Agent: selenium/4.8.1 (java windows)
Cache-Control: no-cache
Content-Type: application/json; charset=utf-8
host: localhost:47818
accept: */*

Response DefaultHttpResponse(decodeResult: success, version: HTTP/1.1)
HTTP/1.1 404 Not Found
Content-Length: 816
Content-Type: application/json; charset=utf-8
cache-control: no-cache

01:32:27.643 [AsyncHttpClient-1-10] DEBUG org.asynchttpclient.netty.channel.ChannelManager - Adding key: http://localhost:47818 for channel [id: 0x5791edb4, L:/127.0.0.1:58332 - R:localhost/127.0.0.1:47818]
01:32:27.644 [Forwarding getCurrentUrl on session 2babdd9b38695ca49c7f189519b7a574 to remote] DEBUG org.asynchttpclient.netty.request.NettyRequestSender - Using pooled Channel '[id: 0x5791edb4, L:/127.0.0.1:58332 - R:localhost/127.0.0.1:47818]' for 'GET' to 'http://localhost:47818/session/2babdd9b38695ca49c7f189519b7a574/url'
01:32:27.644 [Forwarding getCurrentUrl on session 2babdd9b38695ca49c7f189519b7a574 to remote] DEBUG org.asynchttpclient.netty.request.NettyRequestSender - Using open Channel [id: 0x5791edb4, L:/127.0.0.1:58332 - R:localhost/127.0.0.1:47818] for GET '/session/2babdd9b38695ca49c7f189519b7a574/url'
01:32:27.651 [AsyncHttpClient-1-10] DEBUG org.asynchttpclient.netty.handler.HttpHandler - 

Request DefaultFullHttpRequest(decodeResult: success, version: HTTP/1.1, content: EmptyByteBufBE)
GET /session/2babdd9b38695ca49c7f189519b7a574/url HTTP/1.1
User-Agent: selenium/4.8.1 (java windows)
Cache-Control: no-cache
Content-Type: application/json; charset=utf-8
host: localhost:47818
accept: */*

Response DefaultHttpResponse(decodeResult: success, version: HTTP/1.1)
HTTP/1.1 200 OK
Content-Length: 51
Content-Type: application/json; charset=utf-8
cache-control: no-cache

01:32:27.651 [AsyncHttpClient-1-10] DEBUG org.asynchttpclient.netty.channel.ChannelManager - Adding key: http://localhost:47818 for channel [id: 0x5791edb4, L:/127.0.0.1:58332 - R:localhost/127.0.0.1:47818]
01:32:27.652 [Forwarding screenshot on session 2babdd9b38695ca49c7f189519b7a574 to remote] DEBUG org.asynchttpclient.netty.request.NettyRequestSender - Using pooled Channel '[id: 0x5791edb4, L:/127.0.0.1:58332 - R:localhost/127.0.0.1:47818]' for 'GET' to 'http://localhost:47818/session/2babdd9b38695ca49c7f189519b7a574/screenshot'
01:32:27.652 [Forwarding screenshot on session 2babdd9b38695ca49c7f189519b7a574 to remote] DEBUG org.asynchttpclient.netty.request.NettyRequestSender - Using open Channel [id: 0x5791edb4, L:/127.0.0.1:58332 - R:localhost/127.0.0.1:47818] for GET '/session/2babdd9b38695ca49c7f189519b7a574/screenshot'
01:32:28.006 [AsyncHttpClient-1-10] DEBUG org.asynchttpclient.netty.handler.HttpHandler - 

Request DefaultFullHttpRequest(decodeResult: success, version: HTTP/1.1, content: EmptyByteBufBE)
GET /session/2babdd9b38695ca49c7f189519b7a574/screenshot HTTP/1.1
User-Agent: selenium/4.8.1 (java windows)
Cache-Control: no-cache
Content-Type: application/json; charset=utf-8
host: localhost:47818
accept: */*

Response DefaultHttpResponse(decodeResult: success, version: HTTP/1.1)
HTTP/1.1 200 OK
Content-Length: 47256
Content-Type: application/json; charset=utf-8
cache-control: no-cache

01:32:28.006 [AsyncHttpClient-1-10] DEBUG org.asynchttpclient.netty.channel.ChannelManager - Adding key: http://localhost:47818 for channel [id: 0x5791edb4, L:/127.0.0.1:58332 - R:localhost/127.0.0.1:47818]
01:32:28.008 [main] DEBUG net.serenitybdd.core.photography.Darkroom - Send negative for processing for target\site\serenity\a7e9d989f864139853c697feb03f96f39503f69283ca9239ee2c00683371718e.png
01:32:28.009 [main] DEBUG net.thucydides.core.steps.StepInterceptor - STEP DONE: clickLoginButton
01:32:28.009 [Darkroom Processing Line] DEBUG net.serenitybdd.core.photography.DarkroomProcessingLine - Processing screenshot image in /var/screenshots/screenshot-5137553213304148506
01:32:28.009 [Darkroom Processing Line] DEBUG net.serenitybdd.core.photography.DarkroomProcessingLine - Saving screenshot to target\site\serenity\a7e9d989f864139853c697feb03f96f39503f69283ca9239ee2c00683371718e.png
  &amp#27;[32mAnd &amp#27;[0m&amp#27;[32mI click login button&amp#27;[0m                                                          &amp#27;[90m# starter.stepdefinitions.LoginSteps.clickLoginButton()&amp#27;[0m
01:32:28.019 [Forwarding getPageSource on session 2babdd9b38695ca49c7f189519b7a574 to remote] DEBUG org.asynchttpclient.netty.request.NettyRequestSender - Using pooled Channel '[id: 0x5791edb4, L:/127.0.0.1:58332 - R:localhost/127.0.0.1:47818]' for 'POST' to 'http://localhost:47818/session/2babdd9b38695ca49c7f189519b7a574/execute/sync'
01:32:28.020 [Forwarding getPageSource on session 2babdd9b38695ca49c7f189519b7a574 to remote] DEBUG org.asynchttpclient.netty.request.NettyRequestSender - Using open Channel [id: 0x5791edb4, L:/127.0.0.1:58332 - R:localhost/127.0.0.1:47818] for POST '/session/2babdd9b38695ca49c7f189519b7a574/execute/sync'
01:32:28.028 [AsyncHttpClient-1-10] DEBUG org.asynchttpclient.netty.handler.HttpHandler - 

Request DefaultHttpRequest(decodeResult: success, version: HTTP/1.1)
POST /session/2babdd9b38695ca49c7f189519b7a574/execute/sync HTTP/1.1
User-Agent: selenium/4.8.1 (java windows)
Content-Length: 176
Content-Type: application/json; charset=utf-8
host: localhost:47818
accept: */*

Response DefaultHttpResponse(decodeResult: success, version: HTTP/1.1)
HTTP/1.1 200 OK
Content-Length: 28798
Content-Type: application/json; charset=utf-8
cache-control: no-cache

01:32:28.028 [AsyncHttpClient-1-10] DEBUG org.asynchttpclient.netty.channel.ChannelManager - Adding key: http://localhost:47818 for channel [id: 0x5791edb4, L:/127.0.0.1:58332 - R:localhost/127.0.0.1:47818]
01:32:28.033 [Forwarding getCurrentUrl on session 2babdd9b38695ca49c7f189519b7a574 to remote] DEBUG org.asynchttpclient.netty.request.NettyRequestSender - Using pooled Channel '[id: 0x5791edb4, L:/127.0.0.1:58332 - R:localhost/127.0.0.1:47818]' for 'GET' to 'http://localhost:47818/session/2babdd9b38695ca49c7f189519b7a574/url'
01:32:28.033 [Forwarding getCurrentUrl on session 2babdd9b38695ca49c7f189519b7a574 to remote] DEBUG org.asynchttpclient.netty.request.NettyRequestSender - Using open Channel [id: 0x5791edb4, L:/127.0.0.1:58332 - R:localhost/127.0.0.1:47818] for GET '/session/2babdd9b38695ca49c7f189519b7a574/url'
01:32:28.038 [AsyncHttpClient-1-10] DEBUG org.asynchttpclient.netty.handler.HttpHandler - 

Request DefaultFullHttpRequest(decodeResult: success, version: HTTP/1.1, content: EmptyByteBufBE)
GET /session/2babdd9b38695ca49c7f189519b7a574/url HTTP/1.1
User-Agent: selenium/4.8.1 (java windows)
Cache-Control: no-cache
Content-Type: application/json; charset=utf-8
host: localhost:47818
accept: */*

Response DefaultHttpResponse(decodeResult: success, version: HTTP/1.1)
HTTP/1.1 200 OK
Content-Length: 41
Content-Type: application/json; charset=utf-8
cache-control: no-cache

01:32:28.038 [AsyncHttpClient-1-10] DEBUG org.asynchttpclient.netty.channel.ChannelManager - Adding key: http://localhost:47818 for channel [id: 0x5791edb4, L:/127.0.0.1:58332 - R:localhost/127.0.0.1:47818]
01:32:28.044 [Forwarding findElement on session 2babdd9b38695ca49c7f189519b7a574 to remote] DEBUG org.asynchttpclient.netty.request.NettyRequestSender - Using pooled Channel '[id: 0x5791edb4, L:/127.0.0.1:58332 - R:localhost/127.0.0.1:47818]' for 'POST' to 'http://localhost:47818/session/2babdd9b38695ca49c7f189519b7a574/element'
01:32:28.044 [Forwarding findElement on session 2babdd9b38695ca49c7f189519b7a574 to remote] DEBUG org.asynchttpclient.netty.request.NettyRequestSender - Using open Channel [id: 0x5791edb4, L:/127.0.0.1:58332 - R:localhost/127.0.0.1:47818] for POST '/session/2babdd9b38695ca49c7f189519b7a574/element'
01:32:28.691 [AsyncHttpClient-1-1] DEBUG org.asynchttpclient.netty.channel.DefaultChannelPool - Entry count for : http://localhost:58333 : 1
01:32:29.392 [AsyncHttpClient-1-10] DEBUG org.asynchttpclient.netty.handler.HttpHandler - 

Request DefaultHttpRequest(decodeResult: success, version: HTTP/1.1)
POST /session/2babdd9b38695ca49c7f189519b7a574/element HTTP/1.1
User-Agent: selenium/4.8.1 (java windows)
Content-Length: 48
Content-Type: application/json; charset=utf-8
host: localhost:47818
accept: */*

Response DefaultHttpResponse(decodeResult: success, version: HTTP/1.1)
HTTP/1.1 200 OK
Content-Length: 88
Content-Type: application/json; charset=utf-8
cache-control: no-cache

01:32:29.392 [AsyncHttpClient-1-10] DEBUG org.asynchttpclient.netty.channel.ChannelManager - Adding key: http://localhost:47818 for channel [id: 0x5791edb4, L:/127.0.0.1:58332 - R:localhost/127.0.0.1:47818]
01:32:29.395 [Forwarding isElementDisplayed on session 2babdd9b38695ca49c7f189519b7a574 to remote] DEBUG org.asynchttpclient.netty.request.NettyRequestSender - Using pooled Channel '[id: 0x5791edb4, L:/127.0.0.1:58332 - R:localhost/127.0.0.1:47818]' for 'POST' to 'http://localhost:47818/session/2babdd9b38695ca49c7f189519b7a574/execute/sync'
01:32:29.395 [Forwarding isElementDisplayed on session 2babdd9b38695ca49c7f189519b7a574 to remote] DEBUG org.asynchttpclient.netty.request.NettyRequestSender - Using open Channel [id: 0x5791edb4, L:/127.0.0.1:58332 - R:localhost/127.0.0.1:47818] for POST '/session/2babdd9b38695ca49c7f189519b7a574/execute/sync'
01:32:29.410 [AsyncHttpClient-1-10] DEBUG org.asynchttpclient.netty.handler.HttpHandler - 

Request DefaultHttpRequest(decodeResult: success, version: HTTP/1.1)
POST /session/2babdd9b38695ca49c7f189519b7a574/execute/sync HTTP/1.1
User-Agent: selenium/4.8.1 (java windows)
Content-Length: 48807
Content-Type: application/json; charset=utf-8
host: localhost:47818
accept: */*

Response DefaultHttpResponse(decodeResult: success, version: HTTP/1.1)
HTTP/1.1 200 OK
Content-Length: 14
Content-Type: application/json; charset=utf-8
cache-control: no-cache

01:32:29.410 [AsyncHttpClient-1-10] DEBUG org.asynchttpclient.netty.channel.ChannelManager - Adding key: http://localhost:47818 for channel [id: 0x5791edb4, L:/127.0.0.1:58332 - R:localhost/127.0.0.1:47818]
  &amp#27;[32mThen &amp#27;[0m&amp#27;[32mI am on the product page&amp#27;[0m                                                     &amp#27;[90m# starter.stepdefinitions.LoginSteps.onTheProductPage()&amp#27;[0m
01:32:29.418 [Forwarding getAlertText on session 2babdd9b38695ca49c7f189519b7a574 to remote] DEBUG org.asynchttpclient.netty.request.NettyRequestSender - Using pooled Channel '[id: 0x5791edb4, L:/127.0.0.1:58332 - R:localhost/127.0.0.1:47818]' for 'GET' to 'http://localhost:47818/session/2babdd9b38695ca49c7f189519b7a574/alert/text'
01:32:29.418 [Forwarding getAlertText on session 2babdd9b38695ca49c7f189519b7a574 to remote] DEBUG org.asynchttpclient.netty.request.NettyRequestSender - Using open Channel [id: 0x5791edb4, L:/127.0.0.1:58332 - R:localhost/127.0.0.1:47818] for GET '/session/2babdd9b38695ca49c7f189519b7a574/alert/text'
01:32:29.420 [AsyncHttpClient-1-10] DEBUG org.asynchttpclient.netty.handler.HttpHandler - 

Request DefaultFullHttpRequest(decodeResult: success, version: HTTP/1.1, content: EmptyByteBufBE)
GET /session/2babdd9b38695ca49c7f189519b7a574/alert/text HTTP/1.1
User-Agent: selenium/4.8.1 (java windows)
Cache-Control: no-cache
Content-Type: application/json; charset=utf-8
host: localhost:47818
accept: */*

Response DefaultHttpResponse(decodeResult: success, version: HTTP/1.1)
HTTP/1.1 404 Not Found
Content-Length: 816
Content-Type: application/json; charset=utf-8
cache-control: no-cache

01:32:29.420 [AsyncHttpClient-1-10] DEBUG org.asynchttpclient.netty.channel.ChannelManager - Adding key: http://localhost:47818 for channel [id: 0x5791edb4, L:/127.0.0.1:58332 - R:localhost/127.0.0.1:47818]
01:32:29.421 [Forwarding getCurrentUrl on session 2babdd9b38695ca49c7f189519b7a574 to remote] DEBUG org.asynchttpclient.netty.request.NettyRequestSender - Using pooled Channel '[id: 0x5791edb4, L:/127.0.0.1:58332 - R:localhost/127.0.0.1:47818]' for 'GET' to 'http://localhost:47818/session/2babdd9b38695ca49c7f189519b7a574/url'
01:32:29.421 [Forwarding getCurrentUrl on session 2babdd9b38695ca49c7f189519b7a574 to remote] DEBUG org.asynchttpclient.netty.request.NettyRequestSender - Using open Channel [id: 0x5791edb4, L:/127.0.0.1:58332 - R:localhost/127.0.0.1:47818] for GET '/session/2babdd9b38695ca49c7f189519b7a574/url'
01:32:29.427 [AsyncHttpClient-1-10] DEBUG org.asynchttpclient.netty.handler.HttpHandler - 

Request DefaultFullHttpRequest(decodeResult: success, version: HTTP/1.1, content: EmptyByteBufBE)
GET /session/2babdd9b38695ca49c7f189519b7a574/url HTTP/1.1
User-Agent: selenium/4.8.1 (java windows)
Cache-Control: no-cache
Content-Type: application/json; charset=utf-8
host: localhost:47818
accept: */*

Response DefaultHttpResponse(decodeResult: success, version: HTTP/1.1)
HTTP/1.1 200 OK
Content-Length: 41
Content-Type: application/json; charset=utf-8
cache-control: no-cache

01:32:29.427 [AsyncHttpClient-1-10] DEBUG org.asynchttpclient.netty.channel.ChannelManager - Adding key: http://localhost:47818 for channel [id: 0x5791edb4, L:/127.0.0.1:58332 - R:localhost/127.0.0.1:47818]
01:32:29.428 [Forwarding screenshot on session 2babdd9b38695ca49c7f189519b7a574 to remote] DEBUG org.asynchttpclient.netty.request.NettyRequestSender - Using pooled Channel '[id: 0x5791edb4, L:/127.0.0.1:58332 - R:localhost/127.0.0.1:47818]' for 'GET' to 'http://localhost:47818/session/2babdd9b38695ca49c7f189519b7a574/screenshot'
01:32:29.428 [Forwarding screenshot on session 2babdd9b38695ca49c7f189519b7a574 to remote] DEBUG org.asynchttpclient.netty.request.NettyRequestSender - Using open Channel [id: 0x5791edb4, L:/127.0.0.1:58332 - R:localhost/127.0.0.1:47818] for GET '/session/2babdd9b38695ca49c7f189519b7a574/screenshot'
01:32:29.594 [AsyncHttpClient-1-10] DEBUG org.asynchttpclient.netty.handler.HttpHandler - 

Request DefaultFullHttpRequest(decodeResult: success, version: HTTP/1.1, content: EmptyByteBufBE)
GET /session/2babdd9b38695ca49c7f189519b7a574/screenshot HTTP/1.1
User-Agent: selenium/4.8.1 (java windows)
Cache-Control: no-cache
Content-Type: application/json; charset=utf-8
host: localhost:47818
accept: */*

Response DefaultHttpResponse(decodeResult: success, version: HTTP/1.1)
HTTP/1.1 200 OK
Content-Length: 88464
Content-Type: application/json; charset=utf-8
cache-control: no-cache

01:32:29.595 [AsyncHttpClient-1-10] DEBUG org.asynchttpclient.netty.channel.ChannelManager - Adding key: http://localhost:47818 for channel [id: 0x5791edb4, L:/127.0.0.1:58332 - R:localhost/127.0.0.1:47818]
01:32:29.599 [main] DEBUG net.serenitybdd.core.photography.Darkroom - Send negative for processing for target\site\serenity\380c11fc0cd7515eec6d85fffde871e384ea0a71e240758e43308d3039d1f497.png
01:32:29.604 [Forwarding getPageSource on session 2babdd9b38695ca49c7f189519b7a574 to remote] DEBUG org.asynchttpclient.netty.request.NettyRequestSender - Using pooled Channel '[id: 0x5791edb4, L:/127.0.0.1:58332 - R:localhost/127.0.0.1:47818]' for 'POST' to 'http://localhost:47818/session/2babdd9b38695ca49c7f189519b7a574/execute/sync'
01:32:29.604 [Forwarding getPageSource on session 2babdd9b38695ca49c7f189519b7a574 to remote] DEBUG org.asynchttpclient.netty.request.NettyRequestSender - Using open Channel [id: 0x5791edb4, L:/127.0.0.1:58332 - R:localhost/127.0.0.1:47818] for POST '/session/2babdd9b38695ca49c7f189519b7a574/execute/sync'
01:32:29.639 [AsyncHttpClient-1-10] DEBUG org.asynchttpclient.netty.handler.HttpHandler - 

Request DefaultHttpRequest(decodeResult: success, version: HTTP/1.1)
POST /session/2babdd9b38695ca49c7f189519b7a574/execute/sync HTTP/1.1
User-Agent: selenium/4.8.1 (java windows)
Content-Length: 176
Content-Type: application/json; charset=utf-8
host: localhost:47818
accept: */*

Response DefaultHttpResponse(decodeResult: success, version: HTTP/1.1)
HTTP/1.1 200 OK
Content-Length: 518092
Content-Type: application/json; charset=utf-8
cache-control: no-cache

01:32:29.640 [AsyncHttpClient-1-10] DEBUG org.asynchttpclient.netty.channel.ChannelManager - Adding key: http://localhost:47818 for channel [id: 0x5791edb4, L:/127.0.0.1:58332 - R:localhost/127.0.0.1:47818]
01:32:29.709 [Forwarding getCurrentUrl on session 2babdd9b38695ca49c7f189519b7a574 to remote] DEBUG org.asynchttpclient.netty.request.NettyRequestSender - Using pooled Channel '[id: 0x5791edb4, L:/127.0.0.1:58332 - R:localhost/127.0.0.1:47818]' for 'GET' to 'http://localhost:47818/session/2babdd9b38695ca49c7f189519b7a574/url'
01:32:29.709 [Forwarding getCurrentUrl on session 2babdd9b38695ca49c7f189519b7a574 to remote] DEBUG org.asynchttpclient.netty.request.NettyRequestSender - Using open Channel [id: 0x5791edb4, L:/127.0.0.1:58332 - R:localhost/127.0.0.1:47818] for GET '/session/2babdd9b38695ca49c7f189519b7a574/url'
01:32:29.713 [AsyncHttpClient-1-10] DEBUG org.asynchttpclient.netty.handler.HttpHandler - 

Request DefaultFullHttpRequest(decodeResult: success, version: HTTP/1.1, content: EmptyByteBufBE)
GET /session/2babdd9b38695ca49c7f189519b7a574/url HTTP/1.1
User-Agent: selenium/4.8.1 (java windows)
Cache-Control: no-cache
Content-Type: application/json; charset=utf-8
host: localhost:47818
accept: */*

Response DefaultHttpResponse(decodeResult: success, version: HTTP/1.1)
HTTP/1.1 200 OK
Content-Length: 41
Content-Type: application/json; charset=utf-8
cache-control: no-cache

01:32:29.713 [AsyncHttpClient-1-10] DEBUG org.asynchttpclient.netty.channel.ChannelManager - Adding key: http://localhost:47818 for channel [id: 0x5791edb4, L:/127.0.0.1:58332 - R:localhost/127.0.0.1:47818]
01:32:29.721 [Forwarding getAlertText on session 2babdd9b38695ca49c7f189519b7a574 to remote] DEBUG org.asynchttpclient.netty.request.NettyRequestSender - Using pooled Channel '[id: 0x5791edb4, L:/127.0.0.1:58332 - R:localhost/127.0.0.1:47818]' for 'GET' to 'http://localhost:47818/session/2babdd9b38695ca49c7f189519b7a574/alert/text'
01:32:29.721 [Forwarding getAlertText on session 2babdd9b38695ca49c7f189519b7a574 to remote] DEBUG org.asynchttpclient.netty.request.NettyRequestSender - Using open Channel [id: 0x5791edb4, L:/127.0.0.1:58332 - R:localhost/127.0.0.1:47818] for GET '/session/2babdd9b38695ca49c7f189519b7a574/alert/text'
01:32:29.723 [AsyncHttpClient-1-10] DEBUG org.asynchttpclient.netty.handler.HttpHandler - 

Request DefaultFullHttpRequest(decodeResult: success, version: HTTP/1.1, content: EmptyByteBufBE)
GET /session/2babdd9b38695ca49c7f189519b7a574/alert/text HTTP/1.1
User-Agent: selenium/4.8.1 (java windows)
Cache-Control: no-cache
Content-Type: application/json; charset=utf-8
host: localhost:47818
accept: */*

Response DefaultHttpResponse(decodeResult: success, version: HTTP/1.1)
HTTP/1.1 404 Not Found
Content-Length: 816
Content-Type: application/json; charset=utf-8
cache-control: no-cache

01:32:29.723 [AsyncHttpClient-1-10] DEBUG org.asynchttpclient.netty.channel.ChannelManager - Adding key: http://localhost:47818 for channel [id: 0x5791edb4, L:/127.0.0.1:58332 - R:localhost/127.0.0.1:47818]
01:32:29.723 [Forwarding getCurrentUrl on session 2babdd9b38695ca49c7f189519b7a574 to remote] DEBUG org.asynchttpclient.netty.request.NettyRequestSender - Using pooled Channel '[id: 0x5791edb4, L:/127.0.0.1:58332 - R:localhost/127.0.0.1:47818]' for 'GET' to 'http://localhost:47818/session/2babdd9b38695ca49c7f189519b7a574/url'
01:32:29.723 [Forwarding getCurrentUrl on session 2babdd9b38695ca49c7f189519b7a574 to remote] DEBUG org.asynchttpclient.netty.request.NettyRequestSender - Using open Channel [id: 0x5791edb4, L:/127.0.0.1:58332 - R:localhost/127.0.0.1:47818] for GET '/session/2babdd9b38695ca49c7f189519b7a574/url'
01:32:29.727 [AsyncHttpClient-1-10] DEBUG org.asynchttpclient.netty.handler.HttpHandler - 

Request DefaultFullHttpRequest(decodeResult: success, version: HTTP/1.1, content: EmptyByteBufBE)
GET /session/2babdd9b38695ca49c7f189519b7a574/url HTTP/1.1
User-Agent: selenium/4.8.1 (java windows)
Cache-Control: no-cache
Content-Type: application/json; charset=utf-8
host: localhost:47818
accept: */*

Response DefaultHttpResponse(decodeResult: success, version: HTTP/1.1)
HTTP/1.1 200 OK
Content-Length: 41
Content-Type: application/json; charset=utf-8
cache-control: no-cache

01:32:29.727 [AsyncHttpClient-1-10] DEBUG org.asynchttpclient.netty.channel.ChannelManager - Adding key: http://localhost:47818 for channel [id: 0x5791edb4, L:/127.0.0.1:58332 - R:localhost/127.0.0.1:47818]
01:32:29.727 [Forwarding screenshot on session 2babdd9b38695ca49c7f189519b7a574 to remote] DEBUG org.asynchttpclient.netty.request.NettyRequestSender - Using pooled Channel '[id: 0x5791edb4, L:/127.0.0.1:58332 - R:localhost/127.0.0.1:47818]' for 'GET' to 'http://localhost:47818/session/2babdd9b38695ca49c7f189519b7a574/screenshot'
01:32:29.727 [Forwarding screenshot on session 2babdd9b38695ca49c7f189519b7a574 to remote] DEBUG org.asynchttpclient.netty.request.NettyRequestSender - Using open Channel [id: 0x5791edb4, L:/127.0.0.1:58332 - R:localhost/127.0.0.1:47818] for GET '/session/2babdd9b38695ca49c7f189519b7a574/screenshot'
01:32:29.791 [AsyncHttpClient-1-1] DEBUG org.asynchttpclient.netty.channel.DefaultChannelPool - Entry count for : http://localhost:58333 : 1
01:32:29.846 [AsyncHttpClient-1-10] DEBUG org.asynchttpclient.netty.handler.HttpHandler - 

Request DefaultFullHttpRequest(decodeResult: success, version: HTTP/1.1, content: EmptyByteBufBE)
GET /session/2babdd9b38695ca49c7f189519b7a574/screenshot HTTP/1.1
User-Agent: selenium/4.8.1 (java windows)
Cache-Control: no-cache
Content-Type: application/json; charset=utf-8
host: localhost:47818
accept: */*

Response DefaultHttpResponse(decodeResult: success, version: HTTP/1.1)
HTTP/1.1 200 OK
Content-Length: 88064
Content-Type: application/json; charset=utf-8
cache-control: no-cache

01:32:29.847 [AsyncHttpClient-1-10] DEBUG org.asynchttpclient.netty.channel.ChannelManager - Adding key: http://localhost:47818 for channel [id: 0x5791edb4, L:/127.0.0.1:58332 - R:localhost/127.0.0.1:47818]
01:32:29.850 [main] DEBUG net.serenitybdd.core.photography.Darkroom - Send negative for processing for target\site\serenity\29cfb7224f78dd2b7f7a05113e61d3ecb6498f3e107ac7b049bf50082cf5226f.png
01:32:29.852 [Forwarding getPageSource on session 2babdd9b38695ca49c7f189519b7a574 to remote] DEBUG org.asynchttpclient.netty.request.NettyRequestSender - Using pooled Channel '[id: 0x5791edb4, L:/127.0.0.1:58332 - R:localhost/127.0.0.1:47818]' for 'POST' to 'http://localhost:47818/session/2babdd9b38695ca49c7f189519b7a574/execute/sync'
01:32:29.852 [Forwarding getPageSource on session 2babdd9b38695ca49c7f189519b7a574 to remote] DEBUG org.asynchttpclient.netty.request.NettyRequestSender - Using open Channel [id: 0x5791edb4, L:/127.0.0.1:58332 - R:localhost/127.0.0.1:47818] for POST '/session/2babdd9b38695ca49c7f189519b7a574/execute/sync'
01:32:29.888 [AsyncHttpClient-1-10] DEBUG org.asynchttpclient.netty.handler.HttpHandler - 

Request DefaultHttpRequest(decodeResult: success, version: HTTP/1.1)
POST /session/2babdd9b38695ca49c7f189519b7a574/execute/sync HTTP/1.1
User-Agent: selenium/4.8.1 (java windows)
Content-Length: 176
Content-Type: application/json; charset=utf-8
host: localhost:47818
accept: */*

Response DefaultHttpResponse(decodeResult: success, version: HTTP/1.1)
HTTP/1.1 200 OK
Content-Length: 518092
Content-Type: application/json; charset=utf-8
cache-control: no-cache

01:32:29.890 [AsyncHttpClient-1-10] DEBUG org.asynchttpclient.netty.channel.ChannelManager - Adding key: http://localhost:47818 for channel [id: 0x5791edb4, L:/127.0.0.1:58332 - R:localhost/127.0.0.1:47818]
01:32:29.955 [Forwarding getCurrentUrl on session 2babdd9b38695ca49c7f189519b7a574 to remote] DEBUG org.asynchttpclient.netty.request.NettyRequestSender - Using pooled Channel '[id: 0x5791edb4, L:/127.0.0.1:58332 - R:localhost/127.0.0.1:47818]' for 'GET' to 'http://localhost:47818/session/2babdd9b38695ca49c7f189519b7a574/url'
01:32:29.955 [Forwarding getCurrentUrl on session 2babdd9b38695ca49c7f189519b7a574 to remote] DEBUG org.asynchttpclient.netty.request.NettyRequestSender - Using open Channel [id: 0x5791edb4, L:/127.0.0.1:58332 - R:localhost/127.0.0.1:47818] for GET '/session/2babdd9b38695ca49c7f189519b7a574/url'
01:32:29.960 [AsyncHttpClient-1-10] DEBUG org.asynchttpclient.netty.handler.HttpHandler - 

Request DefaultFullHttpRequest(decodeResult: success, version: HTTP/1.1, content: EmptyByteBufBE)
GET /session/2babdd9b38695ca49c7f189519b7a574/url HTTP/1.1
User-Agent: selenium/4.8.1 (java windows)
Cache-Control: no-cache
Content-Type: application/json; charset=utf-8
host: localhost:47818
accept: */*

Response DefaultHttpResponse(decodeResult: success, version: HTTP/1.1)
HTTP/1.1 200 OK
Content-Length: 41
Content-Type: application/json; charset=utf-8
cache-control: no-cache

01:32:29.960 [AsyncHttpClient-1-10] DEBUG org.asynchttpclient.netty.channel.ChannelManager - Adding key: http://localhost:47818 for channel [id: 0x5791edb4, L:/127.0.0.1:58332 - R:localhost/127.0.0.1:47818]
01:32:29.964 [main] DEBUG net.thucydides.core.steps.StepInterceptor - STARTING STEP: LoginSteps.clickBeliButton - clickBeliButton
01:32:29.968 [Forwarding findElement on session 2babdd9b38695ca49c7f189519b7a574 to remote] DEBUG org.asynchttpclient.netty.request.NettyRequestSender - Using pooled Channel '[id: 0x5791edb4, L:/127.0.0.1:58332 - R:localhost/127.0.0.1:47818]' for 'POST' to 'http://localhost:47818/session/2babdd9b38695ca49c7f189519b7a574/element'
01:32:29.968 [Forwarding findElement on session 2babdd9b38695ca49c7f189519b7a574 to remote] DEBUG org.asynchttpclient.netty.request.NettyRequestSender - Using open Channel [id: 0x5791edb4, L:/127.0.0.1:58332 - R:localhost/127.0.0.1:47818] for POST '/session/2babdd9b38695ca49c7f189519b7a574/element'
01:32:29.985 [AsyncHttpClient-1-10] DEBUG org.asynchttpclient.netty.handler.HttpHandler - 

Request DefaultHttpRequest(decodeResult: success, version: HTTP/1.1)
POST /session/2babdd9b38695ca49c7f189519b7a574/element HTTP/1.1
User-Agent: selenium/4.8.1 (java windows)
Content-Length: 123
Content-Type: application/json; charset=utf-8
host: localhost:47818
accept: */*

Response DefaultHttpResponse(decodeResult: success, version: HTTP/1.1)
HTTP/1.1 200 OK
Content-Length: 88
Content-Type: application/json; charset=utf-8
cache-control: no-cache

01:32:29.985 [AsyncHttpClient-1-10] DEBUG org.asynchttpclient.netty.channel.ChannelManager - Adding key: http://localhost:47818 for channel [id: 0x5791edb4, L:/127.0.0.1:58332 - R:localhost/127.0.0.1:47818]
01:32:29.986 [Forwarding getElementTagName on session 2babdd9b38695ca49c7f189519b7a574 to remote] DEBUG org.asynchttpclient.netty.request.NettyRequestSender - Using pooled Channel '[id: 0x5791edb4, L:/127.0.0.1:58332 - R:localhost/127.0.0.1:47818]' for 'GET' to 'http://localhost:47818/session/2babdd9b38695ca49c7f189519b7a574/element/717160b2-6948-4d54-8afb-de81a2d7efb6/name'
01:32:29.986 [Forwarding getElementTagName on session 2babdd9b38695ca49c7f189519b7a574 to remote] DEBUG org.asynchttpclient.netty.request.NettyRequestSender - Using open Channel [id: 0x5791edb4, L:/127.0.0.1:58332 - R:localhost/127.0.0.1:47818] for GET '/session/2babdd9b38695ca49c7f189519b7a574/element/717160b2-6948-4d54-8afb-de81a2d7efb6/name'
01:32:29.991 [AsyncHttpClient-1-10] DEBUG org.asynchttpclient.netty.handler.HttpHandler - 

Request DefaultFullHttpRequest(decodeResult: success, version: HTTP/1.1, content: EmptyByteBufBE)
GET /session/2babdd9b38695ca49c7f189519b7a574/element/717160b2-6948-4d54-8afb-de81a2d7efb6/name HTTP/1.1
User-Agent: selenium/4.8.1 (java windows)
Cache-Control: no-cache
Content-Type: application/json; charset=utf-8
host: localhost:47818
accept: */*

Response DefaultHttpResponse(decodeResult: success, version: HTTP/1.1)
HTTP/1.1 200 OK
Content-Length: 16
Content-Type: application/json; charset=utf-8
cache-control: no-cache

01:32:29.991 [AsyncHttpClient-1-10] DEBUG org.asynchttpclient.netty.channel.ChannelManager - Adding key: http://localhost:47818 for channel [id: 0x5791edb4, L:/127.0.0.1:58332 - R:localhost/127.0.0.1:47818]
01:32:29.992 [Forwarding getElementTagName on session 2babdd9b38695ca49c7f189519b7a574 to remote] DEBUG org.asynchttpclient.netty.request.NettyRequestSender - Using pooled Channel '[id: 0x5791edb4, L:/127.0.0.1:58332 - R:localhost/127.0.0.1:47818]' for 'GET' to 'http://localhost:47818/session/2babdd9b38695ca49c7f189519b7a574/element/717160b2-6948-4d54-8afb-de81a2d7efb6/name'
01:32:29.992 [Forwarding getElementTagName on session 2babdd9b38695ca49c7f189519b7a574 to remote] DEBUG org.asynchttpclient.netty.request.NettyRequestSender - Using open Channel [id: 0x5791edb4, L:/127.0.0.1:58332 - R:localhost/127.0.0.1:47818] for GET '/session/2babdd9b38695ca49c7f189519b7a574/element/717160b2-6948-4d54-8afb-de81a2d7efb6/name'
01:32:29.996 [AsyncHttpClient-1-10] DEBUG org.asynchttpclient.netty.handler.HttpHandler - 

Request DefaultFullHttpRequest(decodeResult: success, version: HTTP/1.1, content: EmptyByteBufBE)
GET /session/2babdd9b38695ca49c7f189519b7a574/element/717160b2-6948-4d54-8afb-de81a2d7efb6/name HTTP/1.1
User-Agent: selenium/4.8.1 (java windows)
Cache-Control: no-cache
Content-Type: application/json; charset=utf-8
host: localhost:47818
accept: */*

Response DefaultHttpResponse(decodeResult: success, version: HTTP/1.1)
HTTP/1.1 200 OK
Content-Length: 16
Content-Type: application/json; charset=utf-8
cache-control: no-cache

01:32:29.996 [AsyncHttpClient-1-10] DEBUG org.asynchttpclient.netty.channel.ChannelManager - Adding key: http://localhost:47818 for channel [id: 0x5791edb4, L:/127.0.0.1:58332 - R:localhost/127.0.0.1:47818]
01:32:29.998 [Forwarding findElement on session 2babdd9b38695ca49c7f189519b7a574 to remote] DEBUG org.asynchttpclient.netty.request.NettyRequestSender - Using pooled Channel '[id: 0x5791edb4, L:/127.0.0.1:58332 - R:localhost/127.0.0.1:47818]' for 'POST' to 'http://localhost:47818/session/2babdd9b38695ca49c7f189519b7a574/element'
01:32:29.998 [Forwarding findElement on session 2babdd9b38695ca49c7f189519b7a574 to remote] DEBUG org.asynchttpclient.netty.request.NettyRequestSender - Using open Channel [id: 0x5791edb4, L:/127.0.0.1:58332 - R:localhost/127.0.0.1:47818] for POST '/session/2babdd9b38695ca49c7f189519b7a574/element'
01:32:30.012 [AsyncHttpClient-1-10] DEBUG org.asynchttpclient.netty.handler.HttpHandler - 

Request DefaultHttpRequest(decodeResult: success, version: HTTP/1.1)
POST /session/2babdd9b38695ca49c7f189519b7a574/element HTTP/1.1
User-Agent: selenium/4.8.1 (java windows)
Content-Length: 123
Content-Type: application/json; charset=utf-8
host: localhost:47818
accept: */*

Response DefaultHttpResponse(decodeResult: success, version: HTTP/1.1)
HTTP/1.1 200 OK
Content-Length: 88
Content-Type: application/json; charset=utf-8
cache-control: no-cache

01:32:30.012 [AsyncHttpClient-1-10] DEBUG org.asynchttpclient.netty.channel.ChannelManager - Adding key: http://localhost:47818 for channel [id: 0x5791edb4, L:/127.0.0.1:58332 - R:localhost/127.0.0.1:47818]
01:32:30.013 [Forwarding clickElement on session 2babdd9b38695ca49c7f189519b7a574 to remote] DEBUG org.asynchttpclient.netty.request.NettyRequestSender - Using pooled Channel '[id: 0x5791edb4, L:/127.0.0.1:58332 - R:localhost/127.0.0.1:47818]' for 'POST' to 'http://localhost:47818/session/2babdd9b38695ca49c7f189519b7a574/element/717160b2-6948-4d54-8afb-de81a2d7efb6/click'
01:32:30.013 [Forwarding clickElement on session 2babdd9b38695ca49c7f189519b7a574 to remote] DEBUG org.asynchttpclient.netty.request.NettyRequestSender - Using open Channel [id: 0x5791edb4, L:/127.0.0.1:58332 - R:localhost/127.0.0.1:47818] for POST '/session/2babdd9b38695ca49c7f189519b7a574/element/717160b2-6948-4d54-8afb-de81a2d7efb6/click'
01:32:30.105 [AsyncHttpClient-1-10] DEBUG org.asynchttpclient.netty.handler.HttpHandler - 

Request DefaultHttpRequest(decodeResult: success, version: HTTP/1.1)
POST /session/2babdd9b38695ca49c7f189519b7a574/element/717160b2-6948-4d54-8afb-de81a2d7efb6/click HTTP/1.1
User-Agent: selenium/4.8.1 (java windows)
Content-Length: 50
Content-Type: application/json; charset=utf-8
host: localhost:47818
accept: */*

Response DefaultHttpResponse(decodeResult: success, version: HTTP/1.1)
HTTP/1.1 200 OK
Content-Length: 14
Content-Type: application/json; charset=utf-8
cache-control: no-cache

01:32:30.105 [AsyncHttpClient-1-10] DEBUG org.asynchttpclient.netty.channel.ChannelManager - Adding key: http://localhost:47818 for channel [id: 0x5791edb4, L:/127.0.0.1:58332 - R:localhost/127.0.0.1:47818]
01:32:30.111 [Forwarding getAlertText on session 2babdd9b38695ca49c7f189519b7a574 to remote] DEBUG org.asynchttpclient.netty.request.NettyRequestSender - Using pooled Channel '[id: 0x5791edb4, L:/127.0.0.1:58332 - R:localhost/127.0.0.1:47818]' for 'GET' to 'http://localhost:47818/session/2babdd9b38695ca49c7f189519b7a574/alert/text'
01:32:30.111 [Forwarding getAlertText on session 2babdd9b38695ca49c7f189519b7a574 to remote] DEBUG org.asynchttpclient.netty.request.NettyRequestSender - Using open Channel [id: 0x5791edb4, L:/127.0.0.1:58332 - R:localhost/127.0.0.1:47818] for GET '/session/2babdd9b38695ca49c7f189519b7a574/alert/text'
01:32:30.113 [AsyncHttpClient-1-10] DEBUG org.asynchttpclient.netty.handler.HttpHandler - 

Request DefaultFullHttpRequest(decodeResult: success, version: HTTP/1.1, content: EmptyByteBufBE)
GET /session/2babdd9b38695ca49c7f189519b7a574/alert/text HTTP/1.1
User-Agent: selenium/4.8.1 (java windows)
Cache-Control: no-cache
Content-Type: application/json; charset=utf-8
host: localhost:47818
accept: */*

Response DefaultHttpResponse(decodeResult: success, version: HTTP/1.1)
HTTP/1.1 404 Not Found
Content-Length: 816
Content-Type: application/json; charset=utf-8
cache-control: no-cache

01:32:30.114 [AsyncHttpClient-1-10] DEBUG org.asynchttpclient.netty.channel.ChannelManager - Adding key: http://localhost:47818 for channel [id: 0x5791edb4, L:/127.0.0.1:58332 - R:localhost/127.0.0.1:47818]
01:32:30.116 [Forwarding getCurrentUrl on session 2babdd9b38695ca49c7f189519b7a574 to remote] DEBUG org.asynchttpclient.netty.request.NettyRequestSender - Using pooled Channel '[id: 0x5791edb4, L:/127.0.0.1:58332 - R:localhost/127.0.0.1:47818]' for 'GET' to 'http://localhost:47818/session/2babdd9b38695ca49c7f189519b7a574/url'
01:32:30.116 [Forwarding getCurrentUrl on session 2babdd9b38695ca49c7f189519b7a574 to remote] DEBUG org.asynchttpclient.netty.request.NettyRequestSender - Using open Channel [id: 0x5791edb4, L:/127.0.0.1:58332 - R:localhost/127.0.0.1:47818] for GET '/session/2babdd9b38695ca49c7f189519b7a574/url'
01:32:30.124 [AsyncHttpClient-1-10] DEBUG org.asynchttpclient.netty.handler.HttpHandler - 

Request DefaultFullHttpRequest(decodeResult: success, version: HTTP/1.1, content: EmptyByteBufBE)
GET /session/2babdd9b38695ca49c7f189519b7a574/url HTTP/1.1
User-Agent: selenium/4.8.1 (java windows)
Cache-Control: no-cache
Content-Type: application/json; charset=utf-8
host: localhost:47818
accept: */*

Response DefaultHttpResponse(decodeResult: success, version: HTTP/1.1)
HTTP/1.1 200 OK
Content-Length: 41
Content-Type: application/json; charset=utf-8
cache-control: no-cache

01:32:30.124 [AsyncHttpClient-1-10] DEBUG org.asynchttpclient.netty.channel.ChannelManager - Adding key: http://localhost:47818 for channel [id: 0x5791edb4, L:/127.0.0.1:58332 - R:localhost/127.0.0.1:47818]
01:32:30.125 [Forwarding screenshot on session 2babdd9b38695ca49c7f189519b7a574 to remote] DEBUG org.asynchttpclient.netty.request.NettyRequestSender - Using pooled Channel '[id: 0x5791edb4, L:/127.0.0.1:58332 - R:localhost/127.0.0.1:47818]' for 'GET' to 'http://localhost:47818/session/2babdd9b38695ca49c7f189519b7a574/screenshot'
01:32:30.125 [Forwarding screenshot on session 2babdd9b38695ca49c7f189519b7a574 to remote] DEBUG org.asynchttpclient.netty.request.NettyRequestSender - Using open Channel [id: 0x5791edb4, L:/127.0.0.1:58332 - R:localhost/127.0.0.1:47818] for GET '/session/2babdd9b38695ca49c7f189519b7a574/screenshot'
01:32:30.331 [AsyncHttpClient-1-10] DEBUG org.asynchttpclient.netty.handler.HttpHandler - 

Request DefaultFullHttpRequest(decodeResult: success, version: HTTP/1.1, content: EmptyByteBufBE)
GET /session/2babdd9b38695ca49c7f189519b7a574/screenshot HTTP/1.1
User-Agent: selenium/4.8.1 (java windows)
Cache-Control: no-cache
Content-Type: application/json; charset=utf-8
host: localhost:47818
accept: */*

Response DefaultHttpResponse(decodeResult: success, version: HTTP/1.1)
HTTP/1.1 200 OK
Content-Length: 91056
Content-Type: application/json; charset=utf-8
cache-control: no-cache

01:32:30.331 [AsyncHttpClient-1-10] DEBUG org.asynchttpclient.netty.channel.ChannelManager - Adding key: http://localhost:47818 for channel [id: 0x5791edb4, L:/127.0.0.1:58332 - R:localhost/127.0.0.1:47818]
01:32:30.335 [main] DEBUG net.serenitybdd.core.photography.Darkroom - Send negative for processing for target\site\serenity\503b494ac291a6dcb4c4625d3042ada74ca0f7a3ed9d7507595b317d3f861e28.png
01:32:30.335 [main] DEBUG net.thucydides.core.steps.StepInterceptor - STEP DONE: clickBeliButton
  &amp#27;[32mAnd &amp#27;[0m&amp#27;[32mI click buy button from one of product&amp#27;[0m                                        &amp#27;[90m# starter.stepdefinitions.LoginSteps.clickBeliButton()&amp#27;[0m
01:32:30.335 [Darkroom Processing Line] DEBUG net.serenitybdd.core.photography.DarkroomProcessingLine - Processing screenshot image in /var/screenshots/screenshot-7918864333520170193
01:32:30.335 [Darkroom Processing Line] DEBUG net.serenitybdd.core.photography.DarkroomProcessingLine - Saving screenshot to target\site\serenity\503b494ac291a6dcb4c4625d3042ada74ca0f7a3ed9d7507595b317d3f861e28.png
01:32:30.342 [Forwarding getPageSource on session 2babdd9b38695ca49c7f189519b7a574 to remote] DEBUG org.asynchttpclient.netty.request.NettyRequestSender - Using pooled Channel '[id: 0x5791edb4, L:/127.0.0.1:58332 - R:localhost/127.0.0.1:47818]' for 'POST' to 'http://localhost:47818/session/2babdd9b38695ca49c7f189519b7a574/execute/sync'
01:32:30.342 [Forwarding getPageSource on session 2babdd9b38695ca49c7f189519b7a574 to remote] DEBUG org.asynchttpclient.netty.request.NettyRequestSender - Using open Channel [id: 0x5791edb4, L:/127.0.0.1:58332 - R:localhost/127.0.0.1:47818] for POST '/session/2babdd9b38695ca49c7f189519b7a574/execute/sync'
01:32:30.379 [AsyncHttpClient-1-10] DEBUG org.asynchttpclient.netty.handler.HttpHandler - 

Request DefaultHttpRequest(decodeResult: success, version: HTTP/1.1)
POST /session/2babdd9b38695ca49c7f189519b7a574/execute/sync HTTP/1.1
User-Agent: selenium/4.8.1 (java windows)
Content-Length: 176
Content-Type: application/json; charset=utf-8
host: localhost:47818
accept: */*

Response DefaultHttpResponse(decodeResult: success, version: HTTP/1.1)
HTTP/1.1 200 OK
Content-Length: 518467
Content-Type: application/json; charset=utf-8
cache-control: no-cache

01:32:30.380 [AsyncHttpClient-1-10] DEBUG org.asynchttpclient.netty.channel.ChannelManager - Adding key: http://localhost:47818 for channel [id: 0x5791edb4, L:/127.0.0.1:58332 - R:localhost/127.0.0.1:47818]
01:32:30.437 [Forwarding getCurrentUrl on session 2babdd9b38695ca49c7f189519b7a574 to remote] DEBUG org.asynchttpclient.netty.request.NettyRequestSender - Using pooled Channel '[id: 0x5791edb4, L:/127.0.0.1:58332 - R:localhost/127.0.0.1:47818]' for 'GET' to 'http://localhost:47818/session/2babdd9b38695ca49c7f189519b7a574/url'
01:32:30.437 [Forwarding getCurrentUrl on session 2babdd9b38695ca49c7f189519b7a574 to remote] DEBUG org.asynchttpclient.netty.request.NettyRequestSender - Using open Channel [id: 0x5791edb4, L:/127.0.0.1:58332 - R:localhost/127.0.0.1:47818] for GET '/session/2babdd9b38695ca49c7f189519b7a574/url'
01:32:30.441 [AsyncHttpClient-1-10] DEBUG org.asynchttpclient.netty.handler.HttpHandler - 

Request DefaultFullHttpRequest(decodeResult: success, version: HTTP/1.1, content: EmptyByteBufBE)
GET /session/2babdd9b38695ca49c7f189519b7a574/url HTTP/1.1
User-Agent: selenium/4.8.1 (java windows)
Cache-Control: no-cache
Content-Type: application/json; charset=utf-8
host: localhost:47818
accept: */*

Response DefaultHttpResponse(decodeResult: success, version: HTTP/1.1)
HTTP/1.1 200 OK
Content-Length: 41
Content-Type: application/json; charset=utf-8
cache-control: no-cache

01:32:30.441 [AsyncHttpClient-1-10] DEBUG org.asynchttpclient.netty.channel.ChannelManager - Adding key: http://localhost:47818 for channel [id: 0x5791edb4, L:/127.0.0.1:58332 - R:localhost/127.0.0.1:47818]
01:32:30.449 [Forwarding findElement on session 2babdd9b38695ca49c7f189519b7a574 to remote] DEBUG org.asynchttpclient.netty.request.NettyRequestSender - Using pooled Channel '[id: 0x5791edb4, L:/127.0.0.1:58332 - R:localhost/127.0.0.1:47818]' for 'POST' to 'http://localhost:47818/session/2babdd9b38695ca49c7f189519b7a574/element'
01:32:30.449 [Forwarding findElement on session 2babdd9b38695ca49c7f189519b7a574 to remote] DEBUG org.asynchttpclient.netty.request.NettyRequestSender - Using open Channel [id: 0x5791edb4, L:/127.0.0.1:58332 - R:localhost/127.0.0.1:47818] for POST '/session/2babdd9b38695ca49c7f189519b7a574/element'
01:32:30.464 [AsyncHttpClient-1-10] DEBUG org.asynchttpclient.netty.handler.HttpHandler - 

Request DefaultHttpRequest(decodeResult: success, version: HTTP/1.1)
POST /session/2babdd9b38695ca49c7f189519b7a574/element HTTP/1.1
User-Agent: selenium/4.8.1 (java windows)
Content-Length: 75
Content-Type: application/json; charset=utf-8
host: localhost:47818
accept: */*

Response DefaultHttpResponse(decodeResult: success, version: HTTP/1.1)
HTTP/1.1 200 OK
Content-Length: 88
Content-Type: application/json; charset=utf-8
cache-control: no-cache

01:32:30.464 [AsyncHttpClient-1-10] DEBUG org.asynchttpclient.netty.channel.ChannelManager - Adding key: http://localhost:47818 for channel [id: 0x5791edb4, L:/127.0.0.1:58332 - R:localhost/127.0.0.1:47818]
01:32:30.467 [Forwarding isElementDisplayed on session 2babdd9b38695ca49c7f189519b7a574 to remote] DEBUG org.asynchttpclient.netty.request.NettyRequestSender - Using pooled Channel '[id: 0x5791edb4, L:/127.0.0.1:58332 - R:localhost/127.0.0.1:47818]' for 'POST' to 'http://localhost:47818/session/2babdd9b38695ca49c7f189519b7a574/execute/sync'
01:32:30.467 [Forwarding isElementDisplayed on session 2babdd9b38695ca49c7f189519b7a574 to remote] DEBUG org.asynchttpclient.netty.request.NettyRequestSender - Using open Channel [id: 0x5791edb4, L:/127.0.0.1:58332 - R:localhost/127.0.0.1:47818] for POST '/session/2babdd9b38695ca49c7f189519b7a574/execute/sync'
01:32:30.477 [AsyncHttpClient-1-10] DEBUG org.asynchttpclient.netty.handler.HttpHandler - 

Request DefaultHttpRequest(decodeResult: success, version: HTTP/1.1)
POST /session/2babdd9b38695ca49c7f189519b7a574/execute/sync HTTP/1.1
User-Agent: selenium/4.8.1 (java windows)
Content-Length: 48807
Content-Type: application/json; charset=utf-8
host: localhost:47818
accept: */*

Response DefaultHttpResponse(decodeResult: success, version: HTTP/1.1)
HTTP/1.1 200 OK
Content-Length: 14
Content-Type: application/json; charset=utf-8
cache-control: no-cache

01:32:30.477 [AsyncHttpClient-1-10] DEBUG org.asynchttpclient.netty.channel.ChannelManager - Adding key: http://localhost:47818 for channel [id: 0x5791edb4, L:/127.0.0.1:58332 - R:localhost/127.0.0.1:47818]
  &amp#27;[32mThen &amp#27;[0m&amp#27;[32mI success to add purchase product in the cart&amp#27;[0m                                &amp#27;[90m# starter.stepdefinitions.LoginSteps.successAddPurchaseProduct()&amp#27;[0m
01:32:30.483 [Forwarding getAlertText on session 2babdd9b38695ca49c7f189519b7a574 to remote] DEBUG org.asynchttpclient.netty.request.NettyRequestSender - Using pooled Channel '[id: 0x5791edb4, L:/127.0.0.1:58332 - R:localhost/127.0.0.1:47818]' for 'GET' to 'http://localhost:47818/session/2babdd9b38695ca49c7f189519b7a574/alert/text'
01:32:30.483 [Forwarding getAlertText on session 2babdd9b38695ca49c7f189519b7a574 to remote] DEBUG org.asynchttpclient.netty.request.NettyRequestSender - Using open Channel [id: 0x5791edb4, L:/127.0.0.1:58332 - R:localhost/127.0.0.1:47818] for GET '/session/2babdd9b38695ca49c7f189519b7a574/alert/text'
01:32:30.485 [AsyncHttpClient-1-10] DEBUG org.asynchttpclient.netty.handler.HttpHandler - 

Request DefaultFullHttpRequest(decodeResult: success, version: HTTP/1.1, content: EmptyByteBufBE)
GET /session/2babdd9b38695ca49c7f189519b7a574/alert/text HTTP/1.1
User-Agent: selenium/4.8.1 (java windows)
Cache-Control: no-cache
Content-Type: application/json; charset=utf-8
host: localhost:47818
accept: */*

Response DefaultHttpResponse(decodeResult: success, version: HTTP/1.1)
HTTP/1.1 404 Not Found
Content-Length: 816
Content-Type: application/json; charset=utf-8
cache-control: no-cache

01:32:30.485 [AsyncHttpClient-1-10] DEBUG org.asynchttpclient.netty.channel.ChannelManager - Adding key: http://localhost:47818 for channel [id: 0x5791edb4, L:/127.0.0.1:58332 - R:localhost/127.0.0.1:47818]
01:32:30.486 [Forwarding getCurrentUrl on session 2babdd9b38695ca49c7f189519b7a574 to remote] DEBUG org.asynchttpclient.netty.request.NettyRequestSender - Using pooled Channel '[id: 0x5791edb4, L:/127.0.0.1:58332 - R:localhost/127.0.0.1:47818]' for 'GET' to 'http://localhost:47818/session/2babdd9b38695ca49c7f189519b7a574/url'
01:32:30.486 [Forwarding getCurrentUrl on session 2babdd9b38695ca49c7f189519b7a574 to remote] DEBUG org.asynchttpclient.netty.request.NettyRequestSender - Using open Channel [id: 0x5791edb4, L:/127.0.0.1:58332 - R:localhost/127.0.0.1:47818] for GET '/session/2babdd9b38695ca49c7f189519b7a574/url'
01:32:30.497 [AsyncHttpClient-1-10] DEBUG org.asynchttpclient.netty.handler.HttpHandler - 

Request DefaultFullHttpRequest(decodeResult: success, version: HTTP/1.1, content: EmptyByteBufBE)
GET /session/2babdd9b38695ca49c7f189519b7a574/url HTTP/1.1
User-Agent: selenium/4.8.1 (java windows)
Cache-Control: no-cache
Content-Type: application/json; charset=utf-8
host: localhost:47818
accept: */*

Response DefaultHttpResponse(decodeResult: success, version: HTTP/1.1)
HTTP/1.1 200 OK
Content-Length: 41
Content-Type: application/json; charset=utf-8
cache-control: no-cache

01:32:30.497 [AsyncHttpClient-1-10] DEBUG org.asynchttpclient.netty.channel.ChannelManager - Adding key: http://localhost:47818 for channel [id: 0x5791edb4, L:/127.0.0.1:58332 - R:localhost/127.0.0.1:47818]
01:32:30.498 [Forwarding screenshot on session 2babdd9b38695ca49c7f189519b7a574 to remote] DEBUG org.asynchttpclient.netty.request.NettyRequestSender - Using pooled Channel '[id: 0x5791edb4, L:/127.0.0.1:58332 - R:localhost/127.0.0.1:47818]' for 'GET' to 'http://localhost:47818/session/2babdd9b38695ca49c7f189519b7a574/screenshot'
01:32:30.498 [Forwarding screenshot on session 2babdd9b38695ca49c7f189519b7a574 to remote] DEBUG org.asynchttpclient.netty.request.NettyRequestSender - Using open Channel [id: 0x5791edb4, L:/127.0.0.1:58332 - R:localhost/127.0.0.1:47818] for GET '/session/2babdd9b38695ca49c7f189519b7a574/screenshot'
01:32:30.689 [AsyncHttpClient-1-10] DEBUG org.asynchttpclient.netty.handler.HttpHandler - 

Request DefaultFullHttpRequest(decodeResult: success, version: HTTP/1.1, content: EmptyByteBufBE)
GET /session/2babdd9b38695ca49c7f189519b7a574/screenshot HTTP/1.1
User-Agent: selenium/4.8.1 (java windows)
Cache-Control: no-cache
Content-Type: application/json; charset=utf-8
host: localhost:47818
accept: */*

Response DefaultHttpResponse(decodeResult: success, version: HTTP/1.1)
HTTP/1.1 200 OK
Content-Length: 88712
Content-Type: application/json; charset=utf-8
cache-control: no-cache

01:32:30.690 [AsyncHttpClient-1-10] DEBUG org.asynchttpclient.netty.channel.ChannelManager - Adding key: http://localhost:47818 for channel [id: 0x5791edb4, L:/127.0.0.1:58332 - R:localhost/127.0.0.1:47818]
01:32:30.694 [main] DEBUG net.serenitybdd.core.photography.Darkroom - Send negative for processing for target\site\serenity\d3afa71decae462523371a3a42d94a28ac11b55ebc58f926a7ddc59e1c445506.png
01:32:30.695 [Darkroom Processing Line] DEBUG net.serenitybdd.core.photography.DarkroomProcessingLine - Processing screenshot image in /var/screenshots/screenshot-2092903795029051652
01:32:30.695 [Darkroom Processing Line] DEBUG net.serenitybdd.core.photography.DarkroomProcessingLine - Saving screenshot to target\site\serenity\d3afa71decae462523371a3a42d94a28ac11b55ebc58f926a7ddc59e1c445506.png
01:32:30.699 [Forwarding getPageSource on session 2babdd9b38695ca49c7f189519b7a574 to remote] DEBUG org.asynchttpclient.netty.request.NettyRequestSender - Using pooled Channel '[id: 0x5791edb4, L:/127.0.0.1:58332 - R:localhost/127.0.0.1:47818]' for 'POST' to 'http://localhost:47818/session/2babdd9b38695ca49c7f189519b7a574/execute/sync'
01:32:30.699 [Forwarding getPageSource on session 2babdd9b38695ca49c7f189519b7a574 to remote] DEBUG org.asynchttpclient.netty.request.NettyRequestSender - Using open Channel [id: 0x5791edb4, L:/127.0.0.1:58332 - R:localhost/127.0.0.1:47818] for POST '/session/2babdd9b38695ca49c7f189519b7a574/execute/sync'
01:32:30.736 [AsyncHttpClient-1-10] DEBUG org.asynchttpclient.netty.handler.HttpHandler - 

Request DefaultHttpRequest(decodeResult: success, version: HTTP/1.1)
POST /session/2babdd9b38695ca49c7f189519b7a574/execute/sync HTTP/1.1
User-Agent: selenium/4.8.1 (java windows)
Content-Length: 176
Content-Type: application/json; charset=utf-8
host: localhost:47818
accept: */*

Response DefaultHttpResponse(decodeResult: success, version: HTTP/1.1)
HTTP/1.1 200 OK
Content-Length: 518077
Content-Type: application/json; charset=utf-8
cache-control: no-cache

01:32:30.737 [AsyncHttpClient-1-10] DEBUG org.asynchttpclient.netty.channel.ChannelManager - Adding key: http://localhost:47818 for channel [id: 0x5791edb4, L:/127.0.0.1:58332 - R:localhost/127.0.0.1:47818]
01:32:30.795 [Forwarding getCurrentUrl on session 2babdd9b38695ca49c7f189519b7a574 to remote] DEBUG org.asynchttpclient.netty.request.NettyRequestSender - Using pooled Channel '[id: 0x5791edb4, L:/127.0.0.1:58332 - R:localhost/127.0.0.1:47818]' for 'GET' to 'http://localhost:47818/session/2babdd9b38695ca49c7f189519b7a574/url'
01:32:30.796 [Forwarding getCurrentUrl on session 2babdd9b38695ca49c7f189519b7a574 to remote] DEBUG org.asynchttpclient.netty.request.NettyRequestSender - Using open Channel [id: 0x5791edb4, L:/127.0.0.1:58332 - R:localhost/127.0.0.1:47818] for GET '/session/2babdd9b38695ca49c7f189519b7a574/url'
01:32:30.800 [AsyncHttpClient-1-10] DEBUG org.asynchttpclient.netty.handler.HttpHandler - 

Request DefaultFullHttpRequest(decodeResult: success, version: HTTP/1.1, content: EmptyByteBufBE)
GET /session/2babdd9b38695ca49c7f189519b7a574/url HTTP/1.1
User-Agent: selenium/4.8.1 (java windows)
Cache-Control: no-cache
Content-Type: application/json; charset=utf-8
host: localhost:47818
accept: */*

Response DefaultHttpResponse(decodeResult: success, version: HTTP/1.1)
HTTP/1.1 200 OK
Content-Length: 41
Content-Type: application/json; charset=utf-8
cache-control: no-cache

01:32:30.800 [AsyncHttpClient-1-10] DEBUG org.asynchttpclient.netty.channel.ChannelManager - Adding key: http://localhost:47818 for channel [id: 0x5791edb4, L:/127.0.0.1:58332 - R:localhost/127.0.0.1:47818]
01:32:30.812 [Forwarding getAlertText on session 2babdd9b38695ca49c7f189519b7a574 to remote] DEBUG org.asynchttpclient.netty.request.NettyRequestSender - Using pooled Channel '[id: 0x5791edb4, L:/127.0.0.1:58332 - R:localhost/127.0.0.1:47818]' for 'GET' to 'http://localhost:47818/session/2babdd9b38695ca49c7f189519b7a574/alert/text'
01:32:30.812 [Forwarding getAlertText on session 2babdd9b38695ca49c7f189519b7a574 to remote] DEBUG org.asynchttpclient.netty.request.NettyRequestSender - Using open Channel [id: 0x5791edb4, L:/127.0.0.1:58332 - R:localhost/127.0.0.1:47818] for GET '/session/2babdd9b38695ca49c7f189519b7a574/alert/text'
01:32:30.814 [AsyncHttpClient-1-10] DEBUG org.asynchttpclient.netty.handler.HttpHandler - 

Request DefaultFullHttpRequest(decodeResult: success, version: HTTP/1.1, content: EmptyByteBufBE)
GET /session/2babdd9b38695ca49c7f189519b7a574/alert/text HTTP/1.1
User-Agent: selenium/4.8.1 (java windows)
Cache-Control: no-cache
Content-Type: application/json; charset=utf-8
host: localhost:47818
accept: */*

Response DefaultHttpResponse(decodeResult: success, version: HTTP/1.1)
HTTP/1.1 404 Not Found
Content-Length: 816
Content-Type: application/json; charset=utf-8
cache-control: no-cache

01:32:30.814 [AsyncHttpClient-1-10] DEBUG org.asynchttpclient.netty.channel.ChannelManager - Adding key: http://localhost:47818 for channel [id: 0x5791edb4, L:/127.0.0.1:58332 - R:localhost/127.0.0.1:47818]
01:32:30.815 [Forwarding getCurrentUrl on session 2babdd9b38695ca49c7f189519b7a574 to remote] DEBUG org.asynchttpclient.netty.request.NettyRequestSender - Using pooled Channel '[id: 0x5791edb4, L:/127.0.0.1:58332 - R:localhost/127.0.0.1:47818]' for 'GET' to 'http://localhost:47818/session/2babdd9b38695ca49c7f189519b7a574/url'
01:32:30.815 [Forwarding getCurrentUrl on session 2babdd9b38695ca49c7f189519b7a574 to remote] DEBUG org.asynchttpclient.netty.request.NettyRequestSender - Using open Channel [id: 0x5791edb4, L:/127.0.0.1:58332 - R:localhost/127.0.0.1:47818] for GET '/session/2babdd9b38695ca49c7f189519b7a574/url'
01:32:30.819 [AsyncHttpClient-1-10] DEBUG org.asynchttpclient.netty.handler.HttpHandler - 

Request DefaultFullHttpRequest(decodeResult: success, version: HTTP/1.1, content: EmptyByteBufBE)
GET /session/2babdd9b38695ca49c7f189519b7a574/url HTTP/1.1
User-Agent: selenium/4.8.1 (java windows)
Cache-Control: no-cache
Content-Type: application/json; charset=utf-8
host: localhost:47818
accept: */*

Response DefaultHttpResponse(decodeResult: success, version: HTTP/1.1)
HTTP/1.1 200 OK
Content-Length: 41
Content-Type: application/json; charset=utf-8
cache-control: no-cache

01:32:30.819 [AsyncHttpClient-1-10] DEBUG org.asynchttpclient.netty.channel.ChannelManager - Adding key: http://localhost:47818 for channel [id: 0x5791edb4, L:/127.0.0.1:58332 - R:localhost/127.0.0.1:47818]
01:32:30.820 [Forwarding screenshot on session 2babdd9b38695ca49c7f189519b7a574 to remote] DEBUG org.asynchttpclient.netty.request.NettyRequestSender - Using pooled Channel '[id: 0x5791edb4, L:/127.0.0.1:58332 - R:localhost/127.0.0.1:47818]' for 'GET' to 'http://localhost:47818/session/2babdd9b38695ca49c7f189519b7a574/screenshot'
01:32:30.820 [Forwarding screenshot on session 2babdd9b38695ca49c7f189519b7a574 to remote] DEBUG org.asynchttpclient.netty.request.NettyRequestSender - Using open Channel [id: 0x5791edb4, L:/127.0.0.1:58332 - R:localhost/127.0.0.1:47818] for GET '/session/2babdd9b38695ca49c7f189519b7a574/screenshot'
01:32:30.892 [AsyncHttpClient-1-1] DEBUG org.asynchttpclient.netty.channel.DefaultChannelPool - Entry count for : http://localhost:58333 : 1
01:32:30.971 [AsyncHttpClient-1-10] DEBUG org.asynchttpclient.netty.handler.HttpHandler - 

Request DefaultFullHttpRequest(decodeResult: success, version: HTTP/1.1, content: EmptyByteBufBE)
GET /session/2babdd9b38695ca49c7f189519b7a574/screenshot HTTP/1.1
User-Agent: selenium/4.8.1 (java windows)
Cache-Control: no-cache
Content-Type: application/json; charset=utf-8
host: localhost:47818
accept: */*

Response DefaultHttpResponse(decodeResult: success, version: HTTP/1.1)
HTTP/1.1 200 OK
Content-Length: 88712
Content-Type: application/json; charset=utf-8
cache-control: no-cache

01:32:30.972 [AsyncHttpClient-1-10] DEBUG org.asynchttpclient.netty.channel.ChannelManager - Adding key: http://localhost:47818 for channel [id: 0x5791edb4, L:/127.0.0.1:58332 - R:localhost/127.0.0.1:47818]
01:32:30.977 [main] DEBUG net.serenitybdd.core.photography.Darkroom - Send negative for processing for target\site\serenity\7235ec5c7de0c68ad449020b193b88f13042508d83dabe5821a53aa0b311adfa.png
01:32:30.979 [Forwarding getPageSource on session 2babdd9b38695ca49c7f189519b7a574 to remote] DEBUG org.asynchttpclient.netty.request.NettyRequestSender - Using pooled Channel '[id: 0x5791edb4, L:/127.0.0.1:58332 - R:localhost/127.0.0.1:47818]' for 'POST' to 'http://localhost:47818/session/2babdd9b38695ca49c7f189519b7a574/execute/sync'
01:32:30.979 [Forwarding getPageSource on session 2babdd9b38695ca49c7f189519b7a574 to remote] DEBUG org.asynchttpclient.netty.request.NettyRequestSender - Using open Channel [id: 0x5791edb4, L:/127.0.0.1:58332 - R:localhost/127.0.0.1:47818] for POST '/session/2babdd9b38695ca49c7f189519b7a574/execute/sync'
01:32:31.022 [AsyncHttpClient-1-10] DEBUG org.asynchttpclient.netty.handler.HttpHandler - 

Request DefaultHttpRequest(decodeResult: success, version: HTTP/1.1)
POST /session/2babdd9b38695ca49c7f189519b7a574/execute/sync HTTP/1.1
User-Agent: selenium/4.8.1 (java windows)
Content-Length: 176
Content-Type: application/json; charset=utf-8
host: localhost:47818
accept: */*

Response DefaultHttpResponse(decodeResult: success, version: HTTP/1.1)
HTTP/1.1 200 OK
Content-Length: 518077
Content-Type: application/json; charset=utf-8
cache-control: no-cache

01:32:31.023 [AsyncHttpClient-1-10] DEBUG org.asynchttpclient.netty.channel.ChannelManager - Adding key: http://localhost:47818 for channel [id: 0x5791edb4, L:/127.0.0.1:58332 - R:localhost/127.0.0.1:47818]
01:32:31.102 [Forwarding getCurrentUrl on session 2babdd9b38695ca49c7f189519b7a574 to remote] DEBUG org.asynchttpclient.netty.request.NettyRequestSender - Using pooled Channel '[id: 0x5791edb4, L:/127.0.0.1:58332 - R:localhost/127.0.0.1:47818]' for 'GET' to 'http://localhost:47818/session/2babdd9b38695ca49c7f189519b7a574/url'
01:32:31.102 [Forwarding getCurrentUrl on session 2babdd9b38695ca49c7f189519b7a574 to remote] DEBUG org.asynchttpclient.netty.request.NettyRequestSender - Using open Channel [id: 0x5791edb4, L:/127.0.0.1:58332 - R:localhost/127.0.0.1:47818] for GET '/session/2babdd9b38695ca49c7f189519b7a574/url'
01:32:31.105 [AsyncHttpClient-1-10] DEBUG org.asynchttpclient.netty.handler.HttpHandler - 

Request DefaultFullHttpRequest(decodeResult: success, version: HTTP/1.1, content: EmptyByteBufBE)
GET /session/2babdd9b38695ca49c7f189519b7a574/url HTTP/1.1
User-Agent: selenium/4.8.1 (java windows)
Cache-Control: no-cache
Content-Type: application/json; charset=utf-8
host: localhost:47818
accept: */*

Response DefaultHttpResponse(decodeResult: success, version: HTTP/1.1)
HTTP/1.1 200 OK
Content-Length: 41
Content-Type: application/json; charset=utf-8
cache-control: no-cache

01:32:31.106 [AsyncHttpClient-1-10] DEBUG org.asynchttpclient.netty.channel.ChannelManager - Adding key: http://localhost:47818 for channel [id: 0x5791edb4, L:/127.0.0.1:58332 - R:localhost/127.0.0.1:47818]
01:32:31.115 [main] DEBUG net.thucydides.core.steps.StepInterceptor - STARTING STEP: LoginSteps.clickCartIcon - clickCartIcon
01:32:31.118 [Forwarding findElement on session 2babdd9b38695ca49c7f189519b7a574 to remote] DEBUG org.asynchttpclient.netty.request.NettyRequestSender - Using pooled Channel '[id: 0x5791edb4, L:/127.0.0.1:58332 - R:localhost/127.0.0.1:47818]' for 'POST' to 'http://localhost:47818/session/2babdd9b38695ca49c7f189519b7a574/element'
01:32:31.118 [Forwarding findElement on session 2babdd9b38695ca49c7f189519b7a574 to remote] DEBUG org.asynchttpclient.netty.request.NettyRequestSender - Using open Channel [id: 0x5791edb4, L:/127.0.0.1:58332 - R:localhost/127.0.0.1:47818] for POST '/session/2babdd9b38695ca49c7f189519b7a574/element'
01:32:31.133 [AsyncHttpClient-1-10] DEBUG org.asynchttpclient.netty.handler.HttpHandler - 

Request DefaultHttpRequest(decodeResult: success, version: HTTP/1.1)
POST /session/2babdd9b38695ca49c7f189519b7a574/element HTTP/1.1
User-Agent: selenium/4.8.1 (java windows)
Content-Length: 138
Content-Type: application/json; charset=utf-8
host: localhost:47818
accept: */*

Response DefaultHttpResponse(decodeResult: success, version: HTTP/1.1)
HTTP/1.1 200 OK
Content-Length: 88
Content-Type: application/json; charset=utf-8
cache-control: no-cache

01:32:31.133 [AsyncHttpClient-1-10] DEBUG org.asynchttpclient.netty.channel.ChannelManager - Adding key: http://localhost:47818 for channel [id: 0x5791edb4, L:/127.0.0.1:58332 - R:localhost/127.0.0.1:47818]
01:32:31.135 [Forwarding getElementTagName on session 2babdd9b38695ca49c7f189519b7a574 to remote] DEBUG org.asynchttpclient.netty.request.NettyRequestSender - Using pooled Channel '[id: 0x5791edb4, L:/127.0.0.1:58332 - R:localhost/127.0.0.1:47818]' for 'GET' to 'http://localhost:47818/session/2babdd9b38695ca49c7f189519b7a574/element/dd0a533c-ba7d-48f1-bd56-49d79b278b4c/name'
01:32:31.135 [Forwarding getElementTagName on session 2babdd9b38695ca49c7f189519b7a574 to remote] DEBUG org.asynchttpclient.netty.request.NettyRequestSender - Using open Channel [id: 0x5791edb4, L:/127.0.0.1:58332 - R:localhost/127.0.0.1:47818] for GET '/session/2babdd9b38695ca49c7f189519b7a574/element/dd0a533c-ba7d-48f1-bd56-49d79b278b4c/name'
01:32:31.141 [AsyncHttpClient-1-10] DEBUG org.asynchttpclient.netty.handler.HttpHandler - 

Request DefaultFullHttpRequest(decodeResult: success, version: HTTP/1.1, content: EmptyByteBufBE)
GET /session/2babdd9b38695ca49c7f189519b7a574/element/dd0a533c-ba7d-48f1-bd56-49d79b278b4c/name HTTP/1.1
User-Agent: selenium/4.8.1 (java windows)
Cache-Control: no-cache
Content-Type: application/json; charset=utf-8
host: localhost:47818
accept: */*

Response DefaultHttpResponse(decodeResult: success, version: HTTP/1.1)
HTTP/1.1 200 OK
Content-Length: 13
Content-Type: application/json; charset=utf-8
cache-control: no-cache

01:32:31.141 [AsyncHttpClient-1-10] DEBUG org.asynchttpclient.netty.channel.ChannelManager - Adding key: http://localhost:47818 for channel [id: 0x5791edb4, L:/127.0.0.1:58332 - R:localhost/127.0.0.1:47818]
01:32:31.143 [Forwarding getElementTagName on session 2babdd9b38695ca49c7f189519b7a574 to remote] DEBUG org.asynchttpclient.netty.request.NettyRequestSender - Using pooled Channel '[id: 0x5791edb4, L:/127.0.0.1:58332 - R:localhost/127.0.0.1:47818]' for 'GET' to 'http://localhost:47818/session/2babdd9b38695ca49c7f189519b7a574/element/dd0a533c-ba7d-48f1-bd56-49d79b278b4c/name'
01:32:31.143 [Forwarding getElementTagName on session 2babdd9b38695ca49c7f189519b7a574 to remote] DEBUG org.asynchttpclient.netty.request.NettyRequestSender - Using open Channel [id: 0x5791edb4, L:/127.0.0.1:58332 - R:localhost/127.0.0.1:47818] for GET '/session/2babdd9b38695ca49c7f189519b7a574/element/dd0a533c-ba7d-48f1-bd56-49d79b278b4c/name'
01:32:31.146 [AsyncHttpClient-1-10] DEBUG org.asynchttpclient.netty.handler.HttpHandler - 

Request DefaultFullHttpRequest(decodeResult: success, version: HTTP/1.1, content: EmptyByteBufBE)
GET /session/2babdd9b38695ca49c7f189519b7a574/element/dd0a533c-ba7d-48f1-bd56-49d79b278b4c/name HTTP/1.1
User-Agent: selenium/4.8.1 (java windows)
Cache-Control: no-cache
Content-Type: application/json; charset=utf-8
host: localhost:47818
accept: */*

Response DefaultHttpResponse(decodeResult: success, version: HTTP/1.1)
HTTP/1.1 200 OK
Content-Length: 13
Content-Type: application/json; charset=utf-8
cache-control: no-cache

01:32:31.147 [AsyncHttpClient-1-10] DEBUG org.asynchttpclient.netty.channel.ChannelManager - Adding key: http://localhost:47818 for channel [id: 0x5791edb4, L:/127.0.0.1:58332 - R:localhost/127.0.0.1:47818]
01:32:31.148 [Forwarding findElement on session 2babdd9b38695ca49c7f189519b7a574 to remote] DEBUG org.asynchttpclient.netty.request.NettyRequestSender - Using pooled Channel '[id: 0x5791edb4, L:/127.0.0.1:58332 - R:localhost/127.0.0.1:47818]' for 'POST' to 'http://localhost:47818/session/2babdd9b38695ca49c7f189519b7a574/element'
01:32:31.148 [Forwarding findElement on session 2babdd9b38695ca49c7f189519b7a574 to remote] DEBUG org.asynchttpclient.netty.request.NettyRequestSender - Using open Channel [id: 0x5791edb4, L:/127.0.0.1:58332 - R:localhost/127.0.0.1:47818] for POST '/session/2babdd9b38695ca49c7f189519b7a574/element'
01:32:31.156 [AsyncHttpClient-1-10] DEBUG org.asynchttpclient.netty.handler.HttpHandler - 

Request DefaultHttpRequest(decodeResult: success, version: HTTP/1.1)
POST /session/2babdd9b38695ca49c7f189519b7a574/element HTTP/1.1
User-Agent: selenium/4.8.1 (java windows)
Content-Length: 138
Content-Type: application/json; charset=utf-8
host: localhost:47818
accept: */*

Response DefaultHttpResponse(decodeResult: success, version: HTTP/1.1)
HTTP/1.1 200 OK
Content-Length: 88
Content-Type: application/json; charset=utf-8
cache-control: no-cache

01:32:31.156 [AsyncHttpClient-1-10] DEBUG org.asynchttpclient.netty.channel.ChannelManager - Adding key: http://localhost:47818 for channel [id: 0x5791edb4, L:/127.0.0.1:58332 - R:localhost/127.0.0.1:47818]
01:32:31.157 [Forwarding clickElement on session 2babdd9b38695ca49c7f189519b7a574 to remote] DEBUG org.asynchttpclient.netty.request.NettyRequestSender - Using pooled Channel '[id: 0x5791edb4, L:/127.0.0.1:58332 - R:localhost/127.0.0.1:47818]' for 'POST' to 'http://localhost:47818/session/2babdd9b38695ca49c7f189519b7a574/element/dd0a533c-ba7d-48f1-bd56-49d79b278b4c/click'
01:32:31.157 [Forwarding clickElement on session 2babdd9b38695ca49c7f189519b7a574 to remote] DEBUG org.asynchttpclient.netty.request.NettyRequestSender - Using open Channel [id: 0x5791edb4, L:/127.0.0.1:58332 - R:localhost/127.0.0.1:47818] for POST '/session/2babdd9b38695ca49c7f189519b7a574/element/dd0a533c-ba7d-48f1-bd56-49d79b278b4c/click'
01:32:31.221 [AsyncHttpClient-1-10] DEBUG org.asynchttpclient.netty.handler.HttpHandler - 

Request DefaultHttpRequest(decodeResult: success, version: HTTP/1.1)
POST /session/2babdd9b38695ca49c7f189519b7a574/element/dd0a533c-ba7d-48f1-bd56-49d79b278b4c/click HTTP/1.1
User-Agent: selenium/4.8.1 (java windows)
Content-Length: 50
Content-Type: application/json; charset=utf-8
host: localhost:47818
accept: */*

Response DefaultHttpResponse(decodeResult: success, version: HTTP/1.1)
HTTP/1.1 200 OK
Content-Length: 14
Content-Type: application/json; charset=utf-8
cache-control: no-cache

01:32:31.221 [AsyncHttpClient-1-10] DEBUG org.asynchttpclient.netty.channel.ChannelManager - Adding key: http://localhost:47818 for channel [id: 0x5791edb4, L:/127.0.0.1:58332 - R:localhost/127.0.0.1:47818]
01:32:31.229 [Forwarding getAlertText on session 2babdd9b38695ca49c7f189519b7a574 to remote] DEBUG org.asynchttpclient.netty.request.NettyRequestSender - Using pooled Channel '[id: 0x5791edb4, L:/127.0.0.1:58332 - R:localhost/127.0.0.1:47818]' for 'GET' to 'http://localhost:47818/session/2babdd9b38695ca49c7f189519b7a574/alert/text'
01:32:31.229 [Forwarding getAlertText on session 2babdd9b38695ca49c7f189519b7a574 to remote] DEBUG org.asynchttpclient.netty.request.NettyRequestSender - Using open Channel [id: 0x5791edb4, L:/127.0.0.1:58332 - R:localhost/127.0.0.1:47818] for GET '/session/2babdd9b38695ca49c7f189519b7a574/alert/text'
01:32:31.382 [AsyncHttpClient-1-10] DEBUG org.asynchttpclient.netty.handler.HttpHandler - 

Request DefaultFullHttpRequest(decodeResult: success, version: HTTP/1.1, content: EmptyByteBufBE)
GET /session/2babdd9b38695ca49c7f189519b7a574/alert/text HTTP/1.1
User-Agent: selenium/4.8.1 (java windows)
Cache-Control: no-cache
Content-Type: application/json; charset=utf-8
host: localhost:47818
accept: */*

Response DefaultHttpResponse(decodeResult: success, version: HTTP/1.1)
HTTP/1.1 404 Not Found
Content-Length: 816
Content-Type: application/json; charset=utf-8
cache-control: no-cache

01:32:31.382 [AsyncHttpClient-1-10] DEBUG org.asynchttpclient.netty.channel.ChannelManager - Adding key: http://localhost:47818 for channel [id: 0x5791edb4, L:/127.0.0.1:58332 - R:localhost/127.0.0.1:47818]
01:32:31.383 [Forwarding getCurrentUrl on session 2babdd9b38695ca49c7f189519b7a574 to remote] DEBUG org.asynchttpclient.netty.request.NettyRequestSender - Using pooled Channel '[id: 0x5791edb4, L:/127.0.0.1:58332 - R:localhost/127.0.0.1:47818]' for 'GET' to 'http://localhost:47818/session/2babdd9b38695ca49c7f189519b7a574/url'
01:32:31.383 [Forwarding getCurrentUrl on session 2babdd9b38695ca49c7f189519b7a574 to remote] DEBUG org.asynchttpclient.netty.request.NettyRequestSender - Using open Channel [id: 0x5791edb4, L:/127.0.0.1:58332 - R:localhost/127.0.0.1:47818] for GET '/session/2babdd9b38695ca49c7f189519b7a574/url'
01:32:31.389 [AsyncHttpClient-1-10] DEBUG org.asynchttpclient.netty.handler.HttpHandler - 

Request DefaultFullHttpRequest(decodeResult: success, version: HTTP/1.1, content: EmptyByteBufBE)
GET /session/2babdd9b38695ca49c7f189519b7a574/url HTTP/1.1
User-Agent: selenium/4.8.1 (java windows)
Cache-Control: no-cache
Content-Type: application/json; charset=utf-8
host: localhost:47818
accept: */*

Response DefaultHttpResponse(decodeResult: success, version: HTTP/1.1)
HTTP/1.1 200 OK
Content-Length: 46
Content-Type: application/json; charset=utf-8
cache-control: no-cache

01:32:31.389 [AsyncHttpClient-1-10] DEBUG org.asynchttpclient.netty.channel.ChannelManager - Adding key: http://localhost:47818 for channel [id: 0x5791edb4, L:/127.0.0.1:58332 - R:localhost/127.0.0.1:47818]
01:32:31.390 [Forwarding screenshot on session 2babdd9b38695ca49c7f189519b7a574 to remote] DEBUG org.asynchttpclient.netty.request.NettyRequestSender - Using pooled Channel '[id: 0x5791edb4, L:/127.0.0.1:58332 - R:localhost/127.0.0.1:47818]' for 'GET' to 'http://localhost:47818/session/2babdd9b38695ca49c7f189519b7a574/screenshot'
01:32:31.390 [Forwarding screenshot on session 2babdd9b38695ca49c7f189519b7a574 to remote] DEBUG org.asynchttpclient.netty.request.NettyRequestSender - Using open Channel [id: 0x5791edb4, L:/127.0.0.1:58332 - R:localhost/127.0.0.1:47818] for GET '/session/2babdd9b38695ca49c7f189519b7a574/screenshot'
01:32:31.591 [AsyncHttpClient-1-10] DEBUG org.asynchttpclient.netty.handler.HttpHandler - 

Request DefaultFullHttpRequest(decodeResult: success, version: HTTP/1.1, content: EmptyByteBufBE)
GET /session/2babdd9b38695ca49c7f189519b7a574/screenshot HTTP/1.1
User-Agent: selenium/4.8.1 (java windows)
Cache-Control: no-cache
Content-Type: application/json; charset=utf-8
host: localhost:47818
accept: */*

Response DefaultHttpResponse(decodeResult: success, version: HTTP/1.1)
HTTP/1.1 200 OK
Content-Length: 46736
Content-Type: application/json; charset=utf-8
cache-control: no-cache

01:32:31.591 [AsyncHttpClient-1-10] DEBUG org.asynchttpclient.netty.channel.ChannelManager - Adding key: http://localhost:47818 for channel [id: 0x5791edb4, L:/127.0.0.1:58332 - R:localhost/127.0.0.1:47818]
01:32:31.594 [main] DEBUG net.serenitybdd.core.photography.Darkroom - Send negative for processing for target\site\serenity\4a8618edcb221936998a6b589ca2ca22167ebbf50aa7c3fee5449d44761e6564.png
01:32:31.595 [main] DEBUG net.thucydides.core.steps.StepInterceptor - STEP DONE: clickCartIcon
  &amp#27;[32mAnd &amp#27;[0m&amp#27;[32mI click cart icon&amp#27;[0m                                                             &amp#27;[90m# starter.stepdefinitions.LoginSteps.clickCartIcon()&amp#27;[0m
01:32:31.595 [Darkroom Processing Line] DEBUG net.serenitybdd.core.photography.DarkroomProcessingLine - Processing screenshot image in /var/screenshots/screenshot-4857841060916387342
01:32:31.595 [Darkroom Processing Line] DEBUG net.serenitybdd.core.photography.DarkroomProcessingLine - Saving screenshot to target\site\serenity\4a8618edcb221936998a6b589ca2ca22167ebbf50aa7c3fee5449d44761e6564.png
01:32:31.604 [Forwarding getPageSource on session 2babdd9b38695ca49c7f189519b7a574 to remote] DEBUG org.asynchttpclient.netty.request.NettyRequestSender - Using pooled Channel '[id: 0x5791edb4, L:/127.0.0.1:58332 - R:localhost/127.0.0.1:47818]' for 'POST' to 'http://localhost:47818/session/2babdd9b38695ca49c7f189519b7a574/execute/sync'
01:32:31.604 [Forwarding getPageSource on session 2babdd9b38695ca49c7f189519b7a574 to remote] DEBUG org.asynchttpclient.netty.request.NettyRequestSender - Using open Channel [id: 0x5791edb4, L:/127.0.0.1:58332 - R:localhost/127.0.0.1:47818] for POST '/session/2babdd9b38695ca49c7f189519b7a574/execute/sync'
01:32:31.611 [AsyncHttpClient-1-10] DEBUG org.asynchttpclient.netty.handler.HttpHandler - 

Request DefaultHttpRequest(decodeResult: success, version: HTTP/1.1)
POST /session/2babdd9b38695ca49c7f189519b7a574/execute/sync HTTP/1.1
User-Agent: selenium/4.8.1 (java windows)
Content-Length: 176
Content-Type: application/json; charset=utf-8
host: localhost:47818
accept: */*

Response DefaultHttpResponse(decodeResult: success, version: HTTP/1.1)
HTTP/1.1 200 OK
Content-Length: 22295
Content-Type: application/json; charset=utf-8
cache-control: no-cache

01:32:31.611 [AsyncHttpClient-1-10] DEBUG org.asynchttpclient.netty.channel.ChannelManager - Adding key: http://localhost:47818 for channel [id: 0x5791edb4, L:/127.0.0.1:58332 - R:localhost/127.0.0.1:47818]
01:32:31.614 [Forwarding getCurrentUrl on session 2babdd9b38695ca49c7f189519b7a574 to remote] DEBUG org.asynchttpclient.netty.request.NettyRequestSender - Using pooled Channel '[id: 0x5791edb4, L:/127.0.0.1:58332 - R:localhost/127.0.0.1:47818]' for 'GET' to 'http://localhost:47818/session/2babdd9b38695ca49c7f189519b7a574/url'
01:32:31.614 [Forwarding getCurrentUrl on session 2babdd9b38695ca49c7f189519b7a574 to remote] DEBUG org.asynchttpclient.netty.request.NettyRequestSender - Using open Channel [id: 0x5791edb4, L:/127.0.0.1:58332 - R:localhost/127.0.0.1:47818] for GET '/session/2babdd9b38695ca49c7f189519b7a574/url'
01:32:31.618 [AsyncHttpClient-1-10] DEBUG org.asynchttpclient.netty.handler.HttpHandler - 

Request DefaultFullHttpRequest(decodeResult: success, version: HTTP/1.1, content: EmptyByteBufBE)
GET /session/2babdd9b38695ca49c7f189519b7a574/url HTTP/1.1
User-Agent: selenium/4.8.1 (java windows)
Cache-Control: no-cache
Content-Type: application/json; charset=utf-8
host: localhost:47818
accept: */*

Response DefaultHttpResponse(decodeResult: success, version: HTTP/1.1)
HTTP/1.1 200 OK
Content-Length: 46
Content-Type: application/json; charset=utf-8
cache-control: no-cache

01:32:31.618 [AsyncHttpClient-1-10] DEBUG org.asynchttpclient.netty.channel.ChannelManager - Adding key: http://localhost:47818 for channel [id: 0x5791edb4, L:/127.0.0.1:58332 - R:localhost/127.0.0.1:47818]
01:32:31.623 [Forwarding findElement on session 2babdd9b38695ca49c7f189519b7a574 to remote] DEBUG org.asynchttpclient.netty.request.NettyRequestSender - Using pooled Channel '[id: 0x5791edb4, L:/127.0.0.1:58332 - R:localhost/127.0.0.1:47818]' for 'POST' to 'http://localhost:47818/session/2babdd9b38695ca49c7f189519b7a574/element'
01:32:31.623 [Forwarding findElement on session 2babdd9b38695ca49c7f189519b7a574 to remote] DEBUG org.asynchttpclient.netty.request.NettyRequestSender - Using open Channel [id: 0x5791edb4, L:/127.0.0.1:58332 - R:localhost/127.0.0.1:47818] for POST '/session/2babdd9b38695ca49c7f189519b7a574/element'
01:32:31.632 [AsyncHttpClient-1-10] DEBUG org.asynchttpclient.netty.handler.HttpHandler - 

Request DefaultHttpRequest(decodeResult: success, version: HTTP/1.1)
POST /session/2babdd9b38695ca49c7f189519b7a574/element HTTP/1.1
User-Agent: selenium/4.8.1 (java windows)
Content-Length: 75
Content-Type: application/json; charset=utf-8
host: localhost:47818
accept: */*

Response DefaultHttpResponse(decodeResult: success, version: HTTP/1.1)
HTTP/1.1 200 OK
Content-Length: 88
Content-Type: application/json; charset=utf-8
cache-control: no-cache

01:32:31.632 [AsyncHttpClient-1-10] DEBUG org.asynchttpclient.netty.channel.ChannelManager - Adding key: http://localhost:47818 for channel [id: 0x5791edb4, L:/127.0.0.1:58332 - R:localhost/127.0.0.1:47818]
01:32:31.635 [Forwarding isElementDisplayed on session 2babdd9b38695ca49c7f189519b7a574 to remote] DEBUG org.asynchttpclient.netty.request.NettyRequestSender - Using pooled Channel '[id: 0x5791edb4, L:/127.0.0.1:58332 - R:localhost/127.0.0.1:47818]' for 'POST' to 'http://localhost:47818/session/2babdd9b38695ca49c7f189519b7a574/execute/sync'
01:32:31.635 [Forwarding isElementDisplayed on session 2babdd9b38695ca49c7f189519b7a574 to remote] DEBUG org.asynchttpclient.netty.request.NettyRequestSender - Using open Channel [id: 0x5791edb4, L:/127.0.0.1:58332 - R:localhost/127.0.0.1:47818] for POST '/session/2babdd9b38695ca49c7f189519b7a574/execute/sync'
01:32:31.646 [AsyncHttpClient-1-10] DEBUG org.asynchttpclient.netty.handler.HttpHandler - 

Request DefaultHttpRequest(decodeResult: success, version: HTTP/1.1)
POST /session/2babdd9b38695ca49c7f189519b7a574/execute/sync HTTP/1.1
User-Agent: selenium/4.8.1 (java windows)
Content-Length: 48807
Content-Type: application/json; charset=utf-8
host: localhost:47818
accept: */*

Response DefaultHttpResponse(decodeResult: success, version: HTTP/1.1)
HTTP/1.1 200 OK
Content-Length: 14
Content-Type: application/json; charset=utf-8
cache-control: no-cache

01:32:31.646 [AsyncHttpClient-1-10] DEBUG org.asynchttpclient.netty.channel.ChannelManager - Adding key: http://localhost:47818 for channel [id: 0x5791edb4, L:/127.0.0.1:58332 - R:localhost/127.0.0.1:47818]
  &amp#27;[32mThen &amp#27;[0m&amp#27;[32mI see the purchase details of a product in cart&amp#27;[0m                              &amp#27;[90m# starter.stepdefinitions.LoginSteps.seePurchaseProduct()&amp#27;[0m
01:32:31.651 [Forwarding getAlertText on session 2babdd9b38695ca49c7f189519b7a574 to remote] DEBUG org.asynchttpclient.netty.request.NettyRequestSender - Using pooled Channel '[id: 0x5791edb4, L:/127.0.0.1:58332 - R:localhost/127.0.0.1:47818]' for 'GET' to 'http://localhost:47818/session/2babdd9b38695ca49c7f189519b7a574/alert/text'
01:32:31.651 [Forwarding getAlertText on session 2babdd9b38695ca49c7f189519b7a574 to remote] DEBUG org.asynchttpclient.netty.request.NettyRequestSender - Using open Channel [id: 0x5791edb4, L:/127.0.0.1:58332 - R:localhost/127.0.0.1:47818] for GET '/session/2babdd9b38695ca49c7f189519b7a574/alert/text'
01:32:31.653 [AsyncHttpClient-1-10] DEBUG org.asynchttpclient.netty.handler.HttpHandler - 

Request DefaultFullHttpRequest(decodeResult: success, version: HTTP/1.1, content: EmptyByteBufBE)
GET /session/2babdd9b38695ca49c7f189519b7a574/alert/text HTTP/1.1
User-Agent: selenium/4.8.1 (java windows)
Cache-Control: no-cache
Content-Type: application/json; charset=utf-8
host: localhost:47818
accept: */*

Response DefaultHttpResponse(decodeResult: success, version: HTTP/1.1)
HTTP/1.1 404 Not Found
Content-Length: 816
Content-Type: application/json; charset=utf-8
cache-control: no-cache

01:32:31.653 [AsyncHttpClient-1-10] DEBUG org.asynchttpclient.netty.channel.ChannelManager - Adding key: http://localhost:47818 for channel [id: 0x5791edb4, L:/127.0.0.1:58332 - R:localhost/127.0.0.1:47818]
01:32:31.654 [Forwarding getCurrentUrl on session 2babdd9b38695ca49c7f189519b7a574 to remote] DEBUG org.asynchttpclient.netty.request.NettyRequestSender - Using pooled Channel '[id: 0x5791edb4, L:/127.0.0.1:58332 - R:localhost/127.0.0.1:47818]' for 'GET' to 'http://localhost:47818/session/2babdd9b38695ca49c7f189519b7a574/url'
01:32:31.654 [Forwarding getCurrentUrl on session 2babdd9b38695ca49c7f189519b7a574 to remote] DEBUG org.asynchttpclient.netty.request.NettyRequestSender - Using open Channel [id: 0x5791edb4, L:/127.0.0.1:58332 - R:localhost/127.0.0.1:47818] for GET '/session/2babdd9b38695ca49c7f189519b7a574/url'
01:32:31.658 [AsyncHttpClient-1-10] DEBUG org.asynchttpclient.netty.handler.HttpHandler - 

Request DefaultFullHttpRequest(decodeResult: success, version: HTTP/1.1, content: EmptyByteBufBE)
GET /session/2babdd9b38695ca49c7f189519b7a574/url HTTP/1.1
User-Agent: selenium/4.8.1 (java windows)
Cache-Control: no-cache
Content-Type: application/json; charset=utf-8
host: localhost:47818
accept: */*

Response DefaultHttpResponse(decodeResult: success, version: HTTP/1.1)
HTTP/1.1 200 OK
Content-Length: 46
Content-Type: application/json; charset=utf-8
cache-control: no-cache

01:32:31.658 [AsyncHttpClient-1-10] DEBUG org.asynchttpclient.netty.channel.ChannelManager - Adding key: http://localhost:47818 for channel [id: 0x5791edb4, L:/127.0.0.1:58332 - R:localhost/127.0.0.1:47818]
01:32:31.659 [Forwarding screenshot on session 2babdd9b38695ca49c7f189519b7a574 to remote] DEBUG org.asynchttpclient.netty.request.NettyRequestSender - Using pooled Channel '[id: 0x5791edb4, L:/127.0.0.1:58332 - R:localhost/127.0.0.1:47818]' for 'GET' to 'http://localhost:47818/session/2babdd9b38695ca49c7f189519b7a574/screenshot'
01:32:31.659 [Forwarding screenshot on session 2babdd9b38695ca49c7f189519b7a574 to remote] DEBUG org.asynchttpclient.netty.request.NettyRequestSender - Using open Channel [id: 0x5791edb4, L:/127.0.0.1:58332 - R:localhost/127.0.0.1:47818] for GET '/session/2babdd9b38695ca49c7f189519b7a574/screenshot'
01:32:31.848 [AsyncHttpClient-1-10] DEBUG org.asynchttpclient.netty.handler.HttpHandler - 

Request DefaultFullHttpRequest(decodeResult: success, version: HTTP/1.1, content: EmptyByteBufBE)
GET /session/2babdd9b38695ca49c7f189519b7a574/screenshot HTTP/1.1
User-Agent: selenium/4.8.1 (java windows)
Cache-Control: no-cache
Content-Type: application/json; charset=utf-8
host: localhost:47818
accept: */*

Response DefaultHttpResponse(decodeResult: success, version: HTTP/1.1)
HTTP/1.1 200 OK
Content-Length: 46104
Content-Type: application/json; charset=utf-8
cache-control: no-cache

01:32:31.848 [AsyncHttpClient-1-10] DEBUG org.asynchttpclient.netty.channel.ChannelManager - Adding key: http://localhost:47818 for channel [id: 0x5791edb4, L:/127.0.0.1:58332 - R:localhost/127.0.0.1:47818]
01:32:31.852 [main] DEBUG net.serenitybdd.core.photography.Darkroom - Send negative for processing for target\site\serenity\2945164c20fb4613ed95001d5c50e0bad5aedff5fc1d6b4397935f6c0f03597e.png
01:32:31.858 [Forwarding getPageSource on session 2babdd9b38695ca49c7f189519b7a574 to remote] DEBUG org.asynchttpclient.netty.request.NettyRequestSender - Using pooled Channel '[id: 0x5791edb4, L:/127.0.0.1:58332 - R:localhost/127.0.0.1:47818]' for 'POST' to 'http://localhost:47818/session/2babdd9b38695ca49c7f189519b7a574/execute/sync'
01:32:31.858 [Forwarding getPageSource on session 2babdd9b38695ca49c7f189519b7a574 to remote] DEBUG org.asynchttpclient.netty.request.NettyRequestSender - Using open Channel [id: 0x5791edb4, L:/127.0.0.1:58332 - R:localhost/127.0.0.1:47818] for POST '/session/2babdd9b38695ca49c7f189519b7a574/execute/sync'
01:32:31.865 [AsyncHttpClient-1-10] DEBUG org.asynchttpclient.netty.handler.HttpHandler - 

Request DefaultHttpRequest(decodeResult: success, version: HTTP/1.1)
POST /session/2babdd9b38695ca49c7f189519b7a574/execute/sync HTTP/1.1
User-Agent: selenium/4.8.1 (java windows)
Content-Length: 176
Content-Type: application/json; charset=utf-8
host: localhost:47818
accept: */*

Response DefaultHttpResponse(decodeResult: success, version: HTTP/1.1)
HTTP/1.1 200 OK
Content-Length: 21961
Content-Type: application/json; charset=utf-8
cache-control: no-cache

01:32:31.865 [AsyncHttpClient-1-10] DEBUG org.asynchttpclient.netty.channel.ChannelManager - Adding key: http://localhost:47818 for channel [id: 0x5791edb4, L:/127.0.0.1:58332 - R:localhost/127.0.0.1:47818]
01:32:31.869 [Forwarding getCurrentUrl on session 2babdd9b38695ca49c7f189519b7a574 to remote] DEBUG org.asynchttpclient.netty.request.NettyRequestSender - Using pooled Channel '[id: 0x5791edb4, L:/127.0.0.1:58332 - R:localhost/127.0.0.1:47818]' for 'GET' to 'http://localhost:47818/session/2babdd9b38695ca49c7f189519b7a574/url'
01:32:31.869 [Forwarding getCurrentUrl on session 2babdd9b38695ca49c7f189519b7a574 to remote] DEBUG org.asynchttpclient.netty.request.NettyRequestSender - Using open Channel [id: 0x5791edb4, L:/127.0.0.1:58332 - R:localhost/127.0.0.1:47818] for GET '/session/2babdd9b38695ca49c7f189519b7a574/url'
01:32:31.873 [AsyncHttpClient-1-10] DEBUG org.asynchttpclient.netty.handler.HttpHandler - 

Request DefaultFullHttpRequest(decodeResult: success, version: HTTP/1.1, content: EmptyByteBufBE)
GET /session/2babdd9b38695ca49c7f189519b7a574/url HTTP/1.1
User-Agent: selenium/4.8.1 (java windows)
Cache-Control: no-cache
Content-Type: application/json; charset=utf-8
host: localhost:47818
accept: */*

Response DefaultHttpResponse(decodeResult: success, version: HTTP/1.1)
HTTP/1.1 200 OK
Content-Length: 46
Content-Type: application/json; charset=utf-8
cache-control: no-cache

01:32:31.873 [AsyncHttpClient-1-10] DEBUG org.asynchttpclient.netty.channel.ChannelManager - Adding key: http://localhost:47818 for channel [id: 0x5791edb4, L:/127.0.0.1:58332 - R:localhost/127.0.0.1:47818]
01:32:31.883 [Forwarding getPageSource on session 2babdd9b38695ca49c7f189519b7a574 to remote] DEBUG org.asynchttpclient.netty.request.NettyRequestSender - Using pooled Channel '[id: 0x5791edb4, L:/127.0.0.1:58332 - R:localhost/127.0.0.1:47818]' for 'POST' to 'http://localhost:47818/session/2babdd9b38695ca49c7f189519b7a574/execute/sync'
01:32:31.884 [Forwarding getPageSource on session 2babdd9b38695ca49c7f189519b7a574 to remote] DEBUG org.asynchttpclient.netty.request.NettyRequestSender - Using open Channel [id: 0x5791edb4, L:/127.0.0.1:58332 - R:localhost/127.0.0.1:47818] for POST '/session/2babdd9b38695ca49c7f189519b7a574/execute/sync'
01:32:31.890 [AsyncHttpClient-1-10] DEBUG org.asynchttpclient.netty.handler.HttpHandler - 

Request DefaultHttpRequest(decodeResult: success, version: HTTP/1.1)
POST /session/2babdd9b38695ca49c7f189519b7a574/execute/sync HTTP/1.1
User-Agent: selenium/4.8.1 (java windows)
Content-Length: 176
Content-Type: application/json; charset=utf-8
host: localhost:47818
accept: */*

Response DefaultHttpResponse(decodeResult: success, version: HTTP/1.1)
HTTP/1.1 200 OK
Content-Length: 21961
Content-Type: application/json; charset=utf-8
cache-control: no-cache

01:32:31.891 [AsyncHttpClient-1-10] DEBUG org.asynchttpclient.netty.channel.ChannelManager - Adding key: http://localhost:47818 for channel [id: 0x5791edb4, L:/127.0.0.1:58332 - R:localhost/127.0.0.1:47818]
01:32:31.894 [Forwarding getCurrentUrl on session 2babdd9b38695ca49c7f189519b7a574 to remote] DEBUG org.asynchttpclient.netty.request.NettyRequestSender - Using pooled Channel '[id: 0x5791edb4, L:/127.0.0.1:58332 - R:localhost/127.0.0.1:47818]' for 'GET' to 'http://localhost:47818/session/2babdd9b38695ca49c7f189519b7a574/url'
01:32:31.894 [Forwarding getCurrentUrl on session 2babdd9b38695ca49c7f189519b7a574 to remote] DEBUG org.asynchttpclient.netty.request.NettyRequestSender - Using open Channel [id: 0x5791edb4, L:/127.0.0.1:58332 - R:localhost/127.0.0.1:47818] for GET '/session/2babdd9b38695ca49c7f189519b7a574/url'
01:32:31.898 [AsyncHttpClient-1-10] DEBUG org.asynchttpclient.netty.handler.HttpHandler - 

Request DefaultFullHttpRequest(decodeResult: success, version: HTTP/1.1, content: EmptyByteBufBE)
GET /session/2babdd9b38695ca49c7f189519b7a574/url HTTP/1.1
User-Agent: selenium/4.8.1 (java windows)
Cache-Control: no-cache
Content-Type: application/json; charset=utf-8
host: localhost:47818
accept: */*

Response DefaultHttpResponse(decodeResult: success, version: HTTP/1.1)
HTTP/1.1 200 OK
Content-Length: 46
Content-Type: application/json; charset=utf-8
cache-control: no-cache

01:32:31.899 [AsyncHttpClient-1-10] DEBUG org.asynchttpclient.netty.channel.ChannelManager - Adding key: http://localhost:47818 for channel [id: 0x5791edb4, L:/127.0.0.1:58332 - R:localhost/127.0.0.1:47818]
01:32:31.901 [main] DEBUG net.thucydides.core.steps.StepInterceptor - STARTING STEP: LoginSteps.clickPlusIcon - clickPlusIcon
01:32:31.904 [Forwarding findElement on session 2babdd9b38695ca49c7f189519b7a574 to remote] DEBUG org.asynchttpclient.netty.request.NettyRequestSender - Using pooled Channel '[id: 0x5791edb4, L:/127.0.0.1:58332 - R:localhost/127.0.0.1:47818]' for 'POST' to 'http://localhost:47818/session/2babdd9b38695ca49c7f189519b7a574/element'
01:32:31.905 [Forwarding findElement on session 2babdd9b38695ca49c7f189519b7a574 to remote] DEBUG org.asynchttpclient.netty.request.NettyRequestSender - Using open Channel [id: 0x5791edb4, L:/127.0.0.1:58332 - R:localhost/127.0.0.1:47818] for POST '/session/2babdd9b38695ca49c7f189519b7a574/element'
01:32:31.922 [AsyncHttpClient-1-10] DEBUG org.asynchttpclient.netty.handler.HttpHandler - 

Request DefaultHttpRequest(decodeResult: success, version: HTTP/1.1)
POST /session/2babdd9b38695ca49c7f189519b7a574/element HTTP/1.1
User-Agent: selenium/4.8.1 (java windows)
Content-Length: 173
Content-Type: application/json; charset=utf-8
host: localhost:47818
accept: */*

Response DefaultHttpResponse(decodeResult: success, version: HTTP/1.1)
HTTP/1.1 200 OK
Content-Length: 88
Content-Type: application/json; charset=utf-8
cache-control: no-cache

01:32:31.922 [AsyncHttpClient-1-10] DEBUG org.asynchttpclient.netty.channel.ChannelManager - Adding key: http://localhost:47818 for channel [id: 0x5791edb4, L:/127.0.0.1:58332 - R:localhost/127.0.0.1:47818]
01:32:31.923 [Forwarding getElementTagName on session 2babdd9b38695ca49c7f189519b7a574 to remote] DEBUG org.asynchttpclient.netty.request.NettyRequestSender - Using pooled Channel '[id: 0x5791edb4, L:/127.0.0.1:58332 - R:localhost/127.0.0.1:47818]' for 'GET' to 'http://localhost:47818/session/2babdd9b38695ca49c7f189519b7a574/element/01880b53-6dc9-4fbe-8aca-4a35b7afec3f/name'
01:32:31.923 [Forwarding getElementTagName on session 2babdd9b38695ca49c7f189519b7a574 to remote] DEBUG org.asynchttpclient.netty.request.NettyRequestSender - Using open Channel [id: 0x5791edb4, L:/127.0.0.1:58332 - R:localhost/127.0.0.1:47818] for GET '/session/2babdd9b38695ca49c7f189519b7a574/element/01880b53-6dc9-4fbe-8aca-4a35b7afec3f/name'
01:32:31.929 [AsyncHttpClient-1-10] DEBUG org.asynchttpclient.netty.handler.HttpHandler - 

Request DefaultFullHttpRequest(decodeResult: success, version: HTTP/1.1, content: EmptyByteBufBE)
GET /session/2babdd9b38695ca49c7f189519b7a574/element/01880b53-6dc9-4fbe-8aca-4a35b7afec3f/name HTTP/1.1
User-Agent: selenium/4.8.1 (java windows)
Cache-Control: no-cache
Content-Type: application/json; charset=utf-8
host: localhost:47818
accept: */*

Response DefaultHttpResponse(decodeResult: success, version: HTTP/1.1)
HTTP/1.1 200 OK
Content-Length: 16
Content-Type: application/json; charset=utf-8
cache-control: no-cache

01:32:31.929 [AsyncHttpClient-1-10] DEBUG org.asynchttpclient.netty.channel.ChannelManager - Adding key: http://localhost:47818 for channel [id: 0x5791edb4, L:/127.0.0.1:58332 - R:localhost/127.0.0.1:47818]
01:32:31.930 [Forwarding getElementTagName on session 2babdd9b38695ca49c7f189519b7a574 to remote] DEBUG org.asynchttpclient.netty.request.NettyRequestSender - Using pooled Channel '[id: 0x5791edb4, L:/127.0.0.1:58332 - R:localhost/127.0.0.1:47818]' for 'GET' to 'http://localhost:47818/session/2babdd9b38695ca49c7f189519b7a574/element/01880b53-6dc9-4fbe-8aca-4a35b7afec3f/name'
01:32:31.931 [Forwarding getElementTagName on session 2babdd9b38695ca49c7f189519b7a574 to remote] DEBUG org.asynchttpclient.netty.request.NettyRequestSender - Using open Channel [id: 0x5791edb4, L:/127.0.0.1:58332 - R:localhost/127.0.0.1:47818] for GET '/session/2babdd9b38695ca49c7f189519b7a574/element/01880b53-6dc9-4fbe-8aca-4a35b7afec3f/name'
01:32:31.936 [AsyncHttpClient-1-10] DEBUG org.asynchttpclient.netty.handler.HttpHandler - 

Request DefaultFullHttpRequest(decodeResult: success, version: HTTP/1.1, content: EmptyByteBufBE)
GET /session/2babdd9b38695ca49c7f189519b7a574/element/01880b53-6dc9-4fbe-8aca-4a35b7afec3f/name HTTP/1.1
User-Agent: selenium/4.8.1 (java windows)
Cache-Control: no-cache
Content-Type: application/json; charset=utf-8
host: localhost:47818
accept: */*

Response DefaultHttpResponse(decodeResult: success, version: HTTP/1.1)
HTTP/1.1 200 OK
Content-Length: 16
Content-Type: application/json; charset=utf-8
cache-control: no-cache

01:32:31.936 [AsyncHttpClient-1-10] DEBUG org.asynchttpclient.netty.channel.ChannelManager - Adding key: http://localhost:47818 for channel [id: 0x5791edb4, L:/127.0.0.1:58332 - R:localhost/127.0.0.1:47818]
01:32:31.938 [Forwarding findElement on session 2babdd9b38695ca49c7f189519b7a574 to remote] DEBUG org.asynchttpclient.netty.request.NettyRequestSender - Using pooled Channel '[id: 0x5791edb4, L:/127.0.0.1:58332 - R:localhost/127.0.0.1:47818]' for 'POST' to 'http://localhost:47818/session/2babdd9b38695ca49c7f189519b7a574/element'
01:32:31.938 [Forwarding findElement on session 2babdd9b38695ca49c7f189519b7a574 to remote] DEBUG org.asynchttpclient.netty.request.NettyRequestSender - Using open Channel [id: 0x5791edb4, L:/127.0.0.1:58332 - R:localhost/127.0.0.1:47818] for POST '/session/2babdd9b38695ca49c7f189519b7a574/element'
01:32:31.948 [AsyncHttpClient-1-10] DEBUG org.asynchttpclient.netty.handler.HttpHandler - 

Request DefaultHttpRequest(decodeResult: success, version: HTTP/1.1)
POST /session/2babdd9b38695ca49c7f189519b7a574/element HTTP/1.1
User-Agent: selenium/4.8.1 (java windows)
Content-Length: 173
Content-Type: application/json; charset=utf-8
host: localhost:47818
accept: */*

Response DefaultHttpResponse(decodeResult: success, version: HTTP/1.1)
HTTP/1.1 200 OK
Content-Length: 88
Content-Type: application/json; charset=utf-8
cache-control: no-cache

01:32:31.948 [AsyncHttpClient-1-10] DEBUG org.asynchttpclient.netty.channel.ChannelManager - Adding key: http://localhost:47818 for channel [id: 0x5791edb4, L:/127.0.0.1:58332 - R:localhost/127.0.0.1:47818]
01:32:31.949 [Forwarding clickElement on session 2babdd9b38695ca49c7f189519b7a574 to remote] DEBUG org.asynchttpclient.netty.request.NettyRequestSender - Using pooled Channel '[id: 0x5791edb4, L:/127.0.0.1:58332 - R:localhost/127.0.0.1:47818]' for 'POST' to 'http://localhost:47818/session/2babdd9b38695ca49c7f189519b7a574/element/01880b53-6dc9-4fbe-8aca-4a35b7afec3f/click'
01:32:31.949 [Forwarding clickElement on session 2babdd9b38695ca49c7f189519b7a574 to remote] DEBUG org.asynchttpclient.netty.request.NettyRequestSender - Using open Channel [id: 0x5791edb4, L:/127.0.0.1:58332 - R:localhost/127.0.0.1:47818] for POST '/session/2babdd9b38695ca49c7f189519b7a574/element/01880b53-6dc9-4fbe-8aca-4a35b7afec3f/click'
01:32:31.992 [AsyncHttpClient-1-1] DEBUG org.asynchttpclient.netty.channel.DefaultChannelPool - Entry count for : http://localhost:58333 : 1
01:32:32.005 [AsyncHttpClient-1-10] DEBUG org.asynchttpclient.netty.handler.HttpHandler - 

Request DefaultHttpRequest(decodeResult: success, version: HTTP/1.1)
POST /session/2babdd9b38695ca49c7f189519b7a574/element/01880b53-6dc9-4fbe-8aca-4a35b7afec3f/click HTTP/1.1
User-Agent: selenium/4.8.1 (java windows)
Content-Length: 50
Content-Type: application/json; charset=utf-8
host: localhost:47818
accept: */*

Response DefaultHttpResponse(decodeResult: success, version: HTTP/1.1)
HTTP/1.1 200 OK
Content-Length: 14
Content-Type: application/json; charset=utf-8
cache-control: no-cache

01:32:32.005 [AsyncHttpClient-1-10] DEBUG org.asynchttpclient.netty.channel.ChannelManager - Adding key: http://localhost:47818 for channel [id: 0x5791edb4, L:/127.0.0.1:58332 - R:localhost/127.0.0.1:47818]
01:32:32.016 [Forwarding getAlertText on session 2babdd9b38695ca49c7f189519b7a574 to remote] DEBUG org.asynchttpclient.netty.request.NettyRequestSender - Using pooled Channel '[id: 0x5791edb4, L:/127.0.0.1:58332 - R:localhost/127.0.0.1:47818]' for 'GET' to 'http://localhost:47818/session/2babdd9b38695ca49c7f189519b7a574/alert/text'
01:32:32.016 [Forwarding getAlertText on session 2babdd9b38695ca49c7f189519b7a574 to remote] DEBUG org.asynchttpclient.netty.request.NettyRequestSender - Using open Channel [id: 0x5791edb4, L:/127.0.0.1:58332 - R:localhost/127.0.0.1:47818] for GET '/session/2babdd9b38695ca49c7f189519b7a574/alert/text'
01:32:32.019 [AsyncHttpClient-1-10] DEBUG org.asynchttpclient.netty.handler.HttpHandler - 

Request DefaultFullHttpRequest(decodeResult: success, version: HTTP/1.1, content: EmptyByteBufBE)
GET /session/2babdd9b38695ca49c7f189519b7a574/alert/text HTTP/1.1
User-Agent: selenium/4.8.1 (java windows)
Cache-Control: no-cache
Content-Type: application/json; charset=utf-8
host: localhost:47818
accept: */*

Response DefaultHttpResponse(decodeResult: success, version: HTTP/1.1)
HTTP/1.1 404 Not Found
Content-Length: 816
Content-Type: application/json; charset=utf-8
cache-control: no-cache

01:32:32.019 [AsyncHttpClient-1-10] DEBUG org.asynchttpclient.netty.channel.ChannelManager - Adding key: http://localhost:47818 for channel [id: 0x5791edb4, L:/127.0.0.1:58332 - R:localhost/127.0.0.1:47818]
01:32:32.020 [Forwarding getCurrentUrl on session 2babdd9b38695ca49c7f189519b7a574 to remote] DEBUG org.asynchttpclient.netty.request.NettyRequestSender - Using pooled Channel '[id: 0x5791edb4, L:/127.0.0.1:58332 - R:localhost/127.0.0.1:47818]' for 'GET' to 'http://localhost:47818/session/2babdd9b38695ca49c7f189519b7a574/url'
01:32:32.020 [Forwarding getCurrentUrl on session 2babdd9b38695ca49c7f189519b7a574 to remote] DEBUG org.asynchttpclient.netty.request.NettyRequestSender - Using open Channel [id: 0x5791edb4, L:/127.0.0.1:58332 - R:localhost/127.0.0.1:47818] for GET '/session/2babdd9b38695ca49c7f189519b7a574/url'
01:32:32.024 [AsyncHttpClient-1-10] DEBUG org.asynchttpclient.netty.handler.HttpHandler - 

Request DefaultFullHttpRequest(decodeResult: success, version: HTTP/1.1, content: EmptyByteBufBE)
GET /session/2babdd9b38695ca49c7f189519b7a574/url HTTP/1.1
User-Agent: selenium/4.8.1 (java windows)
Cache-Control: no-cache
Content-Type: application/json; charset=utf-8
host: localhost:47818
accept: */*

Response DefaultHttpResponse(decodeResult: success, version: HTTP/1.1)
HTTP/1.1 200 OK
Content-Length: 46
Content-Type: application/json; charset=utf-8
cache-control: no-cache

01:32:32.024 [AsyncHttpClient-1-10] DEBUG org.asynchttpclient.netty.channel.ChannelManager - Adding key: http://localhost:47818 for channel [id: 0x5791edb4, L:/127.0.0.1:58332 - R:localhost/127.0.0.1:47818]
01:32:32.025 [Forwarding screenshot on session 2babdd9b38695ca49c7f189519b7a574 to remote] DEBUG org.asynchttpclient.netty.request.NettyRequestSender - Using pooled Channel '[id: 0x5791edb4, L:/127.0.0.1:58332 - R:localhost/127.0.0.1:47818]' for 'GET' to 'http://localhost:47818/session/2babdd9b38695ca49c7f189519b7a574/screenshot'
01:32:32.025 [Forwarding screenshot on session 2babdd9b38695ca49c7f189519b7a574 to remote] DEBUG org.asynchttpclient.netty.request.NettyRequestSender - Using open Channel [id: 0x5791edb4, L:/127.0.0.1:58332 - R:localhost/127.0.0.1:47818] for GET '/session/2babdd9b38695ca49c7f189519b7a574/screenshot'
01:32:32.174 [AsyncHttpClient-1-10] DEBUG org.asynchttpclient.netty.handler.HttpHandler - 

Request DefaultFullHttpRequest(decodeResult: success, version: HTTP/1.1, content: EmptyByteBufBE)
GET /session/2babdd9b38695ca49c7f189519b7a574/screenshot HTTP/1.1
User-Agent: selenium/4.8.1 (java windows)
Cache-Control: no-cache
Content-Type: application/json; charset=utf-8
host: localhost:47818
accept: */*

Response DefaultHttpResponse(decodeResult: success, version: HTTP/1.1)
HTTP/1.1 200 OK
Content-Length: 50660
Content-Type: application/json; charset=utf-8
cache-control: no-cache

01:32:32.175 [AsyncHttpClient-1-10] DEBUG org.asynchttpclient.netty.channel.ChannelManager - Adding key: http://localhost:47818 for channel [id: 0x5791edb4, L:/127.0.0.1:58332 - R:localhost/127.0.0.1:47818]
01:32:32.179 [main] DEBUG net.serenitybdd.core.photography.Darkroom - Send negative for processing for target\site\serenity\a662e3b5f43a3ce3abefba0a674d8dcdc88a423b979c3d23dd7034d53a6877e5.png
01:32:32.179 [main] DEBUG net.thucydides.core.steps.StepInterceptor - STEP DONE: clickPlusIcon
  &amp#27;[32mAnd &amp#27;[0m&amp#27;[32mI click plus icon&amp#27;[0m                                                             &amp#27;[90m# starter.stepdefinitions.LoginSteps.clickPlusIcon()&amp#27;[0m
01:32:32.179 [Darkroom Processing Line] DEBUG net.serenitybdd.core.photography.DarkroomProcessingLine - Processing screenshot image in /var/screenshots/screenshot-4655726617766290000
01:32:32.179 [Darkroom Processing Line] DEBUG net.serenitybdd.core.photography.DarkroomProcessingLine - Saving screenshot to target\site\serenity\a662e3b5f43a3ce3abefba0a674d8dcdc88a423b979c3d23dd7034d53a6877e5.png
01:32:32.190 [Forwarding getPageSource on session 2babdd9b38695ca49c7f189519b7a574 to remote] DEBUG org.asynchttpclient.netty.request.NettyRequestSender - Using pooled Channel '[id: 0x5791edb4, L:/127.0.0.1:58332 - R:localhost/127.0.0.1:47818]' for 'POST' to 'http://localhost:47818/session/2babdd9b38695ca49c7f189519b7a574/execute/sync'
01:32:32.191 [Forwarding getPageSource on session 2babdd9b38695ca49c7f189519b7a574 to remote] DEBUG org.asynchttpclient.netty.request.NettyRequestSender - Using open Channel [id: 0x5791edb4, L:/127.0.0.1:58332 - R:localhost/127.0.0.1:47818] for POST '/session/2babdd9b38695ca49c7f189519b7a574/execute/sync'
01:32:32.198 [AsyncHttpClient-1-10] DEBUG org.asynchttpclient.netty.handler.HttpHandler - 

Request DefaultHttpRequest(decodeResult: success, version: HTTP/1.1)
POST /session/2babdd9b38695ca49c7f189519b7a574/execute/sync HTTP/1.1
User-Agent: selenium/4.8.1 (java windows)
Content-Length: 176
Content-Type: application/json; charset=utf-8
host: localhost:47818
accept: */*

Response DefaultHttpResponse(decodeResult: success, version: HTTP/1.1)
HTTP/1.1 200 OK
Content-Length: 22292
Content-Type: application/json; charset=utf-8
cache-control: no-cache

01:32:32.198 [AsyncHttpClient-1-10] DEBUG org.asynchttpclient.netty.channel.ChannelManager - Adding key: http://localhost:47818 for channel [id: 0x5791edb4, L:/127.0.0.1:58332 - R:localhost/127.0.0.1:47818]
01:32:32.203 [Forwarding getCurrentUrl on session 2babdd9b38695ca49c7f189519b7a574 to remote] DEBUG org.asynchttpclient.netty.request.NettyRequestSender - Using pooled Channel '[id: 0x5791edb4, L:/127.0.0.1:58332 - R:localhost/127.0.0.1:47818]' for 'GET' to 'http://localhost:47818/session/2babdd9b38695ca49c7f189519b7a574/url'
01:32:32.203 [Forwarding getCurrentUrl on session 2babdd9b38695ca49c7f189519b7a574 to remote] DEBUG org.asynchttpclient.netty.request.NettyRequestSender - Using open Channel [id: 0x5791edb4, L:/127.0.0.1:58332 - R:localhost/127.0.0.1:47818] for GET '/session/2babdd9b38695ca49c7f189519b7a574/url'
01:32:32.207 [AsyncHttpClient-1-10] DEBUG org.asynchttpclient.netty.handler.HttpHandler - 

Request DefaultFullHttpRequest(decodeResult: success, version: HTTP/1.1, content: EmptyByteBufBE)
GET /session/2babdd9b38695ca49c7f189519b7a574/url HTTP/1.1
User-Agent: selenium/4.8.1 (java windows)
Cache-Control: no-cache
Content-Type: application/json; charset=utf-8
host: localhost:47818
accept: */*

Response DefaultHttpResponse(decodeResult: success, version: HTTP/1.1)
HTTP/1.1 200 OK
Content-Length: 46
Content-Type: application/json; charset=utf-8
cache-control: no-cache

01:32:32.207 [AsyncHttpClient-1-10] DEBUG org.asynchttpclient.netty.channel.ChannelManager - Adding key: http://localhost:47818 for channel [id: 0x5791edb4, L:/127.0.0.1:58332 - R:localhost/127.0.0.1:47818]
01:32:32.219 [Forwarding getPageSource on session 2babdd9b38695ca49c7f189519b7a574 to remote] DEBUG org.asynchttpclient.netty.request.NettyRequestSender - Using pooled Channel '[id: 0x5791edb4, L:/127.0.0.1:58332 - R:localhost/127.0.0.1:47818]' for 'POST' to 'http://localhost:47818/session/2babdd9b38695ca49c7f189519b7a574/execute/sync'
01:32:32.219 [Forwarding getPageSource on session 2babdd9b38695ca49c7f189519b7a574 to remote] DEBUG org.asynchttpclient.netty.request.NettyRequestSender - Using open Channel [id: 0x5791edb4, L:/127.0.0.1:58332 - R:localhost/127.0.0.1:47818] for POST '/session/2babdd9b38695ca49c7f189519b7a574/execute/sync'
01:32:32.226 [AsyncHttpClient-1-10] DEBUG org.asynchttpclient.netty.handler.HttpHandler - 

Request DefaultHttpRequest(decodeResult: success, version: HTTP/1.1)
POST /session/2babdd9b38695ca49c7f189519b7a574/execute/sync HTTP/1.1
User-Agent: selenium/4.8.1 (java windows)
Content-Length: 176
Content-Type: application/json; charset=utf-8
host: localhost:47818
accept: */*

Response DefaultHttpResponse(decodeResult: success, version: HTTP/1.1)
HTTP/1.1 200 OK
Content-Length: 22292
Content-Type: application/json; charset=utf-8
cache-control: no-cache

01:32:32.226 [AsyncHttpClient-1-10] DEBUG org.asynchttpclient.netty.channel.ChannelManager - Adding key: http://localhost:47818 for channel [id: 0x5791edb4, L:/127.0.0.1:58332 - R:localhost/127.0.0.1:47818]
01:32:32.230 [Forwarding getCurrentUrl on session 2babdd9b38695ca49c7f189519b7a574 to remote] DEBUG org.asynchttpclient.netty.request.NettyRequestSender - Using pooled Channel '[id: 0x5791edb4, L:/127.0.0.1:58332 - R:localhost/127.0.0.1:47818]' for 'GET' to 'http://localhost:47818/session/2babdd9b38695ca49c7f189519b7a574/url'
01:32:32.230 [Forwarding getCurrentUrl on session 2babdd9b38695ca49c7f189519b7a574 to remote] DEBUG org.asynchttpclient.netty.request.NettyRequestSender - Using open Channel [id: 0x5791edb4, L:/127.0.0.1:58332 - R:localhost/127.0.0.1:47818] for GET '/session/2babdd9b38695ca49c7f189519b7a574/url'
01:32:32.235 [AsyncHttpClient-1-10] DEBUG org.asynchttpclient.netty.handler.HttpHandler - 

Request DefaultFullHttpRequest(decodeResult: success, version: HTTP/1.1, content: EmptyByteBufBE)
GET /session/2babdd9b38695ca49c7f189519b7a574/url HTTP/1.1
User-Agent: selenium/4.8.1 (java windows)
Cache-Control: no-cache
Content-Type: application/json; charset=utf-8
host: localhost:47818
accept: */*

Response DefaultHttpResponse(decodeResult: success, version: HTTP/1.1)
HTTP/1.1 200 OK
Content-Length: 46
Content-Type: application/json; charset=utf-8
cache-control: no-cache

01:32:32.235 [AsyncHttpClient-1-10] DEBUG org.asynchttpclient.netty.channel.ChannelManager - Adding key: http://localhost:47818 for channel [id: 0x5791edb4, L:/127.0.0.1:58332 - R:localhost/127.0.0.1:47818]
01:32:32.238 [main] DEBUG net.thucydides.core.steps.StepInterceptor - STARTING STEP: LoginSteps.clickPlusIconMore - clickPlusIcon
01:32:32.242 [Forwarding findElement on session 2babdd9b38695ca49c7f189519b7a574 to remote] DEBUG org.asynchttpclient.netty.request.NettyRequestSender - Using pooled Channel '[id: 0x5791edb4, L:/127.0.0.1:58332 - R:localhost/127.0.0.1:47818]' for 'POST' to 'http://localhost:47818/session/2babdd9b38695ca49c7f189519b7a574/element'
01:32:32.242 [Forwarding findElement on session 2babdd9b38695ca49c7f189519b7a574 to remote] DEBUG org.asynchttpclient.netty.request.NettyRequestSender - Using open Channel [id: 0x5791edb4, L:/127.0.0.1:58332 - R:localhost/127.0.0.1:47818] for POST '/session/2babdd9b38695ca49c7f189519b7a574/element'
01:32:32.252 [AsyncHttpClient-1-10] DEBUG org.asynchttpclient.netty.handler.HttpHandler - 

Request DefaultHttpRequest(decodeResult: success, version: HTTP/1.1)
POST /session/2babdd9b38695ca49c7f189519b7a574/element HTTP/1.1
User-Agent: selenium/4.8.1 (java windows)
Content-Length: 173
Content-Type: application/json; charset=utf-8
host: localhost:47818
accept: */*

Response DefaultHttpResponse(decodeResult: success, version: HTTP/1.1)
HTTP/1.1 200 OK
Content-Length: 88
Content-Type: application/json; charset=utf-8
cache-control: no-cache

01:32:32.252 [AsyncHttpClient-1-10] DEBUG org.asynchttpclient.netty.channel.ChannelManager - Adding key: http://localhost:47818 for channel [id: 0x5791edb4, L:/127.0.0.1:58332 - R:localhost/127.0.0.1:47818]
01:32:32.253 [Forwarding getElementTagName on session 2babdd9b38695ca49c7f189519b7a574 to remote] DEBUG org.asynchttpclient.netty.request.NettyRequestSender - Using pooled Channel '[id: 0x5791edb4, L:/127.0.0.1:58332 - R:localhost/127.0.0.1:47818]' for 'GET' to 'http://localhost:47818/session/2babdd9b38695ca49c7f189519b7a574/element/01880b53-6dc9-4fbe-8aca-4a35b7afec3f/name'
01:32:32.253 [Forwarding getElementTagName on session 2babdd9b38695ca49c7f189519b7a574 to remote] DEBUG org.asynchttpclient.netty.request.NettyRequestSender - Using open Channel [id: 0x5791edb4, L:/127.0.0.1:58332 - R:localhost/127.0.0.1:47818] for GET '/session/2babdd9b38695ca49c7f189519b7a574/element/01880b53-6dc9-4fbe-8aca-4a35b7afec3f/name'
01:32:32.258 [AsyncHttpClient-1-10] DEBUG org.asynchttpclient.netty.handler.HttpHandler - 

Request DefaultFullHttpRequest(decodeResult: success, version: HTTP/1.1, content: EmptyByteBufBE)
GET /session/2babdd9b38695ca49c7f189519b7a574/element/01880b53-6dc9-4fbe-8aca-4a35b7afec3f/name HTTP/1.1
User-Agent: selenium/4.8.1 (java windows)
Cache-Control: no-cache
Content-Type: application/json; charset=utf-8
host: localhost:47818
accept: */*

Response DefaultHttpResponse(decodeResult: success, version: HTTP/1.1)
HTTP/1.1 200 OK
Content-Length: 16
Content-Type: application/json; charset=utf-8
cache-control: no-cache

01:32:32.259 [AsyncHttpClient-1-10] DEBUG org.asynchttpclient.netty.channel.ChannelManager - Adding key: http://localhost:47818 for channel [id: 0x5791edb4, L:/127.0.0.1:58332 - R:localhost/127.0.0.1:47818]
01:32:32.260 [Forwarding getElementTagName on session 2babdd9b38695ca49c7f189519b7a574 to remote] DEBUG org.asynchttpclient.netty.request.NettyRequestSender - Using pooled Channel '[id: 0x5791edb4, L:/127.0.0.1:58332 - R:localhost/127.0.0.1:47818]' for 'GET' to 'http://localhost:47818/session/2babdd9b38695ca49c7f189519b7a574/element/01880b53-6dc9-4fbe-8aca-4a35b7afec3f/name'
01:32:32.260 [Forwarding getElementTagName on session 2babdd9b38695ca49c7f189519b7a574 to remote] DEBUG org.asynchttpclient.netty.request.NettyRequestSender - Using open Channel [id: 0x5791edb4, L:/127.0.0.1:58332 - R:localhost/127.0.0.1:47818] for GET '/session/2babdd9b38695ca49c7f189519b7a574/element/01880b53-6dc9-4fbe-8aca-4a35b7afec3f/name'
01:32:32.264 [AsyncHttpClient-1-10] DEBUG org.asynchttpclient.netty.handler.HttpHandler - 

Request DefaultFullHttpRequest(decodeResult: success, version: HTTP/1.1, content: EmptyByteBufBE)
GET /session/2babdd9b38695ca49c7f189519b7a574/element/01880b53-6dc9-4fbe-8aca-4a35b7afec3f/name HTTP/1.1
User-Agent: selenium/4.8.1 (java windows)
Cache-Control: no-cache
Content-Type: application/json; charset=utf-8
host: localhost:47818
accept: */*

Response DefaultHttpResponse(decodeResult: success, version: HTTP/1.1)
HTTP/1.1 200 OK
Content-Length: 16
Content-Type: application/json; charset=utf-8
cache-control: no-cache

01:32:32.265 [AsyncHttpClient-1-10] DEBUG org.asynchttpclient.netty.channel.ChannelManager - Adding key: http://localhost:47818 for channel [id: 0x5791edb4, L:/127.0.0.1:58332 - R:localhost/127.0.0.1:47818]
01:32:32.267 [Forwarding findElement on session 2babdd9b38695ca49c7f189519b7a574 to remote] DEBUG org.asynchttpclient.netty.request.NettyRequestSender - Using pooled Channel '[id: 0x5791edb4, L:/127.0.0.1:58332 - R:localhost/127.0.0.1:47818]' for 'POST' to 'http://localhost:47818/session/2babdd9b38695ca49c7f189519b7a574/element'
01:32:32.267 [Forwarding findElement on session 2babdd9b38695ca49c7f189519b7a574 to remote] DEBUG org.asynchttpclient.netty.request.NettyRequestSender - Using open Channel [id: 0x5791edb4, L:/127.0.0.1:58332 - R:localhost/127.0.0.1:47818] for POST '/session/2babdd9b38695ca49c7f189519b7a574/element'
01:32:32.276 [AsyncHttpClient-1-10] DEBUG org.asynchttpclient.netty.handler.HttpHandler - 

Request DefaultHttpRequest(decodeResult: success, version: HTTP/1.1)
POST /session/2babdd9b38695ca49c7f189519b7a574/element HTTP/1.1
User-Agent: selenium/4.8.1 (java windows)
Content-Length: 173
Content-Type: application/json; charset=utf-8
host: localhost:47818
accept: */*

Response DefaultHttpResponse(decodeResult: success, version: HTTP/1.1)
HTTP/1.1 200 OK
Content-Length: 88
Content-Type: application/json; charset=utf-8
cache-control: no-cache

01:32:32.276 [AsyncHttpClient-1-10] DEBUG org.asynchttpclient.netty.channel.ChannelManager - Adding key: http://localhost:47818 for channel [id: 0x5791edb4, L:/127.0.0.1:58332 - R:localhost/127.0.0.1:47818]
01:32:32.278 [Forwarding clickElement on session 2babdd9b38695ca49c7f189519b7a574 to remote] DEBUG org.asynchttpclient.netty.request.NettyRequestSender - Using pooled Channel '[id: 0x5791edb4, L:/127.0.0.1:58332 - R:localhost/127.0.0.1:47818]' for 'POST' to 'http://localhost:47818/session/2babdd9b38695ca49c7f189519b7a574/element/01880b53-6dc9-4fbe-8aca-4a35b7afec3f/click'
01:32:32.278 [Forwarding clickElement on session 2babdd9b38695ca49c7f189519b7a574 to remote] DEBUG org.asynchttpclient.netty.request.NettyRequestSender - Using open Channel [id: 0x5791edb4, L:/127.0.0.1:58332 - R:localhost/127.0.0.1:47818] for POST '/session/2babdd9b38695ca49c7f189519b7a574/element/01880b53-6dc9-4fbe-8aca-4a35b7afec3f/click'
01:32:32.312 [AsyncHttpClient-1-10] DEBUG org.asynchttpclient.netty.handler.HttpHandler - 

Request DefaultHttpRequest(decodeResult: success, version: HTTP/1.1)
POST /session/2babdd9b38695ca49c7f189519b7a574/element/01880b53-6dc9-4fbe-8aca-4a35b7afec3f/click HTTP/1.1
User-Agent: selenium/4.8.1 (java windows)
Content-Length: 50
Content-Type: application/json; charset=utf-8
host: localhost:47818
accept: */*

Response DefaultHttpResponse(decodeResult: success, version: HTTP/1.1)
HTTP/1.1 200 OK
Content-Length: 14
Content-Type: application/json; charset=utf-8
cache-control: no-cache

01:32:32.312 [AsyncHttpClient-1-10] DEBUG org.asynchttpclient.netty.channel.ChannelManager - Adding key: http://localhost:47818 for channel [id: 0x5791edb4, L:/127.0.0.1:58332 - R:localhost/127.0.0.1:47818]
01:32:32.319 [Forwarding getAlertText on session 2babdd9b38695ca49c7f189519b7a574 to remote] DEBUG org.asynchttpclient.netty.request.NettyRequestSender - Using pooled Channel '[id: 0x5791edb4, L:/127.0.0.1:58332 - R:localhost/127.0.0.1:47818]' for 'GET' to 'http://localhost:47818/session/2babdd9b38695ca49c7f189519b7a574/alert/text'
01:32:32.319 [Forwarding getAlertText on session 2babdd9b38695ca49c7f189519b7a574 to remote] DEBUG org.asynchttpclient.netty.request.NettyRequestSender - Using open Channel [id: 0x5791edb4, L:/127.0.0.1:58332 - R:localhost/127.0.0.1:47818] for GET '/session/2babdd9b38695ca49c7f189519b7a574/alert/text'
01:32:32.321 [AsyncHttpClient-1-10] DEBUG org.asynchttpclient.netty.handler.HttpHandler - 

Request DefaultFullHttpRequest(decodeResult: success, version: HTTP/1.1, content: EmptyByteBufBE)
GET /session/2babdd9b38695ca49c7f189519b7a574/alert/text HTTP/1.1
User-Agent: selenium/4.8.1 (java windows)
Cache-Control: no-cache
Content-Type: application/json; charset=utf-8
host: localhost:47818
accept: */*

Response DefaultHttpResponse(decodeResult: success, version: HTTP/1.1)
HTTP/1.1 404 Not Found
Content-Length: 816
Content-Type: application/json; charset=utf-8
cache-control: no-cache

01:32:32.321 [AsyncHttpClient-1-10] DEBUG org.asynchttpclient.netty.channel.ChannelManager - Adding key: http://localhost:47818 for channel [id: 0x5791edb4, L:/127.0.0.1:58332 - R:localhost/127.0.0.1:47818]
01:32:32.322 [Forwarding getCurrentUrl on session 2babdd9b38695ca49c7f189519b7a574 to remote] DEBUG org.asynchttpclient.netty.request.NettyRequestSender - Using pooled Channel '[id: 0x5791edb4, L:/127.0.0.1:58332 - R:localhost/127.0.0.1:47818]' for 'GET' to 'http://localhost:47818/session/2babdd9b38695ca49c7f189519b7a574/url'
01:32:32.322 [Forwarding getCurrentUrl on session 2babdd9b38695ca49c7f189519b7a574 to remote] DEBUG org.asynchttpclient.netty.request.NettyRequestSender - Using open Channel [id: 0x5791edb4, L:/127.0.0.1:58332 - R:localhost/127.0.0.1:47818] for GET '/session/2babdd9b38695ca49c7f189519b7a574/url'
01:32:32.328 [AsyncHttpClient-1-10] DEBUG org.asynchttpclient.netty.handler.HttpHandler - 

Request DefaultFullHttpRequest(decodeResult: success, version: HTTP/1.1, content: EmptyByteBufBE)
GET /session/2babdd9b38695ca49c7f189519b7a574/url HTTP/1.1
User-Agent: selenium/4.8.1 (java windows)
Cache-Control: no-cache
Content-Type: application/json; charset=utf-8
host: localhost:47818
accept: */*

Response DefaultHttpResponse(decodeResult: success, version: HTTP/1.1)
HTTP/1.1 200 OK
Content-Length: 46
Content-Type: application/json; charset=utf-8
cache-control: no-cache

01:32:32.328 [AsyncHttpClient-1-10] DEBUG org.asynchttpclient.netty.channel.ChannelManager - Adding key: http://localhost:47818 for channel [id: 0x5791edb4, L:/127.0.0.1:58332 - R:localhost/127.0.0.1:47818]
01:32:32.329 [Forwarding screenshot on session 2babdd9b38695ca49c7f189519b7a574 to remote] DEBUG org.asynchttpclient.netty.request.NettyRequestSender - Using pooled Channel '[id: 0x5791edb4, L:/127.0.0.1:58332 - R:localhost/127.0.0.1:47818]' for 'GET' to 'http://localhost:47818/session/2babdd9b38695ca49c7f189519b7a574/screenshot'
01:32:32.329 [Forwarding screenshot on session 2babdd9b38695ca49c7f189519b7a574 to remote] DEBUG org.asynchttpclient.netty.request.NettyRequestSender - Using open Channel [id: 0x5791edb4, L:/127.0.0.1:58332 - R:localhost/127.0.0.1:47818] for GET '/session/2babdd9b38695ca49c7f189519b7a574/screenshot'
01:32:32.483 [AsyncHttpClient-1-10] DEBUG org.asynchttpclient.netty.handler.HttpHandler - 

Request DefaultFullHttpRequest(decodeResult: success, version: HTTP/1.1, content: EmptyByteBufBE)
GET /session/2babdd9b38695ca49c7f189519b7a574/screenshot HTTP/1.1
User-Agent: selenium/4.8.1 (java windows)
Cache-Control: no-cache
Content-Type: application/json; charset=utf-8
host: localhost:47818
accept: */*

Response DefaultHttpResponse(decodeResult: success, version: HTTP/1.1)
HTTP/1.1 200 OK
Content-Length: 49896
Content-Type: application/json; charset=utf-8
cache-control: no-cache

01:32:32.484 [AsyncHttpClient-1-10] DEBUG org.asynchttpclient.netty.channel.ChannelManager - Adding key: http://localhost:47818 for channel [id: 0x5791edb4, L:/127.0.0.1:58332 - R:localhost/127.0.0.1:47818]
01:32:32.486 [main] DEBUG net.serenitybdd.core.photography.Darkroom - Send negative for processing for target\site\serenity\84fe7b13f1790b64485bc6c9873a838758172351b83d8d1fa161da35ca84605e.png
01:32:32.486 [main] DEBUG net.thucydides.core.steps.StepInterceptor - STEP DONE: clickPlusIcon
  &amp#27;[32mAnd &amp#27;[0m&amp#27;[32mI clicked the plus icon one more time&amp#27;[0m                                         &amp#27;[90m# starter.stepdefinitions.LoginSteps.clickPlusIconMore()&amp#27;[0m
01:32:32.487 [Darkroom Processing Line] DEBUG net.serenitybdd.core.photography.DarkroomProcessingLine - Processing screenshot image in /var/screenshots/screenshot-1795226706044251446
01:32:32.487 [Darkroom Processing Line] DEBUG net.serenitybdd.core.photography.DarkroomProcessingLine - Saving screenshot to target\site\serenity\84fe7b13f1790b64485bc6c9873a838758172351b83d8d1fa161da35ca84605e.png
01:32:32.495 [Forwarding getPageSource on session 2babdd9b38695ca49c7f189519b7a574 to remote] DEBUG org.asynchttpclient.netty.request.NettyRequestSender - Using pooled Channel '[id: 0x5791edb4, L:/127.0.0.1:58332 - R:localhost/127.0.0.1:47818]' for 'POST' to 'http://localhost:47818/session/2babdd9b38695ca49c7f189519b7a574/execute/sync'
01:32:32.495 [Forwarding getPageSource on session 2babdd9b38695ca49c7f189519b7a574 to remote] DEBUG org.asynchttpclient.netty.request.NettyRequestSender - Using open Channel [id: 0x5791edb4, L:/127.0.0.1:58332 - R:localhost/127.0.0.1:47818] for POST '/session/2babdd9b38695ca49c7f189519b7a574/execute/sync'
01:32:32.502 [AsyncHttpClient-1-10] DEBUG org.asynchttpclient.netty.handler.HttpHandler - 

Request DefaultHttpRequest(decodeResult: success, version: HTTP/1.1)
POST /session/2babdd9b38695ca49c7f189519b7a574/execute/sync HTTP/1.1
User-Agent: selenium/4.8.1 (java windows)
Content-Length: 176
Content-Type: application/json; charset=utf-8
host: localhost:47818
accept: */*

Response DefaultHttpResponse(decodeResult: success, version: HTTP/1.1)
HTTP/1.1 200 OK
Content-Length: 22624
Content-Type: application/json; charset=utf-8
cache-control: no-cache

01:32:32.502 [AsyncHttpClient-1-10] DEBUG org.asynchttpclient.netty.channel.ChannelManager - Adding key: http://localhost:47818 for channel [id: 0x5791edb4, L:/127.0.0.1:58332 - R:localhost/127.0.0.1:47818]
01:32:32.505 [Forwarding getCurrentUrl on session 2babdd9b38695ca49c7f189519b7a574 to remote] DEBUG org.asynchttpclient.netty.request.NettyRequestSender - Using pooled Channel '[id: 0x5791edb4, L:/127.0.0.1:58332 - R:localhost/127.0.0.1:47818]' for 'GET' to 'http://localhost:47818/session/2babdd9b38695ca49c7f189519b7a574/url'
01:32:32.505 [Forwarding getCurrentUrl on session 2babdd9b38695ca49c7f189519b7a574 to remote] DEBUG org.asynchttpclient.netty.request.NettyRequestSender - Using open Channel [id: 0x5791edb4, L:/127.0.0.1:58332 - R:localhost/127.0.0.1:47818] for GET '/session/2babdd9b38695ca49c7f189519b7a574/url'
01:32:32.510 [AsyncHttpClient-1-10] DEBUG org.asynchttpclient.netty.handler.HttpHandler - 

Request DefaultFullHttpRequest(decodeResult: success, version: HTTP/1.1, content: EmptyByteBufBE)
GET /session/2babdd9b38695ca49c7f189519b7a574/url HTTP/1.1
User-Agent: selenium/4.8.1 (java windows)
Cache-Control: no-cache
Content-Type: application/json; charset=utf-8
host: localhost:47818
accept: */*

Response DefaultHttpResponse(decodeResult: success, version: HTTP/1.1)
HTTP/1.1 200 OK
Content-Length: 46
Content-Type: application/json; charset=utf-8
cache-control: no-cache

01:32:32.510 [AsyncHttpClient-1-10] DEBUG org.asynchttpclient.netty.channel.ChannelManager - Adding key: http://localhost:47818 for channel [id: 0x5791edb4, L:/127.0.0.1:58332 - R:localhost/127.0.0.1:47818]
01:32:32.515 [Forwarding findElement on session 2babdd9b38695ca49c7f189519b7a574 to remote] DEBUG org.asynchttpclient.netty.request.NettyRequestSender - Using pooled Channel '[id: 0x5791edb4, L:/127.0.0.1:58332 - R:localhost/127.0.0.1:47818]' for 'POST' to 'http://localhost:47818/session/2babdd9b38695ca49c7f189519b7a574/element'
01:32:32.516 [Forwarding findElement on session 2babdd9b38695ca49c7f189519b7a574 to remote] DEBUG org.asynchttpclient.netty.request.NettyRequestSender - Using open Channel [id: 0x5791edb4, L:/127.0.0.1:58332 - R:localhost/127.0.0.1:47818] for POST '/session/2babdd9b38695ca49c7f189519b7a574/element'
01:32:32.524 [AsyncHttpClient-1-10] DEBUG org.asynchttpclient.netty.handler.HttpHandler - 

Request DefaultHttpRequest(decodeResult: success, version: HTTP/1.1)
POST /session/2babdd9b38695ca49c7f189519b7a574/element HTTP/1.1
User-Agent: selenium/4.8.1 (java windows)
Content-Length: 75
Content-Type: application/json; charset=utf-8
host: localhost:47818
accept: */*

Response DefaultHttpResponse(decodeResult: success, version: HTTP/1.1)
HTTP/1.1 200 OK
Content-Length: 88
Content-Type: application/json; charset=utf-8
cache-control: no-cache

01:32:32.524 [AsyncHttpClient-1-10] DEBUG org.asynchttpclient.netty.channel.ChannelManager - Adding key: http://localhost:47818 for channel [id: 0x5791edb4, L:/127.0.0.1:58332 - R:localhost/127.0.0.1:47818]
01:32:32.528 [Forwarding isElementDisplayed on session 2babdd9b38695ca49c7f189519b7a574 to remote] DEBUG org.asynchttpclient.netty.request.NettyRequestSender - Using pooled Channel '[id: 0x5791edb4, L:/127.0.0.1:58332 - R:localhost/127.0.0.1:47818]' for 'POST' to 'http://localhost:47818/session/2babdd9b38695ca49c7f189519b7a574/execute/sync'
01:32:32.528 [Forwarding isElementDisplayed on session 2babdd9b38695ca49c7f189519b7a574 to remote] DEBUG org.asynchttpclient.netty.request.NettyRequestSender - Using open Channel [id: 0x5791edb4, L:/127.0.0.1:58332 - R:localhost/127.0.0.1:47818] for POST '/session/2babdd9b38695ca49c7f189519b7a574/execute/sync'
01:32:32.537 [AsyncHttpClient-1-10] DEBUG org.asynchttpclient.netty.handler.HttpHandler - 

Request DefaultHttpRequest(decodeResult: success, version: HTTP/1.1)
POST /session/2babdd9b38695ca49c7f189519b7a574/execute/sync HTTP/1.1
User-Agent: selenium/4.8.1 (java windows)
Content-Length: 48807
Content-Type: application/json; charset=utf-8
host: localhost:47818
accept: */*

Response DefaultHttpResponse(decodeResult: success, version: HTTP/1.1)
HTTP/1.1 200 OK
Content-Length: 14
Content-Type: application/json; charset=utf-8
cache-control: no-cache

01:32:32.538 [AsyncHttpClient-1-10] DEBUG org.asynchttpclient.netty.channel.ChannelManager - Adding key: http://localhost:47818 for channel [id: 0x5791edb4, L:/127.0.0.1:58332 - R:localhost/127.0.0.1:47818]
  &amp#27;[32mThen &amp#27;[0m&amp#27;[32mI was successful in increasing the quantity to three&amp#27;[0m                         &amp#27;[90m# starter.stepdefinitions.LoginSteps.successIncreaseProduct()&amp#27;[0m
01:32:32.546 [Forwarding getAlertText on session 2babdd9b38695ca49c7f189519b7a574 to remote] DEBUG org.asynchttpclient.netty.request.NettyRequestSender - Using pooled Channel '[id: 0x5791edb4, L:/127.0.0.1:58332 - R:localhost/127.0.0.1:47818]' for 'GET' to 'http://localhost:47818/session/2babdd9b38695ca49c7f189519b7a574/alert/text'
01:32:32.546 [Forwarding getAlertText on session 2babdd9b38695ca49c7f189519b7a574 to remote] DEBUG org.asynchttpclient.netty.request.NettyRequestSender - Using open Channel [id: 0x5791edb4, L:/127.0.0.1:58332 - R:localhost/127.0.0.1:47818] for GET '/session/2babdd9b38695ca49c7f189519b7a574/alert/text'
01:32:32.548 [AsyncHttpClient-1-10] DEBUG org.asynchttpclient.netty.handler.HttpHandler - 

Request DefaultFullHttpRequest(decodeResult: success, version: HTTP/1.1, content: EmptyByteBufBE)
GET /session/2babdd9b38695ca49c7f189519b7a574/alert/text HTTP/1.1
User-Agent: selenium/4.8.1 (java windows)
Cache-Control: no-cache
Content-Type: application/json; charset=utf-8
host: localhost:47818
accept: */*

Response DefaultHttpResponse(decodeResult: success, version: HTTP/1.1)
HTTP/1.1 404 Not Found
Content-Length: 816
Content-Type: application/json; charset=utf-8
cache-control: no-cache

01:32:32.548 [AsyncHttpClient-1-10] DEBUG org.asynchttpclient.netty.channel.ChannelManager - Adding key: http://localhost:47818 for channel [id: 0x5791edb4, L:/127.0.0.1:58332 - R:localhost/127.0.0.1:47818]
01:32:32.549 [Forwarding getCurrentUrl on session 2babdd9b38695ca49c7f189519b7a574 to remote] DEBUG org.asynchttpclient.netty.request.NettyRequestSender - Using pooled Channel '[id: 0x5791edb4, L:/127.0.0.1:58332 - R:localhost/127.0.0.1:47818]' for 'GET' to 'http://localhost:47818/session/2babdd9b38695ca49c7f189519b7a574/url'
01:32:32.549 [Forwarding getCurrentUrl on session 2babdd9b38695ca49c7f189519b7a574 to remote] DEBUG org.asynchttpclient.netty.request.NettyRequestSender - Using open Channel [id: 0x5791edb4, L:/127.0.0.1:58332 - R:localhost/127.0.0.1:47818] for GET '/session/2babdd9b38695ca49c7f189519b7a574/url'
01:32:32.553 [AsyncHttpClient-1-10] DEBUG org.asynchttpclient.netty.handler.HttpHandler - 

Request DefaultFullHttpRequest(decodeResult: success, version: HTTP/1.1, content: EmptyByteBufBE)
GET /session/2babdd9b38695ca49c7f189519b7a574/url HTTP/1.1
User-Agent: selenium/4.8.1 (java windows)
Cache-Control: no-cache
Content-Type: application/json; charset=utf-8
host: localhost:47818
accept: */*

Response DefaultHttpResponse(decodeResult: success, version: HTTP/1.1)
HTTP/1.1 200 OK
Content-Length: 46
Content-Type: application/json; charset=utf-8
cache-control: no-cache

01:32:32.553 [AsyncHttpClient-1-10] DEBUG org.asynchttpclient.netty.channel.ChannelManager - Adding key: http://localhost:47818 for channel [id: 0x5791edb4, L:/127.0.0.1:58332 - R:localhost/127.0.0.1:47818]
01:32:32.554 [Forwarding screenshot on session 2babdd9b38695ca49c7f189519b7a574 to remote] DEBUG org.asynchttpclient.netty.request.NettyRequestSender - Using pooled Channel '[id: 0x5791edb4, L:/127.0.0.1:58332 - R:localhost/127.0.0.1:47818]' for 'GET' to 'http://localhost:47818/session/2babdd9b38695ca49c7f189519b7a574/screenshot'
01:32:32.554 [Forwarding screenshot on session 2babdd9b38695ca49c7f189519b7a574 to remote] DEBUG org.asynchttpclient.netty.request.NettyRequestSender - Using open Channel [id: 0x5791edb4, L:/127.0.0.1:58332 - R:localhost/127.0.0.1:47818] for GET '/session/2babdd9b38695ca49c7f189519b7a574/screenshot'
01:32:32.713 [AsyncHttpClient-1-10] DEBUG org.asynchttpclient.netty.handler.HttpHandler - 

Request DefaultFullHttpRequest(decodeResult: success, version: HTTP/1.1, content: EmptyByteBufBE)
GET /session/2babdd9b38695ca49c7f189519b7a574/screenshot HTTP/1.1
User-Agent: selenium/4.8.1 (java windows)
Cache-Control: no-cache
Content-Type: application/json; charset=utf-8
host: localhost:47818
accept: */*

Response DefaultHttpResponse(decodeResult: success, version: HTTP/1.1)
HTTP/1.1 200 OK
Content-Length: 49684
Content-Type: application/json; charset=utf-8
cache-control: no-cache

01:32:32.713 [AsyncHttpClient-1-10] DEBUG org.asynchttpclient.netty.channel.ChannelManager - Adding key: http://localhost:47818 for channel [id: 0x5791edb4, L:/127.0.0.1:58332 - R:localhost/127.0.0.1:47818]
01:32:32.717 [main] DEBUG net.serenitybdd.core.photography.Darkroom - Send negative for processing for target\site\serenity\1da4b763514ae221d840462453053cc1d77563e4dc2036069dc36711749c622e.png
01:32:32.717 [Darkroom Processing Line] DEBUG net.serenitybdd.core.photography.DarkroomProcessingLine - Processing screenshot image in /var/screenshots/screenshot-9132634385375068344
01:32:32.717 [Darkroom Processing Line] DEBUG net.serenitybdd.core.photography.DarkroomProcessingLine - Saving screenshot to target\site\serenity\1da4b763514ae221d840462453053cc1d77563e4dc2036069dc36711749c622e.png
01:32:32.718 [main] INFO  - 
  _____   ___   ___   _____     ___     _     ___   ___   ___   ___  
 |_   _| | __| / __| |_   _|   | _ \   /_\   / __| / __| | __| |   \ 
   | |   | _|  \__ \   | |     |  _/  / _ \  \__ \ \__ \ | _|  | |) |
   |_|   |___| |___/   |_|     |_|   /_/ \_\ |___/ |___/ |___| |___/ 

As user i have be able to success increasing the quantity product in cart
----------------------------------------------------------------------
01:32:32.720 [Driver Command Executor] DEBUG org.asynchttpclient.netty.request.NettyRequestSender - Using pooled Channel '[id: 0x5791edb4, L:/127.0.0.1:58332 - R:localhost/127.0.0.1:47818]' for 'DELETE' to 'http://localhost:47818/session/2babdd9b38695ca49c7f189519b7a574'
01:32:32.720 [Driver Command Executor] DEBUG org.asynchttpclient.netty.request.NettyRequestSender - Using open Channel [id: 0x5791edb4, L:/127.0.0.1:58332 - R:localhost/127.0.0.1:47818] for DELETE '/session/2babdd9b38695ca49c7f189519b7a574'
01:32:32.720 [AsyncHttpClient-1-12] DEBUG org.asynchttpclient.netty.handler.WebSocketHandler - Channel Closed: [id: 0x4a40f1db, L:/127.0.0.1:58340 ! R:localhost/127.0.0.1:58333] with attribute NettyResponseFuture{currentRetry=0,
	isDone=1,
	isCancelled=0,
	asyncHandler=org.asynchttpclient.ws.WebSocketUpgradeHandler@328aadd1,
	nettyRequest=org.asynchttpclient.netty.request.NettyRequest@5c620a6a,
	future=java.util.concurrent.CompletableFuture@4ac7bce2[Completed normally],
	uri=ws://localhost:58333/devtools/browser/fcb26015-a06f-44ac-8c67-2983d6536a6c,
	keepAlive=true,
	redirectCount=0,
	timeoutsHolder=null,
	inAuth=0,
	touch=1683484345509}
01:32:32.720 [AsyncHttpClient-1-12] DEBUG org.asynchttpclient.netty.channel.ChannelManager - Closing Channel [id: 0x4a40f1db, L:/127.0.0.1:58340 ! R:localhost/127.0.0.1:58333] 
01:32:32.794 [AsyncHttpClient-1-11] DEBUG org.asynchttpclient.netty.handler.HttpHandler - Unexpected I/O exception on channel [id: 0xa95bb7b5, L:/127.0.0.1:58339 - R:localhost/127.0.0.1:58333]
java.io.IOException: An existing connection was forcibly closed by the remote host
	at sun.nio.ch.SocketDispatcher.read0(Native Method)
	at sun.nio.ch.SocketDispatcher.read(Unknown Source)
	at sun.nio.ch.IOUtil.readIntoNativeBuffer(Unknown Source)
	at sun.nio.ch.IOUtil.read(Unknown Source)
	at sun.nio.ch.SocketChannelImpl.read(Unknown Source)
	at io.netty.buffer.PooledByteBuf.setBytes(PooledByteBuf.java:259)
	at io.netty.buffer.AbstractByteBuf.writeBytes(AbstractByteBuf.java:1132)
	at io.netty.channel.socket.nio.NioSocketChannel.doReadBytes(NioSocketChannel.java:357)
	at io.netty.channel.nio.AbstractNioByteChannel$NioByteUnsafe.read(AbstractNioByteChannel.java:151)
	at io.netty.channel.nio.NioEventLoop.processSelectedKey(NioEventLoop.java:788)
	at io.netty.channel.nio.NioEventLoop.processSelectedKeysOptimized(NioEventLoop.java:724)
	at io.netty.channel.nio.NioEventLoop.processSelectedKeys(NioEventLoop.java:650)
	at io.netty.channel.nio.NioEventLoop.run(NioEventLoop.java:562)
	at io.netty.util.concurrent.SingleThreadEventExecutor$4.run(SingleThreadEventExecutor.java:997)
	at io.netty.util.internal.ThreadExecutorMap$2.run(ThreadExecutorMap.java:74)
	at io.netty.util.concurrent.FastThreadLocalRunnable.run(FastThreadLocalRunnable.java:30)
	at java.lang.Thread.run(Unknown Source)
01:32:32.794 [AsyncHttpClient-1-11] DEBUG org.asynchttpclient.netty.channel.ChannelManager - Closing Channel [id: 0xa95bb7b5, L:/127.0.0.1:58339 - R:localhost/127.0.0.1:58333] 
01:32:32.794 [AsyncHttpClient-1-11] DEBUG org.asynchttpclient.netty.handler.HttpHandler - Channel Closed: [id: 0xa95bb7b5, L:/127.0.0.1:58339 ! R:localhost/127.0.0.1:58333] with attribute DISCARD
01:32:32.833 [AsyncHttpClient-1-10] DEBUG org.asynchttpclient.netty.handler.HttpHandler - 

Request DefaultFullHttpRequest(decodeResult: success, version: HTTP/1.1, content: EmptyByteBufBE)
DELETE /session/2babdd9b38695ca49c7f189519b7a574 HTTP/1.1
User-Agent: selenium/4.8.1 (java windows)
Content-Type: application/json; charset=utf-8
host: localhost:47818
accept: */*

Response DefaultHttpResponse(decodeResult: success, version: HTTP/1.1)
HTTP/1.1 200 OK
Content-Length: 14
Content-Type: application/json; charset=utf-8
cache-control: no-cache

01:32:32.833 [AsyncHttpClient-1-10] DEBUG org.asynchttpclient.netty.channel.ChannelManager - Adding key: http://localhost:47818 for channel [id: 0x5791edb4, L:/127.0.0.1:58332 - R:localhost/127.0.0.1:47818]
01:32:32.951 [AsyncHttpClient-1-10] DEBUG org.asynchttpclient.netty.handler.HttpHandler - Channel Closed: [id: 0x5791edb4, L:/127.0.0.1:58332 ! R:localhost/127.0.0.1:47818] with attribute DISCARD
01:32:33.095 [AsyncHttpClient-1-1] DEBUG org.asynchttpclient.netty.channel.DefaultChannelPool - Entry count for : http://localhost:58333 : 1
01:32:33.095 [AsyncHttpClient-1-1] DEBUG org.asynchttpclient.netty.channel.DefaultChannelPool - Entry count for : http://localhost:47818 : 1
01:32:33.095 [AsyncHttpClient-1-1] DEBUG org.asynchttpclient.netty.channel.DefaultChannelPool - Adding Candidate expired Channel [id: 0xa95bb7b5, L:/127.0.0.1:58339 ! R:localhost/127.0.0.1:58333] isIdleTimeoutExpired=false isRemotelyClosed=true isTtlExpired=false
01:32:33.095 [AsyncHttpClient-1-1] DEBUG org.asynchttpclient.netty.channel.DefaultChannelPool - Closing Idle Channel [id: 0xa95bb7b5, L:/127.0.0.1:58339 ! R:localhost/127.0.0.1:58333]
01:32:33.095 [AsyncHttpClient-1-1] DEBUG org.asynchttpclient.netty.channel.DefaultChannelPool - Adding Candidate expired Channel [id: 0x5791edb4, L:/127.0.0.1:58332 ! R:localhost/127.0.0.1:47818] isIdleTimeoutExpired=false isRemotelyClosed=true isTtlExpired=false
01:32:33.095 [AsyncHttpClient-1-1] DEBUG org.asynchttpclient.netty.channel.DefaultChannelPool - Closing Idle Channel [id: 0x5791edb4, L:/127.0.0.1:58332 ! R:localhost/127.0.0.1:47818]
01:32:33.095 [AsyncHttpClient-1-1] DEBUG org.asynchttpclient.netty.channel.DefaultChannelPool - Closed 2 connections out of 2 in 0 ms
]]></system-out>
    <system-err><![CDATA[Starting ChromeDriver 111.0.5563.64 (c710e93d5b63b7095afe8c2c17df34408078439d-refs/branch-heads/5563@{#995}) on port 47818
Only local connections are allowed.
Please see https://chromedriver.chromium.org/security-considerations for suggestions on keeping ChromeDriver safe.
ChromeDriver was started successfully.
[1683484345.456][WARNING]: This version of ChromeDriver has not been tested with Chrome version 112.
Mei 08, 2023 1:32:25 AM org.openqa.selenium.devtools.CdpVersionFinder findNearestMatch
WARNING: Unable to find an exact match for CDP version 112, so returning the closest version found: 110
]]></system-err>
  </testcase>
  <testcase name="As user i can view details of two products that have been purchased in the cart" classname="Orders" time="8.609">
    <system-out><![CDATA[
Scenario: As user i can view details of two products that have been purchased in the cart &amp#27;[90m# src/test/resources/features/Orders.feature:28&amp#27;[0m
01:32:33.479 [main] DEBUG io.cucumber.core.plugin.SerenityReporter - Running feature from file:///D:/TUGAS%20SEMESTER%206/Mini%20Project/WebTest-MiniProject/src/test/resources/features/Orders.feature
01:32:33.481 [main] INFO  - 
  _____   ___   ___   _____     ___   _____     _     ___   _____   ___   ___  
 |_   _| | __| / __| |_   _|   / __| |_   _|   /_\   | _ \ |_   _| | __| |   \ 
   | |   | _|  \__ \   | |     \__ \   | |    / _ \  |   /   | |   | _|  | |) |
   |_|   |___| |___/   |_|     |___/   |_|   /_/ \_\ |_|_\   |_|   |___| |___/ 

As user i can view details of two products that have been purchased in the cart(orders;as-user-i-can-view-details-of-two-products-that-have-been-purchased-in-the-cart)
--------------------------------------------------------------------------------
01:32:33.554 [main] INFO net.serenitybdd.core.webdriver.driverproviders.ChromeDriverProvider - Starting Chrome driver instance with capabilities:
01:32:33.555 [main] INFO net.serenitybdd.core.webdriver.driverproviders.ChromeDriverProvider - Capabilities {acceptInsecureCerts: false, browserName: chrome, goog:chromeOptions: {args: [remote-allow-origins=*], extensions: []}}
01:32:34.155 [AsyncHttpClient-1-13] DEBUG org.asynchttpclient.netty.channel.NettyConnectListener - Using new Channel '[id: 0x5c2f99c6, L:/127.0.0.1:58354 - R:localhost/127.0.0.1:39538]' for 'POST' to '/session'
01:32:34.798 [AsyncHttpClient-1-13] DEBUG org.asynchttpclient.netty.handler.HttpHandler - 

Request DefaultHttpRequest(decodeResult: success, version: HTTP/1.1)
POST /session HTTP/1.1
User-Agent: selenium/4.8.1 (java windows)
Content-Length: 507
Content-Type: application/json; charset=utf-8
host: localhost:39538
accept: */*

Response DefaultHttpResponse(decodeResult: success, version: HTTP/1.1)
HTTP/1.1 200 OK
Content-Length: 857
Content-Type: application/json; charset=utf-8
cache-control: no-cache

01:32:34.798 [AsyncHttpClient-1-13] DEBUG org.asynchttpclient.netty.channel.ChannelManager - Adding key: http://localhost:39538 for channel [id: 0x5c2f99c6, L:/127.0.0.1:58354 - R:localhost/127.0.0.1:39538]
01:32:34.806 [AsyncHttpClient-1-14] DEBUG org.asynchttpclient.netty.channel.NettyConnectListener - Using new Channel '[id: 0x0f7f935d, L:/127.0.0.1:58361 - R:localhost/127.0.0.1:58355]' for 'GET' to '/json/version'
01:32:34.806 [AsyncHttpClient-1-14] DEBUG org.asynchttpclient.netty.handler.HttpHandler - 

Request DefaultFullHttpRequest(decodeResult: success, version: HTTP/1.1, content: EmptyByteBufBE)
GET /json/version HTTP/1.1
User-Agent: selenium/4.8.1 (java windows)
host: localhost:58355
accept: */*

Response DefaultHttpResponse(decodeResult: success, version: HTTP/1.1)
HTTP/1.1 200 OK
Content-Security-Policy: frame-ancestors 'none'
Content-Length: 424
Content-Type: application/json; charset=UTF-8

01:32:34.806 [AsyncHttpClient-1-14] DEBUG org.asynchttpclient.netty.channel.ChannelManager - Adding key: http://localhost:58355 for channel [id: 0x0f7f935d, L:/127.0.0.1:58361 - R:localhost/127.0.0.1:58355]
01:32:34.810 [AsyncHttpClient-1-15] DEBUG org.asynchttpclient.netty.channel.NettyConnectListener - Using new Channel '[id: 0x2015f0a5, L:/127.0.0.1:58362 - R:localhost/127.0.0.1:58355]' for 'GET' to '/devtools/browser/9b296d28-6390-43ed-afa1-7af658581d1e'
01:32:34.811 [AsyncHttpClient-1-15] DEBUG org.asynchttpclient.netty.handler.WebSocketHandler - 

Request DefaultFullHttpRequest(decodeResult: success, version: HTTP/1.1, content: EmptyByteBufBE)
GET /devtools/browser/9b296d28-6390-43ed-afa1-7af658581d1e HTTP/1.1
upgrade: websocket
connection: upgrade
sec-websocket-key: 1+ZrCgwjKiMbjf4AVmZMgw==
sec-websocket-version: 13
origin: http://localhost:58355
host: localhost:58355
accept: */*
user-agent: AHC/2.1

Response DefaultHttpResponse(decodeResult: success, version: HTTP/1.1)
HTTP/1.1 101 WebSocket Protocol Handshake
Upgrade: WebSocket
Connection: Upgrade
Sec-WebSocket-Accept: q+G5LYsCapjwuIqOJ4WB6SshT+c=

01:32:34.815 [Forwarding get on session 7804aeb9c9b63d749e1c75555577655d to remote] DEBUG org.asynchttpclient.netty.request.NettyRequestSender - Using pooled Channel '[id: 0x5c2f99c6, L:/127.0.0.1:58354 - R:localhost/127.0.0.1:39538]' for 'POST' to 'http://localhost:39538/session/7804aeb9c9b63d749e1c75555577655d/url'
01:32:34.815 [Forwarding get on session 7804aeb9c9b63d749e1c75555577655d to remote] DEBUG org.asynchttpclient.netty.request.NettyRequestSender - Using open Channel [id: 0x5c2f99c6, L:/127.0.0.1:58354 - R:localhost/127.0.0.1:39538] for POST '/session/7804aeb9c9b63d749e1c75555577655d/url'
01:32:35.290 [AsyncHttpClient-1-1] DEBUG org.asynchttpclient.netty.channel.DefaultChannelPool - Entry count for : http://localhost:58355 : 1
01:32:35.458 [AsyncHttpClient-1-13] DEBUG org.asynchttpclient.netty.handler.HttpHandler - 

Request DefaultHttpRequest(decodeResult: success, version: HTTP/1.1)
POST /session/7804aeb9c9b63d749e1c75555577655d/url HTTP/1.1
User-Agent: selenium/4.8.1 (java windows)
Content-Length: 74
Content-Type: application/json; charset=utf-8
host: localhost:39538
accept: */*

Response DefaultHttpResponse(decodeResult: success, version: HTTP/1.1)
HTTP/1.1 200 OK
Content-Length: 14
Content-Type: application/json; charset=utf-8
cache-control: no-cache

01:32:35.459 [AsyncHttpClient-1-13] DEBUG org.asynchttpclient.netty.channel.ChannelManager - Adding key: http://localhost:39538 for channel [id: 0x5c2f99c6, L:/127.0.0.1:58354 - R:localhost/127.0.0.1:39538]
01:32:35.459 [Forwarding setTimeout on session 7804aeb9c9b63d749e1c75555577655d to remote] DEBUG org.asynchttpclient.netty.request.NettyRequestSender - Using pooled Channel '[id: 0x5c2f99c6, L:/127.0.0.1:58354 - R:localhost/127.0.0.1:39538]' for 'POST' to 'http://localhost:39538/session/7804aeb9c9b63d749e1c75555577655d/timeouts'
01:32:35.460 [Forwarding setTimeout on session 7804aeb9c9b63d749e1c75555577655d to remote] DEBUG org.asynchttpclient.netty.request.NettyRequestSender - Using open Channel [id: 0x5c2f99c6, L:/127.0.0.1:58354 - R:localhost/127.0.0.1:39538] for POST '/session/7804aeb9c9b63d749e1c75555577655d/timeouts'
01:32:35.461 [AsyncHttpClient-1-13] DEBUG org.asynchttpclient.netty.handler.HttpHandler - 

Request DefaultHttpRequest(decodeResult: success, version: HTTP/1.1)
POST /session/7804aeb9c9b63d749e1c75555577655d/timeouts HTTP/1.1
User-Agent: selenium/4.8.1 (java windows)
Content-Length: 22
Content-Type: application/json; charset=utf-8
host: localhost:39538
accept: */*

Response DefaultHttpResponse(decodeResult: success, version: HTTP/1.1)
HTTP/1.1 200 OK
Content-Length: 14
Content-Type: application/json; charset=utf-8
cache-control: no-cache

01:32:35.461 [AsyncHttpClient-1-13] DEBUG org.asynchttpclient.netty.channel.ChannelManager - Adding key: http://localhost:39538 for channel [id: 0x5c2f99c6, L:/127.0.0.1:58354 - R:localhost/127.0.0.1:39538]
01:32:35.469 [Forwarding getAlertText on session 7804aeb9c9b63d749e1c75555577655d to remote] DEBUG org.asynchttpclient.netty.request.NettyRequestSender - Using pooled Channel '[id: 0x5c2f99c6, L:/127.0.0.1:58354 - R:localhost/127.0.0.1:39538]' for 'GET' to 'http://localhost:39538/session/7804aeb9c9b63d749e1c75555577655d/alert/text'
01:32:35.469 [Forwarding getAlertText on session 7804aeb9c9b63d749e1c75555577655d to remote] DEBUG org.asynchttpclient.netty.request.NettyRequestSender - Using open Channel [id: 0x5c2f99c6, L:/127.0.0.1:58354 - R:localhost/127.0.0.1:39538] for GET '/session/7804aeb9c9b63d749e1c75555577655d/alert/text'
01:32:35.471 [AsyncHttpClient-1-13] DEBUG org.asynchttpclient.netty.handler.HttpHandler - 

Request DefaultFullHttpRequest(decodeResult: success, version: HTTP/1.1, content: EmptyByteBufBE)
GET /session/7804aeb9c9b63d749e1c75555577655d/alert/text HTTP/1.1
User-Agent: selenium/4.8.1 (java windows)
Cache-Control: no-cache
Content-Type: application/json; charset=utf-8
host: localhost:39538
accept: */*

Response DefaultHttpResponse(decodeResult: success, version: HTTP/1.1)
HTTP/1.1 404 Not Found
Content-Length: 816
Content-Type: application/json; charset=utf-8
cache-control: no-cache

01:32:35.471 [AsyncHttpClient-1-13] DEBUG org.asynchttpclient.netty.channel.ChannelManager - Adding key: http://localhost:39538 for channel [id: 0x5c2f99c6, L:/127.0.0.1:58354 - R:localhost/127.0.0.1:39538]
01:32:35.473 [Forwarding getCurrentUrl on session 7804aeb9c9b63d749e1c75555577655d to remote] DEBUG org.asynchttpclient.netty.request.NettyRequestSender - Using pooled Channel '[id: 0x5c2f99c6, L:/127.0.0.1:58354 - R:localhost/127.0.0.1:39538]' for 'GET' to 'http://localhost:39538/session/7804aeb9c9b63d749e1c75555577655d/url'
01:32:35.473 [Forwarding getCurrentUrl on session 7804aeb9c9b63d749e1c75555577655d to remote] DEBUG org.asynchttpclient.netty.request.NettyRequestSender - Using open Channel [id: 0x5c2f99c6, L:/127.0.0.1:58354 - R:localhost/127.0.0.1:39538] for GET '/session/7804aeb9c9b63d749e1c75555577655d/url'
01:32:35.479 [AsyncHttpClient-1-13] DEBUG org.asynchttpclient.netty.handler.HttpHandler - 

Request DefaultFullHttpRequest(decodeResult: success, version: HTTP/1.1, content: EmptyByteBufBE)
GET /session/7804aeb9c9b63d749e1c75555577655d/url HTTP/1.1
User-Agent: selenium/4.8.1 (java windows)
Cache-Control: no-cache
Content-Type: application/json; charset=utf-8
host: localhost:39538
accept: */*

Response DefaultHttpResponse(decodeResult: success, version: HTTP/1.1)
HTTP/1.1 200 OK
Content-Length: 51
Content-Type: application/json; charset=utf-8
cache-control: no-cache

01:32:35.479 [AsyncHttpClient-1-13] DEBUG org.asynchttpclient.netty.channel.ChannelManager - Adding key: http://localhost:39538 for channel [id: 0x5c2f99c6, L:/127.0.0.1:58354 - R:localhost/127.0.0.1:39538]
01:32:35.480 [Forwarding screenshot on session 7804aeb9c9b63d749e1c75555577655d to remote] DEBUG org.asynchttpclient.netty.request.NettyRequestSender - Using pooled Channel '[id: 0x5c2f99c6, L:/127.0.0.1:58354 - R:localhost/127.0.0.1:39538]' for 'GET' to 'http://localhost:39538/session/7804aeb9c9b63d749e1c75555577655d/screenshot'
01:32:35.480 [Forwarding screenshot on session 7804aeb9c9b63d749e1c75555577655d to remote] DEBUG org.asynchttpclient.netty.request.NettyRequestSender - Using open Channel [id: 0x5c2f99c6, L:/127.0.0.1:58354 - R:localhost/127.0.0.1:39538] for GET '/session/7804aeb9c9b63d749e1c75555577655d/screenshot'
01:32:35.802 [AsyncHttpClient-1-13] DEBUG org.asynchttpclient.netty.handler.HttpHandler - 

Request DefaultFullHttpRequest(decodeResult: success, version: HTTP/1.1, content: EmptyByteBufBE)
GET /session/7804aeb9c9b63d749e1c75555577655d/screenshot HTTP/1.1
User-Agent: selenium/4.8.1 (java windows)
Cache-Control: no-cache
Content-Type: application/json; charset=utf-8
host: localhost:39538
accept: */*

Response DefaultHttpResponse(decodeResult: success, version: HTTP/1.1)
HTTP/1.1 200 OK
Content-Length: 37680
Content-Type: application/json; charset=utf-8
cache-control: no-cache

01:32:35.802 [AsyncHttpClient-1-13] DEBUG org.asynchttpclient.netty.channel.ChannelManager - Adding key: http://localhost:39538 for channel [id: 0x5c2f99c6, L:/127.0.0.1:58354 - R:localhost/127.0.0.1:39538]
01:32:35.804 [main] DEBUG net.serenitybdd.core.photography.Darkroom - Send negative for processing for target\site\serenity\617ccc73021c4cab9dfa54c5aa3482f15135817f8e58f0514fd8d62047c1a9ab.png
01:32:35.805 [Forwarding getPageSource on session 7804aeb9c9b63d749e1c75555577655d to remote] DEBUG org.asynchttpclient.netty.request.NettyRequestSender - Using pooled Channel '[id: 0x5c2f99c6, L:/127.0.0.1:58354 - R:localhost/127.0.0.1:39538]' for 'POST' to 'http://localhost:39538/session/7804aeb9c9b63d749e1c75555577655d/execute/sync'
01:32:35.805 [Forwarding getPageSource on session 7804aeb9c9b63d749e1c75555577655d to remote] DEBUG org.asynchttpclient.netty.request.NettyRequestSender - Using open Channel [id: 0x5c2f99c6, L:/127.0.0.1:58354 - R:localhost/127.0.0.1:39538] for POST '/session/7804aeb9c9b63d749e1c75555577655d/execute/sync'
01:32:35.812 [AsyncHttpClient-1-13] DEBUG org.asynchttpclient.netty.handler.HttpHandler - 

Request DefaultHttpRequest(decodeResult: success, version: HTTP/1.1)
POST /session/7804aeb9c9b63d749e1c75555577655d/execute/sync HTTP/1.1
User-Agent: selenium/4.8.1 (java windows)
Content-Length: 176
Content-Type: application/json; charset=utf-8
host: localhost:39538
accept: */*

Response DefaultHttpResponse(decodeResult: success, version: HTTP/1.1)
HTTP/1.1 200 OK
Content-Length: 21659
Content-Type: application/json; charset=utf-8
cache-control: no-cache

01:32:35.812 [AsyncHttpClient-1-13] DEBUG org.asynchttpclient.netty.channel.ChannelManager - Adding key: http://localhost:39538 for channel [id: 0x5c2f99c6, L:/127.0.0.1:58354 - R:localhost/127.0.0.1:39538]
01:32:35.815 [Forwarding getCurrentUrl on session 7804aeb9c9b63d749e1c75555577655d to remote] DEBUG org.asynchttpclient.netty.request.NettyRequestSender - Using pooled Channel '[id: 0x5c2f99c6, L:/127.0.0.1:58354 - R:localhost/127.0.0.1:39538]' for 'GET' to 'http://localhost:39538/session/7804aeb9c9b63d749e1c75555577655d/url'
01:32:35.815 [Forwarding getCurrentUrl on session 7804aeb9c9b63d749e1c75555577655d to remote] DEBUG org.asynchttpclient.netty.request.NettyRequestSender - Using open Channel [id: 0x5c2f99c6, L:/127.0.0.1:58354 - R:localhost/127.0.0.1:39538] for GET '/session/7804aeb9c9b63d749e1c75555577655d/url'
01:32:35.818 [AsyncHttpClient-1-13] DEBUG org.asynchttpclient.netty.handler.HttpHandler - 

Request DefaultFullHttpRequest(decodeResult: success, version: HTTP/1.1, content: EmptyByteBufBE)
GET /session/7804aeb9c9b63d749e1c75555577655d/url HTTP/1.1
User-Agent: selenium/4.8.1 (java windows)
Cache-Control: no-cache
Content-Type: application/json; charset=utf-8
host: localhost:39538
accept: */*

Response DefaultHttpResponse(decodeResult: success, version: HTTP/1.1)
HTTP/1.1 200 OK
Content-Length: 51
Content-Type: application/json; charset=utf-8
cache-control: no-cache

01:32:35.818 [AsyncHttpClient-1-13] DEBUG org.asynchttpclient.netty.channel.ChannelManager - Adding key: http://localhost:39538 for channel [id: 0x5c2f99c6, L:/127.0.0.1:58354 - R:localhost/127.0.0.1:39538]
01:32:35.820 [main] DEBUG net.thucydides.core.steps.StepInterceptor - STARTING STEP: LoginSteps.onTheLoginPage - validateOnTheLoginPage
01:32:35.822 [Forwarding findElement on session 7804aeb9c9b63d749e1c75555577655d to remote] DEBUG org.asynchttpclient.netty.request.NettyRequestSender - Using pooled Channel '[id: 0x5c2f99c6, L:/127.0.0.1:58354 - R:localhost/127.0.0.1:39538]' for 'POST' to 'http://localhost:39538/session/7804aeb9c9b63d749e1c75555577655d/element'
01:32:35.822 [Forwarding findElement on session 7804aeb9c9b63d749e1c75555577655d to remote] DEBUG org.asynchttpclient.netty.request.NettyRequestSender - Using open Channel [id: 0x5c2f99c6, L:/127.0.0.1:58354 - R:localhost/127.0.0.1:39538] for POST '/session/7804aeb9c9b63d749e1c75555577655d/element'
01:32:35.834 [AsyncHttpClient-1-13] DEBUG org.asynchttpclient.netty.handler.HttpHandler - 

Request DefaultHttpRequest(decodeResult: success, version: HTTP/1.1)
POST /session/7804aeb9c9b63d749e1c75555577655d/element HTTP/1.1
User-Agent: selenium/4.8.1 (java windows)
Content-Length: 165
Content-Type: application/json; charset=utf-8
host: localhost:39538
accept: */*

Response DefaultHttpResponse(decodeResult: success, version: HTTP/1.1)
HTTP/1.1 200 OK
Content-Length: 88
Content-Type: application/json; charset=utf-8
cache-control: no-cache

01:32:35.834 [AsyncHttpClient-1-13] DEBUG org.asynchttpclient.netty.channel.ChannelManager - Adding key: http://localhost:39538 for channel [id: 0x5c2f99c6, L:/127.0.0.1:58354 - R:localhost/127.0.0.1:39538]
01:32:35.837 [Forwarding isElementDisplayed on session 7804aeb9c9b63d749e1c75555577655d to remote] DEBUG org.asynchttpclient.netty.request.NettyRequestSender - Using pooled Channel '[id: 0x5c2f99c6, L:/127.0.0.1:58354 - R:localhost/127.0.0.1:39538]' for 'POST' to 'http://localhost:39538/session/7804aeb9c9b63d749e1c75555577655d/execute/sync'
01:32:35.837 [Forwarding isElementDisplayed on session 7804aeb9c9b63d749e1c75555577655d to remote] DEBUG org.asynchttpclient.netty.request.NettyRequestSender - Using open Channel [id: 0x5c2f99c6, L:/127.0.0.1:58354 - R:localhost/127.0.0.1:39538] for POST '/session/7804aeb9c9b63d749e1c75555577655d/execute/sync'
01:32:35.850 [AsyncHttpClient-1-13] DEBUG org.asynchttpclient.netty.handler.HttpHandler - 

Request DefaultHttpRequest(decodeResult: success, version: HTTP/1.1)
POST /session/7804aeb9c9b63d749e1c75555577655d/execute/sync HTTP/1.1
User-Agent: selenium/4.8.1 (java windows)
Content-Length: 48807
Content-Type: application/json; charset=utf-8
host: localhost:39538
accept: */*

Response DefaultHttpResponse(decodeResult: success, version: HTTP/1.1)
HTTP/1.1 200 OK
Content-Length: 14
Content-Type: application/json; charset=utf-8
cache-control: no-cache

01:32:35.850 [AsyncHttpClient-1-13] DEBUG org.asynchttpclient.netty.channel.ChannelManager - Adding key: http://localhost:39538 for channel [id: 0x5c2f99c6, L:/127.0.0.1:58354 - R:localhost/127.0.0.1:39538]
01:32:35.854 [Forwarding getAlertText on session 7804aeb9c9b63d749e1c75555577655d to remote] DEBUG org.asynchttpclient.netty.request.NettyRequestSender - Using pooled Channel '[id: 0x5c2f99c6, L:/127.0.0.1:58354 - R:localhost/127.0.0.1:39538]' for 'GET' to 'http://localhost:39538/session/7804aeb9c9b63d749e1c75555577655d/alert/text'
01:32:35.854 [Forwarding getAlertText on session 7804aeb9c9b63d749e1c75555577655d to remote] DEBUG org.asynchttpclient.netty.request.NettyRequestSender - Using open Channel [id: 0x5c2f99c6, L:/127.0.0.1:58354 - R:localhost/127.0.0.1:39538] for GET '/session/7804aeb9c9b63d749e1c75555577655d/alert/text'
01:32:35.856 [AsyncHttpClient-1-13] DEBUG org.asynchttpclient.netty.handler.HttpHandler - 

Request DefaultFullHttpRequest(decodeResult: success, version: HTTP/1.1, content: EmptyByteBufBE)
GET /session/7804aeb9c9b63d749e1c75555577655d/alert/text HTTP/1.1
User-Agent: selenium/4.8.1 (java windows)
Cache-Control: no-cache
Content-Type: application/json; charset=utf-8
host: localhost:39538
accept: */*

Response DefaultHttpResponse(decodeResult: success, version: HTTP/1.1)
HTTP/1.1 404 Not Found
Content-Length: 816
Content-Type: application/json; charset=utf-8
cache-control: no-cache

01:32:35.856 [AsyncHttpClient-1-13] DEBUG org.asynchttpclient.netty.channel.ChannelManager - Adding key: http://localhost:39538 for channel [id: 0x5c2f99c6, L:/127.0.0.1:58354 - R:localhost/127.0.0.1:39538]
01:32:35.859 [Forwarding getCurrentUrl on session 7804aeb9c9b63d749e1c75555577655d to remote] DEBUG org.asynchttpclient.netty.request.NettyRequestSender - Using pooled Channel '[id: 0x5c2f99c6, L:/127.0.0.1:58354 - R:localhost/127.0.0.1:39538]' for 'GET' to 'http://localhost:39538/session/7804aeb9c9b63d749e1c75555577655d/url'
01:32:35.859 [Forwarding getCurrentUrl on session 7804aeb9c9b63d749e1c75555577655d to remote] DEBUG org.asynchttpclient.netty.request.NettyRequestSender - Using open Channel [id: 0x5c2f99c6, L:/127.0.0.1:58354 - R:localhost/127.0.0.1:39538] for GET '/session/7804aeb9c9b63d749e1c75555577655d/url'
01:32:35.863 [AsyncHttpClient-1-13] DEBUG org.asynchttpclient.netty.handler.HttpHandler - 

Request DefaultFullHttpRequest(decodeResult: success, version: HTTP/1.1, content: EmptyByteBufBE)
GET /session/7804aeb9c9b63d749e1c75555577655d/url HTTP/1.1
User-Agent: selenium/4.8.1 (java windows)
Cache-Control: no-cache
Content-Type: application/json; charset=utf-8
host: localhost:39538
accept: */*

Response DefaultHttpResponse(decodeResult: success, version: HTTP/1.1)
HTTP/1.1 200 OK
Content-Length: 51
Content-Type: application/json; charset=utf-8
cache-control: no-cache

01:32:35.863 [AsyncHttpClient-1-13] DEBUG org.asynchttpclient.netty.channel.ChannelManager - Adding key: http://localhost:39538 for channel [id: 0x5c2f99c6, L:/127.0.0.1:58354 - R:localhost/127.0.0.1:39538]
01:32:35.864 [Forwarding screenshot on session 7804aeb9c9b63d749e1c75555577655d to remote] DEBUG org.asynchttpclient.netty.request.NettyRequestSender - Using pooled Channel '[id: 0x5c2f99c6, L:/127.0.0.1:58354 - R:localhost/127.0.0.1:39538]' for 'GET' to 'http://localhost:39538/session/7804aeb9c9b63d749e1c75555577655d/screenshot'
01:32:35.864 [Forwarding screenshot on session 7804aeb9c9b63d749e1c75555577655d to remote] DEBUG org.asynchttpclient.netty.request.NettyRequestSender - Using open Channel [id: 0x5c2f99c6, L:/127.0.0.1:58354 - R:localhost/127.0.0.1:39538] for GET '/session/7804aeb9c9b63d749e1c75555577655d/screenshot'
01:32:35.966 [AsyncHttpClient-1-13] DEBUG org.asynchttpclient.netty.handler.HttpHandler - 

Request DefaultFullHttpRequest(decodeResult: success, version: HTTP/1.1, content: EmptyByteBufBE)
GET /session/7804aeb9c9b63d749e1c75555577655d/screenshot HTTP/1.1
User-Agent: selenium/4.8.1 (java windows)
Cache-Control: no-cache
Content-Type: application/json; charset=utf-8
host: localhost:39538
accept: */*

Response DefaultHttpResponse(decodeResult: success, version: HTTP/1.1)
HTTP/1.1 200 OK
Content-Length: 37680
Content-Type: application/json; charset=utf-8
cache-control: no-cache

01:32:35.966 [AsyncHttpClient-1-13] DEBUG org.asynchttpclient.netty.channel.ChannelManager - Adding key: http://localhost:39538 for channel [id: 0x5c2f99c6, L:/127.0.0.1:58354 - R:localhost/127.0.0.1:39538]
01:32:35.968 [main] DEBUG net.serenitybdd.core.photography.Darkroom - Send negative for processing for target\site\serenity\617ccc73021c4cab9dfa54c5aa3482f15135817f8e58f0514fd8d62047c1a9ab.png
01:32:35.968 [main] DEBUG net.thucydides.core.steps.StepInterceptor - STEP DONE: validateOnTheLoginPage
  &amp#27;[32mGiven &amp#27;[0m&amp#27;[32mI am on the login page&amp#27;[0m                                                            &amp#27;[90m# starter.stepdefinitions.LoginSteps.onTheLoginPage()&amp#27;[0m
01:32:35.978 [Forwarding getPageSource on session 7804aeb9c9b63d749e1c75555577655d to remote] DEBUG org.asynchttpclient.netty.request.NettyRequestSender - Using pooled Channel '[id: 0x5c2f99c6, L:/127.0.0.1:58354 - R:localhost/127.0.0.1:39538]' for 'POST' to 'http://localhost:39538/session/7804aeb9c9b63d749e1c75555577655d/execute/sync'
01:32:35.978 [Forwarding getPageSource on session 7804aeb9c9b63d749e1c75555577655d to remote] DEBUG org.asynchttpclient.netty.request.NettyRequestSender - Using open Channel [id: 0x5c2f99c6, L:/127.0.0.1:58354 - R:localhost/127.0.0.1:39538] for POST '/session/7804aeb9c9b63d749e1c75555577655d/execute/sync'
01:32:35.984 [AsyncHttpClient-1-13] DEBUG org.asynchttpclient.netty.handler.HttpHandler - 

Request DefaultHttpRequest(decodeResult: success, version: HTTP/1.1)
POST /session/7804aeb9c9b63d749e1c75555577655d/execute/sync HTTP/1.1
User-Agent: selenium/4.8.1 (java windows)
Content-Length: 176
Content-Type: application/json; charset=utf-8
host: localhost:39538
accept: */*

Response DefaultHttpResponse(decodeResult: success, version: HTTP/1.1)
HTTP/1.1 200 OK
Content-Length: 21659
Content-Type: application/json; charset=utf-8
cache-control: no-cache

01:32:35.984 [AsyncHttpClient-1-13] DEBUG org.asynchttpclient.netty.channel.ChannelManager - Adding key: http://localhost:39538 for channel [id: 0x5c2f99c6, L:/127.0.0.1:58354 - R:localhost/127.0.0.1:39538]
01:32:35.987 [Forwarding getCurrentUrl on session 7804aeb9c9b63d749e1c75555577655d to remote] DEBUG org.asynchttpclient.netty.request.NettyRequestSender - Using pooled Channel '[id: 0x5c2f99c6, L:/127.0.0.1:58354 - R:localhost/127.0.0.1:39538]' for 'GET' to 'http://localhost:39538/session/7804aeb9c9b63d749e1c75555577655d/url'
01:32:35.987 [Forwarding getCurrentUrl on session 7804aeb9c9b63d749e1c75555577655d to remote] DEBUG org.asynchttpclient.netty.request.NettyRequestSender - Using open Channel [id: 0x5c2f99c6, L:/127.0.0.1:58354 - R:localhost/127.0.0.1:39538] for GET '/session/7804aeb9c9b63d749e1c75555577655d/url'
01:32:35.991 [AsyncHttpClient-1-13] DEBUG org.asynchttpclient.netty.handler.HttpHandler - 

Request DefaultFullHttpRequest(decodeResult: success, version: HTTP/1.1, content: EmptyByteBufBE)
GET /session/7804aeb9c9b63d749e1c75555577655d/url HTTP/1.1
User-Agent: selenium/4.8.1 (java windows)
Cache-Control: no-cache
Content-Type: application/json; charset=utf-8
host: localhost:39538
accept: */*

Response DefaultHttpResponse(decodeResult: success, version: HTTP/1.1)
HTTP/1.1 200 OK
Content-Length: 51
Content-Type: application/json; charset=utf-8
cache-control: no-cache

01:32:35.991 [AsyncHttpClient-1-13] DEBUG org.asynchttpclient.netty.channel.ChannelManager - Adding key: http://localhost:39538 for channel [id: 0x5c2f99c6, L:/127.0.0.1:58354 - R:localhost/127.0.0.1:39538]
01:32:35.999 [Forwarding getPageSource on session 7804aeb9c9b63d749e1c75555577655d to remote] DEBUG org.asynchttpclient.netty.request.NettyRequestSender - Using pooled Channel '[id: 0x5c2f99c6, L:/127.0.0.1:58354 - R:localhost/127.0.0.1:39538]' for 'POST' to 'http://localhost:39538/session/7804aeb9c9b63d749e1c75555577655d/execute/sync'
01:32:35.999 [Forwarding getPageSource on session 7804aeb9c9b63d749e1c75555577655d to remote] DEBUG org.asynchttpclient.netty.request.NettyRequestSender - Using open Channel [id: 0x5c2f99c6, L:/127.0.0.1:58354 - R:localhost/127.0.0.1:39538] for POST '/session/7804aeb9c9b63d749e1c75555577655d/execute/sync'
01:32:36.004 [AsyncHttpClient-1-13] DEBUG org.asynchttpclient.netty.handler.HttpHandler - 

Request DefaultHttpRequest(decodeResult: success, version: HTTP/1.1)
POST /session/7804aeb9c9b63d749e1c75555577655d/execute/sync HTTP/1.1
User-Agent: selenium/4.8.1 (java windows)
Content-Length: 176
Content-Type: application/json; charset=utf-8
host: localhost:39538
accept: */*

Response DefaultHttpResponse(decodeResult: success, version: HTTP/1.1)
HTTP/1.1 200 OK
Content-Length: 21659
Content-Type: application/json; charset=utf-8
cache-control: no-cache

01:32:36.004 [AsyncHttpClient-1-13] DEBUG org.asynchttpclient.netty.channel.ChannelManager - Adding key: http://localhost:39538 for channel [id: 0x5c2f99c6, L:/127.0.0.1:58354 - R:localhost/127.0.0.1:39538]
01:32:36.007 [Forwarding getCurrentUrl on session 7804aeb9c9b63d749e1c75555577655d to remote] DEBUG org.asynchttpclient.netty.request.NettyRequestSender - Using pooled Channel '[id: 0x5c2f99c6, L:/127.0.0.1:58354 - R:localhost/127.0.0.1:39538]' for 'GET' to 'http://localhost:39538/session/7804aeb9c9b63d749e1c75555577655d/url'
01:32:36.007 [Forwarding getCurrentUrl on session 7804aeb9c9b63d749e1c75555577655d to remote] DEBUG org.asynchttpclient.netty.request.NettyRequestSender - Using open Channel [id: 0x5c2f99c6, L:/127.0.0.1:58354 - R:localhost/127.0.0.1:39538] for GET '/session/7804aeb9c9b63d749e1c75555577655d/url'
01:32:36.011 [AsyncHttpClient-1-13] DEBUG org.asynchttpclient.netty.handler.HttpHandler - 

Request DefaultFullHttpRequest(decodeResult: success, version: HTTP/1.1, content: EmptyByteBufBE)
GET /session/7804aeb9c9b63d749e1c75555577655d/url HTTP/1.1
User-Agent: selenium/4.8.1 (java windows)
Cache-Control: no-cache
Content-Type: application/json; charset=utf-8
host: localhost:39538
accept: */*

Response DefaultHttpResponse(decodeResult: success, version: HTTP/1.1)
HTTP/1.1 200 OK
Content-Length: 51
Content-Type: application/json; charset=utf-8
cache-control: no-cache

01:32:36.011 [AsyncHttpClient-1-13] DEBUG org.asynchttpclient.netty.channel.ChannelManager - Adding key: http://localhost:39538 for channel [id: 0x5c2f99c6, L:/127.0.0.1:58354 - R:localhost/127.0.0.1:39538]
01:32:36.013 [main] DEBUG net.thucydides.core.steps.StepInterceptor - STARTING STEP: LoginSteps.enterValidUsername - inputUsername
01:32:36.015 [Forwarding findElement on session 7804aeb9c9b63d749e1c75555577655d to remote] DEBUG org.asynchttpclient.netty.request.NettyRequestSender - Using pooled Channel '[id: 0x5c2f99c6, L:/127.0.0.1:58354 - R:localhost/127.0.0.1:39538]' for 'POST' to 'http://localhost:39538/session/7804aeb9c9b63d749e1c75555577655d/element'
01:32:36.015 [Forwarding findElement on session 7804aeb9c9b63d749e1c75555577655d to remote] DEBUG org.asynchttpclient.netty.request.NettyRequestSender - Using open Channel [id: 0x5c2f99c6, L:/127.0.0.1:58354 - R:localhost/127.0.0.1:39538] for POST '/session/7804aeb9c9b63d749e1c75555577655d/element'
01:32:36.029 [AsyncHttpClient-1-13] DEBUG org.asynchttpclient.netty.handler.HttpHandler - 

Request DefaultHttpRequest(decodeResult: success, version: HTTP/1.1)
POST /session/7804aeb9c9b63d749e1c75555577655d/element HTTP/1.1
User-Agent: selenium/4.8.1 (java windows)
Content-Length: 68
Content-Type: application/json; charset=utf-8
host: localhost:39538
accept: */*

Response DefaultHttpResponse(decodeResult: success, version: HTTP/1.1)
HTTP/1.1 200 OK
Content-Length: 88
Content-Type: application/json; charset=utf-8
cache-control: no-cache

01:32:36.029 [AsyncHttpClient-1-13] DEBUG org.asynchttpclient.netty.channel.ChannelManager - Adding key: http://localhost:39538 for channel [id: 0x5c2f99c6, L:/127.0.0.1:58354 - R:localhost/127.0.0.1:39538]
01:32:36.030 [Forwarding clearElement on session 7804aeb9c9b63d749e1c75555577655d to remote] DEBUG org.asynchttpclient.netty.request.NettyRequestSender - Using pooled Channel '[id: 0x5c2f99c6, L:/127.0.0.1:58354 - R:localhost/127.0.0.1:39538]' for 'POST' to 'http://localhost:39538/session/7804aeb9c9b63d749e1c75555577655d/element/16f3ad7d-dbd7-452e-8512-71123ab414d8/clear'
01:32:36.030 [Forwarding clearElement on session 7804aeb9c9b63d749e1c75555577655d to remote] DEBUG org.asynchttpclient.netty.request.NettyRequestSender - Using open Channel [id: 0x5c2f99c6, L:/127.0.0.1:58354 - R:localhost/127.0.0.1:39538] for POST '/session/7804aeb9c9b63d749e1c75555577655d/element/16f3ad7d-dbd7-452e-8512-71123ab414d8/clear'
01:32:36.072 [AsyncHttpClient-1-13] DEBUG org.asynchttpclient.netty.handler.HttpHandler - 

Request DefaultHttpRequest(decodeResult: success, version: HTTP/1.1)
POST /session/7804aeb9c9b63d749e1c75555577655d/element/16f3ad7d-dbd7-452e-8512-71123ab414d8/clear HTTP/1.1
User-Agent: selenium/4.8.1 (java windows)
Content-Length: 50
Content-Type: application/json; charset=utf-8
host: localhost:39538
accept: */*

Response DefaultHttpResponse(decodeResult: success, version: HTTP/1.1)
HTTP/1.1 200 OK
Content-Length: 14
Content-Type: application/json; charset=utf-8
cache-control: no-cache

01:32:36.072 [AsyncHttpClient-1-13] DEBUG org.asynchttpclient.netty.channel.ChannelManager - Adding key: http://localhost:39538 for channel [id: 0x5c2f99c6, L:/127.0.0.1:58354 - R:localhost/127.0.0.1:39538]
01:32:36.074 [Forwarding sendKeysToElement on session 7804aeb9c9b63d749e1c75555577655d to remote] DEBUG org.asynchttpclient.netty.request.NettyRequestSender - Using pooled Channel '[id: 0x5c2f99c6, L:/127.0.0.1:58354 - R:localhost/127.0.0.1:39538]' for 'POST' to 'http://localhost:39538/session/7804aeb9c9b63d749e1c75555577655d/element/16f3ad7d-dbd7-452e-8512-71123ab414d8/value'
01:32:36.074 [Forwarding sendKeysToElement on session 7804aeb9c9b63d749e1c75555577655d to remote] DEBUG org.asynchttpclient.netty.request.NettyRequestSender - Using open Channel [id: 0x5c2f99c6, L:/127.0.0.1:58354 - R:localhost/127.0.0.1:39538] for POST '/session/7804aeb9c9b63d749e1c75555577655d/element/16f3ad7d-dbd7-452e-8512-71123ab414d8/value'
01:32:36.225 [AsyncHttpClient-1-13] DEBUG org.asynchttpclient.netty.handler.HttpHandler - 

Request DefaultHttpRequest(decodeResult: success, version: HTTP/1.1)
POST /session/7804aeb9c9b63d749e1c75555577655d/element/16f3ad7d-dbd7-452e-8512-71123ab414d8/value HTTP/1.1
User-Agent: selenium/4.8.1 (java windows)
Content-Length: 271
Content-Type: application/json; charset=utf-8
host: localhost:39538
accept: */*

Response DefaultHttpResponse(decodeResult: success, version: HTTP/1.1)
HTTP/1.1 200 OK
Content-Length: 14
Content-Type: application/json; charset=utf-8
cache-control: no-cache

01:32:36.225 [AsyncHttpClient-1-13] DEBUG org.asynchttpclient.netty.channel.ChannelManager - Adding key: http://localhost:39538 for channel [id: 0x5c2f99c6, L:/127.0.0.1:58354 - R:localhost/127.0.0.1:39538]
01:32:36.230 [Forwarding getAlertText on session 7804aeb9c9b63d749e1c75555577655d to remote] DEBUG org.asynchttpclient.netty.request.NettyRequestSender - Using pooled Channel '[id: 0x5c2f99c6, L:/127.0.0.1:58354 - R:localhost/127.0.0.1:39538]' for 'GET' to 'http://localhost:39538/session/7804aeb9c9b63d749e1c75555577655d/alert/text'
01:32:36.231 [Forwarding getAlertText on session 7804aeb9c9b63d749e1c75555577655d to remote] DEBUG org.asynchttpclient.netty.request.NettyRequestSender - Using open Channel [id: 0x5c2f99c6, L:/127.0.0.1:58354 - R:localhost/127.0.0.1:39538] for GET '/session/7804aeb9c9b63d749e1c75555577655d/alert/text'
01:32:36.232 [AsyncHttpClient-1-13] DEBUG org.asynchttpclient.netty.handler.HttpHandler - 

Request DefaultFullHttpRequest(decodeResult: success, version: HTTP/1.1, content: EmptyByteBufBE)
GET /session/7804aeb9c9b63d749e1c75555577655d/alert/text HTTP/1.1
User-Agent: selenium/4.8.1 (java windows)
Cache-Control: no-cache
Content-Type: application/json; charset=utf-8
host: localhost:39538
accept: */*

Response DefaultHttpResponse(decodeResult: success, version: HTTP/1.1)
HTTP/1.1 404 Not Found
Content-Length: 816
Content-Type: application/json; charset=utf-8
cache-control: no-cache

01:32:36.232 [AsyncHttpClient-1-13] DEBUG org.asynchttpclient.netty.channel.ChannelManager - Adding key: http://localhost:39538 for channel [id: 0x5c2f99c6, L:/127.0.0.1:58354 - R:localhost/127.0.0.1:39538]
01:32:36.233 [Forwarding getCurrentUrl on session 7804aeb9c9b63d749e1c75555577655d to remote] DEBUG org.asynchttpclient.netty.request.NettyRequestSender - Using pooled Channel '[id: 0x5c2f99c6, L:/127.0.0.1:58354 - R:localhost/127.0.0.1:39538]' for 'GET' to 'http://localhost:39538/session/7804aeb9c9b63d749e1c75555577655d/url'
01:32:36.233 [Forwarding getCurrentUrl on session 7804aeb9c9b63d749e1c75555577655d to remote] DEBUG org.asynchttpclient.netty.request.NettyRequestSender - Using open Channel [id: 0x5c2f99c6, L:/127.0.0.1:58354 - R:localhost/127.0.0.1:39538] for GET '/session/7804aeb9c9b63d749e1c75555577655d/url'
01:32:36.237 [AsyncHttpClient-1-13] DEBUG org.asynchttpclient.netty.handler.HttpHandler - 

Request DefaultFullHttpRequest(decodeResult: success, version: HTTP/1.1, content: EmptyByteBufBE)
GET /session/7804aeb9c9b63d749e1c75555577655d/url HTTP/1.1
User-Agent: selenium/4.8.1 (java windows)
Cache-Control: no-cache
Content-Type: application/json; charset=utf-8
host: localhost:39538
accept: */*

Response DefaultHttpResponse(decodeResult: success, version: HTTP/1.1)
HTTP/1.1 200 OK
Content-Length: 51
Content-Type: application/json; charset=utf-8
cache-control: no-cache

01:32:36.237 [AsyncHttpClient-1-13] DEBUG org.asynchttpclient.netty.channel.ChannelManager - Adding key: http://localhost:39538 for channel [id: 0x5c2f99c6, L:/127.0.0.1:58354 - R:localhost/127.0.0.1:39538]
01:32:36.238 [Forwarding screenshot on session 7804aeb9c9b63d749e1c75555577655d to remote] DEBUG org.asynchttpclient.netty.request.NettyRequestSender - Using pooled Channel '[id: 0x5c2f99c6, L:/127.0.0.1:58354 - R:localhost/127.0.0.1:39538]' for 'GET' to 'http://localhost:39538/session/7804aeb9c9b63d749e1c75555577655d/screenshot'
01:32:36.238 [Forwarding screenshot on session 7804aeb9c9b63d749e1c75555577655d to remote] DEBUG org.asynchttpclient.netty.request.NettyRequestSender - Using open Channel [id: 0x5c2f99c6, L:/127.0.0.1:58354 - R:localhost/127.0.0.1:39538] for GET '/session/7804aeb9c9b63d749e1c75555577655d/screenshot'
01:32:36.391 [AsyncHttpClient-1-1] DEBUG org.asynchttpclient.netty.channel.DefaultChannelPool - Entry count for : http://localhost:58355 : 1
01:32:36.419 [AsyncHttpClient-1-13] DEBUG org.asynchttpclient.netty.handler.HttpHandler - 

Request DefaultFullHttpRequest(decodeResult: success, version: HTTP/1.1, content: EmptyByteBufBE)
GET /session/7804aeb9c9b63d749e1c75555577655d/screenshot HTTP/1.1
User-Agent: selenium/4.8.1 (java windows)
Cache-Control: no-cache
Content-Type: application/json; charset=utf-8
host: localhost:39538
accept: */*

Response DefaultHttpResponse(decodeResult: success, version: HTTP/1.1)
HTTP/1.1 200 OK
Content-Length: 45860
Content-Type: application/json; charset=utf-8
cache-control: no-cache

01:32:36.420 [AsyncHttpClient-1-13] DEBUG org.asynchttpclient.netty.channel.ChannelManager - Adding key: http://localhost:39538 for channel [id: 0x5c2f99c6, L:/127.0.0.1:58354 - R:localhost/127.0.0.1:39538]
01:32:36.422 [main] DEBUG net.serenitybdd.core.photography.Darkroom - Send negative for processing for target\site\serenity\ee8fd55e110106d376e0a731243c104351c84e0d045456e0f56a6fabcd690d5f.png
01:32:36.423 [main] DEBUG net.thucydides.core.steps.StepInterceptor - STEP DONE: inputUsername
  &amp#27;[32mWhen &amp#27;[0m&amp#27;[32mI enter valid email&amp#27;[0m                                                                &amp#27;[90m# starter.stepdefinitions.LoginSteps.enterValidUsername()&amp#27;[0m
01:32:36.423 [Darkroom Processing Line] DEBUG net.serenitybdd.core.photography.DarkroomProcessingLine - Processing screenshot image in /var/screenshots/screenshot-7133563109764370805
01:32:36.423 [Darkroom Processing Line] DEBUG net.serenitybdd.core.photography.DarkroomProcessingLine - Saving screenshot to target\site\serenity\ee8fd55e110106d376e0a731243c104351c84e0d045456e0f56a6fabcd690d5f.png
01:32:36.432 [Forwarding getPageSource on session 7804aeb9c9b63d749e1c75555577655d to remote] DEBUG org.asynchttpclient.netty.request.NettyRequestSender - Using pooled Channel '[id: 0x5c2f99c6, L:/127.0.0.1:58354 - R:localhost/127.0.0.1:39538]' for 'POST' to 'http://localhost:39538/session/7804aeb9c9b63d749e1c75555577655d/execute/sync'
01:32:36.432 [Forwarding getPageSource on session 7804aeb9c9b63d749e1c75555577655d to remote] DEBUG org.asynchttpclient.netty.request.NettyRequestSender - Using open Channel [id: 0x5c2f99c6, L:/127.0.0.1:58354 - R:localhost/127.0.0.1:39538] for POST '/session/7804aeb9c9b63d749e1c75555577655d/execute/sync'
01:32:36.437 [AsyncHttpClient-1-13] DEBUG org.asynchttpclient.netty.handler.HttpHandler - 

Request DefaultHttpRequest(decodeResult: success, version: HTTP/1.1)
POST /session/7804aeb9c9b63d749e1c75555577655d/execute/sync HTTP/1.1
User-Agent: selenium/4.8.1 (java windows)
Content-Length: 176
Content-Type: application/json; charset=utf-8
host: localhost:39538
accept: */*

Response DefaultHttpResponse(decodeResult: success, version: HTTP/1.1)
HTTP/1.1 200 OK
Content-Length: 21780
Content-Type: application/json; charset=utf-8
cache-control: no-cache

01:32:36.438 [AsyncHttpClient-1-13] DEBUG org.asynchttpclient.netty.channel.ChannelManager - Adding key: http://localhost:39538 for channel [id: 0x5c2f99c6, L:/127.0.0.1:58354 - R:localhost/127.0.0.1:39538]
01:32:36.440 [Forwarding getCurrentUrl on session 7804aeb9c9b63d749e1c75555577655d to remote] DEBUG org.asynchttpclient.netty.request.NettyRequestSender - Using pooled Channel '[id: 0x5c2f99c6, L:/127.0.0.1:58354 - R:localhost/127.0.0.1:39538]' for 'GET' to 'http://localhost:39538/session/7804aeb9c9b63d749e1c75555577655d/url'
01:32:36.440 [Forwarding getCurrentUrl on session 7804aeb9c9b63d749e1c75555577655d to remote] DEBUG org.asynchttpclient.netty.request.NettyRequestSender - Using open Channel [id: 0x5c2f99c6, L:/127.0.0.1:58354 - R:localhost/127.0.0.1:39538] for GET '/session/7804aeb9c9b63d749e1c75555577655d/url'
01:32:36.444 [AsyncHttpClient-1-13] DEBUG org.asynchttpclient.netty.handler.HttpHandler - 

Request DefaultFullHttpRequest(decodeResult: success, version: HTTP/1.1, content: EmptyByteBufBE)
GET /session/7804aeb9c9b63d749e1c75555577655d/url HTTP/1.1
User-Agent: selenium/4.8.1 (java windows)
Cache-Control: no-cache
Content-Type: application/json; charset=utf-8
host: localhost:39538
accept: */*

Response DefaultHttpResponse(decodeResult: success, version: HTTP/1.1)
HTTP/1.1 200 OK
Content-Length: 51
Content-Type: application/json; charset=utf-8
cache-control: no-cache

01:32:36.444 [AsyncHttpClient-1-13] DEBUG org.asynchttpclient.netty.channel.ChannelManager - Adding key: http://localhost:39538 for channel [id: 0x5c2f99c6, L:/127.0.0.1:58354 - R:localhost/127.0.0.1:39538]
01:32:36.451 [Forwarding getPageSource on session 7804aeb9c9b63d749e1c75555577655d to remote] DEBUG org.asynchttpclient.netty.request.NettyRequestSender - Using pooled Channel '[id: 0x5c2f99c6, L:/127.0.0.1:58354 - R:localhost/127.0.0.1:39538]' for 'POST' to 'http://localhost:39538/session/7804aeb9c9b63d749e1c75555577655d/execute/sync'
01:32:36.451 [Forwarding getPageSource on session 7804aeb9c9b63d749e1c75555577655d to remote] DEBUG org.asynchttpclient.netty.request.NettyRequestSender - Using open Channel [id: 0x5c2f99c6, L:/127.0.0.1:58354 - R:localhost/127.0.0.1:39538] for POST '/session/7804aeb9c9b63d749e1c75555577655d/execute/sync'
01:32:36.458 [AsyncHttpClient-1-13] DEBUG org.asynchttpclient.netty.handler.HttpHandler - 

Request DefaultHttpRequest(decodeResult: success, version: HTTP/1.1)
POST /session/7804aeb9c9b63d749e1c75555577655d/execute/sync HTTP/1.1
User-Agent: selenium/4.8.1 (java windows)
Content-Length: 176
Content-Type: application/json; charset=utf-8
host: localhost:39538
accept: */*

Response DefaultHttpResponse(decodeResult: success, version: HTTP/1.1)
HTTP/1.1 200 OK
Content-Length: 21780
Content-Type: application/json; charset=utf-8
cache-control: no-cache

01:32:36.458 [AsyncHttpClient-1-13] DEBUG org.asynchttpclient.netty.channel.ChannelManager - Adding key: http://localhost:39538 for channel [id: 0x5c2f99c6, L:/127.0.0.1:58354 - R:localhost/127.0.0.1:39538]
01:32:36.460 [Forwarding getCurrentUrl on session 7804aeb9c9b63d749e1c75555577655d to remote] DEBUG org.asynchttpclient.netty.request.NettyRequestSender - Using pooled Channel '[id: 0x5c2f99c6, L:/127.0.0.1:58354 - R:localhost/127.0.0.1:39538]' for 'GET' to 'http://localhost:39538/session/7804aeb9c9b63d749e1c75555577655d/url'
01:32:36.460 [Forwarding getCurrentUrl on session 7804aeb9c9b63d749e1c75555577655d to remote] DEBUG org.asynchttpclient.netty.request.NettyRequestSender - Using open Channel [id: 0x5c2f99c6, L:/127.0.0.1:58354 - R:localhost/127.0.0.1:39538] for GET '/session/7804aeb9c9b63d749e1c75555577655d/url'
01:32:36.465 [AsyncHttpClient-1-13] DEBUG org.asynchttpclient.netty.handler.HttpHandler - 

Request DefaultFullHttpRequest(decodeResult: success, version: HTTP/1.1, content: EmptyByteBufBE)
GET /session/7804aeb9c9b63d749e1c75555577655d/url HTTP/1.1
User-Agent: selenium/4.8.1 (java windows)
Cache-Control: no-cache
Content-Type: application/json; charset=utf-8
host: localhost:39538
accept: */*

Response DefaultHttpResponse(decodeResult: success, version: HTTP/1.1)
HTTP/1.1 200 OK
Content-Length: 51
Content-Type: application/json; charset=utf-8
cache-control: no-cache

01:32:36.465 [AsyncHttpClient-1-13] DEBUG org.asynchttpclient.netty.channel.ChannelManager - Adding key: http://localhost:39538 for channel [id: 0x5c2f99c6, L:/127.0.0.1:58354 - R:localhost/127.0.0.1:39538]
01:32:36.467 [main] DEBUG net.thucydides.core.steps.StepInterceptor - STARTING STEP: LoginSteps.enterValidPassword - inputPassword
01:32:36.469 [Forwarding findElement on session 7804aeb9c9b63d749e1c75555577655d to remote] DEBUG org.asynchttpclient.netty.request.NettyRequestSender - Using pooled Channel '[id: 0x5c2f99c6, L:/127.0.0.1:58354 - R:localhost/127.0.0.1:39538]' for 'POST' to 'http://localhost:39538/session/7804aeb9c9b63d749e1c75555577655d/element'
01:32:36.469 [Forwarding findElement on session 7804aeb9c9b63d749e1c75555577655d to remote] DEBUG org.asynchttpclient.netty.request.NettyRequestSender - Using open Channel [id: 0x5c2f99c6, L:/127.0.0.1:58354 - R:localhost/127.0.0.1:39538] for POST '/session/7804aeb9c9b63d749e1c75555577655d/element'
01:32:36.483 [AsyncHttpClient-1-13] DEBUG org.asynchttpclient.netty.handler.HttpHandler - 

Request DefaultHttpRequest(decodeResult: success, version: HTTP/1.1)
POST /session/7804aeb9c9b63d749e1c75555577655d/element HTTP/1.1
User-Agent: selenium/4.8.1 (java windows)
Content-Length: 68
Content-Type: application/json; charset=utf-8
host: localhost:39538
accept: */*

Response DefaultHttpResponse(decodeResult: success, version: HTTP/1.1)
HTTP/1.1 200 OK
Content-Length: 88
Content-Type: application/json; charset=utf-8
cache-control: no-cache

01:32:36.483 [AsyncHttpClient-1-13] DEBUG org.asynchttpclient.netty.channel.ChannelManager - Adding key: http://localhost:39538 for channel [id: 0x5c2f99c6, L:/127.0.0.1:58354 - R:localhost/127.0.0.1:39538]
01:32:36.484 [Forwarding clearElement on session 7804aeb9c9b63d749e1c75555577655d to remote] DEBUG org.asynchttpclient.netty.request.NettyRequestSender - Using pooled Channel '[id: 0x5c2f99c6, L:/127.0.0.1:58354 - R:localhost/127.0.0.1:39538]' for 'POST' to 'http://localhost:39538/session/7804aeb9c9b63d749e1c75555577655d/element/a7538633-3fd1-4118-80da-a0f11b8c96bc/clear'
01:32:36.484 [Forwarding clearElement on session 7804aeb9c9b63d749e1c75555577655d to remote] DEBUG org.asynchttpclient.netty.request.NettyRequestSender - Using open Channel [id: 0x5c2f99c6, L:/127.0.0.1:58354 - R:localhost/127.0.0.1:39538] for POST '/session/7804aeb9c9b63d749e1c75555577655d/element/a7538633-3fd1-4118-80da-a0f11b8c96bc/clear'
01:32:36.519 [AsyncHttpClient-1-13] DEBUG org.asynchttpclient.netty.handler.HttpHandler - 

Request DefaultHttpRequest(decodeResult: success, version: HTTP/1.1)
POST /session/7804aeb9c9b63d749e1c75555577655d/element/a7538633-3fd1-4118-80da-a0f11b8c96bc/clear HTTP/1.1
User-Agent: selenium/4.8.1 (java windows)
Content-Length: 50
Content-Type: application/json; charset=utf-8
host: localhost:39538
accept: */*

Response DefaultHttpResponse(decodeResult: success, version: HTTP/1.1)
HTTP/1.1 200 OK
Content-Length: 14
Content-Type: application/json; charset=utf-8
cache-control: no-cache

01:32:36.519 [AsyncHttpClient-1-13] DEBUG org.asynchttpclient.netty.channel.ChannelManager - Adding key: http://localhost:39538 for channel [id: 0x5c2f99c6, L:/127.0.0.1:58354 - R:localhost/127.0.0.1:39538]
01:32:36.520 [Forwarding sendKeysToElement on session 7804aeb9c9b63d749e1c75555577655d to remote] DEBUG org.asynchttpclient.netty.request.NettyRequestSender - Using pooled Channel '[id: 0x5c2f99c6, L:/127.0.0.1:58354 - R:localhost/127.0.0.1:39538]' for 'POST' to 'http://localhost:39538/session/7804aeb9c9b63d749e1c75555577655d/element/a7538633-3fd1-4118-80da-a0f11b8c96bc/value'
01:32:36.520 [Forwarding sendKeysToElement on session 7804aeb9c9b63d749e1c75555577655d to remote] DEBUG org.asynchttpclient.netty.request.NettyRequestSender - Using open Channel [id: 0x5c2f99c6, L:/127.0.0.1:58354 - R:localhost/127.0.0.1:39538] for POST '/session/7804aeb9c9b63d749e1c75555577655d/element/a7538633-3fd1-4118-80da-a0f11b8c96bc/value'
01:32:36.616 [AsyncHttpClient-1-13] DEBUG org.asynchttpclient.netty.handler.HttpHandler - 

Request DefaultHttpRequest(decodeResult: success, version: HTTP/1.1)
POST /session/7804aeb9c9b63d749e1c75555577655d/element/a7538633-3fd1-4118-80da-a0f11b8c96bc/value HTTP/1.1
User-Agent: selenium/4.8.1 (java windows)
Content-Length: 171
Content-Type: application/json; charset=utf-8
host: localhost:39538
accept: */*

Response DefaultHttpResponse(decodeResult: success, version: HTTP/1.1)
HTTP/1.1 200 OK
Content-Length: 14
Content-Type: application/json; charset=utf-8
cache-control: no-cache

01:32:36.616 [AsyncHttpClient-1-13] DEBUG org.asynchttpclient.netty.channel.ChannelManager - Adding key: http://localhost:39538 for channel [id: 0x5c2f99c6, L:/127.0.0.1:58354 - R:localhost/127.0.0.1:39538]
01:32:36.621 [Forwarding getAlertText on session 7804aeb9c9b63d749e1c75555577655d to remote] DEBUG org.asynchttpclient.netty.request.NettyRequestSender - Using pooled Channel '[id: 0x5c2f99c6, L:/127.0.0.1:58354 - R:localhost/127.0.0.1:39538]' for 'GET' to 'http://localhost:39538/session/7804aeb9c9b63d749e1c75555577655d/alert/text'
01:32:36.621 [Forwarding getAlertText on session 7804aeb9c9b63d749e1c75555577655d to remote] DEBUG org.asynchttpclient.netty.request.NettyRequestSender - Using open Channel [id: 0x5c2f99c6, L:/127.0.0.1:58354 - R:localhost/127.0.0.1:39538] for GET '/session/7804aeb9c9b63d749e1c75555577655d/alert/text'
01:32:36.626 [AsyncHttpClient-1-13] DEBUG org.asynchttpclient.netty.handler.HttpHandler - 

Request DefaultFullHttpRequest(decodeResult: success, version: HTTP/1.1, content: EmptyByteBufBE)
GET /session/7804aeb9c9b63d749e1c75555577655d/alert/text HTTP/1.1
User-Agent: selenium/4.8.1 (java windows)
Cache-Control: no-cache
Content-Type: application/json; charset=utf-8
host: localhost:39538
accept: */*

Response DefaultHttpResponse(decodeResult: success, version: HTTP/1.1)
HTTP/1.1 404 Not Found
Content-Length: 816
Content-Type: application/json; charset=utf-8
cache-control: no-cache

01:32:36.626 [AsyncHttpClient-1-13] DEBUG org.asynchttpclient.netty.channel.ChannelManager - Adding key: http://localhost:39538 for channel [id: 0x5c2f99c6, L:/127.0.0.1:58354 - R:localhost/127.0.0.1:39538]
01:32:36.627 [Forwarding getCurrentUrl on session 7804aeb9c9b63d749e1c75555577655d to remote] DEBUG org.asynchttpclient.netty.request.NettyRequestSender - Using pooled Channel '[id: 0x5c2f99c6, L:/127.0.0.1:58354 - R:localhost/127.0.0.1:39538]' for 'GET' to 'http://localhost:39538/session/7804aeb9c9b63d749e1c75555577655d/url'
01:32:36.627 [Forwarding getCurrentUrl on session 7804aeb9c9b63d749e1c75555577655d to remote] DEBUG org.asynchttpclient.netty.request.NettyRequestSender - Using open Channel [id: 0x5c2f99c6, L:/127.0.0.1:58354 - R:localhost/127.0.0.1:39538] for GET '/session/7804aeb9c9b63d749e1c75555577655d/url'
01:32:36.630 [AsyncHttpClient-1-13] DEBUG org.asynchttpclient.netty.handler.HttpHandler - 

Request DefaultFullHttpRequest(decodeResult: success, version: HTTP/1.1, content: EmptyByteBufBE)
GET /session/7804aeb9c9b63d749e1c75555577655d/url HTTP/1.1
User-Agent: selenium/4.8.1 (java windows)
Cache-Control: no-cache
Content-Type: application/json; charset=utf-8
host: localhost:39538
accept: */*

Response DefaultHttpResponse(decodeResult: success, version: HTTP/1.1)
HTTP/1.1 200 OK
Content-Length: 51
Content-Type: application/json; charset=utf-8
cache-control: no-cache

01:32:36.630 [AsyncHttpClient-1-13] DEBUG org.asynchttpclient.netty.channel.ChannelManager - Adding key: http://localhost:39538 for channel [id: 0x5c2f99c6, L:/127.0.0.1:58354 - R:localhost/127.0.0.1:39538]
01:32:36.631 [Forwarding screenshot on session 7804aeb9c9b63d749e1c75555577655d to remote] DEBUG org.asynchttpclient.netty.request.NettyRequestSender - Using pooled Channel '[id: 0x5c2f99c6, L:/127.0.0.1:58354 - R:localhost/127.0.0.1:39538]' for 'GET' to 'http://localhost:39538/session/7804aeb9c9b63d749e1c75555577655d/screenshot'
01:32:36.631 [Forwarding screenshot on session 7804aeb9c9b63d749e1c75555577655d to remote] DEBUG org.asynchttpclient.netty.request.NettyRequestSender - Using open Channel [id: 0x5c2f99c6, L:/127.0.0.1:58354 - R:localhost/127.0.0.1:39538] for GET '/session/7804aeb9c9b63d749e1c75555577655d/screenshot'
01:32:36.784 [AsyncHttpClient-1-13] DEBUG org.asynchttpclient.netty.handler.HttpHandler - 

Request DefaultFullHttpRequest(decodeResult: success, version: HTTP/1.1, content: EmptyByteBufBE)
GET /session/7804aeb9c9b63d749e1c75555577655d/screenshot HTTP/1.1
User-Agent: selenium/4.8.1 (java windows)
Cache-Control: no-cache
Content-Type: application/json; charset=utf-8
host: localhost:39538
accept: */*

Response DefaultHttpResponse(decodeResult: success, version: HTTP/1.1)
HTTP/1.1 200 OK
Content-Length: 48604
Content-Type: application/json; charset=utf-8
cache-control: no-cache

01:32:36.784 [AsyncHttpClient-1-13] DEBUG org.asynchttpclient.netty.channel.ChannelManager - Adding key: http://localhost:39538 for channel [id: 0x5c2f99c6, L:/127.0.0.1:58354 - R:localhost/127.0.0.1:39538]
01:32:36.786 [main] DEBUG net.serenitybdd.core.photography.Darkroom - Send negative for processing for target\site\serenity\6b3ee1fd008b540be1a0f2a7ad8648d8aa717e16cca655d0503b6dc0ab2aff54.png
01:32:36.787 [main] DEBUG net.thucydides.core.steps.StepInterceptor - STEP DONE: inputPassword
01:32:36.787 [Darkroom Processing Line] DEBUG net.serenitybdd.core.photography.DarkroomProcessingLine - Processing screenshot image in /var/screenshots/screenshot-1992170600804738413
01:32:36.787 [Darkroom Processing Line] DEBUG net.serenitybdd.core.photography.DarkroomProcessingLine - Saving screenshot to target\site\serenity\6b3ee1fd008b540be1a0f2a7ad8648d8aa717e16cca655d0503b6dc0ab2aff54.png
  &amp#27;[32mAnd &amp#27;[0m&amp#27;[32mI enter valid password&amp#27;[0m                                                              &amp#27;[90m# starter.stepdefinitions.LoginSteps.enterValidPassword()&amp#27;[0m
01:32:36.795 [Forwarding getPageSource on session 7804aeb9c9b63d749e1c75555577655d to remote] DEBUG org.asynchttpclient.netty.request.NettyRequestSender - Using pooled Channel '[id: 0x5c2f99c6, L:/127.0.0.1:58354 - R:localhost/127.0.0.1:39538]' for 'POST' to 'http://localhost:39538/session/7804aeb9c9b63d749e1c75555577655d/execute/sync'
01:32:36.795 [Forwarding getPageSource on session 7804aeb9c9b63d749e1c75555577655d to remote] DEBUG org.asynchttpclient.netty.request.NettyRequestSender - Using open Channel [id: 0x5c2f99c6, L:/127.0.0.1:58354 - R:localhost/127.0.0.1:39538] for POST '/session/7804aeb9c9b63d749e1c75555577655d/execute/sync'
01:32:36.802 [AsyncHttpClient-1-13] DEBUG org.asynchttpclient.netty.handler.HttpHandler - 

Request DefaultHttpRequest(decodeResult: success, version: HTTP/1.1)
POST /session/7804aeb9c9b63d749e1c75555577655d/execute/sync HTTP/1.1
User-Agent: selenium/4.8.1 (java windows)
Content-Length: 176
Content-Type: application/json; charset=utf-8
host: localhost:39538
accept: */*

Response DefaultHttpResponse(decodeResult: success, version: HTTP/1.1)
HTTP/1.1 200 OK
Content-Length: 21839
Content-Type: application/json; charset=utf-8
cache-control: no-cache

01:32:36.802 [AsyncHttpClient-1-13] DEBUG org.asynchttpclient.netty.channel.ChannelManager - Adding key: http://localhost:39538 for channel [id: 0x5c2f99c6, L:/127.0.0.1:58354 - R:localhost/127.0.0.1:39538]
01:32:36.804 [Forwarding getCurrentUrl on session 7804aeb9c9b63d749e1c75555577655d to remote] DEBUG org.asynchttpclient.netty.request.NettyRequestSender - Using pooled Channel '[id: 0x5c2f99c6, L:/127.0.0.1:58354 - R:localhost/127.0.0.1:39538]' for 'GET' to 'http://localhost:39538/session/7804aeb9c9b63d749e1c75555577655d/url'
01:32:36.804 [Forwarding getCurrentUrl on session 7804aeb9c9b63d749e1c75555577655d to remote] DEBUG org.asynchttpclient.netty.request.NettyRequestSender - Using open Channel [id: 0x5c2f99c6, L:/127.0.0.1:58354 - R:localhost/127.0.0.1:39538] for GET '/session/7804aeb9c9b63d749e1c75555577655d/url'
01:32:36.811 [AsyncHttpClient-1-13] DEBUG org.asynchttpclient.netty.handler.HttpHandler - 

Request DefaultFullHttpRequest(decodeResult: success, version: HTTP/1.1, content: EmptyByteBufBE)
GET /session/7804aeb9c9b63d749e1c75555577655d/url HTTP/1.1
User-Agent: selenium/4.8.1 (java windows)
Cache-Control: no-cache
Content-Type: application/json; charset=utf-8
host: localhost:39538
accept: */*

Response DefaultHttpResponse(decodeResult: success, version: HTTP/1.1)
HTTP/1.1 200 OK
Content-Length: 51
Content-Type: application/json; charset=utf-8
cache-control: no-cache

01:32:36.811 [AsyncHttpClient-1-13] DEBUG org.asynchttpclient.netty.channel.ChannelManager - Adding key: http://localhost:39538 for channel [id: 0x5c2f99c6, L:/127.0.0.1:58354 - R:localhost/127.0.0.1:39538]
01:32:36.819 [Forwarding getPageSource on session 7804aeb9c9b63d749e1c75555577655d to remote] DEBUG org.asynchttpclient.netty.request.NettyRequestSender - Using pooled Channel '[id: 0x5c2f99c6, L:/127.0.0.1:58354 - R:localhost/127.0.0.1:39538]' for 'POST' to 'http://localhost:39538/session/7804aeb9c9b63d749e1c75555577655d/execute/sync'
01:32:36.819 [Forwarding getPageSource on session 7804aeb9c9b63d749e1c75555577655d to remote] DEBUG org.asynchttpclient.netty.request.NettyRequestSender - Using open Channel [id: 0x5c2f99c6, L:/127.0.0.1:58354 - R:localhost/127.0.0.1:39538] for POST '/session/7804aeb9c9b63d749e1c75555577655d/execute/sync'
01:32:36.827 [AsyncHttpClient-1-13] DEBUG org.asynchttpclient.netty.handler.HttpHandler - 

Request DefaultHttpRequest(decodeResult: success, version: HTTP/1.1)
POST /session/7804aeb9c9b63d749e1c75555577655d/execute/sync HTTP/1.1
User-Agent: selenium/4.8.1 (java windows)
Content-Length: 176
Content-Type: application/json; charset=utf-8
host: localhost:39538
accept: */*

Response DefaultHttpResponse(decodeResult: success, version: HTTP/1.1)
HTTP/1.1 200 OK
Content-Length: 21839
Content-Type: application/json; charset=utf-8
cache-control: no-cache

01:32:36.828 [AsyncHttpClient-1-13] DEBUG org.asynchttpclient.netty.channel.ChannelManager - Adding key: http://localhost:39538 for channel [id: 0x5c2f99c6, L:/127.0.0.1:58354 - R:localhost/127.0.0.1:39538]
01:32:36.831 [Forwarding getCurrentUrl on session 7804aeb9c9b63d749e1c75555577655d to remote] DEBUG org.asynchttpclient.netty.request.NettyRequestSender - Using pooled Channel '[id: 0x5c2f99c6, L:/127.0.0.1:58354 - R:localhost/127.0.0.1:39538]' for 'GET' to 'http://localhost:39538/session/7804aeb9c9b63d749e1c75555577655d/url'
01:32:36.831 [Forwarding getCurrentUrl on session 7804aeb9c9b63d749e1c75555577655d to remote] DEBUG org.asynchttpclient.netty.request.NettyRequestSender - Using open Channel [id: 0x5c2f99c6, L:/127.0.0.1:58354 - R:localhost/127.0.0.1:39538] for GET '/session/7804aeb9c9b63d749e1c75555577655d/url'
01:32:36.834 [AsyncHttpClient-1-13] DEBUG org.asynchttpclient.netty.handler.HttpHandler - 

Request DefaultFullHttpRequest(decodeResult: success, version: HTTP/1.1, content: EmptyByteBufBE)
GET /session/7804aeb9c9b63d749e1c75555577655d/url HTTP/1.1
User-Agent: selenium/4.8.1 (java windows)
Cache-Control: no-cache
Content-Type: application/json; charset=utf-8
host: localhost:39538
accept: */*

Response DefaultHttpResponse(decodeResult: success, version: HTTP/1.1)
HTTP/1.1 200 OK
Content-Length: 51
Content-Type: application/json; charset=utf-8
cache-control: no-cache

01:32:36.834 [AsyncHttpClient-1-13] DEBUG org.asynchttpclient.netty.channel.ChannelManager - Adding key: http://localhost:39538 for channel [id: 0x5c2f99c6, L:/127.0.0.1:58354 - R:localhost/127.0.0.1:39538]
01:32:36.836 [main] DEBUG net.thucydides.core.steps.StepInterceptor - STARTING STEP: LoginSteps.clickLoginButton - clickLoginButton
01:32:36.840 [Forwarding findElement on session 7804aeb9c9b63d749e1c75555577655d to remote] DEBUG org.asynchttpclient.netty.request.NettyRequestSender - Using pooled Channel '[id: 0x5c2f99c6, L:/127.0.0.1:58354 - R:localhost/127.0.0.1:39538]' for 'POST' to 'http://localhost:39538/session/7804aeb9c9b63d749e1c75555577655d/element'
01:32:36.840 [Forwarding findElement on session 7804aeb9c9b63d749e1c75555577655d to remote] DEBUG org.asynchttpclient.netty.request.NettyRequestSender - Using open Channel [id: 0x5c2f99c6, L:/127.0.0.1:58354 - R:localhost/127.0.0.1:39538] for POST '/session/7804aeb9c9b63d749e1c75555577655d/element'
01:32:36.848 [AsyncHttpClient-1-13] DEBUG org.asynchttpclient.netty.handler.HttpHandler - 

Request DefaultHttpRequest(decodeResult: success, version: HTTP/1.1)
POST /session/7804aeb9c9b63d749e1c75555577655d/element HTTP/1.1
User-Agent: selenium/4.8.1 (java windows)
Content-Length: 165
Content-Type: application/json; charset=utf-8
host: localhost:39538
accept: */*

Response DefaultHttpResponse(decodeResult: success, version: HTTP/1.1)
HTTP/1.1 200 OK
Content-Length: 88
Content-Type: application/json; charset=utf-8
cache-control: no-cache

01:32:36.849 [AsyncHttpClient-1-13] DEBUG org.asynchttpclient.netty.channel.ChannelManager - Adding key: http://localhost:39538 for channel [id: 0x5c2f99c6, L:/127.0.0.1:58354 - R:localhost/127.0.0.1:39538]
01:32:36.850 [Forwarding getElementTagName on session 7804aeb9c9b63d749e1c75555577655d to remote] DEBUG org.asynchttpclient.netty.request.NettyRequestSender - Using pooled Channel '[id: 0x5c2f99c6, L:/127.0.0.1:58354 - R:localhost/127.0.0.1:39538]' for 'GET' to 'http://localhost:39538/session/7804aeb9c9b63d749e1c75555577655d/element/32252797-7647-4824-91b2-2e9031e5dce7/name'
01:32:36.850 [Forwarding getElementTagName on session 7804aeb9c9b63d749e1c75555577655d to remote] DEBUG org.asynchttpclient.netty.request.NettyRequestSender - Using open Channel [id: 0x5c2f99c6, L:/127.0.0.1:58354 - R:localhost/127.0.0.1:39538] for GET '/session/7804aeb9c9b63d749e1c75555577655d/element/32252797-7647-4824-91b2-2e9031e5dce7/name'
01:32:36.855 [AsyncHttpClient-1-13] DEBUG org.asynchttpclient.netty.handler.HttpHandler - 

Request DefaultFullHttpRequest(decodeResult: success, version: HTTP/1.1, content: EmptyByteBufBE)
GET /session/7804aeb9c9b63d749e1c75555577655d/element/32252797-7647-4824-91b2-2e9031e5dce7/name HTTP/1.1
User-Agent: selenium/4.8.1 (java windows)
Cache-Control: no-cache
Content-Type: application/json; charset=utf-8
host: localhost:39538
accept: */*

Response DefaultHttpResponse(decodeResult: success, version: HTTP/1.1)
HTTP/1.1 200 OK
Content-Length: 16
Content-Type: application/json; charset=utf-8
cache-control: no-cache

01:32:36.856 [AsyncHttpClient-1-13] DEBUG org.asynchttpclient.netty.channel.ChannelManager - Adding key: http://localhost:39538 for channel [id: 0x5c2f99c6, L:/127.0.0.1:58354 - R:localhost/127.0.0.1:39538]
01:32:36.857 [Forwarding getElementTagName on session 7804aeb9c9b63d749e1c75555577655d to remote] DEBUG org.asynchttpclient.netty.request.NettyRequestSender - Using pooled Channel '[id: 0x5c2f99c6, L:/127.0.0.1:58354 - R:localhost/127.0.0.1:39538]' for 'GET' to 'http://localhost:39538/session/7804aeb9c9b63d749e1c75555577655d/element/32252797-7647-4824-91b2-2e9031e5dce7/name'
01:32:36.857 [Forwarding getElementTagName on session 7804aeb9c9b63d749e1c75555577655d to remote] DEBUG org.asynchttpclient.netty.request.NettyRequestSender - Using open Channel [id: 0x5c2f99c6, L:/127.0.0.1:58354 - R:localhost/127.0.0.1:39538] for GET '/session/7804aeb9c9b63d749e1c75555577655d/element/32252797-7647-4824-91b2-2e9031e5dce7/name'
01:32:36.861 [AsyncHttpClient-1-13] DEBUG org.asynchttpclient.netty.handler.HttpHandler - 

Request DefaultFullHttpRequest(decodeResult: success, version: HTTP/1.1, content: EmptyByteBufBE)
GET /session/7804aeb9c9b63d749e1c75555577655d/element/32252797-7647-4824-91b2-2e9031e5dce7/name HTTP/1.1
User-Agent: selenium/4.8.1 (java windows)
Cache-Control: no-cache
Content-Type: application/json; charset=utf-8
host: localhost:39538
accept: */*

Response DefaultHttpResponse(decodeResult: success, version: HTTP/1.1)
HTTP/1.1 200 OK
Content-Length: 16
Content-Type: application/json; charset=utf-8
cache-control: no-cache

01:32:36.861 [AsyncHttpClient-1-13] DEBUG org.asynchttpclient.netty.channel.ChannelManager - Adding key: http://localhost:39538 for channel [id: 0x5c2f99c6, L:/127.0.0.1:58354 - R:localhost/127.0.0.1:39538]
01:32:36.863 [Forwarding findElement on session 7804aeb9c9b63d749e1c75555577655d to remote] DEBUG org.asynchttpclient.netty.request.NettyRequestSender - Using pooled Channel '[id: 0x5c2f99c6, L:/127.0.0.1:58354 - R:localhost/127.0.0.1:39538]' for 'POST' to 'http://localhost:39538/session/7804aeb9c9b63d749e1c75555577655d/element'
01:32:36.863 [Forwarding findElement on session 7804aeb9c9b63d749e1c75555577655d to remote] DEBUG org.asynchttpclient.netty.request.NettyRequestSender - Using open Channel [id: 0x5c2f99c6, L:/127.0.0.1:58354 - R:localhost/127.0.0.1:39538] for POST '/session/7804aeb9c9b63d749e1c75555577655d/element'
01:32:36.870 [AsyncHttpClient-1-13] DEBUG org.asynchttpclient.netty.handler.HttpHandler - 

Request DefaultHttpRequest(decodeResult: success, version: HTTP/1.1)
POST /session/7804aeb9c9b63d749e1c75555577655d/element HTTP/1.1
User-Agent: selenium/4.8.1 (java windows)
Content-Length: 165
Content-Type: application/json; charset=utf-8
host: localhost:39538
accept: */*

Response DefaultHttpResponse(decodeResult: success, version: HTTP/1.1)
HTTP/1.1 200 OK
Content-Length: 88
Content-Type: application/json; charset=utf-8
cache-control: no-cache

01:32:36.870 [AsyncHttpClient-1-13] DEBUG org.asynchttpclient.netty.channel.ChannelManager - Adding key: http://localhost:39538 for channel [id: 0x5c2f99c6, L:/127.0.0.1:58354 - R:localhost/127.0.0.1:39538]
01:32:36.871 [Forwarding clickElement on session 7804aeb9c9b63d749e1c75555577655d to remote] DEBUG org.asynchttpclient.netty.request.NettyRequestSender - Using pooled Channel '[id: 0x5c2f99c6, L:/127.0.0.1:58354 - R:localhost/127.0.0.1:39538]' for 'POST' to 'http://localhost:39538/session/7804aeb9c9b63d749e1c75555577655d/element/32252797-7647-4824-91b2-2e9031e5dce7/click'
01:32:36.871 [Forwarding clickElement on session 7804aeb9c9b63d749e1c75555577655d to remote] DEBUG org.asynchttpclient.netty.request.NettyRequestSender - Using open Channel [id: 0x5c2f99c6, L:/127.0.0.1:58354 - R:localhost/127.0.0.1:39538] for POST '/session/7804aeb9c9b63d749e1c75555577655d/element/32252797-7647-4824-91b2-2e9031e5dce7/click'
01:32:36.920 [AsyncHttpClient-1-13] DEBUG org.asynchttpclient.netty.handler.HttpHandler - 

Request DefaultHttpRequest(decodeResult: success, version: HTTP/1.1)
POST /session/7804aeb9c9b63d749e1c75555577655d/element/32252797-7647-4824-91b2-2e9031e5dce7/click HTTP/1.1
User-Agent: selenium/4.8.1 (java windows)
Content-Length: 50
Content-Type: application/json; charset=utf-8
host: localhost:39538
accept: */*

Response DefaultHttpResponse(decodeResult: success, version: HTTP/1.1)
HTTP/1.1 200 OK
Content-Length: 14
Content-Type: application/json; charset=utf-8
cache-control: no-cache

01:32:36.920 [AsyncHttpClient-1-13] DEBUG org.asynchttpclient.netty.channel.ChannelManager - Adding key: http://localhost:39538 for channel [id: 0x5c2f99c6, L:/127.0.0.1:58354 - R:localhost/127.0.0.1:39538]
01:32:36.928 [Forwarding getAlertText on session 7804aeb9c9b63d749e1c75555577655d to remote] DEBUG org.asynchttpclient.netty.request.NettyRequestSender - Using pooled Channel '[id: 0x5c2f99c6, L:/127.0.0.1:58354 - R:localhost/127.0.0.1:39538]' for 'GET' to 'http://localhost:39538/session/7804aeb9c9b63d749e1c75555577655d/alert/text'
01:32:36.928 [Forwarding getAlertText on session 7804aeb9c9b63d749e1c75555577655d to remote] DEBUG org.asynchttpclient.netty.request.NettyRequestSender - Using open Channel [id: 0x5c2f99c6, L:/127.0.0.1:58354 - R:localhost/127.0.0.1:39538] for GET '/session/7804aeb9c9b63d749e1c75555577655d/alert/text'
01:32:36.930 [AsyncHttpClient-1-13] DEBUG org.asynchttpclient.netty.handler.HttpHandler - 

Request DefaultFullHttpRequest(decodeResult: success, version: HTTP/1.1, content: EmptyByteBufBE)
GET /session/7804aeb9c9b63d749e1c75555577655d/alert/text HTTP/1.1
User-Agent: selenium/4.8.1 (java windows)
Cache-Control: no-cache
Content-Type: application/json; charset=utf-8
host: localhost:39538
accept: */*

Response DefaultHttpResponse(decodeResult: success, version: HTTP/1.1)
HTTP/1.1 404 Not Found
Content-Length: 816
Content-Type: application/json; charset=utf-8
cache-control: no-cache

01:32:36.930 [AsyncHttpClient-1-13] DEBUG org.asynchttpclient.netty.channel.ChannelManager - Adding key: http://localhost:39538 for channel [id: 0x5c2f99c6, L:/127.0.0.1:58354 - R:localhost/127.0.0.1:39538]
01:32:36.931 [Forwarding getCurrentUrl on session 7804aeb9c9b63d749e1c75555577655d to remote] DEBUG org.asynchttpclient.netty.request.NettyRequestSender - Using pooled Channel '[id: 0x5c2f99c6, L:/127.0.0.1:58354 - R:localhost/127.0.0.1:39538]' for 'GET' to 'http://localhost:39538/session/7804aeb9c9b63d749e1c75555577655d/url'
01:32:36.931 [Forwarding getCurrentUrl on session 7804aeb9c9b63d749e1c75555577655d to remote] DEBUG org.asynchttpclient.netty.request.NettyRequestSender - Using open Channel [id: 0x5c2f99c6, L:/127.0.0.1:58354 - R:localhost/127.0.0.1:39538] for GET '/session/7804aeb9c9b63d749e1c75555577655d/url'
01:32:36.934 [AsyncHttpClient-1-13] DEBUG org.asynchttpclient.netty.handler.HttpHandler - 

Request DefaultFullHttpRequest(decodeResult: success, version: HTTP/1.1, content: EmptyByteBufBE)
GET /session/7804aeb9c9b63d749e1c75555577655d/url HTTP/1.1
User-Agent: selenium/4.8.1 (java windows)
Cache-Control: no-cache
Content-Type: application/json; charset=utf-8
host: localhost:39538
accept: */*

Response DefaultHttpResponse(decodeResult: success, version: HTTP/1.1)
HTTP/1.1 200 OK
Content-Length: 51
Content-Type: application/json; charset=utf-8
cache-control: no-cache

01:32:36.934 [AsyncHttpClient-1-13] DEBUG org.asynchttpclient.netty.channel.ChannelManager - Adding key: http://localhost:39538 for channel [id: 0x5c2f99c6, L:/127.0.0.1:58354 - R:localhost/127.0.0.1:39538]
01:32:36.935 [Forwarding screenshot on session 7804aeb9c9b63d749e1c75555577655d to remote] DEBUG org.asynchttpclient.netty.request.NettyRequestSender - Using pooled Channel '[id: 0x5c2f99c6, L:/127.0.0.1:58354 - R:localhost/127.0.0.1:39538]' for 'GET' to 'http://localhost:39538/session/7804aeb9c9b63d749e1c75555577655d/screenshot'
01:32:36.935 [Forwarding screenshot on session 7804aeb9c9b63d749e1c75555577655d to remote] DEBUG org.asynchttpclient.netty.request.NettyRequestSender - Using open Channel [id: 0x5c2f99c6, L:/127.0.0.1:58354 - R:localhost/127.0.0.1:39538] for GET '/session/7804aeb9c9b63d749e1c75555577655d/screenshot'
01:32:37.155 [AsyncHttpClient-1-13] DEBUG org.asynchttpclient.netty.handler.HttpHandler - 

Request DefaultFullHttpRequest(decodeResult: success, version: HTTP/1.1, content: EmptyByteBufBE)
GET /session/7804aeb9c9b63d749e1c75555577655d/screenshot HTTP/1.1
User-Agent: selenium/4.8.1 (java windows)
Cache-Control: no-cache
Content-Type: application/json; charset=utf-8
host: localhost:39538
accept: */*

Response DefaultHttpResponse(decodeResult: success, version: HTTP/1.1)
HTTP/1.1 200 OK
Content-Length: 47920
Content-Type: application/json; charset=utf-8
cache-control: no-cache

01:32:37.156 [AsyncHttpClient-1-13] DEBUG org.asynchttpclient.netty.channel.ChannelManager - Adding key: http://localhost:39538 for channel [id: 0x5c2f99c6, L:/127.0.0.1:58354 - R:localhost/127.0.0.1:39538]
01:32:37.161 [main] DEBUG net.serenitybdd.core.photography.Darkroom - Send negative for processing for target\site\serenity\8640fb7b247c606429645a4d0451fa520aaa168af4092c1b21f2b0d644676585.png
01:32:37.161 [main] DEBUG net.thucydides.core.steps.StepInterceptor - STEP DONE: clickLoginButton
  &amp#27;[32mAnd &amp#27;[0m&amp#27;[32mI click login button&amp#27;[0m                                                                &amp#27;[90m# starter.stepdefinitions.LoginSteps.clickLoginButton()&amp#27;[0m
01:32:37.161 [Darkroom Processing Line] DEBUG net.serenitybdd.core.photography.DarkroomProcessingLine - Processing screenshot image in /var/screenshots/screenshot-3944733200404180713
01:32:37.162 [Darkroom Processing Line] DEBUG net.serenitybdd.core.photography.DarkroomProcessingLine - Saving screenshot to target\site\serenity\8640fb7b247c606429645a4d0451fa520aaa168af4092c1b21f2b0d644676585.png
01:32:37.182 [Forwarding getPageSource on session 7804aeb9c9b63d749e1c75555577655d to remote] DEBUG org.asynchttpclient.netty.request.NettyRequestSender - Using pooled Channel '[id: 0x5c2f99c6, L:/127.0.0.1:58354 - R:localhost/127.0.0.1:39538]' for 'POST' to 'http://localhost:39538/session/7804aeb9c9b63d749e1c75555577655d/execute/sync'
01:32:37.182 [Forwarding getPageSource on session 7804aeb9c9b63d749e1c75555577655d to remote] DEBUG org.asynchttpclient.netty.request.NettyRequestSender - Using open Channel [id: 0x5c2f99c6, L:/127.0.0.1:58354 - R:localhost/127.0.0.1:39538] for POST '/session/7804aeb9c9b63d749e1c75555577655d/execute/sync'
01:32:37.204 [AsyncHttpClient-1-13] DEBUG org.asynchttpclient.netty.handler.HttpHandler - 

Request DefaultHttpRequest(decodeResult: success, version: HTTP/1.1)
POST /session/7804aeb9c9b63d749e1c75555577655d/execute/sync HTTP/1.1
User-Agent: selenium/4.8.1 (java windows)
Content-Length: 176
Content-Type: application/json; charset=utf-8
host: localhost:39538
accept: */*

Response DefaultHttpResponse(decodeResult: success, version: HTTP/1.1)
HTTP/1.1 200 OK
Content-Length: 28798
Content-Type: application/json; charset=utf-8
cache-control: no-cache

01:32:37.204 [AsyncHttpClient-1-13] DEBUG org.asynchttpclient.netty.channel.ChannelManager - Adding key: http://localhost:39538 for channel [id: 0x5c2f99c6, L:/127.0.0.1:58354 - R:localhost/127.0.0.1:39538]
01:32:37.209 [Forwarding getCurrentUrl on session 7804aeb9c9b63d749e1c75555577655d to remote] DEBUG org.asynchttpclient.netty.request.NettyRequestSender - Using pooled Channel '[id: 0x5c2f99c6, L:/127.0.0.1:58354 - R:localhost/127.0.0.1:39538]' for 'GET' to 'http://localhost:39538/session/7804aeb9c9b63d749e1c75555577655d/url'
01:32:37.209 [Forwarding getCurrentUrl on session 7804aeb9c9b63d749e1c75555577655d to remote] DEBUG org.asynchttpclient.netty.request.NettyRequestSender - Using open Channel [id: 0x5c2f99c6, L:/127.0.0.1:58354 - R:localhost/127.0.0.1:39538] for GET '/session/7804aeb9c9b63d749e1c75555577655d/url'
01:32:37.218 [AsyncHttpClient-1-13] DEBUG org.asynchttpclient.netty.handler.HttpHandler - 

Request DefaultFullHttpRequest(decodeResult: success, version: HTTP/1.1, content: EmptyByteBufBE)
GET /session/7804aeb9c9b63d749e1c75555577655d/url HTTP/1.1
User-Agent: selenium/4.8.1 (java windows)
Cache-Control: no-cache
Content-Type: application/json; charset=utf-8
host: localhost:39538
accept: */*

Response DefaultHttpResponse(decodeResult: success, version: HTTP/1.1)
HTTP/1.1 200 OK
Content-Length: 41
Content-Type: application/json; charset=utf-8
cache-control: no-cache

01:32:37.218 [AsyncHttpClient-1-13] DEBUG org.asynchttpclient.netty.channel.ChannelManager - Adding key: http://localhost:39538 for channel [id: 0x5c2f99c6, L:/127.0.0.1:58354 - R:localhost/127.0.0.1:39538]
01:32:37.230 [Forwarding findElement on session 7804aeb9c9b63d749e1c75555577655d to remote] DEBUG org.asynchttpclient.netty.request.NettyRequestSender - Using pooled Channel '[id: 0x5c2f99c6, L:/127.0.0.1:58354 - R:localhost/127.0.0.1:39538]' for 'POST' to 'http://localhost:39538/session/7804aeb9c9b63d749e1c75555577655d/element'
01:32:37.230 [Forwarding findElement on session 7804aeb9c9b63d749e1c75555577655d to remote] DEBUG org.asynchttpclient.netty.request.NettyRequestSender - Using open Channel [id: 0x5c2f99c6, L:/127.0.0.1:58354 - R:localhost/127.0.0.1:39538] for POST '/session/7804aeb9c9b63d749e1c75555577655d/element'
01:32:37.246 [AsyncHttpClient-1-13] DEBUG org.asynchttpclient.netty.handler.HttpHandler - 

Request DefaultHttpRequest(decodeResult: success, version: HTTP/1.1)
POST /session/7804aeb9c9b63d749e1c75555577655d/element HTTP/1.1
User-Agent: selenium/4.8.1 (java windows)
Content-Length: 48
Content-Type: application/json; charset=utf-8
host: localhost:39538
accept: */*

Response DefaultHttpResponse(decodeResult: success, version: HTTP/1.1)
HTTP/1.1 200 OK
Content-Length: 88
Content-Type: application/json; charset=utf-8
cache-control: no-cache

01:32:37.246 [AsyncHttpClient-1-13] DEBUG org.asynchttpclient.netty.channel.ChannelManager - Adding key: http://localhost:39538 for channel [id: 0x5c2f99c6, L:/127.0.0.1:58354 - R:localhost/127.0.0.1:39538]
01:32:37.250 [Forwarding isElementDisplayed on session 7804aeb9c9b63d749e1c75555577655d to remote] DEBUG org.asynchttpclient.netty.request.NettyRequestSender - Using pooled Channel '[id: 0x5c2f99c6, L:/127.0.0.1:58354 - R:localhost/127.0.0.1:39538]' for 'POST' to 'http://localhost:39538/session/7804aeb9c9b63d749e1c75555577655d/execute/sync'
01:32:37.250 [Forwarding isElementDisplayed on session 7804aeb9c9b63d749e1c75555577655d to remote] DEBUG org.asynchttpclient.netty.request.NettyRequestSender - Using open Channel [id: 0x5c2f99c6, L:/127.0.0.1:58354 - R:localhost/127.0.0.1:39538] for POST '/session/7804aeb9c9b63d749e1c75555577655d/execute/sync'
01:32:37.269 [AsyncHttpClient-1-13] DEBUG org.asynchttpclient.netty.handler.HttpHandler - 

Request DefaultHttpRequest(decodeResult: success, version: HTTP/1.1)
POST /session/7804aeb9c9b63d749e1c75555577655d/execute/sync HTTP/1.1
User-Agent: selenium/4.8.1 (java windows)
Content-Length: 48807
Content-Type: application/json; charset=utf-8
host: localhost:39538
accept: */*

Response DefaultHttpResponse(decodeResult: success, version: HTTP/1.1)
HTTP/1.1 200 OK
Content-Length: 14
Content-Type: application/json; charset=utf-8
cache-control: no-cache

01:32:37.269 [AsyncHttpClient-1-13] DEBUG org.asynchttpclient.netty.channel.ChannelManager - Adding key: http://localhost:39538 for channel [id: 0x5c2f99c6, L:/127.0.0.1:58354 - R:localhost/127.0.0.1:39538]
  &amp#27;[32mThen &amp#27;[0m&amp#27;[32mI am on the product page&amp#27;[0m                                                           &amp#27;[90m# starter.stepdefinitions.LoginSteps.onTheProductPage()&amp#27;[0m
01:32:37.275 [Forwarding getAlertText on session 7804aeb9c9b63d749e1c75555577655d to remote] DEBUG org.asynchttpclient.netty.request.NettyRequestSender - Using pooled Channel '[id: 0x5c2f99c6, L:/127.0.0.1:58354 - R:localhost/127.0.0.1:39538]' for 'GET' to 'http://localhost:39538/session/7804aeb9c9b63d749e1c75555577655d/alert/text'
01:32:37.275 [Forwarding getAlertText on session 7804aeb9c9b63d749e1c75555577655d to remote] DEBUG org.asynchttpclient.netty.request.NettyRequestSender - Using open Channel [id: 0x5c2f99c6, L:/127.0.0.1:58354 - R:localhost/127.0.0.1:39538] for GET '/session/7804aeb9c9b63d749e1c75555577655d/alert/text'
01:32:37.277 [AsyncHttpClient-1-13] DEBUG org.asynchttpclient.netty.handler.HttpHandler - 

Request DefaultFullHttpRequest(decodeResult: success, version: HTTP/1.1, content: EmptyByteBufBE)
GET /session/7804aeb9c9b63d749e1c75555577655d/alert/text HTTP/1.1
User-Agent: selenium/4.8.1 (java windows)
Cache-Control: no-cache
Content-Type: application/json; charset=utf-8
host: localhost:39538
accept: */*

Response DefaultHttpResponse(decodeResult: success, version: HTTP/1.1)
HTTP/1.1 404 Not Found
Content-Length: 816
Content-Type: application/json; charset=utf-8
cache-control: no-cache

01:32:37.277 [AsyncHttpClient-1-13] DEBUG org.asynchttpclient.netty.channel.ChannelManager - Adding key: http://localhost:39538 for channel [id: 0x5c2f99c6, L:/127.0.0.1:58354 - R:localhost/127.0.0.1:39538]
01:32:37.280 [Forwarding getCurrentUrl on session 7804aeb9c9b63d749e1c75555577655d to remote] DEBUG org.asynchttpclient.netty.request.NettyRequestSender - Using pooled Channel '[id: 0x5c2f99c6, L:/127.0.0.1:58354 - R:localhost/127.0.0.1:39538]' for 'GET' to 'http://localhost:39538/session/7804aeb9c9b63d749e1c75555577655d/url'
01:32:37.280 [Forwarding getCurrentUrl on session 7804aeb9c9b63d749e1c75555577655d to remote] DEBUG org.asynchttpclient.netty.request.NettyRequestSender - Using open Channel [id: 0x5c2f99c6, L:/127.0.0.1:58354 - R:localhost/127.0.0.1:39538] for GET '/session/7804aeb9c9b63d749e1c75555577655d/url'
01:32:37.285 [AsyncHttpClient-1-13] DEBUG org.asynchttpclient.netty.handler.HttpHandler - 

Request DefaultFullHttpRequest(decodeResult: success, version: HTTP/1.1, content: EmptyByteBufBE)
GET /session/7804aeb9c9b63d749e1c75555577655d/url HTTP/1.1
User-Agent: selenium/4.8.1 (java windows)
Cache-Control: no-cache
Content-Type: application/json; charset=utf-8
host: localhost:39538
accept: */*

Response DefaultHttpResponse(decodeResult: success, version: HTTP/1.1)
HTTP/1.1 200 OK
Content-Length: 41
Content-Type: application/json; charset=utf-8
cache-control: no-cache

01:32:37.285 [AsyncHttpClient-1-13] DEBUG org.asynchttpclient.netty.channel.ChannelManager - Adding key: http://localhost:39538 for channel [id: 0x5c2f99c6, L:/127.0.0.1:58354 - R:localhost/127.0.0.1:39538]
01:32:37.286 [Forwarding screenshot on session 7804aeb9c9b63d749e1c75555577655d to remote] DEBUG org.asynchttpclient.netty.request.NettyRequestSender - Using pooled Channel '[id: 0x5c2f99c6, L:/127.0.0.1:58354 - R:localhost/127.0.0.1:39538]' for 'GET' to 'http://localhost:39538/session/7804aeb9c9b63d749e1c75555577655d/screenshot'
01:32:37.286 [Forwarding screenshot on session 7804aeb9c9b63d749e1c75555577655d to remote] DEBUG org.asynchttpclient.netty.request.NettyRequestSender - Using open Channel [id: 0x5c2f99c6, L:/127.0.0.1:58354 - R:localhost/127.0.0.1:39538] for GET '/session/7804aeb9c9b63d749e1c75555577655d/screenshot'
01:32:37.490 [AsyncHttpClient-1-1] DEBUG org.asynchttpclient.netty.channel.DefaultChannelPool - Entry count for : http://localhost:58355 : 1
01:32:38.601 [AsyncHttpClient-1-1] DEBUG org.asynchttpclient.netty.channel.DefaultChannelPool - Entry count for : http://localhost:58355 : 1
01:32:38.770 [AsyncHttpClient-1-13] DEBUG org.asynchttpclient.netty.handler.HttpHandler - 

Request DefaultFullHttpRequest(decodeResult: success, version: HTTP/1.1, content: EmptyByteBufBE)
GET /session/7804aeb9c9b63d749e1c75555577655d/screenshot HTTP/1.1
User-Agent: selenium/4.8.1 (java windows)
Cache-Control: no-cache
Content-Type: application/json; charset=utf-8
host: localhost:39538
accept: */*

Response DefaultHttpResponse(decodeResult: success, version: HTTP/1.1)
HTTP/1.1 200 OK
Content-Length: 26340
Content-Type: application/json; charset=utf-8
cache-control: no-cache

01:32:38.771 [AsyncHttpClient-1-13] DEBUG org.asynchttpclient.netty.channel.ChannelManager - Adding key: http://localhost:39538 for channel [id: 0x5c2f99c6, L:/127.0.0.1:58354 - R:localhost/127.0.0.1:39538]
01:32:38.773 [main] DEBUG net.serenitybdd.core.photography.Darkroom - Send negative for processing for target\site\serenity\bfa1da54183d161297c47f37133dfc91658909e814ee07a41c45e78f7808ff3b.png
01:32:38.774 [Darkroom Processing Line] DEBUG net.serenitybdd.core.photography.DarkroomProcessingLine - Processing screenshot image in /var/screenshots/screenshot-4161283875376340796
01:32:38.774 [Darkroom Processing Line] DEBUG net.serenitybdd.core.photography.DarkroomProcessingLine - Saving screenshot to target\site\serenity\bfa1da54183d161297c47f37133dfc91658909e814ee07a41c45e78f7808ff3b.png
01:32:38.778 [Forwarding getPageSource on session 7804aeb9c9b63d749e1c75555577655d to remote] DEBUG org.asynchttpclient.netty.request.NettyRequestSender - Using pooled Channel '[id: 0x5c2f99c6, L:/127.0.0.1:58354 - R:localhost/127.0.0.1:39538]' for 'POST' to 'http://localhost:39538/session/7804aeb9c9b63d749e1c75555577655d/execute/sync'
01:32:38.778 [Forwarding getPageSource on session 7804aeb9c9b63d749e1c75555577655d to remote] DEBUG org.asynchttpclient.netty.request.NettyRequestSender - Using open Channel [id: 0x5c2f99c6, L:/127.0.0.1:58354 - R:localhost/127.0.0.1:39538] for POST '/session/7804aeb9c9b63d749e1c75555577655d/execute/sync'
01:32:38.818 [AsyncHttpClient-1-13] DEBUG org.asynchttpclient.netty.handler.HttpHandler - 

Request DefaultHttpRequest(decodeResult: success, version: HTTP/1.1)
POST /session/7804aeb9c9b63d749e1c75555577655d/execute/sync HTTP/1.1
User-Agent: selenium/4.8.1 (java windows)
Content-Length: 176
Content-Type: application/json; charset=utf-8
host: localhost:39538
accept: */*

Response DefaultHttpResponse(decodeResult: success, version: HTTP/1.1)
HTTP/1.1 200 OK
Content-Length: 518092
Content-Type: application/json; charset=utf-8
cache-control: no-cache

01:32:38.819 [AsyncHttpClient-1-13] DEBUG org.asynchttpclient.netty.channel.ChannelManager - Adding key: http://localhost:39538 for channel [id: 0x5c2f99c6, L:/127.0.0.1:58354 - R:localhost/127.0.0.1:39538]
01:32:38.871 [Forwarding getCurrentUrl on session 7804aeb9c9b63d749e1c75555577655d to remote] DEBUG org.asynchttpclient.netty.request.NettyRequestSender - Using pooled Channel '[id: 0x5c2f99c6, L:/127.0.0.1:58354 - R:localhost/127.0.0.1:39538]' for 'GET' to 'http://localhost:39538/session/7804aeb9c9b63d749e1c75555577655d/url'
01:32:38.871 [Forwarding getCurrentUrl on session 7804aeb9c9b63d749e1c75555577655d to remote] DEBUG org.asynchttpclient.netty.request.NettyRequestSender - Using open Channel [id: 0x5c2f99c6, L:/127.0.0.1:58354 - R:localhost/127.0.0.1:39538] for GET '/session/7804aeb9c9b63d749e1c75555577655d/url'
01:32:38.875 [AsyncHttpClient-1-13] DEBUG org.asynchttpclient.netty.handler.HttpHandler - 

Request DefaultFullHttpRequest(decodeResult: success, version: HTTP/1.1, content: EmptyByteBufBE)
GET /session/7804aeb9c9b63d749e1c75555577655d/url HTTP/1.1
User-Agent: selenium/4.8.1 (java windows)
Cache-Control: no-cache
Content-Type: application/json; charset=utf-8
host: localhost:39538
accept: */*

Response DefaultHttpResponse(decodeResult: success, version: HTTP/1.1)
HTTP/1.1 200 OK
Content-Length: 41
Content-Type: application/json; charset=utf-8
cache-control: no-cache

01:32:38.875 [AsyncHttpClient-1-13] DEBUG org.asynchttpclient.netty.channel.ChannelManager - Adding key: http://localhost:39538 for channel [id: 0x5c2f99c6, L:/127.0.0.1:58354 - R:localhost/127.0.0.1:39538]
01:32:38.883 [Forwarding getAlertText on session 7804aeb9c9b63d749e1c75555577655d to remote] DEBUG org.asynchttpclient.netty.request.NettyRequestSender - Using pooled Channel '[id: 0x5c2f99c6, L:/127.0.0.1:58354 - R:localhost/127.0.0.1:39538]' for 'GET' to 'http://localhost:39538/session/7804aeb9c9b63d749e1c75555577655d/alert/text'
01:32:38.883 [Forwarding getAlertText on session 7804aeb9c9b63d749e1c75555577655d to remote] DEBUG org.asynchttpclient.netty.request.NettyRequestSender - Using open Channel [id: 0x5c2f99c6, L:/127.0.0.1:58354 - R:localhost/127.0.0.1:39538] for GET '/session/7804aeb9c9b63d749e1c75555577655d/alert/text'
01:32:38.886 [AsyncHttpClient-1-13] DEBUG org.asynchttpclient.netty.handler.HttpHandler - 

Request DefaultFullHttpRequest(decodeResult: success, version: HTTP/1.1, content: EmptyByteBufBE)
GET /session/7804aeb9c9b63d749e1c75555577655d/alert/text HTTP/1.1
User-Agent: selenium/4.8.1 (java windows)
Cache-Control: no-cache
Content-Type: application/json; charset=utf-8
host: localhost:39538
accept: */*

Response DefaultHttpResponse(decodeResult: success, version: HTTP/1.1)
HTTP/1.1 404 Not Found
Content-Length: 816
Content-Type: application/json; charset=utf-8
cache-control: no-cache

01:32:38.886 [AsyncHttpClient-1-13] DEBUG org.asynchttpclient.netty.channel.ChannelManager - Adding key: http://localhost:39538 for channel [id: 0x5c2f99c6, L:/127.0.0.1:58354 - R:localhost/127.0.0.1:39538]
01:32:38.887 [Forwarding getCurrentUrl on session 7804aeb9c9b63d749e1c75555577655d to remote] DEBUG org.asynchttpclient.netty.request.NettyRequestSender - Using pooled Channel '[id: 0x5c2f99c6, L:/127.0.0.1:58354 - R:localhost/127.0.0.1:39538]' for 'GET' to 'http://localhost:39538/session/7804aeb9c9b63d749e1c75555577655d/url'
01:32:38.887 [Forwarding getCurrentUrl on session 7804aeb9c9b63d749e1c75555577655d to remote] DEBUG org.asynchttpclient.netty.request.NettyRequestSender - Using open Channel [id: 0x5c2f99c6, L:/127.0.0.1:58354 - R:localhost/127.0.0.1:39538] for GET '/session/7804aeb9c9b63d749e1c75555577655d/url'
01:32:38.891 [AsyncHttpClient-1-13] DEBUG org.asynchttpclient.netty.handler.HttpHandler - 

Request DefaultFullHttpRequest(decodeResult: success, version: HTTP/1.1, content: EmptyByteBufBE)
GET /session/7804aeb9c9b63d749e1c75555577655d/url HTTP/1.1
User-Agent: selenium/4.8.1 (java windows)
Cache-Control: no-cache
Content-Type: application/json; charset=utf-8
host: localhost:39538
accept: */*

Response DefaultHttpResponse(decodeResult: success, version: HTTP/1.1)
HTTP/1.1 200 OK
Content-Length: 41
Content-Type: application/json; charset=utf-8
cache-control: no-cache

01:32:38.891 [AsyncHttpClient-1-13] DEBUG org.asynchttpclient.netty.channel.ChannelManager - Adding key: http://localhost:39538 for channel [id: 0x5c2f99c6, L:/127.0.0.1:58354 - R:localhost/127.0.0.1:39538]
01:32:38.891 [Forwarding screenshot on session 7804aeb9c9b63d749e1c75555577655d to remote] DEBUG org.asynchttpclient.netty.request.NettyRequestSender - Using pooled Channel '[id: 0x5c2f99c6, L:/127.0.0.1:58354 - R:localhost/127.0.0.1:39538]' for 'GET' to 'http://localhost:39538/session/7804aeb9c9b63d749e1c75555577655d/screenshot'
01:32:38.891 [Forwarding screenshot on session 7804aeb9c9b63d749e1c75555577655d to remote] DEBUG org.asynchttpclient.netty.request.NettyRequestSender - Using open Channel [id: 0x5c2f99c6, L:/127.0.0.1:58354 - R:localhost/127.0.0.1:39538] for GET '/session/7804aeb9c9b63d749e1c75555577655d/screenshot'
01:32:39.083 [AsyncHttpClient-1-13] DEBUG org.asynchttpclient.netty.handler.HttpHandler - 

Request DefaultFullHttpRequest(decodeResult: success, version: HTTP/1.1, content: EmptyByteBufBE)
GET /session/7804aeb9c9b63d749e1c75555577655d/screenshot HTTP/1.1
User-Agent: selenium/4.8.1 (java windows)
Cache-Control: no-cache
Content-Type: application/json; charset=utf-8
host: localhost:39538
accept: */*

Response DefaultHttpResponse(decodeResult: success, version: HTTP/1.1)
HTTP/1.1 200 OK
Content-Length: 88064
Content-Type: application/json; charset=utf-8
cache-control: no-cache

01:32:39.084 [AsyncHttpClient-1-13] DEBUG org.asynchttpclient.netty.channel.ChannelManager - Adding key: http://localhost:39538 for channel [id: 0x5c2f99c6, L:/127.0.0.1:58354 - R:localhost/127.0.0.1:39538]
01:32:39.088 [main] DEBUG net.serenitybdd.core.photography.Darkroom - Send negative for processing for target\site\serenity\29cfb7224f78dd2b7f7a05113e61d3ecb6498f3e107ac7b049bf50082cf5226f.png
01:32:39.089 [Forwarding getPageSource on session 7804aeb9c9b63d749e1c75555577655d to remote] DEBUG org.asynchttpclient.netty.request.NettyRequestSender - Using pooled Channel '[id: 0x5c2f99c6, L:/127.0.0.1:58354 - R:localhost/127.0.0.1:39538]' for 'POST' to 'http://localhost:39538/session/7804aeb9c9b63d749e1c75555577655d/execute/sync'
01:32:39.089 [Forwarding getPageSource on session 7804aeb9c9b63d749e1c75555577655d to remote] DEBUG org.asynchttpclient.netty.request.NettyRequestSender - Using open Channel [id: 0x5c2f99c6, L:/127.0.0.1:58354 - R:localhost/127.0.0.1:39538] for POST '/session/7804aeb9c9b63d749e1c75555577655d/execute/sync'
01:32:39.123 [AsyncHttpClient-1-13] DEBUG org.asynchttpclient.netty.handler.HttpHandler - 

Request DefaultHttpRequest(decodeResult: success, version: HTTP/1.1)
POST /session/7804aeb9c9b63d749e1c75555577655d/execute/sync HTTP/1.1
User-Agent: selenium/4.8.1 (java windows)
Content-Length: 176
Content-Type: application/json; charset=utf-8
host: localhost:39538
accept: */*

Response DefaultHttpResponse(decodeResult: success, version: HTTP/1.1)
HTTP/1.1 200 OK
Content-Length: 518092
Content-Type: application/json; charset=utf-8
cache-control: no-cache

01:32:39.124 [AsyncHttpClient-1-13] DEBUG org.asynchttpclient.netty.channel.ChannelManager - Adding key: http://localhost:39538 for channel [id: 0x5c2f99c6, L:/127.0.0.1:58354 - R:localhost/127.0.0.1:39538]
01:32:39.174 [Forwarding getCurrentUrl on session 7804aeb9c9b63d749e1c75555577655d to remote] DEBUG org.asynchttpclient.netty.request.NettyRequestSender - Using pooled Channel '[id: 0x5c2f99c6, L:/127.0.0.1:58354 - R:localhost/127.0.0.1:39538]' for 'GET' to 'http://localhost:39538/session/7804aeb9c9b63d749e1c75555577655d/url'
01:32:39.174 [Forwarding getCurrentUrl on session 7804aeb9c9b63d749e1c75555577655d to remote] DEBUG org.asynchttpclient.netty.request.NettyRequestSender - Using open Channel [id: 0x5c2f99c6, L:/127.0.0.1:58354 - R:localhost/127.0.0.1:39538] for GET '/session/7804aeb9c9b63d749e1c75555577655d/url'
01:32:39.177 [AsyncHttpClient-1-13] DEBUG org.asynchttpclient.netty.handler.HttpHandler - 

Request DefaultFullHttpRequest(decodeResult: success, version: HTTP/1.1, content: EmptyByteBufBE)
GET /session/7804aeb9c9b63d749e1c75555577655d/url HTTP/1.1
User-Agent: selenium/4.8.1 (java windows)
Cache-Control: no-cache
Content-Type: application/json; charset=utf-8
host: localhost:39538
accept: */*

Response DefaultHttpResponse(decodeResult: success, version: HTTP/1.1)
HTTP/1.1 200 OK
Content-Length: 41
Content-Type: application/json; charset=utf-8
cache-control: no-cache

01:32:39.177 [AsyncHttpClient-1-13] DEBUG org.asynchttpclient.netty.channel.ChannelManager - Adding key: http://localhost:39538 for channel [id: 0x5c2f99c6, L:/127.0.0.1:58354 - R:localhost/127.0.0.1:39538]
01:32:39.181 [main] DEBUG net.thucydides.core.steps.StepInterceptor - STARTING STEP: LoginSteps.clickBeliButton - clickBeliButton
01:32:39.183 [Forwarding findElement on session 7804aeb9c9b63d749e1c75555577655d to remote] DEBUG org.asynchttpclient.netty.request.NettyRequestSender - Using pooled Channel '[id: 0x5c2f99c6, L:/127.0.0.1:58354 - R:localhost/127.0.0.1:39538]' for 'POST' to 'http://localhost:39538/session/7804aeb9c9b63d749e1c75555577655d/element'
01:32:39.183 [Forwarding findElement on session 7804aeb9c9b63d749e1c75555577655d to remote] DEBUG org.asynchttpclient.netty.request.NettyRequestSender - Using open Channel [id: 0x5c2f99c6, L:/127.0.0.1:58354 - R:localhost/127.0.0.1:39538] for POST '/session/7804aeb9c9b63d749e1c75555577655d/element'
01:32:39.199 [AsyncHttpClient-1-13] DEBUG org.asynchttpclient.netty.handler.HttpHandler - 

Request DefaultHttpRequest(decodeResult: success, version: HTTP/1.1)
POST /session/7804aeb9c9b63d749e1c75555577655d/element HTTP/1.1
User-Agent: selenium/4.8.1 (java windows)
Content-Length: 123
Content-Type: application/json; charset=utf-8
host: localhost:39538
accept: */*

Response DefaultHttpResponse(decodeResult: success, version: HTTP/1.1)
HTTP/1.1 200 OK
Content-Length: 88
Content-Type: application/json; charset=utf-8
cache-control: no-cache

01:32:39.199 [AsyncHttpClient-1-13] DEBUG org.asynchttpclient.netty.channel.ChannelManager - Adding key: http://localhost:39538 for channel [id: 0x5c2f99c6, L:/127.0.0.1:58354 - R:localhost/127.0.0.1:39538]
01:32:39.200 [Forwarding getElementTagName on session 7804aeb9c9b63d749e1c75555577655d to remote] DEBUG org.asynchttpclient.netty.request.NettyRequestSender - Using pooled Channel '[id: 0x5c2f99c6, L:/127.0.0.1:58354 - R:localhost/127.0.0.1:39538]' for 'GET' to 'http://localhost:39538/session/7804aeb9c9b63d749e1c75555577655d/element/f103beae-e922-46c6-96bf-e6254c6c839b/name'
01:32:39.200 [Forwarding getElementTagName on session 7804aeb9c9b63d749e1c75555577655d to remote] DEBUG org.asynchttpclient.netty.request.NettyRequestSender - Using open Channel [id: 0x5c2f99c6, L:/127.0.0.1:58354 - R:localhost/127.0.0.1:39538] for GET '/session/7804aeb9c9b63d749e1c75555577655d/element/f103beae-e922-46c6-96bf-e6254c6c839b/name'
01:32:39.204 [AsyncHttpClient-1-13] DEBUG org.asynchttpclient.netty.handler.HttpHandler - 

Request DefaultFullHttpRequest(decodeResult: success, version: HTTP/1.1, content: EmptyByteBufBE)
GET /session/7804aeb9c9b63d749e1c75555577655d/element/f103beae-e922-46c6-96bf-e6254c6c839b/name HTTP/1.1
User-Agent: selenium/4.8.1 (java windows)
Cache-Control: no-cache
Content-Type: application/json; charset=utf-8
host: localhost:39538
accept: */*

Response DefaultHttpResponse(decodeResult: success, version: HTTP/1.1)
HTTP/1.1 200 OK
Content-Length: 16
Content-Type: application/json; charset=utf-8
cache-control: no-cache

01:32:39.204 [AsyncHttpClient-1-13] DEBUG org.asynchttpclient.netty.channel.ChannelManager - Adding key: http://localhost:39538 for channel [id: 0x5c2f99c6, L:/127.0.0.1:58354 - R:localhost/127.0.0.1:39538]
01:32:39.206 [Forwarding getElementTagName on session 7804aeb9c9b63d749e1c75555577655d to remote] DEBUG org.asynchttpclient.netty.request.NettyRequestSender - Using pooled Channel '[id: 0x5c2f99c6, L:/127.0.0.1:58354 - R:localhost/127.0.0.1:39538]' for 'GET' to 'http://localhost:39538/session/7804aeb9c9b63d749e1c75555577655d/element/f103beae-e922-46c6-96bf-e6254c6c839b/name'
01:32:39.206 [Forwarding getElementTagName on session 7804aeb9c9b63d749e1c75555577655d to remote] DEBUG org.asynchttpclient.netty.request.NettyRequestSender - Using open Channel [id: 0x5c2f99c6, L:/127.0.0.1:58354 - R:localhost/127.0.0.1:39538] for GET '/session/7804aeb9c9b63d749e1c75555577655d/element/f103beae-e922-46c6-96bf-e6254c6c839b/name'
01:32:39.209 [AsyncHttpClient-1-13] DEBUG org.asynchttpclient.netty.handler.HttpHandler - 

Request DefaultFullHttpRequest(decodeResult: success, version: HTTP/1.1, content: EmptyByteBufBE)
GET /session/7804aeb9c9b63d749e1c75555577655d/element/f103beae-e922-46c6-96bf-e6254c6c839b/name HTTP/1.1
User-Agent: selenium/4.8.1 (java windows)
Cache-Control: no-cache
Content-Type: application/json; charset=utf-8
host: localhost:39538
accept: */*

Response DefaultHttpResponse(decodeResult: success, version: HTTP/1.1)
HTTP/1.1 200 OK
Content-Length: 16
Content-Type: application/json; charset=utf-8
cache-control: no-cache

01:32:39.209 [AsyncHttpClient-1-13] DEBUG org.asynchttpclient.netty.channel.ChannelManager - Adding key: http://localhost:39538 for channel [id: 0x5c2f99c6, L:/127.0.0.1:58354 - R:localhost/127.0.0.1:39538]
01:32:39.211 [Forwarding findElement on session 7804aeb9c9b63d749e1c75555577655d to remote] DEBUG org.asynchttpclient.netty.request.NettyRequestSender - Using pooled Channel '[id: 0x5c2f99c6, L:/127.0.0.1:58354 - R:localhost/127.0.0.1:39538]' for 'POST' to 'http://localhost:39538/session/7804aeb9c9b63d749e1c75555577655d/element'
01:32:39.211 [Forwarding findElement on session 7804aeb9c9b63d749e1c75555577655d to remote] DEBUG org.asynchttpclient.netty.request.NettyRequestSender - Using open Channel [id: 0x5c2f99c6, L:/127.0.0.1:58354 - R:localhost/127.0.0.1:39538] for POST '/session/7804aeb9c9b63d749e1c75555577655d/element'
01:32:39.222 [AsyncHttpClient-1-13] DEBUG org.asynchttpclient.netty.handler.HttpHandler - 

Request DefaultHttpRequest(decodeResult: success, version: HTTP/1.1)
POST /session/7804aeb9c9b63d749e1c75555577655d/element HTTP/1.1
User-Agent: selenium/4.8.1 (java windows)
Content-Length: 123
Content-Type: application/json; charset=utf-8
host: localhost:39538
accept: */*

Response DefaultHttpResponse(decodeResult: success, version: HTTP/1.1)
HTTP/1.1 200 OK
Content-Length: 88
Content-Type: application/json; charset=utf-8
cache-control: no-cache

01:32:39.222 [AsyncHttpClient-1-13] DEBUG org.asynchttpclient.netty.channel.ChannelManager - Adding key: http://localhost:39538 for channel [id: 0x5c2f99c6, L:/127.0.0.1:58354 - R:localhost/127.0.0.1:39538]
01:32:39.223 [Forwarding clickElement on session 7804aeb9c9b63d749e1c75555577655d to remote] DEBUG org.asynchttpclient.netty.request.NettyRequestSender - Using pooled Channel '[id: 0x5c2f99c6, L:/127.0.0.1:58354 - R:localhost/127.0.0.1:39538]' for 'POST' to 'http://localhost:39538/session/7804aeb9c9b63d749e1c75555577655d/element/f103beae-e922-46c6-96bf-e6254c6c839b/click'
01:32:39.223 [Forwarding clickElement on session 7804aeb9c9b63d749e1c75555577655d to remote] DEBUG org.asynchttpclient.netty.request.NettyRequestSender - Using open Channel [id: 0x5c2f99c6, L:/127.0.0.1:58354 - R:localhost/127.0.0.1:39538] for POST '/session/7804aeb9c9b63d749e1c75555577655d/element/f103beae-e922-46c6-96bf-e6254c6c839b/click'
01:32:39.302 [AsyncHttpClient-1-13] DEBUG org.asynchttpclient.netty.handler.HttpHandler - 

Request DefaultHttpRequest(decodeResult: success, version: HTTP/1.1)
POST /session/7804aeb9c9b63d749e1c75555577655d/element/f103beae-e922-46c6-96bf-e6254c6c839b/click HTTP/1.1
User-Agent: selenium/4.8.1 (java windows)
Content-Length: 50
Content-Type: application/json; charset=utf-8
host: localhost:39538
accept: */*

Response DefaultHttpResponse(decodeResult: success, version: HTTP/1.1)
HTTP/1.1 200 OK
Content-Length: 14
Content-Type: application/json; charset=utf-8
cache-control: no-cache

01:32:39.302 [AsyncHttpClient-1-13] DEBUG org.asynchttpclient.netty.channel.ChannelManager - Adding key: http://localhost:39538 for channel [id: 0x5c2f99c6, L:/127.0.0.1:58354 - R:localhost/127.0.0.1:39538]
01:32:39.310 [Forwarding getAlertText on session 7804aeb9c9b63d749e1c75555577655d to remote] DEBUG org.asynchttpclient.netty.request.NettyRequestSender - Using pooled Channel '[id: 0x5c2f99c6, L:/127.0.0.1:58354 - R:localhost/127.0.0.1:39538]' for 'GET' to 'http://localhost:39538/session/7804aeb9c9b63d749e1c75555577655d/alert/text'
01:32:39.310 [Forwarding getAlertText on session 7804aeb9c9b63d749e1c75555577655d to remote] DEBUG org.asynchttpclient.netty.request.NettyRequestSender - Using open Channel [id: 0x5c2f99c6, L:/127.0.0.1:58354 - R:localhost/127.0.0.1:39538] for GET '/session/7804aeb9c9b63d749e1c75555577655d/alert/text'
01:32:39.311 [AsyncHttpClient-1-13] DEBUG org.asynchttpclient.netty.handler.HttpHandler - 

Request DefaultFullHttpRequest(decodeResult: success, version: HTTP/1.1, content: EmptyByteBufBE)
GET /session/7804aeb9c9b63d749e1c75555577655d/alert/text HTTP/1.1
User-Agent: selenium/4.8.1 (java windows)
Cache-Control: no-cache
Content-Type: application/json; charset=utf-8
host: localhost:39538
accept: */*

Response DefaultHttpResponse(decodeResult: success, version: HTTP/1.1)
HTTP/1.1 404 Not Found
Content-Length: 816
Content-Type: application/json; charset=utf-8
cache-control: no-cache

01:32:39.311 [AsyncHttpClient-1-13] DEBUG org.asynchttpclient.netty.channel.ChannelManager - Adding key: http://localhost:39538 for channel [id: 0x5c2f99c6, L:/127.0.0.1:58354 - R:localhost/127.0.0.1:39538]
01:32:39.312 [Forwarding getCurrentUrl on session 7804aeb9c9b63d749e1c75555577655d to remote] DEBUG org.asynchttpclient.netty.request.NettyRequestSender - Using pooled Channel '[id: 0x5c2f99c6, L:/127.0.0.1:58354 - R:localhost/127.0.0.1:39538]' for 'GET' to 'http://localhost:39538/session/7804aeb9c9b63d749e1c75555577655d/url'
01:32:39.312 [Forwarding getCurrentUrl on session 7804aeb9c9b63d749e1c75555577655d to remote] DEBUG org.asynchttpclient.netty.request.NettyRequestSender - Using open Channel [id: 0x5c2f99c6, L:/127.0.0.1:58354 - R:localhost/127.0.0.1:39538] for GET '/session/7804aeb9c9b63d749e1c75555577655d/url'
01:32:39.315 [AsyncHttpClient-1-13] DEBUG org.asynchttpclient.netty.handler.HttpHandler - 

Request DefaultFullHttpRequest(decodeResult: success, version: HTTP/1.1, content: EmptyByteBufBE)
GET /session/7804aeb9c9b63d749e1c75555577655d/url HTTP/1.1
User-Agent: selenium/4.8.1 (java windows)
Cache-Control: no-cache
Content-Type: application/json; charset=utf-8
host: localhost:39538
accept: */*

Response DefaultHttpResponse(decodeResult: success, version: HTTP/1.1)
HTTP/1.1 200 OK
Content-Length: 41
Content-Type: application/json; charset=utf-8
cache-control: no-cache

01:32:39.315 [AsyncHttpClient-1-13] DEBUG org.asynchttpclient.netty.channel.ChannelManager - Adding key: http://localhost:39538 for channel [id: 0x5c2f99c6, L:/127.0.0.1:58354 - R:localhost/127.0.0.1:39538]
01:32:39.316 [Forwarding screenshot on session 7804aeb9c9b63d749e1c75555577655d to remote] DEBUG org.asynchttpclient.netty.request.NettyRequestSender - Using pooled Channel '[id: 0x5c2f99c6, L:/127.0.0.1:58354 - R:localhost/127.0.0.1:39538]' for 'GET' to 'http://localhost:39538/session/7804aeb9c9b63d749e1c75555577655d/screenshot'
01:32:39.316 [Forwarding screenshot on session 7804aeb9c9b63d749e1c75555577655d to remote] DEBUG org.asynchttpclient.netty.request.NettyRequestSender - Using open Channel [id: 0x5c2f99c6, L:/127.0.0.1:58354 - R:localhost/127.0.0.1:39538] for GET '/session/7804aeb9c9b63d749e1c75555577655d/screenshot'
01:32:39.477 [AsyncHttpClient-1-13] DEBUG org.asynchttpclient.netty.handler.HttpHandler - 

Request DefaultFullHttpRequest(decodeResult: success, version: HTTP/1.1, content: EmptyByteBufBE)
GET /session/7804aeb9c9b63d749e1c75555577655d/screenshot HTTP/1.1
User-Agent: selenium/4.8.1 (java windows)
Cache-Control: no-cache
Content-Type: application/json; charset=utf-8
host: localhost:39538
accept: */*

Response DefaultHttpResponse(decodeResult: success, version: HTTP/1.1)
HTTP/1.1 200 OK
Content-Length: 90492
Content-Type: application/json; charset=utf-8
cache-control: no-cache

01:32:39.477 [AsyncHttpClient-1-13] DEBUG org.asynchttpclient.netty.channel.ChannelManager - Adding key: http://localhost:39538 for channel [id: 0x5c2f99c6, L:/127.0.0.1:58354 - R:localhost/127.0.0.1:39538]
01:32:39.483 [main] DEBUG net.serenitybdd.core.photography.Darkroom - Send negative for processing for target\site\serenity\cea2683a7867e45cb61461bdc0d48020876f45346634ec65ade302614fc1a86e.png
01:32:39.483 [main] DEBUG net.thucydides.core.steps.StepInterceptor - STEP DONE: clickBeliButton
  &amp#27;[32mAnd &amp#27;[0m&amp#27;[32mI click buy button from one of product&amp#27;[0m                                              &amp#27;[90m# starter.stepdefinitions.LoginSteps.clickBeliButton()&amp#27;[0m
01:32:39.483 [Darkroom Processing Line] DEBUG net.serenitybdd.core.photography.DarkroomProcessingLine - Processing screenshot image in /var/screenshots/screenshot-4694159425911307726
01:32:39.483 [Darkroom Processing Line] DEBUG net.serenitybdd.core.photography.DarkroomProcessingLine - Saving screenshot to target\site\serenity\cea2683a7867e45cb61461bdc0d48020876f45346634ec65ade302614fc1a86e.png
01:32:39.494 [Forwarding getPageSource on session 7804aeb9c9b63d749e1c75555577655d to remote] DEBUG org.asynchttpclient.netty.request.NettyRequestSender - Using pooled Channel '[id: 0x5c2f99c6, L:/127.0.0.1:58354 - R:localhost/127.0.0.1:39538]' for 'POST' to 'http://localhost:39538/session/7804aeb9c9b63d749e1c75555577655d/execute/sync'
01:32:39.494 [Forwarding getPageSource on session 7804aeb9c9b63d749e1c75555577655d to remote] DEBUG org.asynchttpclient.netty.request.NettyRequestSender - Using open Channel [id: 0x5c2f99c6, L:/127.0.0.1:58354 - R:localhost/127.0.0.1:39538] for POST '/session/7804aeb9c9b63d749e1c75555577655d/execute/sync'
01:32:39.535 [AsyncHttpClient-1-13] DEBUG org.asynchttpclient.netty.handler.HttpHandler - 

Request DefaultHttpRequest(decodeResult: success, version: HTTP/1.1)
POST /session/7804aeb9c9b63d749e1c75555577655d/execute/sync HTTP/1.1
User-Agent: selenium/4.8.1 (java windows)
Content-Length: 176
Content-Type: application/json; charset=utf-8
host: localhost:39538
accept: */*

Response DefaultHttpResponse(decodeResult: success, version: HTTP/1.1)
HTTP/1.1 200 OK
Content-Length: 518476
Content-Type: application/json; charset=utf-8
cache-control: no-cache

01:32:39.537 [AsyncHttpClient-1-13] DEBUG org.asynchttpclient.netty.channel.ChannelManager - Adding key: http://localhost:39538 for channel [id: 0x5c2f99c6, L:/127.0.0.1:58354 - R:localhost/127.0.0.1:39538]
01:32:39.601 [Forwarding getCurrentUrl on session 7804aeb9c9b63d749e1c75555577655d to remote] DEBUG org.asynchttpclient.netty.request.NettyRequestSender - Using pooled Channel '[id: 0x5c2f99c6, L:/127.0.0.1:58354 - R:localhost/127.0.0.1:39538]' for 'GET' to 'http://localhost:39538/session/7804aeb9c9b63d749e1c75555577655d/url'
01:32:39.601 [Forwarding getCurrentUrl on session 7804aeb9c9b63d749e1c75555577655d to remote] DEBUG org.asynchttpclient.netty.request.NettyRequestSender - Using open Channel [id: 0x5c2f99c6, L:/127.0.0.1:58354 - R:localhost/127.0.0.1:39538] for GET '/session/7804aeb9c9b63d749e1c75555577655d/url'
01:32:39.607 [AsyncHttpClient-1-13] DEBUG org.asynchttpclient.netty.handler.HttpHandler - 

Request DefaultFullHttpRequest(decodeResult: success, version: HTTP/1.1, content: EmptyByteBufBE)
GET /session/7804aeb9c9b63d749e1c75555577655d/url HTTP/1.1
User-Agent: selenium/4.8.1 (java windows)
Cache-Control: no-cache
Content-Type: application/json; charset=utf-8
host: localhost:39538
accept: */*

Response DefaultHttpResponse(decodeResult: success, version: HTTP/1.1)
HTTP/1.1 200 OK
Content-Length: 41
Content-Type: application/json; charset=utf-8
cache-control: no-cache

01:32:39.607 [AsyncHttpClient-1-13] DEBUG org.asynchttpclient.netty.channel.ChannelManager - Adding key: http://localhost:39538 for channel [id: 0x5c2f99c6, L:/127.0.0.1:58354 - R:localhost/127.0.0.1:39538]
01:32:39.617 [Forwarding getAlertText on session 7804aeb9c9b63d749e1c75555577655d to remote] DEBUG org.asynchttpclient.netty.request.NettyRequestSender - Using pooled Channel '[id: 0x5c2f99c6, L:/127.0.0.1:58354 - R:localhost/127.0.0.1:39538]' for 'GET' to 'http://localhost:39538/session/7804aeb9c9b63d749e1c75555577655d/alert/text'
01:32:39.617 [Forwarding getAlertText on session 7804aeb9c9b63d749e1c75555577655d to remote] DEBUG org.asynchttpclient.netty.request.NettyRequestSender - Using open Channel [id: 0x5c2f99c6, L:/127.0.0.1:58354 - R:localhost/127.0.0.1:39538] for GET '/session/7804aeb9c9b63d749e1c75555577655d/alert/text'
01:32:39.619 [AsyncHttpClient-1-13] DEBUG org.asynchttpclient.netty.handler.HttpHandler - 

Request DefaultFullHttpRequest(decodeResult: success, version: HTTP/1.1, content: EmptyByteBufBE)
GET /session/7804aeb9c9b63d749e1c75555577655d/alert/text HTTP/1.1
User-Agent: selenium/4.8.1 (java windows)
Cache-Control: no-cache
Content-Type: application/json; charset=utf-8
host: localhost:39538
accept: */*

Response DefaultHttpResponse(decodeResult: success, version: HTTP/1.1)
HTTP/1.1 404 Not Found
Content-Length: 816
Content-Type: application/json; charset=utf-8
cache-control: no-cache

01:32:39.619 [AsyncHttpClient-1-13] DEBUG org.asynchttpclient.netty.channel.ChannelManager - Adding key: http://localhost:39538 for channel [id: 0x5c2f99c6, L:/127.0.0.1:58354 - R:localhost/127.0.0.1:39538]
01:32:39.620 [Forwarding getCurrentUrl on session 7804aeb9c9b63d749e1c75555577655d to remote] DEBUG org.asynchttpclient.netty.request.NettyRequestSender - Using pooled Channel '[id: 0x5c2f99c6, L:/127.0.0.1:58354 - R:localhost/127.0.0.1:39538]' for 'GET' to 'http://localhost:39538/session/7804aeb9c9b63d749e1c75555577655d/url'
01:32:39.620 [Forwarding getCurrentUrl on session 7804aeb9c9b63d749e1c75555577655d to remote] DEBUG org.asynchttpclient.netty.request.NettyRequestSender - Using open Channel [id: 0x5c2f99c6, L:/127.0.0.1:58354 - R:localhost/127.0.0.1:39538] for GET '/session/7804aeb9c9b63d749e1c75555577655d/url'
01:32:39.635 [AsyncHttpClient-1-13] DEBUG org.asynchttpclient.netty.handler.HttpHandler - 

Request DefaultFullHttpRequest(decodeResult: success, version: HTTP/1.1, content: EmptyByteBufBE)
GET /session/7804aeb9c9b63d749e1c75555577655d/url HTTP/1.1
User-Agent: selenium/4.8.1 (java windows)
Cache-Control: no-cache
Content-Type: application/json; charset=utf-8
host: localhost:39538
accept: */*

Response DefaultHttpResponse(decodeResult: success, version: HTTP/1.1)
HTTP/1.1 200 OK
Content-Length: 41
Content-Type: application/json; charset=utf-8
cache-control: no-cache

01:32:39.635 [AsyncHttpClient-1-13] DEBUG org.asynchttpclient.netty.channel.ChannelManager - Adding key: http://localhost:39538 for channel [id: 0x5c2f99c6, L:/127.0.0.1:58354 - R:localhost/127.0.0.1:39538]
01:32:39.636 [Forwarding screenshot on session 7804aeb9c9b63d749e1c75555577655d to remote] DEBUG org.asynchttpclient.netty.request.NettyRequestSender - Using pooled Channel '[id: 0x5c2f99c6, L:/127.0.0.1:58354 - R:localhost/127.0.0.1:39538]' for 'GET' to 'http://localhost:39538/session/7804aeb9c9b63d749e1c75555577655d/screenshot'
01:32:39.636 [Forwarding screenshot on session 7804aeb9c9b63d749e1c75555577655d to remote] DEBUG org.asynchttpclient.netty.request.NettyRequestSender - Using open Channel [id: 0x5c2f99c6, L:/127.0.0.1:58354 - R:localhost/127.0.0.1:39538] for GET '/session/7804aeb9c9b63d749e1c75555577655d/screenshot'
01:32:39.698 [AsyncHttpClient-1-1] DEBUG org.asynchttpclient.netty.channel.DefaultChannelPool - Entry count for : http://localhost:58355 : 1
01:32:39.803 [AsyncHttpClient-1-13] DEBUG org.asynchttpclient.netty.handler.HttpHandler - 

Request DefaultFullHttpRequest(decodeResult: success, version: HTTP/1.1, content: EmptyByteBufBE)
GET /session/7804aeb9c9b63d749e1c75555577655d/screenshot HTTP/1.1
User-Agent: selenium/4.8.1 (java windows)
Cache-Control: no-cache
Content-Type: application/json; charset=utf-8
host: localhost:39538
accept: */*

Response DefaultHttpResponse(decodeResult: success, version: HTTP/1.1)
HTTP/1.1 200 OK
Content-Length: 88704
Content-Type: application/json; charset=utf-8
cache-control: no-cache

01:32:39.804 [AsyncHttpClient-1-13] DEBUG org.asynchttpclient.netty.channel.ChannelManager - Adding key: http://localhost:39538 for channel [id: 0x5c2f99c6, L:/127.0.0.1:58354 - R:localhost/127.0.0.1:39538]
01:32:39.809 [main] DEBUG net.serenitybdd.core.photography.Darkroom - Send negative for processing for target\site\serenity\12fabd59dc1dea7dc76d563f2b2884985a3c7746f7033d7bdefead69ecbb7bc1.png
01:32:39.809 [Darkroom Processing Line] DEBUG net.serenitybdd.core.photography.DarkroomProcessingLine - Processing screenshot image in /var/screenshots/screenshot-2487459963601294481
01:32:39.809 [Darkroom Processing Line] DEBUG net.serenitybdd.core.photography.DarkroomProcessingLine - Saving screenshot to target\site\serenity\12fabd59dc1dea7dc76d563f2b2884985a3c7746f7033d7bdefead69ecbb7bc1.png
01:32:39.810 [Forwarding getPageSource on session 7804aeb9c9b63d749e1c75555577655d to remote] DEBUG org.asynchttpclient.netty.request.NettyRequestSender - Using pooled Channel '[id: 0x5c2f99c6, L:/127.0.0.1:58354 - R:localhost/127.0.0.1:39538]' for 'POST' to 'http://localhost:39538/session/7804aeb9c9b63d749e1c75555577655d/execute/sync'
01:32:39.810 [Forwarding getPageSource on session 7804aeb9c9b63d749e1c75555577655d to remote] DEBUG org.asynchttpclient.netty.request.NettyRequestSender - Using open Channel [id: 0x5c2f99c6, L:/127.0.0.1:58354 - R:localhost/127.0.0.1:39538] for POST '/session/7804aeb9c9b63d749e1c75555577655d/execute/sync'
01:32:39.876 [AsyncHttpClient-1-13] DEBUG org.asynchttpclient.netty.handler.HttpHandler - 

Request DefaultHttpRequest(decodeResult: success, version: HTTP/1.1)
POST /session/7804aeb9c9b63d749e1c75555577655d/execute/sync HTTP/1.1
User-Agent: selenium/4.8.1 (java windows)
Content-Length: 176
Content-Type: application/json; charset=utf-8
host: localhost:39538
accept: */*

Response DefaultHttpResponse(decodeResult: success, version: HTTP/1.1)
HTTP/1.1 200 OK
Content-Length: 518407
Content-Type: application/json; charset=utf-8
cache-control: no-cache

01:32:39.878 [AsyncHttpClient-1-13] DEBUG org.asynchttpclient.netty.channel.ChannelManager - Adding key: http://localhost:39538 for channel [id: 0x5c2f99c6, L:/127.0.0.1:58354 - R:localhost/127.0.0.1:39538]
01:32:39.938 [Forwarding getCurrentUrl on session 7804aeb9c9b63d749e1c75555577655d to remote] DEBUG org.asynchttpclient.netty.request.NettyRequestSender - Using pooled Channel '[id: 0x5c2f99c6, L:/127.0.0.1:58354 - R:localhost/127.0.0.1:39538]' for 'GET' to 'http://localhost:39538/session/7804aeb9c9b63d749e1c75555577655d/url'
01:32:39.938 [Forwarding getCurrentUrl on session 7804aeb9c9b63d749e1c75555577655d to remote] DEBUG org.asynchttpclient.netty.request.NettyRequestSender - Using open Channel [id: 0x5c2f99c6, L:/127.0.0.1:58354 - R:localhost/127.0.0.1:39538] for GET '/session/7804aeb9c9b63d749e1c75555577655d/url'
01:32:39.943 [AsyncHttpClient-1-13] DEBUG org.asynchttpclient.netty.handler.HttpHandler - 

Request DefaultFullHttpRequest(decodeResult: success, version: HTTP/1.1, content: EmptyByteBufBE)
GET /session/7804aeb9c9b63d749e1c75555577655d/url HTTP/1.1
User-Agent: selenium/4.8.1 (java windows)
Cache-Control: no-cache
Content-Type: application/json; charset=utf-8
host: localhost:39538
accept: */*

Response DefaultHttpResponse(decodeResult: success, version: HTTP/1.1)
HTTP/1.1 200 OK
Content-Length: 41
Content-Type: application/json; charset=utf-8
cache-control: no-cache

01:32:39.943 [AsyncHttpClient-1-13] DEBUG org.asynchttpclient.netty.channel.ChannelManager - Adding key: http://localhost:39538 for channel [id: 0x5c2f99c6, L:/127.0.0.1:58354 - R:localhost/127.0.0.1:39538]
01:32:39.946 [main] DEBUG net.thucydides.core.steps.StepInterceptor - STARTING STEP: LoginSteps.clickOtherBeliButton - clickOtherBeliButton
01:32:39.949 [Forwarding findElement on session 7804aeb9c9b63d749e1c75555577655d to remote] DEBUG org.asynchttpclient.netty.request.NettyRequestSender - Using pooled Channel '[id: 0x5c2f99c6, L:/127.0.0.1:58354 - R:localhost/127.0.0.1:39538]' for 'POST' to 'http://localhost:39538/session/7804aeb9c9b63d749e1c75555577655d/element'
01:32:39.949 [Forwarding findElement on session 7804aeb9c9b63d749e1c75555577655d to remote] DEBUG org.asynchttpclient.netty.request.NettyRequestSender - Using open Channel [id: 0x5c2f99c6, L:/127.0.0.1:58354 - R:localhost/127.0.0.1:39538] for POST '/session/7804aeb9c9b63d749e1c75555577655d/element'
01:32:39.964 [AsyncHttpClient-1-13] DEBUG org.asynchttpclient.netty.handler.HttpHandler - 

Request DefaultHttpRequest(decodeResult: success, version: HTTP/1.1)
POST /session/7804aeb9c9b63d749e1c75555577655d/element HTTP/1.1
User-Agent: selenium/4.8.1 (java windows)
Content-Length: 123
Content-Type: application/json; charset=utf-8
host: localhost:39538
accept: */*

Response DefaultHttpResponse(decodeResult: success, version: HTTP/1.1)
HTTP/1.1 200 OK
Content-Length: 88
Content-Type: application/json; charset=utf-8
cache-control: no-cache

01:32:39.965 [AsyncHttpClient-1-13] DEBUG org.asynchttpclient.netty.channel.ChannelManager - Adding key: http://localhost:39538 for channel [id: 0x5c2f99c6, L:/127.0.0.1:58354 - R:localhost/127.0.0.1:39538]
01:32:39.966 [Forwarding getElementTagName on session 7804aeb9c9b63d749e1c75555577655d to remote] DEBUG org.asynchttpclient.netty.request.NettyRequestSender - Using pooled Channel '[id: 0x5c2f99c6, L:/127.0.0.1:58354 - R:localhost/127.0.0.1:39538]' for 'GET' to 'http://localhost:39538/session/7804aeb9c9b63d749e1c75555577655d/element/2633a035-d3c0-4ab9-9d89-ee22189c73ef/name'
01:32:39.966 [Forwarding getElementTagName on session 7804aeb9c9b63d749e1c75555577655d to remote] DEBUG org.asynchttpclient.netty.request.NettyRequestSender - Using open Channel [id: 0x5c2f99c6, L:/127.0.0.1:58354 - R:localhost/127.0.0.1:39538] for GET '/session/7804aeb9c9b63d749e1c75555577655d/element/2633a035-d3c0-4ab9-9d89-ee22189c73ef/name'
01:32:39.970 [AsyncHttpClient-1-13] DEBUG org.asynchttpclient.netty.handler.HttpHandler - 

Request DefaultFullHttpRequest(decodeResult: success, version: HTTP/1.1, content: EmptyByteBufBE)
GET /session/7804aeb9c9b63d749e1c75555577655d/element/2633a035-d3c0-4ab9-9d89-ee22189c73ef/name HTTP/1.1
User-Agent: selenium/4.8.1 (java windows)
Cache-Control: no-cache
Content-Type: application/json; charset=utf-8
host: localhost:39538
accept: */*

Response DefaultHttpResponse(decodeResult: success, version: HTTP/1.1)
HTTP/1.1 200 OK
Content-Length: 16
Content-Type: application/json; charset=utf-8
cache-control: no-cache

01:32:39.970 [AsyncHttpClient-1-13] DEBUG org.asynchttpclient.netty.channel.ChannelManager - Adding key: http://localhost:39538 for channel [id: 0x5c2f99c6, L:/127.0.0.1:58354 - R:localhost/127.0.0.1:39538]
01:32:39.971 [Forwarding getElementTagName on session 7804aeb9c9b63d749e1c75555577655d to remote] DEBUG org.asynchttpclient.netty.request.NettyRequestSender - Using pooled Channel '[id: 0x5c2f99c6, L:/127.0.0.1:58354 - R:localhost/127.0.0.1:39538]' for 'GET' to 'http://localhost:39538/session/7804aeb9c9b63d749e1c75555577655d/element/2633a035-d3c0-4ab9-9d89-ee22189c73ef/name'
01:32:39.971 [Forwarding getElementTagName on session 7804aeb9c9b63d749e1c75555577655d to remote] DEBUG org.asynchttpclient.netty.request.NettyRequestSender - Using open Channel [id: 0x5c2f99c6, L:/127.0.0.1:58354 - R:localhost/127.0.0.1:39538] for GET '/session/7804aeb9c9b63d749e1c75555577655d/element/2633a035-d3c0-4ab9-9d89-ee22189c73ef/name'
01:32:39.974 [AsyncHttpClient-1-13] DEBUG org.asynchttpclient.netty.handler.HttpHandler - 

Request DefaultFullHttpRequest(decodeResult: success, version: HTTP/1.1, content: EmptyByteBufBE)
GET /session/7804aeb9c9b63d749e1c75555577655d/element/2633a035-d3c0-4ab9-9d89-ee22189c73ef/name HTTP/1.1
User-Agent: selenium/4.8.1 (java windows)
Cache-Control: no-cache
Content-Type: application/json; charset=utf-8
host: localhost:39538
accept: */*

Response DefaultHttpResponse(decodeResult: success, version: HTTP/1.1)
HTTP/1.1 200 OK
Content-Length: 16
Content-Type: application/json; charset=utf-8
cache-control: no-cache

01:32:39.974 [AsyncHttpClient-1-13] DEBUG org.asynchttpclient.netty.channel.ChannelManager - Adding key: http://localhost:39538 for channel [id: 0x5c2f99c6, L:/127.0.0.1:58354 - R:localhost/127.0.0.1:39538]
01:32:39.976 [Forwarding findElement on session 7804aeb9c9b63d749e1c75555577655d to remote] DEBUG org.asynchttpclient.netty.request.NettyRequestSender - Using pooled Channel '[id: 0x5c2f99c6, L:/127.0.0.1:58354 - R:localhost/127.0.0.1:39538]' for 'POST' to 'http://localhost:39538/session/7804aeb9c9b63d749e1c75555577655d/element'
01:32:39.976 [Forwarding findElement on session 7804aeb9c9b63d749e1c75555577655d to remote] DEBUG org.asynchttpclient.netty.request.NettyRequestSender - Using open Channel [id: 0x5c2f99c6, L:/127.0.0.1:58354 - R:localhost/127.0.0.1:39538] for POST '/session/7804aeb9c9b63d749e1c75555577655d/element'
01:32:39.986 [AsyncHttpClient-1-13] DEBUG org.asynchttpclient.netty.handler.HttpHandler - 

Request DefaultHttpRequest(decodeResult: success, version: HTTP/1.1)
POST /session/7804aeb9c9b63d749e1c75555577655d/element HTTP/1.1
User-Agent: selenium/4.8.1 (java windows)
Content-Length: 123
Content-Type: application/json; charset=utf-8
host: localhost:39538
accept: */*

Response DefaultHttpResponse(decodeResult: success, version: HTTP/1.1)
HTTP/1.1 200 OK
Content-Length: 88
Content-Type: application/json; charset=utf-8
cache-control: no-cache

01:32:39.986 [AsyncHttpClient-1-13] DEBUG org.asynchttpclient.netty.channel.ChannelManager - Adding key: http://localhost:39538 for channel [id: 0x5c2f99c6, L:/127.0.0.1:58354 - R:localhost/127.0.0.1:39538]
01:32:39.987 [Forwarding clickElement on session 7804aeb9c9b63d749e1c75555577655d to remote] DEBUG org.asynchttpclient.netty.request.NettyRequestSender - Using pooled Channel '[id: 0x5c2f99c6, L:/127.0.0.1:58354 - R:localhost/127.0.0.1:39538]' for 'POST' to 'http://localhost:39538/session/7804aeb9c9b63d749e1c75555577655d/element/2633a035-d3c0-4ab9-9d89-ee22189c73ef/click'
01:32:39.987 [Forwarding clickElement on session 7804aeb9c9b63d749e1c75555577655d to remote] DEBUG org.asynchttpclient.netty.request.NettyRequestSender - Using open Channel [id: 0x5c2f99c6, L:/127.0.0.1:58354 - R:localhost/127.0.0.1:39538] for POST '/session/7804aeb9c9b63d749e1c75555577655d/element/2633a035-d3c0-4ab9-9d89-ee22189c73ef/click'
01:32:40.068 [AsyncHttpClient-1-13] DEBUG org.asynchttpclient.netty.handler.HttpHandler - 

Request DefaultHttpRequest(decodeResult: success, version: HTTP/1.1)
POST /session/7804aeb9c9b63d749e1c75555577655d/element/2633a035-d3c0-4ab9-9d89-ee22189c73ef/click HTTP/1.1
User-Agent: selenium/4.8.1 (java windows)
Content-Length: 50
Content-Type: application/json; charset=utf-8
host: localhost:39538
accept: */*

Response DefaultHttpResponse(decodeResult: success, version: HTTP/1.1)
HTTP/1.1 200 OK
Content-Length: 14
Content-Type: application/json; charset=utf-8
cache-control: no-cache

01:32:40.068 [AsyncHttpClient-1-13] DEBUG org.asynchttpclient.netty.channel.ChannelManager - Adding key: http://localhost:39538 for channel [id: 0x5c2f99c6, L:/127.0.0.1:58354 - R:localhost/127.0.0.1:39538]
01:32:40.075 [Forwarding getAlertText on session 7804aeb9c9b63d749e1c75555577655d to remote] DEBUG org.asynchttpclient.netty.request.NettyRequestSender - Using pooled Channel '[id: 0x5c2f99c6, L:/127.0.0.1:58354 - R:localhost/127.0.0.1:39538]' for 'GET' to 'http://localhost:39538/session/7804aeb9c9b63d749e1c75555577655d/alert/text'
01:32:40.075 [Forwarding getAlertText on session 7804aeb9c9b63d749e1c75555577655d to remote] DEBUG org.asynchttpclient.netty.request.NettyRequestSender - Using open Channel [id: 0x5c2f99c6, L:/127.0.0.1:58354 - R:localhost/127.0.0.1:39538] for GET '/session/7804aeb9c9b63d749e1c75555577655d/alert/text'
01:32:40.077 [AsyncHttpClient-1-13] DEBUG org.asynchttpclient.netty.handler.HttpHandler - 

Request DefaultFullHttpRequest(decodeResult: success, version: HTTP/1.1, content: EmptyByteBufBE)
GET /session/7804aeb9c9b63d749e1c75555577655d/alert/text HTTP/1.1
User-Agent: selenium/4.8.1 (java windows)
Cache-Control: no-cache
Content-Type: application/json; charset=utf-8
host: localhost:39538
accept: */*

Response DefaultHttpResponse(decodeResult: success, version: HTTP/1.1)
HTTP/1.1 404 Not Found
Content-Length: 816
Content-Type: application/json; charset=utf-8
cache-control: no-cache

01:32:40.077 [AsyncHttpClient-1-13] DEBUG org.asynchttpclient.netty.channel.ChannelManager - Adding key: http://localhost:39538 for channel [id: 0x5c2f99c6, L:/127.0.0.1:58354 - R:localhost/127.0.0.1:39538]
01:32:40.078 [Forwarding getCurrentUrl on session 7804aeb9c9b63d749e1c75555577655d to remote] DEBUG org.asynchttpclient.netty.request.NettyRequestSender - Using pooled Channel '[id: 0x5c2f99c6, L:/127.0.0.1:58354 - R:localhost/127.0.0.1:39538]' for 'GET' to 'http://localhost:39538/session/7804aeb9c9b63d749e1c75555577655d/url'
01:32:40.078 [Forwarding getCurrentUrl on session 7804aeb9c9b63d749e1c75555577655d to remote] DEBUG org.asynchttpclient.netty.request.NettyRequestSender - Using open Channel [id: 0x5c2f99c6, L:/127.0.0.1:58354 - R:localhost/127.0.0.1:39538] for GET '/session/7804aeb9c9b63d749e1c75555577655d/url'
01:32:40.082 [AsyncHttpClient-1-13] DEBUG org.asynchttpclient.netty.handler.HttpHandler - 

Request DefaultFullHttpRequest(decodeResult: success, version: HTTP/1.1, content: EmptyByteBufBE)
GET /session/7804aeb9c9b63d749e1c75555577655d/url HTTP/1.1
User-Agent: selenium/4.8.1 (java windows)
Cache-Control: no-cache
Content-Type: application/json; charset=utf-8
host: localhost:39538
accept: */*

Response DefaultHttpResponse(decodeResult: success, version: HTTP/1.1)
HTTP/1.1 200 OK
Content-Length: 41
Content-Type: application/json; charset=utf-8
cache-control: no-cache

01:32:40.082 [AsyncHttpClient-1-13] DEBUG org.asynchttpclient.netty.channel.ChannelManager - Adding key: http://localhost:39538 for channel [id: 0x5c2f99c6, L:/127.0.0.1:58354 - R:localhost/127.0.0.1:39538]
01:32:40.083 [Forwarding screenshot on session 7804aeb9c9b63d749e1c75555577655d to remote] DEBUG org.asynchttpclient.netty.request.NettyRequestSender - Using pooled Channel '[id: 0x5c2f99c6, L:/127.0.0.1:58354 - R:localhost/127.0.0.1:39538]' for 'GET' to 'http://localhost:39538/session/7804aeb9c9b63d749e1c75555577655d/screenshot'
01:32:40.083 [Forwarding screenshot on session 7804aeb9c9b63d749e1c75555577655d to remote] DEBUG org.asynchttpclient.netty.request.NettyRequestSender - Using open Channel [id: 0x5c2f99c6, L:/127.0.0.1:58354 - R:localhost/127.0.0.1:39538] for GET '/session/7804aeb9c9b63d749e1c75555577655d/screenshot'
01:32:40.254 [AsyncHttpClient-1-13] DEBUG org.asynchttpclient.netty.handler.HttpHandler - 

Request DefaultFullHttpRequest(decodeResult: success, version: HTTP/1.1, content: EmptyByteBufBE)
GET /session/7804aeb9c9b63d749e1c75555577655d/screenshot HTTP/1.1
User-Agent: selenium/4.8.1 (java windows)
Cache-Control: no-cache
Content-Type: application/json; charset=utf-8
host: localhost:39538
accept: */*

Response DefaultHttpResponse(decodeResult: success, version: HTTP/1.1)
HTTP/1.1 200 OK
Content-Length: 83976
Content-Type: application/json; charset=utf-8
cache-control: no-cache

01:32:40.255 [AsyncHttpClient-1-13] DEBUG org.asynchttpclient.netty.channel.ChannelManager - Adding key: http://localhost:39538 for channel [id: 0x5c2f99c6, L:/127.0.0.1:58354 - R:localhost/127.0.0.1:39538]
01:32:40.258 [main] DEBUG net.serenitybdd.core.photography.Darkroom - Send negative for processing for target\site\serenity\4a9b117f7d81ee87a398b9fa2a0c951f7141a3eba86368b208d9945c7a67f38f.png
01:32:40.258 [main] DEBUG net.thucydides.core.steps.StepInterceptor - STEP DONE: clickOtherBeliButton
  &amp#27;[32mAnd &amp#27;[0m&amp#27;[32mI click buy button from one of the other products&amp#27;[0m                                   &amp#27;[90m# starter.stepdefinitions.LoginSteps.clickOtherBeliButton()&amp#27;[0m
01:32:40.258 [Darkroom Processing Line] DEBUG net.serenitybdd.core.photography.DarkroomProcessingLine - Processing screenshot image in /var/screenshots/screenshot-3467335732262435136
01:32:40.259 [Darkroom Processing Line] DEBUG net.serenitybdd.core.photography.DarkroomProcessingLine - Saving screenshot to target\site\serenity\4a9b117f7d81ee87a398b9fa2a0c951f7141a3eba86368b208d9945c7a67f38f.png
01:32:40.265 [Forwarding getPageSource on session 7804aeb9c9b63d749e1c75555577655d to remote] DEBUG org.asynchttpclient.netty.request.NettyRequestSender - Using pooled Channel '[id: 0x5c2f99c6, L:/127.0.0.1:58354 - R:localhost/127.0.0.1:39538]' for 'POST' to 'http://localhost:39538/session/7804aeb9c9b63d749e1c75555577655d/execute/sync'
01:32:40.265 [Forwarding getPageSource on session 7804aeb9c9b63d749e1c75555577655d to remote] DEBUG org.asynchttpclient.netty.request.NettyRequestSender - Using open Channel [id: 0x5c2f99c6, L:/127.0.0.1:58354 - R:localhost/127.0.0.1:39538] for POST '/session/7804aeb9c9b63d749e1c75555577655d/execute/sync'
01:32:40.306 [AsyncHttpClient-1-13] DEBUG org.asynchttpclient.netty.handler.HttpHandler - 

Request DefaultHttpRequest(decodeResult: success, version: HTTP/1.1)
POST /session/7804aeb9c9b63d749e1c75555577655d/execute/sync HTTP/1.1
User-Agent: selenium/4.8.1 (java windows)
Content-Length: 176
Content-Type: application/json; charset=utf-8
host: localhost:39538
accept: */*

Response DefaultHttpResponse(decodeResult: success, version: HTTP/1.1)
HTTP/1.1 200 OK
Content-Length: 518429
Content-Type: application/json; charset=utf-8
cache-control: no-cache

01:32:40.308 [AsyncHttpClient-1-13] DEBUG org.asynchttpclient.netty.channel.ChannelManager - Adding key: http://localhost:39538 for channel [id: 0x5c2f99c6, L:/127.0.0.1:58354 - R:localhost/127.0.0.1:39538]
01:32:40.360 [Forwarding getCurrentUrl on session 7804aeb9c9b63d749e1c75555577655d to remote] DEBUG org.asynchttpclient.netty.request.NettyRequestSender - Using pooled Channel '[id: 0x5c2f99c6, L:/127.0.0.1:58354 - R:localhost/127.0.0.1:39538]' for 'GET' to 'http://localhost:39538/session/7804aeb9c9b63d749e1c75555577655d/url'
01:32:40.360 [Forwarding getCurrentUrl on session 7804aeb9c9b63d749e1c75555577655d to remote] DEBUG org.asynchttpclient.netty.request.NettyRequestSender - Using open Channel [id: 0x5c2f99c6, L:/127.0.0.1:58354 - R:localhost/127.0.0.1:39538] for GET '/session/7804aeb9c9b63d749e1c75555577655d/url'
01:32:40.363 [AsyncHttpClient-1-13] DEBUG org.asynchttpclient.netty.handler.HttpHandler - 

Request DefaultFullHttpRequest(decodeResult: success, version: HTTP/1.1, content: EmptyByteBufBE)
GET /session/7804aeb9c9b63d749e1c75555577655d/url HTTP/1.1
User-Agent: selenium/4.8.1 (java windows)
Cache-Control: no-cache
Content-Type: application/json; charset=utf-8
host: localhost:39538
accept: */*

Response DefaultHttpResponse(decodeResult: success, version: HTTP/1.1)
HTTP/1.1 200 OK
Content-Length: 41
Content-Type: application/json; charset=utf-8
cache-control: no-cache

01:32:40.363 [AsyncHttpClient-1-13] DEBUG org.asynchttpclient.netty.channel.ChannelManager - Adding key: http://localhost:39538 for channel [id: 0x5c2f99c6, L:/127.0.0.1:58354 - R:localhost/127.0.0.1:39538]
01:32:40.369 [Forwarding findElement on session 7804aeb9c9b63d749e1c75555577655d to remote] DEBUG org.asynchttpclient.netty.request.NettyRequestSender - Using pooled Channel '[id: 0x5c2f99c6, L:/127.0.0.1:58354 - R:localhost/127.0.0.1:39538]' for 'POST' to 'http://localhost:39538/session/7804aeb9c9b63d749e1c75555577655d/element'
01:32:40.369 [Forwarding findElement on session 7804aeb9c9b63d749e1c75555577655d to remote] DEBUG org.asynchttpclient.netty.request.NettyRequestSender - Using open Channel [id: 0x5c2f99c6, L:/127.0.0.1:58354 - R:localhost/127.0.0.1:39538] for POST '/session/7804aeb9c9b63d749e1c75555577655d/element'
01:32:40.384 [AsyncHttpClient-1-13] DEBUG org.asynchttpclient.netty.handler.HttpHandler - 

Request DefaultHttpRequest(decodeResult: success, version: HTTP/1.1)
POST /session/7804aeb9c9b63d749e1c75555577655d/element HTTP/1.1
User-Agent: selenium/4.8.1 (java windows)
Content-Length: 75
Content-Type: application/json; charset=utf-8
host: localhost:39538
accept: */*

Response DefaultHttpResponse(decodeResult: success, version: HTTP/1.1)
HTTP/1.1 200 OK
Content-Length: 88
Content-Type: application/json; charset=utf-8
cache-control: no-cache

01:32:40.384 [AsyncHttpClient-1-13] DEBUG org.asynchttpclient.netty.channel.ChannelManager - Adding key: http://localhost:39538 for channel [id: 0x5c2f99c6, L:/127.0.0.1:58354 - R:localhost/127.0.0.1:39538]
01:32:40.387 [Forwarding isElementDisplayed on session 7804aeb9c9b63d749e1c75555577655d to remote] DEBUG org.asynchttpclient.netty.request.NettyRequestSender - Using pooled Channel '[id: 0x5c2f99c6, L:/127.0.0.1:58354 - R:localhost/127.0.0.1:39538]' for 'POST' to 'http://localhost:39538/session/7804aeb9c9b63d749e1c75555577655d/execute/sync'
01:32:40.387 [Forwarding isElementDisplayed on session 7804aeb9c9b63d749e1c75555577655d to remote] DEBUG org.asynchttpclient.netty.request.NettyRequestSender - Using open Channel [id: 0x5c2f99c6, L:/127.0.0.1:58354 - R:localhost/127.0.0.1:39538] for POST '/session/7804aeb9c9b63d749e1c75555577655d/execute/sync'
01:32:40.398 [AsyncHttpClient-1-13] DEBUG org.asynchttpclient.netty.handler.HttpHandler - 

Request DefaultHttpRequest(decodeResult: success, version: HTTP/1.1)
POST /session/7804aeb9c9b63d749e1c75555577655d/execute/sync HTTP/1.1
User-Agent: selenium/4.8.1 (java windows)
Content-Length: 48807
Content-Type: application/json; charset=utf-8
host: localhost:39538
accept: */*

Response DefaultHttpResponse(decodeResult: success, version: HTTP/1.1)
HTTP/1.1 200 OK
Content-Length: 14
Content-Type: application/json; charset=utf-8
cache-control: no-cache

01:32:40.398 [AsyncHttpClient-1-13] DEBUG org.asynchttpclient.netty.channel.ChannelManager - Adding key: http://localhost:39538 for channel [id: 0x5c2f99c6, L:/127.0.0.1:58354 - R:localhost/127.0.0.1:39538]
  &amp#27;[32mThen &amp#27;[0m&amp#27;[32mI success to add purchase product in the cart&amp#27;[0m                                      &amp#27;[90m# starter.stepdefinitions.LoginSteps.successAddPurchaseProduct()&amp#27;[0m
01:32:40.404 [Forwarding getAlertText on session 7804aeb9c9b63d749e1c75555577655d to remote] DEBUG org.asynchttpclient.netty.request.NettyRequestSender - Using pooled Channel '[id: 0x5c2f99c6, L:/127.0.0.1:58354 - R:localhost/127.0.0.1:39538]' for 'GET' to 'http://localhost:39538/session/7804aeb9c9b63d749e1c75555577655d/alert/text'
01:32:40.404 [Forwarding getAlertText on session 7804aeb9c9b63d749e1c75555577655d to remote] DEBUG org.asynchttpclient.netty.request.NettyRequestSender - Using open Channel [id: 0x5c2f99c6, L:/127.0.0.1:58354 - R:localhost/127.0.0.1:39538] for GET '/session/7804aeb9c9b63d749e1c75555577655d/alert/text'
01:32:40.405 [AsyncHttpClient-1-13] DEBUG org.asynchttpclient.netty.handler.HttpHandler - 

Request DefaultFullHttpRequest(decodeResult: success, version: HTTP/1.1, content: EmptyByteBufBE)
GET /session/7804aeb9c9b63d749e1c75555577655d/alert/text HTTP/1.1
User-Agent: selenium/4.8.1 (java windows)
Cache-Control: no-cache
Content-Type: application/json; charset=utf-8
host: localhost:39538
accept: */*

Response DefaultHttpResponse(decodeResult: success, version: HTTP/1.1)
HTTP/1.1 404 Not Found
Content-Length: 816
Content-Type: application/json; charset=utf-8
cache-control: no-cache

01:32:40.406 [AsyncHttpClient-1-13] DEBUG org.asynchttpclient.netty.channel.ChannelManager - Adding key: http://localhost:39538 for channel [id: 0x5c2f99c6, L:/127.0.0.1:58354 - R:localhost/127.0.0.1:39538]
01:32:40.406 [Forwarding getCurrentUrl on session 7804aeb9c9b63d749e1c75555577655d to remote] DEBUG org.asynchttpclient.netty.request.NettyRequestSender - Using pooled Channel '[id: 0x5c2f99c6, L:/127.0.0.1:58354 - R:localhost/127.0.0.1:39538]' for 'GET' to 'http://localhost:39538/session/7804aeb9c9b63d749e1c75555577655d/url'
01:32:40.406 [Forwarding getCurrentUrl on session 7804aeb9c9b63d749e1c75555577655d to remote] DEBUG org.asynchttpclient.netty.request.NettyRequestSender - Using open Channel [id: 0x5c2f99c6, L:/127.0.0.1:58354 - R:localhost/127.0.0.1:39538] for GET '/session/7804aeb9c9b63d749e1c75555577655d/url'
01:32:40.410 [AsyncHttpClient-1-13] DEBUG org.asynchttpclient.netty.handler.HttpHandler - 

Request DefaultFullHttpRequest(decodeResult: success, version: HTTP/1.1, content: EmptyByteBufBE)
GET /session/7804aeb9c9b63d749e1c75555577655d/url HTTP/1.1
User-Agent: selenium/4.8.1 (java windows)
Cache-Control: no-cache
Content-Type: application/json; charset=utf-8
host: localhost:39538
accept: */*

Response DefaultHttpResponse(decodeResult: success, version: HTTP/1.1)
HTTP/1.1 200 OK
Content-Length: 41
Content-Type: application/json; charset=utf-8
cache-control: no-cache

01:32:40.410 [AsyncHttpClient-1-13] DEBUG org.asynchttpclient.netty.channel.ChannelManager - Adding key: http://localhost:39538 for channel [id: 0x5c2f99c6, L:/127.0.0.1:58354 - R:localhost/127.0.0.1:39538]
01:32:40.410 [Forwarding screenshot on session 7804aeb9c9b63d749e1c75555577655d to remote] DEBUG org.asynchttpclient.netty.request.NettyRequestSender - Using pooled Channel '[id: 0x5c2f99c6, L:/127.0.0.1:58354 - R:localhost/127.0.0.1:39538]' for 'GET' to 'http://localhost:39538/session/7804aeb9c9b63d749e1c75555577655d/screenshot'
01:32:40.410 [Forwarding screenshot on session 7804aeb9c9b63d749e1c75555577655d to remote] DEBUG org.asynchttpclient.netty.request.NettyRequestSender - Using open Channel [id: 0x5c2f99c6, L:/127.0.0.1:58354 - R:localhost/127.0.0.1:39538] for GET '/session/7804aeb9c9b63d749e1c75555577655d/screenshot'
01:32:40.536 [AsyncHttpClient-1-13] DEBUG org.asynchttpclient.netty.handler.HttpHandler - 

Request DefaultFullHttpRequest(decodeResult: success, version: HTTP/1.1, content: EmptyByteBufBE)
GET /session/7804aeb9c9b63d749e1c75555577655d/screenshot HTTP/1.1
User-Agent: selenium/4.8.1 (java windows)
Cache-Control: no-cache
Content-Type: application/json; charset=utf-8
host: localhost:39538
accept: */*

Response DefaultHttpResponse(decodeResult: success, version: HTTP/1.1)
HTTP/1.1 200 OK
Content-Length: 83392
Content-Type: application/json; charset=utf-8
cache-control: no-cache

01:32:40.536 [AsyncHttpClient-1-13] DEBUG org.asynchttpclient.netty.channel.ChannelManager - Adding key: http://localhost:39538 for channel [id: 0x5c2f99c6, L:/127.0.0.1:58354 - R:localhost/127.0.0.1:39538]
01:32:40.541 [main] DEBUG net.serenitybdd.core.photography.Darkroom - Send negative for processing for target\site\serenity\8900fd6e911965058a4d2f932a08dc06599b28e6e7b3d9d28d0c7e9118753755.png
01:32:40.541 [Darkroom Processing Line] DEBUG net.serenitybdd.core.photography.DarkroomProcessingLine - Processing screenshot image in /var/screenshots/screenshot-234676857463848599
01:32:40.541 [Darkroom Processing Line] DEBUG net.serenitybdd.core.photography.DarkroomProcessingLine - Saving screenshot to target\site\serenity\8900fd6e911965058a4d2f932a08dc06599b28e6e7b3d9d28d0c7e9118753755.png
01:32:40.546 [Forwarding getPageSource on session 7804aeb9c9b63d749e1c75555577655d to remote] DEBUG org.asynchttpclient.netty.request.NettyRequestSender - Using pooled Channel '[id: 0x5c2f99c6, L:/127.0.0.1:58354 - R:localhost/127.0.0.1:39538]' for 'POST' to 'http://localhost:39538/session/7804aeb9c9b63d749e1c75555577655d/execute/sync'
01:32:40.546 [Forwarding getPageSource on session 7804aeb9c9b63d749e1c75555577655d to remote] DEBUG org.asynchttpclient.netty.request.NettyRequestSender - Using open Channel [id: 0x5c2f99c6, L:/127.0.0.1:58354 - R:localhost/127.0.0.1:39538] for POST '/session/7804aeb9c9b63d749e1c75555577655d/execute/sync'
01:32:40.582 [AsyncHttpClient-1-13] DEBUG org.asynchttpclient.netty.handler.HttpHandler - 

Request DefaultHttpRequest(decodeResult: success, version: HTTP/1.1)
POST /session/7804aeb9c9b63d749e1c75555577655d/execute/sync HTTP/1.1
User-Agent: selenium/4.8.1 (java windows)
Content-Length: 176
Content-Type: application/json; charset=utf-8
host: localhost:39538
accept: */*

Response DefaultHttpResponse(decodeResult: success, version: HTTP/1.1)
HTTP/1.1 200 OK
Content-Length: 518430
Content-Type: application/json; charset=utf-8
cache-control: no-cache

01:32:40.583 [AsyncHttpClient-1-13] DEBUG org.asynchttpclient.netty.channel.ChannelManager - Adding key: http://localhost:39538 for channel [id: 0x5c2f99c6, L:/127.0.0.1:58354 - R:localhost/127.0.0.1:39538]
01:32:40.635 [Forwarding getCurrentUrl on session 7804aeb9c9b63d749e1c75555577655d to remote] DEBUG org.asynchttpclient.netty.request.NettyRequestSender - Using pooled Channel '[id: 0x5c2f99c6, L:/127.0.0.1:58354 - R:localhost/127.0.0.1:39538]' for 'GET' to 'http://localhost:39538/session/7804aeb9c9b63d749e1c75555577655d/url'
01:32:40.635 [Forwarding getCurrentUrl on session 7804aeb9c9b63d749e1c75555577655d to remote] DEBUG org.asynchttpclient.netty.request.NettyRequestSender - Using open Channel [id: 0x5c2f99c6, L:/127.0.0.1:58354 - R:localhost/127.0.0.1:39538] for GET '/session/7804aeb9c9b63d749e1c75555577655d/url'
01:32:40.640 [AsyncHttpClient-1-13] DEBUG org.asynchttpclient.netty.handler.HttpHandler - 

Request DefaultFullHttpRequest(decodeResult: success, version: HTTP/1.1, content: EmptyByteBufBE)
GET /session/7804aeb9c9b63d749e1c75555577655d/url HTTP/1.1
User-Agent: selenium/4.8.1 (java windows)
Cache-Control: no-cache
Content-Type: application/json; charset=utf-8
host: localhost:39538
accept: */*

Response DefaultHttpResponse(decodeResult: success, version: HTTP/1.1)
HTTP/1.1 200 OK
Content-Length: 41
Content-Type: application/json; charset=utf-8
cache-control: no-cache

01:32:40.640 [AsyncHttpClient-1-13] DEBUG org.asynchttpclient.netty.channel.ChannelManager - Adding key: http://localhost:39538 for channel [id: 0x5c2f99c6, L:/127.0.0.1:58354 - R:localhost/127.0.0.1:39538]
01:32:40.651 [Forwarding getAlertText on session 7804aeb9c9b63d749e1c75555577655d to remote] DEBUG org.asynchttpclient.netty.request.NettyRequestSender - Using pooled Channel '[id: 0x5c2f99c6, L:/127.0.0.1:58354 - R:localhost/127.0.0.1:39538]' for 'GET' to 'http://localhost:39538/session/7804aeb9c9b63d749e1c75555577655d/alert/text'
01:32:40.651 [Forwarding getAlertText on session 7804aeb9c9b63d749e1c75555577655d to remote] DEBUG org.asynchttpclient.netty.request.NettyRequestSender - Using open Channel [id: 0x5c2f99c6, L:/127.0.0.1:58354 - R:localhost/127.0.0.1:39538] for GET '/session/7804aeb9c9b63d749e1c75555577655d/alert/text'
01:32:40.653 [AsyncHttpClient-1-13] DEBUG org.asynchttpclient.netty.handler.HttpHandler - 

Request DefaultFullHttpRequest(decodeResult: success, version: HTTP/1.1, content: EmptyByteBufBE)
GET /session/7804aeb9c9b63d749e1c75555577655d/alert/text HTTP/1.1
User-Agent: selenium/4.8.1 (java windows)
Cache-Control: no-cache
Content-Type: application/json; charset=utf-8
host: localhost:39538
accept: */*

Response DefaultHttpResponse(decodeResult: success, version: HTTP/1.1)
HTTP/1.1 404 Not Found
Content-Length: 816
Content-Type: application/json; charset=utf-8
cache-control: no-cache

01:32:40.653 [AsyncHttpClient-1-13] DEBUG org.asynchttpclient.netty.channel.ChannelManager - Adding key: http://localhost:39538 for channel [id: 0x5c2f99c6, L:/127.0.0.1:58354 - R:localhost/127.0.0.1:39538]
01:32:40.654 [Forwarding getCurrentUrl on session 7804aeb9c9b63d749e1c75555577655d to remote] DEBUG org.asynchttpclient.netty.request.NettyRequestSender - Using pooled Channel '[id: 0x5c2f99c6, L:/127.0.0.1:58354 - R:localhost/127.0.0.1:39538]' for 'GET' to 'http://localhost:39538/session/7804aeb9c9b63d749e1c75555577655d/url'
01:32:40.655 [Forwarding getCurrentUrl on session 7804aeb9c9b63d749e1c75555577655d to remote] DEBUG org.asynchttpclient.netty.request.NettyRequestSender - Using open Channel [id: 0x5c2f99c6, L:/127.0.0.1:58354 - R:localhost/127.0.0.1:39538] for GET '/session/7804aeb9c9b63d749e1c75555577655d/url'
01:32:40.658 [AsyncHttpClient-1-13] DEBUG org.asynchttpclient.netty.handler.HttpHandler - 

Request DefaultFullHttpRequest(decodeResult: success, version: HTTP/1.1, content: EmptyByteBufBE)
GET /session/7804aeb9c9b63d749e1c75555577655d/url HTTP/1.1
User-Agent: selenium/4.8.1 (java windows)
Cache-Control: no-cache
Content-Type: application/json; charset=utf-8
host: localhost:39538
accept: */*

Response DefaultHttpResponse(decodeResult: success, version: HTTP/1.1)
HTTP/1.1 200 OK
Content-Length: 41
Content-Type: application/json; charset=utf-8
cache-control: no-cache

01:32:40.659 [AsyncHttpClient-1-13] DEBUG org.asynchttpclient.netty.channel.ChannelManager - Adding key: http://localhost:39538 for channel [id: 0x5c2f99c6, L:/127.0.0.1:58354 - R:localhost/127.0.0.1:39538]
01:32:40.659 [Forwarding screenshot on session 7804aeb9c9b63d749e1c75555577655d to remote] DEBUG org.asynchttpclient.netty.request.NettyRequestSender - Using pooled Channel '[id: 0x5c2f99c6, L:/127.0.0.1:58354 - R:localhost/127.0.0.1:39538]' for 'GET' to 'http://localhost:39538/session/7804aeb9c9b63d749e1c75555577655d/screenshot'
01:32:40.659 [Forwarding screenshot on session 7804aeb9c9b63d749e1c75555577655d to remote] DEBUG org.asynchttpclient.netty.request.NettyRequestSender - Using open Channel [id: 0x5c2f99c6, L:/127.0.0.1:58354 - R:localhost/127.0.0.1:39538] for GET '/session/7804aeb9c9b63d749e1c75555577655d/screenshot'
01:32:40.784 [AsyncHttpClient-1-13] DEBUG org.asynchttpclient.netty.handler.HttpHandler - 

Request DefaultFullHttpRequest(decodeResult: success, version: HTTP/1.1, content: EmptyByteBufBE)
GET /session/7804aeb9c9b63d749e1c75555577655d/screenshot HTTP/1.1
User-Agent: selenium/4.8.1 (java windows)
Cache-Control: no-cache
Content-Type: application/json; charset=utf-8
host: localhost:39538
accept: */*

Response DefaultHttpResponse(decodeResult: success, version: HTTP/1.1)
HTTP/1.1 200 OK
Content-Length: 83392
Content-Type: application/json; charset=utf-8
cache-control: no-cache

01:32:40.784 [AsyncHttpClient-1-13] DEBUG org.asynchttpclient.netty.channel.ChannelManager - Adding key: http://localhost:39538 for channel [id: 0x5c2f99c6, L:/127.0.0.1:58354 - R:localhost/127.0.0.1:39538]
01:32:40.788 [main] DEBUG net.serenitybdd.core.photography.Darkroom - Send negative for processing for target\site\serenity\e4c9fb40976677b1ebc86423c079688f736b04efbbfa7626f385c60c9a03be2d.png
01:32:40.789 [Darkroom Processing Line] DEBUG net.serenitybdd.core.photography.DarkroomProcessingLine - Processing screenshot image in /var/screenshots/screenshot-8458644055564441450
01:32:40.789 [Darkroom Processing Line] DEBUG net.serenitybdd.core.photography.DarkroomProcessingLine - Saving screenshot to target\site\serenity\e4c9fb40976677b1ebc86423c079688f736b04efbbfa7626f385c60c9a03be2d.png
01:32:40.789 [Forwarding getPageSource on session 7804aeb9c9b63d749e1c75555577655d to remote] DEBUG org.asynchttpclient.netty.request.NettyRequestSender - Using pooled Channel '[id: 0x5c2f99c6, L:/127.0.0.1:58354 - R:localhost/127.0.0.1:39538]' for 'POST' to 'http://localhost:39538/session/7804aeb9c9b63d749e1c75555577655d/execute/sync'
01:32:40.789 [Forwarding getPageSource on session 7804aeb9c9b63d749e1c75555577655d to remote] DEBUG org.asynchttpclient.netty.request.NettyRequestSender - Using open Channel [id: 0x5c2f99c6, L:/127.0.0.1:58354 - R:localhost/127.0.0.1:39538] for POST '/session/7804aeb9c9b63d749e1c75555577655d/execute/sync'
01:32:40.790 [AsyncHttpClient-1-1] DEBUG org.asynchttpclient.netty.channel.DefaultChannelPool - Entry count for : http://localhost:58355 : 1
01:32:40.823 [AsyncHttpClient-1-13] DEBUG org.asynchttpclient.netty.handler.HttpHandler - 

Request DefaultHttpRequest(decodeResult: success, version: HTTP/1.1)
POST /session/7804aeb9c9b63d749e1c75555577655d/execute/sync HTTP/1.1
User-Agent: selenium/4.8.1 (java windows)
Content-Length: 176
Content-Type: application/json; charset=utf-8
host: localhost:39538
accept: */*

Response DefaultHttpResponse(decodeResult: success, version: HTTP/1.1)
HTTP/1.1 200 OK
Content-Length: 518100
Content-Type: application/json; charset=utf-8
cache-control: no-cache

01:32:40.824 [AsyncHttpClient-1-13] DEBUG org.asynchttpclient.netty.channel.ChannelManager - Adding key: http://localhost:39538 for channel [id: 0x5c2f99c6, L:/127.0.0.1:58354 - R:localhost/127.0.0.1:39538]
01:32:40.871 [Forwarding getCurrentUrl on session 7804aeb9c9b63d749e1c75555577655d to remote] DEBUG org.asynchttpclient.netty.request.NettyRequestSender - Using pooled Channel '[id: 0x5c2f99c6, L:/127.0.0.1:58354 - R:localhost/127.0.0.1:39538]' for 'GET' to 'http://localhost:39538/session/7804aeb9c9b63d749e1c75555577655d/url'
01:32:40.871 [Forwarding getCurrentUrl on session 7804aeb9c9b63d749e1c75555577655d to remote] DEBUG org.asynchttpclient.netty.request.NettyRequestSender - Using open Channel [id: 0x5c2f99c6, L:/127.0.0.1:58354 - R:localhost/127.0.0.1:39538] for GET '/session/7804aeb9c9b63d749e1c75555577655d/url'
01:32:40.875 [AsyncHttpClient-1-13] DEBUG org.asynchttpclient.netty.handler.HttpHandler - 

Request DefaultFullHttpRequest(decodeResult: success, version: HTTP/1.1, content: EmptyByteBufBE)
GET /session/7804aeb9c9b63d749e1c75555577655d/url HTTP/1.1
User-Agent: selenium/4.8.1 (java windows)
Cache-Control: no-cache
Content-Type: application/json; charset=utf-8
host: localhost:39538
accept: */*

Response DefaultHttpResponse(decodeResult: success, version: HTTP/1.1)
HTTP/1.1 200 OK
Content-Length: 41
Content-Type: application/json; charset=utf-8
cache-control: no-cache

01:32:40.875 [AsyncHttpClient-1-13] DEBUG org.asynchttpclient.netty.channel.ChannelManager - Adding key: http://localhost:39538 for channel [id: 0x5c2f99c6, L:/127.0.0.1:58354 - R:localhost/127.0.0.1:39538]
01:32:40.877 [main] DEBUG net.thucydides.core.steps.StepInterceptor - STARTING STEP: LoginSteps.clickCartIcon - clickCartIcon
01:32:40.880 [Forwarding findElement on session 7804aeb9c9b63d749e1c75555577655d to remote] DEBUG org.asynchttpclient.netty.request.NettyRequestSender - Using pooled Channel '[id: 0x5c2f99c6, L:/127.0.0.1:58354 - R:localhost/127.0.0.1:39538]' for 'POST' to 'http://localhost:39538/session/7804aeb9c9b63d749e1c75555577655d/element'
01:32:40.880 [Forwarding findElement on session 7804aeb9c9b63d749e1c75555577655d to remote] DEBUG org.asynchttpclient.netty.request.NettyRequestSender - Using open Channel [id: 0x5c2f99c6, L:/127.0.0.1:58354 - R:localhost/127.0.0.1:39538] for POST '/session/7804aeb9c9b63d749e1c75555577655d/element'
01:32:40.893 [AsyncHttpClient-1-13] DEBUG org.asynchttpclient.netty.handler.HttpHandler - 

Request DefaultHttpRequest(decodeResult: success, version: HTTP/1.1)
POST /session/7804aeb9c9b63d749e1c75555577655d/element HTTP/1.1
User-Agent: selenium/4.8.1 (java windows)
Content-Length: 138
Content-Type: application/json; charset=utf-8
host: localhost:39538
accept: */*

Response DefaultHttpResponse(decodeResult: success, version: HTTP/1.1)
HTTP/1.1 200 OK
Content-Length: 88
Content-Type: application/json; charset=utf-8
cache-control: no-cache

01:32:40.893 [AsyncHttpClient-1-13] DEBUG org.asynchttpclient.netty.channel.ChannelManager - Adding key: http://localhost:39538 for channel [id: 0x5c2f99c6, L:/127.0.0.1:58354 - R:localhost/127.0.0.1:39538]
01:32:40.894 [Forwarding getElementTagName on session 7804aeb9c9b63d749e1c75555577655d to remote] DEBUG org.asynchttpclient.netty.request.NettyRequestSender - Using pooled Channel '[id: 0x5c2f99c6, L:/127.0.0.1:58354 - R:localhost/127.0.0.1:39538]' for 'GET' to 'http://localhost:39538/session/7804aeb9c9b63d749e1c75555577655d/element/6963acf5-e5e3-4166-aa50-a3dda95c882d/name'
01:32:40.894 [Forwarding getElementTagName on session 7804aeb9c9b63d749e1c75555577655d to remote] DEBUG org.asynchttpclient.netty.request.NettyRequestSender - Using open Channel [id: 0x5c2f99c6, L:/127.0.0.1:58354 - R:localhost/127.0.0.1:39538] for GET '/session/7804aeb9c9b63d749e1c75555577655d/element/6963acf5-e5e3-4166-aa50-a3dda95c882d/name'
01:32:40.898 [AsyncHttpClient-1-13] DEBUG org.asynchttpclient.netty.handler.HttpHandler - 

Request DefaultFullHttpRequest(decodeResult: success, version: HTTP/1.1, content: EmptyByteBufBE)
GET /session/7804aeb9c9b63d749e1c75555577655d/element/6963acf5-e5e3-4166-aa50-a3dda95c882d/name HTTP/1.1
User-Agent: selenium/4.8.1 (java windows)
Cache-Control: no-cache
Content-Type: application/json; charset=utf-8
host: localhost:39538
accept: */*

Response DefaultHttpResponse(decodeResult: success, version: HTTP/1.1)
HTTP/1.1 200 OK
Content-Length: 13
Content-Type: application/json; charset=utf-8
cache-control: no-cache

01:32:40.898 [AsyncHttpClient-1-13] DEBUG org.asynchttpclient.netty.channel.ChannelManager - Adding key: http://localhost:39538 for channel [id: 0x5c2f99c6, L:/127.0.0.1:58354 - R:localhost/127.0.0.1:39538]
01:32:40.899 [Forwarding getElementTagName on session 7804aeb9c9b63d749e1c75555577655d to remote] DEBUG org.asynchttpclient.netty.request.NettyRequestSender - Using pooled Channel '[id: 0x5c2f99c6, L:/127.0.0.1:58354 - R:localhost/127.0.0.1:39538]' for 'GET' to 'http://localhost:39538/session/7804aeb9c9b63d749e1c75555577655d/element/6963acf5-e5e3-4166-aa50-a3dda95c882d/name'
01:32:40.899 [Forwarding getElementTagName on session 7804aeb9c9b63d749e1c75555577655d to remote] DEBUG org.asynchttpclient.netty.request.NettyRequestSender - Using open Channel [id: 0x5c2f99c6, L:/127.0.0.1:58354 - R:localhost/127.0.0.1:39538] for GET '/session/7804aeb9c9b63d749e1c75555577655d/element/6963acf5-e5e3-4166-aa50-a3dda95c882d/name'
01:32:40.902 [AsyncHttpClient-1-13] DEBUG org.asynchttpclient.netty.handler.HttpHandler - 

Request DefaultFullHttpRequest(decodeResult: success, version: HTTP/1.1, content: EmptyByteBufBE)
GET /session/7804aeb9c9b63d749e1c75555577655d/element/6963acf5-e5e3-4166-aa50-a3dda95c882d/name HTTP/1.1
User-Agent: selenium/4.8.1 (java windows)
Cache-Control: no-cache
Content-Type: application/json; charset=utf-8
host: localhost:39538
accept: */*

Response DefaultHttpResponse(decodeResult: success, version: HTTP/1.1)
HTTP/1.1 200 OK
Content-Length: 13
Content-Type: application/json; charset=utf-8
cache-control: no-cache

01:32:40.911 [AsyncHttpClient-1-13] DEBUG org.asynchttpclient.netty.channel.ChannelManager - Adding key: http://localhost:39538 for channel [id: 0x5c2f99c6, L:/127.0.0.1:58354 - R:localhost/127.0.0.1:39538]
01:32:40.912 [Forwarding findElement on session 7804aeb9c9b63d749e1c75555577655d to remote] DEBUG org.asynchttpclient.netty.request.NettyRequestSender - Using pooled Channel '[id: 0x5c2f99c6, L:/127.0.0.1:58354 - R:localhost/127.0.0.1:39538]' for 'POST' to 'http://localhost:39538/session/7804aeb9c9b63d749e1c75555577655d/element'
01:32:40.912 [Forwarding findElement on session 7804aeb9c9b63d749e1c75555577655d to remote] DEBUG org.asynchttpclient.netty.request.NettyRequestSender - Using open Channel [id: 0x5c2f99c6, L:/127.0.0.1:58354 - R:localhost/127.0.0.1:39538] for POST '/session/7804aeb9c9b63d749e1c75555577655d/element'
01:32:40.920 [AsyncHttpClient-1-13] DEBUG org.asynchttpclient.netty.handler.HttpHandler - 

Request DefaultHttpRequest(decodeResult: success, version: HTTP/1.1)
POST /session/7804aeb9c9b63d749e1c75555577655d/element HTTP/1.1
User-Agent: selenium/4.8.1 (java windows)
Content-Length: 138
Content-Type: application/json; charset=utf-8
host: localhost:39538
accept: */*

Response DefaultHttpResponse(decodeResult: success, version: HTTP/1.1)
HTTP/1.1 200 OK
Content-Length: 88
Content-Type: application/json; charset=utf-8
cache-control: no-cache

01:32:40.921 [AsyncHttpClient-1-13] DEBUG org.asynchttpclient.netty.channel.ChannelManager - Adding key: http://localhost:39538 for channel [id: 0x5c2f99c6, L:/127.0.0.1:58354 - R:localhost/127.0.0.1:39538]
01:32:40.922 [Forwarding clickElement on session 7804aeb9c9b63d749e1c75555577655d to remote] DEBUG org.asynchttpclient.netty.request.NettyRequestSender - Using pooled Channel '[id: 0x5c2f99c6, L:/127.0.0.1:58354 - R:localhost/127.0.0.1:39538]' for 'POST' to 'http://localhost:39538/session/7804aeb9c9b63d749e1c75555577655d/element/6963acf5-e5e3-4166-aa50-a3dda95c882d/click'
01:32:40.922 [Forwarding clickElement on session 7804aeb9c9b63d749e1c75555577655d to remote] DEBUG org.asynchttpclient.netty.request.NettyRequestSender - Using open Channel [id: 0x5c2f99c6, L:/127.0.0.1:58354 - R:localhost/127.0.0.1:39538] for POST '/session/7804aeb9c9b63d749e1c75555577655d/element/6963acf5-e5e3-4166-aa50-a3dda95c882d/click'
01:32:40.993 [AsyncHttpClient-1-13] DEBUG org.asynchttpclient.netty.handler.HttpHandler - 

Request DefaultHttpRequest(decodeResult: success, version: HTTP/1.1)
POST /session/7804aeb9c9b63d749e1c75555577655d/element/6963acf5-e5e3-4166-aa50-a3dda95c882d/click HTTP/1.1
User-Agent: selenium/4.8.1 (java windows)
Content-Length: 50
Content-Type: application/json; charset=utf-8
host: localhost:39538
accept: */*

Response DefaultHttpResponse(decodeResult: success, version: HTTP/1.1)
HTTP/1.1 200 OK
Content-Length: 14
Content-Type: application/json; charset=utf-8
cache-control: no-cache

01:32:40.993 [AsyncHttpClient-1-13] DEBUG org.asynchttpclient.netty.channel.ChannelManager - Adding key: http://localhost:39538 for channel [id: 0x5c2f99c6, L:/127.0.0.1:58354 - R:localhost/127.0.0.1:39538]
01:32:41.006 [Forwarding getAlertText on session 7804aeb9c9b63d749e1c75555577655d to remote] DEBUG org.asynchttpclient.netty.request.NettyRequestSender - Using pooled Channel '[id: 0x5c2f99c6, L:/127.0.0.1:58354 - R:localhost/127.0.0.1:39538]' for 'GET' to 'http://localhost:39538/session/7804aeb9c9b63d749e1c75555577655d/alert/text'
01:32:41.006 [Forwarding getAlertText on session 7804aeb9c9b63d749e1c75555577655d to remote] DEBUG org.asynchttpclient.netty.request.NettyRequestSender - Using open Channel [id: 0x5c2f99c6, L:/127.0.0.1:58354 - R:localhost/127.0.0.1:39538] for GET '/session/7804aeb9c9b63d749e1c75555577655d/alert/text'
01:32:41.163 [AsyncHttpClient-1-13] DEBUG org.asynchttpclient.netty.handler.HttpHandler - 

Request DefaultFullHttpRequest(decodeResult: success, version: HTTP/1.1, content: EmptyByteBufBE)
GET /session/7804aeb9c9b63d749e1c75555577655d/alert/text HTTP/1.1
User-Agent: selenium/4.8.1 (java windows)
Cache-Control: no-cache
Content-Type: application/json; charset=utf-8
host: localhost:39538
accept: */*

Response DefaultHttpResponse(decodeResult: success, version: HTTP/1.1)
HTTP/1.1 404 Not Found
Content-Length: 816
Content-Type: application/json; charset=utf-8
cache-control: no-cache

01:32:41.164 [AsyncHttpClient-1-13] DEBUG org.asynchttpclient.netty.channel.ChannelManager - Adding key: http://localhost:39538 for channel [id: 0x5c2f99c6, L:/127.0.0.1:58354 - R:localhost/127.0.0.1:39538]
01:32:41.165 [Forwarding getCurrentUrl on session 7804aeb9c9b63d749e1c75555577655d to remote] DEBUG org.asynchttpclient.netty.request.NettyRequestSender - Using pooled Channel '[id: 0x5c2f99c6, L:/127.0.0.1:58354 - R:localhost/127.0.0.1:39538]' for 'GET' to 'http://localhost:39538/session/7804aeb9c9b63d749e1c75555577655d/url'
01:32:41.165 [Forwarding getCurrentUrl on session 7804aeb9c9b63d749e1c75555577655d to remote] DEBUG org.asynchttpclient.netty.request.NettyRequestSender - Using open Channel [id: 0x5c2f99c6, L:/127.0.0.1:58354 - R:localhost/127.0.0.1:39538] for GET '/session/7804aeb9c9b63d749e1c75555577655d/url'
01:32:41.172 [AsyncHttpClient-1-13] DEBUG org.asynchttpclient.netty.handler.HttpHandler - 

Request DefaultFullHttpRequest(decodeResult: success, version: HTTP/1.1, content: EmptyByteBufBE)
GET /session/7804aeb9c9b63d749e1c75555577655d/url HTTP/1.1
User-Agent: selenium/4.8.1 (java windows)
Cache-Control: no-cache
Content-Type: application/json; charset=utf-8
host: localhost:39538
accept: */*

Response DefaultHttpResponse(decodeResult: success, version: HTTP/1.1)
HTTP/1.1 200 OK
Content-Length: 46
Content-Type: application/json; charset=utf-8
cache-control: no-cache

01:32:41.172 [AsyncHttpClient-1-13] DEBUG org.asynchttpclient.netty.channel.ChannelManager - Adding key: http://localhost:39538 for channel [id: 0x5c2f99c6, L:/127.0.0.1:58354 - R:localhost/127.0.0.1:39538]
01:32:41.173 [Forwarding screenshot on session 7804aeb9c9b63d749e1c75555577655d to remote] DEBUG org.asynchttpclient.netty.request.NettyRequestSender - Using pooled Channel '[id: 0x5c2f99c6, L:/127.0.0.1:58354 - R:localhost/127.0.0.1:39538]' for 'GET' to 'http://localhost:39538/session/7804aeb9c9b63d749e1c75555577655d/screenshot'
01:32:41.173 [Forwarding screenshot on session 7804aeb9c9b63d749e1c75555577655d to remote] DEBUG org.asynchttpclient.netty.request.NettyRequestSender - Using open Channel [id: 0x5c2f99c6, L:/127.0.0.1:58354 - R:localhost/127.0.0.1:39538] for GET '/session/7804aeb9c9b63d749e1c75555577655d/screenshot'
01:32:41.366 [AsyncHttpClient-1-13] DEBUG org.asynchttpclient.netty.handler.HttpHandler - 

Request DefaultFullHttpRequest(decodeResult: success, version: HTTP/1.1, content: EmptyByteBufBE)
GET /session/7804aeb9c9b63d749e1c75555577655d/screenshot HTTP/1.1
User-Agent: selenium/4.8.1 (java windows)
Cache-Control: no-cache
Content-Type: application/json; charset=utf-8
host: localhost:39538
accept: */*

Response DefaultHttpResponse(decodeResult: success, version: HTTP/1.1)
HTTP/1.1 200 OK
Content-Length: 59504
Content-Type: application/json; charset=utf-8
cache-control: no-cache

01:32:41.366 [AsyncHttpClient-1-13] DEBUG org.asynchttpclient.netty.channel.ChannelManager - Adding key: http://localhost:39538 for channel [id: 0x5c2f99c6, L:/127.0.0.1:58354 - R:localhost/127.0.0.1:39538]
01:32:41.370 [main] DEBUG net.serenitybdd.core.photography.Darkroom - Send negative for processing for target\site\serenity\9ffbc544285fc867776185e1f7ea28457becd08fa9ed233494eb658eed9e4280.png
01:32:41.370 [main] DEBUG net.thucydides.core.steps.StepInterceptor - STEP DONE: clickCartIcon
01:32:41.370 [Darkroom Processing Line] DEBUG net.serenitybdd.core.photography.DarkroomProcessingLine - Processing screenshot image in /var/screenshots/screenshot-8902896348250966030
  &amp#27;[32mAnd &amp#27;[0m&amp#27;[32mI click cart icon&amp#27;[0m                                                                   &amp#27;[90m# starter.stepdefinitions.LoginSteps.clickCartIcon()&amp#27;[0m
01:32:41.370 [Darkroom Processing Line] DEBUG net.serenitybdd.core.photography.DarkroomProcessingLine - Saving screenshot to target\site\serenity\9ffbc544285fc867776185e1f7ea28457becd08fa9ed233494eb658eed9e4280.png
01:32:41.379 [Forwarding getPageSource on session 7804aeb9c9b63d749e1c75555577655d to remote] DEBUG org.asynchttpclient.netty.request.NettyRequestSender - Using pooled Channel '[id: 0x5c2f99c6, L:/127.0.0.1:58354 - R:localhost/127.0.0.1:39538]' for 'POST' to 'http://localhost:39538/session/7804aeb9c9b63d749e1c75555577655d/execute/sync'
01:32:41.379 [Forwarding getPageSource on session 7804aeb9c9b63d749e1c75555577655d to remote] DEBUG org.asynchttpclient.netty.request.NettyRequestSender - Using open Channel [id: 0x5c2f99c6, L:/127.0.0.1:58354 - R:localhost/127.0.0.1:39538] for POST '/session/7804aeb9c9b63d749e1c75555577655d/execute/sync'
01:32:41.384 [AsyncHttpClient-1-13] DEBUG org.asynchttpclient.netty.handler.HttpHandler - 

Request DefaultHttpRequest(decodeResult: success, version: HTTP/1.1)
POST /session/7804aeb9c9b63d749e1c75555577655d/execute/sync HTTP/1.1
User-Agent: selenium/4.8.1 (java windows)
Content-Length: 176
Content-Type: application/json; charset=utf-8
host: localhost:39538
accept: */*

Response DefaultHttpResponse(decodeResult: success, version: HTTP/1.1)
HTTP/1.1 200 OK
Content-Length: 23182
Content-Type: application/json; charset=utf-8
cache-control: no-cache

01:32:41.384 [AsyncHttpClient-1-13] DEBUG org.asynchttpclient.netty.channel.ChannelManager - Adding key: http://localhost:39538 for channel [id: 0x5c2f99c6, L:/127.0.0.1:58354 - R:localhost/127.0.0.1:39538]
01:32:41.388 [Forwarding getCurrentUrl on session 7804aeb9c9b63d749e1c75555577655d to remote] DEBUG org.asynchttpclient.netty.request.NettyRequestSender - Using pooled Channel '[id: 0x5c2f99c6, L:/127.0.0.1:58354 - R:localhost/127.0.0.1:39538]' for 'GET' to 'http://localhost:39538/session/7804aeb9c9b63d749e1c75555577655d/url'
01:32:41.388 [Forwarding getCurrentUrl on session 7804aeb9c9b63d749e1c75555577655d to remote] DEBUG org.asynchttpclient.netty.request.NettyRequestSender - Using open Channel [id: 0x5c2f99c6, L:/127.0.0.1:58354 - R:localhost/127.0.0.1:39538] for GET '/session/7804aeb9c9b63d749e1c75555577655d/url'
01:32:41.391 [AsyncHttpClient-1-13] DEBUG org.asynchttpclient.netty.handler.HttpHandler - 

Request DefaultFullHttpRequest(decodeResult: success, version: HTTP/1.1, content: EmptyByteBufBE)
GET /session/7804aeb9c9b63d749e1c75555577655d/url HTTP/1.1
User-Agent: selenium/4.8.1 (java windows)
Cache-Control: no-cache
Content-Type: application/json; charset=utf-8
host: localhost:39538
accept: */*

Response DefaultHttpResponse(decodeResult: success, version: HTTP/1.1)
HTTP/1.1 200 OK
Content-Length: 46
Content-Type: application/json; charset=utf-8
cache-control: no-cache

01:32:41.391 [AsyncHttpClient-1-13] DEBUG org.asynchttpclient.netty.channel.ChannelManager - Adding key: http://localhost:39538 for channel [id: 0x5c2f99c6, L:/127.0.0.1:58354 - R:localhost/127.0.0.1:39538]
01:32:41.396 [Forwarding findElement on session 7804aeb9c9b63d749e1c75555577655d to remote] DEBUG org.asynchttpclient.netty.request.NettyRequestSender - Using pooled Channel '[id: 0x5c2f99c6, L:/127.0.0.1:58354 - R:localhost/127.0.0.1:39538]' for 'POST' to 'http://localhost:39538/session/7804aeb9c9b63d749e1c75555577655d/element'
01:32:41.396 [Forwarding findElement on session 7804aeb9c9b63d749e1c75555577655d to remote] DEBUG org.asynchttpclient.netty.request.NettyRequestSender - Using open Channel [id: 0x5c2f99c6, L:/127.0.0.1:58354 - R:localhost/127.0.0.1:39538] for POST '/session/7804aeb9c9b63d749e1c75555577655d/element'
01:32:41.404 [AsyncHttpClient-1-13] DEBUG org.asynchttpclient.netty.handler.HttpHandler - 

Request DefaultHttpRequest(decodeResult: success, version: HTTP/1.1)
POST /session/7804aeb9c9b63d749e1c75555577655d/element HTTP/1.1
User-Agent: selenium/4.8.1 (java windows)
Content-Length: 75
Content-Type: application/json; charset=utf-8
host: localhost:39538
accept: */*

Response DefaultHttpResponse(decodeResult: success, version: HTTP/1.1)
HTTP/1.1 200 OK
Content-Length: 88
Content-Type: application/json; charset=utf-8
cache-control: no-cache

01:32:41.404 [AsyncHttpClient-1-13] DEBUG org.asynchttpclient.netty.channel.ChannelManager - Adding key: http://localhost:39538 for channel [id: 0x5c2f99c6, L:/127.0.0.1:58354 - R:localhost/127.0.0.1:39538]
01:32:41.406 [Forwarding isElementDisplayed on session 7804aeb9c9b63d749e1c75555577655d to remote] DEBUG org.asynchttpclient.netty.request.NettyRequestSender - Using pooled Channel '[id: 0x5c2f99c6, L:/127.0.0.1:58354 - R:localhost/127.0.0.1:39538]' for 'POST' to 'http://localhost:39538/session/7804aeb9c9b63d749e1c75555577655d/execute/sync'
01:32:41.406 [Forwarding isElementDisplayed on session 7804aeb9c9b63d749e1c75555577655d to remote] DEBUG org.asynchttpclient.netty.request.NettyRequestSender - Using open Channel [id: 0x5c2f99c6, L:/127.0.0.1:58354 - R:localhost/127.0.0.1:39538] for POST '/session/7804aeb9c9b63d749e1c75555577655d/execute/sync'
01:32:41.415 [AsyncHttpClient-1-13] DEBUG org.asynchttpclient.netty.handler.HttpHandler - 

Request DefaultHttpRequest(decodeResult: success, version: HTTP/1.1)
POST /session/7804aeb9c9b63d749e1c75555577655d/execute/sync HTTP/1.1
User-Agent: selenium/4.8.1 (java windows)
Content-Length: 48807
Content-Type: application/json; charset=utf-8
host: localhost:39538
accept: */*

Response DefaultHttpResponse(decodeResult: success, version: HTTP/1.1)
HTTP/1.1 200 OK
Content-Length: 14
Content-Type: application/json; charset=utf-8
cache-control: no-cache

01:32:41.415 [AsyncHttpClient-1-13] DEBUG org.asynchttpclient.netty.channel.ChannelManager - Adding key: http://localhost:39538 for channel [id: 0x5c2f99c6, L:/127.0.0.1:58354 - R:localhost/127.0.0.1:39538]
  &amp#27;[32mThen &amp#27;[0m&amp#27;[32mI see the purchase details of a product in cart&amp#27;[0m                                    &amp#27;[90m# starter.stepdefinitions.LoginSteps.seePurchaseProduct()&amp#27;[0m
01:32:41.420 [main] INFO  - 
  _____   ___   ___   _____     ___     _     ___   ___   ___   ___  
 |_   _| | __| / __| |_   _|   | _ \   /_\   / __| / __| | __| |   \ 
   | |   | _|  \__ \   | |     |  _/  / _ \  \__ \ \__ \ | _|  | |) |
   |_|   |___| |___/   |_|     |_|   /_/ \_\ |___/ |___/ |___| |___/ 

As user i can view details of two products that have been purchased in the cart
----------------------------------------------------------------------
01:32:41.422 [Driver Command Executor] DEBUG org.asynchttpclient.netty.request.NettyRequestSender - Using pooled Channel '[id: 0x5c2f99c6, L:/127.0.0.1:58354 - R:localhost/127.0.0.1:39538]' for 'DELETE' to 'http://localhost:39538/session/7804aeb9c9b63d749e1c75555577655d'
01:32:41.422 [AsyncHttpClient-1-15] DEBUG org.asynchttpclient.netty.handler.WebSocketHandler - Channel Closed: [id: 0x2015f0a5, L:/127.0.0.1:58362 ! R:localhost/127.0.0.1:58355] with attribute NettyResponseFuture{currentRetry=0,
	isDone=1,
	isCancelled=0,
	asyncHandler=org.asynchttpclient.ws.WebSocketUpgradeHandler@737f6b2a,
	nettyRequest=org.asynchttpclient.netty.request.NettyRequest@36500612,
	future=java.util.concurrent.CompletableFuture@bd850ff[Completed normally],
	uri=ws://localhost:58355/devtools/browser/9b296d28-6390-43ed-afa1-7af658581d1e,
	keepAlive=true,
	redirectCount=0,
	timeoutsHolder=null,
	inAuth=0,
	touch=1683484354811}
01:32:41.422 [Driver Command Executor] DEBUG org.asynchttpclient.netty.request.NettyRequestSender - Using open Channel [id: 0x5c2f99c6, L:/127.0.0.1:58354 - R:localhost/127.0.0.1:39538] for DELETE '/session/7804aeb9c9b63d749e1c75555577655d'
01:32:41.422 [AsyncHttpClient-1-15] DEBUG org.asynchttpclient.netty.channel.ChannelManager - Closing Channel [id: 0x2015f0a5, L:/127.0.0.1:58362 ! R:localhost/127.0.0.1:58355] 
01:32:41.465 [AsyncHttpClient-1-14] DEBUG org.asynchttpclient.netty.handler.HttpHandler - Unexpected I/O exception on channel [id: 0x0f7f935d, L:/127.0.0.1:58361 - R:localhost/127.0.0.1:58355]
java.io.IOException: An existing connection was forcibly closed by the remote host
	at sun.nio.ch.SocketDispatcher.read0(Native Method)
	at sun.nio.ch.SocketDispatcher.read(Unknown Source)
	at sun.nio.ch.IOUtil.readIntoNativeBuffer(Unknown Source)
	at sun.nio.ch.IOUtil.read(Unknown Source)
	at sun.nio.ch.SocketChannelImpl.read(Unknown Source)
	at io.netty.buffer.PooledByteBuf.setBytes(PooledByteBuf.java:259)
	at io.netty.buffer.AbstractByteBuf.writeBytes(AbstractByteBuf.java:1132)
	at io.netty.channel.socket.nio.NioSocketChannel.doReadBytes(NioSocketChannel.java:357)
	at io.netty.channel.nio.AbstractNioByteChannel$NioByteUnsafe.read(AbstractNioByteChannel.java:151)
	at io.netty.channel.nio.NioEventLoop.processSelectedKey(NioEventLoop.java:788)
	at io.netty.channel.nio.NioEventLoop.processSelectedKeysOptimized(NioEventLoop.java:724)
	at io.netty.channel.nio.NioEventLoop.processSelectedKeys(NioEventLoop.java:650)
	at io.netty.channel.nio.NioEventLoop.run(NioEventLoop.java:562)
	at io.netty.util.concurrent.SingleThreadEventExecutor$4.run(SingleThreadEventExecutor.java:997)
	at io.netty.util.internal.ThreadExecutorMap$2.run(ThreadExecutorMap.java:74)
	at io.netty.util.concurrent.FastThreadLocalRunnable.run(FastThreadLocalRunnable.java:30)
	at java.lang.Thread.run(Unknown Source)
01:32:41.466 [AsyncHttpClient-1-14] DEBUG org.asynchttpclient.netty.channel.ChannelManager - Closing Channel [id: 0x0f7f935d, L:/127.0.0.1:58361 - R:localhost/127.0.0.1:58355] 
01:32:41.466 [AsyncHttpClient-1-14] DEBUG org.asynchttpclient.netty.handler.HttpHandler - Channel Closed: [id: 0x0f7f935d, L:/127.0.0.1:58361 ! R:localhost/127.0.0.1:58355] with attribute DISCARD
01:32:41.487 [AsyncHttpClient-1-13] DEBUG org.asynchttpclient.netty.handler.HttpHandler - 

Request DefaultFullHttpRequest(decodeResult: success, version: HTTP/1.1, content: EmptyByteBufBE)
DELETE /session/7804aeb9c9b63d749e1c75555577655d HTTP/1.1
User-Agent: selenium/4.8.1 (java windows)
Content-Type: application/json; charset=utf-8
host: localhost:39538
accept: */*

Response DefaultHttpResponse(decodeResult: success, version: HTTP/1.1)
HTTP/1.1 200 OK
Content-Length: 14
Content-Type: application/json; charset=utf-8
cache-control: no-cache

01:32:41.487 [AsyncHttpClient-1-13] DEBUG org.asynchttpclient.netty.channel.ChannelManager - Adding key: http://localhost:39538 for channel [id: 0x5c2f99c6, L:/127.0.0.1:58354 - R:localhost/127.0.0.1:39538]
01:32:41.555 [AsyncHttpClient-1-13] DEBUG org.asynchttpclient.netty.handler.HttpHandler - Channel Closed: [id: 0x5c2f99c6, L:/127.0.0.1:58354 ! R:localhost/127.0.0.1:39538] with attribute DISCARD
01:32:41.891 [AsyncHttpClient-1-1] DEBUG org.asynchttpclient.netty.channel.DefaultChannelPool - Entry count for : http://localhost:39538 : 1
01:32:41.891 [AsyncHttpClient-1-1] DEBUG org.asynchttpclient.netty.channel.DefaultChannelPool - Entry count for : http://localhost:58355 : 1
01:32:41.891 [AsyncHttpClient-1-1] DEBUG org.asynchttpclient.netty.channel.DefaultChannelPool - Adding Candidate expired Channel [id: 0x5c2f99c6, L:/127.0.0.1:58354 ! R:localhost/127.0.0.1:39538] isIdleTimeoutExpired=false isRemotelyClosed=true isTtlExpired=false
01:32:41.891 [AsyncHttpClient-1-1] DEBUG org.asynchttpclient.netty.channel.DefaultChannelPool - Closing Idle Channel [id: 0x5c2f99c6, L:/127.0.0.1:58354 ! R:localhost/127.0.0.1:39538]
01:32:41.891 [AsyncHttpClient-1-1] DEBUG org.asynchttpclient.netty.channel.DefaultChannelPool - Adding Candidate expired Channel [id: 0x0f7f935d, L:/127.0.0.1:58361 ! R:localhost/127.0.0.1:58355] isIdleTimeoutExpired=false isRemotelyClosed=true isTtlExpired=false
01:32:41.891 [AsyncHttpClient-1-1] DEBUG org.asynchttpclient.netty.channel.DefaultChannelPool - Closing Idle Channel [id: 0x0f7f935d, L:/127.0.0.1:58361 ! R:localhost/127.0.0.1:58355]
01:32:41.891 [AsyncHttpClient-1-1] DEBUG org.asynchttpclient.netty.channel.DefaultChannelPool - Closed 2 connections out of 2 in 0 ms
]]></system-out>
    <system-err><![CDATA[Starting ChromeDriver 111.0.5563.64 (c710e93d5b63b7095afe8c2c17df34408078439d-refs/branch-heads/5563@{#995}) on port 39538
Only local connections are allowed.
Please see https://chromedriver.chromium.org/security-considerations for suggestions on keeping ChromeDriver safe.
ChromeDriver was started successfully.
[1683484354.760][WARNING]: This version of ChromeDriver has not been tested with Chrome version 112.
Mei 08, 2023 1:32:34 AM org.openqa.selenium.devtools.CdpVersionFinder findNearestMatch
WARNING: Unable to find an exact match for CDP version 112, so returning the closest version found: 110
]]></system-err>
  </testcase>
  <testcase name="As user i have be able to success see product details" classname="Products" time="7.139">
    <system-out><![CDATA[01:32:42.085 [main] DEBUG io.cucumber.core.plugin.SerenityReporter - Running feature from file:///D:/TUGAS%20SEMESTER%206/Mini%20Project/WebTest-MiniProject/src/test/resources/features/Products.feature
01:32:42.088 [main] DEBUG net.thucydides.core.steps.StepEventBus - Test suite started for story net.thucydides.core.model.Story@31b157a8
01:32:42.089 [main] INFO  - Test Suite Started: Products

Scenario: As user i have be able to success see product details &amp#27;[90m# src/test/resources/features/Products.feature:3&amp#27;[0m
01:32:42.093 [main] DEBUG io.cucumber.core.plugin.SerenityReporter - Running feature from file:///D:/TUGAS%20SEMESTER%206/Mini%20Project/WebTest-MiniProject/src/test/resources/features/Products.feature
01:32:42.096 [main] INFO  - 
  _____   ___   ___   _____     ___   _____     _     ___   _____   ___   ___  
 |_   _| | __| / __| |_   _|   / __| |_   _|   /_\   | _ \ |_   _| | __| |   \ 
   | |   | _|  \__ \   | |     \__ \   | |    / _ \  |   /   | |   | _|  | |) |
   |_|   |___| |___/   |_|     |___/   |_|   /_/ \_\ |_|_\   |_|   |___| |___/ 

As user i have be able to success see product details(products;as-user-i-have-be-able-to-success-see-product-details)
--------------------------------------------------------------------------------
01:32:42.167 [main] INFO net.serenitybdd.core.webdriver.driverproviders.ChromeDriverProvider - Starting Chrome driver instance with capabilities:
01:32:42.167 [main] INFO net.serenitybdd.core.webdriver.driverproviders.ChromeDriverProvider - Capabilities {acceptInsecureCerts: false, browserName: chrome, goog:chromeOptions: {args: [remote-allow-origins=*], extensions: []}}
01:32:42.752 [AsyncHttpClient-1-16] DEBUG org.asynchttpclient.netty.channel.NettyConnectListener - Using new Channel '[id: 0xcf9c9f14, L:/127.0.0.1:58377 - R:localhost/127.0.0.1:8403]' for 'POST' to '/session'
01:32:43.477 [AsyncHttpClient-1-16] DEBUG org.asynchttpclient.netty.handler.HttpHandler - 

Request DefaultHttpRequest(decodeResult: success, version: HTTP/1.1)
POST /session HTTP/1.1
User-Agent: selenium/4.8.1 (java windows)
Content-Length: 507
Content-Type: application/json; charset=utf-8
host: localhost:8403
accept: */*

Response DefaultHttpResponse(decodeResult: success, version: HTTP/1.1)
HTTP/1.1 200 OK
Content-Length: 859
Content-Type: application/json; charset=utf-8
cache-control: no-cache

01:32:43.477 [AsyncHttpClient-1-16] DEBUG org.asynchttpclient.netty.channel.ChannelManager - Adding key: http://localhost:8403 for channel [id: 0xcf9c9f14, L:/127.0.0.1:58377 - R:localhost/127.0.0.1:8403]
01:32:43.496 [AsyncHttpClient-1-17] DEBUG org.asynchttpclient.netty.channel.NettyConnectListener - Using new Channel '[id: 0x2cecc8c2, L:/127.0.0.1:58384 - R:localhost/127.0.0.1:58378]' for 'GET' to '/json/version'
01:32:43.497 [AsyncHttpClient-1-17] DEBUG org.asynchttpclient.netty.handler.HttpHandler - 

Request DefaultFullHttpRequest(decodeResult: success, version: HTTP/1.1, content: EmptyByteBufBE)
GET /json/version HTTP/1.1
User-Agent: selenium/4.8.1 (java windows)
host: localhost:58378
accept: */*

Response DefaultHttpResponse(decodeResult: success, version: HTTP/1.1)
HTTP/1.1 200 OK
Content-Security-Policy: frame-ancestors 'none'
Content-Length: 424
Content-Type: application/json; charset=UTF-8

01:32:43.497 [AsyncHttpClient-1-17] DEBUG org.asynchttpclient.netty.channel.ChannelManager - Adding key: http://localhost:58378 for channel [id: 0x2cecc8c2, L:/127.0.0.1:58384 - R:localhost/127.0.0.1:58378]
01:32:43.501 [AsyncHttpClient-1-2] DEBUG org.asynchttpclient.netty.channel.NettyConnectListener - Using new Channel '[id: 0xc1b50486, L:/127.0.0.1:58385 - R:localhost/127.0.0.1:58378]' for 'GET' to '/devtools/browser/35c42309-16b5-4e22-8ab7-b6d667ede3f2'
01:32:43.504 [AsyncHttpClient-1-2] DEBUG org.asynchttpclient.netty.handler.WebSocketHandler - 

Request DefaultFullHttpRequest(decodeResult: success, version: HTTP/1.1, content: EmptyByteBufBE)
GET /devtools/browser/35c42309-16b5-4e22-8ab7-b6d667ede3f2 HTTP/1.1
upgrade: websocket
connection: upgrade
sec-websocket-key: FkX2gUs+NC3FyuMdEF36TQ==
sec-websocket-version: 13
origin: http://localhost:58378
host: localhost:58378
accept: */*
user-agent: AHC/2.1

Response DefaultHttpResponse(decodeResult: success, version: HTTP/1.1)
HTTP/1.1 101 WebSocket Protocol Handshake
Upgrade: WebSocket
Connection: Upgrade
Sec-WebSocket-Accept: I6hQv2NtS3w/UMhk7X3W6PeSuVc=

01:32:43.510 [Forwarding get on session ed24354d64eaadc2ac51167a3aa116a0 to remote] DEBUG org.asynchttpclient.netty.request.NettyRequestSender - Using pooled Channel '[id: 0xcf9c9f14, L:/127.0.0.1:58377 - R:localhost/127.0.0.1:8403]' for 'POST' to 'http://localhost:8403/session/ed24354d64eaadc2ac51167a3aa116a0/url'
01:32:43.510 [Forwarding get on session ed24354d64eaadc2ac51167a3aa116a0 to remote] DEBUG org.asynchttpclient.netty.request.NettyRequestSender - Using open Channel [id: 0xcf9c9f14, L:/127.0.0.1:58377 - R:localhost/127.0.0.1:8403] for POST '/session/ed24354d64eaadc2ac51167a3aa116a0/url'
01:32:44.095 [AsyncHttpClient-1-1] DEBUG org.asynchttpclient.netty.channel.DefaultChannelPool - Entry count for : http://localhost:58378 : 1
01:32:44.113 [AsyncHttpClient-1-16] DEBUG org.asynchttpclient.netty.handler.HttpHandler - 

Request DefaultHttpRequest(decodeResult: success, version: HTTP/1.1)
POST /session/ed24354d64eaadc2ac51167a3aa116a0/url HTTP/1.1
User-Agent: selenium/4.8.1 (java windows)
Content-Length: 74
Content-Type: application/json; charset=utf-8
host: localhost:8403
accept: */*

Response DefaultHttpResponse(decodeResult: success, version: HTTP/1.1)
HTTP/1.1 200 OK
Content-Length: 14
Content-Type: application/json; charset=utf-8
cache-control: no-cache

01:32:44.113 [AsyncHttpClient-1-16] DEBUG org.asynchttpclient.netty.channel.ChannelManager - Adding key: http://localhost:8403 for channel [id: 0xcf9c9f14, L:/127.0.0.1:58377 - R:localhost/127.0.0.1:8403]
01:32:44.114 [Forwarding setTimeout on session ed24354d64eaadc2ac51167a3aa116a0 to remote] DEBUG org.asynchttpclient.netty.request.NettyRequestSender - Using pooled Channel '[id: 0xcf9c9f14, L:/127.0.0.1:58377 - R:localhost/127.0.0.1:8403]' for 'POST' to 'http://localhost:8403/session/ed24354d64eaadc2ac51167a3aa116a0/timeouts'
01:32:44.115 [Forwarding setTimeout on session ed24354d64eaadc2ac51167a3aa116a0 to remote] DEBUG org.asynchttpclient.netty.request.NettyRequestSender - Using open Channel [id: 0xcf9c9f14, L:/127.0.0.1:58377 - R:localhost/127.0.0.1:8403] for POST '/session/ed24354d64eaadc2ac51167a3aa116a0/timeouts'
01:32:44.116 [AsyncHttpClient-1-16] DEBUG org.asynchttpclient.netty.handler.HttpHandler - 

Request DefaultHttpRequest(decodeResult: success, version: HTTP/1.1)
POST /session/ed24354d64eaadc2ac51167a3aa116a0/timeouts HTTP/1.1
User-Agent: selenium/4.8.1 (java windows)
Content-Length: 22
Content-Type: application/json; charset=utf-8
host: localhost:8403
accept: */*

Response DefaultHttpResponse(decodeResult: success, version: HTTP/1.1)
HTTP/1.1 200 OK
Content-Length: 14
Content-Type: application/json; charset=utf-8
cache-control: no-cache

01:32:44.116 [AsyncHttpClient-1-16] DEBUG org.asynchttpclient.netty.channel.ChannelManager - Adding key: http://localhost:8403 for channel [id: 0xcf9c9f14, L:/127.0.0.1:58377 - R:localhost/127.0.0.1:8403]
01:32:44.123 [main] DEBUG net.serenitybdd.core.photography.Darkroom - Opening darkroom
01:32:44.123 [Darkroom Processing Line] DEBUG net.serenitybdd.core.photography.DarkroomProcessingLine - Darkroom processing line starting up
01:32:44.124 [Forwarding getAlertText on session ed24354d64eaadc2ac51167a3aa116a0 to remote] DEBUG org.asynchttpclient.netty.request.NettyRequestSender - Using pooled Channel '[id: 0xcf9c9f14, L:/127.0.0.1:58377 - R:localhost/127.0.0.1:8403]' for 'GET' to 'http://localhost:8403/session/ed24354d64eaadc2ac51167a3aa116a0/alert/text'
01:32:44.124 [Forwarding getAlertText on session ed24354d64eaadc2ac51167a3aa116a0 to remote] DEBUG org.asynchttpclient.netty.request.NettyRequestSender - Using open Channel [id: 0xcf9c9f14, L:/127.0.0.1:58377 - R:localhost/127.0.0.1:8403] for GET '/session/ed24354d64eaadc2ac51167a3aa116a0/alert/text'
01:32:44.127 [AsyncHttpClient-1-16] DEBUG org.asynchttpclient.netty.handler.HttpHandler - 

Request DefaultFullHttpRequest(decodeResult: success, version: HTTP/1.1, content: EmptyByteBufBE)
GET /session/ed24354d64eaadc2ac51167a3aa116a0/alert/text HTTP/1.1
User-Agent: selenium/4.8.1 (java windows)
Cache-Control: no-cache
Content-Type: application/json; charset=utf-8
host: localhost:8403
accept: */*

Response DefaultHttpResponse(decodeResult: success, version: HTTP/1.1)
HTTP/1.1 404 Not Found
Content-Length: 816
Content-Type: application/json; charset=utf-8
cache-control: no-cache

01:32:44.127 [AsyncHttpClient-1-16] DEBUG org.asynchttpclient.netty.channel.ChannelManager - Adding key: http://localhost:8403 for channel [id: 0xcf9c9f14, L:/127.0.0.1:58377 - R:localhost/127.0.0.1:8403]
01:32:44.128 [Forwarding getCurrentUrl on session ed24354d64eaadc2ac51167a3aa116a0 to remote] DEBUG org.asynchttpclient.netty.request.NettyRequestSender - Using pooled Channel '[id: 0xcf9c9f14, L:/127.0.0.1:58377 - R:localhost/127.0.0.1:8403]' for 'GET' to 'http://localhost:8403/session/ed24354d64eaadc2ac51167a3aa116a0/url'
01:32:44.128 [Forwarding getCurrentUrl on session ed24354d64eaadc2ac51167a3aa116a0 to remote] DEBUG org.asynchttpclient.netty.request.NettyRequestSender - Using open Channel [id: 0xcf9c9f14, L:/127.0.0.1:58377 - R:localhost/127.0.0.1:8403] for GET '/session/ed24354d64eaadc2ac51167a3aa116a0/url'
01:32:44.135 [AsyncHttpClient-1-16] DEBUG org.asynchttpclient.netty.handler.HttpHandler - 

Request DefaultFullHttpRequest(decodeResult: success, version: HTTP/1.1, content: EmptyByteBufBE)
GET /session/ed24354d64eaadc2ac51167a3aa116a0/url HTTP/1.1
User-Agent: selenium/4.8.1 (java windows)
Cache-Control: no-cache
Content-Type: application/json; charset=utf-8
host: localhost:8403
accept: */*

Response DefaultHttpResponse(decodeResult: success, version: HTTP/1.1)
HTTP/1.1 200 OK
Content-Length: 51
Content-Type: application/json; charset=utf-8
cache-control: no-cache

01:32:44.135 [AsyncHttpClient-1-16] DEBUG org.asynchttpclient.netty.channel.ChannelManager - Adding key: http://localhost:8403 for channel [id: 0xcf9c9f14, L:/127.0.0.1:58377 - R:localhost/127.0.0.1:8403]
01:32:44.136 [Forwarding screenshot on session ed24354d64eaadc2ac51167a3aa116a0 to remote] DEBUG org.asynchttpclient.netty.request.NettyRequestSender - Using pooled Channel '[id: 0xcf9c9f14, L:/127.0.0.1:58377 - R:localhost/127.0.0.1:8403]' for 'GET' to 'http://localhost:8403/session/ed24354d64eaadc2ac51167a3aa116a0/screenshot'
01:32:44.136 [Forwarding screenshot on session ed24354d64eaadc2ac51167a3aa116a0 to remote] DEBUG org.asynchttpclient.netty.request.NettyRequestSender - Using open Channel [id: 0xcf9c9f14, L:/127.0.0.1:58377 - R:localhost/127.0.0.1:8403] for GET '/session/ed24354d64eaadc2ac51167a3aa116a0/screenshot'
01:32:44.445 [AsyncHttpClient-1-16] DEBUG org.asynchttpclient.netty.handler.HttpHandler - 

Request DefaultFullHttpRequest(decodeResult: success, version: HTTP/1.1, content: EmptyByteBufBE)
GET /session/ed24354d64eaadc2ac51167a3aa116a0/screenshot HTTP/1.1
User-Agent: selenium/4.8.1 (java windows)
Cache-Control: no-cache
Content-Type: application/json; charset=utf-8
host: localhost:8403
accept: */*

Response DefaultHttpResponse(decodeResult: success, version: HTTP/1.1)
HTTP/1.1 200 OK
Content-Length: 37680
Content-Type: application/json; charset=utf-8
cache-control: no-cache

01:32:44.446 [AsyncHttpClient-1-16] DEBUG org.asynchttpclient.netty.channel.ChannelManager - Adding key: http://localhost:8403 for channel [id: 0xcf9c9f14, L:/127.0.0.1:58377 - R:localhost/127.0.0.1:8403]
01:32:44.448 [main] DEBUG net.serenitybdd.core.photography.Darkroom - Send negative for processing for target\site\serenity\617ccc73021c4cab9dfa54c5aa3482f15135817f8e58f0514fd8d62047c1a9ab.png
01:32:44.449 [Forwarding getPageSource on session ed24354d64eaadc2ac51167a3aa116a0 to remote] DEBUG org.asynchttpclient.netty.request.NettyRequestSender - Using pooled Channel '[id: 0xcf9c9f14, L:/127.0.0.1:58377 - R:localhost/127.0.0.1:8403]' for 'POST' to 'http://localhost:8403/session/ed24354d64eaadc2ac51167a3aa116a0/execute/sync'
01:32:44.449 [Forwarding getPageSource on session ed24354d64eaadc2ac51167a3aa116a0 to remote] DEBUG org.asynchttpclient.netty.request.NettyRequestSender - Using open Channel [id: 0xcf9c9f14, L:/127.0.0.1:58377 - R:localhost/127.0.0.1:8403] for POST '/session/ed24354d64eaadc2ac51167a3aa116a0/execute/sync'
01:32:44.455 [AsyncHttpClient-1-16] DEBUG org.asynchttpclient.netty.handler.HttpHandler - 

Request DefaultHttpRequest(decodeResult: success, version: HTTP/1.1)
POST /session/ed24354d64eaadc2ac51167a3aa116a0/execute/sync HTTP/1.1
User-Agent: selenium/4.8.1 (java windows)
Content-Length: 176
Content-Type: application/json; charset=utf-8
host: localhost:8403
accept: */*

Response DefaultHttpResponse(decodeResult: success, version: HTTP/1.1)
HTTP/1.1 200 OK
Content-Length: 21659
Content-Type: application/json; charset=utf-8
cache-control: no-cache

01:32:44.455 [AsyncHttpClient-1-16] DEBUG org.asynchttpclient.netty.channel.ChannelManager - Adding key: http://localhost:8403 for channel [id: 0xcf9c9f14, L:/127.0.0.1:58377 - R:localhost/127.0.0.1:8403]
01:32:44.458 [Forwarding getCurrentUrl on session ed24354d64eaadc2ac51167a3aa116a0 to remote] DEBUG org.asynchttpclient.netty.request.NettyRequestSender - Using pooled Channel '[id: 0xcf9c9f14, L:/127.0.0.1:58377 - R:localhost/127.0.0.1:8403]' for 'GET' to 'http://localhost:8403/session/ed24354d64eaadc2ac51167a3aa116a0/url'
01:32:44.458 [Forwarding getCurrentUrl on session ed24354d64eaadc2ac51167a3aa116a0 to remote] DEBUG org.asynchttpclient.netty.request.NettyRequestSender - Using open Channel [id: 0xcf9c9f14, L:/127.0.0.1:58377 - R:localhost/127.0.0.1:8403] for GET '/session/ed24354d64eaadc2ac51167a3aa116a0/url'
01:32:44.462 [AsyncHttpClient-1-16] DEBUG org.asynchttpclient.netty.handler.HttpHandler - 

Request DefaultFullHttpRequest(decodeResult: success, version: HTTP/1.1, content: EmptyByteBufBE)
GET /session/ed24354d64eaadc2ac51167a3aa116a0/url HTTP/1.1
User-Agent: selenium/4.8.1 (java windows)
Cache-Control: no-cache
Content-Type: application/json; charset=utf-8
host: localhost:8403
accept: */*

Response DefaultHttpResponse(decodeResult: success, version: HTTP/1.1)
HTTP/1.1 200 OK
Content-Length: 51
Content-Type: application/json; charset=utf-8
cache-control: no-cache

01:32:44.462 [AsyncHttpClient-1-16] DEBUG org.asynchttpclient.netty.channel.ChannelManager - Adding key: http://localhost:8403 for channel [id: 0xcf9c9f14, L:/127.0.0.1:58377 - R:localhost/127.0.0.1:8403]
01:32:44.463 [main] DEBUG net.thucydides.core.steps.StepInterceptor - STARTING STEP: LoginSteps.onTheLoginPage - validateOnTheLoginPage
01:32:44.466 [Forwarding findElement on session ed24354d64eaadc2ac51167a3aa116a0 to remote] DEBUG org.asynchttpclient.netty.request.NettyRequestSender - Using pooled Channel '[id: 0xcf9c9f14, L:/127.0.0.1:58377 - R:localhost/127.0.0.1:8403]' for 'POST' to 'http://localhost:8403/session/ed24354d64eaadc2ac51167a3aa116a0/element'
01:32:44.466 [Forwarding findElement on session ed24354d64eaadc2ac51167a3aa116a0 to remote] DEBUG org.asynchttpclient.netty.request.NettyRequestSender - Using open Channel [id: 0xcf9c9f14, L:/127.0.0.1:58377 - R:localhost/127.0.0.1:8403] for POST '/session/ed24354d64eaadc2ac51167a3aa116a0/element'
01:32:44.478 [AsyncHttpClient-1-16] DEBUG org.asynchttpclient.netty.handler.HttpHandler - 

Request DefaultHttpRequest(decodeResult: success, version: HTTP/1.1)
POST /session/ed24354d64eaadc2ac51167a3aa116a0/element HTTP/1.1
User-Agent: selenium/4.8.1 (java windows)
Content-Length: 165
Content-Type: application/json; charset=utf-8
host: localhost:8403
accept: */*

Response DefaultHttpResponse(decodeResult: success, version: HTTP/1.1)
HTTP/1.1 200 OK
Content-Length: 88
Content-Type: application/json; charset=utf-8
cache-control: no-cache

01:32:44.478 [AsyncHttpClient-1-16] DEBUG org.asynchttpclient.netty.channel.ChannelManager - Adding key: http://localhost:8403 for channel [id: 0xcf9c9f14, L:/127.0.0.1:58377 - R:localhost/127.0.0.1:8403]
01:32:44.481 [Forwarding isElementDisplayed on session ed24354d64eaadc2ac51167a3aa116a0 to remote] DEBUG org.asynchttpclient.netty.request.NettyRequestSender - Using pooled Channel '[id: 0xcf9c9f14, L:/127.0.0.1:58377 - R:localhost/127.0.0.1:8403]' for 'POST' to 'http://localhost:8403/session/ed24354d64eaadc2ac51167a3aa116a0/execute/sync'
01:32:44.481 [Forwarding isElementDisplayed on session ed24354d64eaadc2ac51167a3aa116a0 to remote] DEBUG org.asynchttpclient.netty.request.NettyRequestSender - Using open Channel [id: 0xcf9c9f14, L:/127.0.0.1:58377 - R:localhost/127.0.0.1:8403] for POST '/session/ed24354d64eaadc2ac51167a3aa116a0/execute/sync'
01:32:44.496 [AsyncHttpClient-1-16] DEBUG org.asynchttpclient.netty.handler.HttpHandler - 

Request DefaultHttpRequest(decodeResult: success, version: HTTP/1.1)
POST /session/ed24354d64eaadc2ac51167a3aa116a0/execute/sync HTTP/1.1
User-Agent: selenium/4.8.1 (java windows)
Content-Length: 48807
Content-Type: application/json; charset=utf-8
host: localhost:8403
accept: */*

Response DefaultHttpResponse(decodeResult: success, version: HTTP/1.1)
HTTP/1.1 200 OK
Content-Length: 14
Content-Type: application/json; charset=utf-8
cache-control: no-cache

01:32:44.496 [AsyncHttpClient-1-16] DEBUG org.asynchttpclient.netty.channel.ChannelManager - Adding key: http://localhost:8403 for channel [id: 0xcf9c9f14, L:/127.0.0.1:58377 - R:localhost/127.0.0.1:8403]
01:32:44.501 [Forwarding getAlertText on session ed24354d64eaadc2ac51167a3aa116a0 to remote] DEBUG org.asynchttpclient.netty.request.NettyRequestSender - Using pooled Channel '[id: 0xcf9c9f14, L:/127.0.0.1:58377 - R:localhost/127.0.0.1:8403]' for 'GET' to 'http://localhost:8403/session/ed24354d64eaadc2ac51167a3aa116a0/alert/text'
01:32:44.501 [Forwarding getAlertText on session ed24354d64eaadc2ac51167a3aa116a0 to remote] DEBUG org.asynchttpclient.netty.request.NettyRequestSender - Using open Channel [id: 0xcf9c9f14, L:/127.0.0.1:58377 - R:localhost/127.0.0.1:8403] for GET '/session/ed24354d64eaadc2ac51167a3aa116a0/alert/text'
01:32:44.503 [AsyncHttpClient-1-16] DEBUG org.asynchttpclient.netty.handler.HttpHandler - 

Request DefaultFullHttpRequest(decodeResult: success, version: HTTP/1.1, content: EmptyByteBufBE)
GET /session/ed24354d64eaadc2ac51167a3aa116a0/alert/text HTTP/1.1
User-Agent: selenium/4.8.1 (java windows)
Cache-Control: no-cache
Content-Type: application/json; charset=utf-8
host: localhost:8403
accept: */*

Response DefaultHttpResponse(decodeResult: success, version: HTTP/1.1)
HTTP/1.1 404 Not Found
Content-Length: 816
Content-Type: application/json; charset=utf-8
cache-control: no-cache

01:32:44.503 [AsyncHttpClient-1-16] DEBUG org.asynchttpclient.netty.channel.ChannelManager - Adding key: http://localhost:8403 for channel [id: 0xcf9c9f14, L:/127.0.0.1:58377 - R:localhost/127.0.0.1:8403]
01:32:44.504 [Forwarding getCurrentUrl on session ed24354d64eaadc2ac51167a3aa116a0 to remote] DEBUG org.asynchttpclient.netty.request.NettyRequestSender - Using pooled Channel '[id: 0xcf9c9f14, L:/127.0.0.1:58377 - R:localhost/127.0.0.1:8403]' for 'GET' to 'http://localhost:8403/session/ed24354d64eaadc2ac51167a3aa116a0/url'
01:32:44.504 [Forwarding getCurrentUrl on session ed24354d64eaadc2ac51167a3aa116a0 to remote] DEBUG org.asynchttpclient.netty.request.NettyRequestSender - Using open Channel [id: 0xcf9c9f14, L:/127.0.0.1:58377 - R:localhost/127.0.0.1:8403] for GET '/session/ed24354d64eaadc2ac51167a3aa116a0/url'
01:32:44.509 [AsyncHttpClient-1-16] DEBUG org.asynchttpclient.netty.handler.HttpHandler - 

Request DefaultFullHttpRequest(decodeResult: success, version: HTTP/1.1, content: EmptyByteBufBE)
GET /session/ed24354d64eaadc2ac51167a3aa116a0/url HTTP/1.1
User-Agent: selenium/4.8.1 (java windows)
Cache-Control: no-cache
Content-Type: application/json; charset=utf-8
host: localhost:8403
accept: */*

Response DefaultHttpResponse(decodeResult: success, version: HTTP/1.1)
HTTP/1.1 200 OK
Content-Length: 51
Content-Type: application/json; charset=utf-8
cache-control: no-cache

01:32:44.509 [AsyncHttpClient-1-16] DEBUG org.asynchttpclient.netty.channel.ChannelManager - Adding key: http://localhost:8403 for channel [id: 0xcf9c9f14, L:/127.0.0.1:58377 - R:localhost/127.0.0.1:8403]
01:32:44.509 [Forwarding screenshot on session ed24354d64eaadc2ac51167a3aa116a0 to remote] DEBUG org.asynchttpclient.netty.request.NettyRequestSender - Using pooled Channel '[id: 0xcf9c9f14, L:/127.0.0.1:58377 - R:localhost/127.0.0.1:8403]' for 'GET' to 'http://localhost:8403/session/ed24354d64eaadc2ac51167a3aa116a0/screenshot'
01:32:44.510 [Forwarding screenshot on session ed24354d64eaadc2ac51167a3aa116a0 to remote] DEBUG org.asynchttpclient.netty.request.NettyRequestSender - Using open Channel [id: 0xcf9c9f14, L:/127.0.0.1:58377 - R:localhost/127.0.0.1:8403] for GET '/session/ed24354d64eaadc2ac51167a3aa116a0/screenshot'
01:32:44.630 [AsyncHttpClient-1-16] DEBUG org.asynchttpclient.netty.handler.HttpHandler - 

Request DefaultFullHttpRequest(decodeResult: success, version: HTTP/1.1, content: EmptyByteBufBE)
GET /session/ed24354d64eaadc2ac51167a3aa116a0/screenshot HTTP/1.1
User-Agent: selenium/4.8.1 (java windows)
Cache-Control: no-cache
Content-Type: application/json; charset=utf-8
host: localhost:8403
accept: */*

Response DefaultHttpResponse(decodeResult: success, version: HTTP/1.1)
HTTP/1.1 200 OK
Content-Length: 37680
Content-Type: application/json; charset=utf-8
cache-control: no-cache

01:32:44.630 [AsyncHttpClient-1-16] DEBUG org.asynchttpclient.netty.channel.ChannelManager - Adding key: http://localhost:8403 for channel [id: 0xcf9c9f14, L:/127.0.0.1:58377 - R:localhost/127.0.0.1:8403]
01:32:44.632 [main] DEBUG net.serenitybdd.core.photography.Darkroom - Send negative for processing for target\site\serenity\617ccc73021c4cab9dfa54c5aa3482f15135817f8e58f0514fd8d62047c1a9ab.png
01:32:44.632 [main] DEBUG net.thucydides.core.steps.StepInterceptor - STEP DONE: validateOnTheLoginPage
  &amp#27;[32mGiven &amp#27;[0m&amp#27;[32mI am on the login page&amp#27;[0m                                  &amp#27;[90m# starter.stepdefinitions.LoginSteps.onTheLoginPage()&amp#27;[0m
01:32:44.640 [Forwarding getPageSource on session ed24354d64eaadc2ac51167a3aa116a0 to remote] DEBUG org.asynchttpclient.netty.request.NettyRequestSender - Using pooled Channel '[id: 0xcf9c9f14, L:/127.0.0.1:58377 - R:localhost/127.0.0.1:8403]' for 'POST' to 'http://localhost:8403/session/ed24354d64eaadc2ac51167a3aa116a0/execute/sync'
01:32:44.640 [Forwarding getPageSource on session ed24354d64eaadc2ac51167a3aa116a0 to remote] DEBUG org.asynchttpclient.netty.request.NettyRequestSender - Using open Channel [id: 0xcf9c9f14, L:/127.0.0.1:58377 - R:localhost/127.0.0.1:8403] for POST '/session/ed24354d64eaadc2ac51167a3aa116a0/execute/sync'
01:32:44.646 [AsyncHttpClient-1-16] DEBUG org.asynchttpclient.netty.handler.HttpHandler - 

Request DefaultHttpRequest(decodeResult: success, version: HTTP/1.1)
POST /session/ed24354d64eaadc2ac51167a3aa116a0/execute/sync HTTP/1.1
User-Agent: selenium/4.8.1 (java windows)
Content-Length: 176
Content-Type: application/json; charset=utf-8
host: localhost:8403
accept: */*

Response DefaultHttpResponse(decodeResult: success, version: HTTP/1.1)
HTTP/1.1 200 OK
Content-Length: 21659
Content-Type: application/json; charset=utf-8
cache-control: no-cache

01:32:44.646 [AsyncHttpClient-1-16] DEBUG org.asynchttpclient.netty.channel.ChannelManager - Adding key: http://localhost:8403 for channel [id: 0xcf9c9f14, L:/127.0.0.1:58377 - R:localhost/127.0.0.1:8403]
01:32:44.648 [Forwarding getCurrentUrl on session ed24354d64eaadc2ac51167a3aa116a0 to remote] DEBUG org.asynchttpclient.netty.request.NettyRequestSender - Using pooled Channel '[id: 0xcf9c9f14, L:/127.0.0.1:58377 - R:localhost/127.0.0.1:8403]' for 'GET' to 'http://localhost:8403/session/ed24354d64eaadc2ac51167a3aa116a0/url'
01:32:44.648 [Forwarding getCurrentUrl on session ed24354d64eaadc2ac51167a3aa116a0 to remote] DEBUG org.asynchttpclient.netty.request.NettyRequestSender - Using open Channel [id: 0xcf9c9f14, L:/127.0.0.1:58377 - R:localhost/127.0.0.1:8403] for GET '/session/ed24354d64eaadc2ac51167a3aa116a0/url'
01:32:44.652 [AsyncHttpClient-1-16] DEBUG org.asynchttpclient.netty.handler.HttpHandler - 

Request DefaultFullHttpRequest(decodeResult: success, version: HTTP/1.1, content: EmptyByteBufBE)
GET /session/ed24354d64eaadc2ac51167a3aa116a0/url HTTP/1.1
User-Agent: selenium/4.8.1 (java windows)
Cache-Control: no-cache
Content-Type: application/json; charset=utf-8
host: localhost:8403
accept: */*

Response DefaultHttpResponse(decodeResult: success, version: HTTP/1.1)
HTTP/1.1 200 OK
Content-Length: 51
Content-Type: application/json; charset=utf-8
cache-control: no-cache

01:32:44.652 [AsyncHttpClient-1-16] DEBUG org.asynchttpclient.netty.channel.ChannelManager - Adding key: http://localhost:8403 for channel [id: 0xcf9c9f14, L:/127.0.0.1:58377 - R:localhost/127.0.0.1:8403]
01:32:44.659 [Forwarding getPageSource on session ed24354d64eaadc2ac51167a3aa116a0 to remote] DEBUG org.asynchttpclient.netty.request.NettyRequestSender - Using pooled Channel '[id: 0xcf9c9f14, L:/127.0.0.1:58377 - R:localhost/127.0.0.1:8403]' for 'POST' to 'http://localhost:8403/session/ed24354d64eaadc2ac51167a3aa116a0/execute/sync'
01:32:44.660 [Forwarding getPageSource on session ed24354d64eaadc2ac51167a3aa116a0 to remote] DEBUG org.asynchttpclient.netty.request.NettyRequestSender - Using open Channel [id: 0xcf9c9f14, L:/127.0.0.1:58377 - R:localhost/127.0.0.1:8403] for POST '/session/ed24354d64eaadc2ac51167a3aa116a0/execute/sync'
01:32:44.664 [AsyncHttpClient-1-16] DEBUG org.asynchttpclient.netty.handler.HttpHandler - 

Request DefaultHttpRequest(decodeResult: success, version: HTTP/1.1)
POST /session/ed24354d64eaadc2ac51167a3aa116a0/execute/sync HTTP/1.1
User-Agent: selenium/4.8.1 (java windows)
Content-Length: 176
Content-Type: application/json; charset=utf-8
host: localhost:8403
accept: */*

Response DefaultHttpResponse(decodeResult: success, version: HTTP/1.1)
HTTP/1.1 200 OK
Content-Length: 21659
Content-Type: application/json; charset=utf-8
cache-control: no-cache

01:32:44.664 [AsyncHttpClient-1-16] DEBUG org.asynchttpclient.netty.channel.ChannelManager - Adding key: http://localhost:8403 for channel [id: 0xcf9c9f14, L:/127.0.0.1:58377 - R:localhost/127.0.0.1:8403]
01:32:44.667 [Forwarding getCurrentUrl on session ed24354d64eaadc2ac51167a3aa116a0 to remote] DEBUG org.asynchttpclient.netty.request.NettyRequestSender - Using pooled Channel '[id: 0xcf9c9f14, L:/127.0.0.1:58377 - R:localhost/127.0.0.1:8403]' for 'GET' to 'http://localhost:8403/session/ed24354d64eaadc2ac51167a3aa116a0/url'
01:32:44.667 [Forwarding getCurrentUrl on session ed24354d64eaadc2ac51167a3aa116a0 to remote] DEBUG org.asynchttpclient.netty.request.NettyRequestSender - Using open Channel [id: 0xcf9c9f14, L:/127.0.0.1:58377 - R:localhost/127.0.0.1:8403] for GET '/session/ed24354d64eaadc2ac51167a3aa116a0/url'
01:32:44.671 [AsyncHttpClient-1-16] DEBUG org.asynchttpclient.netty.handler.HttpHandler - 

Request DefaultFullHttpRequest(decodeResult: success, version: HTTP/1.1, content: EmptyByteBufBE)
GET /session/ed24354d64eaadc2ac51167a3aa116a0/url HTTP/1.1
User-Agent: selenium/4.8.1 (java windows)
Cache-Control: no-cache
Content-Type: application/json; charset=utf-8
host: localhost:8403
accept: */*

Response DefaultHttpResponse(decodeResult: success, version: HTTP/1.1)
HTTP/1.1 200 OK
Content-Length: 51
Content-Type: application/json; charset=utf-8
cache-control: no-cache

01:32:44.671 [AsyncHttpClient-1-16] DEBUG org.asynchttpclient.netty.channel.ChannelManager - Adding key: http://localhost:8403 for channel [id: 0xcf9c9f14, L:/127.0.0.1:58377 - R:localhost/127.0.0.1:8403]
01:32:44.673 [main] DEBUG net.thucydides.core.steps.StepInterceptor - STARTING STEP: LoginSteps.enterValidUsername - inputUsername
01:32:44.676 [Forwarding findElement on session ed24354d64eaadc2ac51167a3aa116a0 to remote] DEBUG org.asynchttpclient.netty.request.NettyRequestSender - Using pooled Channel '[id: 0xcf9c9f14, L:/127.0.0.1:58377 - R:localhost/127.0.0.1:8403]' for 'POST' to 'http://localhost:8403/session/ed24354d64eaadc2ac51167a3aa116a0/element'
01:32:44.676 [Forwarding findElement on session ed24354d64eaadc2ac51167a3aa116a0 to remote] DEBUG org.asynchttpclient.netty.request.NettyRequestSender - Using open Channel [id: 0xcf9c9f14, L:/127.0.0.1:58377 - R:localhost/127.0.0.1:8403] for POST '/session/ed24354d64eaadc2ac51167a3aa116a0/element'
01:32:44.692 [AsyncHttpClient-1-16] DEBUG org.asynchttpclient.netty.handler.HttpHandler - 

Request DefaultHttpRequest(decodeResult: success, version: HTTP/1.1)
POST /session/ed24354d64eaadc2ac51167a3aa116a0/element HTTP/1.1
User-Agent: selenium/4.8.1 (java windows)
Content-Length: 68
Content-Type: application/json; charset=utf-8
host: localhost:8403
accept: */*

Response DefaultHttpResponse(decodeResult: success, version: HTTP/1.1)
HTTP/1.1 200 OK
Content-Length: 88
Content-Type: application/json; charset=utf-8
cache-control: no-cache

01:32:44.692 [AsyncHttpClient-1-16] DEBUG org.asynchttpclient.netty.channel.ChannelManager - Adding key: http://localhost:8403 for channel [id: 0xcf9c9f14, L:/127.0.0.1:58377 - R:localhost/127.0.0.1:8403]
01:32:44.693 [Forwarding clearElement on session ed24354d64eaadc2ac51167a3aa116a0 to remote] DEBUG org.asynchttpclient.netty.request.NettyRequestSender - Using pooled Channel '[id: 0xcf9c9f14, L:/127.0.0.1:58377 - R:localhost/127.0.0.1:8403]' for 'POST' to 'http://localhost:8403/session/ed24354d64eaadc2ac51167a3aa116a0/element/d2fa2e55-9281-4320-a953-9a1d3f4c7ccd/clear'
01:32:44.693 [Forwarding clearElement on session ed24354d64eaadc2ac51167a3aa116a0 to remote] DEBUG org.asynchttpclient.netty.request.NettyRequestSender - Using open Channel [id: 0xcf9c9f14, L:/127.0.0.1:58377 - R:localhost/127.0.0.1:8403] for POST '/session/ed24354d64eaadc2ac51167a3aa116a0/element/d2fa2e55-9281-4320-a953-9a1d3f4c7ccd/clear'
01:32:44.732 [AsyncHttpClient-1-16] DEBUG org.asynchttpclient.netty.handler.HttpHandler - 

Request DefaultHttpRequest(decodeResult: success, version: HTTP/1.1)
POST /session/ed24354d64eaadc2ac51167a3aa116a0/element/d2fa2e55-9281-4320-a953-9a1d3f4c7ccd/clear HTTP/1.1
User-Agent: selenium/4.8.1 (java windows)
Content-Length: 50
Content-Type: application/json; charset=utf-8
host: localhost:8403
accept: */*

Response DefaultHttpResponse(decodeResult: success, version: HTTP/1.1)
HTTP/1.1 200 OK
Content-Length: 14
Content-Type: application/json; charset=utf-8
cache-control: no-cache

01:32:44.732 [AsyncHttpClient-1-16] DEBUG org.asynchttpclient.netty.channel.ChannelManager - Adding key: http://localhost:8403 for channel [id: 0xcf9c9f14, L:/127.0.0.1:58377 - R:localhost/127.0.0.1:8403]
01:32:44.733 [Forwarding sendKeysToElement on session ed24354d64eaadc2ac51167a3aa116a0 to remote] DEBUG org.asynchttpclient.netty.request.NettyRequestSender - Using pooled Channel '[id: 0xcf9c9f14, L:/127.0.0.1:58377 - R:localhost/127.0.0.1:8403]' for 'POST' to 'http://localhost:8403/session/ed24354d64eaadc2ac51167a3aa116a0/element/d2fa2e55-9281-4320-a953-9a1d3f4c7ccd/value'
01:32:44.734 [Forwarding sendKeysToElement on session ed24354d64eaadc2ac51167a3aa116a0 to remote] DEBUG org.asynchttpclient.netty.request.NettyRequestSender - Using open Channel [id: 0xcf9c9f14, L:/127.0.0.1:58377 - R:localhost/127.0.0.1:8403] for POST '/session/ed24354d64eaadc2ac51167a3aa116a0/element/d2fa2e55-9281-4320-a953-9a1d3f4c7ccd/value'
01:32:44.870 [AsyncHttpClient-1-16] DEBUG org.asynchttpclient.netty.handler.HttpHandler - 

Request DefaultHttpRequest(decodeResult: success, version: HTTP/1.1)
POST /session/ed24354d64eaadc2ac51167a3aa116a0/element/d2fa2e55-9281-4320-a953-9a1d3f4c7ccd/value HTTP/1.1
User-Agent: selenium/4.8.1 (java windows)
Content-Length: 271
Content-Type: application/json; charset=utf-8
host: localhost:8403
accept: */*

Response DefaultHttpResponse(decodeResult: success, version: HTTP/1.1)
HTTP/1.1 200 OK
Content-Length: 14
Content-Type: application/json; charset=utf-8
cache-control: no-cache

01:32:44.870 [AsyncHttpClient-1-16] DEBUG org.asynchttpclient.netty.channel.ChannelManager - Adding key: http://localhost:8403 for channel [id: 0xcf9c9f14, L:/127.0.0.1:58377 - R:localhost/127.0.0.1:8403]
01:32:44.876 [Forwarding getAlertText on session ed24354d64eaadc2ac51167a3aa116a0 to remote] DEBUG org.asynchttpclient.netty.request.NettyRequestSender - Using pooled Channel '[id: 0xcf9c9f14, L:/127.0.0.1:58377 - R:localhost/127.0.0.1:8403]' for 'GET' to 'http://localhost:8403/session/ed24354d64eaadc2ac51167a3aa116a0/alert/text'
01:32:44.876 [Forwarding getAlertText on session ed24354d64eaadc2ac51167a3aa116a0 to remote] DEBUG org.asynchttpclient.netty.request.NettyRequestSender - Using open Channel [id: 0xcf9c9f14, L:/127.0.0.1:58377 - R:localhost/127.0.0.1:8403] for GET '/session/ed24354d64eaadc2ac51167a3aa116a0/alert/text'
01:32:44.878 [AsyncHttpClient-1-16] DEBUG org.asynchttpclient.netty.handler.HttpHandler - 

Request DefaultFullHttpRequest(decodeResult: success, version: HTTP/1.1, content: EmptyByteBufBE)
GET /session/ed24354d64eaadc2ac51167a3aa116a0/alert/text HTTP/1.1
User-Agent: selenium/4.8.1 (java windows)
Cache-Control: no-cache
Content-Type: application/json; charset=utf-8
host: localhost:8403
accept: */*

Response DefaultHttpResponse(decodeResult: success, version: HTTP/1.1)
HTTP/1.1 404 Not Found
Content-Length: 816
Content-Type: application/json; charset=utf-8
cache-control: no-cache

01:32:44.879 [AsyncHttpClient-1-16] DEBUG org.asynchttpclient.netty.channel.ChannelManager - Adding key: http://localhost:8403 for channel [id: 0xcf9c9f14, L:/127.0.0.1:58377 - R:localhost/127.0.0.1:8403]
01:32:44.879 [Forwarding getCurrentUrl on session ed24354d64eaadc2ac51167a3aa116a0 to remote] DEBUG org.asynchttpclient.netty.request.NettyRequestSender - Using pooled Channel '[id: 0xcf9c9f14, L:/127.0.0.1:58377 - R:localhost/127.0.0.1:8403]' for 'GET' to 'http://localhost:8403/session/ed24354d64eaadc2ac51167a3aa116a0/url'
01:32:44.879 [Forwarding getCurrentUrl on session ed24354d64eaadc2ac51167a3aa116a0 to remote] DEBUG org.asynchttpclient.netty.request.NettyRequestSender - Using open Channel [id: 0xcf9c9f14, L:/127.0.0.1:58377 - R:localhost/127.0.0.1:8403] for GET '/session/ed24354d64eaadc2ac51167a3aa116a0/url'
01:32:44.885 [AsyncHttpClient-1-16] DEBUG org.asynchttpclient.netty.handler.HttpHandler - 

Request DefaultFullHttpRequest(decodeResult: success, version: HTTP/1.1, content: EmptyByteBufBE)
GET /session/ed24354d64eaadc2ac51167a3aa116a0/url HTTP/1.1
User-Agent: selenium/4.8.1 (java windows)
Cache-Control: no-cache
Content-Type: application/json; charset=utf-8
host: localhost:8403
accept: */*

Response DefaultHttpResponse(decodeResult: success, version: HTTP/1.1)
HTTP/1.1 200 OK
Content-Length: 51
Content-Type: application/json; charset=utf-8
cache-control: no-cache

01:32:44.885 [AsyncHttpClient-1-16] DEBUG org.asynchttpclient.netty.channel.ChannelManager - Adding key: http://localhost:8403 for channel [id: 0xcf9c9f14, L:/127.0.0.1:58377 - R:localhost/127.0.0.1:8403]
01:32:44.885 [Forwarding screenshot on session ed24354d64eaadc2ac51167a3aa116a0 to remote] DEBUG org.asynchttpclient.netty.request.NettyRequestSender - Using pooled Channel '[id: 0xcf9c9f14, L:/127.0.0.1:58377 - R:localhost/127.0.0.1:8403]' for 'GET' to 'http://localhost:8403/session/ed24354d64eaadc2ac51167a3aa116a0/screenshot'
01:32:44.886 [Forwarding screenshot on session ed24354d64eaadc2ac51167a3aa116a0 to remote] DEBUG org.asynchttpclient.netty.request.NettyRequestSender - Using open Channel [id: 0xcf9c9f14, L:/127.0.0.1:58377 - R:localhost/127.0.0.1:8403] for GET '/session/ed24354d64eaadc2ac51167a3aa116a0/screenshot'
01:32:45.045 [AsyncHttpClient-1-16] DEBUG org.asynchttpclient.netty.handler.HttpHandler - 

Request DefaultFullHttpRequest(decodeResult: success, version: HTTP/1.1, content: EmptyByteBufBE)
GET /session/ed24354d64eaadc2ac51167a3aa116a0/screenshot HTTP/1.1
User-Agent: selenium/4.8.1 (java windows)
Cache-Control: no-cache
Content-Type: application/json; charset=utf-8
host: localhost:8403
accept: */*

Response DefaultHttpResponse(decodeResult: success, version: HTTP/1.1)
HTTP/1.1 200 OK
Content-Length: 45876
Content-Type: application/json; charset=utf-8
cache-control: no-cache

01:32:45.045 [AsyncHttpClient-1-16] DEBUG org.asynchttpclient.netty.channel.ChannelManager - Adding key: http://localhost:8403 for channel [id: 0xcf9c9f14, L:/127.0.0.1:58377 - R:localhost/127.0.0.1:8403]
01:32:45.048 [main] DEBUG net.serenitybdd.core.photography.Darkroom - Send negative for processing for target\site\serenity\e0edb89093a6db48a9f0386bbc8d8d96a308ac37ce4b6034bfb1cce682cd54ca.png
01:32:45.049 [main] DEBUG net.thucydides.core.steps.StepInterceptor - STEP DONE: inputUsername
01:32:45.049 [Darkroom Processing Line] DEBUG net.serenitybdd.core.photography.DarkroomProcessingLine - Processing screenshot image in /var/screenshots/screenshot-4631160153997935991
01:32:45.049 [Darkroom Processing Line] DEBUG net.serenitybdd.core.photography.DarkroomProcessingLine - Saving screenshot to target\site\serenity\e0edb89093a6db48a9f0386bbc8d8d96a308ac37ce4b6034bfb1cce682cd54ca.png
  &amp#27;[32mWhen &amp#27;[0m&amp#27;[32mI enter valid email&amp#27;[0m                                      &amp#27;[90m# starter.stepdefinitions.LoginSteps.enterValidUsername()&amp#27;[0m
01:32:45.058 [Forwarding getPageSource on session ed24354d64eaadc2ac51167a3aa116a0 to remote] DEBUG org.asynchttpclient.netty.request.NettyRequestSender - Using pooled Channel '[id: 0xcf9c9f14, L:/127.0.0.1:58377 - R:localhost/127.0.0.1:8403]' for 'POST' to 'http://localhost:8403/session/ed24354d64eaadc2ac51167a3aa116a0/execute/sync'
01:32:45.058 [Forwarding getPageSource on session ed24354d64eaadc2ac51167a3aa116a0 to remote] DEBUG org.asynchttpclient.netty.request.NettyRequestSender - Using open Channel [id: 0xcf9c9f14, L:/127.0.0.1:58377 - R:localhost/127.0.0.1:8403] for POST '/session/ed24354d64eaadc2ac51167a3aa116a0/execute/sync'
01:32:45.064 [AsyncHttpClient-1-16] DEBUG org.asynchttpclient.netty.handler.HttpHandler - 

Request DefaultHttpRequest(decodeResult: success, version: HTTP/1.1)
POST /session/ed24354d64eaadc2ac51167a3aa116a0/execute/sync HTTP/1.1
User-Agent: selenium/4.8.1 (java windows)
Content-Length: 176
Content-Type: application/json; charset=utf-8
host: localhost:8403
accept: */*

Response DefaultHttpResponse(decodeResult: success, version: HTTP/1.1)
HTTP/1.1 200 OK
Content-Length: 21780
Content-Type: application/json; charset=utf-8
cache-control: no-cache

01:32:45.064 [AsyncHttpClient-1-16] DEBUG org.asynchttpclient.netty.channel.ChannelManager - Adding key: http://localhost:8403 for channel [id: 0xcf9c9f14, L:/127.0.0.1:58377 - R:localhost/127.0.0.1:8403]
01:32:45.068 [Forwarding getCurrentUrl on session ed24354d64eaadc2ac51167a3aa116a0 to remote] DEBUG org.asynchttpclient.netty.request.NettyRequestSender - Using pooled Channel '[id: 0xcf9c9f14, L:/127.0.0.1:58377 - R:localhost/127.0.0.1:8403]' for 'GET' to 'http://localhost:8403/session/ed24354d64eaadc2ac51167a3aa116a0/url'
01:32:45.068 [Forwarding getCurrentUrl on session ed24354d64eaadc2ac51167a3aa116a0 to remote] DEBUG org.asynchttpclient.netty.request.NettyRequestSender - Using open Channel [id: 0xcf9c9f14, L:/127.0.0.1:58377 - R:localhost/127.0.0.1:8403] for GET '/session/ed24354d64eaadc2ac51167a3aa116a0/url'
01:32:45.072 [AsyncHttpClient-1-16] DEBUG org.asynchttpclient.netty.handler.HttpHandler - 

Request DefaultFullHttpRequest(decodeResult: success, version: HTTP/1.1, content: EmptyByteBufBE)
GET /session/ed24354d64eaadc2ac51167a3aa116a0/url HTTP/1.1
User-Agent: selenium/4.8.1 (java windows)
Cache-Control: no-cache
Content-Type: application/json; charset=utf-8
host: localhost:8403
accept: */*

Response DefaultHttpResponse(decodeResult: success, version: HTTP/1.1)
HTTP/1.1 200 OK
Content-Length: 51
Content-Type: application/json; charset=utf-8
cache-control: no-cache

01:32:45.072 [AsyncHttpClient-1-16] DEBUG org.asynchttpclient.netty.channel.ChannelManager - Adding key: http://localhost:8403 for channel [id: 0xcf9c9f14, L:/127.0.0.1:58377 - R:localhost/127.0.0.1:8403]
01:32:45.083 [Forwarding getPageSource on session ed24354d64eaadc2ac51167a3aa116a0 to remote] DEBUG org.asynchttpclient.netty.request.NettyRequestSender - Using pooled Channel '[id: 0xcf9c9f14, L:/127.0.0.1:58377 - R:localhost/127.0.0.1:8403]' for 'POST' to 'http://localhost:8403/session/ed24354d64eaadc2ac51167a3aa116a0/execute/sync'
01:32:45.083 [Forwarding getPageSource on session ed24354d64eaadc2ac51167a3aa116a0 to remote] DEBUG org.asynchttpclient.netty.request.NettyRequestSender - Using open Channel [id: 0xcf9c9f14, L:/127.0.0.1:58377 - R:localhost/127.0.0.1:8403] for POST '/session/ed24354d64eaadc2ac51167a3aa116a0/execute/sync'
01:32:45.089 [AsyncHttpClient-1-16] DEBUG org.asynchttpclient.netty.handler.HttpHandler - 

Request DefaultHttpRequest(decodeResult: success, version: HTTP/1.1)
POST /session/ed24354d64eaadc2ac51167a3aa116a0/execute/sync HTTP/1.1
User-Agent: selenium/4.8.1 (java windows)
Content-Length: 176
Content-Type: application/json; charset=utf-8
host: localhost:8403
accept: */*

Response DefaultHttpResponse(decodeResult: success, version: HTTP/1.1)
HTTP/1.1 200 OK
Content-Length: 21780
Content-Type: application/json; charset=utf-8
cache-control: no-cache

01:32:45.089 [AsyncHttpClient-1-16] DEBUG org.asynchttpclient.netty.channel.ChannelManager - Adding key: http://localhost:8403 for channel [id: 0xcf9c9f14, L:/127.0.0.1:58377 - R:localhost/127.0.0.1:8403]
01:32:45.093 [Forwarding getCurrentUrl on session ed24354d64eaadc2ac51167a3aa116a0 to remote] DEBUG org.asynchttpclient.netty.request.NettyRequestSender - Using pooled Channel '[id: 0xcf9c9f14, L:/127.0.0.1:58377 - R:localhost/127.0.0.1:8403]' for 'GET' to 'http://localhost:8403/session/ed24354d64eaadc2ac51167a3aa116a0/url'
01:32:45.093 [Forwarding getCurrentUrl on session ed24354d64eaadc2ac51167a3aa116a0 to remote] DEBUG org.asynchttpclient.netty.request.NettyRequestSender - Using open Channel [id: 0xcf9c9f14, L:/127.0.0.1:58377 - R:localhost/127.0.0.1:8403] for GET '/session/ed24354d64eaadc2ac51167a3aa116a0/url'
01:32:45.097 [AsyncHttpClient-1-16] DEBUG org.asynchttpclient.netty.handler.HttpHandler - 

Request DefaultFullHttpRequest(decodeResult: success, version: HTTP/1.1, content: EmptyByteBufBE)
GET /session/ed24354d64eaadc2ac51167a3aa116a0/url HTTP/1.1
User-Agent: selenium/4.8.1 (java windows)
Cache-Control: no-cache
Content-Type: application/json; charset=utf-8
host: localhost:8403
accept: */*

Response DefaultHttpResponse(decodeResult: success, version: HTTP/1.1)
HTTP/1.1 200 OK
Content-Length: 51
Content-Type: application/json; charset=utf-8
cache-control: no-cache

01:32:45.097 [AsyncHttpClient-1-16] DEBUG org.asynchttpclient.netty.channel.ChannelManager - Adding key: http://localhost:8403 for channel [id: 0xcf9c9f14, L:/127.0.0.1:58377 - R:localhost/127.0.0.1:8403]
01:32:45.100 [main] DEBUG net.thucydides.core.steps.StepInterceptor - STARTING STEP: LoginSteps.enterValidPassword - inputPassword
01:32:45.102 [Forwarding findElement on session ed24354d64eaadc2ac51167a3aa116a0 to remote] DEBUG org.asynchttpclient.netty.request.NettyRequestSender - Using pooled Channel '[id: 0xcf9c9f14, L:/127.0.0.1:58377 - R:localhost/127.0.0.1:8403]' for 'POST' to 'http://localhost:8403/session/ed24354d64eaadc2ac51167a3aa116a0/element'
01:32:45.102 [Forwarding findElement on session ed24354d64eaadc2ac51167a3aa116a0 to remote] DEBUG org.asynchttpclient.netty.request.NettyRequestSender - Using open Channel [id: 0xcf9c9f14, L:/127.0.0.1:58377 - R:localhost/127.0.0.1:8403] for POST '/session/ed24354d64eaadc2ac51167a3aa116a0/element'
01:32:45.116 [AsyncHttpClient-1-16] DEBUG org.asynchttpclient.netty.handler.HttpHandler - 

Request DefaultHttpRequest(decodeResult: success, version: HTTP/1.1)
POST /session/ed24354d64eaadc2ac51167a3aa116a0/element HTTP/1.1
User-Agent: selenium/4.8.1 (java windows)
Content-Length: 68
Content-Type: application/json; charset=utf-8
host: localhost:8403
accept: */*

Response DefaultHttpResponse(decodeResult: success, version: HTTP/1.1)
HTTP/1.1 200 OK
Content-Length: 88
Content-Type: application/json; charset=utf-8
cache-control: no-cache

01:32:45.116 [AsyncHttpClient-1-16] DEBUG org.asynchttpclient.netty.channel.ChannelManager - Adding key: http://localhost:8403 for channel [id: 0xcf9c9f14, L:/127.0.0.1:58377 - R:localhost/127.0.0.1:8403]
01:32:45.118 [Forwarding clearElement on session ed24354d64eaadc2ac51167a3aa116a0 to remote] DEBUG org.asynchttpclient.netty.request.NettyRequestSender - Using pooled Channel '[id: 0xcf9c9f14, L:/127.0.0.1:58377 - R:localhost/127.0.0.1:8403]' for 'POST' to 'http://localhost:8403/session/ed24354d64eaadc2ac51167a3aa116a0/element/5f582068-c0b7-4e55-9775-e9f849d03a34/clear'
01:32:45.118 [Forwarding clearElement on session ed24354d64eaadc2ac51167a3aa116a0 to remote] DEBUG org.asynchttpclient.netty.request.NettyRequestSender - Using open Channel [id: 0xcf9c9f14, L:/127.0.0.1:58377 - R:localhost/127.0.0.1:8403] for POST '/session/ed24354d64eaadc2ac51167a3aa116a0/element/5f582068-c0b7-4e55-9775-e9f849d03a34/clear'
01:32:45.155 [AsyncHttpClient-1-16] DEBUG org.asynchttpclient.netty.handler.HttpHandler - 

Request DefaultHttpRequest(decodeResult: success, version: HTTP/1.1)
POST /session/ed24354d64eaadc2ac51167a3aa116a0/element/5f582068-c0b7-4e55-9775-e9f849d03a34/clear HTTP/1.1
User-Agent: selenium/4.8.1 (java windows)
Content-Length: 50
Content-Type: application/json; charset=utf-8
host: localhost:8403
accept: */*

Response DefaultHttpResponse(decodeResult: success, version: HTTP/1.1)
HTTP/1.1 200 OK
Content-Length: 14
Content-Type: application/json; charset=utf-8
cache-control: no-cache

01:32:45.155 [AsyncHttpClient-1-16] DEBUG org.asynchttpclient.netty.channel.ChannelManager - Adding key: http://localhost:8403 for channel [id: 0xcf9c9f14, L:/127.0.0.1:58377 - R:localhost/127.0.0.1:8403]
01:32:45.156 [Forwarding sendKeysToElement on session ed24354d64eaadc2ac51167a3aa116a0 to remote] DEBUG org.asynchttpclient.netty.request.NettyRequestSender - Using pooled Channel '[id: 0xcf9c9f14, L:/127.0.0.1:58377 - R:localhost/127.0.0.1:8403]' for 'POST' to 'http://localhost:8403/session/ed24354d64eaadc2ac51167a3aa116a0/element/5f582068-c0b7-4e55-9775-e9f849d03a34/value'
01:32:45.156 [Forwarding sendKeysToElement on session ed24354d64eaadc2ac51167a3aa116a0 to remote] DEBUG org.asynchttpclient.netty.request.NettyRequestSender - Using open Channel [id: 0xcf9c9f14, L:/127.0.0.1:58377 - R:localhost/127.0.0.1:8403] for POST '/session/ed24354d64eaadc2ac51167a3aa116a0/element/5f582068-c0b7-4e55-9775-e9f849d03a34/value'
01:32:45.191 [AsyncHttpClient-1-1] DEBUG org.asynchttpclient.netty.channel.DefaultChannelPool - Entry count for : http://localhost:58378 : 1
01:32:45.242 [AsyncHttpClient-1-16] DEBUG org.asynchttpclient.netty.handler.HttpHandler - 

Request DefaultHttpRequest(decodeResult: success, version: HTTP/1.1)
POST /session/ed24354d64eaadc2ac51167a3aa116a0/element/5f582068-c0b7-4e55-9775-e9f849d03a34/value HTTP/1.1
User-Agent: selenium/4.8.1 (java windows)
Content-Length: 171
Content-Type: application/json; charset=utf-8
host: localhost:8403
accept: */*

Response DefaultHttpResponse(decodeResult: success, version: HTTP/1.1)
HTTP/1.1 200 OK
Content-Length: 14
Content-Type: application/json; charset=utf-8
cache-control: no-cache

01:32:45.242 [AsyncHttpClient-1-16] DEBUG org.asynchttpclient.netty.channel.ChannelManager - Adding key: http://localhost:8403 for channel [id: 0xcf9c9f14, L:/127.0.0.1:58377 - R:localhost/127.0.0.1:8403]
01:32:45.249 [Forwarding getAlertText on session ed24354d64eaadc2ac51167a3aa116a0 to remote] DEBUG org.asynchttpclient.netty.request.NettyRequestSender - Using pooled Channel '[id: 0xcf9c9f14, L:/127.0.0.1:58377 - R:localhost/127.0.0.1:8403]' for 'GET' to 'http://localhost:8403/session/ed24354d64eaadc2ac51167a3aa116a0/alert/text'
01:32:45.249 [Forwarding getAlertText on session ed24354d64eaadc2ac51167a3aa116a0 to remote] DEBUG org.asynchttpclient.netty.request.NettyRequestSender - Using open Channel [id: 0xcf9c9f14, L:/127.0.0.1:58377 - R:localhost/127.0.0.1:8403] for GET '/session/ed24354d64eaadc2ac51167a3aa116a0/alert/text'
01:32:45.251 [AsyncHttpClient-1-16] DEBUG org.asynchttpclient.netty.handler.HttpHandler - 

Request DefaultFullHttpRequest(decodeResult: success, version: HTTP/1.1, content: EmptyByteBufBE)
GET /session/ed24354d64eaadc2ac51167a3aa116a0/alert/text HTTP/1.1
User-Agent: selenium/4.8.1 (java windows)
Cache-Control: no-cache
Content-Type: application/json; charset=utf-8
host: localhost:8403
accept: */*

Response DefaultHttpResponse(decodeResult: success, version: HTTP/1.1)
HTTP/1.1 404 Not Found
Content-Length: 816
Content-Type: application/json; charset=utf-8
cache-control: no-cache

01:32:45.251 [AsyncHttpClient-1-16] DEBUG org.asynchttpclient.netty.channel.ChannelManager - Adding key: http://localhost:8403 for channel [id: 0xcf9c9f14, L:/127.0.0.1:58377 - R:localhost/127.0.0.1:8403]
01:32:45.252 [Forwarding getCurrentUrl on session ed24354d64eaadc2ac51167a3aa116a0 to remote] DEBUG org.asynchttpclient.netty.request.NettyRequestSender - Using pooled Channel '[id: 0xcf9c9f14, L:/127.0.0.1:58377 - R:localhost/127.0.0.1:8403]' for 'GET' to 'http://localhost:8403/session/ed24354d64eaadc2ac51167a3aa116a0/url'
01:32:45.252 [Forwarding getCurrentUrl on session ed24354d64eaadc2ac51167a3aa116a0 to remote] DEBUG org.asynchttpclient.netty.request.NettyRequestSender - Using open Channel [id: 0xcf9c9f14, L:/127.0.0.1:58377 - R:localhost/127.0.0.1:8403] for GET '/session/ed24354d64eaadc2ac51167a3aa116a0/url'
01:32:45.256 [AsyncHttpClient-1-16] DEBUG org.asynchttpclient.netty.handler.HttpHandler - 

Request DefaultFullHttpRequest(decodeResult: success, version: HTTP/1.1, content: EmptyByteBufBE)
GET /session/ed24354d64eaadc2ac51167a3aa116a0/url HTTP/1.1
User-Agent: selenium/4.8.1 (java windows)
Cache-Control: no-cache
Content-Type: application/json; charset=utf-8
host: localhost:8403
accept: */*

Response DefaultHttpResponse(decodeResult: success, version: HTTP/1.1)
HTTP/1.1 200 OK
Content-Length: 51
Content-Type: application/json; charset=utf-8
cache-control: no-cache

01:32:45.256 [AsyncHttpClient-1-16] DEBUG org.asynchttpclient.netty.channel.ChannelManager - Adding key: http://localhost:8403 for channel [id: 0xcf9c9f14, L:/127.0.0.1:58377 - R:localhost/127.0.0.1:8403]
01:32:45.257 [Forwarding screenshot on session ed24354d64eaadc2ac51167a3aa116a0 to remote] DEBUG org.asynchttpclient.netty.request.NettyRequestSender - Using pooled Channel '[id: 0xcf9c9f14, L:/127.0.0.1:58377 - R:localhost/127.0.0.1:8403]' for 'GET' to 'http://localhost:8403/session/ed24354d64eaadc2ac51167a3aa116a0/screenshot'
01:32:45.257 [Forwarding screenshot on session ed24354d64eaadc2ac51167a3aa116a0 to remote] DEBUG org.asynchttpclient.netty.request.NettyRequestSender - Using open Channel [id: 0xcf9c9f14, L:/127.0.0.1:58377 - R:localhost/127.0.0.1:8403] for GET '/session/ed24354d64eaadc2ac51167a3aa116a0/screenshot'
01:32:45.404 [AsyncHttpClient-1-16] DEBUG org.asynchttpclient.netty.handler.HttpHandler - 

Request DefaultFullHttpRequest(decodeResult: success, version: HTTP/1.1, content: EmptyByteBufBE)
GET /session/ed24354d64eaadc2ac51167a3aa116a0/screenshot HTTP/1.1
User-Agent: selenium/4.8.1 (java windows)
Cache-Control: no-cache
Content-Type: application/json; charset=utf-8
host: localhost:8403
accept: */*

Response DefaultHttpResponse(decodeResult: success, version: HTTP/1.1)
HTTP/1.1 200 OK
Content-Length: 48680
Content-Type: application/json; charset=utf-8
cache-control: no-cache

01:32:45.405 [AsyncHttpClient-1-16] DEBUG org.asynchttpclient.netty.channel.ChannelManager - Adding key: http://localhost:8403 for channel [id: 0xcf9c9f14, L:/127.0.0.1:58377 - R:localhost/127.0.0.1:8403]
01:32:45.407 [main] DEBUG net.serenitybdd.core.photography.Darkroom - Send negative for processing for target\site\serenity\10d4651e2a5eac8a5aa1da399c05e290be2eb363d3d2ea9b42cb9bfb3c42dc04.png
01:32:45.407 [main] DEBUG net.thucydides.core.steps.StepInterceptor - STEP DONE: inputPassword
  &amp#27;[32mAnd &amp#27;[0m&amp#27;[32mI enter valid password&amp#27;[0m                                    &amp#27;[90m# starter.stepdefinitions.LoginSteps.enterValidPassword()&amp#27;[0m
01:32:45.407 [Darkroom Processing Line] DEBUG net.serenitybdd.core.photography.DarkroomProcessingLine - Processing screenshot image in /var/screenshots/screenshot-893395148255253996
01:32:45.407 [Darkroom Processing Line] DEBUG net.serenitybdd.core.photography.DarkroomProcessingLine - Saving screenshot to target\site\serenity\10d4651e2a5eac8a5aa1da399c05e290be2eb363d3d2ea9b42cb9bfb3c42dc04.png
01:32:45.416 [Forwarding getPageSource on session ed24354d64eaadc2ac51167a3aa116a0 to remote] DEBUG org.asynchttpclient.netty.request.NettyRequestSender - Using pooled Channel '[id: 0xcf9c9f14, L:/127.0.0.1:58377 - R:localhost/127.0.0.1:8403]' for 'POST' to 'http://localhost:8403/session/ed24354d64eaadc2ac51167a3aa116a0/execute/sync'
01:32:45.416 [Forwarding getPageSource on session ed24354d64eaadc2ac51167a3aa116a0 to remote] DEBUG org.asynchttpclient.netty.request.NettyRequestSender - Using open Channel [id: 0xcf9c9f14, L:/127.0.0.1:58377 - R:localhost/127.0.0.1:8403] for POST '/session/ed24354d64eaadc2ac51167a3aa116a0/execute/sync'
01:32:45.422 [AsyncHttpClient-1-16] DEBUG org.asynchttpclient.netty.handler.HttpHandler - 

Request DefaultHttpRequest(decodeResult: success, version: HTTP/1.1)
POST /session/ed24354d64eaadc2ac51167a3aa116a0/execute/sync HTTP/1.1
User-Agent: selenium/4.8.1 (java windows)
Content-Length: 176
Content-Type: application/json; charset=utf-8
host: localhost:8403
accept: */*

Response DefaultHttpResponse(decodeResult: success, version: HTTP/1.1)
HTTP/1.1 200 OK
Content-Length: 21839
Content-Type: application/json; charset=utf-8
cache-control: no-cache

01:32:45.422 [AsyncHttpClient-1-16] DEBUG org.asynchttpclient.netty.channel.ChannelManager - Adding key: http://localhost:8403 for channel [id: 0xcf9c9f14, L:/127.0.0.1:58377 - R:localhost/127.0.0.1:8403]
01:32:45.424 [Forwarding getCurrentUrl on session ed24354d64eaadc2ac51167a3aa116a0 to remote] DEBUG org.asynchttpclient.netty.request.NettyRequestSender - Using pooled Channel '[id: 0xcf9c9f14, L:/127.0.0.1:58377 - R:localhost/127.0.0.1:8403]' for 'GET' to 'http://localhost:8403/session/ed24354d64eaadc2ac51167a3aa116a0/url'
01:32:45.424 [Forwarding getCurrentUrl on session ed24354d64eaadc2ac51167a3aa116a0 to remote] DEBUG org.asynchttpclient.netty.request.NettyRequestSender - Using open Channel [id: 0xcf9c9f14, L:/127.0.0.1:58377 - R:localhost/127.0.0.1:8403] for GET '/session/ed24354d64eaadc2ac51167a3aa116a0/url'
01:32:45.427 [AsyncHttpClient-1-16] DEBUG org.asynchttpclient.netty.handler.HttpHandler - 

Request DefaultFullHttpRequest(decodeResult: success, version: HTTP/1.1, content: EmptyByteBufBE)
GET /session/ed24354d64eaadc2ac51167a3aa116a0/url HTTP/1.1
User-Agent: selenium/4.8.1 (java windows)
Cache-Control: no-cache
Content-Type: application/json; charset=utf-8
host: localhost:8403
accept: */*

Response DefaultHttpResponse(decodeResult: success, version: HTTP/1.1)
HTTP/1.1 200 OK
Content-Length: 51
Content-Type: application/json; charset=utf-8
cache-control: no-cache

01:32:45.427 [AsyncHttpClient-1-16] DEBUG org.asynchttpclient.netty.channel.ChannelManager - Adding key: http://localhost:8403 for channel [id: 0xcf9c9f14, L:/127.0.0.1:58377 - R:localhost/127.0.0.1:8403]
01:32:45.436 [Forwarding getPageSource on session ed24354d64eaadc2ac51167a3aa116a0 to remote] DEBUG org.asynchttpclient.netty.request.NettyRequestSender - Using pooled Channel '[id: 0xcf9c9f14, L:/127.0.0.1:58377 - R:localhost/127.0.0.1:8403]' for 'POST' to 'http://localhost:8403/session/ed24354d64eaadc2ac51167a3aa116a0/execute/sync'
01:32:45.436 [Forwarding getPageSource on session ed24354d64eaadc2ac51167a3aa116a0 to remote] DEBUG org.asynchttpclient.netty.request.NettyRequestSender - Using open Channel [id: 0xcf9c9f14, L:/127.0.0.1:58377 - R:localhost/127.0.0.1:8403] for POST '/session/ed24354d64eaadc2ac51167a3aa116a0/execute/sync'
01:32:45.441 [AsyncHttpClient-1-16] DEBUG org.asynchttpclient.netty.handler.HttpHandler - 

Request DefaultHttpRequest(decodeResult: success, version: HTTP/1.1)
POST /session/ed24354d64eaadc2ac51167a3aa116a0/execute/sync HTTP/1.1
User-Agent: selenium/4.8.1 (java windows)
Content-Length: 176
Content-Type: application/json; charset=utf-8
host: localhost:8403
accept: */*

Response DefaultHttpResponse(decodeResult: success, version: HTTP/1.1)
HTTP/1.1 200 OK
Content-Length: 21839
Content-Type: application/json; charset=utf-8
cache-control: no-cache

01:32:45.441 [AsyncHttpClient-1-16] DEBUG org.asynchttpclient.netty.channel.ChannelManager - Adding key: http://localhost:8403 for channel [id: 0xcf9c9f14, L:/127.0.0.1:58377 - R:localhost/127.0.0.1:8403]
01:32:45.443 [Forwarding getCurrentUrl on session ed24354d64eaadc2ac51167a3aa116a0 to remote] DEBUG org.asynchttpclient.netty.request.NettyRequestSender - Using pooled Channel '[id: 0xcf9c9f14, L:/127.0.0.1:58377 - R:localhost/127.0.0.1:8403]' for 'GET' to 'http://localhost:8403/session/ed24354d64eaadc2ac51167a3aa116a0/url'
01:32:45.443 [Forwarding getCurrentUrl on session ed24354d64eaadc2ac51167a3aa116a0 to remote] DEBUG org.asynchttpclient.netty.request.NettyRequestSender - Using open Channel [id: 0xcf9c9f14, L:/127.0.0.1:58377 - R:localhost/127.0.0.1:8403] for GET '/session/ed24354d64eaadc2ac51167a3aa116a0/url'
01:32:45.447 [AsyncHttpClient-1-16] DEBUG org.asynchttpclient.netty.handler.HttpHandler - 

Request DefaultFullHttpRequest(decodeResult: success, version: HTTP/1.1, content: EmptyByteBufBE)
GET /session/ed24354d64eaadc2ac51167a3aa116a0/url HTTP/1.1
User-Agent: selenium/4.8.1 (java windows)
Cache-Control: no-cache
Content-Type: application/json; charset=utf-8
host: localhost:8403
accept: */*

Response DefaultHttpResponse(decodeResult: success, version: HTTP/1.1)
HTTP/1.1 200 OK
Content-Length: 51
Content-Type: application/json; charset=utf-8
cache-control: no-cache

01:32:45.447 [AsyncHttpClient-1-16] DEBUG org.asynchttpclient.netty.channel.ChannelManager - Adding key: http://localhost:8403 for channel [id: 0xcf9c9f14, L:/127.0.0.1:58377 - R:localhost/127.0.0.1:8403]
01:32:45.448 [main] DEBUG net.thucydides.core.steps.StepInterceptor - STARTING STEP: LoginSteps.clickLoginButton - clickLoginButton
01:32:45.451 [Forwarding findElement on session ed24354d64eaadc2ac51167a3aa116a0 to remote] DEBUG org.asynchttpclient.netty.request.NettyRequestSender - Using pooled Channel '[id: 0xcf9c9f14, L:/127.0.0.1:58377 - R:localhost/127.0.0.1:8403]' for 'POST' to 'http://localhost:8403/session/ed24354d64eaadc2ac51167a3aa116a0/element'
01:32:45.451 [Forwarding findElement on session ed24354d64eaadc2ac51167a3aa116a0 to remote] DEBUG org.asynchttpclient.netty.request.NettyRequestSender - Using open Channel [id: 0xcf9c9f14, L:/127.0.0.1:58377 - R:localhost/127.0.0.1:8403] for POST '/session/ed24354d64eaadc2ac51167a3aa116a0/element'
01:32:45.459 [AsyncHttpClient-1-16] DEBUG org.asynchttpclient.netty.handler.HttpHandler - 

Request DefaultHttpRequest(decodeResult: success, version: HTTP/1.1)
POST /session/ed24354d64eaadc2ac51167a3aa116a0/element HTTP/1.1
User-Agent: selenium/4.8.1 (java windows)
Content-Length: 165
Content-Type: application/json; charset=utf-8
host: localhost:8403
accept: */*

Response DefaultHttpResponse(decodeResult: success, version: HTTP/1.1)
HTTP/1.1 200 OK
Content-Length: 88
Content-Type: application/json; charset=utf-8
cache-control: no-cache

01:32:45.459 [AsyncHttpClient-1-16] DEBUG org.asynchttpclient.netty.channel.ChannelManager - Adding key: http://localhost:8403 for channel [id: 0xcf9c9f14, L:/127.0.0.1:58377 - R:localhost/127.0.0.1:8403]
01:32:45.460 [Forwarding getElementTagName on session ed24354d64eaadc2ac51167a3aa116a0 to remote] DEBUG org.asynchttpclient.netty.request.NettyRequestSender - Using pooled Channel '[id: 0xcf9c9f14, L:/127.0.0.1:58377 - R:localhost/127.0.0.1:8403]' for 'GET' to 'http://localhost:8403/session/ed24354d64eaadc2ac51167a3aa116a0/element/3a1d3669-247e-4b4a-8b21-c00bab3fc47b/name'
01:32:45.460 [Forwarding getElementTagName on session ed24354d64eaadc2ac51167a3aa116a0 to remote] DEBUG org.asynchttpclient.netty.request.NettyRequestSender - Using open Channel [id: 0xcf9c9f14, L:/127.0.0.1:58377 - R:localhost/127.0.0.1:8403] for GET '/session/ed24354d64eaadc2ac51167a3aa116a0/element/3a1d3669-247e-4b4a-8b21-c00bab3fc47b/name'
01:32:45.467 [AsyncHttpClient-1-16] DEBUG org.asynchttpclient.netty.handler.HttpHandler - 

Request DefaultFullHttpRequest(decodeResult: success, version: HTTP/1.1, content: EmptyByteBufBE)
GET /session/ed24354d64eaadc2ac51167a3aa116a0/element/3a1d3669-247e-4b4a-8b21-c00bab3fc47b/name HTTP/1.1
User-Agent: selenium/4.8.1 (java windows)
Cache-Control: no-cache
Content-Type: application/json; charset=utf-8
host: localhost:8403
accept: */*

Response DefaultHttpResponse(decodeResult: success, version: HTTP/1.1)
HTTP/1.1 200 OK
Content-Length: 16
Content-Type: application/json; charset=utf-8
cache-control: no-cache

01:32:45.468 [AsyncHttpClient-1-16] DEBUG org.asynchttpclient.netty.channel.ChannelManager - Adding key: http://localhost:8403 for channel [id: 0xcf9c9f14, L:/127.0.0.1:58377 - R:localhost/127.0.0.1:8403]
01:32:45.469 [Forwarding getElementTagName on session ed24354d64eaadc2ac51167a3aa116a0 to remote] DEBUG org.asynchttpclient.netty.request.NettyRequestSender - Using pooled Channel '[id: 0xcf9c9f14, L:/127.0.0.1:58377 - R:localhost/127.0.0.1:8403]' for 'GET' to 'http://localhost:8403/session/ed24354d64eaadc2ac51167a3aa116a0/element/3a1d3669-247e-4b4a-8b21-c00bab3fc47b/name'
01:32:45.469 [Forwarding getElementTagName on session ed24354d64eaadc2ac51167a3aa116a0 to remote] DEBUG org.asynchttpclient.netty.request.NettyRequestSender - Using open Channel [id: 0xcf9c9f14, L:/127.0.0.1:58377 - R:localhost/127.0.0.1:8403] for GET '/session/ed24354d64eaadc2ac51167a3aa116a0/element/3a1d3669-247e-4b4a-8b21-c00bab3fc47b/name'
01:32:45.472 [AsyncHttpClient-1-16] DEBUG org.asynchttpclient.netty.handler.HttpHandler - 

Request DefaultFullHttpRequest(decodeResult: success, version: HTTP/1.1, content: EmptyByteBufBE)
GET /session/ed24354d64eaadc2ac51167a3aa116a0/element/3a1d3669-247e-4b4a-8b21-c00bab3fc47b/name HTTP/1.1
User-Agent: selenium/4.8.1 (java windows)
Cache-Control: no-cache
Content-Type: application/json; charset=utf-8
host: localhost:8403
accept: */*

Response DefaultHttpResponse(decodeResult: success, version: HTTP/1.1)
HTTP/1.1 200 OK
Content-Length: 16
Content-Type: application/json; charset=utf-8
cache-control: no-cache

01:32:45.472 [AsyncHttpClient-1-16] DEBUG org.asynchttpclient.netty.channel.ChannelManager - Adding key: http://localhost:8403 for channel [id: 0xcf9c9f14, L:/127.0.0.1:58377 - R:localhost/127.0.0.1:8403]
01:32:45.474 [Forwarding findElement on session ed24354d64eaadc2ac51167a3aa116a0 to remote] DEBUG org.asynchttpclient.netty.request.NettyRequestSender - Using pooled Channel '[id: 0xcf9c9f14, L:/127.0.0.1:58377 - R:localhost/127.0.0.1:8403]' for 'POST' to 'http://localhost:8403/session/ed24354d64eaadc2ac51167a3aa116a0/element'
01:32:45.474 [Forwarding findElement on session ed24354d64eaadc2ac51167a3aa116a0 to remote] DEBUG org.asynchttpclient.netty.request.NettyRequestSender - Using open Channel [id: 0xcf9c9f14, L:/127.0.0.1:58377 - R:localhost/127.0.0.1:8403] for POST '/session/ed24354d64eaadc2ac51167a3aa116a0/element'
01:32:45.484 [AsyncHttpClient-1-16] DEBUG org.asynchttpclient.netty.handler.HttpHandler - 

Request DefaultHttpRequest(decodeResult: success, version: HTTP/1.1)
POST /session/ed24354d64eaadc2ac51167a3aa116a0/element HTTP/1.1
User-Agent: selenium/4.8.1 (java windows)
Content-Length: 165
Content-Type: application/json; charset=utf-8
host: localhost:8403
accept: */*

Response DefaultHttpResponse(decodeResult: success, version: HTTP/1.1)
HTTP/1.1 200 OK
Content-Length: 88
Content-Type: application/json; charset=utf-8
cache-control: no-cache

01:32:45.484 [AsyncHttpClient-1-16] DEBUG org.asynchttpclient.netty.channel.ChannelManager - Adding key: http://localhost:8403 for channel [id: 0xcf9c9f14, L:/127.0.0.1:58377 - R:localhost/127.0.0.1:8403]
01:32:45.485 [Forwarding clickElement on session ed24354d64eaadc2ac51167a3aa116a0 to remote] DEBUG org.asynchttpclient.netty.request.NettyRequestSender - Using pooled Channel '[id: 0xcf9c9f14, L:/127.0.0.1:58377 - R:localhost/127.0.0.1:8403]' for 'POST' to 'http://localhost:8403/session/ed24354d64eaadc2ac51167a3aa116a0/element/3a1d3669-247e-4b4a-8b21-c00bab3fc47b/click'
01:32:45.485 [Forwarding clickElement on session ed24354d64eaadc2ac51167a3aa116a0 to remote] DEBUG org.asynchttpclient.netty.request.NettyRequestSender - Using open Channel [id: 0xcf9c9f14, L:/127.0.0.1:58377 - R:localhost/127.0.0.1:8403] for POST '/session/ed24354d64eaadc2ac51167a3aa116a0/element/3a1d3669-247e-4b4a-8b21-c00bab3fc47b/click'
01:32:45.541 [AsyncHttpClient-1-16] DEBUG org.asynchttpclient.netty.handler.HttpHandler - 

Request DefaultHttpRequest(decodeResult: success, version: HTTP/1.1)
POST /session/ed24354d64eaadc2ac51167a3aa116a0/element/3a1d3669-247e-4b4a-8b21-c00bab3fc47b/click HTTP/1.1
User-Agent: selenium/4.8.1 (java windows)
Content-Length: 50
Content-Type: application/json; charset=utf-8
host: localhost:8403
accept: */*

Response DefaultHttpResponse(decodeResult: success, version: HTTP/1.1)
HTTP/1.1 200 OK
Content-Length: 14
Content-Type: application/json; charset=utf-8
cache-control: no-cache

01:32:45.541 [AsyncHttpClient-1-16] DEBUG org.asynchttpclient.netty.channel.ChannelManager - Adding key: http://localhost:8403 for channel [id: 0xcf9c9f14, L:/127.0.0.1:58377 - R:localhost/127.0.0.1:8403]
01:32:45.547 [Forwarding getAlertText on session ed24354d64eaadc2ac51167a3aa116a0 to remote] DEBUG org.asynchttpclient.netty.request.NettyRequestSender - Using pooled Channel '[id: 0xcf9c9f14, L:/127.0.0.1:58377 - R:localhost/127.0.0.1:8403]' for 'GET' to 'http://localhost:8403/session/ed24354d64eaadc2ac51167a3aa116a0/alert/text'
01:32:45.547 [Forwarding getAlertText on session ed24354d64eaadc2ac51167a3aa116a0 to remote] DEBUG org.asynchttpclient.netty.request.NettyRequestSender - Using open Channel [id: 0xcf9c9f14, L:/127.0.0.1:58377 - R:localhost/127.0.0.1:8403] for GET '/session/ed24354d64eaadc2ac51167a3aa116a0/alert/text'
01:32:45.550 [AsyncHttpClient-1-16] DEBUG org.asynchttpclient.netty.handler.HttpHandler - 

Request DefaultFullHttpRequest(decodeResult: success, version: HTTP/1.1, content: EmptyByteBufBE)
GET /session/ed24354d64eaadc2ac51167a3aa116a0/alert/text HTTP/1.1
User-Agent: selenium/4.8.1 (java windows)
Cache-Control: no-cache
Content-Type: application/json; charset=utf-8
host: localhost:8403
accept: */*

Response DefaultHttpResponse(decodeResult: success, version: HTTP/1.1)
HTTP/1.1 404 Not Found
Content-Length: 816
Content-Type: application/json; charset=utf-8
cache-control: no-cache

01:32:45.550 [AsyncHttpClient-1-16] DEBUG org.asynchttpclient.netty.channel.ChannelManager - Adding key: http://localhost:8403 for channel [id: 0xcf9c9f14, L:/127.0.0.1:58377 - R:localhost/127.0.0.1:8403]
01:32:45.551 [Forwarding getCurrentUrl on session ed24354d64eaadc2ac51167a3aa116a0 to remote] DEBUG org.asynchttpclient.netty.request.NettyRequestSender - Using pooled Channel '[id: 0xcf9c9f14, L:/127.0.0.1:58377 - R:localhost/127.0.0.1:8403]' for 'GET' to 'http://localhost:8403/session/ed24354d64eaadc2ac51167a3aa116a0/url'
01:32:45.551 [Forwarding getCurrentUrl on session ed24354d64eaadc2ac51167a3aa116a0 to remote] DEBUG org.asynchttpclient.netty.request.NettyRequestSender - Using open Channel [id: 0xcf9c9f14, L:/127.0.0.1:58377 - R:localhost/127.0.0.1:8403] for GET '/session/ed24354d64eaadc2ac51167a3aa116a0/url'
01:32:45.556 [AsyncHttpClient-1-16] DEBUG org.asynchttpclient.netty.handler.HttpHandler - 

Request DefaultFullHttpRequest(decodeResult: success, version: HTTP/1.1, content: EmptyByteBufBE)
GET /session/ed24354d64eaadc2ac51167a3aa116a0/url HTTP/1.1
User-Agent: selenium/4.8.1 (java windows)
Cache-Control: no-cache
Content-Type: application/json; charset=utf-8
host: localhost:8403
accept: */*

Response DefaultHttpResponse(decodeResult: success, version: HTTP/1.1)
HTTP/1.1 200 OK
Content-Length: 51
Content-Type: application/json; charset=utf-8
cache-control: no-cache

01:32:45.556 [AsyncHttpClient-1-16] DEBUG org.asynchttpclient.netty.channel.ChannelManager - Adding key: http://localhost:8403 for channel [id: 0xcf9c9f14, L:/127.0.0.1:58377 - R:localhost/127.0.0.1:8403]
01:32:45.557 [Forwarding screenshot on session ed24354d64eaadc2ac51167a3aa116a0 to remote] DEBUG org.asynchttpclient.netty.request.NettyRequestSender - Using pooled Channel '[id: 0xcf9c9f14, L:/127.0.0.1:58377 - R:localhost/127.0.0.1:8403]' for 'GET' to 'http://localhost:8403/session/ed24354d64eaadc2ac51167a3aa116a0/screenshot'
01:32:45.557 [Forwarding screenshot on session ed24354d64eaadc2ac51167a3aa116a0 to remote] DEBUG org.asynchttpclient.netty.request.NettyRequestSender - Using open Channel [id: 0xcf9c9f14, L:/127.0.0.1:58377 - R:localhost/127.0.0.1:8403] for GET '/session/ed24354d64eaadc2ac51167a3aa116a0/screenshot'
01:32:45.836 [AsyncHttpClient-1-16] DEBUG org.asynchttpclient.netty.handler.HttpHandler - 

Request DefaultFullHttpRequest(decodeResult: success, version: HTTP/1.1, content: EmptyByteBufBE)
GET /session/ed24354d64eaadc2ac51167a3aa116a0/screenshot HTTP/1.1
User-Agent: selenium/4.8.1 (java windows)
Cache-Control: no-cache
Content-Type: application/json; charset=utf-8
host: localhost:8403
accept: */*

Response DefaultHttpResponse(decodeResult: success, version: HTTP/1.1)
HTTP/1.1 200 OK
Content-Length: 47276
Content-Type: application/json; charset=utf-8
cache-control: no-cache

01:32:45.837 [AsyncHttpClient-1-16] DEBUG org.asynchttpclient.netty.channel.ChannelManager - Adding key: http://localhost:8403 for channel [id: 0xcf9c9f14, L:/127.0.0.1:58377 - R:localhost/127.0.0.1:8403]
01:32:45.841 [main] DEBUG net.serenitybdd.core.photography.Darkroom - Send negative for processing for target\site\serenity\40f77789c1f86672331c1c0a5553b91bd54c19444148db4ec8d690d068d516c5.png
01:32:45.841 [main] DEBUG net.thucydides.core.steps.StepInterceptor - STEP DONE: clickLoginButton
  &amp#27;[32mAnd &amp#27;[0m&amp#27;[32mI click login button&amp#27;[0m                                      &amp#27;[90m# starter.stepdefinitions.LoginSteps.clickLoginButton()&amp#27;[0m
01:32:45.841 [Darkroom Processing Line] DEBUG net.serenitybdd.core.photography.DarkroomProcessingLine - Processing screenshot image in /var/screenshots/screenshot-2448244518236710646
01:32:45.841 [Darkroom Processing Line] DEBUG net.serenitybdd.core.photography.DarkroomProcessingLine - Saving screenshot to target\site\serenity\40f77789c1f86672331c1c0a5553b91bd54c19444148db4ec8d690d068d516c5.png
01:32:45.856 [Forwarding getPageSource on session ed24354d64eaadc2ac51167a3aa116a0 to remote] DEBUG org.asynchttpclient.netty.request.NettyRequestSender - Using pooled Channel '[id: 0xcf9c9f14, L:/127.0.0.1:58377 - R:localhost/127.0.0.1:8403]' for 'POST' to 'http://localhost:8403/session/ed24354d64eaadc2ac51167a3aa116a0/execute/sync'
01:32:45.856 [Forwarding getPageSource on session ed24354d64eaadc2ac51167a3aa116a0 to remote] DEBUG org.asynchttpclient.netty.request.NettyRequestSender - Using open Channel [id: 0xcf9c9f14, L:/127.0.0.1:58377 - R:localhost/127.0.0.1:8403] for POST '/session/ed24354d64eaadc2ac51167a3aa116a0/execute/sync'
01:32:45.864 [AsyncHttpClient-1-16] DEBUG org.asynchttpclient.netty.handler.HttpHandler - 

Request DefaultHttpRequest(decodeResult: success, version: HTTP/1.1)
POST /session/ed24354d64eaadc2ac51167a3aa116a0/execute/sync HTTP/1.1
User-Agent: selenium/4.8.1 (java windows)
Content-Length: 176
Content-Type: application/json; charset=utf-8
host: localhost:8403
accept: */*

Response DefaultHttpResponse(decodeResult: success, version: HTTP/1.1)
HTTP/1.1 200 OK
Content-Length: 28798
Content-Type: application/json; charset=utf-8
cache-control: no-cache

01:32:45.864 [AsyncHttpClient-1-16] DEBUG org.asynchttpclient.netty.channel.ChannelManager - Adding key: http://localhost:8403 for channel [id: 0xcf9c9f14, L:/127.0.0.1:58377 - R:localhost/127.0.0.1:8403]
01:32:45.870 [Forwarding getCurrentUrl on session ed24354d64eaadc2ac51167a3aa116a0 to remote] DEBUG org.asynchttpclient.netty.request.NettyRequestSender - Using pooled Channel '[id: 0xcf9c9f14, L:/127.0.0.1:58377 - R:localhost/127.0.0.1:8403]' for 'GET' to 'http://localhost:8403/session/ed24354d64eaadc2ac51167a3aa116a0/url'
01:32:45.870 [Forwarding getCurrentUrl on session ed24354d64eaadc2ac51167a3aa116a0 to remote] DEBUG org.asynchttpclient.netty.request.NettyRequestSender - Using open Channel [id: 0xcf9c9f14, L:/127.0.0.1:58377 - R:localhost/127.0.0.1:8403] for GET '/session/ed24354d64eaadc2ac51167a3aa116a0/url'
01:32:45.875 [AsyncHttpClient-1-16] DEBUG org.asynchttpclient.netty.handler.HttpHandler - 

Request DefaultFullHttpRequest(decodeResult: success, version: HTTP/1.1, content: EmptyByteBufBE)
GET /session/ed24354d64eaadc2ac51167a3aa116a0/url HTTP/1.1
User-Agent: selenium/4.8.1 (java windows)
Cache-Control: no-cache
Content-Type: application/json; charset=utf-8
host: localhost:8403
accept: */*

Response DefaultHttpResponse(decodeResult: success, version: HTTP/1.1)
HTTP/1.1 200 OK
Content-Length: 41
Content-Type: application/json; charset=utf-8
cache-control: no-cache

01:32:45.875 [AsyncHttpClient-1-16] DEBUG org.asynchttpclient.netty.channel.ChannelManager - Adding key: http://localhost:8403 for channel [id: 0xcf9c9f14, L:/127.0.0.1:58377 - R:localhost/127.0.0.1:8403]
01:32:45.880 [Forwarding findElement on session ed24354d64eaadc2ac51167a3aa116a0 to remote] DEBUG org.asynchttpclient.netty.request.NettyRequestSender - Using pooled Channel '[id: 0xcf9c9f14, L:/127.0.0.1:58377 - R:localhost/127.0.0.1:8403]' for 'POST' to 'http://localhost:8403/session/ed24354d64eaadc2ac51167a3aa116a0/element'
01:32:45.880 [Forwarding findElement on session ed24354d64eaadc2ac51167a3aa116a0 to remote] DEBUG org.asynchttpclient.netty.request.NettyRequestSender - Using open Channel [id: 0xcf9c9f14, L:/127.0.0.1:58377 - R:localhost/127.0.0.1:8403] for POST '/session/ed24354d64eaadc2ac51167a3aa116a0/element'
01:32:45.896 [AsyncHttpClient-1-16] DEBUG org.asynchttpclient.netty.handler.HttpHandler - 

Request DefaultHttpRequest(decodeResult: success, version: HTTP/1.1)
POST /session/ed24354d64eaadc2ac51167a3aa116a0/element HTTP/1.1
User-Agent: selenium/4.8.1 (java windows)
Content-Length: 48
Content-Type: application/json; charset=utf-8
host: localhost:8403
accept: */*

Response DefaultHttpResponse(decodeResult: success, version: HTTP/1.1)
HTTP/1.1 200 OK
Content-Length: 88
Content-Type: application/json; charset=utf-8
cache-control: no-cache

01:32:45.896 [AsyncHttpClient-1-16] DEBUG org.asynchttpclient.netty.channel.ChannelManager - Adding key: http://localhost:8403 for channel [id: 0xcf9c9f14, L:/127.0.0.1:58377 - R:localhost/127.0.0.1:8403]
01:32:45.901 [Forwarding isElementDisplayed on session ed24354d64eaadc2ac51167a3aa116a0 to remote] DEBUG org.asynchttpclient.netty.request.NettyRequestSender - Using pooled Channel '[id: 0xcf9c9f14, L:/127.0.0.1:58377 - R:localhost/127.0.0.1:8403]' for 'POST' to 'http://localhost:8403/session/ed24354d64eaadc2ac51167a3aa116a0/execute/sync'
01:32:45.901 [Forwarding isElementDisplayed on session ed24354d64eaadc2ac51167a3aa116a0 to remote] DEBUG org.asynchttpclient.netty.request.NettyRequestSender - Using open Channel [id: 0xcf9c9f14, L:/127.0.0.1:58377 - R:localhost/127.0.0.1:8403] for POST '/session/ed24354d64eaadc2ac51167a3aa116a0/execute/sync'
01:32:45.927 [AsyncHttpClient-1-16] DEBUG org.asynchttpclient.netty.handler.HttpHandler - 

Request DefaultHttpRequest(decodeResult: success, version: HTTP/1.1)
POST /session/ed24354d64eaadc2ac51167a3aa116a0/execute/sync HTTP/1.1
User-Agent: selenium/4.8.1 (java windows)
Content-Length: 48807
Content-Type: application/json; charset=utf-8
host: localhost:8403
accept: */*

Response DefaultHttpResponse(decodeResult: success, version: HTTP/1.1)
HTTP/1.1 200 OK
Content-Length: 14
Content-Type: application/json; charset=utf-8
cache-control: no-cache

01:32:45.927 [AsyncHttpClient-1-16] DEBUG org.asynchttpclient.netty.channel.ChannelManager - Adding key: http://localhost:8403 for channel [id: 0xcf9c9f14, L:/127.0.0.1:58377 - R:localhost/127.0.0.1:8403]
  &amp#27;[32mThen &amp#27;[0m&amp#27;[32mI am on the product page&amp#27;[0m                                 &amp#27;[90m# starter.stepdefinitions.LoginSteps.onTheProductPage()&amp#27;[0m
01:32:45.934 [Forwarding getAlertText on session ed24354d64eaadc2ac51167a3aa116a0 to remote] DEBUG org.asynchttpclient.netty.request.NettyRequestSender - Using pooled Channel '[id: 0xcf9c9f14, L:/127.0.0.1:58377 - R:localhost/127.0.0.1:8403]' for 'GET' to 'http://localhost:8403/session/ed24354d64eaadc2ac51167a3aa116a0/alert/text'
01:32:45.934 [Forwarding getAlertText on session ed24354d64eaadc2ac51167a3aa116a0 to remote] DEBUG org.asynchttpclient.netty.request.NettyRequestSender - Using open Channel [id: 0xcf9c9f14, L:/127.0.0.1:58377 - R:localhost/127.0.0.1:8403] for GET '/session/ed24354d64eaadc2ac51167a3aa116a0/alert/text'
01:32:45.938 [AsyncHttpClient-1-16] DEBUG org.asynchttpclient.netty.handler.HttpHandler - 

Request DefaultFullHttpRequest(decodeResult: success, version: HTTP/1.1, content: EmptyByteBufBE)
GET /session/ed24354d64eaadc2ac51167a3aa116a0/alert/text HTTP/1.1
User-Agent: selenium/4.8.1 (java windows)
Cache-Control: no-cache
Content-Type: application/json; charset=utf-8
host: localhost:8403
accept: */*

Response DefaultHttpResponse(decodeResult: success, version: HTTP/1.1)
HTTP/1.1 404 Not Found
Content-Length: 816
Content-Type: application/json; charset=utf-8
cache-control: no-cache

01:32:45.938 [AsyncHttpClient-1-16] DEBUG org.asynchttpclient.netty.channel.ChannelManager - Adding key: http://localhost:8403 for channel [id: 0xcf9c9f14, L:/127.0.0.1:58377 - R:localhost/127.0.0.1:8403]
01:32:45.939 [Forwarding getCurrentUrl on session ed24354d64eaadc2ac51167a3aa116a0 to remote] DEBUG org.asynchttpclient.netty.request.NettyRequestSender - Using pooled Channel '[id: 0xcf9c9f14, L:/127.0.0.1:58377 - R:localhost/127.0.0.1:8403]' for 'GET' to 'http://localhost:8403/session/ed24354d64eaadc2ac51167a3aa116a0/url'
01:32:45.939 [Forwarding getCurrentUrl on session ed24354d64eaadc2ac51167a3aa116a0 to remote] DEBUG org.asynchttpclient.netty.request.NettyRequestSender - Using open Channel [id: 0xcf9c9f14, L:/127.0.0.1:58377 - R:localhost/127.0.0.1:8403] for GET '/session/ed24354d64eaadc2ac51167a3aa116a0/url'
01:32:46.302 [AsyncHttpClient-1-1] DEBUG org.asynchttpclient.netty.channel.DefaultChannelPool - Entry count for : http://localhost:58378 : 1
01:32:47.385 [AsyncHttpClient-1-16] DEBUG org.asynchttpclient.netty.handler.HttpHandler - 

Request DefaultFullHttpRequest(decodeResult: success, version: HTTP/1.1, content: EmptyByteBufBE)
GET /session/ed24354d64eaadc2ac51167a3aa116a0/url HTTP/1.1
User-Agent: selenium/4.8.1 (java windows)
Cache-Control: no-cache
Content-Type: application/json; charset=utf-8
host: localhost:8403
accept: */*

Response DefaultHttpResponse(decodeResult: success, version: HTTP/1.1)
HTTP/1.1 200 OK
Content-Length: 41
Content-Type: application/json; charset=utf-8
cache-control: no-cache

01:32:47.385 [AsyncHttpClient-1-16] DEBUG org.asynchttpclient.netty.channel.ChannelManager - Adding key: http://localhost:8403 for channel [id: 0xcf9c9f14, L:/127.0.0.1:58377 - R:localhost/127.0.0.1:8403]
01:32:47.386 [Forwarding screenshot on session ed24354d64eaadc2ac51167a3aa116a0 to remote] DEBUG org.asynchttpclient.netty.request.NettyRequestSender - Using pooled Channel '[id: 0xcf9c9f14, L:/127.0.0.1:58377 - R:localhost/127.0.0.1:8403]' for 'GET' to 'http://localhost:8403/session/ed24354d64eaadc2ac51167a3aa116a0/screenshot'
01:32:47.386 [Forwarding screenshot on session ed24354d64eaadc2ac51167a3aa116a0 to remote] DEBUG org.asynchttpclient.netty.request.NettyRequestSender - Using open Channel [id: 0xcf9c9f14, L:/127.0.0.1:58377 - R:localhost/127.0.0.1:8403] for GET '/session/ed24354d64eaadc2ac51167a3aa116a0/screenshot'
01:32:47.391 [AsyncHttpClient-1-1] DEBUG org.asynchttpclient.netty.channel.DefaultChannelPool - Entry count for : http://localhost:58378 : 1
01:32:47.571 [AsyncHttpClient-1-16] DEBUG org.asynchttpclient.netty.handler.HttpHandler - 

Request DefaultFullHttpRequest(decodeResult: success, version: HTTP/1.1, content: EmptyByteBufBE)
GET /session/ed24354d64eaadc2ac51167a3aa116a0/screenshot HTTP/1.1
User-Agent: selenium/4.8.1 (java windows)
Cache-Control: no-cache
Content-Type: application/json; charset=utf-8
host: localhost:8403
accept: */*

Response DefaultHttpResponse(decodeResult: success, version: HTTP/1.1)
HTTP/1.1 200 OK
Content-Length: 88408
Content-Type: application/json; charset=utf-8
cache-control: no-cache

01:32:47.572 [AsyncHttpClient-1-16] DEBUG org.asynchttpclient.netty.channel.ChannelManager - Adding key: http://localhost:8403 for channel [id: 0xcf9c9f14, L:/127.0.0.1:58377 - R:localhost/127.0.0.1:8403]
01:32:47.576 [main] DEBUG net.serenitybdd.core.photography.Darkroom - Send negative for processing for target\site\serenity\37b27117582c9f50d12a132504e2ad7f5895c52a3eddfd35b7c8b3775c3d0e16.png
01:32:47.584 [Forwarding getPageSource on session ed24354d64eaadc2ac51167a3aa116a0 to remote] DEBUG org.asynchttpclient.netty.request.NettyRequestSender - Using pooled Channel '[id: 0xcf9c9f14, L:/127.0.0.1:58377 - R:localhost/127.0.0.1:8403]' for 'POST' to 'http://localhost:8403/session/ed24354d64eaadc2ac51167a3aa116a0/execute/sync'
01:32:47.584 [Forwarding getPageSource on session ed24354d64eaadc2ac51167a3aa116a0 to remote] DEBUG org.asynchttpclient.netty.request.NettyRequestSender - Using open Channel [id: 0xcf9c9f14, L:/127.0.0.1:58377 - R:localhost/127.0.0.1:8403] for POST '/session/ed24354d64eaadc2ac51167a3aa116a0/execute/sync'
01:32:47.623 [AsyncHttpClient-1-16] DEBUG org.asynchttpclient.netty.handler.HttpHandler - 

Request DefaultHttpRequest(decodeResult: success, version: HTTP/1.1)
POST /session/ed24354d64eaadc2ac51167a3aa116a0/execute/sync HTTP/1.1
User-Agent: selenium/4.8.1 (java windows)
Content-Length: 176
Content-Type: application/json; charset=utf-8
host: localhost:8403
accept: */*

Response DefaultHttpResponse(decodeResult: success, version: HTTP/1.1)
HTTP/1.1 200 OK
Content-Length: 518092
Content-Type: application/json; charset=utf-8
cache-control: no-cache

01:32:47.624 [AsyncHttpClient-1-16] DEBUG org.asynchttpclient.netty.channel.ChannelManager - Adding key: http://localhost:8403 for channel [id: 0xcf9c9f14, L:/127.0.0.1:58377 - R:localhost/127.0.0.1:8403]
01:32:47.677 [Forwarding getCurrentUrl on session ed24354d64eaadc2ac51167a3aa116a0 to remote] DEBUG org.asynchttpclient.netty.request.NettyRequestSender - Using pooled Channel '[id: 0xcf9c9f14, L:/127.0.0.1:58377 - R:localhost/127.0.0.1:8403]' for 'GET' to 'http://localhost:8403/session/ed24354d64eaadc2ac51167a3aa116a0/url'
01:32:47.677 [Forwarding getCurrentUrl on session ed24354d64eaadc2ac51167a3aa116a0 to remote] DEBUG org.asynchttpclient.netty.request.NettyRequestSender - Using open Channel [id: 0xcf9c9f14, L:/127.0.0.1:58377 - R:localhost/127.0.0.1:8403] for GET '/session/ed24354d64eaadc2ac51167a3aa116a0/url'
01:32:47.680 [AsyncHttpClient-1-16] DEBUG org.asynchttpclient.netty.handler.HttpHandler - 

Request DefaultFullHttpRequest(decodeResult: success, version: HTTP/1.1, content: EmptyByteBufBE)
GET /session/ed24354d64eaadc2ac51167a3aa116a0/url HTTP/1.1
User-Agent: selenium/4.8.1 (java windows)
Cache-Control: no-cache
Content-Type: application/json; charset=utf-8
host: localhost:8403
accept: */*

Response DefaultHttpResponse(decodeResult: success, version: HTTP/1.1)
HTTP/1.1 200 OK
Content-Length: 41
Content-Type: application/json; charset=utf-8
cache-control: no-cache

01:32:47.680 [AsyncHttpClient-1-16] DEBUG org.asynchttpclient.netty.channel.ChannelManager - Adding key: http://localhost:8403 for channel [id: 0xcf9c9f14, L:/127.0.0.1:58377 - R:localhost/127.0.0.1:8403]
01:32:47.688 [Forwarding getAlertText on session ed24354d64eaadc2ac51167a3aa116a0 to remote] DEBUG org.asynchttpclient.netty.request.NettyRequestSender - Using pooled Channel '[id: 0xcf9c9f14, L:/127.0.0.1:58377 - R:localhost/127.0.0.1:8403]' for 'GET' to 'http://localhost:8403/session/ed24354d64eaadc2ac51167a3aa116a0/alert/text'
01:32:47.688 [Forwarding getAlertText on session ed24354d64eaadc2ac51167a3aa116a0 to remote] DEBUG org.asynchttpclient.netty.request.NettyRequestSender - Using open Channel [id: 0xcf9c9f14, L:/127.0.0.1:58377 - R:localhost/127.0.0.1:8403] for GET '/session/ed24354d64eaadc2ac51167a3aa116a0/alert/text'
01:32:47.690 [AsyncHttpClient-1-16] DEBUG org.asynchttpclient.netty.handler.HttpHandler - 

Request DefaultFullHttpRequest(decodeResult: success, version: HTTP/1.1, content: EmptyByteBufBE)
GET /session/ed24354d64eaadc2ac51167a3aa116a0/alert/text HTTP/1.1
User-Agent: selenium/4.8.1 (java windows)
Cache-Control: no-cache
Content-Type: application/json; charset=utf-8
host: localhost:8403
accept: */*

Response DefaultHttpResponse(decodeResult: success, version: HTTP/1.1)
HTTP/1.1 404 Not Found
Content-Length: 816
Content-Type: application/json; charset=utf-8
cache-control: no-cache

01:32:47.690 [AsyncHttpClient-1-16] DEBUG org.asynchttpclient.netty.channel.ChannelManager - Adding key: http://localhost:8403 for channel [id: 0xcf9c9f14, L:/127.0.0.1:58377 - R:localhost/127.0.0.1:8403]
01:32:47.691 [Forwarding getCurrentUrl on session ed24354d64eaadc2ac51167a3aa116a0 to remote] DEBUG org.asynchttpclient.netty.request.NettyRequestSender - Using pooled Channel '[id: 0xcf9c9f14, L:/127.0.0.1:58377 - R:localhost/127.0.0.1:8403]' for 'GET' to 'http://localhost:8403/session/ed24354d64eaadc2ac51167a3aa116a0/url'
01:32:47.691 [Forwarding getCurrentUrl on session ed24354d64eaadc2ac51167a3aa116a0 to remote] DEBUG org.asynchttpclient.netty.request.NettyRequestSender - Using open Channel [id: 0xcf9c9f14, L:/127.0.0.1:58377 - R:localhost/127.0.0.1:8403] for GET '/session/ed24354d64eaadc2ac51167a3aa116a0/url'
01:32:47.695 [AsyncHttpClient-1-16] DEBUG org.asynchttpclient.netty.handler.HttpHandler - 

Request DefaultFullHttpRequest(decodeResult: success, version: HTTP/1.1, content: EmptyByteBufBE)
GET /session/ed24354d64eaadc2ac51167a3aa116a0/url HTTP/1.1
User-Agent: selenium/4.8.1 (java windows)
Cache-Control: no-cache
Content-Type: application/json; charset=utf-8
host: localhost:8403
accept: */*

Response DefaultHttpResponse(decodeResult: success, version: HTTP/1.1)
HTTP/1.1 200 OK
Content-Length: 41
Content-Type: application/json; charset=utf-8
cache-control: no-cache

01:32:47.695 [AsyncHttpClient-1-16] DEBUG org.asynchttpclient.netty.channel.ChannelManager - Adding key: http://localhost:8403 for channel [id: 0xcf9c9f14, L:/127.0.0.1:58377 - R:localhost/127.0.0.1:8403]
01:32:47.695 [Forwarding screenshot on session ed24354d64eaadc2ac51167a3aa116a0 to remote] DEBUG org.asynchttpclient.netty.request.NettyRequestSender - Using pooled Channel '[id: 0xcf9c9f14, L:/127.0.0.1:58377 - R:localhost/127.0.0.1:8403]' for 'GET' to 'http://localhost:8403/session/ed24354d64eaadc2ac51167a3aa116a0/screenshot'
01:32:47.695 [Forwarding screenshot on session ed24354d64eaadc2ac51167a3aa116a0 to remote] DEBUG org.asynchttpclient.netty.request.NettyRequestSender - Using open Channel [id: 0xcf9c9f14, L:/127.0.0.1:58377 - R:localhost/127.0.0.1:8403] for GET '/session/ed24354d64eaadc2ac51167a3aa116a0/screenshot'
01:32:47.817 [AsyncHttpClient-1-16] DEBUG org.asynchttpclient.netty.handler.HttpHandler - 

Request DefaultFullHttpRequest(decodeResult: success, version: HTTP/1.1, content: EmptyByteBufBE)
GET /session/ed24354d64eaadc2ac51167a3aa116a0/screenshot HTTP/1.1
User-Agent: selenium/4.8.1 (java windows)
Cache-Control: no-cache
Content-Type: application/json; charset=utf-8
host: localhost:8403
accept: */*

Response DefaultHttpResponse(decodeResult: success, version: HTTP/1.1)
HTTP/1.1 200 OK
Content-Length: 88064
Content-Type: application/json; charset=utf-8
cache-control: no-cache

01:32:47.818 [AsyncHttpClient-1-16] DEBUG org.asynchttpclient.netty.channel.ChannelManager - Adding key: http://localhost:8403 for channel [id: 0xcf9c9f14, L:/127.0.0.1:58377 - R:localhost/127.0.0.1:8403]
01:32:47.821 [main] DEBUG net.serenitybdd.core.photography.Darkroom - Send negative for processing for target\site\serenity\29cfb7224f78dd2b7f7a05113e61d3ecb6498f3e107ac7b049bf50082cf5226f.png
01:32:47.822 [Forwarding getPageSource on session ed24354d64eaadc2ac51167a3aa116a0 to remote] DEBUG org.asynchttpclient.netty.request.NettyRequestSender - Using pooled Channel '[id: 0xcf9c9f14, L:/127.0.0.1:58377 - R:localhost/127.0.0.1:8403]' for 'POST' to 'http://localhost:8403/session/ed24354d64eaadc2ac51167a3aa116a0/execute/sync'
01:32:47.823 [Forwarding getPageSource on session ed24354d64eaadc2ac51167a3aa116a0 to remote] DEBUG org.asynchttpclient.netty.request.NettyRequestSender - Using open Channel [id: 0xcf9c9f14, L:/127.0.0.1:58377 - R:localhost/127.0.0.1:8403] for POST '/session/ed24354d64eaadc2ac51167a3aa116a0/execute/sync'
01:32:47.855 [AsyncHttpClient-1-16] DEBUG org.asynchttpclient.netty.handler.HttpHandler - 

Request DefaultHttpRequest(decodeResult: success, version: HTTP/1.1)
POST /session/ed24354d64eaadc2ac51167a3aa116a0/execute/sync HTTP/1.1
User-Agent: selenium/4.8.1 (java windows)
Content-Length: 176
Content-Type: application/json; charset=utf-8
host: localhost:8403
accept: */*

Response DefaultHttpResponse(decodeResult: success, version: HTTP/1.1)
HTTP/1.1 200 OK
Content-Length: 518092
Content-Type: application/json; charset=utf-8
cache-control: no-cache

01:32:47.856 [AsyncHttpClient-1-16] DEBUG org.asynchttpclient.netty.channel.ChannelManager - Adding key: http://localhost:8403 for channel [id: 0xcf9c9f14, L:/127.0.0.1:58377 - R:localhost/127.0.0.1:8403]
01:32:47.905 [Forwarding getCurrentUrl on session ed24354d64eaadc2ac51167a3aa116a0 to remote] DEBUG org.asynchttpclient.netty.request.NettyRequestSender - Using pooled Channel '[id: 0xcf9c9f14, L:/127.0.0.1:58377 - R:localhost/127.0.0.1:8403]' for 'GET' to 'http://localhost:8403/session/ed24354d64eaadc2ac51167a3aa116a0/url'
01:32:47.905 [Forwarding getCurrentUrl on session ed24354d64eaadc2ac51167a3aa116a0 to remote] DEBUG org.asynchttpclient.netty.request.NettyRequestSender - Using open Channel [id: 0xcf9c9f14, L:/127.0.0.1:58377 - R:localhost/127.0.0.1:8403] for GET '/session/ed24354d64eaadc2ac51167a3aa116a0/url'
01:32:47.908 [AsyncHttpClient-1-16] DEBUG org.asynchttpclient.netty.handler.HttpHandler - 

Request DefaultFullHttpRequest(decodeResult: success, version: HTTP/1.1, content: EmptyByteBufBE)
GET /session/ed24354d64eaadc2ac51167a3aa116a0/url HTTP/1.1
User-Agent: selenium/4.8.1 (java windows)
Cache-Control: no-cache
Content-Type: application/json; charset=utf-8
host: localhost:8403
accept: */*

Response DefaultHttpResponse(decodeResult: success, version: HTTP/1.1)
HTTP/1.1 200 OK
Content-Length: 41
Content-Type: application/json; charset=utf-8
cache-control: no-cache

01:32:47.909 [AsyncHttpClient-1-16] DEBUG org.asynchttpclient.netty.channel.ChannelManager - Adding key: http://localhost:8403 for channel [id: 0xcf9c9f14, L:/127.0.0.1:58377 - R:localhost/127.0.0.1:8403]
01:32:47.911 [main] DEBUG net.thucydides.core.steps.StepInterceptor - STARTING STEP: LoginSteps.clickDetailButton - clickdetailButton
01:32:47.914 [Forwarding findElement on session ed24354d64eaadc2ac51167a3aa116a0 to remote] DEBUG org.asynchttpclient.netty.request.NettyRequestSender - Using pooled Channel '[id: 0xcf9c9f14, L:/127.0.0.1:58377 - R:localhost/127.0.0.1:8403]' for 'POST' to 'http://localhost:8403/session/ed24354d64eaadc2ac51167a3aa116a0/element'
01:32:47.914 [Forwarding findElement on session ed24354d64eaadc2ac51167a3aa116a0 to remote] DEBUG org.asynchttpclient.netty.request.NettyRequestSender - Using open Channel [id: 0xcf9c9f14, L:/127.0.0.1:58377 - R:localhost/127.0.0.1:8403] for POST '/session/ed24354d64eaadc2ac51167a3aa116a0/element'
01:32:47.930 [AsyncHttpClient-1-16] DEBUG org.asynchttpclient.netty.handler.HttpHandler - 

Request DefaultHttpRequest(decodeResult: success, version: HTTP/1.1)
POST /session/ed24354d64eaadc2ac51167a3aa116a0/element HTTP/1.1
User-Agent: selenium/4.8.1 (java windows)
Content-Length: 123
Content-Type: application/json; charset=utf-8
host: localhost:8403
accept: */*

Response DefaultHttpResponse(decodeResult: success, version: HTTP/1.1)
HTTP/1.1 200 OK
Content-Length: 88
Content-Type: application/json; charset=utf-8
cache-control: no-cache

01:32:47.930 [AsyncHttpClient-1-16] DEBUG org.asynchttpclient.netty.channel.ChannelManager - Adding key: http://localhost:8403 for channel [id: 0xcf9c9f14, L:/127.0.0.1:58377 - R:localhost/127.0.0.1:8403]
01:32:47.931 [Forwarding getElementTagName on session ed24354d64eaadc2ac51167a3aa116a0 to remote] DEBUG org.asynchttpclient.netty.request.NettyRequestSender - Using pooled Channel '[id: 0xcf9c9f14, L:/127.0.0.1:58377 - R:localhost/127.0.0.1:8403]' for 'GET' to 'http://localhost:8403/session/ed24354d64eaadc2ac51167a3aa116a0/element/e95addff-0b22-44e9-a53a-237520d7fb57/name'
01:32:47.931 [Forwarding getElementTagName on session ed24354d64eaadc2ac51167a3aa116a0 to remote] DEBUG org.asynchttpclient.netty.request.NettyRequestSender - Using open Channel [id: 0xcf9c9f14, L:/127.0.0.1:58377 - R:localhost/127.0.0.1:8403] for GET '/session/ed24354d64eaadc2ac51167a3aa116a0/element/e95addff-0b22-44e9-a53a-237520d7fb57/name'
01:32:47.936 [AsyncHttpClient-1-16] DEBUG org.asynchttpclient.netty.handler.HttpHandler - 

Request DefaultFullHttpRequest(decodeResult: success, version: HTTP/1.1, content: EmptyByteBufBE)
GET /session/ed24354d64eaadc2ac51167a3aa116a0/element/e95addff-0b22-44e9-a53a-237520d7fb57/name HTTP/1.1
User-Agent: selenium/4.8.1 (java windows)
Cache-Control: no-cache
Content-Type: application/json; charset=utf-8
host: localhost:8403
accept: */*

Response DefaultHttpResponse(decodeResult: success, version: HTTP/1.1)
HTTP/1.1 200 OK
Content-Length: 16
Content-Type: application/json; charset=utf-8
cache-control: no-cache

01:32:47.936 [AsyncHttpClient-1-16] DEBUG org.asynchttpclient.netty.channel.ChannelManager - Adding key: http://localhost:8403 for channel [id: 0xcf9c9f14, L:/127.0.0.1:58377 - R:localhost/127.0.0.1:8403]
01:32:47.937 [Forwarding getElementTagName on session ed24354d64eaadc2ac51167a3aa116a0 to remote] DEBUG org.asynchttpclient.netty.request.NettyRequestSender - Using pooled Channel '[id: 0xcf9c9f14, L:/127.0.0.1:58377 - R:localhost/127.0.0.1:8403]' for 'GET' to 'http://localhost:8403/session/ed24354d64eaadc2ac51167a3aa116a0/element/e95addff-0b22-44e9-a53a-237520d7fb57/name'
01:32:47.937 [Forwarding getElementTagName on session ed24354d64eaadc2ac51167a3aa116a0 to remote] DEBUG org.asynchttpclient.netty.request.NettyRequestSender - Using open Channel [id: 0xcf9c9f14, L:/127.0.0.1:58377 - R:localhost/127.0.0.1:8403] for GET '/session/ed24354d64eaadc2ac51167a3aa116a0/element/e95addff-0b22-44e9-a53a-237520d7fb57/name'
01:32:47.941 [AsyncHttpClient-1-16] DEBUG org.asynchttpclient.netty.handler.HttpHandler - 

Request DefaultFullHttpRequest(decodeResult: success, version: HTTP/1.1, content: EmptyByteBufBE)
GET /session/ed24354d64eaadc2ac51167a3aa116a0/element/e95addff-0b22-44e9-a53a-237520d7fb57/name HTTP/1.1
User-Agent: selenium/4.8.1 (java windows)
Cache-Control: no-cache
Content-Type: application/json; charset=utf-8
host: localhost:8403
accept: */*

Response DefaultHttpResponse(decodeResult: success, version: HTTP/1.1)
HTTP/1.1 200 OK
Content-Length: 16
Content-Type: application/json; charset=utf-8
cache-control: no-cache

01:32:47.941 [AsyncHttpClient-1-16] DEBUG org.asynchttpclient.netty.channel.ChannelManager - Adding key: http://localhost:8403 for channel [id: 0xcf9c9f14, L:/127.0.0.1:58377 - R:localhost/127.0.0.1:8403]
01:32:47.942 [Forwarding findElement on session ed24354d64eaadc2ac51167a3aa116a0 to remote] DEBUG org.asynchttpclient.netty.request.NettyRequestSender - Using pooled Channel '[id: 0xcf9c9f14, L:/127.0.0.1:58377 - R:localhost/127.0.0.1:8403]' for 'POST' to 'http://localhost:8403/session/ed24354d64eaadc2ac51167a3aa116a0/element'
01:32:47.942 [Forwarding findElement on session ed24354d64eaadc2ac51167a3aa116a0 to remote] DEBUG org.asynchttpclient.netty.request.NettyRequestSender - Using open Channel [id: 0xcf9c9f14, L:/127.0.0.1:58377 - R:localhost/127.0.0.1:8403] for POST '/session/ed24354d64eaadc2ac51167a3aa116a0/element'
01:32:47.954 [AsyncHttpClient-1-16] DEBUG org.asynchttpclient.netty.handler.HttpHandler - 

Request DefaultHttpRequest(decodeResult: success, version: HTTP/1.1)
POST /session/ed24354d64eaadc2ac51167a3aa116a0/element HTTP/1.1
User-Agent: selenium/4.8.1 (java windows)
Content-Length: 123
Content-Type: application/json; charset=utf-8
host: localhost:8403
accept: */*

Response DefaultHttpResponse(decodeResult: success, version: HTTP/1.1)
HTTP/1.1 200 OK
Content-Length: 88
Content-Type: application/json; charset=utf-8
cache-control: no-cache

01:32:47.954 [AsyncHttpClient-1-16] DEBUG org.asynchttpclient.netty.channel.ChannelManager - Adding key: http://localhost:8403 for channel [id: 0xcf9c9f14, L:/127.0.0.1:58377 - R:localhost/127.0.0.1:8403]
01:32:47.955 [Forwarding clickElement on session ed24354d64eaadc2ac51167a3aa116a0 to remote] DEBUG org.asynchttpclient.netty.request.NettyRequestSender - Using pooled Channel '[id: 0xcf9c9f14, L:/127.0.0.1:58377 - R:localhost/127.0.0.1:8403]' for 'POST' to 'http://localhost:8403/session/ed24354d64eaadc2ac51167a3aa116a0/element/e95addff-0b22-44e9-a53a-237520d7fb57/click'
01:32:47.955 [Forwarding clickElement on session ed24354d64eaadc2ac51167a3aa116a0 to remote] DEBUG org.asynchttpclient.netty.request.NettyRequestSender - Using open Channel [id: 0xcf9c9f14, L:/127.0.0.1:58377 - R:localhost/127.0.0.1:8403] for POST '/session/ed24354d64eaadc2ac51167a3aa116a0/element/e95addff-0b22-44e9-a53a-237520d7fb57/click'
01:32:48.026 [AsyncHttpClient-1-16] DEBUG org.asynchttpclient.netty.handler.HttpHandler - 

Request DefaultHttpRequest(decodeResult: success, version: HTTP/1.1)
POST /session/ed24354d64eaadc2ac51167a3aa116a0/element/e95addff-0b22-44e9-a53a-237520d7fb57/click HTTP/1.1
User-Agent: selenium/4.8.1 (java windows)
Content-Length: 50
Content-Type: application/json; charset=utf-8
host: localhost:8403
accept: */*

Response DefaultHttpResponse(decodeResult: success, version: HTTP/1.1)
HTTP/1.1 200 OK
Content-Length: 14
Content-Type: application/json; charset=utf-8
cache-control: no-cache

01:32:48.026 [AsyncHttpClient-1-16] DEBUG org.asynchttpclient.netty.channel.ChannelManager - Adding key: http://localhost:8403 for channel [id: 0xcf9c9f14, L:/127.0.0.1:58377 - R:localhost/127.0.0.1:8403]
01:32:48.035 [Forwarding getAlertText on session ed24354d64eaadc2ac51167a3aa116a0 to remote] DEBUG org.asynchttpclient.netty.request.NettyRequestSender - Using pooled Channel '[id: 0xcf9c9f14, L:/127.0.0.1:58377 - R:localhost/127.0.0.1:8403]' for 'GET' to 'http://localhost:8403/session/ed24354d64eaadc2ac51167a3aa116a0/alert/text'
01:32:48.035 [Forwarding getAlertText on session ed24354d64eaadc2ac51167a3aa116a0 to remote] DEBUG org.asynchttpclient.netty.request.NettyRequestSender - Using open Channel [id: 0xcf9c9f14, L:/127.0.0.1:58377 - R:localhost/127.0.0.1:8403] for GET '/session/ed24354d64eaadc2ac51167a3aa116a0/alert/text'
01:32:48.146 [AsyncHttpClient-1-16] DEBUG org.asynchttpclient.netty.handler.HttpHandler - 

Request DefaultFullHttpRequest(decodeResult: success, version: HTTP/1.1, content: EmptyByteBufBE)
GET /session/ed24354d64eaadc2ac51167a3aa116a0/alert/text HTTP/1.1
User-Agent: selenium/4.8.1 (java windows)
Cache-Control: no-cache
Content-Type: application/json; charset=utf-8
host: localhost:8403
accept: */*

Response DefaultHttpResponse(decodeResult: success, version: HTTP/1.1)
HTTP/1.1 404 Not Found
Content-Length: 816
Content-Type: application/json; charset=utf-8
cache-control: no-cache

01:32:48.146 [AsyncHttpClient-1-16] DEBUG org.asynchttpclient.netty.channel.ChannelManager - Adding key: http://localhost:8403 for channel [id: 0xcf9c9f14, L:/127.0.0.1:58377 - R:localhost/127.0.0.1:8403]
01:32:48.147 [Forwarding getCurrentUrl on session ed24354d64eaadc2ac51167a3aa116a0 to remote] DEBUG org.asynchttpclient.netty.request.NettyRequestSender - Using pooled Channel '[id: 0xcf9c9f14, L:/127.0.0.1:58377 - R:localhost/127.0.0.1:8403]' for 'GET' to 'http://localhost:8403/session/ed24354d64eaadc2ac51167a3aa116a0/url'
01:32:48.147 [Forwarding getCurrentUrl on session ed24354d64eaadc2ac51167a3aa116a0 to remote] DEBUG org.asynchttpclient.netty.request.NettyRequestSender - Using open Channel [id: 0xcf9c9f14, L:/127.0.0.1:58377 - R:localhost/127.0.0.1:8403] for GET '/session/ed24354d64eaadc2ac51167a3aa116a0/url'
01:32:48.152 [AsyncHttpClient-1-16] DEBUG org.asynchttpclient.netty.handler.HttpHandler - 

Request DefaultFullHttpRequest(decodeResult: success, version: HTTP/1.1, content: EmptyByteBufBE)
GET /session/ed24354d64eaadc2ac51167a3aa116a0/url HTTP/1.1
User-Agent: selenium/4.8.1 (java windows)
Cache-Control: no-cache
Content-Type: application/json; charset=utf-8
host: localhost:8403
accept: */*

Response DefaultHttpResponse(decodeResult: success, version: HTTP/1.1)
HTTP/1.1 200 OK
Content-Length: 55
Content-Type: application/json; charset=utf-8
cache-control: no-cache

01:32:48.152 [AsyncHttpClient-1-16] DEBUG org.asynchttpclient.netty.channel.ChannelManager - Adding key: http://localhost:8403 for channel [id: 0xcf9c9f14, L:/127.0.0.1:58377 - R:localhost/127.0.0.1:8403]
01:32:48.153 [Forwarding screenshot on session ed24354d64eaadc2ac51167a3aa116a0 to remote] DEBUG org.asynchttpclient.netty.request.NettyRequestSender - Using pooled Channel '[id: 0xcf9c9f14, L:/127.0.0.1:58377 - R:localhost/127.0.0.1:8403]' for 'GET' to 'http://localhost:8403/session/ed24354d64eaadc2ac51167a3aa116a0/screenshot'
01:32:48.153 [Forwarding screenshot on session ed24354d64eaadc2ac51167a3aa116a0 to remote] DEBUG org.asynchttpclient.netty.request.NettyRequestSender - Using open Channel [id: 0xcf9c9f14, L:/127.0.0.1:58377 - R:localhost/127.0.0.1:8403] for GET '/session/ed24354d64eaadc2ac51167a3aa116a0/screenshot'
01:32:48.308 [AsyncHttpClient-1-16] DEBUG org.asynchttpclient.netty.handler.HttpHandler - 

Request DefaultFullHttpRequest(decodeResult: success, version: HTTP/1.1, content: EmptyByteBufBE)
GET /session/ed24354d64eaadc2ac51167a3aa116a0/screenshot HTTP/1.1
User-Agent: selenium/4.8.1 (java windows)
Cache-Control: no-cache
Content-Type: application/json; charset=utf-8
host: localhost:8403
accept: */*

Response DefaultHttpResponse(decodeResult: success, version: HTTP/1.1)
HTTP/1.1 200 OK
Content-Length: 20964
Content-Type: application/json; charset=utf-8
cache-control: no-cache

01:32:48.308 [AsyncHttpClient-1-16] DEBUG org.asynchttpclient.netty.channel.ChannelManager - Adding key: http://localhost:8403 for channel [id: 0xcf9c9f14, L:/127.0.0.1:58377 - R:localhost/127.0.0.1:8403]
01:32:48.310 [main] DEBUG net.serenitybdd.core.photography.Darkroom - Send negative for processing for target\site\serenity\5e624ab4c7aedc2c7d334dc50dbb4e4046a8cca75478ce763033e853f8004536.png
01:32:48.310 [main] DEBUG net.thucydides.core.steps.StepInterceptor - STEP DONE: clickdetailButton
  &amp#27;[32mAnd &amp#27;[0m&amp#27;[32mI click detail button from one of product&amp#27;[0m                 &amp#27;[90m# starter.stepdefinitions.LoginSteps.clickDetailButton()&amp#27;[0m
01:32:48.310 [Darkroom Processing Line] DEBUG net.serenitybdd.core.photography.DarkroomProcessingLine - Processing screenshot image in /var/screenshots/screenshot-6072208058258115165
01:32:48.310 [Darkroom Processing Line] DEBUG net.serenitybdd.core.photography.DarkroomProcessingLine - Saving screenshot to target\site\serenity\5e624ab4c7aedc2c7d334dc50dbb4e4046a8cca75478ce763033e853f8004536.png
01:32:48.319 [Forwarding getPageSource on session ed24354d64eaadc2ac51167a3aa116a0 to remote] DEBUG org.asynchttpclient.netty.request.NettyRequestSender - Using pooled Channel '[id: 0xcf9c9f14, L:/127.0.0.1:58377 - R:localhost/127.0.0.1:8403]' for 'POST' to 'http://localhost:8403/session/ed24354d64eaadc2ac51167a3aa116a0/execute/sync'
01:32:48.319 [Forwarding getPageSource on session ed24354d64eaadc2ac51167a3aa116a0 to remote] DEBUG org.asynchttpclient.netty.request.NettyRequestSender - Using open Channel [id: 0xcf9c9f14, L:/127.0.0.1:58377 - R:localhost/127.0.0.1:8403] for POST '/session/ed24354d64eaadc2ac51167a3aa116a0/execute/sync'
01:32:48.331 [AsyncHttpClient-1-16] DEBUG org.asynchttpclient.netty.handler.HttpHandler - 

Request DefaultHttpRequest(decodeResult: success, version: HTTP/1.1)
POST /session/ed24354d64eaadc2ac51167a3aa116a0/execute/sync HTTP/1.1
User-Agent: selenium/4.8.1 (java windows)
Content-Length: 176
Content-Type: application/json; charset=utf-8
host: localhost:8403
accept: */*

Response DefaultHttpResponse(decodeResult: success, version: HTTP/1.1)
HTTP/1.1 200 OK
Content-Length: 20844
Content-Type: application/json; charset=utf-8
cache-control: no-cache

01:32:48.331 [AsyncHttpClient-1-16] DEBUG org.asynchttpclient.netty.channel.ChannelManager - Adding key: http://localhost:8403 for channel [id: 0xcf9c9f14, L:/127.0.0.1:58377 - R:localhost/127.0.0.1:8403]
01:32:48.334 [Forwarding getCurrentUrl on session ed24354d64eaadc2ac51167a3aa116a0 to remote] DEBUG org.asynchttpclient.netty.request.NettyRequestSender - Using pooled Channel '[id: 0xcf9c9f14, L:/127.0.0.1:58377 - R:localhost/127.0.0.1:8403]' for 'GET' to 'http://localhost:8403/session/ed24354d64eaadc2ac51167a3aa116a0/url'
01:32:48.334 [Forwarding getCurrentUrl on session ed24354d64eaadc2ac51167a3aa116a0 to remote] DEBUG org.asynchttpclient.netty.request.NettyRequestSender - Using open Channel [id: 0xcf9c9f14, L:/127.0.0.1:58377 - R:localhost/127.0.0.1:8403] for GET '/session/ed24354d64eaadc2ac51167a3aa116a0/url'
01:32:48.338 [AsyncHttpClient-1-16] DEBUG org.asynchttpclient.netty.handler.HttpHandler - 

Request DefaultFullHttpRequest(decodeResult: success, version: HTTP/1.1, content: EmptyByteBufBE)
GET /session/ed24354d64eaadc2ac51167a3aa116a0/url HTTP/1.1
User-Agent: selenium/4.8.1 (java windows)
Cache-Control: no-cache
Content-Type: application/json; charset=utf-8
host: localhost:8403
accept: */*

Response DefaultHttpResponse(decodeResult: success, version: HTTP/1.1)
HTTP/1.1 200 OK
Content-Length: 55
Content-Type: application/json; charset=utf-8
cache-control: no-cache

01:32:48.338 [AsyncHttpClient-1-16] DEBUG org.asynchttpclient.netty.channel.ChannelManager - Adding key: http://localhost:8403 for channel [id: 0xcf9c9f14, L:/127.0.0.1:58377 - R:localhost/127.0.0.1:8403]
01:32:48.342 [Forwarding findElement on session ed24354d64eaadc2ac51167a3aa116a0 to remote] DEBUG org.asynchttpclient.netty.request.NettyRequestSender - Using pooled Channel '[id: 0xcf9c9f14, L:/127.0.0.1:58377 - R:localhost/127.0.0.1:8403]' for 'POST' to 'http://localhost:8403/session/ed24354d64eaadc2ac51167a3aa116a0/element'
01:32:48.342 [Forwarding findElement on session ed24354d64eaadc2ac51167a3aa116a0 to remote] DEBUG org.asynchttpclient.netty.request.NettyRequestSender - Using open Channel [id: 0xcf9c9f14, L:/127.0.0.1:58377 - R:localhost/127.0.0.1:8403] for POST '/session/ed24354d64eaadc2ac51167a3aa116a0/element'
01:32:48.353 [AsyncHttpClient-1-16] DEBUG org.asynchttpclient.netty.handler.HttpHandler - 

Request DefaultHttpRequest(decodeResult: success, version: HTTP/1.1)
POST /session/ed24354d64eaadc2ac51167a3aa116a0/element HTTP/1.1
User-Agent: selenium/4.8.1 (java windows)
Content-Length: 75
Content-Type: application/json; charset=utf-8
host: localhost:8403
accept: */*

Response DefaultHttpResponse(decodeResult: success, version: HTTP/1.1)
HTTP/1.1 200 OK
Content-Length: 88
Content-Type: application/json; charset=utf-8
cache-control: no-cache

01:32:48.354 [AsyncHttpClient-1-16] DEBUG org.asynchttpclient.netty.channel.ChannelManager - Adding key: http://localhost:8403 for channel [id: 0xcf9c9f14, L:/127.0.0.1:58377 - R:localhost/127.0.0.1:8403]
01:32:48.357 [Forwarding isElementDisplayed on session ed24354d64eaadc2ac51167a3aa116a0 to remote] DEBUG org.asynchttpclient.netty.request.NettyRequestSender - Using pooled Channel '[id: 0xcf9c9f14, L:/127.0.0.1:58377 - R:localhost/127.0.0.1:8403]' for 'POST' to 'http://localhost:8403/session/ed24354d64eaadc2ac51167a3aa116a0/execute/sync'
01:32:48.357 [Forwarding isElementDisplayed on session ed24354d64eaadc2ac51167a3aa116a0 to remote] DEBUG org.asynchttpclient.netty.request.NettyRequestSender - Using open Channel [id: 0xcf9c9f14, L:/127.0.0.1:58377 - R:localhost/127.0.0.1:8403] for POST '/session/ed24354d64eaadc2ac51167a3aa116a0/execute/sync'
01:32:48.380 [AsyncHttpClient-1-16] DEBUG org.asynchttpclient.netty.handler.HttpHandler - 

Request DefaultHttpRequest(decodeResult: success, version: HTTP/1.1)
POST /session/ed24354d64eaadc2ac51167a3aa116a0/execute/sync HTTP/1.1
User-Agent: selenium/4.8.1 (java windows)
Content-Length: 48807
Content-Type: application/json; charset=utf-8
host: localhost:8403
accept: */*

Response DefaultHttpResponse(decodeResult: success, version: HTTP/1.1)
HTTP/1.1 200 OK
Content-Length: 14
Content-Type: application/json; charset=utf-8
cache-control: no-cache

01:32:48.381 [AsyncHttpClient-1-16] DEBUG org.asynchttpclient.netty.channel.ChannelManager - Adding key: http://localhost:8403 for channel [id: 0xcf9c9f14, L:/127.0.0.1:58377 - R:localhost/127.0.0.1:8403]
  &amp#27;[32mThen &amp#27;[0m&amp#27;[32mI see product details&amp#27;[0m                                    &amp#27;[90m# starter.stepdefinitions.LoginSteps.seeProductDetails()&amp#27;[0m
01:32:48.385 [Forwarding getAlertText on session ed24354d64eaadc2ac51167a3aa116a0 to remote] DEBUG org.asynchttpclient.netty.request.NettyRequestSender - Using pooled Channel '[id: 0xcf9c9f14, L:/127.0.0.1:58377 - R:localhost/127.0.0.1:8403]' for 'GET' to 'http://localhost:8403/session/ed24354d64eaadc2ac51167a3aa116a0/alert/text'
01:32:48.385 [Forwarding getAlertText on session ed24354d64eaadc2ac51167a3aa116a0 to remote] DEBUG org.asynchttpclient.netty.request.NettyRequestSender - Using open Channel [id: 0xcf9c9f14, L:/127.0.0.1:58377 - R:localhost/127.0.0.1:8403] for GET '/session/ed24354d64eaadc2ac51167a3aa116a0/alert/text'
01:32:48.387 [AsyncHttpClient-1-16] DEBUG org.asynchttpclient.netty.handler.HttpHandler - 

Request DefaultFullHttpRequest(decodeResult: success, version: HTTP/1.1, content: EmptyByteBufBE)
GET /session/ed24354d64eaadc2ac51167a3aa116a0/alert/text HTTP/1.1
User-Agent: selenium/4.8.1 (java windows)
Cache-Control: no-cache
Content-Type: application/json; charset=utf-8
host: localhost:8403
accept: */*

Response DefaultHttpResponse(decodeResult: success, version: HTTP/1.1)
HTTP/1.1 404 Not Found
Content-Length: 816
Content-Type: application/json; charset=utf-8
cache-control: no-cache

01:32:48.387 [AsyncHttpClient-1-16] DEBUG org.asynchttpclient.netty.channel.ChannelManager - Adding key: http://localhost:8403 for channel [id: 0xcf9c9f14, L:/127.0.0.1:58377 - R:localhost/127.0.0.1:8403]
01:32:48.388 [Forwarding getCurrentUrl on session ed24354d64eaadc2ac51167a3aa116a0 to remote] DEBUG org.asynchttpclient.netty.request.NettyRequestSender - Using pooled Channel '[id: 0xcf9c9f14, L:/127.0.0.1:58377 - R:localhost/127.0.0.1:8403]' for 'GET' to 'http://localhost:8403/session/ed24354d64eaadc2ac51167a3aa116a0/url'
01:32:48.388 [Forwarding getCurrentUrl on session ed24354d64eaadc2ac51167a3aa116a0 to remote] DEBUG org.asynchttpclient.netty.request.NettyRequestSender - Using open Channel [id: 0xcf9c9f14, L:/127.0.0.1:58377 - R:localhost/127.0.0.1:8403] for GET '/session/ed24354d64eaadc2ac51167a3aa116a0/url'
01:32:48.391 [AsyncHttpClient-1-16] DEBUG org.asynchttpclient.netty.handler.HttpHandler - 

Request DefaultFullHttpRequest(decodeResult: success, version: HTTP/1.1, content: EmptyByteBufBE)
GET /session/ed24354d64eaadc2ac51167a3aa116a0/url HTTP/1.1
User-Agent: selenium/4.8.1 (java windows)
Cache-Control: no-cache
Content-Type: application/json; charset=utf-8
host: localhost:8403
accept: */*

Response DefaultHttpResponse(decodeResult: success, version: HTTP/1.1)
HTTP/1.1 200 OK
Content-Length: 55
Content-Type: application/json; charset=utf-8
cache-control: no-cache

01:32:48.391 [AsyncHttpClient-1-16] DEBUG org.asynchttpclient.netty.channel.ChannelManager - Adding key: http://localhost:8403 for channel [id: 0xcf9c9f14, L:/127.0.0.1:58377 - R:localhost/127.0.0.1:8403]
01:32:48.392 [Forwarding screenshot on session ed24354d64eaadc2ac51167a3aa116a0 to remote] DEBUG org.asynchttpclient.netty.request.NettyRequestSender - Using pooled Channel '[id: 0xcf9c9f14, L:/127.0.0.1:58377 - R:localhost/127.0.0.1:8403]' for 'GET' to 'http://localhost:8403/session/ed24354d64eaadc2ac51167a3aa116a0/screenshot'
01:32:48.392 [Forwarding screenshot on session ed24354d64eaadc2ac51167a3aa116a0 to remote] DEBUG org.asynchttpclient.netty.request.NettyRequestSender - Using open Channel [id: 0xcf9c9f14, L:/127.0.0.1:58377 - R:localhost/127.0.0.1:8403] for GET '/session/ed24354d64eaadc2ac51167a3aa116a0/screenshot'
01:32:48.498 [AsyncHttpClient-1-1] DEBUG org.asynchttpclient.netty.channel.DefaultChannelPool - Entry count for : http://localhost:58378 : 1
01:32:48.558 [AsyncHttpClient-1-16] DEBUG org.asynchttpclient.netty.handler.HttpHandler - 

Request DefaultFullHttpRequest(decodeResult: success, version: HTTP/1.1, content: EmptyByteBufBE)
GET /session/ed24354d64eaadc2ac51167a3aa116a0/screenshot HTTP/1.1
User-Agent: selenium/4.8.1 (java windows)
Cache-Control: no-cache
Content-Type: application/json; charset=utf-8
host: localhost:8403
accept: */*

Response DefaultHttpResponse(decodeResult: success, version: HTTP/1.1)
HTTP/1.1 200 OK
Content-Length: 34992
Content-Type: application/json; charset=utf-8
cache-control: no-cache

01:32:48.558 [AsyncHttpClient-1-16] DEBUG org.asynchttpclient.netty.channel.ChannelManager - Adding key: http://localhost:8403 for channel [id: 0xcf9c9f14, L:/127.0.0.1:58377 - R:localhost/127.0.0.1:8403]
01:32:48.560 [main] DEBUG net.serenitybdd.core.photography.Darkroom - Send negative for processing for target\site\serenity\29a47f48b14004413157cf19116f995bcc6c2026c9cb82f08167540a25512729.png
01:32:48.561 [Darkroom Processing Line] DEBUG net.serenitybdd.core.photography.DarkroomProcessingLine - Processing screenshot image in /var/screenshots/screenshot-6918392599274220556
01:32:48.561 [Darkroom Processing Line] DEBUG net.serenitybdd.core.photography.DarkroomProcessingLine - Saving screenshot to target\site\serenity\29a47f48b14004413157cf19116f995bcc6c2026c9cb82f08167540a25512729.png
01:32:48.562 [main] INFO  - 
  _____   ___   ___   _____     ___     _     ___   ___   ___   ___  
 |_   _| | __| / __| |_   _|   | _ \   /_\   / __| / __| | __| |   \ 
   | |   | _|  \__ \   | |     |  _/  / _ \  \__ \ \__ \ | _|  | |) |
   |_|   |___| |___/   |_|     |_|   /_/ \_\ |___/ |___/ |___| |___/ 

As user i have be able to success see product details
----------------------------------------------------------------------
01:32:48.564 [AsyncHttpClient-1-2] DEBUG org.asynchttpclient.netty.handler.WebSocketHandler - Channel Closed: [id: 0xc1b50486, L:/127.0.0.1:58385 ! R:localhost/127.0.0.1:58378] with attribute NettyResponseFuture{currentRetry=0,
	isDone=1,
	isCancelled=0,
	asyncHandler=org.asynchttpclient.ws.WebSocketUpgradeHandler@66a3499a,
	nettyRequest=org.asynchttpclient.netty.request.NettyRequest@193c8346,
	future=java.util.concurrent.CompletableFuture@e48a6d[Completed normally],
	uri=ws://localhost:58378/devtools/browser/35c42309-16b5-4e22-8ab7-b6d667ede3f2,
	keepAlive=true,
	redirectCount=0,
	timeoutsHolder=null,
	inAuth=0,
	touch=1683484363504}
01:32:48.564 [Driver Command Executor] DEBUG org.asynchttpclient.netty.request.NettyRequestSender - Using pooled Channel '[id: 0xcf9c9f14, L:/127.0.0.1:58377 - R:localhost/127.0.0.1:8403]' for 'DELETE' to 'http://localhost:8403/session/ed24354d64eaadc2ac51167a3aa116a0'
01:32:48.564 [AsyncHttpClient-1-2] DEBUG org.asynchttpclient.netty.channel.ChannelManager - Closing Channel [id: 0xc1b50486, L:/127.0.0.1:58385 ! R:localhost/127.0.0.1:58378] 
01:32:48.564 [Driver Command Executor] DEBUG org.asynchttpclient.netty.request.NettyRequestSender - Using open Channel [id: 0xcf9c9f14, L:/127.0.0.1:58377 - R:localhost/127.0.0.1:8403] for DELETE '/session/ed24354d64eaadc2ac51167a3aa116a0'
01:32:48.612 [AsyncHttpClient-1-17] DEBUG org.asynchttpclient.netty.handler.HttpHandler - Unexpected I/O exception on channel [id: 0x2cecc8c2, L:/127.0.0.1:58384 - R:localhost/127.0.0.1:58378]
java.io.IOException: An existing connection was forcibly closed by the remote host
	at sun.nio.ch.SocketDispatcher.read0(Native Method)
	at sun.nio.ch.SocketDispatcher.read(Unknown Source)
	at sun.nio.ch.IOUtil.readIntoNativeBuffer(Unknown Source)
	at sun.nio.ch.IOUtil.read(Unknown Source)
	at sun.nio.ch.SocketChannelImpl.read(Unknown Source)
	at io.netty.buffer.PooledByteBuf.setBytes(PooledByteBuf.java:259)
	at io.netty.buffer.AbstractByteBuf.writeBytes(AbstractByteBuf.java:1132)
	at io.netty.channel.socket.nio.NioSocketChannel.doReadBytes(NioSocketChannel.java:357)
	at io.netty.channel.nio.AbstractNioByteChannel$NioByteUnsafe.read(AbstractNioByteChannel.java:151)
	at io.netty.channel.nio.NioEventLoop.processSelectedKey(NioEventLoop.java:788)
	at io.netty.channel.nio.NioEventLoop.processSelectedKeysOptimized(NioEventLoop.java:724)
	at io.netty.channel.nio.NioEventLoop.processSelectedKeys(NioEventLoop.java:650)
	at io.netty.channel.nio.NioEventLoop.run(NioEventLoop.java:562)
	at io.netty.util.concurrent.SingleThreadEventExecutor$4.run(SingleThreadEventExecutor.java:997)
	at io.netty.util.internal.ThreadExecutorMap$2.run(ThreadExecutorMap.java:74)
	at io.netty.util.concurrent.FastThreadLocalRunnable.run(FastThreadLocalRunnable.java:30)
	at java.lang.Thread.run(Unknown Source)
01:32:48.612 [AsyncHttpClient-1-17] DEBUG org.asynchttpclient.netty.channel.ChannelManager - Closing Channel [id: 0x2cecc8c2, L:/127.0.0.1:58384 - R:localhost/127.0.0.1:58378] 
01:32:48.612 [AsyncHttpClient-1-17] DEBUG org.asynchttpclient.netty.handler.HttpHandler - Channel Closed: [id: 0x2cecc8c2, L:/127.0.0.1:58384 ! R:localhost/127.0.0.1:58378] with attribute DISCARD
01:32:48.629 [AsyncHttpClient-1-16] DEBUG org.asynchttpclient.netty.handler.HttpHandler - 

Request DefaultFullHttpRequest(decodeResult: success, version: HTTP/1.1, content: EmptyByteBufBE)
DELETE /session/ed24354d64eaadc2ac51167a3aa116a0 HTTP/1.1
User-Agent: selenium/4.8.1 (java windows)
Content-Type: application/json; charset=utf-8
host: localhost:8403
accept: */*

Response DefaultHttpResponse(decodeResult: success, version: HTTP/1.1)
HTTP/1.1 200 OK
Content-Length: 14
Content-Type: application/json; charset=utf-8
cache-control: no-cache

01:32:48.629 [AsyncHttpClient-1-16] DEBUG org.asynchttpclient.netty.channel.ChannelManager - Adding key: http://localhost:8403 for channel [id: 0xcf9c9f14, L:/127.0.0.1:58377 - R:localhost/127.0.0.1:8403]
01:32:48.706 [AsyncHttpClient-1-16] DEBUG org.asynchttpclient.netty.handler.HttpHandler - Channel Closed: [id: 0xcf9c9f14, L:/127.0.0.1:58377 ! R:localhost/127.0.0.1:8403] with attribute DISCARD
]]></system-out>
    <system-err><![CDATA[Starting ChromeDriver 111.0.5563.64 (c710e93d5b63b7095afe8c2c17df34408078439d-refs/branch-heads/5563@{#995}) on port 8403
Only local connections are allowed.
Please see https://chromedriver.chromium.org/security-considerations for suggestions on keeping ChromeDriver safe.
ChromeDriver was started successfully.
[1683484363.359][WARNING]: This version of ChromeDriver has not been tested with Chrome version 112.
Mei 08, 2023 1:32:43 AM org.openqa.selenium.devtools.CdpVersionFinder findNearestMatch
WARNING: Unable to find an exact match for CDP version 112, so returning the closest version found: 110
]]></system-err>
  </testcase>
  <testcase name="As user i have be able to success adding purchase product" classname="Products" time="11.89">
    <system-out><![CDATA[
Scenario: As user i have be able to success adding purchase product &amp#27;[90m# src/test/resources/features/Products.feature:12&amp#27;[0m
01:32:49.236 [main] DEBUG io.cucumber.core.plugin.SerenityReporter - Running feature from file:///D:/TUGAS%20SEMESTER%206/Mini%20Project/WebTest-MiniProject/src/test/resources/features/Products.feature
01:32:49.239 [main] INFO  - 
  _____   ___   ___   _____     ___   _____     _     ___   _____   ___   ___  
 |_   _| | __| / __| |_   _|   / __| |_   _|   /_\   | _ \ |_   _| | __| |   \ 
   | |   | _|  \__ \   | |     \__ \   | |    / _ \  |   /   | |   | _|  | |) |
   |_|   |___| |___/   |_|     |___/   |_|   /_/ \_\ |_|_\   |_|   |___| |___/ 

As user i have be able to success adding purchase product(products;as-user-i-have-be-able-to-success-adding-purchase-product)
--------------------------------------------------------------------------------
01:32:49.317 [main] INFO net.serenitybdd.core.webdriver.driverproviders.ChromeDriverProvider - Starting Chrome driver instance with capabilities:
01:32:49.317 [main] INFO net.serenitybdd.core.webdriver.driverproviders.ChromeDriverProvider - Capabilities {acceptInsecureCerts: false, browserName: chrome, goog:chromeOptions: {args: [remote-allow-origins=*], extensions: []}}
01:32:49.590 [AsyncHttpClient-1-1] DEBUG org.asynchttpclient.netty.channel.DefaultChannelPool - Entry count for : http://localhost:8403 : 1
01:32:49.590 [AsyncHttpClient-1-1] DEBUG org.asynchttpclient.netty.channel.DefaultChannelPool - Entry count for : http://localhost:58378 : 1
01:32:49.590 [AsyncHttpClient-1-1] DEBUG org.asynchttpclient.netty.channel.DefaultChannelPool - Adding Candidate expired Channel [id: 0xcf9c9f14, L:/127.0.0.1:58377 ! R:localhost/127.0.0.1:8403] isIdleTimeoutExpired=false isRemotelyClosed=true isTtlExpired=false
01:32:49.590 [AsyncHttpClient-1-1] DEBUG org.asynchttpclient.netty.channel.DefaultChannelPool - Closing Idle Channel [id: 0xcf9c9f14, L:/127.0.0.1:58377 ! R:localhost/127.0.0.1:8403]
01:32:49.590 [AsyncHttpClient-1-1] DEBUG org.asynchttpclient.netty.channel.DefaultChannelPool - Adding Candidate expired Channel [id: 0x2cecc8c2, L:/127.0.0.1:58384 ! R:localhost/127.0.0.1:58378] isIdleTimeoutExpired=false isRemotelyClosed=true isTtlExpired=false
01:32:49.590 [AsyncHttpClient-1-1] DEBUG org.asynchttpclient.netty.channel.DefaultChannelPool - Closing Idle Channel [id: 0x2cecc8c2, L:/127.0.0.1:58384 ! R:localhost/127.0.0.1:58378]
01:32:49.590 [AsyncHttpClient-1-1] DEBUG org.asynchttpclient.netty.channel.DefaultChannelPool - Closed 2 connections out of 2 in 0 ms
01:32:49.905 [AsyncHttpClient-1-3] DEBUG org.asynchttpclient.netty.channel.NettyConnectListener - Using new Channel '[id: 0x29c345d7, L:/127.0.0.1:58401 - R:localhost/127.0.0.1:30243]' for 'POST' to '/session'
01:32:50.628 [AsyncHttpClient-1-3] DEBUG org.asynchttpclient.netty.handler.HttpHandler - 

Request DefaultHttpRequest(decodeResult: success, version: HTTP/1.1)
POST /session HTTP/1.1
User-Agent: selenium/4.8.1 (java windows)
Content-Length: 507
Content-Type: application/json; charset=utf-8
host: localhost:30243
accept: */*

Response DefaultHttpResponse(decodeResult: success, version: HTTP/1.1)
HTTP/1.1 200 OK
Content-Length: 858
Content-Type: application/json; charset=utf-8
cache-control: no-cache

01:32:50.628 [AsyncHttpClient-1-3] DEBUG org.asynchttpclient.netty.channel.ChannelManager - Adding key: http://localhost:30243 for channel [id: 0x29c345d7, L:/127.0.0.1:58401 - R:localhost/127.0.0.1:30243]
01:32:50.634 [AsyncHttpClient-1-4] DEBUG org.asynchttpclient.netty.channel.NettyConnectListener - Using new Channel '[id: 0x6595ab70, L:/127.0.0.1:58408 - R:localhost/127.0.0.1:58402]' for 'GET' to '/json/version'
01:32:50.636 [AsyncHttpClient-1-4] DEBUG org.asynchttpclient.netty.handler.HttpHandler - 

Request DefaultFullHttpRequest(decodeResult: success, version: HTTP/1.1, content: EmptyByteBufBE)
GET /json/version HTTP/1.1
User-Agent: selenium/4.8.1 (java windows)
host: localhost:58402
accept: */*

Response DefaultHttpResponse(decodeResult: success, version: HTTP/1.1)
HTTP/1.1 200 OK
Content-Security-Policy: frame-ancestors 'none'
Content-Length: 424
Content-Type: application/json; charset=UTF-8

01:32:50.636 [AsyncHttpClient-1-4] DEBUG org.asynchttpclient.netty.channel.ChannelManager - Adding key: http://localhost:58402 for channel [id: 0x6595ab70, L:/127.0.0.1:58408 - R:localhost/127.0.0.1:58402]
01:32:50.640 [AsyncHttpClient-1-5] DEBUG org.asynchttpclient.netty.channel.NettyConnectListener - Using new Channel '[id: 0x3c589f96, L:/127.0.0.1:58409 - R:localhost/127.0.0.1:58402]' for 'GET' to '/devtools/browser/ec518805-01e2-4494-bf68-2229d65fbd92'
01:32:50.641 [AsyncHttpClient-1-5] DEBUG org.asynchttpclient.netty.handler.WebSocketHandler - 

Request DefaultFullHttpRequest(decodeResult: success, version: HTTP/1.1, content: EmptyByteBufBE)
GET /devtools/browser/ec518805-01e2-4494-bf68-2229d65fbd92 HTTP/1.1
upgrade: websocket
connection: upgrade
sec-websocket-key: +eRul6uK/VLwpXjGUwJAIg==
sec-websocket-version: 13
origin: http://localhost:58402
host: localhost:58402
accept: */*
user-agent: AHC/2.1

Response DefaultHttpResponse(decodeResult: success, version: HTTP/1.1)
HTTP/1.1 101 WebSocket Protocol Handshake
Upgrade: WebSocket
Connection: Upgrade
Sec-WebSocket-Accept: QuT8WTXrgll1vd+aIHQcPRz9acY=

01:32:50.645 [Forwarding get on session 097eded59a03b14bffeea67c4de2fcbe to remote] DEBUG org.asynchttpclient.netty.request.NettyRequestSender - Using pooled Channel '[id: 0x29c345d7, L:/127.0.0.1:58401 - R:localhost/127.0.0.1:30243]' for 'POST' to 'http://localhost:30243/session/097eded59a03b14bffeea67c4de2fcbe/url'
01:32:50.646 [Forwarding get on session 097eded59a03b14bffeea67c4de2fcbe to remote] DEBUG org.asynchttpclient.netty.request.NettyRequestSender - Using open Channel [id: 0x29c345d7, L:/127.0.0.1:58401 - R:localhost/127.0.0.1:30243] for POST '/session/097eded59a03b14bffeea67c4de2fcbe/url'
01:32:50.691 [AsyncHttpClient-1-1] DEBUG org.asynchttpclient.netty.channel.DefaultChannelPool - Entry count for : http://localhost:58402 : 1
01:32:51.326 [AsyncHttpClient-1-3] DEBUG org.asynchttpclient.netty.handler.HttpHandler - 

Request DefaultHttpRequest(decodeResult: success, version: HTTP/1.1)
POST /session/097eded59a03b14bffeea67c4de2fcbe/url HTTP/1.1
User-Agent: selenium/4.8.1 (java windows)
Content-Length: 74
Content-Type: application/json; charset=utf-8
host: localhost:30243
accept: */*

Response DefaultHttpResponse(decodeResult: success, version: HTTP/1.1)
HTTP/1.1 200 OK
Content-Length: 14
Content-Type: application/json; charset=utf-8
cache-control: no-cache

01:32:51.326 [AsyncHttpClient-1-3] DEBUG org.asynchttpclient.netty.channel.ChannelManager - Adding key: http://localhost:30243 for channel [id: 0x29c345d7, L:/127.0.0.1:58401 - R:localhost/127.0.0.1:30243]
01:32:51.327 [Forwarding setTimeout on session 097eded59a03b14bffeea67c4de2fcbe to remote] DEBUG org.asynchttpclient.netty.request.NettyRequestSender - Using pooled Channel '[id: 0x29c345d7, L:/127.0.0.1:58401 - R:localhost/127.0.0.1:30243]' for 'POST' to 'http://localhost:30243/session/097eded59a03b14bffeea67c4de2fcbe/timeouts'
01:32:51.327 [Forwarding setTimeout on session 097eded59a03b14bffeea67c4de2fcbe to remote] DEBUG org.asynchttpclient.netty.request.NettyRequestSender - Using open Channel [id: 0x29c345d7, L:/127.0.0.1:58401 - R:localhost/127.0.0.1:30243] for POST '/session/097eded59a03b14bffeea67c4de2fcbe/timeouts'
01:32:51.328 [AsyncHttpClient-1-3] DEBUG org.asynchttpclient.netty.handler.HttpHandler - 

Request DefaultHttpRequest(decodeResult: success, version: HTTP/1.1)
POST /session/097eded59a03b14bffeea67c4de2fcbe/timeouts HTTP/1.1
User-Agent: selenium/4.8.1 (java windows)
Content-Length: 22
Content-Type: application/json; charset=utf-8
host: localhost:30243
accept: */*

Response DefaultHttpResponse(decodeResult: success, version: HTTP/1.1)
HTTP/1.1 200 OK
Content-Length: 14
Content-Type: application/json; charset=utf-8
cache-control: no-cache

01:32:51.328 [AsyncHttpClient-1-3] DEBUG org.asynchttpclient.netty.channel.ChannelManager - Adding key: http://localhost:30243 for channel [id: 0x29c345d7, L:/127.0.0.1:58401 - R:localhost/127.0.0.1:30243]
01:32:51.335 [Forwarding getAlertText on session 097eded59a03b14bffeea67c4de2fcbe to remote] DEBUG org.asynchttpclient.netty.request.NettyRequestSender - Using pooled Channel '[id: 0x29c345d7, L:/127.0.0.1:58401 - R:localhost/127.0.0.1:30243]' for 'GET' to 'http://localhost:30243/session/097eded59a03b14bffeea67c4de2fcbe/alert/text'
01:32:51.335 [Forwarding getAlertText on session 097eded59a03b14bffeea67c4de2fcbe to remote] DEBUG org.asynchttpclient.netty.request.NettyRequestSender - Using open Channel [id: 0x29c345d7, L:/127.0.0.1:58401 - R:localhost/127.0.0.1:30243] for GET '/session/097eded59a03b14bffeea67c4de2fcbe/alert/text'
01:32:51.338 [AsyncHttpClient-1-3] DEBUG org.asynchttpclient.netty.handler.HttpHandler - 

Request DefaultFullHttpRequest(decodeResult: success, version: HTTP/1.1, content: EmptyByteBufBE)
GET /session/097eded59a03b14bffeea67c4de2fcbe/alert/text HTTP/1.1
User-Agent: selenium/4.8.1 (java windows)
Cache-Control: no-cache
Content-Type: application/json; charset=utf-8
host: localhost:30243
accept: */*

Response DefaultHttpResponse(decodeResult: success, version: HTTP/1.1)
HTTP/1.1 404 Not Found
Content-Length: 816
Content-Type: application/json; charset=utf-8
cache-control: no-cache

01:32:51.338 [AsyncHttpClient-1-3] DEBUG org.asynchttpclient.netty.channel.ChannelManager - Adding key: http://localhost:30243 for channel [id: 0x29c345d7, L:/127.0.0.1:58401 - R:localhost/127.0.0.1:30243]
01:32:51.339 [Forwarding getCurrentUrl on session 097eded59a03b14bffeea67c4de2fcbe to remote] DEBUG org.asynchttpclient.netty.request.NettyRequestSender - Using pooled Channel '[id: 0x29c345d7, L:/127.0.0.1:58401 - R:localhost/127.0.0.1:30243]' for 'GET' to 'http://localhost:30243/session/097eded59a03b14bffeea67c4de2fcbe/url'
01:32:51.339 [Forwarding getCurrentUrl on session 097eded59a03b14bffeea67c4de2fcbe to remote] DEBUG org.asynchttpclient.netty.request.NettyRequestSender - Using open Channel [id: 0x29c345d7, L:/127.0.0.1:58401 - R:localhost/127.0.0.1:30243] for GET '/session/097eded59a03b14bffeea67c4de2fcbe/url'
01:32:51.344 [AsyncHttpClient-1-3] DEBUG org.asynchttpclient.netty.handler.HttpHandler - 

Request DefaultFullHttpRequest(decodeResult: success, version: HTTP/1.1, content: EmptyByteBufBE)
GET /session/097eded59a03b14bffeea67c4de2fcbe/url HTTP/1.1
User-Agent: selenium/4.8.1 (java windows)
Cache-Control: no-cache
Content-Type: application/json; charset=utf-8
host: localhost:30243
accept: */*

Response DefaultHttpResponse(decodeResult: success, version: HTTP/1.1)
HTTP/1.1 200 OK
Content-Length: 51
Content-Type: application/json; charset=utf-8
cache-control: no-cache

01:32:51.344 [AsyncHttpClient-1-3] DEBUG org.asynchttpclient.netty.channel.ChannelManager - Adding key: http://localhost:30243 for channel [id: 0x29c345d7, L:/127.0.0.1:58401 - R:localhost/127.0.0.1:30243]
01:32:51.345 [Forwarding screenshot on session 097eded59a03b14bffeea67c4de2fcbe to remote] DEBUG org.asynchttpclient.netty.request.NettyRequestSender - Using pooled Channel '[id: 0x29c345d7, L:/127.0.0.1:58401 - R:localhost/127.0.0.1:30243]' for 'GET' to 'http://localhost:30243/session/097eded59a03b14bffeea67c4de2fcbe/screenshot'
01:32:51.345 [Forwarding screenshot on session 097eded59a03b14bffeea67c4de2fcbe to remote] DEBUG org.asynchttpclient.netty.request.NettyRequestSender - Using open Channel [id: 0x29c345d7, L:/127.0.0.1:58401 - R:localhost/127.0.0.1:30243] for GET '/session/097eded59a03b14bffeea67c4de2fcbe/screenshot'
01:32:51.642 [AsyncHttpClient-1-3] DEBUG org.asynchttpclient.netty.handler.HttpHandler - 

Request DefaultFullHttpRequest(decodeResult: success, version: HTTP/1.1, content: EmptyByteBufBE)
GET /session/097eded59a03b14bffeea67c4de2fcbe/screenshot HTTP/1.1
User-Agent: selenium/4.8.1 (java windows)
Cache-Control: no-cache
Content-Type: application/json; charset=utf-8
host: localhost:30243
accept: */*

Response DefaultHttpResponse(decodeResult: success, version: HTTP/1.1)
HTTP/1.1 200 OK
Content-Length: 37680
Content-Type: application/json; charset=utf-8
cache-control: no-cache

01:32:51.642 [AsyncHttpClient-1-3] DEBUG org.asynchttpclient.netty.channel.ChannelManager - Adding key: http://localhost:30243 for channel [id: 0x29c345d7, L:/127.0.0.1:58401 - R:localhost/127.0.0.1:30243]
01:32:51.645 [main] DEBUG net.serenitybdd.core.photography.Darkroom - Send negative for processing for target\site\serenity\617ccc73021c4cab9dfa54c5aa3482f15135817f8e58f0514fd8d62047c1a9ab.png
01:32:51.646 [Forwarding getPageSource on session 097eded59a03b14bffeea67c4de2fcbe to remote] DEBUG org.asynchttpclient.netty.request.NettyRequestSender - Using pooled Channel '[id: 0x29c345d7, L:/127.0.0.1:58401 - R:localhost/127.0.0.1:30243]' for 'POST' to 'http://localhost:30243/session/097eded59a03b14bffeea67c4de2fcbe/execute/sync'
01:32:51.646 [Forwarding getPageSource on session 097eded59a03b14bffeea67c4de2fcbe to remote] DEBUG org.asynchttpclient.netty.request.NettyRequestSender - Using open Channel [id: 0x29c345d7, L:/127.0.0.1:58401 - R:localhost/127.0.0.1:30243] for POST '/session/097eded59a03b14bffeea67c4de2fcbe/execute/sync'
01:32:51.652 [AsyncHttpClient-1-3] DEBUG org.asynchttpclient.netty.handler.HttpHandler - 

Request DefaultHttpRequest(decodeResult: success, version: HTTP/1.1)
POST /session/097eded59a03b14bffeea67c4de2fcbe/execute/sync HTTP/1.1
User-Agent: selenium/4.8.1 (java windows)
Content-Length: 176
Content-Type: application/json; charset=utf-8
host: localhost:30243
accept: */*

Response DefaultHttpResponse(decodeResult: success, version: HTTP/1.1)
HTTP/1.1 200 OK
Content-Length: 21659
Content-Type: application/json; charset=utf-8
cache-control: no-cache

01:32:51.652 [AsyncHttpClient-1-3] DEBUG org.asynchttpclient.netty.channel.ChannelManager - Adding key: http://localhost:30243 for channel [id: 0x29c345d7, L:/127.0.0.1:58401 - R:localhost/127.0.0.1:30243]
01:32:51.655 [Forwarding getCurrentUrl on session 097eded59a03b14bffeea67c4de2fcbe to remote] DEBUG org.asynchttpclient.netty.request.NettyRequestSender - Using pooled Channel '[id: 0x29c345d7, L:/127.0.0.1:58401 - R:localhost/127.0.0.1:30243]' for 'GET' to 'http://localhost:30243/session/097eded59a03b14bffeea67c4de2fcbe/url'
01:32:51.655 [Forwarding getCurrentUrl on session 097eded59a03b14bffeea67c4de2fcbe to remote] DEBUG org.asynchttpclient.netty.request.NettyRequestSender - Using open Channel [id: 0x29c345d7, L:/127.0.0.1:58401 - R:localhost/127.0.0.1:30243] for GET '/session/097eded59a03b14bffeea67c4de2fcbe/url'
01:32:51.658 [AsyncHttpClient-1-3] DEBUG org.asynchttpclient.netty.handler.HttpHandler - 

Request DefaultFullHttpRequest(decodeResult: success, version: HTTP/1.1, content: EmptyByteBufBE)
GET /session/097eded59a03b14bffeea67c4de2fcbe/url HTTP/1.1
User-Agent: selenium/4.8.1 (java windows)
Cache-Control: no-cache
Content-Type: application/json; charset=utf-8
host: localhost:30243
accept: */*

Response DefaultHttpResponse(decodeResult: success, version: HTTP/1.1)
HTTP/1.1 200 OK
Content-Length: 51
Content-Type: application/json; charset=utf-8
cache-control: no-cache

01:32:51.658 [AsyncHttpClient-1-3] DEBUG org.asynchttpclient.netty.channel.ChannelManager - Adding key: http://localhost:30243 for channel [id: 0x29c345d7, L:/127.0.0.1:58401 - R:localhost/127.0.0.1:30243]
01:32:51.660 [main] DEBUG net.thucydides.core.steps.StepInterceptor - STARTING STEP: LoginSteps.onTheLoginPage - validateOnTheLoginPage
01:32:51.663 [Forwarding findElement on session 097eded59a03b14bffeea67c4de2fcbe to remote] DEBUG org.asynchttpclient.netty.request.NettyRequestSender - Using pooled Channel '[id: 0x29c345d7, L:/127.0.0.1:58401 - R:localhost/127.0.0.1:30243]' for 'POST' to 'http://localhost:30243/session/097eded59a03b14bffeea67c4de2fcbe/element'
01:32:51.663 [Forwarding findElement on session 097eded59a03b14bffeea67c4de2fcbe to remote] DEBUG org.asynchttpclient.netty.request.NettyRequestSender - Using open Channel [id: 0x29c345d7, L:/127.0.0.1:58401 - R:localhost/127.0.0.1:30243] for POST '/session/097eded59a03b14bffeea67c4de2fcbe/element'
01:32:51.675 [AsyncHttpClient-1-3] DEBUG org.asynchttpclient.netty.handler.HttpHandler - 

Request DefaultHttpRequest(decodeResult: success, version: HTTP/1.1)
POST /session/097eded59a03b14bffeea67c4de2fcbe/element HTTP/1.1
User-Agent: selenium/4.8.1 (java windows)
Content-Length: 165
Content-Type: application/json; charset=utf-8
host: localhost:30243
accept: */*

Response DefaultHttpResponse(decodeResult: success, version: HTTP/1.1)
HTTP/1.1 200 OK
Content-Length: 88
Content-Type: application/json; charset=utf-8
cache-control: no-cache

01:32:51.675 [AsyncHttpClient-1-3] DEBUG org.asynchttpclient.netty.channel.ChannelManager - Adding key: http://localhost:30243 for channel [id: 0x29c345d7, L:/127.0.0.1:58401 - R:localhost/127.0.0.1:30243]
01:32:51.677 [Forwarding isElementDisplayed on session 097eded59a03b14bffeea67c4de2fcbe to remote] DEBUG org.asynchttpclient.netty.request.NettyRequestSender - Using pooled Channel '[id: 0x29c345d7, L:/127.0.0.1:58401 - R:localhost/127.0.0.1:30243]' for 'POST' to 'http://localhost:30243/session/097eded59a03b14bffeea67c4de2fcbe/execute/sync'
01:32:51.677 [Forwarding isElementDisplayed on session 097eded59a03b14bffeea67c4de2fcbe to remote] DEBUG org.asynchttpclient.netty.request.NettyRequestSender - Using open Channel [id: 0x29c345d7, L:/127.0.0.1:58401 - R:localhost/127.0.0.1:30243] for POST '/session/097eded59a03b14bffeea67c4de2fcbe/execute/sync'
01:32:51.690 [AsyncHttpClient-1-3] DEBUG org.asynchttpclient.netty.handler.HttpHandler - 

Request DefaultHttpRequest(decodeResult: success, version: HTTP/1.1)
POST /session/097eded59a03b14bffeea67c4de2fcbe/execute/sync HTTP/1.1
User-Agent: selenium/4.8.1 (java windows)
Content-Length: 48807
Content-Type: application/json; charset=utf-8
host: localhost:30243
accept: */*

Response DefaultHttpResponse(decodeResult: success, version: HTTP/1.1)
HTTP/1.1 200 OK
Content-Length: 14
Content-Type: application/json; charset=utf-8
cache-control: no-cache

01:32:51.690 [AsyncHttpClient-1-3] DEBUG org.asynchttpclient.netty.channel.ChannelManager - Adding key: http://localhost:30243 for channel [id: 0x29c345d7, L:/127.0.0.1:58401 - R:localhost/127.0.0.1:30243]
01:32:51.694 [main] DEBUG net.thucydides.core.steps.StepInterceptor - STEP DONE: validateOnTheLoginPage
  &amp#27;[32mGiven &amp#27;[0m&amp#27;[32mI am on the login page&amp#27;[0m                                      &amp#27;[90m# starter.stepdefinitions.LoginSteps.onTheLoginPage()&amp#27;[0m
01:32:51.698 [Forwarding getAlertText on session 097eded59a03b14bffeea67c4de2fcbe to remote] DEBUG org.asynchttpclient.netty.request.NettyRequestSender - Using pooled Channel '[id: 0x29c345d7, L:/127.0.0.1:58401 - R:localhost/127.0.0.1:30243]' for 'GET' to 'http://localhost:30243/session/097eded59a03b14bffeea67c4de2fcbe/alert/text'
01:32:51.698 [Forwarding getAlertText on session 097eded59a03b14bffeea67c4de2fcbe to remote] DEBUG org.asynchttpclient.netty.request.NettyRequestSender - Using open Channel [id: 0x29c345d7, L:/127.0.0.1:58401 - R:localhost/127.0.0.1:30243] for GET '/session/097eded59a03b14bffeea67c4de2fcbe/alert/text'
01:32:51.700 [AsyncHttpClient-1-3] DEBUG org.asynchttpclient.netty.handler.HttpHandler - 

Request DefaultFullHttpRequest(decodeResult: success, version: HTTP/1.1, content: EmptyByteBufBE)
GET /session/097eded59a03b14bffeea67c4de2fcbe/alert/text HTTP/1.1
User-Agent: selenium/4.8.1 (java windows)
Cache-Control: no-cache
Content-Type: application/json; charset=utf-8
host: localhost:30243
accept: */*

Response DefaultHttpResponse(decodeResult: success, version: HTTP/1.1)
HTTP/1.1 404 Not Found
Content-Length: 816
Content-Type: application/json; charset=utf-8
cache-control: no-cache

01:32:51.700 [AsyncHttpClient-1-3] DEBUG org.asynchttpclient.netty.channel.ChannelManager - Adding key: http://localhost:30243 for channel [id: 0x29c345d7, L:/127.0.0.1:58401 - R:localhost/127.0.0.1:30243]
01:32:51.700 [Forwarding getCurrentUrl on session 097eded59a03b14bffeea67c4de2fcbe to remote] DEBUG org.asynchttpclient.netty.request.NettyRequestSender - Using pooled Channel '[id: 0x29c345d7, L:/127.0.0.1:58401 - R:localhost/127.0.0.1:30243]' for 'GET' to 'http://localhost:30243/session/097eded59a03b14bffeea67c4de2fcbe/url'
01:32:51.700 [Forwarding getCurrentUrl on session 097eded59a03b14bffeea67c4de2fcbe to remote] DEBUG org.asynchttpclient.netty.request.NettyRequestSender - Using open Channel [id: 0x29c345d7, L:/127.0.0.1:58401 - R:localhost/127.0.0.1:30243] for GET '/session/097eded59a03b14bffeea67c4de2fcbe/url'
01:32:51.704 [AsyncHttpClient-1-3] DEBUG org.asynchttpclient.netty.handler.HttpHandler - 

Request DefaultFullHttpRequest(decodeResult: success, version: HTTP/1.1, content: EmptyByteBufBE)
GET /session/097eded59a03b14bffeea67c4de2fcbe/url HTTP/1.1
User-Agent: selenium/4.8.1 (java windows)
Cache-Control: no-cache
Content-Type: application/json; charset=utf-8
host: localhost:30243
accept: */*

Response DefaultHttpResponse(decodeResult: success, version: HTTP/1.1)
HTTP/1.1 200 OK
Content-Length: 51
Content-Type: application/json; charset=utf-8
cache-control: no-cache

01:32:51.704 [AsyncHttpClient-1-3] DEBUG org.asynchttpclient.netty.channel.ChannelManager - Adding key: http://localhost:30243 for channel [id: 0x29c345d7, L:/127.0.0.1:58401 - R:localhost/127.0.0.1:30243]
01:32:51.704 [Forwarding screenshot on session 097eded59a03b14bffeea67c4de2fcbe to remote] DEBUG org.asynchttpclient.netty.request.NettyRequestSender - Using pooled Channel '[id: 0x29c345d7, L:/127.0.0.1:58401 - R:localhost/127.0.0.1:30243]' for 'GET' to 'http://localhost:30243/session/097eded59a03b14bffeea67c4de2fcbe/screenshot'
01:32:51.704 [Forwarding screenshot on session 097eded59a03b14bffeea67c4de2fcbe to remote] DEBUG org.asynchttpclient.netty.request.NettyRequestSender - Using open Channel [id: 0x29c345d7, L:/127.0.0.1:58401 - R:localhost/127.0.0.1:30243] for GET '/session/097eded59a03b14bffeea67c4de2fcbe/screenshot'
01:32:51.797 [AsyncHttpClient-1-1] DEBUG org.asynchttpclient.netty.channel.DefaultChannelPool - Entry count for : http://localhost:58402 : 1
01:32:51.819 [AsyncHttpClient-1-3] DEBUG org.asynchttpclient.netty.handler.HttpHandler - 

Request DefaultFullHttpRequest(decodeResult: success, version: HTTP/1.1, content: EmptyByteBufBE)
GET /session/097eded59a03b14bffeea67c4de2fcbe/screenshot HTTP/1.1
User-Agent: selenium/4.8.1 (java windows)
Cache-Control: no-cache
Content-Type: application/json; charset=utf-8
host: localhost:30243
accept: */*

Response DefaultHttpResponse(decodeResult: success, version: HTTP/1.1)
HTTP/1.1 200 OK
Content-Length: 37680
Content-Type: application/json; charset=utf-8
cache-control: no-cache

01:32:51.820 [AsyncHttpClient-1-3] DEBUG org.asynchttpclient.netty.channel.ChannelManager - Adding key: http://localhost:30243 for channel [id: 0x29c345d7, L:/127.0.0.1:58401 - R:localhost/127.0.0.1:30243]
01:32:51.822 [main] DEBUG net.serenitybdd.core.photography.Darkroom - Send negative for processing for target\site\serenity\617ccc73021c4cab9dfa54c5aa3482f15135817f8e58f0514fd8d62047c1a9ab.png
01:32:51.826 [Forwarding getPageSource on session 097eded59a03b14bffeea67c4de2fcbe to remote] DEBUG org.asynchttpclient.netty.request.NettyRequestSender - Using pooled Channel '[id: 0x29c345d7, L:/127.0.0.1:58401 - R:localhost/127.0.0.1:30243]' for 'POST' to 'http://localhost:30243/session/097eded59a03b14bffeea67c4de2fcbe/execute/sync'
01:32:51.826 [Forwarding getPageSource on session 097eded59a03b14bffeea67c4de2fcbe to remote] DEBUG org.asynchttpclient.netty.request.NettyRequestSender - Using open Channel [id: 0x29c345d7, L:/127.0.0.1:58401 - R:localhost/127.0.0.1:30243] for POST '/session/097eded59a03b14bffeea67c4de2fcbe/execute/sync'
01:32:51.831 [AsyncHttpClient-1-3] DEBUG org.asynchttpclient.netty.handler.HttpHandler - 

Request DefaultHttpRequest(decodeResult: success, version: HTTP/1.1)
POST /session/097eded59a03b14bffeea67c4de2fcbe/execute/sync HTTP/1.1
User-Agent: selenium/4.8.1 (java windows)
Content-Length: 176
Content-Type: application/json; charset=utf-8
host: localhost:30243
accept: */*

Response DefaultHttpResponse(decodeResult: success, version: HTTP/1.1)
HTTP/1.1 200 OK
Content-Length: 21659
Content-Type: application/json; charset=utf-8
cache-control: no-cache

01:32:51.832 [AsyncHttpClient-1-3] DEBUG org.asynchttpclient.netty.channel.ChannelManager - Adding key: http://localhost:30243 for channel [id: 0x29c345d7, L:/127.0.0.1:58401 - R:localhost/127.0.0.1:30243]
01:32:51.834 [Forwarding getCurrentUrl on session 097eded59a03b14bffeea67c4de2fcbe to remote] DEBUG org.asynchttpclient.netty.request.NettyRequestSender - Using pooled Channel '[id: 0x29c345d7, L:/127.0.0.1:58401 - R:localhost/127.0.0.1:30243]' for 'GET' to 'http://localhost:30243/session/097eded59a03b14bffeea67c4de2fcbe/url'
01:32:51.834 [Forwarding getCurrentUrl on session 097eded59a03b14bffeea67c4de2fcbe to remote] DEBUG org.asynchttpclient.netty.request.NettyRequestSender - Using open Channel [id: 0x29c345d7, L:/127.0.0.1:58401 - R:localhost/127.0.0.1:30243] for GET '/session/097eded59a03b14bffeea67c4de2fcbe/url'
01:32:51.837 [AsyncHttpClient-1-3] DEBUG org.asynchttpclient.netty.handler.HttpHandler - 

Request DefaultFullHttpRequest(decodeResult: success, version: HTTP/1.1, content: EmptyByteBufBE)
GET /session/097eded59a03b14bffeea67c4de2fcbe/url HTTP/1.1
User-Agent: selenium/4.8.1 (java windows)
Cache-Control: no-cache
Content-Type: application/json; charset=utf-8
host: localhost:30243
accept: */*

Response DefaultHttpResponse(decodeResult: success, version: HTTP/1.1)
HTTP/1.1 200 OK
Content-Length: 51
Content-Type: application/json; charset=utf-8
cache-control: no-cache

01:32:51.837 [AsyncHttpClient-1-3] DEBUG org.asynchttpclient.netty.channel.ChannelManager - Adding key: http://localhost:30243 for channel [id: 0x29c345d7, L:/127.0.0.1:58401 - R:localhost/127.0.0.1:30243]
01:32:51.844 [Forwarding getPageSource on session 097eded59a03b14bffeea67c4de2fcbe to remote] DEBUG org.asynchttpclient.netty.request.NettyRequestSender - Using pooled Channel '[id: 0x29c345d7, L:/127.0.0.1:58401 - R:localhost/127.0.0.1:30243]' for 'POST' to 'http://localhost:30243/session/097eded59a03b14bffeea67c4de2fcbe/execute/sync'
01:32:51.844 [Forwarding getPageSource on session 097eded59a03b14bffeea67c4de2fcbe to remote] DEBUG org.asynchttpclient.netty.request.NettyRequestSender - Using open Channel [id: 0x29c345d7, L:/127.0.0.1:58401 - R:localhost/127.0.0.1:30243] for POST '/session/097eded59a03b14bffeea67c4de2fcbe/execute/sync'
01:32:51.850 [AsyncHttpClient-1-3] DEBUG org.asynchttpclient.netty.handler.HttpHandler - 

Request DefaultHttpRequest(decodeResult: success, version: HTTP/1.1)
POST /session/097eded59a03b14bffeea67c4de2fcbe/execute/sync HTTP/1.1
User-Agent: selenium/4.8.1 (java windows)
Content-Length: 176
Content-Type: application/json; charset=utf-8
host: localhost:30243
accept: */*

Response DefaultHttpResponse(decodeResult: success, version: HTTP/1.1)
HTTP/1.1 200 OK
Content-Length: 21659
Content-Type: application/json; charset=utf-8
cache-control: no-cache

01:32:51.850 [AsyncHttpClient-1-3] DEBUG org.asynchttpclient.netty.channel.ChannelManager - Adding key: http://localhost:30243 for channel [id: 0x29c345d7, L:/127.0.0.1:58401 - R:localhost/127.0.0.1:30243]
01:32:51.852 [Forwarding getCurrentUrl on session 097eded59a03b14bffeea67c4de2fcbe to remote] DEBUG org.asynchttpclient.netty.request.NettyRequestSender - Using pooled Channel '[id: 0x29c345d7, L:/127.0.0.1:58401 - R:localhost/127.0.0.1:30243]' for 'GET' to 'http://localhost:30243/session/097eded59a03b14bffeea67c4de2fcbe/url'
01:32:51.852 [Forwarding getCurrentUrl on session 097eded59a03b14bffeea67c4de2fcbe to remote] DEBUG org.asynchttpclient.netty.request.NettyRequestSender - Using open Channel [id: 0x29c345d7, L:/127.0.0.1:58401 - R:localhost/127.0.0.1:30243] for GET '/session/097eded59a03b14bffeea67c4de2fcbe/url'
01:32:51.857 [AsyncHttpClient-1-3] DEBUG org.asynchttpclient.netty.handler.HttpHandler - 

Request DefaultFullHttpRequest(decodeResult: success, version: HTTP/1.1, content: EmptyByteBufBE)
GET /session/097eded59a03b14bffeea67c4de2fcbe/url HTTP/1.1
User-Agent: selenium/4.8.1 (java windows)
Cache-Control: no-cache
Content-Type: application/json; charset=utf-8
host: localhost:30243
accept: */*

Response DefaultHttpResponse(decodeResult: success, version: HTTP/1.1)
HTTP/1.1 200 OK
Content-Length: 51
Content-Type: application/json; charset=utf-8
cache-control: no-cache

01:32:51.857 [AsyncHttpClient-1-3] DEBUG org.asynchttpclient.netty.channel.ChannelManager - Adding key: http://localhost:30243 for channel [id: 0x29c345d7, L:/127.0.0.1:58401 - R:localhost/127.0.0.1:30243]
01:32:51.859 [main] DEBUG net.thucydides.core.steps.StepInterceptor - STARTING STEP: LoginSteps.enterValidUsername - inputUsername
01:32:51.861 [Forwarding findElement on session 097eded59a03b14bffeea67c4de2fcbe to remote] DEBUG org.asynchttpclient.netty.request.NettyRequestSender - Using pooled Channel '[id: 0x29c345d7, L:/127.0.0.1:58401 - R:localhost/127.0.0.1:30243]' for 'POST' to 'http://localhost:30243/session/097eded59a03b14bffeea67c4de2fcbe/element'
01:32:51.861 [Forwarding findElement on session 097eded59a03b14bffeea67c4de2fcbe to remote] DEBUG org.asynchttpclient.netty.request.NettyRequestSender - Using open Channel [id: 0x29c345d7, L:/127.0.0.1:58401 - R:localhost/127.0.0.1:30243] for POST '/session/097eded59a03b14bffeea67c4de2fcbe/element'
01:32:51.876 [AsyncHttpClient-1-3] DEBUG org.asynchttpclient.netty.handler.HttpHandler - 

Request DefaultHttpRequest(decodeResult: success, version: HTTP/1.1)
POST /session/097eded59a03b14bffeea67c4de2fcbe/element HTTP/1.1
User-Agent: selenium/4.8.1 (java windows)
Content-Length: 68
Content-Type: application/json; charset=utf-8
host: localhost:30243
accept: */*

Response DefaultHttpResponse(decodeResult: success, version: HTTP/1.1)
HTTP/1.1 200 OK
Content-Length: 88
Content-Type: application/json; charset=utf-8
cache-control: no-cache

01:32:51.876 [AsyncHttpClient-1-3] DEBUG org.asynchttpclient.netty.channel.ChannelManager - Adding key: http://localhost:30243 for channel [id: 0x29c345d7, L:/127.0.0.1:58401 - R:localhost/127.0.0.1:30243]
01:32:51.877 [Forwarding clearElement on session 097eded59a03b14bffeea67c4de2fcbe to remote] DEBUG org.asynchttpclient.netty.request.NettyRequestSender - Using pooled Channel '[id: 0x29c345d7, L:/127.0.0.1:58401 - R:localhost/127.0.0.1:30243]' for 'POST' to 'http://localhost:30243/session/097eded59a03b14bffeea67c4de2fcbe/element/362f1ffa-15f3-4b40-be8c-27fcd5215623/clear'
01:32:51.877 [Forwarding clearElement on session 097eded59a03b14bffeea67c4de2fcbe to remote] DEBUG org.asynchttpclient.netty.request.NettyRequestSender - Using open Channel [id: 0x29c345d7, L:/127.0.0.1:58401 - R:localhost/127.0.0.1:30243] for POST '/session/097eded59a03b14bffeea67c4de2fcbe/element/362f1ffa-15f3-4b40-be8c-27fcd5215623/clear'
01:32:51.916 [AsyncHttpClient-1-3] DEBUG org.asynchttpclient.netty.handler.HttpHandler - 

Request DefaultHttpRequest(decodeResult: success, version: HTTP/1.1)
POST /session/097eded59a03b14bffeea67c4de2fcbe/element/362f1ffa-15f3-4b40-be8c-27fcd5215623/clear HTTP/1.1
User-Agent: selenium/4.8.1 (java windows)
Content-Length: 50
Content-Type: application/json; charset=utf-8
host: localhost:30243
accept: */*

Response DefaultHttpResponse(decodeResult: success, version: HTTP/1.1)
HTTP/1.1 200 OK
Content-Length: 14
Content-Type: application/json; charset=utf-8
cache-control: no-cache

01:32:51.916 [AsyncHttpClient-1-3] DEBUG org.asynchttpclient.netty.channel.ChannelManager - Adding key: http://localhost:30243 for channel [id: 0x29c345d7, L:/127.0.0.1:58401 - R:localhost/127.0.0.1:30243]
01:32:51.917 [Forwarding sendKeysToElement on session 097eded59a03b14bffeea67c4de2fcbe to remote] DEBUG org.asynchttpclient.netty.request.NettyRequestSender - Using pooled Channel '[id: 0x29c345d7, L:/127.0.0.1:58401 - R:localhost/127.0.0.1:30243]' for 'POST' to 'http://localhost:30243/session/097eded59a03b14bffeea67c4de2fcbe/element/362f1ffa-15f3-4b40-be8c-27fcd5215623/value'
01:32:51.917 [Forwarding sendKeysToElement on session 097eded59a03b14bffeea67c4de2fcbe to remote] DEBUG org.asynchttpclient.netty.request.NettyRequestSender - Using open Channel [id: 0x29c345d7, L:/127.0.0.1:58401 - R:localhost/127.0.0.1:30243] for POST '/session/097eded59a03b14bffeea67c4de2fcbe/element/362f1ffa-15f3-4b40-be8c-27fcd5215623/value'
01:32:52.053 [AsyncHttpClient-1-3] DEBUG org.asynchttpclient.netty.handler.HttpHandler - 

Request DefaultHttpRequest(decodeResult: success, version: HTTP/1.1)
POST /session/097eded59a03b14bffeea67c4de2fcbe/element/362f1ffa-15f3-4b40-be8c-27fcd5215623/value HTTP/1.1
User-Agent: selenium/4.8.1 (java windows)
Content-Length: 271
Content-Type: application/json; charset=utf-8
host: localhost:30243
accept: */*

Response DefaultHttpResponse(decodeResult: success, version: HTTP/1.1)
HTTP/1.1 200 OK
Content-Length: 14
Content-Type: application/json; charset=utf-8
cache-control: no-cache

01:32:52.053 [AsyncHttpClient-1-3] DEBUG org.asynchttpclient.netty.channel.ChannelManager - Adding key: http://localhost:30243 for channel [id: 0x29c345d7, L:/127.0.0.1:58401 - R:localhost/127.0.0.1:30243]
01:32:52.059 [Forwarding getAlertText on session 097eded59a03b14bffeea67c4de2fcbe to remote] DEBUG org.asynchttpclient.netty.request.NettyRequestSender - Using pooled Channel '[id: 0x29c345d7, L:/127.0.0.1:58401 - R:localhost/127.0.0.1:30243]' for 'GET' to 'http://localhost:30243/session/097eded59a03b14bffeea67c4de2fcbe/alert/text'
01:32:52.059 [Forwarding getAlertText on session 097eded59a03b14bffeea67c4de2fcbe to remote] DEBUG org.asynchttpclient.netty.request.NettyRequestSender - Using open Channel [id: 0x29c345d7, L:/127.0.0.1:58401 - R:localhost/127.0.0.1:30243] for GET '/session/097eded59a03b14bffeea67c4de2fcbe/alert/text'
01:32:52.062 [AsyncHttpClient-1-3] DEBUG org.asynchttpclient.netty.handler.HttpHandler - 

Request DefaultFullHttpRequest(decodeResult: success, version: HTTP/1.1, content: EmptyByteBufBE)
GET /session/097eded59a03b14bffeea67c4de2fcbe/alert/text HTTP/1.1
User-Agent: selenium/4.8.1 (java windows)
Cache-Control: no-cache
Content-Type: application/json; charset=utf-8
host: localhost:30243
accept: */*

Response DefaultHttpResponse(decodeResult: success, version: HTTP/1.1)
HTTP/1.1 404 Not Found
Content-Length: 816
Content-Type: application/json; charset=utf-8
cache-control: no-cache

01:32:52.062 [AsyncHttpClient-1-3] DEBUG org.asynchttpclient.netty.channel.ChannelManager - Adding key: http://localhost:30243 for channel [id: 0x29c345d7, L:/127.0.0.1:58401 - R:localhost/127.0.0.1:30243]
01:32:52.063 [Forwarding getCurrentUrl on session 097eded59a03b14bffeea67c4de2fcbe to remote] DEBUG org.asynchttpclient.netty.request.NettyRequestSender - Using pooled Channel '[id: 0x29c345d7, L:/127.0.0.1:58401 - R:localhost/127.0.0.1:30243]' for 'GET' to 'http://localhost:30243/session/097eded59a03b14bffeea67c4de2fcbe/url'
01:32:52.063 [Forwarding getCurrentUrl on session 097eded59a03b14bffeea67c4de2fcbe to remote] DEBUG org.asynchttpclient.netty.request.NettyRequestSender - Using open Channel [id: 0x29c345d7, L:/127.0.0.1:58401 - R:localhost/127.0.0.1:30243] for GET '/session/097eded59a03b14bffeea67c4de2fcbe/url'
01:32:52.067 [AsyncHttpClient-1-3] DEBUG org.asynchttpclient.netty.handler.HttpHandler - 

Request DefaultFullHttpRequest(decodeResult: success, version: HTTP/1.1, content: EmptyByteBufBE)
GET /session/097eded59a03b14bffeea67c4de2fcbe/url HTTP/1.1
User-Agent: selenium/4.8.1 (java windows)
Cache-Control: no-cache
Content-Type: application/json; charset=utf-8
host: localhost:30243
accept: */*

Response DefaultHttpResponse(decodeResult: success, version: HTTP/1.1)
HTTP/1.1 200 OK
Content-Length: 51
Content-Type: application/json; charset=utf-8
cache-control: no-cache

01:32:52.067 [AsyncHttpClient-1-3] DEBUG org.asynchttpclient.netty.channel.ChannelManager - Adding key: http://localhost:30243 for channel [id: 0x29c345d7, L:/127.0.0.1:58401 - R:localhost/127.0.0.1:30243]
01:32:52.067 [Forwarding screenshot on session 097eded59a03b14bffeea67c4de2fcbe to remote] DEBUG org.asynchttpclient.netty.request.NettyRequestSender - Using pooled Channel '[id: 0x29c345d7, L:/127.0.0.1:58401 - R:localhost/127.0.0.1:30243]' for 'GET' to 'http://localhost:30243/session/097eded59a03b14bffeea67c4de2fcbe/screenshot'
01:32:52.067 [Forwarding screenshot on session 097eded59a03b14bffeea67c4de2fcbe to remote] DEBUG org.asynchttpclient.netty.request.NettyRequestSender - Using open Channel [id: 0x29c345d7, L:/127.0.0.1:58401 - R:localhost/127.0.0.1:30243] for GET '/session/097eded59a03b14bffeea67c4de2fcbe/screenshot'
01:32:52.222 [AsyncHttpClient-1-3] DEBUG org.asynchttpclient.netty.handler.HttpHandler - 

Request DefaultFullHttpRequest(decodeResult: success, version: HTTP/1.1, content: EmptyByteBufBE)
GET /session/097eded59a03b14bffeea67c4de2fcbe/screenshot HTTP/1.1
User-Agent: selenium/4.8.1 (java windows)
Cache-Control: no-cache
Content-Type: application/json; charset=utf-8
host: localhost:30243
accept: */*

Response DefaultHttpResponse(decodeResult: success, version: HTTP/1.1)
HTTP/1.1 200 OK
Content-Length: 45880
Content-Type: application/json; charset=utf-8
cache-control: no-cache

01:32:52.222 [AsyncHttpClient-1-3] DEBUG org.asynchttpclient.netty.channel.ChannelManager - Adding key: http://localhost:30243 for channel [id: 0x29c345d7, L:/127.0.0.1:58401 - R:localhost/127.0.0.1:30243]
01:32:52.224 [main] DEBUG net.serenitybdd.core.photography.Darkroom - Send negative for processing for target\site\serenity\9f0c1a9d62fd29b14e41980bee1f08986d6453054b5612ddf263c5b551bef9ac.png
01:32:52.224 [main] DEBUG net.thucydides.core.steps.StepInterceptor - STEP DONE: inputUsername
  &amp#27;[32mWhen &amp#27;[0m&amp#27;[32mI enter valid email&amp#27;[0m                                          &amp#27;[90m# starter.stepdefinitions.LoginSteps.enterValidUsername()&amp#27;[0m
01:32:52.225 [Darkroom Processing Line] DEBUG net.serenitybdd.core.photography.DarkroomProcessingLine - Processing screenshot image in /var/screenshots/screenshot-7029863519338249810
01:32:52.225 [Darkroom Processing Line] DEBUG net.serenitybdd.core.photography.DarkroomProcessingLine - Saving screenshot to target\site\serenity\9f0c1a9d62fd29b14e41980bee1f08986d6453054b5612ddf263c5b551bef9ac.png
01:32:52.234 [Forwarding getPageSource on session 097eded59a03b14bffeea67c4de2fcbe to remote] DEBUG org.asynchttpclient.netty.request.NettyRequestSender - Using pooled Channel '[id: 0x29c345d7, L:/127.0.0.1:58401 - R:localhost/127.0.0.1:30243]' for 'POST' to 'http://localhost:30243/session/097eded59a03b14bffeea67c4de2fcbe/execute/sync'
01:32:52.234 [Forwarding getPageSource on session 097eded59a03b14bffeea67c4de2fcbe to remote] DEBUG org.asynchttpclient.netty.request.NettyRequestSender - Using open Channel [id: 0x29c345d7, L:/127.0.0.1:58401 - R:localhost/127.0.0.1:30243] for POST '/session/097eded59a03b14bffeea67c4de2fcbe/execute/sync'
01:32:52.239 [AsyncHttpClient-1-3] DEBUG org.asynchttpclient.netty.handler.HttpHandler - 

Request DefaultHttpRequest(decodeResult: success, version: HTTP/1.1)
POST /session/097eded59a03b14bffeea67c4de2fcbe/execute/sync HTTP/1.1
User-Agent: selenium/4.8.1 (java windows)
Content-Length: 176
Content-Type: application/json; charset=utf-8
host: localhost:30243
accept: */*

Response DefaultHttpResponse(decodeResult: success, version: HTTP/1.1)
HTTP/1.1 200 OK
Content-Length: 21780
Content-Type: application/json; charset=utf-8
cache-control: no-cache

01:32:52.240 [AsyncHttpClient-1-3] DEBUG org.asynchttpclient.netty.channel.ChannelManager - Adding key: http://localhost:30243 for channel [id: 0x29c345d7, L:/127.0.0.1:58401 - R:localhost/127.0.0.1:30243]
01:32:52.242 [Forwarding getCurrentUrl on session 097eded59a03b14bffeea67c4de2fcbe to remote] DEBUG org.asynchttpclient.netty.request.NettyRequestSender - Using pooled Channel '[id: 0x29c345d7, L:/127.0.0.1:58401 - R:localhost/127.0.0.1:30243]' for 'GET' to 'http://localhost:30243/session/097eded59a03b14bffeea67c4de2fcbe/url'
01:32:52.242 [Forwarding getCurrentUrl on session 097eded59a03b14bffeea67c4de2fcbe to remote] DEBUG org.asynchttpclient.netty.request.NettyRequestSender - Using open Channel [id: 0x29c345d7, L:/127.0.0.1:58401 - R:localhost/127.0.0.1:30243] for GET '/session/097eded59a03b14bffeea67c4de2fcbe/url'
01:32:52.247 [AsyncHttpClient-1-3] DEBUG org.asynchttpclient.netty.handler.HttpHandler - 

Request DefaultFullHttpRequest(decodeResult: success, version: HTTP/1.1, content: EmptyByteBufBE)
GET /session/097eded59a03b14bffeea67c4de2fcbe/url HTTP/1.1
User-Agent: selenium/4.8.1 (java windows)
Cache-Control: no-cache
Content-Type: application/json; charset=utf-8
host: localhost:30243
accept: */*

Response DefaultHttpResponse(decodeResult: success, version: HTTP/1.1)
HTTP/1.1 200 OK
Content-Length: 51
Content-Type: application/json; charset=utf-8
cache-control: no-cache

01:32:52.247 [AsyncHttpClient-1-3] DEBUG org.asynchttpclient.netty.channel.ChannelManager - Adding key: http://localhost:30243 for channel [id: 0x29c345d7, L:/127.0.0.1:58401 - R:localhost/127.0.0.1:30243]
01:32:52.255 [Forwarding getPageSource on session 097eded59a03b14bffeea67c4de2fcbe to remote] DEBUG org.asynchttpclient.netty.request.NettyRequestSender - Using pooled Channel '[id: 0x29c345d7, L:/127.0.0.1:58401 - R:localhost/127.0.0.1:30243]' for 'POST' to 'http://localhost:30243/session/097eded59a03b14bffeea67c4de2fcbe/execute/sync'
01:32:52.255 [Forwarding getPageSource on session 097eded59a03b14bffeea67c4de2fcbe to remote] DEBUG org.asynchttpclient.netty.request.NettyRequestSender - Using open Channel [id: 0x29c345d7, L:/127.0.0.1:58401 - R:localhost/127.0.0.1:30243] for POST '/session/097eded59a03b14bffeea67c4de2fcbe/execute/sync'
01:32:52.262 [AsyncHttpClient-1-3] DEBUG org.asynchttpclient.netty.handler.HttpHandler - 

Request DefaultHttpRequest(decodeResult: success, version: HTTP/1.1)
POST /session/097eded59a03b14bffeea67c4de2fcbe/execute/sync HTTP/1.1
User-Agent: selenium/4.8.1 (java windows)
Content-Length: 176
Content-Type: application/json; charset=utf-8
host: localhost:30243
accept: */*

Response DefaultHttpResponse(decodeResult: success, version: HTTP/1.1)
HTTP/1.1 200 OK
Content-Length: 21780
Content-Type: application/json; charset=utf-8
cache-control: no-cache

01:32:52.262 [AsyncHttpClient-1-3] DEBUG org.asynchttpclient.netty.channel.ChannelManager - Adding key: http://localhost:30243 for channel [id: 0x29c345d7, L:/127.0.0.1:58401 - R:localhost/127.0.0.1:30243]
01:32:52.264 [Forwarding getCurrentUrl on session 097eded59a03b14bffeea67c4de2fcbe to remote] DEBUG org.asynchttpclient.netty.request.NettyRequestSender - Using pooled Channel '[id: 0x29c345d7, L:/127.0.0.1:58401 - R:localhost/127.0.0.1:30243]' for 'GET' to 'http://localhost:30243/session/097eded59a03b14bffeea67c4de2fcbe/url'
01:32:52.265 [Forwarding getCurrentUrl on session 097eded59a03b14bffeea67c4de2fcbe to remote] DEBUG org.asynchttpclient.netty.request.NettyRequestSender - Using open Channel [id: 0x29c345d7, L:/127.0.0.1:58401 - R:localhost/127.0.0.1:30243] for GET '/session/097eded59a03b14bffeea67c4de2fcbe/url'
01:32:52.269 [AsyncHttpClient-1-3] DEBUG org.asynchttpclient.netty.handler.HttpHandler - 

Request DefaultFullHttpRequest(decodeResult: success, version: HTTP/1.1, content: EmptyByteBufBE)
GET /session/097eded59a03b14bffeea67c4de2fcbe/url HTTP/1.1
User-Agent: selenium/4.8.1 (java windows)
Cache-Control: no-cache
Content-Type: application/json; charset=utf-8
host: localhost:30243
accept: */*

Response DefaultHttpResponse(decodeResult: success, version: HTTP/1.1)
HTTP/1.1 200 OK
Content-Length: 51
Content-Type: application/json; charset=utf-8
cache-control: no-cache

01:32:52.269 [AsyncHttpClient-1-3] DEBUG org.asynchttpclient.netty.channel.ChannelManager - Adding key: http://localhost:30243 for channel [id: 0x29c345d7, L:/127.0.0.1:58401 - R:localhost/127.0.0.1:30243]
01:32:52.271 [main] DEBUG net.thucydides.core.steps.StepInterceptor - STARTING STEP: LoginSteps.enterValidPassword - inputPassword
01:32:52.273 [Forwarding findElement on session 097eded59a03b14bffeea67c4de2fcbe to remote] DEBUG org.asynchttpclient.netty.request.NettyRequestSender - Using pooled Channel '[id: 0x29c345d7, L:/127.0.0.1:58401 - R:localhost/127.0.0.1:30243]' for 'POST' to 'http://localhost:30243/session/097eded59a03b14bffeea67c4de2fcbe/element'
01:32:52.273 [Forwarding findElement on session 097eded59a03b14bffeea67c4de2fcbe to remote] DEBUG org.asynchttpclient.netty.request.NettyRequestSender - Using open Channel [id: 0x29c345d7, L:/127.0.0.1:58401 - R:localhost/127.0.0.1:30243] for POST '/session/097eded59a03b14bffeea67c4de2fcbe/element'
01:32:52.288 [AsyncHttpClient-1-3] DEBUG org.asynchttpclient.netty.handler.HttpHandler - 

Request DefaultHttpRequest(decodeResult: success, version: HTTP/1.1)
POST /session/097eded59a03b14bffeea67c4de2fcbe/element HTTP/1.1
User-Agent: selenium/4.8.1 (java windows)
Content-Length: 68
Content-Type: application/json; charset=utf-8
host: localhost:30243
accept: */*

Response DefaultHttpResponse(decodeResult: success, version: HTTP/1.1)
HTTP/1.1 200 OK
Content-Length: 88
Content-Type: application/json; charset=utf-8
cache-control: no-cache

01:32:52.288 [AsyncHttpClient-1-3] DEBUG org.asynchttpclient.netty.channel.ChannelManager - Adding key: http://localhost:30243 for channel [id: 0x29c345d7, L:/127.0.0.1:58401 - R:localhost/127.0.0.1:30243]
01:32:52.289 [Forwarding clearElement on session 097eded59a03b14bffeea67c4de2fcbe to remote] DEBUG org.asynchttpclient.netty.request.NettyRequestSender - Using pooled Channel '[id: 0x29c345d7, L:/127.0.0.1:58401 - R:localhost/127.0.0.1:30243]' for 'POST' to 'http://localhost:30243/session/097eded59a03b14bffeea67c4de2fcbe/element/fe16763a-6557-4592-83cc-224fa8d8eba0/clear'
01:32:52.289 [Forwarding clearElement on session 097eded59a03b14bffeea67c4de2fcbe to remote] DEBUG org.asynchttpclient.netty.request.NettyRequestSender - Using open Channel [id: 0x29c345d7, L:/127.0.0.1:58401 - R:localhost/127.0.0.1:30243] for POST '/session/097eded59a03b14bffeea67c4de2fcbe/element/fe16763a-6557-4592-83cc-224fa8d8eba0/clear'
01:32:52.324 [AsyncHttpClient-1-3] DEBUG org.asynchttpclient.netty.handler.HttpHandler - 

Request DefaultHttpRequest(decodeResult: success, version: HTTP/1.1)
POST /session/097eded59a03b14bffeea67c4de2fcbe/element/fe16763a-6557-4592-83cc-224fa8d8eba0/clear HTTP/1.1
User-Agent: selenium/4.8.1 (java windows)
Content-Length: 50
Content-Type: application/json; charset=utf-8
host: localhost:30243
accept: */*

Response DefaultHttpResponse(decodeResult: success, version: HTTP/1.1)
HTTP/1.1 200 OK
Content-Length: 14
Content-Type: application/json; charset=utf-8
cache-control: no-cache

01:32:52.324 [AsyncHttpClient-1-3] DEBUG org.asynchttpclient.netty.channel.ChannelManager - Adding key: http://localhost:30243 for channel [id: 0x29c345d7, L:/127.0.0.1:58401 - R:localhost/127.0.0.1:30243]
01:32:52.326 [Forwarding sendKeysToElement on session 097eded59a03b14bffeea67c4de2fcbe to remote] DEBUG org.asynchttpclient.netty.request.NettyRequestSender - Using pooled Channel '[id: 0x29c345d7, L:/127.0.0.1:58401 - R:localhost/127.0.0.1:30243]' for 'POST' to 'http://localhost:30243/session/097eded59a03b14bffeea67c4de2fcbe/element/fe16763a-6557-4592-83cc-224fa8d8eba0/value'
01:32:52.326 [Forwarding sendKeysToElement on session 097eded59a03b14bffeea67c4de2fcbe to remote] DEBUG org.asynchttpclient.netty.request.NettyRequestSender - Using open Channel [id: 0x29c345d7, L:/127.0.0.1:58401 - R:localhost/127.0.0.1:30243] for POST '/session/097eded59a03b14bffeea67c4de2fcbe/element/fe16763a-6557-4592-83cc-224fa8d8eba0/value'
01:32:52.416 [AsyncHttpClient-1-3] DEBUG org.asynchttpclient.netty.handler.HttpHandler - 

Request DefaultHttpRequest(decodeResult: success, version: HTTP/1.1)
POST /session/097eded59a03b14bffeea67c4de2fcbe/element/fe16763a-6557-4592-83cc-224fa8d8eba0/value HTTP/1.1
User-Agent: selenium/4.8.1 (java windows)
Content-Length: 171
Content-Type: application/json; charset=utf-8
host: localhost:30243
accept: */*

Response DefaultHttpResponse(decodeResult: success, version: HTTP/1.1)
HTTP/1.1 200 OK
Content-Length: 14
Content-Type: application/json; charset=utf-8
cache-control: no-cache

01:32:52.416 [AsyncHttpClient-1-3] DEBUG org.asynchttpclient.netty.channel.ChannelManager - Adding key: http://localhost:30243 for channel [id: 0x29c345d7, L:/127.0.0.1:58401 - R:localhost/127.0.0.1:30243]
01:32:52.422 [Forwarding getAlertText on session 097eded59a03b14bffeea67c4de2fcbe to remote] DEBUG org.asynchttpclient.netty.request.NettyRequestSender - Using pooled Channel '[id: 0x29c345d7, L:/127.0.0.1:58401 - R:localhost/127.0.0.1:30243]' for 'GET' to 'http://localhost:30243/session/097eded59a03b14bffeea67c4de2fcbe/alert/text'
01:32:52.422 [Forwarding getAlertText on session 097eded59a03b14bffeea67c4de2fcbe to remote] DEBUG org.asynchttpclient.netty.request.NettyRequestSender - Using open Channel [id: 0x29c345d7, L:/127.0.0.1:58401 - R:localhost/127.0.0.1:30243] for GET '/session/097eded59a03b14bffeea67c4de2fcbe/alert/text'
01:32:52.424 [AsyncHttpClient-1-3] DEBUG org.asynchttpclient.netty.handler.HttpHandler - 

Request DefaultFullHttpRequest(decodeResult: success, version: HTTP/1.1, content: EmptyByteBufBE)
GET /session/097eded59a03b14bffeea67c4de2fcbe/alert/text HTTP/1.1
User-Agent: selenium/4.8.1 (java windows)
Cache-Control: no-cache
Content-Type: application/json; charset=utf-8
host: localhost:30243
accept: */*

Response DefaultHttpResponse(decodeResult: success, version: HTTP/1.1)
HTTP/1.1 404 Not Found
Content-Length: 816
Content-Type: application/json; charset=utf-8
cache-control: no-cache

01:32:52.424 [AsyncHttpClient-1-3] DEBUG org.asynchttpclient.netty.channel.ChannelManager - Adding key: http://localhost:30243 for channel [id: 0x29c345d7, L:/127.0.0.1:58401 - R:localhost/127.0.0.1:30243]
01:32:52.425 [Forwarding getCurrentUrl on session 097eded59a03b14bffeea67c4de2fcbe to remote] DEBUG org.asynchttpclient.netty.request.NettyRequestSender - Using pooled Channel '[id: 0x29c345d7, L:/127.0.0.1:58401 - R:localhost/127.0.0.1:30243]' for 'GET' to 'http://localhost:30243/session/097eded59a03b14bffeea67c4de2fcbe/url'
01:32:52.425 [Forwarding getCurrentUrl on session 097eded59a03b14bffeea67c4de2fcbe to remote] DEBUG org.asynchttpclient.netty.request.NettyRequestSender - Using open Channel [id: 0x29c345d7, L:/127.0.0.1:58401 - R:localhost/127.0.0.1:30243] for GET '/session/097eded59a03b14bffeea67c4de2fcbe/url'
01:32:52.431 [AsyncHttpClient-1-3] DEBUG org.asynchttpclient.netty.handler.HttpHandler - 

Request DefaultFullHttpRequest(decodeResult: success, version: HTTP/1.1, content: EmptyByteBufBE)
GET /session/097eded59a03b14bffeea67c4de2fcbe/url HTTP/1.1
User-Agent: selenium/4.8.1 (java windows)
Cache-Control: no-cache
Content-Type: application/json; charset=utf-8
host: localhost:30243
accept: */*

Response DefaultHttpResponse(decodeResult: success, version: HTTP/1.1)
HTTP/1.1 200 OK
Content-Length: 51
Content-Type: application/json; charset=utf-8
cache-control: no-cache

01:32:52.431 [AsyncHttpClient-1-3] DEBUG org.asynchttpclient.netty.channel.ChannelManager - Adding key: http://localhost:30243 for channel [id: 0x29c345d7, L:/127.0.0.1:58401 - R:localhost/127.0.0.1:30243]
01:32:52.432 [Forwarding screenshot on session 097eded59a03b14bffeea67c4de2fcbe to remote] DEBUG org.asynchttpclient.netty.request.NettyRequestSender - Using pooled Channel '[id: 0x29c345d7, L:/127.0.0.1:58401 - R:localhost/127.0.0.1:30243]' for 'GET' to 'http://localhost:30243/session/097eded59a03b14bffeea67c4de2fcbe/screenshot'
01:32:52.432 [Forwarding screenshot on session 097eded59a03b14bffeea67c4de2fcbe to remote] DEBUG org.asynchttpclient.netty.request.NettyRequestSender - Using open Channel [id: 0x29c345d7, L:/127.0.0.1:58401 - R:localhost/127.0.0.1:30243] for GET '/session/097eded59a03b14bffeea67c4de2fcbe/screenshot'
01:32:52.572 [AsyncHttpClient-1-3] DEBUG org.asynchttpclient.netty.handler.HttpHandler - 

Request DefaultFullHttpRequest(decodeResult: success, version: HTTP/1.1, content: EmptyByteBufBE)
GET /session/097eded59a03b14bffeea67c4de2fcbe/screenshot HTTP/1.1
User-Agent: selenium/4.8.1 (java windows)
Cache-Control: no-cache
Content-Type: application/json; charset=utf-8
host: localhost:30243
accept: */*

Response DefaultHttpResponse(decodeResult: success, version: HTTP/1.1)
HTTP/1.1 200 OK
Content-Length: 48592
Content-Type: application/json; charset=utf-8
cache-control: no-cache

01:32:52.572 [AsyncHttpClient-1-3] DEBUG org.asynchttpclient.netty.channel.ChannelManager - Adding key: http://localhost:30243 for channel [id: 0x29c345d7, L:/127.0.0.1:58401 - R:localhost/127.0.0.1:30243]
01:32:52.574 [main] DEBUG net.serenitybdd.core.photography.Darkroom - Send negative for processing for target\site\serenity\1cb0411ebdb2f695e39993f260588ec07588518878a659e5ee268359849630ea.png
01:32:52.574 [main] DEBUG net.thucydides.core.steps.StepInterceptor - STEP DONE: inputPassword
  &amp#27;[32mAnd &amp#27;[0m&amp#27;[32mI enter valid password&amp#27;[0m                                        &amp#27;[90m# starter.stepdefinitions.LoginSteps.enterValidPassword()&amp#27;[0m
01:32:52.575 [Darkroom Processing Line] DEBUG net.serenitybdd.core.photography.DarkroomProcessingLine - Processing screenshot image in /var/screenshots/screenshot-4957026502481842844
01:32:52.575 [Darkroom Processing Line] DEBUG net.serenitybdd.core.photography.DarkroomProcessingLine - Saving screenshot to target\site\serenity\1cb0411ebdb2f695e39993f260588ec07588518878a659e5ee268359849630ea.png
01:32:52.584 [Forwarding getPageSource on session 097eded59a03b14bffeea67c4de2fcbe to remote] DEBUG org.asynchttpclient.netty.request.NettyRequestSender - Using pooled Channel '[id: 0x29c345d7, L:/127.0.0.1:58401 - R:localhost/127.0.0.1:30243]' for 'POST' to 'http://localhost:30243/session/097eded59a03b14bffeea67c4de2fcbe/execute/sync'
01:32:52.584 [Forwarding getPageSource on session 097eded59a03b14bffeea67c4de2fcbe to remote] DEBUG org.asynchttpclient.netty.request.NettyRequestSender - Using open Channel [id: 0x29c345d7, L:/127.0.0.1:58401 - R:localhost/127.0.0.1:30243] for POST '/session/097eded59a03b14bffeea67c4de2fcbe/execute/sync'
01:32:52.589 [AsyncHttpClient-1-3] DEBUG org.asynchttpclient.netty.handler.HttpHandler - 

Request DefaultHttpRequest(decodeResult: success, version: HTTP/1.1)
POST /session/097eded59a03b14bffeea67c4de2fcbe/execute/sync HTTP/1.1
User-Agent: selenium/4.8.1 (java windows)
Content-Length: 176
Content-Type: application/json; charset=utf-8
host: localhost:30243
accept: */*

Response DefaultHttpResponse(decodeResult: success, version: HTTP/1.1)
HTTP/1.1 200 OK
Content-Length: 21839
Content-Type: application/json; charset=utf-8
cache-control: no-cache

01:32:52.589 [AsyncHttpClient-1-3] DEBUG org.asynchttpclient.netty.channel.ChannelManager - Adding key: http://localhost:30243 for channel [id: 0x29c345d7, L:/127.0.0.1:58401 - R:localhost/127.0.0.1:30243]
01:32:52.592 [Forwarding getCurrentUrl on session 097eded59a03b14bffeea67c4de2fcbe to remote] DEBUG org.asynchttpclient.netty.request.NettyRequestSender - Using pooled Channel '[id: 0x29c345d7, L:/127.0.0.1:58401 - R:localhost/127.0.0.1:30243]' for 'GET' to 'http://localhost:30243/session/097eded59a03b14bffeea67c4de2fcbe/url'
01:32:52.592 [Forwarding getCurrentUrl on session 097eded59a03b14bffeea67c4de2fcbe to remote] DEBUG org.asynchttpclient.netty.request.NettyRequestSender - Using open Channel [id: 0x29c345d7, L:/127.0.0.1:58401 - R:localhost/127.0.0.1:30243] for GET '/session/097eded59a03b14bffeea67c4de2fcbe/url'
01:32:52.598 [AsyncHttpClient-1-3] DEBUG org.asynchttpclient.netty.handler.HttpHandler - 

Request DefaultFullHttpRequest(decodeResult: success, version: HTTP/1.1, content: EmptyByteBufBE)
GET /session/097eded59a03b14bffeea67c4de2fcbe/url HTTP/1.1
User-Agent: selenium/4.8.1 (java windows)
Cache-Control: no-cache
Content-Type: application/json; charset=utf-8
host: localhost:30243
accept: */*

Response DefaultHttpResponse(decodeResult: success, version: HTTP/1.1)
HTTP/1.1 200 OK
Content-Length: 51
Content-Type: application/json; charset=utf-8
cache-control: no-cache

01:32:52.598 [AsyncHttpClient-1-3] DEBUG org.asynchttpclient.netty.channel.ChannelManager - Adding key: http://localhost:30243 for channel [id: 0x29c345d7, L:/127.0.0.1:58401 - R:localhost/127.0.0.1:30243]
01:32:52.607 [Forwarding getPageSource on session 097eded59a03b14bffeea67c4de2fcbe to remote] DEBUG org.asynchttpclient.netty.request.NettyRequestSender - Using pooled Channel '[id: 0x29c345d7, L:/127.0.0.1:58401 - R:localhost/127.0.0.1:30243]' for 'POST' to 'http://localhost:30243/session/097eded59a03b14bffeea67c4de2fcbe/execute/sync'
01:32:52.607 [Forwarding getPageSource on session 097eded59a03b14bffeea67c4de2fcbe to remote] DEBUG org.asynchttpclient.netty.request.NettyRequestSender - Using open Channel [id: 0x29c345d7, L:/127.0.0.1:58401 - R:localhost/127.0.0.1:30243] for POST '/session/097eded59a03b14bffeea67c4de2fcbe/execute/sync'
01:32:52.616 [AsyncHttpClient-1-3] DEBUG org.asynchttpclient.netty.handler.HttpHandler - 

Request DefaultHttpRequest(decodeResult: success, version: HTTP/1.1)
POST /session/097eded59a03b14bffeea67c4de2fcbe/execute/sync HTTP/1.1
User-Agent: selenium/4.8.1 (java windows)
Content-Length: 176
Content-Type: application/json; charset=utf-8
host: localhost:30243
accept: */*

Response DefaultHttpResponse(decodeResult: success, version: HTTP/1.1)
HTTP/1.1 200 OK
Content-Length: 21839
Content-Type: application/json; charset=utf-8
cache-control: no-cache

01:32:52.616 [AsyncHttpClient-1-3] DEBUG org.asynchttpclient.netty.channel.ChannelManager - Adding key: http://localhost:30243 for channel [id: 0x29c345d7, L:/127.0.0.1:58401 - R:localhost/127.0.0.1:30243]
01:32:52.619 [Forwarding getCurrentUrl on session 097eded59a03b14bffeea67c4de2fcbe to remote] DEBUG org.asynchttpclient.netty.request.NettyRequestSender - Using pooled Channel '[id: 0x29c345d7, L:/127.0.0.1:58401 - R:localhost/127.0.0.1:30243]' for 'GET' to 'http://localhost:30243/session/097eded59a03b14bffeea67c4de2fcbe/url'
01:32:52.619 [Forwarding getCurrentUrl on session 097eded59a03b14bffeea67c4de2fcbe to remote] DEBUG org.asynchttpclient.netty.request.NettyRequestSender - Using open Channel [id: 0x29c345d7, L:/127.0.0.1:58401 - R:localhost/127.0.0.1:30243] for GET '/session/097eded59a03b14bffeea67c4de2fcbe/url'
01:32:52.623 [AsyncHttpClient-1-3] DEBUG org.asynchttpclient.netty.handler.HttpHandler - 

Request DefaultFullHttpRequest(decodeResult: success, version: HTTP/1.1, content: EmptyByteBufBE)
GET /session/097eded59a03b14bffeea67c4de2fcbe/url HTTP/1.1
User-Agent: selenium/4.8.1 (java windows)
Cache-Control: no-cache
Content-Type: application/json; charset=utf-8
host: localhost:30243
accept: */*

Response DefaultHttpResponse(decodeResult: success, version: HTTP/1.1)
HTTP/1.1 200 OK
Content-Length: 51
Content-Type: application/json; charset=utf-8
cache-control: no-cache

01:32:52.623 [AsyncHttpClient-1-3] DEBUG org.asynchttpclient.netty.channel.ChannelManager - Adding key: http://localhost:30243 for channel [id: 0x29c345d7, L:/127.0.0.1:58401 - R:localhost/127.0.0.1:30243]
01:32:52.625 [main] DEBUG net.thucydides.core.steps.StepInterceptor - STARTING STEP: LoginSteps.clickLoginButton - clickLoginButton
01:32:52.628 [Forwarding findElement on session 097eded59a03b14bffeea67c4de2fcbe to remote] DEBUG org.asynchttpclient.netty.request.NettyRequestSender - Using pooled Channel '[id: 0x29c345d7, L:/127.0.0.1:58401 - R:localhost/127.0.0.1:30243]' for 'POST' to 'http://localhost:30243/session/097eded59a03b14bffeea67c4de2fcbe/element'
01:32:52.628 [Forwarding findElement on session 097eded59a03b14bffeea67c4de2fcbe to remote] DEBUG org.asynchttpclient.netty.request.NettyRequestSender - Using open Channel [id: 0x29c345d7, L:/127.0.0.1:58401 - R:localhost/127.0.0.1:30243] for POST '/session/097eded59a03b14bffeea67c4de2fcbe/element'
01:32:52.636 [AsyncHttpClient-1-3] DEBUG org.asynchttpclient.netty.handler.HttpHandler - 

Request DefaultHttpRequest(decodeResult: success, version: HTTP/1.1)
POST /session/097eded59a03b14bffeea67c4de2fcbe/element HTTP/1.1
User-Agent: selenium/4.8.1 (java windows)
Content-Length: 165
Content-Type: application/json; charset=utf-8
host: localhost:30243
accept: */*

Response DefaultHttpResponse(decodeResult: success, version: HTTP/1.1)
HTTP/1.1 200 OK
Content-Length: 88
Content-Type: application/json; charset=utf-8
cache-control: no-cache

01:32:52.636 [AsyncHttpClient-1-3] DEBUG org.asynchttpclient.netty.channel.ChannelManager - Adding key: http://localhost:30243 for channel [id: 0x29c345d7, L:/127.0.0.1:58401 - R:localhost/127.0.0.1:30243]
01:32:52.637 [Forwarding getElementTagName on session 097eded59a03b14bffeea67c4de2fcbe to remote] DEBUG org.asynchttpclient.netty.request.NettyRequestSender - Using pooled Channel '[id: 0x29c345d7, L:/127.0.0.1:58401 - R:localhost/127.0.0.1:30243]' for 'GET' to 'http://localhost:30243/session/097eded59a03b14bffeea67c4de2fcbe/element/84c7eace-f3e7-4d1b-a0f2-07bbea7c9a58/name'
01:32:52.637 [Forwarding getElementTagName on session 097eded59a03b14bffeea67c4de2fcbe to remote] DEBUG org.asynchttpclient.netty.request.NettyRequestSender - Using open Channel [id: 0x29c345d7, L:/127.0.0.1:58401 - R:localhost/127.0.0.1:30243] for GET '/session/097eded59a03b14bffeea67c4de2fcbe/element/84c7eace-f3e7-4d1b-a0f2-07bbea7c9a58/name'
01:32:52.647 [AsyncHttpClient-1-3] DEBUG org.asynchttpclient.netty.handler.HttpHandler - 

Request DefaultFullHttpRequest(decodeResult: success, version: HTTP/1.1, content: EmptyByteBufBE)
GET /session/097eded59a03b14bffeea67c4de2fcbe/element/84c7eace-f3e7-4d1b-a0f2-07bbea7c9a58/name HTTP/1.1
User-Agent: selenium/4.8.1 (java windows)
Cache-Control: no-cache
Content-Type: application/json; charset=utf-8
host: localhost:30243
accept: */*

Response DefaultHttpResponse(decodeResult: success, version: HTTP/1.1)
HTTP/1.1 200 OK
Content-Length: 16
Content-Type: application/json; charset=utf-8
cache-control: no-cache

01:32:52.647 [AsyncHttpClient-1-3] DEBUG org.asynchttpclient.netty.channel.ChannelManager - Adding key: http://localhost:30243 for channel [id: 0x29c345d7, L:/127.0.0.1:58401 - R:localhost/127.0.0.1:30243]
01:32:52.651 [Forwarding getElementTagName on session 097eded59a03b14bffeea67c4de2fcbe to remote] DEBUG org.asynchttpclient.netty.request.NettyRequestSender - Using pooled Channel '[id: 0x29c345d7, L:/127.0.0.1:58401 - R:localhost/127.0.0.1:30243]' for 'GET' to 'http://localhost:30243/session/097eded59a03b14bffeea67c4de2fcbe/element/84c7eace-f3e7-4d1b-a0f2-07bbea7c9a58/name'
01:32:52.652 [Forwarding getElementTagName on session 097eded59a03b14bffeea67c4de2fcbe to remote] DEBUG org.asynchttpclient.netty.request.NettyRequestSender - Using open Channel [id: 0x29c345d7, L:/127.0.0.1:58401 - R:localhost/127.0.0.1:30243] for GET '/session/097eded59a03b14bffeea67c4de2fcbe/element/84c7eace-f3e7-4d1b-a0f2-07bbea7c9a58/name'
01:32:52.702 [AsyncHttpClient-1-3] DEBUG org.asynchttpclient.netty.handler.HttpHandler - 

Request DefaultFullHttpRequest(decodeResult: success, version: HTTP/1.1, content: EmptyByteBufBE)
GET /session/097eded59a03b14bffeea67c4de2fcbe/element/84c7eace-f3e7-4d1b-a0f2-07bbea7c9a58/name HTTP/1.1
User-Agent: selenium/4.8.1 (java windows)
Cache-Control: no-cache
Content-Type: application/json; charset=utf-8
host: localhost:30243
accept: */*

Response DefaultHttpResponse(decodeResult: success, version: HTTP/1.1)
HTTP/1.1 200 OK
Content-Length: 16
Content-Type: application/json; charset=utf-8
cache-control: no-cache

01:32:52.703 [AsyncHttpClient-1-3] DEBUG org.asynchttpclient.netty.channel.ChannelManager - Adding key: http://localhost:30243 for channel [id: 0x29c345d7, L:/127.0.0.1:58401 - R:localhost/127.0.0.1:30243]
01:32:52.713 [Forwarding findElement on session 097eded59a03b14bffeea67c4de2fcbe to remote] DEBUG org.asynchttpclient.netty.request.NettyRequestSender - Using pooled Channel '[id: 0x29c345d7, L:/127.0.0.1:58401 - R:localhost/127.0.0.1:30243]' for 'POST' to 'http://localhost:30243/session/097eded59a03b14bffeea67c4de2fcbe/element'
01:32:52.714 [Forwarding findElement on session 097eded59a03b14bffeea67c4de2fcbe to remote] DEBUG org.asynchttpclient.netty.request.NettyRequestSender - Using open Channel [id: 0x29c345d7, L:/127.0.0.1:58401 - R:localhost/127.0.0.1:30243] for POST '/session/097eded59a03b14bffeea67c4de2fcbe/element'
01:32:52.769 [AsyncHttpClient-1-3] DEBUG org.asynchttpclient.netty.handler.HttpHandler - 

Request DefaultHttpRequest(decodeResult: success, version: HTTP/1.1)
POST /session/097eded59a03b14bffeea67c4de2fcbe/element HTTP/1.1
User-Agent: selenium/4.8.1 (java windows)
Content-Length: 165
Content-Type: application/json; charset=utf-8
host: localhost:30243
accept: */*

Response DefaultHttpResponse(decodeResult: success, version: HTTP/1.1)
HTTP/1.1 200 OK
Content-Length: 88
Content-Type: application/json; charset=utf-8
cache-control: no-cache

01:32:52.770 [AsyncHttpClient-1-3] DEBUG org.asynchttpclient.netty.channel.ChannelManager - Adding key: http://localhost:30243 for channel [id: 0x29c345d7, L:/127.0.0.1:58401 - R:localhost/127.0.0.1:30243]
01:32:52.774 [Forwarding clickElement on session 097eded59a03b14bffeea67c4de2fcbe to remote] DEBUG org.asynchttpclient.netty.request.NettyRequestSender - Using pooled Channel '[id: 0x29c345d7, L:/127.0.0.1:58401 - R:localhost/127.0.0.1:30243]' for 'POST' to 'http://localhost:30243/session/097eded59a03b14bffeea67c4de2fcbe/element/84c7eace-f3e7-4d1b-a0f2-07bbea7c9a58/click'
01:32:52.774 [Forwarding clickElement on session 097eded59a03b14bffeea67c4de2fcbe to remote] DEBUG org.asynchttpclient.netty.request.NettyRequestSender - Using open Channel [id: 0x29c345d7, L:/127.0.0.1:58401 - R:localhost/127.0.0.1:30243] for POST '/session/097eded59a03b14bffeea67c4de2fcbe/element/84c7eace-f3e7-4d1b-a0f2-07bbea7c9a58/click'
01:32:52.896 [AsyncHttpClient-1-1] DEBUG org.asynchttpclient.netty.channel.DefaultChannelPool - Entry count for : http://localhost:58402 : 1
01:32:53.063 [AsyncHttpClient-1-3] DEBUG org.asynchttpclient.netty.handler.HttpHandler - 

Request DefaultHttpRequest(decodeResult: success, version: HTTP/1.1)
POST /session/097eded59a03b14bffeea67c4de2fcbe/element/84c7eace-f3e7-4d1b-a0f2-07bbea7c9a58/click HTTP/1.1
User-Agent: selenium/4.8.1 (java windows)
Content-Length: 50
Content-Type: application/json; charset=utf-8
host: localhost:30243
accept: */*

Response DefaultHttpResponse(decodeResult: success, version: HTTP/1.1)
HTTP/1.1 200 OK
Content-Length: 14
Content-Type: application/json; charset=utf-8
cache-control: no-cache

01:32:53.064 [AsyncHttpClient-1-3] DEBUG org.asynchttpclient.netty.channel.ChannelManager - Adding key: http://localhost:30243 for channel [id: 0x29c345d7, L:/127.0.0.1:58401 - R:localhost/127.0.0.1:30243]
01:32:53.110 [Forwarding getAlertText on session 097eded59a03b14bffeea67c4de2fcbe to remote] DEBUG org.asynchttpclient.netty.request.NettyRequestSender - Using pooled Channel '[id: 0x29c345d7, L:/127.0.0.1:58401 - R:localhost/127.0.0.1:30243]' for 'GET' to 'http://localhost:30243/session/097eded59a03b14bffeea67c4de2fcbe/alert/text'
01:32:53.110 [Forwarding getAlertText on session 097eded59a03b14bffeea67c4de2fcbe to remote] DEBUG org.asynchttpclient.netty.request.NettyRequestSender - Using open Channel [id: 0x29c345d7, L:/127.0.0.1:58401 - R:localhost/127.0.0.1:30243] for GET '/session/097eded59a03b14bffeea67c4de2fcbe/alert/text'
01:32:53.120 [AsyncHttpClient-1-3] DEBUG org.asynchttpclient.netty.handler.HttpHandler - 

Request DefaultFullHttpRequest(decodeResult: success, version: HTTP/1.1, content: EmptyByteBufBE)
GET /session/097eded59a03b14bffeea67c4de2fcbe/alert/text HTTP/1.1
User-Agent: selenium/4.8.1 (java windows)
Cache-Control: no-cache
Content-Type: application/json; charset=utf-8
host: localhost:30243
accept: */*

Response DefaultHttpResponse(decodeResult: success, version: HTTP/1.1)
HTTP/1.1 404 Not Found
Content-Length: 816
Content-Type: application/json; charset=utf-8
cache-control: no-cache

01:32:53.121 [AsyncHttpClient-1-3] DEBUG org.asynchttpclient.netty.channel.ChannelManager - Adding key: http://localhost:30243 for channel [id: 0x29c345d7, L:/127.0.0.1:58401 - R:localhost/127.0.0.1:30243]
01:32:53.125 [Forwarding getCurrentUrl on session 097eded59a03b14bffeea67c4de2fcbe to remote] DEBUG org.asynchttpclient.netty.request.NettyRequestSender - Using pooled Channel '[id: 0x29c345d7, L:/127.0.0.1:58401 - R:localhost/127.0.0.1:30243]' for 'GET' to 'http://localhost:30243/session/097eded59a03b14bffeea67c4de2fcbe/url'
01:32:53.125 [Forwarding getCurrentUrl on session 097eded59a03b14bffeea67c4de2fcbe to remote] DEBUG org.asynchttpclient.netty.request.NettyRequestSender - Using open Channel [id: 0x29c345d7, L:/127.0.0.1:58401 - R:localhost/127.0.0.1:30243] for GET '/session/097eded59a03b14bffeea67c4de2fcbe/url'
01:32:53.148 [AsyncHttpClient-1-3] DEBUG org.asynchttpclient.netty.handler.HttpHandler - 

Request DefaultFullHttpRequest(decodeResult: success, version: HTTP/1.1, content: EmptyByteBufBE)
GET /session/097eded59a03b14bffeea67c4de2fcbe/url HTTP/1.1
User-Agent: selenium/4.8.1 (java windows)
Cache-Control: no-cache
Content-Type: application/json; charset=utf-8
host: localhost:30243
accept: */*

Response DefaultHttpResponse(decodeResult: success, version: HTTP/1.1)
HTTP/1.1 200 OK
Content-Length: 51
Content-Type: application/json; charset=utf-8
cache-control: no-cache

01:32:53.149 [AsyncHttpClient-1-3] DEBUG org.asynchttpclient.netty.channel.ChannelManager - Adding key: http://localhost:30243 for channel [id: 0x29c345d7, L:/127.0.0.1:58401 - R:localhost/127.0.0.1:30243]
01:32:53.153 [Forwarding screenshot on session 097eded59a03b14bffeea67c4de2fcbe to remote] DEBUG org.asynchttpclient.netty.request.NettyRequestSender - Using pooled Channel '[id: 0x29c345d7, L:/127.0.0.1:58401 - R:localhost/127.0.0.1:30243]' for 'GET' to 'http://localhost:30243/session/097eded59a03b14bffeea67c4de2fcbe/screenshot'
01:32:53.153 [Forwarding screenshot on session 097eded59a03b14bffeea67c4de2fcbe to remote] DEBUG org.asynchttpclient.netty.request.NettyRequestSender - Using open Channel [id: 0x29c345d7, L:/127.0.0.1:58401 - R:localhost/127.0.0.1:30243] for GET '/session/097eded59a03b14bffeea67c4de2fcbe/screenshot'
01:32:53.990 [AsyncHttpClient-1-1] DEBUG org.asynchttpclient.netty.channel.DefaultChannelPool - Entry count for : http://localhost:58402 : 1
01:32:55.091 [AsyncHttpClient-1-1] DEBUG org.asynchttpclient.netty.channel.DefaultChannelPool - Entry count for : http://localhost:58402 : 1
01:32:56.204 [AsyncHttpClient-1-1] DEBUG org.asynchttpclient.netty.channel.DefaultChannelPool - Entry count for : http://localhost:58402 : 1
01:32:57.304 [AsyncHttpClient-1-1] DEBUG org.asynchttpclient.netty.channel.DefaultChannelPool - Entry count for : http://localhost:58402 : 1
01:32:58.390 [AsyncHttpClient-1-1] DEBUG org.asynchttpclient.netty.channel.DefaultChannelPool - Entry count for : http://localhost:58402 : 1
01:32:59.259 [AsyncHttpClient-1-3] DEBUG org.asynchttpclient.netty.handler.HttpHandler - 

Request DefaultFullHttpRequest(decodeResult: success, version: HTTP/1.1, content: EmptyByteBufBE)
GET /session/097eded59a03b14bffeea67c4de2fcbe/screenshot HTTP/1.1
User-Agent: selenium/4.8.1 (java windows)
Cache-Control: no-cache
Content-Type: application/json; charset=utf-8
host: localhost:30243
accept: */*

Response DefaultHttpResponse(decodeResult: success, version: HTTP/1.1)
HTTP/1.1 200 OK
Content-Length: 87720
Content-Type: application/json; charset=utf-8
cache-control: no-cache

01:32:59.259 [AsyncHttpClient-1-3] DEBUG org.asynchttpclient.netty.channel.ChannelManager - Adding key: http://localhost:30243 for channel [id: 0x29c345d7, L:/127.0.0.1:58401 - R:localhost/127.0.0.1:30243]
01:32:59.263 [main] DEBUG net.serenitybdd.core.photography.Darkroom - Send negative for processing for target\site\serenity\030f6ab3c74db50d23b35c61e5d002a55c556d847a5e29db1e41a22fb03eece1.png
01:32:59.263 [main] DEBUG net.thucydides.core.steps.StepInterceptor - STEP DONE: clickLoginButton
  &amp#27;[32mAnd &amp#27;[0m&amp#27;[32mI click login button&amp#27;[0m                                          &amp#27;[90m# starter.stepdefinitions.LoginSteps.clickLoginButton()&amp#27;[0m
01:32:59.263 [Darkroom Processing Line] DEBUG net.serenitybdd.core.photography.DarkroomProcessingLine - Processing screenshot image in /var/screenshots/screenshot-5505320516924828586
01:32:59.263 [Darkroom Processing Line] DEBUG net.serenitybdd.core.photography.DarkroomProcessingLine - Saving screenshot to target\site\serenity\030f6ab3c74db50d23b35c61e5d002a55c556d847a5e29db1e41a22fb03eece1.png
01:32:59.271 [Forwarding getPageSource on session 097eded59a03b14bffeea67c4de2fcbe to remote] DEBUG org.asynchttpclient.netty.request.NettyRequestSender - Using pooled Channel '[id: 0x29c345d7, L:/127.0.0.1:58401 - R:localhost/127.0.0.1:30243]' for 'POST' to 'http://localhost:30243/session/097eded59a03b14bffeea67c4de2fcbe/execute/sync'
01:32:59.271 [Forwarding getPageSource on session 097eded59a03b14bffeea67c4de2fcbe to remote] DEBUG org.asynchttpclient.netty.request.NettyRequestSender - Using open Channel [id: 0x29c345d7, L:/127.0.0.1:58401 - R:localhost/127.0.0.1:30243] for POST '/session/097eded59a03b14bffeea67c4de2fcbe/execute/sync'
01:32:59.309 [AsyncHttpClient-1-3] DEBUG org.asynchttpclient.netty.handler.HttpHandler - 

Request DefaultHttpRequest(decodeResult: success, version: HTTP/1.1)
POST /session/097eded59a03b14bffeea67c4de2fcbe/execute/sync HTTP/1.1
User-Agent: selenium/4.8.1 (java windows)
Content-Length: 176
Content-Type: application/json; charset=utf-8
host: localhost:30243
accept: */*

Response DefaultHttpResponse(decodeResult: success, version: HTTP/1.1)
HTTP/1.1 200 OK
Content-Length: 518092
Content-Type: application/json; charset=utf-8
cache-control: no-cache

01:32:59.310 [AsyncHttpClient-1-3] DEBUG org.asynchttpclient.netty.channel.ChannelManager - Adding key: http://localhost:30243 for channel [id: 0x29c345d7, L:/127.0.0.1:58401 - R:localhost/127.0.0.1:30243]
01:32:59.385 [Forwarding getCurrentUrl on session 097eded59a03b14bffeea67c4de2fcbe to remote] DEBUG org.asynchttpclient.netty.request.NettyRequestSender - Using pooled Channel '[id: 0x29c345d7, L:/127.0.0.1:58401 - R:localhost/127.0.0.1:30243]' for 'GET' to 'http://localhost:30243/session/097eded59a03b14bffeea67c4de2fcbe/url'
01:32:59.385 [Forwarding getCurrentUrl on session 097eded59a03b14bffeea67c4de2fcbe to remote] DEBUG org.asynchttpclient.netty.request.NettyRequestSender - Using open Channel [id: 0x29c345d7, L:/127.0.0.1:58401 - R:localhost/127.0.0.1:30243] for GET '/session/097eded59a03b14bffeea67c4de2fcbe/url'
01:32:59.390 [AsyncHttpClient-1-3] DEBUG org.asynchttpclient.netty.handler.HttpHandler - 

Request DefaultFullHttpRequest(decodeResult: success, version: HTTP/1.1, content: EmptyByteBufBE)
GET /session/097eded59a03b14bffeea67c4de2fcbe/url HTTP/1.1
User-Agent: selenium/4.8.1 (java windows)
Cache-Control: no-cache
Content-Type: application/json; charset=utf-8
host: localhost:30243
accept: */*

Response DefaultHttpResponse(decodeResult: success, version: HTTP/1.1)
HTTP/1.1 200 OK
Content-Length: 41
Content-Type: application/json; charset=utf-8
cache-control: no-cache

01:32:59.390 [AsyncHttpClient-1-3] DEBUG org.asynchttpclient.netty.channel.ChannelManager - Adding key: http://localhost:30243 for channel [id: 0x29c345d7, L:/127.0.0.1:58401 - R:localhost/127.0.0.1:30243]
01:32:59.395 [Forwarding findElement on session 097eded59a03b14bffeea67c4de2fcbe to remote] DEBUG org.asynchttpclient.netty.request.NettyRequestSender - Using pooled Channel '[id: 0x29c345d7, L:/127.0.0.1:58401 - R:localhost/127.0.0.1:30243]' for 'POST' to 'http://localhost:30243/session/097eded59a03b14bffeea67c4de2fcbe/element'
01:32:59.395 [Forwarding findElement on session 097eded59a03b14bffeea67c4de2fcbe to remote] DEBUG org.asynchttpclient.netty.request.NettyRequestSender - Using open Channel [id: 0x29c345d7, L:/127.0.0.1:58401 - R:localhost/127.0.0.1:30243] for POST '/session/097eded59a03b14bffeea67c4de2fcbe/element'
01:32:59.407 [AsyncHttpClient-1-3] DEBUG org.asynchttpclient.netty.handler.HttpHandler - 

Request DefaultHttpRequest(decodeResult: success, version: HTTP/1.1)
POST /session/097eded59a03b14bffeea67c4de2fcbe/element HTTP/1.1
User-Agent: selenium/4.8.1 (java windows)
Content-Length: 48
Content-Type: application/json; charset=utf-8
host: localhost:30243
accept: */*

Response DefaultHttpResponse(decodeResult: success, version: HTTP/1.1)
HTTP/1.1 200 OK
Content-Length: 88
Content-Type: application/json; charset=utf-8
cache-control: no-cache

01:32:59.407 [AsyncHttpClient-1-3] DEBUG org.asynchttpclient.netty.channel.ChannelManager - Adding key: http://localhost:30243 for channel [id: 0x29c345d7, L:/127.0.0.1:58401 - R:localhost/127.0.0.1:30243]
01:32:59.410 [Forwarding isElementDisplayed on session 097eded59a03b14bffeea67c4de2fcbe to remote] DEBUG org.asynchttpclient.netty.request.NettyRequestSender - Using pooled Channel '[id: 0x29c345d7, L:/127.0.0.1:58401 - R:localhost/127.0.0.1:30243]' for 'POST' to 'http://localhost:30243/session/097eded59a03b14bffeea67c4de2fcbe/execute/sync'
01:32:59.410 [Forwarding isElementDisplayed on session 097eded59a03b14bffeea67c4de2fcbe to remote] DEBUG org.asynchttpclient.netty.request.NettyRequestSender - Using open Channel [id: 0x29c345d7, L:/127.0.0.1:58401 - R:localhost/127.0.0.1:30243] for POST '/session/097eded59a03b14bffeea67c4de2fcbe/execute/sync'
01:32:59.423 [AsyncHttpClient-1-3] DEBUG org.asynchttpclient.netty.handler.HttpHandler - 

Request DefaultHttpRequest(decodeResult: success, version: HTTP/1.1)
POST /session/097eded59a03b14bffeea67c4de2fcbe/execute/sync HTTP/1.1
User-Agent: selenium/4.8.1 (java windows)
Content-Length: 48807
Content-Type: application/json; charset=utf-8
host: localhost:30243
accept: */*

Response DefaultHttpResponse(decodeResult: success, version: HTTP/1.1)
HTTP/1.1 200 OK
Content-Length: 14
Content-Type: application/json; charset=utf-8
cache-control: no-cache

01:32:59.423 [AsyncHttpClient-1-3] DEBUG org.asynchttpclient.netty.channel.ChannelManager - Adding key: http://localhost:30243 for channel [id: 0x29c345d7, L:/127.0.0.1:58401 - R:localhost/127.0.0.1:30243]
  &amp#27;[32mThen &amp#27;[0m&amp#27;[32mI am on the product page&amp#27;[0m                                     &amp#27;[90m# starter.stepdefinitions.LoginSteps.onTheProductPage()&amp#27;[0m
01:32:59.427 [Forwarding getAlertText on session 097eded59a03b14bffeea67c4de2fcbe to remote] DEBUG org.asynchttpclient.netty.request.NettyRequestSender - Using pooled Channel '[id: 0x29c345d7, L:/127.0.0.1:58401 - R:localhost/127.0.0.1:30243]' for 'GET' to 'http://localhost:30243/session/097eded59a03b14bffeea67c4de2fcbe/alert/text'
01:32:59.427 [Forwarding getAlertText on session 097eded59a03b14bffeea67c4de2fcbe to remote] DEBUG org.asynchttpclient.netty.request.NettyRequestSender - Using open Channel [id: 0x29c345d7, L:/127.0.0.1:58401 - R:localhost/127.0.0.1:30243] for GET '/session/097eded59a03b14bffeea67c4de2fcbe/alert/text'
01:32:59.429 [AsyncHttpClient-1-3] DEBUG org.asynchttpclient.netty.handler.HttpHandler - 

Request DefaultFullHttpRequest(decodeResult: success, version: HTTP/1.1, content: EmptyByteBufBE)
GET /session/097eded59a03b14bffeea67c4de2fcbe/alert/text HTTP/1.1
User-Agent: selenium/4.8.1 (java windows)
Cache-Control: no-cache
Content-Type: application/json; charset=utf-8
host: localhost:30243
accept: */*

Response DefaultHttpResponse(decodeResult: success, version: HTTP/1.1)
HTTP/1.1 404 Not Found
Content-Length: 816
Content-Type: application/json; charset=utf-8
cache-control: no-cache

01:32:59.429 [AsyncHttpClient-1-3] DEBUG org.asynchttpclient.netty.channel.ChannelManager - Adding key: http://localhost:30243 for channel [id: 0x29c345d7, L:/127.0.0.1:58401 - R:localhost/127.0.0.1:30243]
01:32:59.430 [Forwarding getCurrentUrl on session 097eded59a03b14bffeea67c4de2fcbe to remote] DEBUG org.asynchttpclient.netty.request.NettyRequestSender - Using pooled Channel '[id: 0x29c345d7, L:/127.0.0.1:58401 - R:localhost/127.0.0.1:30243]' for 'GET' to 'http://localhost:30243/session/097eded59a03b14bffeea67c4de2fcbe/url'
01:32:59.430 [Forwarding getCurrentUrl on session 097eded59a03b14bffeea67c4de2fcbe to remote] DEBUG org.asynchttpclient.netty.request.NettyRequestSender - Using open Channel [id: 0x29c345d7, L:/127.0.0.1:58401 - R:localhost/127.0.0.1:30243] for GET '/session/097eded59a03b14bffeea67c4de2fcbe/url'
01:32:59.433 [AsyncHttpClient-1-3] DEBUG org.asynchttpclient.netty.handler.HttpHandler - 

Request DefaultFullHttpRequest(decodeResult: success, version: HTTP/1.1, content: EmptyByteBufBE)
GET /session/097eded59a03b14bffeea67c4de2fcbe/url HTTP/1.1
User-Agent: selenium/4.8.1 (java windows)
Cache-Control: no-cache
Content-Type: application/json; charset=utf-8
host: localhost:30243
accept: */*

Response DefaultHttpResponse(decodeResult: success, version: HTTP/1.1)
HTTP/1.1 200 OK
Content-Length: 41
Content-Type: application/json; charset=utf-8
cache-control: no-cache

01:32:59.434 [AsyncHttpClient-1-3] DEBUG org.asynchttpclient.netty.channel.ChannelManager - Adding key: http://localhost:30243 for channel [id: 0x29c345d7, L:/127.0.0.1:58401 - R:localhost/127.0.0.1:30243]
01:32:59.434 [Forwarding screenshot on session 097eded59a03b14bffeea67c4de2fcbe to remote] DEBUG org.asynchttpclient.netty.request.NettyRequestSender - Using pooled Channel '[id: 0x29c345d7, L:/127.0.0.1:58401 - R:localhost/127.0.0.1:30243]' for 'GET' to 'http://localhost:30243/session/097eded59a03b14bffeea67c4de2fcbe/screenshot'
01:32:59.434 [Forwarding screenshot on session 097eded59a03b14bffeea67c4de2fcbe to remote] DEBUG org.asynchttpclient.netty.request.NettyRequestSender - Using open Channel [id: 0x29c345d7, L:/127.0.0.1:58401 - R:localhost/127.0.0.1:30243] for GET '/session/097eded59a03b14bffeea67c4de2fcbe/screenshot'
01:32:59.490 [AsyncHttpClient-1-1] DEBUG org.asynchttpclient.netty.channel.DefaultChannelPool - Entry count for : http://localhost:58402 : 1
01:32:59.550 [AsyncHttpClient-1-3] DEBUG org.asynchttpclient.netty.handler.HttpHandler - 

Request DefaultFullHttpRequest(decodeResult: success, version: HTTP/1.1, content: EmptyByteBufBE)
GET /session/097eded59a03b14bffeea67c4de2fcbe/screenshot HTTP/1.1
User-Agent: selenium/4.8.1 (java windows)
Cache-Control: no-cache
Content-Type: application/json; charset=utf-8
host: localhost:30243
accept: */*

Response DefaultHttpResponse(decodeResult: success, version: HTTP/1.1)
HTTP/1.1 200 OK
Content-Length: 88064
Content-Type: application/json; charset=utf-8
cache-control: no-cache

01:32:59.550 [AsyncHttpClient-1-3] DEBUG org.asynchttpclient.netty.channel.ChannelManager - Adding key: http://localhost:30243 for channel [id: 0x29c345d7, L:/127.0.0.1:58401 - R:localhost/127.0.0.1:30243]
01:32:59.553 [main] DEBUG net.serenitybdd.core.photography.Darkroom - Send negative for processing for target\site\serenity\29cfb7224f78dd2b7f7a05113e61d3ecb6498f3e107ac7b049bf50082cf5226f.png
01:32:59.557 [Forwarding getPageSource on session 097eded59a03b14bffeea67c4de2fcbe to remote] DEBUG org.asynchttpclient.netty.request.NettyRequestSender - Using pooled Channel '[id: 0x29c345d7, L:/127.0.0.1:58401 - R:localhost/127.0.0.1:30243]' for 'POST' to 'http://localhost:30243/session/097eded59a03b14bffeea67c4de2fcbe/execute/sync'
01:32:59.557 [Forwarding getPageSource on session 097eded59a03b14bffeea67c4de2fcbe to remote] DEBUG org.asynchttpclient.netty.request.NettyRequestSender - Using open Channel [id: 0x29c345d7, L:/127.0.0.1:58401 - R:localhost/127.0.0.1:30243] for POST '/session/097eded59a03b14bffeea67c4de2fcbe/execute/sync'
01:32:59.590 [AsyncHttpClient-1-3] DEBUG org.asynchttpclient.netty.handler.HttpHandler - 

Request DefaultHttpRequest(decodeResult: success, version: HTTP/1.1)
POST /session/097eded59a03b14bffeea67c4de2fcbe/execute/sync HTTP/1.1
User-Agent: selenium/4.8.1 (java windows)
Content-Length: 176
Content-Type: application/json; charset=utf-8
host: localhost:30243
accept: */*

Response DefaultHttpResponse(decodeResult: success, version: HTTP/1.1)
HTTP/1.1 200 OK
Content-Length: 518092
Content-Type: application/json; charset=utf-8
cache-control: no-cache

01:32:59.591 [AsyncHttpClient-1-3] DEBUG org.asynchttpclient.netty.channel.ChannelManager - Adding key: http://localhost:30243 for channel [id: 0x29c345d7, L:/127.0.0.1:58401 - R:localhost/127.0.0.1:30243]
01:32:59.639 [Forwarding getCurrentUrl on session 097eded59a03b14bffeea67c4de2fcbe to remote] DEBUG org.asynchttpclient.netty.request.NettyRequestSender - Using pooled Channel '[id: 0x29c345d7, L:/127.0.0.1:58401 - R:localhost/127.0.0.1:30243]' for 'GET' to 'http://localhost:30243/session/097eded59a03b14bffeea67c4de2fcbe/url'
01:32:59.639 [Forwarding getCurrentUrl on session 097eded59a03b14bffeea67c4de2fcbe to remote] DEBUG org.asynchttpclient.netty.request.NettyRequestSender - Using open Channel [id: 0x29c345d7, L:/127.0.0.1:58401 - R:localhost/127.0.0.1:30243] for GET '/session/097eded59a03b14bffeea67c4de2fcbe/url'
01:32:59.643 [AsyncHttpClient-1-3] DEBUG org.asynchttpclient.netty.handler.HttpHandler - 

Request DefaultFullHttpRequest(decodeResult: success, version: HTTP/1.1, content: EmptyByteBufBE)
GET /session/097eded59a03b14bffeea67c4de2fcbe/url HTTP/1.1
User-Agent: selenium/4.8.1 (java windows)
Cache-Control: no-cache
Content-Type: application/json; charset=utf-8
host: localhost:30243
accept: */*

Response DefaultHttpResponse(decodeResult: success, version: HTTP/1.1)
HTTP/1.1 200 OK
Content-Length: 41
Content-Type: application/json; charset=utf-8
cache-control: no-cache

01:32:59.643 [AsyncHttpClient-1-3] DEBUG org.asynchttpclient.netty.channel.ChannelManager - Adding key: http://localhost:30243 for channel [id: 0x29c345d7, L:/127.0.0.1:58401 - R:localhost/127.0.0.1:30243]
01:32:59.651 [Forwarding getAlertText on session 097eded59a03b14bffeea67c4de2fcbe to remote] DEBUG org.asynchttpclient.netty.request.NettyRequestSender - Using pooled Channel '[id: 0x29c345d7, L:/127.0.0.1:58401 - R:localhost/127.0.0.1:30243]' for 'GET' to 'http://localhost:30243/session/097eded59a03b14bffeea67c4de2fcbe/alert/text'
01:32:59.651 [Forwarding getAlertText on session 097eded59a03b14bffeea67c4de2fcbe to remote] DEBUG org.asynchttpclient.netty.request.NettyRequestSender - Using open Channel [id: 0x29c345d7, L:/127.0.0.1:58401 - R:localhost/127.0.0.1:30243] for GET '/session/097eded59a03b14bffeea67c4de2fcbe/alert/text'
01:32:59.653 [AsyncHttpClient-1-3] DEBUG org.asynchttpclient.netty.handler.HttpHandler - 

Request DefaultFullHttpRequest(decodeResult: success, version: HTTP/1.1, content: EmptyByteBufBE)
GET /session/097eded59a03b14bffeea67c4de2fcbe/alert/text HTTP/1.1
User-Agent: selenium/4.8.1 (java windows)
Cache-Control: no-cache
Content-Type: application/json; charset=utf-8
host: localhost:30243
accept: */*

Response DefaultHttpResponse(decodeResult: success, version: HTTP/1.1)
HTTP/1.1 404 Not Found
Content-Length: 816
Content-Type: application/json; charset=utf-8
cache-control: no-cache

01:32:59.653 [AsyncHttpClient-1-3] DEBUG org.asynchttpclient.netty.channel.ChannelManager - Adding key: http://localhost:30243 for channel [id: 0x29c345d7, L:/127.0.0.1:58401 - R:localhost/127.0.0.1:30243]
01:32:59.654 [Forwarding getCurrentUrl on session 097eded59a03b14bffeea67c4de2fcbe to remote] DEBUG org.asynchttpclient.netty.request.NettyRequestSender - Using pooled Channel '[id: 0x29c345d7, L:/127.0.0.1:58401 - R:localhost/127.0.0.1:30243]' for 'GET' to 'http://localhost:30243/session/097eded59a03b14bffeea67c4de2fcbe/url'
01:32:59.654 [Forwarding getCurrentUrl on session 097eded59a03b14bffeea67c4de2fcbe to remote] DEBUG org.asynchttpclient.netty.request.NettyRequestSender - Using open Channel [id: 0x29c345d7, L:/127.0.0.1:58401 - R:localhost/127.0.0.1:30243] for GET '/session/097eded59a03b14bffeea67c4de2fcbe/url'
01:32:59.656 [AsyncHttpClient-1-3] DEBUG org.asynchttpclient.netty.handler.HttpHandler - 

Request DefaultFullHttpRequest(decodeResult: success, version: HTTP/1.1, content: EmptyByteBufBE)
GET /session/097eded59a03b14bffeea67c4de2fcbe/url HTTP/1.1
User-Agent: selenium/4.8.1 (java windows)
Cache-Control: no-cache
Content-Type: application/json; charset=utf-8
host: localhost:30243
accept: */*

Response DefaultHttpResponse(decodeResult: success, version: HTTP/1.1)
HTTP/1.1 200 OK
Content-Length: 41
Content-Type: application/json; charset=utf-8
cache-control: no-cache

01:32:59.657 [AsyncHttpClient-1-3] DEBUG org.asynchttpclient.netty.channel.ChannelManager - Adding key: http://localhost:30243 for channel [id: 0x29c345d7, L:/127.0.0.1:58401 - R:localhost/127.0.0.1:30243]
01:32:59.657 [Forwarding screenshot on session 097eded59a03b14bffeea67c4de2fcbe to remote] DEBUG org.asynchttpclient.netty.request.NettyRequestSender - Using pooled Channel '[id: 0x29c345d7, L:/127.0.0.1:58401 - R:localhost/127.0.0.1:30243]' for 'GET' to 'http://localhost:30243/session/097eded59a03b14bffeea67c4de2fcbe/screenshot'
01:32:59.657 [Forwarding screenshot on session 097eded59a03b14bffeea67c4de2fcbe to remote] DEBUG org.asynchttpclient.netty.request.NettyRequestSender - Using open Channel [id: 0x29c345d7, L:/127.0.0.1:58401 - R:localhost/127.0.0.1:30243] for GET '/session/097eded59a03b14bffeea67c4de2fcbe/screenshot'
01:32:59.766 [AsyncHttpClient-1-3] DEBUG org.asynchttpclient.netty.handler.HttpHandler - 

Request DefaultFullHttpRequest(decodeResult: success, version: HTTP/1.1, content: EmptyByteBufBE)
GET /session/097eded59a03b14bffeea67c4de2fcbe/screenshot HTTP/1.1
User-Agent: selenium/4.8.1 (java windows)
Cache-Control: no-cache
Content-Type: application/json; charset=utf-8
host: localhost:30243
accept: */*

Response DefaultHttpResponse(decodeResult: success, version: HTTP/1.1)
HTTP/1.1 200 OK
Content-Length: 88064
Content-Type: application/json; charset=utf-8
cache-control: no-cache

01:32:59.766 [AsyncHttpClient-1-3] DEBUG org.asynchttpclient.netty.channel.ChannelManager - Adding key: http://localhost:30243 for channel [id: 0x29c345d7, L:/127.0.0.1:58401 - R:localhost/127.0.0.1:30243]
01:32:59.770 [main] DEBUG net.serenitybdd.core.photography.Darkroom - Send negative for processing for target\site\serenity\29cfb7224f78dd2b7f7a05113e61d3ecb6498f3e107ac7b049bf50082cf5226f.png
01:32:59.771 [Forwarding getPageSource on session 097eded59a03b14bffeea67c4de2fcbe to remote] DEBUG org.asynchttpclient.netty.request.NettyRequestSender - Using pooled Channel '[id: 0x29c345d7, L:/127.0.0.1:58401 - R:localhost/127.0.0.1:30243]' for 'POST' to 'http://localhost:30243/session/097eded59a03b14bffeea67c4de2fcbe/execute/sync'
01:32:59.771 [Forwarding getPageSource on session 097eded59a03b14bffeea67c4de2fcbe to remote] DEBUG org.asynchttpclient.netty.request.NettyRequestSender - Using open Channel [id: 0x29c345d7, L:/127.0.0.1:58401 - R:localhost/127.0.0.1:30243] for POST '/session/097eded59a03b14bffeea67c4de2fcbe/execute/sync'
01:32:59.804 [AsyncHttpClient-1-3] DEBUG org.asynchttpclient.netty.handler.HttpHandler - 

Request DefaultHttpRequest(decodeResult: success, version: HTTP/1.1)
POST /session/097eded59a03b14bffeea67c4de2fcbe/execute/sync HTTP/1.1
User-Agent: selenium/4.8.1 (java windows)
Content-Length: 176
Content-Type: application/json; charset=utf-8
host: localhost:30243
accept: */*

Response DefaultHttpResponse(decodeResult: success, version: HTTP/1.1)
HTTP/1.1 200 OK
Content-Length: 518092
Content-Type: application/json; charset=utf-8
cache-control: no-cache

01:32:59.805 [AsyncHttpClient-1-3] DEBUG org.asynchttpclient.netty.channel.ChannelManager - Adding key: http://localhost:30243 for channel [id: 0x29c345d7, L:/127.0.0.1:58401 - R:localhost/127.0.0.1:30243]
01:32:59.852 [Forwarding getCurrentUrl on session 097eded59a03b14bffeea67c4de2fcbe to remote] DEBUG org.asynchttpclient.netty.request.NettyRequestSender - Using pooled Channel '[id: 0x29c345d7, L:/127.0.0.1:58401 - R:localhost/127.0.0.1:30243]' for 'GET' to 'http://localhost:30243/session/097eded59a03b14bffeea67c4de2fcbe/url'
01:32:59.852 [Forwarding getCurrentUrl on session 097eded59a03b14bffeea67c4de2fcbe to remote] DEBUG org.asynchttpclient.netty.request.NettyRequestSender - Using open Channel [id: 0x29c345d7, L:/127.0.0.1:58401 - R:localhost/127.0.0.1:30243] for GET '/session/097eded59a03b14bffeea67c4de2fcbe/url'
01:32:59.855 [AsyncHttpClient-1-3] DEBUG org.asynchttpclient.netty.handler.HttpHandler - 

Request DefaultFullHttpRequest(decodeResult: success, version: HTTP/1.1, content: EmptyByteBufBE)
GET /session/097eded59a03b14bffeea67c4de2fcbe/url HTTP/1.1
User-Agent: selenium/4.8.1 (java windows)
Cache-Control: no-cache
Content-Type: application/json; charset=utf-8
host: localhost:30243
accept: */*

Response DefaultHttpResponse(decodeResult: success, version: HTTP/1.1)
HTTP/1.1 200 OK
Content-Length: 41
Content-Type: application/json; charset=utf-8
cache-control: no-cache

01:32:59.855 [AsyncHttpClient-1-3] DEBUG org.asynchttpclient.netty.channel.ChannelManager - Adding key: http://localhost:30243 for channel [id: 0x29c345d7, L:/127.0.0.1:58401 - R:localhost/127.0.0.1:30243]
01:32:59.858 [main] DEBUG net.thucydides.core.steps.StepInterceptor - STARTING STEP: LoginSteps.clickBeliButton - clickBeliButton
01:32:59.860 [Forwarding findElement on session 097eded59a03b14bffeea67c4de2fcbe to remote] DEBUG org.asynchttpclient.netty.request.NettyRequestSender - Using pooled Channel '[id: 0x29c345d7, L:/127.0.0.1:58401 - R:localhost/127.0.0.1:30243]' for 'POST' to 'http://localhost:30243/session/097eded59a03b14bffeea67c4de2fcbe/element'
01:32:59.860 [Forwarding findElement on session 097eded59a03b14bffeea67c4de2fcbe to remote] DEBUG org.asynchttpclient.netty.request.NettyRequestSender - Using open Channel [id: 0x29c345d7, L:/127.0.0.1:58401 - R:localhost/127.0.0.1:30243] for POST '/session/097eded59a03b14bffeea67c4de2fcbe/element'
01:32:59.875 [AsyncHttpClient-1-3] DEBUG org.asynchttpclient.netty.handler.HttpHandler - 

Request DefaultHttpRequest(decodeResult: success, version: HTTP/1.1)
POST /session/097eded59a03b14bffeea67c4de2fcbe/element HTTP/1.1
User-Agent: selenium/4.8.1 (java windows)
Content-Length: 123
Content-Type: application/json; charset=utf-8
host: localhost:30243
accept: */*

Response DefaultHttpResponse(decodeResult: success, version: HTTP/1.1)
HTTP/1.1 200 OK
Content-Length: 88
Content-Type: application/json; charset=utf-8
cache-control: no-cache

01:32:59.875 [AsyncHttpClient-1-3] DEBUG org.asynchttpclient.netty.channel.ChannelManager - Adding key: http://localhost:30243 for channel [id: 0x29c345d7, L:/127.0.0.1:58401 - R:localhost/127.0.0.1:30243]
01:32:59.876 [Forwarding getElementTagName on session 097eded59a03b14bffeea67c4de2fcbe to remote] DEBUG org.asynchttpclient.netty.request.NettyRequestSender - Using pooled Channel '[id: 0x29c345d7, L:/127.0.0.1:58401 - R:localhost/127.0.0.1:30243]' for 'GET' to 'http://localhost:30243/session/097eded59a03b14bffeea67c4de2fcbe/element/0feef7e8-4780-4dec-8692-ad9568180a31/name'
01:32:59.876 [Forwarding getElementTagName on session 097eded59a03b14bffeea67c4de2fcbe to remote] DEBUG org.asynchttpclient.netty.request.NettyRequestSender - Using open Channel [id: 0x29c345d7, L:/127.0.0.1:58401 - R:localhost/127.0.0.1:30243] for GET '/session/097eded59a03b14bffeea67c4de2fcbe/element/0feef7e8-4780-4dec-8692-ad9568180a31/name'
01:32:59.880 [AsyncHttpClient-1-3] DEBUG org.asynchttpclient.netty.handler.HttpHandler - 

Request DefaultFullHttpRequest(decodeResult: success, version: HTTP/1.1, content: EmptyByteBufBE)
GET /session/097eded59a03b14bffeea67c4de2fcbe/element/0feef7e8-4780-4dec-8692-ad9568180a31/name HTTP/1.1
User-Agent: selenium/4.8.1 (java windows)
Cache-Control: no-cache
Content-Type: application/json; charset=utf-8
host: localhost:30243
accept: */*

Response DefaultHttpResponse(decodeResult: success, version: HTTP/1.1)
HTTP/1.1 200 OK
Content-Length: 16
Content-Type: application/json; charset=utf-8
cache-control: no-cache

01:32:59.880 [AsyncHttpClient-1-3] DEBUG org.asynchttpclient.netty.channel.ChannelManager - Adding key: http://localhost:30243 for channel [id: 0x29c345d7, L:/127.0.0.1:58401 - R:localhost/127.0.0.1:30243]
01:32:59.881 [Forwarding getElementTagName on session 097eded59a03b14bffeea67c4de2fcbe to remote] DEBUG org.asynchttpclient.netty.request.NettyRequestSender - Using pooled Channel '[id: 0x29c345d7, L:/127.0.0.1:58401 - R:localhost/127.0.0.1:30243]' for 'GET' to 'http://localhost:30243/session/097eded59a03b14bffeea67c4de2fcbe/element/0feef7e8-4780-4dec-8692-ad9568180a31/name'
01:32:59.881 [Forwarding getElementTagName on session 097eded59a03b14bffeea67c4de2fcbe to remote] DEBUG org.asynchttpclient.netty.request.NettyRequestSender - Using open Channel [id: 0x29c345d7, L:/127.0.0.1:58401 - R:localhost/127.0.0.1:30243] for GET '/session/097eded59a03b14bffeea67c4de2fcbe/element/0feef7e8-4780-4dec-8692-ad9568180a31/name'
01:32:59.884 [AsyncHttpClient-1-3] DEBUG org.asynchttpclient.netty.handler.HttpHandler - 

Request DefaultFullHttpRequest(decodeResult: success, version: HTTP/1.1, content: EmptyByteBufBE)
GET /session/097eded59a03b14bffeea67c4de2fcbe/element/0feef7e8-4780-4dec-8692-ad9568180a31/name HTTP/1.1
User-Agent: selenium/4.8.1 (java windows)
Cache-Control: no-cache
Content-Type: application/json; charset=utf-8
host: localhost:30243
accept: */*

Response DefaultHttpResponse(decodeResult: success, version: HTTP/1.1)
HTTP/1.1 200 OK
Content-Length: 16
Content-Type: application/json; charset=utf-8
cache-control: no-cache

01:32:59.884 [AsyncHttpClient-1-3] DEBUG org.asynchttpclient.netty.channel.ChannelManager - Adding key: http://localhost:30243 for channel [id: 0x29c345d7, L:/127.0.0.1:58401 - R:localhost/127.0.0.1:30243]
01:32:59.885 [Forwarding findElement on session 097eded59a03b14bffeea67c4de2fcbe to remote] DEBUG org.asynchttpclient.netty.request.NettyRequestSender - Using pooled Channel '[id: 0x29c345d7, L:/127.0.0.1:58401 - R:localhost/127.0.0.1:30243]' for 'POST' to 'http://localhost:30243/session/097eded59a03b14bffeea67c4de2fcbe/element'
01:32:59.885 [Forwarding findElement on session 097eded59a03b14bffeea67c4de2fcbe to remote] DEBUG org.asynchttpclient.netty.request.NettyRequestSender - Using open Channel [id: 0x29c345d7, L:/127.0.0.1:58401 - R:localhost/127.0.0.1:30243] for POST '/session/097eded59a03b14bffeea67c4de2fcbe/element'
01:32:59.896 [AsyncHttpClient-1-3] DEBUG org.asynchttpclient.netty.handler.HttpHandler - 

Request DefaultHttpRequest(decodeResult: success, version: HTTP/1.1)
POST /session/097eded59a03b14bffeea67c4de2fcbe/element HTTP/1.1
User-Agent: selenium/4.8.1 (java windows)
Content-Length: 123
Content-Type: application/json; charset=utf-8
host: localhost:30243
accept: */*

Response DefaultHttpResponse(decodeResult: success, version: HTTP/1.1)
HTTP/1.1 200 OK
Content-Length: 88
Content-Type: application/json; charset=utf-8
cache-control: no-cache

01:32:59.896 [AsyncHttpClient-1-3] DEBUG org.asynchttpclient.netty.channel.ChannelManager - Adding key: http://localhost:30243 for channel [id: 0x29c345d7, L:/127.0.0.1:58401 - R:localhost/127.0.0.1:30243]
01:32:59.897 [Forwarding clickElement on session 097eded59a03b14bffeea67c4de2fcbe to remote] DEBUG org.asynchttpclient.netty.request.NettyRequestSender - Using pooled Channel '[id: 0x29c345d7, L:/127.0.0.1:58401 - R:localhost/127.0.0.1:30243]' for 'POST' to 'http://localhost:30243/session/097eded59a03b14bffeea67c4de2fcbe/element/0feef7e8-4780-4dec-8692-ad9568180a31/click'
01:32:59.897 [Forwarding clickElement on session 097eded59a03b14bffeea67c4de2fcbe to remote] DEBUG org.asynchttpclient.netty.request.NettyRequestSender - Using open Channel [id: 0x29c345d7, L:/127.0.0.1:58401 - R:localhost/127.0.0.1:30243] for POST '/session/097eded59a03b14bffeea67c4de2fcbe/element/0feef7e8-4780-4dec-8692-ad9568180a31/click'
01:32:59.978 [AsyncHttpClient-1-3] DEBUG org.asynchttpclient.netty.handler.HttpHandler - 

Request DefaultHttpRequest(decodeResult: success, version: HTTP/1.1)
POST /session/097eded59a03b14bffeea67c4de2fcbe/element/0feef7e8-4780-4dec-8692-ad9568180a31/click HTTP/1.1
User-Agent: selenium/4.8.1 (java windows)
Content-Length: 50
Content-Type: application/json; charset=utf-8
host: localhost:30243
accept: */*

Response DefaultHttpResponse(decodeResult: success, version: HTTP/1.1)
HTTP/1.1 200 OK
Content-Length: 14
Content-Type: application/json; charset=utf-8
cache-control: no-cache

01:32:59.978 [AsyncHttpClient-1-3] DEBUG org.asynchttpclient.netty.channel.ChannelManager - Adding key: http://localhost:30243 for channel [id: 0x29c345d7, L:/127.0.0.1:58401 - R:localhost/127.0.0.1:30243]
01:32:59.983 [Forwarding getAlertText on session 097eded59a03b14bffeea67c4de2fcbe to remote] DEBUG org.asynchttpclient.netty.request.NettyRequestSender - Using pooled Channel '[id: 0x29c345d7, L:/127.0.0.1:58401 - R:localhost/127.0.0.1:30243]' for 'GET' to 'http://localhost:30243/session/097eded59a03b14bffeea67c4de2fcbe/alert/text'
01:32:59.983 [Forwarding getAlertText on session 097eded59a03b14bffeea67c4de2fcbe to remote] DEBUG org.asynchttpclient.netty.request.NettyRequestSender - Using open Channel [id: 0x29c345d7, L:/127.0.0.1:58401 - R:localhost/127.0.0.1:30243] for GET '/session/097eded59a03b14bffeea67c4de2fcbe/alert/text'
01:32:59.985 [AsyncHttpClient-1-3] DEBUG org.asynchttpclient.netty.handler.HttpHandler - 

Request DefaultFullHttpRequest(decodeResult: success, version: HTTP/1.1, content: EmptyByteBufBE)
GET /session/097eded59a03b14bffeea67c4de2fcbe/alert/text HTTP/1.1
User-Agent: selenium/4.8.1 (java windows)
Cache-Control: no-cache
Content-Type: application/json; charset=utf-8
host: localhost:30243
accept: */*

Response DefaultHttpResponse(decodeResult: success, version: HTTP/1.1)
HTTP/1.1 404 Not Found
Content-Length: 816
Content-Type: application/json; charset=utf-8
cache-control: no-cache

01:32:59.985 [AsyncHttpClient-1-3] DEBUG org.asynchttpclient.netty.channel.ChannelManager - Adding key: http://localhost:30243 for channel [id: 0x29c345d7, L:/127.0.0.1:58401 - R:localhost/127.0.0.1:30243]
01:32:59.986 [Forwarding getCurrentUrl on session 097eded59a03b14bffeea67c4de2fcbe to remote] DEBUG org.asynchttpclient.netty.request.NettyRequestSender - Using pooled Channel '[id: 0x29c345d7, L:/127.0.0.1:58401 - R:localhost/127.0.0.1:30243]' for 'GET' to 'http://localhost:30243/session/097eded59a03b14bffeea67c4de2fcbe/url'
01:32:59.986 [Forwarding getCurrentUrl on session 097eded59a03b14bffeea67c4de2fcbe to remote] DEBUG org.asynchttpclient.netty.request.NettyRequestSender - Using open Channel [id: 0x29c345d7, L:/127.0.0.1:58401 - R:localhost/127.0.0.1:30243] for GET '/session/097eded59a03b14bffeea67c4de2fcbe/url'
01:32:59.996 [AsyncHttpClient-1-3] DEBUG org.asynchttpclient.netty.handler.HttpHandler - 

Request DefaultFullHttpRequest(decodeResult: success, version: HTTP/1.1, content: EmptyByteBufBE)
GET /session/097eded59a03b14bffeea67c4de2fcbe/url HTTP/1.1
User-Agent: selenium/4.8.1 (java windows)
Cache-Control: no-cache
Content-Type: application/json; charset=utf-8
host: localhost:30243
accept: */*

Response DefaultHttpResponse(decodeResult: success, version: HTTP/1.1)
HTTP/1.1 200 OK
Content-Length: 41
Content-Type: application/json; charset=utf-8
cache-control: no-cache

01:32:59.996 [AsyncHttpClient-1-3] DEBUG org.asynchttpclient.netty.channel.ChannelManager - Adding key: http://localhost:30243 for channel [id: 0x29c345d7, L:/127.0.0.1:58401 - R:localhost/127.0.0.1:30243]
01:32:59.996 [Forwarding screenshot on session 097eded59a03b14bffeea67c4de2fcbe to remote] DEBUG org.asynchttpclient.netty.request.NettyRequestSender - Using pooled Channel '[id: 0x29c345d7, L:/127.0.0.1:58401 - R:localhost/127.0.0.1:30243]' for 'GET' to 'http://localhost:30243/session/097eded59a03b14bffeea67c4de2fcbe/screenshot'
01:32:59.996 [Forwarding screenshot on session 097eded59a03b14bffeea67c4de2fcbe to remote] DEBUG org.asynchttpclient.netty.request.NettyRequestSender - Using open Channel [id: 0x29c345d7, L:/127.0.0.1:58401 - R:localhost/127.0.0.1:30243] for GET '/session/097eded59a03b14bffeea67c4de2fcbe/screenshot'
01:33:00.149 [AsyncHttpClient-1-3] DEBUG org.asynchttpclient.netty.handler.HttpHandler - 

Request DefaultFullHttpRequest(decodeResult: success, version: HTTP/1.1, content: EmptyByteBufBE)
GET /session/097eded59a03b14bffeea67c4de2fcbe/screenshot HTTP/1.1
User-Agent: selenium/4.8.1 (java windows)
Cache-Control: no-cache
Content-Type: application/json; charset=utf-8
host: localhost:30243
accept: */*

Response DefaultHttpResponse(decodeResult: success, version: HTTP/1.1)
HTTP/1.1 200 OK
Content-Length: 90492
Content-Type: application/json; charset=utf-8
cache-control: no-cache

01:33:00.150 [AsyncHttpClient-1-3] DEBUG org.asynchttpclient.netty.channel.ChannelManager - Adding key: http://localhost:30243 for channel [id: 0x29c345d7, L:/127.0.0.1:58401 - R:localhost/127.0.0.1:30243]
01:33:00.154 [main] DEBUG net.serenitybdd.core.photography.Darkroom - Send negative for processing for target\site\serenity\5a01680e15d5cb79446ed5c5b01529e65ada6b2941848fb066a7505ca4950be2.png
01:33:00.154 [main] DEBUG net.thucydides.core.steps.StepInterceptor - STEP DONE: clickBeliButton
  &amp#27;[32mAnd &amp#27;[0m&amp#27;[32mI click buy button from one of product&amp#27;[0m                        &amp#27;[90m# starter.stepdefinitions.LoginSteps.clickBeliButton()&amp#27;[0m
01:33:00.154 [Darkroom Processing Line] DEBUG net.serenitybdd.core.photography.DarkroomProcessingLine - Processing screenshot image in /var/screenshots/screenshot-3532836149576906449
01:33:00.154 [Darkroom Processing Line] DEBUG net.serenitybdd.core.photography.DarkroomProcessingLine - Saving screenshot to target\site\serenity\5a01680e15d5cb79446ed5c5b01529e65ada6b2941848fb066a7505ca4950be2.png
01:33:00.162 [Forwarding getPageSource on session 097eded59a03b14bffeea67c4de2fcbe to remote] DEBUG org.asynchttpclient.netty.request.NettyRequestSender - Using pooled Channel '[id: 0x29c345d7, L:/127.0.0.1:58401 - R:localhost/127.0.0.1:30243]' for 'POST' to 'http://localhost:30243/session/097eded59a03b14bffeea67c4de2fcbe/execute/sync'
01:33:00.162 [Forwarding getPageSource on session 097eded59a03b14bffeea67c4de2fcbe to remote] DEBUG org.asynchttpclient.netty.request.NettyRequestSender - Using open Channel [id: 0x29c345d7, L:/127.0.0.1:58401 - R:localhost/127.0.0.1:30243] for POST '/session/097eded59a03b14bffeea67c4de2fcbe/execute/sync'
01:33:00.209 [AsyncHttpClient-1-3] DEBUG org.asynchttpclient.netty.handler.HttpHandler - 

Request DefaultHttpRequest(decodeResult: success, version: HTTP/1.1)
POST /session/097eded59a03b14bffeea67c4de2fcbe/execute/sync HTTP/1.1
User-Agent: selenium/4.8.1 (java windows)
Content-Length: 176
Content-Type: application/json; charset=utf-8
host: localhost:30243
accept: */*

Response DefaultHttpResponse(decodeResult: success, version: HTTP/1.1)
HTTP/1.1 200 OK
Content-Length: 518476
Content-Type: application/json; charset=utf-8
cache-control: no-cache

01:33:00.210 [AsyncHttpClient-1-3] DEBUG org.asynchttpclient.netty.channel.ChannelManager - Adding key: http://localhost:30243 for channel [id: 0x29c345d7, L:/127.0.0.1:58401 - R:localhost/127.0.0.1:30243]
01:33:00.259 [Forwarding getCurrentUrl on session 097eded59a03b14bffeea67c4de2fcbe to remote] DEBUG org.asynchttpclient.netty.request.NettyRequestSender - Using pooled Channel '[id: 0x29c345d7, L:/127.0.0.1:58401 - R:localhost/127.0.0.1:30243]' for 'GET' to 'http://localhost:30243/session/097eded59a03b14bffeea67c4de2fcbe/url'
01:33:00.259 [Forwarding getCurrentUrl on session 097eded59a03b14bffeea67c4de2fcbe to remote] DEBUG org.asynchttpclient.netty.request.NettyRequestSender - Using open Channel [id: 0x29c345d7, L:/127.0.0.1:58401 - R:localhost/127.0.0.1:30243] for GET '/session/097eded59a03b14bffeea67c4de2fcbe/url'
01:33:00.262 [AsyncHttpClient-1-3] DEBUG org.asynchttpclient.netty.handler.HttpHandler - 

Request DefaultFullHttpRequest(decodeResult: success, version: HTTP/1.1, content: EmptyByteBufBE)
GET /session/097eded59a03b14bffeea67c4de2fcbe/url HTTP/1.1
User-Agent: selenium/4.8.1 (java windows)
Cache-Control: no-cache
Content-Type: application/json; charset=utf-8
host: localhost:30243
accept: */*

Response DefaultHttpResponse(decodeResult: success, version: HTTP/1.1)
HTTP/1.1 200 OK
Content-Length: 41
Content-Type: application/json; charset=utf-8
cache-control: no-cache

01:33:00.262 [AsyncHttpClient-1-3] DEBUG org.asynchttpclient.netty.channel.ChannelManager - Adding key: http://localhost:30243 for channel [id: 0x29c345d7, L:/127.0.0.1:58401 - R:localhost/127.0.0.1:30243]
01:33:00.267 [Forwarding findElement on session 097eded59a03b14bffeea67c4de2fcbe to remote] DEBUG org.asynchttpclient.netty.request.NettyRequestSender - Using pooled Channel '[id: 0x29c345d7, L:/127.0.0.1:58401 - R:localhost/127.0.0.1:30243]' for 'POST' to 'http://localhost:30243/session/097eded59a03b14bffeea67c4de2fcbe/element'
01:33:00.267 [Forwarding findElement on session 097eded59a03b14bffeea67c4de2fcbe to remote] DEBUG org.asynchttpclient.netty.request.NettyRequestSender - Using open Channel [id: 0x29c345d7, L:/127.0.0.1:58401 - R:localhost/127.0.0.1:30243] for POST '/session/097eded59a03b14bffeea67c4de2fcbe/element'
01:33:00.283 [AsyncHttpClient-1-3] DEBUG org.asynchttpclient.netty.handler.HttpHandler - 

Request DefaultHttpRequest(decodeResult: success, version: HTTP/1.1)
POST /session/097eded59a03b14bffeea67c4de2fcbe/element HTTP/1.1
User-Agent: selenium/4.8.1 (java windows)
Content-Length: 75
Content-Type: application/json; charset=utf-8
host: localhost:30243
accept: */*

Response DefaultHttpResponse(decodeResult: success, version: HTTP/1.1)
HTTP/1.1 200 OK
Content-Length: 88
Content-Type: application/json; charset=utf-8
cache-control: no-cache

01:33:00.283 [AsyncHttpClient-1-3] DEBUG org.asynchttpclient.netty.channel.ChannelManager - Adding key: http://localhost:30243 for channel [id: 0x29c345d7, L:/127.0.0.1:58401 - R:localhost/127.0.0.1:30243]
01:33:00.286 [Forwarding isElementDisplayed on session 097eded59a03b14bffeea67c4de2fcbe to remote] DEBUG org.asynchttpclient.netty.request.NettyRequestSender - Using pooled Channel '[id: 0x29c345d7, L:/127.0.0.1:58401 - R:localhost/127.0.0.1:30243]' for 'POST' to 'http://localhost:30243/session/097eded59a03b14bffeea67c4de2fcbe/execute/sync'
01:33:00.286 [Forwarding isElementDisplayed on session 097eded59a03b14bffeea67c4de2fcbe to remote] DEBUG org.asynchttpclient.netty.request.NettyRequestSender - Using open Channel [id: 0x29c345d7, L:/127.0.0.1:58401 - R:localhost/127.0.0.1:30243] for POST '/session/097eded59a03b14bffeea67c4de2fcbe/execute/sync'
01:33:00.297 [AsyncHttpClient-1-3] DEBUG org.asynchttpclient.netty.handler.HttpHandler - 

Request DefaultHttpRequest(decodeResult: success, version: HTTP/1.1)
POST /session/097eded59a03b14bffeea67c4de2fcbe/execute/sync HTTP/1.1
User-Agent: selenium/4.8.1 (java windows)
Content-Length: 48807
Content-Type: application/json; charset=utf-8
host: localhost:30243
accept: */*

Response DefaultHttpResponse(decodeResult: success, version: HTTP/1.1)
HTTP/1.1 200 OK
Content-Length: 14
Content-Type: application/json; charset=utf-8
cache-control: no-cache

01:33:00.297 [AsyncHttpClient-1-3] DEBUG org.asynchttpclient.netty.channel.ChannelManager - Adding key: http://localhost:30243 for channel [id: 0x29c345d7, L:/127.0.0.1:58401 - R:localhost/127.0.0.1:30243]
  &amp#27;[32mThen &amp#27;[0m&amp#27;[32mI success to add purchase product in the cart&amp#27;[0m                &amp#27;[90m# starter.stepdefinitions.LoginSteps.successAddPurchaseProduct()&amp#27;[0m
01:33:00.301 [Forwarding getAlertText on session 097eded59a03b14bffeea67c4de2fcbe to remote] DEBUG org.asynchttpclient.netty.request.NettyRequestSender - Using pooled Channel '[id: 0x29c345d7, L:/127.0.0.1:58401 - R:localhost/127.0.0.1:30243]' for 'GET' to 'http://localhost:30243/session/097eded59a03b14bffeea67c4de2fcbe/alert/text'
01:33:00.301 [Forwarding getAlertText on session 097eded59a03b14bffeea67c4de2fcbe to remote] DEBUG org.asynchttpclient.netty.request.NettyRequestSender - Using open Channel [id: 0x29c345d7, L:/127.0.0.1:58401 - R:localhost/127.0.0.1:30243] for GET '/session/097eded59a03b14bffeea67c4de2fcbe/alert/text'
01:33:00.317 [AsyncHttpClient-1-3] DEBUG org.asynchttpclient.netty.handler.HttpHandler - 

Request DefaultFullHttpRequest(decodeResult: success, version: HTTP/1.1, content: EmptyByteBufBE)
GET /session/097eded59a03b14bffeea67c4de2fcbe/alert/text HTTP/1.1
User-Agent: selenium/4.8.1 (java windows)
Cache-Control: no-cache
Content-Type: application/json; charset=utf-8
host: localhost:30243
accept: */*

Response DefaultHttpResponse(decodeResult: success, version: HTTP/1.1)
HTTP/1.1 404 Not Found
Content-Length: 816
Content-Type: application/json; charset=utf-8
cache-control: no-cache

01:33:00.317 [AsyncHttpClient-1-3] DEBUG org.asynchttpclient.netty.channel.ChannelManager - Adding key: http://localhost:30243 for channel [id: 0x29c345d7, L:/127.0.0.1:58401 - R:localhost/127.0.0.1:30243]
01:33:00.319 [Forwarding getCurrentUrl on session 097eded59a03b14bffeea67c4de2fcbe to remote] DEBUG org.asynchttpclient.netty.request.NettyRequestSender - Using pooled Channel '[id: 0x29c345d7, L:/127.0.0.1:58401 - R:localhost/127.0.0.1:30243]' for 'GET' to 'http://localhost:30243/session/097eded59a03b14bffeea67c4de2fcbe/url'
01:33:00.319 [Forwarding getCurrentUrl on session 097eded59a03b14bffeea67c4de2fcbe to remote] DEBUG org.asynchttpclient.netty.request.NettyRequestSender - Using open Channel [id: 0x29c345d7, L:/127.0.0.1:58401 - R:localhost/127.0.0.1:30243] for GET '/session/097eded59a03b14bffeea67c4de2fcbe/url'
01:33:00.325 [AsyncHttpClient-1-3] DEBUG org.asynchttpclient.netty.handler.HttpHandler - 

Request DefaultFullHttpRequest(decodeResult: success, version: HTTP/1.1, content: EmptyByteBufBE)
GET /session/097eded59a03b14bffeea67c4de2fcbe/url HTTP/1.1
User-Agent: selenium/4.8.1 (java windows)
Cache-Control: no-cache
Content-Type: application/json; charset=utf-8
host: localhost:30243
accept: */*

Response DefaultHttpResponse(decodeResult: success, version: HTTP/1.1)
HTTP/1.1 200 OK
Content-Length: 41
Content-Type: application/json; charset=utf-8
cache-control: no-cache

01:33:00.325 [AsyncHttpClient-1-3] DEBUG org.asynchttpclient.netty.channel.ChannelManager - Adding key: http://localhost:30243 for channel [id: 0x29c345d7, L:/127.0.0.1:58401 - R:localhost/127.0.0.1:30243]
01:33:00.326 [Forwarding screenshot on session 097eded59a03b14bffeea67c4de2fcbe to remote] DEBUG org.asynchttpclient.netty.request.NettyRequestSender - Using pooled Channel '[id: 0x29c345d7, L:/127.0.0.1:58401 - R:localhost/127.0.0.1:30243]' for 'GET' to 'http://localhost:30243/session/097eded59a03b14bffeea67c4de2fcbe/screenshot'
01:33:00.326 [Forwarding screenshot on session 097eded59a03b14bffeea67c4de2fcbe to remote] DEBUG org.asynchttpclient.netty.request.NettyRequestSender - Using open Channel [id: 0x29c345d7, L:/127.0.0.1:58401 - R:localhost/127.0.0.1:30243] for GET '/session/097eded59a03b14bffeea67c4de2fcbe/screenshot'
01:33:00.458 [AsyncHttpClient-1-3] DEBUG org.asynchttpclient.netty.handler.HttpHandler - 

Request DefaultFullHttpRequest(decodeResult: success, version: HTTP/1.1, content: EmptyByteBufBE)
GET /session/097eded59a03b14bffeea67c4de2fcbe/screenshot HTTP/1.1
User-Agent: selenium/4.8.1 (java windows)
Cache-Control: no-cache
Content-Type: application/json; charset=utf-8
host: localhost:30243
accept: */*

Response DefaultHttpResponse(decodeResult: success, version: HTTP/1.1)
HTTP/1.1 200 OK
Content-Length: 88704
Content-Type: application/json; charset=utf-8
cache-control: no-cache

01:33:00.458 [AsyncHttpClient-1-3] DEBUG org.asynchttpclient.netty.channel.ChannelManager - Adding key: http://localhost:30243 for channel [id: 0x29c345d7, L:/127.0.0.1:58401 - R:localhost/127.0.0.1:30243]
01:33:00.463 [main] DEBUG net.serenitybdd.core.photography.Darkroom - Send negative for processing for target\site\serenity\12fabd59dc1dea7dc76d563f2b2884985a3c7746f7033d7bdefead69ecbb7bc1.png
01:33:00.464 [main] INFO  - 
  _____   ___   ___   _____     ___     _     ___   ___   ___   ___  
 |_   _| | __| / __| |_   _|   | _ \   /_\   / __| / __| | __| |   \ 
   | |   | _|  \__ \   | |     |  _/  / _ \  \__ \ \__ \ | _|  | |) |
   |_|   |___| |___/   |_|     |_|   /_/ \_\ |___/ |___/ |___| |___/ 

As user i have be able to success adding purchase product
----------------------------------------------------------------------
01:33:00.465 [AsyncHttpClient-1-5] DEBUG org.asynchttpclient.netty.handler.WebSocketHandler - Channel Closed: [id: 0x3c589f96, L:/127.0.0.1:58409 ! R:localhost/127.0.0.1:58402] with attribute NettyResponseFuture{currentRetry=0,
	isDone=1,
	isCancelled=0,
	asyncHandler=org.asynchttpclient.ws.WebSocketUpgradeHandler@1eedf04,
	nettyRequest=org.asynchttpclient.netty.request.NettyRequest@34a3c1c6,
	future=java.util.concurrent.CompletableFuture@1ca12301[Completed normally],
	uri=ws://localhost:58402/devtools/browser/ec518805-01e2-4494-bf68-2229d65fbd92,
	keepAlive=true,
	redirectCount=0,
	timeoutsHolder=null,
	inAuth=0,
	touch=1683484370642}
01:33:00.465 [AsyncHttpClient-1-5] DEBUG org.asynchttpclient.netty.channel.ChannelManager - Closing Channel [id: 0x3c589f96, L:/127.0.0.1:58409 ! R:localhost/127.0.0.1:58402] 
01:33:00.466 [Driver Command Executor] DEBUG org.asynchttpclient.netty.request.NettyRequestSender - Using pooled Channel '[id: 0x29c345d7, L:/127.0.0.1:58401 - R:localhost/127.0.0.1:30243]' for 'DELETE' to 'http://localhost:30243/session/097eded59a03b14bffeea67c4de2fcbe'
01:33:00.466 [Driver Command Executor] DEBUG org.asynchttpclient.netty.request.NettyRequestSender - Using open Channel [id: 0x29c345d7, L:/127.0.0.1:58401 - R:localhost/127.0.0.1:30243] for DELETE '/session/097eded59a03b14bffeea67c4de2fcbe'
01:33:00.517 [AsyncHttpClient-1-4] DEBUG org.asynchttpclient.netty.handler.HttpHandler - Unexpected I/O exception on channel [id: 0x6595ab70, L:/127.0.0.1:58408 - R:localhost/127.0.0.1:58402]
java.io.IOException: An existing connection was forcibly closed by the remote host
	at sun.nio.ch.SocketDispatcher.read0(Native Method)
	at sun.nio.ch.SocketDispatcher.read(Unknown Source)
	at sun.nio.ch.IOUtil.readIntoNativeBuffer(Unknown Source)
	at sun.nio.ch.IOUtil.read(Unknown Source)
	at sun.nio.ch.SocketChannelImpl.read(Unknown Source)
	at io.netty.buffer.PooledByteBuf.setBytes(PooledByteBuf.java:259)
	at io.netty.buffer.AbstractByteBuf.writeBytes(AbstractByteBuf.java:1132)
	at io.netty.channel.socket.nio.NioSocketChannel.doReadBytes(NioSocketChannel.java:357)
	at io.netty.channel.nio.AbstractNioByteChannel$NioByteUnsafe.read(AbstractNioByteChannel.java:151)
	at io.netty.channel.nio.NioEventLoop.processSelectedKey(NioEventLoop.java:788)
	at io.netty.channel.nio.NioEventLoop.processSelectedKeysOptimized(NioEventLoop.java:724)
	at io.netty.channel.nio.NioEventLoop.processSelectedKeys(NioEventLoop.java:650)
	at io.netty.channel.nio.NioEventLoop.run(NioEventLoop.java:562)
	at io.netty.util.concurrent.SingleThreadEventExecutor$4.run(SingleThreadEventExecutor.java:997)
	at io.netty.util.internal.ThreadExecutorMap$2.run(ThreadExecutorMap.java:74)
	at io.netty.util.concurrent.FastThreadLocalRunnable.run(FastThreadLocalRunnable.java:30)
	at java.lang.Thread.run(Unknown Source)
01:33:00.517 [AsyncHttpClient-1-4] DEBUG org.asynchttpclient.netty.channel.ChannelManager - Closing Channel [id: 0x6595ab70, L:/127.0.0.1:58408 - R:localhost/127.0.0.1:58402] 
01:33:00.517 [AsyncHttpClient-1-4] DEBUG org.asynchttpclient.netty.handler.HttpHandler - Channel Closed: [id: 0x6595ab70, L:/127.0.0.1:58408 ! R:localhost/127.0.0.1:58402] with attribute DISCARD
01:33:00.535 [AsyncHttpClient-1-3] DEBUG org.asynchttpclient.netty.handler.HttpHandler - 

Request DefaultFullHttpRequest(decodeResult: success, version: HTTP/1.1, content: EmptyByteBufBE)
DELETE /session/097eded59a03b14bffeea67c4de2fcbe HTTP/1.1
User-Agent: selenium/4.8.1 (java windows)
Content-Type: application/json; charset=utf-8
host: localhost:30243
accept: */*

Response DefaultHttpResponse(decodeResult: success, version: HTTP/1.1)
HTTP/1.1 200 OK
Content-Length: 14
Content-Type: application/json; charset=utf-8
cache-control: no-cache

01:33:00.535 [AsyncHttpClient-1-3] DEBUG org.asynchttpclient.netty.channel.ChannelManager - Adding key: http://localhost:30243 for channel [id: 0x29c345d7, L:/127.0.0.1:58401 - R:localhost/127.0.0.1:30243]
01:33:00.600 [AsyncHttpClient-1-1] DEBUG org.asynchttpclient.netty.channel.DefaultChannelPool - Entry count for : http://localhost:58402 : 1
01:33:00.600 [AsyncHttpClient-1-1] DEBUG org.asynchttpclient.netty.channel.DefaultChannelPool - Entry count for : http://localhost:30243 : 1
01:33:00.600 [AsyncHttpClient-1-1] DEBUG org.asynchttpclient.netty.channel.DefaultChannelPool - Adding Candidate expired Channel [id: 0x6595ab70, L:/127.0.0.1:58408 ! R:localhost/127.0.0.1:58402] isIdleTimeoutExpired=false isRemotelyClosed=true isTtlExpired=false
01:33:00.600 [AsyncHttpClient-1-1] DEBUG org.asynchttpclient.netty.channel.DefaultChannelPool - Closing Idle Channel [id: 0x6595ab70, L:/127.0.0.1:58408 ! R:localhost/127.0.0.1:58402]
01:33:00.600 [AsyncHttpClient-1-1] DEBUG org.asynchttpclient.netty.channel.DefaultChannelPool - Closed 1 connections out of 2 in 0 ms
01:33:00.605 [AsyncHttpClient-1-3] DEBUG org.asynchttpclient.netty.handler.HttpHandler - Channel Closed: [id: 0x29c345d7, L:/127.0.0.1:58401 ! R:localhost/127.0.0.1:30243] with attribute DISCARD
]]></system-out>
    <system-err><![CDATA[Starting ChromeDriver 111.0.5563.64 (c710e93d5b63b7095afe8c2c17df34408078439d-refs/branch-heads/5563@{#995}) on port 30243
Only local connections are allowed.
Please see https://chromedriver.chromium.org/security-considerations for suggestions on keeping ChromeDriver safe.
ChromeDriver was started successfully.
[1683484370.519][WARNING]: This version of ChromeDriver has not been tested with Chrome version 112.
Mei 08, 2023 1:32:50 AM org.openqa.selenium.devtools.CdpVersionFinder findNearestMatch
WARNING: Unable to find an exact match for CDP version 112, so returning the closest version found: 110
]]></system-err>
  </testcase>
  <testcase name="As user i have be able to success adding two purchase product" classname="Products" time="7.456">
    <system-out><![CDATA[
Scenario: As user i have be able to success adding two purchase product &amp#27;[90m# src/test/resources/features/Products.feature:21&amp#27;[0m
01:33:01.122 [main] DEBUG io.cucumber.core.plugin.SerenityReporter - Running feature from file:///D:/TUGAS%20SEMESTER%206/Mini%20Project/WebTest-MiniProject/src/test/resources/features/Products.feature
01:33:01.124 [main] INFO  - 
  _____   ___   ___   _____     ___   _____     _     ___   _____   ___   ___  
 |_   _| | __| / __| |_   _|   / __| |_   _|   /_\   | _ \ |_   _| | __| |   \ 
   | |   | _|  \__ \   | |     \__ \   | |    / _ \  |   /   | |   | _|  | |) |
   |_|   |___| |___/   |_|     |___/   |_|   /_/ \_\ |_|_\   |_|   |___| |___/ 

As user i have be able to success adding two purchase product(products;as-user-i-have-be-able-to-success-adding-two-purchase-product)
--------------------------------------------------------------------------------
01:33:01.219 [main] INFO net.serenitybdd.core.webdriver.driverproviders.ChromeDriverProvider - Starting Chrome driver instance with capabilities:
01:33:01.220 [main] INFO net.serenitybdd.core.webdriver.driverproviders.ChromeDriverProvider - Capabilities {acceptInsecureCerts: false, browserName: chrome, goog:chromeOptions: {args: [remote-allow-origins=*], extensions: []}}
01:33:01.691 [AsyncHttpClient-1-1] DEBUG org.asynchttpclient.netty.channel.DefaultChannelPool - Entry count for : http://localhost:30243 : 1
01:33:01.691 [AsyncHttpClient-1-1] DEBUG org.asynchttpclient.netty.channel.DefaultChannelPool - Adding Candidate expired Channel [id: 0x29c345d7, L:/127.0.0.1:58401 ! R:localhost/127.0.0.1:30243] isIdleTimeoutExpired=false isRemotelyClosed=true isTtlExpired=false
01:33:01.691 [AsyncHttpClient-1-1] DEBUG org.asynchttpclient.netty.channel.DefaultChannelPool - Closing Idle Channel [id: 0x29c345d7, L:/127.0.0.1:58401 ! R:localhost/127.0.0.1:30243]
01:33:01.691 [AsyncHttpClient-1-1] DEBUG org.asynchttpclient.netty.channel.DefaultChannelPool - Closed 1 connections out of 1 in 0 ms
01:33:01.806 [AsyncHttpClient-1-6] DEBUG org.asynchttpclient.netty.channel.NettyConnectListener - Using new Channel '[id: 0x60e3565a, L:/127.0.0.1:58424 - R:localhost/127.0.0.1:46131]' for 'POST' to '/session'
01:33:02.445 [AsyncHttpClient-1-6] DEBUG org.asynchttpclient.netty.handler.HttpHandler - 

Request DefaultHttpRequest(decodeResult: success, version: HTTP/1.1)
POST /session HTTP/1.1
User-Agent: selenium/4.8.1 (java windows)
Content-Length: 507
Content-Type: application/json; charset=utf-8
host: localhost:46131
accept: */*

Response DefaultHttpResponse(decodeResult: success, version: HTTP/1.1)
HTTP/1.1 200 OK
Content-Length: 857
Content-Type: application/json; charset=utf-8
cache-control: no-cache

01:33:02.445 [AsyncHttpClient-1-6] DEBUG org.asynchttpclient.netty.channel.ChannelManager - Adding key: http://localhost:46131 for channel [id: 0x60e3565a, L:/127.0.0.1:58424 - R:localhost/127.0.0.1:46131]
01:33:02.452 [AsyncHttpClient-1-7] DEBUG org.asynchttpclient.netty.channel.NettyConnectListener - Using new Channel '[id: 0x72db4dfb, L:/127.0.0.1:58431 - R:localhost/127.0.0.1:58425]' for 'GET' to '/json/version'
01:33:02.454 [AsyncHttpClient-1-7] DEBUG org.asynchttpclient.netty.handler.HttpHandler - 

Request DefaultFullHttpRequest(decodeResult: success, version: HTTP/1.1, content: EmptyByteBufBE)
GET /json/version HTTP/1.1
User-Agent: selenium/4.8.1 (java windows)
host: localhost:58425
accept: */*

Response DefaultHttpResponse(decodeResult: success, version: HTTP/1.1)
HTTP/1.1 200 OK
Content-Security-Policy: frame-ancestors 'none'
Content-Length: 424
Content-Type: application/json; charset=UTF-8

01:33:02.454 [AsyncHttpClient-1-7] DEBUG org.asynchttpclient.netty.channel.ChannelManager - Adding key: http://localhost:58425 for channel [id: 0x72db4dfb, L:/127.0.0.1:58431 - R:localhost/127.0.0.1:58425]
01:33:02.459 [AsyncHttpClient-1-8] DEBUG org.asynchttpclient.netty.channel.NettyConnectListener - Using new Channel '[id: 0xdece8892, L:/127.0.0.1:58432 - R:localhost/127.0.0.1:58425]' for 'GET' to '/devtools/browser/454fa0e5-bc24-4c5a-a62f-364c6d1b462b'
01:33:02.459 [AsyncHttpClient-1-8] DEBUG org.asynchttpclient.netty.handler.WebSocketHandler - 

Request DefaultFullHttpRequest(decodeResult: success, version: HTTP/1.1, content: EmptyByteBufBE)
GET /devtools/browser/454fa0e5-bc24-4c5a-a62f-364c6d1b462b HTTP/1.1
upgrade: websocket
connection: upgrade
sec-websocket-key: jNJ45HPJIAtC4Mosw3bbDQ==
sec-websocket-version: 13
origin: http://localhost:58425
host: localhost:58425
accept: */*
user-agent: AHC/2.1

Response DefaultHttpResponse(decodeResult: success, version: HTTP/1.1)
HTTP/1.1 101 WebSocket Protocol Handshake
Upgrade: WebSocket
Connection: Upgrade
Sec-WebSocket-Accept: hhgUKJXt0uCa8YYSs/tfO907AJU=

01:33:02.463 [Forwarding get on session db9cd93be947d3c64df21fca61912d30 to remote] DEBUG org.asynchttpclient.netty.request.NettyRequestSender - Using pooled Channel '[id: 0x60e3565a, L:/127.0.0.1:58424 - R:localhost/127.0.0.1:46131]' for 'POST' to 'http://localhost:46131/session/db9cd93be947d3c64df21fca61912d30/url'
01:33:02.463 [Forwarding get on session db9cd93be947d3c64df21fca61912d30 to remote] DEBUG org.asynchttpclient.netty.request.NettyRequestSender - Using open Channel [id: 0x60e3565a, L:/127.0.0.1:58424 - R:localhost/127.0.0.1:46131] for POST '/session/db9cd93be947d3c64df21fca61912d30/url'
01:33:02.810 [AsyncHttpClient-1-1] DEBUG org.asynchttpclient.netty.channel.DefaultChannelPool - Entry count for : http://localhost:58425 : 1
01:33:03.191 [AsyncHttpClient-1-6] DEBUG org.asynchttpclient.netty.handler.HttpHandler - 

Request DefaultHttpRequest(decodeResult: success, version: HTTP/1.1)
POST /session/db9cd93be947d3c64df21fca61912d30/url HTTP/1.1
User-Agent: selenium/4.8.1 (java windows)
Content-Length: 74
Content-Type: application/json; charset=utf-8
host: localhost:46131
accept: */*

Response DefaultHttpResponse(decodeResult: success, version: HTTP/1.1)
HTTP/1.1 200 OK
Content-Length: 14
Content-Type: application/json; charset=utf-8
cache-control: no-cache

01:33:03.191 [AsyncHttpClient-1-6] DEBUG org.asynchttpclient.netty.channel.ChannelManager - Adding key: http://localhost:46131 for channel [id: 0x60e3565a, L:/127.0.0.1:58424 - R:localhost/127.0.0.1:46131]
01:33:03.192 [Forwarding setTimeout on session db9cd93be947d3c64df21fca61912d30 to remote] DEBUG org.asynchttpclient.netty.request.NettyRequestSender - Using pooled Channel '[id: 0x60e3565a, L:/127.0.0.1:58424 - R:localhost/127.0.0.1:46131]' for 'POST' to 'http://localhost:46131/session/db9cd93be947d3c64df21fca61912d30/timeouts'
01:33:03.192 [Forwarding setTimeout on session db9cd93be947d3c64df21fca61912d30 to remote] DEBUG org.asynchttpclient.netty.request.NettyRequestSender - Using open Channel [id: 0x60e3565a, L:/127.0.0.1:58424 - R:localhost/127.0.0.1:46131] for POST '/session/db9cd93be947d3c64df21fca61912d30/timeouts'
01:33:03.193 [AsyncHttpClient-1-6] DEBUG org.asynchttpclient.netty.handler.HttpHandler - 

Request DefaultHttpRequest(decodeResult: success, version: HTTP/1.1)
POST /session/db9cd93be947d3c64df21fca61912d30/timeouts HTTP/1.1
User-Agent: selenium/4.8.1 (java windows)
Content-Length: 22
Content-Type: application/json; charset=utf-8
host: localhost:46131
accept: */*

Response DefaultHttpResponse(decodeResult: success, version: HTTP/1.1)
HTTP/1.1 200 OK
Content-Length: 14
Content-Type: application/json; charset=utf-8
cache-control: no-cache

01:33:03.193 [AsyncHttpClient-1-6] DEBUG org.asynchttpclient.netty.channel.ChannelManager - Adding key: http://localhost:46131 for channel [id: 0x60e3565a, L:/127.0.0.1:58424 - R:localhost/127.0.0.1:46131]
01:33:03.200 [Forwarding getAlertText on session db9cd93be947d3c64df21fca61912d30 to remote] DEBUG org.asynchttpclient.netty.request.NettyRequestSender - Using pooled Channel '[id: 0x60e3565a, L:/127.0.0.1:58424 - R:localhost/127.0.0.1:46131]' for 'GET' to 'http://localhost:46131/session/db9cd93be947d3c64df21fca61912d30/alert/text'
01:33:03.200 [Forwarding getAlertText on session db9cd93be947d3c64df21fca61912d30 to remote] DEBUG org.asynchttpclient.netty.request.NettyRequestSender - Using open Channel [id: 0x60e3565a, L:/127.0.0.1:58424 - R:localhost/127.0.0.1:46131] for GET '/session/db9cd93be947d3c64df21fca61912d30/alert/text'
01:33:03.202 [AsyncHttpClient-1-6] DEBUG org.asynchttpclient.netty.handler.HttpHandler - 

Request DefaultFullHttpRequest(decodeResult: success, version: HTTP/1.1, content: EmptyByteBufBE)
GET /session/db9cd93be947d3c64df21fca61912d30/alert/text HTTP/1.1
User-Agent: selenium/4.8.1 (java windows)
Cache-Control: no-cache
Content-Type: application/json; charset=utf-8
host: localhost:46131
accept: */*

Response DefaultHttpResponse(decodeResult: success, version: HTTP/1.1)
HTTP/1.1 404 Not Found
Content-Length: 816
Content-Type: application/json; charset=utf-8
cache-control: no-cache

01:33:03.202 [AsyncHttpClient-1-6] DEBUG org.asynchttpclient.netty.channel.ChannelManager - Adding key: http://localhost:46131 for channel [id: 0x60e3565a, L:/127.0.0.1:58424 - R:localhost/127.0.0.1:46131]
01:33:03.203 [Forwarding getCurrentUrl on session db9cd93be947d3c64df21fca61912d30 to remote] DEBUG org.asynchttpclient.netty.request.NettyRequestSender - Using pooled Channel '[id: 0x60e3565a, L:/127.0.0.1:58424 - R:localhost/127.0.0.1:46131]' for 'GET' to 'http://localhost:46131/session/db9cd93be947d3c64df21fca61912d30/url'
01:33:03.203 [Forwarding getCurrentUrl on session db9cd93be947d3c64df21fca61912d30 to remote] DEBUG org.asynchttpclient.netty.request.NettyRequestSender - Using open Channel [id: 0x60e3565a, L:/127.0.0.1:58424 - R:localhost/127.0.0.1:46131] for GET '/session/db9cd93be947d3c64df21fca61912d30/url'
01:33:03.211 [AsyncHttpClient-1-6] DEBUG org.asynchttpclient.netty.handler.HttpHandler - 

Request DefaultFullHttpRequest(decodeResult: success, version: HTTP/1.1, content: EmptyByteBufBE)
GET /session/db9cd93be947d3c64df21fca61912d30/url HTTP/1.1
User-Agent: selenium/4.8.1 (java windows)
Cache-Control: no-cache
Content-Type: application/json; charset=utf-8
host: localhost:46131
accept: */*

Response DefaultHttpResponse(decodeResult: success, version: HTTP/1.1)
HTTP/1.1 200 OK
Content-Length: 51
Content-Type: application/json; charset=utf-8
cache-control: no-cache

01:33:03.211 [AsyncHttpClient-1-6] DEBUG org.asynchttpclient.netty.channel.ChannelManager - Adding key: http://localhost:46131 for channel [id: 0x60e3565a, L:/127.0.0.1:58424 - R:localhost/127.0.0.1:46131]
01:33:03.211 [Forwarding screenshot on session db9cd93be947d3c64df21fca61912d30 to remote] DEBUG org.asynchttpclient.netty.request.NettyRequestSender - Using pooled Channel '[id: 0x60e3565a, L:/127.0.0.1:58424 - R:localhost/127.0.0.1:46131]' for 'GET' to 'http://localhost:46131/session/db9cd93be947d3c64df21fca61912d30/screenshot'
01:33:03.211 [Forwarding screenshot on session db9cd93be947d3c64df21fca61912d30 to remote] DEBUG org.asynchttpclient.netty.request.NettyRequestSender - Using open Channel [id: 0x60e3565a, L:/127.0.0.1:58424 - R:localhost/127.0.0.1:46131] for GET '/session/db9cd93be947d3c64df21fca61912d30/screenshot'
01:33:03.432 [AsyncHttpClient-1-6] DEBUG org.asynchttpclient.netty.handler.HttpHandler - 

Request DefaultFullHttpRequest(decodeResult: success, version: HTTP/1.1, content: EmptyByteBufBE)
GET /session/db9cd93be947d3c64df21fca61912d30/screenshot HTTP/1.1
User-Agent: selenium/4.8.1 (java windows)
Cache-Control: no-cache
Content-Type: application/json; charset=utf-8
host: localhost:46131
accept: */*

Response DefaultHttpResponse(decodeResult: success, version: HTTP/1.1)
HTTP/1.1 200 OK
Content-Length: 37680
Content-Type: application/json; charset=utf-8
cache-control: no-cache

01:33:03.433 [AsyncHttpClient-1-6] DEBUG org.asynchttpclient.netty.channel.ChannelManager - Adding key: http://localhost:46131 for channel [id: 0x60e3565a, L:/127.0.0.1:58424 - R:localhost/127.0.0.1:46131]
01:33:03.435 [main] DEBUG net.serenitybdd.core.photography.Darkroom - Send negative for processing for target\site\serenity\617ccc73021c4cab9dfa54c5aa3482f15135817f8e58f0514fd8d62047c1a9ab.png
01:33:03.436 [Forwarding getPageSource on session db9cd93be947d3c64df21fca61912d30 to remote] DEBUG org.asynchttpclient.netty.request.NettyRequestSender - Using pooled Channel '[id: 0x60e3565a, L:/127.0.0.1:58424 - R:localhost/127.0.0.1:46131]' for 'POST' to 'http://localhost:46131/session/db9cd93be947d3c64df21fca61912d30/execute/sync'
01:33:03.437 [Forwarding getPageSource on session db9cd93be947d3c64df21fca61912d30 to remote] DEBUG org.asynchttpclient.netty.request.NettyRequestSender - Using open Channel [id: 0x60e3565a, L:/127.0.0.1:58424 - R:localhost/127.0.0.1:46131] for POST '/session/db9cd93be947d3c64df21fca61912d30/execute/sync'
01:33:03.443 [AsyncHttpClient-1-6] DEBUG org.asynchttpclient.netty.handler.HttpHandler - 

Request DefaultHttpRequest(decodeResult: success, version: HTTP/1.1)
POST /session/db9cd93be947d3c64df21fca61912d30/execute/sync HTTP/1.1
User-Agent: selenium/4.8.1 (java windows)
Content-Length: 176
Content-Type: application/json; charset=utf-8
host: localhost:46131
accept: */*

Response DefaultHttpResponse(decodeResult: success, version: HTTP/1.1)
HTTP/1.1 200 OK
Content-Length: 21659
Content-Type: application/json; charset=utf-8
cache-control: no-cache

01:33:03.443 [AsyncHttpClient-1-6] DEBUG org.asynchttpclient.netty.channel.ChannelManager - Adding key: http://localhost:46131 for channel [id: 0x60e3565a, L:/127.0.0.1:58424 - R:localhost/127.0.0.1:46131]
01:33:03.445 [Forwarding getCurrentUrl on session db9cd93be947d3c64df21fca61912d30 to remote] DEBUG org.asynchttpclient.netty.request.NettyRequestSender - Using pooled Channel '[id: 0x60e3565a, L:/127.0.0.1:58424 - R:localhost/127.0.0.1:46131]' for 'GET' to 'http://localhost:46131/session/db9cd93be947d3c64df21fca61912d30/url'
01:33:03.445 [Forwarding getCurrentUrl on session db9cd93be947d3c64df21fca61912d30 to remote] DEBUG org.asynchttpclient.netty.request.NettyRequestSender - Using open Channel [id: 0x60e3565a, L:/127.0.0.1:58424 - R:localhost/127.0.0.1:46131] for GET '/session/db9cd93be947d3c64df21fca61912d30/url'
01:33:03.448 [AsyncHttpClient-1-6] DEBUG org.asynchttpclient.netty.handler.HttpHandler - 

Request DefaultFullHttpRequest(decodeResult: success, version: HTTP/1.1, content: EmptyByteBufBE)
GET /session/db9cd93be947d3c64df21fca61912d30/url HTTP/1.1
User-Agent: selenium/4.8.1 (java windows)
Cache-Control: no-cache
Content-Type: application/json; charset=utf-8
host: localhost:46131
accept: */*

Response DefaultHttpResponse(decodeResult: success, version: HTTP/1.1)
HTTP/1.1 200 OK
Content-Length: 51
Content-Type: application/json; charset=utf-8
cache-control: no-cache

01:33:03.448 [AsyncHttpClient-1-6] DEBUG org.asynchttpclient.netty.channel.ChannelManager - Adding key: http://localhost:46131 for channel [id: 0x60e3565a, L:/127.0.0.1:58424 - R:localhost/127.0.0.1:46131]
01:33:03.450 [main] DEBUG net.thucydides.core.steps.StepInterceptor - STARTING STEP: LoginSteps.onTheLoginPage - validateOnTheLoginPage
01:33:03.454 [Forwarding findElement on session db9cd93be947d3c64df21fca61912d30 to remote] DEBUG org.asynchttpclient.netty.request.NettyRequestSender - Using pooled Channel '[id: 0x60e3565a, L:/127.0.0.1:58424 - R:localhost/127.0.0.1:46131]' for 'POST' to 'http://localhost:46131/session/db9cd93be947d3c64df21fca61912d30/element'
01:33:03.454 [Forwarding findElement on session db9cd93be947d3c64df21fca61912d30 to remote] DEBUG org.asynchttpclient.netty.request.NettyRequestSender - Using open Channel [id: 0x60e3565a, L:/127.0.0.1:58424 - R:localhost/127.0.0.1:46131] for POST '/session/db9cd93be947d3c64df21fca61912d30/element'
01:33:03.469 [AsyncHttpClient-1-6] DEBUG org.asynchttpclient.netty.handler.HttpHandler - 

Request DefaultHttpRequest(decodeResult: success, version: HTTP/1.1)
POST /session/db9cd93be947d3c64df21fca61912d30/element HTTP/1.1
User-Agent: selenium/4.8.1 (java windows)
Content-Length: 165
Content-Type: application/json; charset=utf-8
host: localhost:46131
accept: */*

Response DefaultHttpResponse(decodeResult: success, version: HTTP/1.1)
HTTP/1.1 200 OK
Content-Length: 88
Content-Type: application/json; charset=utf-8
cache-control: no-cache

01:33:03.470 [AsyncHttpClient-1-6] DEBUG org.asynchttpclient.netty.channel.ChannelManager - Adding key: http://localhost:46131 for channel [id: 0x60e3565a, L:/127.0.0.1:58424 - R:localhost/127.0.0.1:46131]
01:33:03.473 [Forwarding isElementDisplayed on session db9cd93be947d3c64df21fca61912d30 to remote] DEBUG org.asynchttpclient.netty.request.NettyRequestSender - Using pooled Channel '[id: 0x60e3565a, L:/127.0.0.1:58424 - R:localhost/127.0.0.1:46131]' for 'POST' to 'http://localhost:46131/session/db9cd93be947d3c64df21fca61912d30/execute/sync'
01:33:03.474 [Forwarding isElementDisplayed on session db9cd93be947d3c64df21fca61912d30 to remote] DEBUG org.asynchttpclient.netty.request.NettyRequestSender - Using open Channel [id: 0x60e3565a, L:/127.0.0.1:58424 - R:localhost/127.0.0.1:46131] for POST '/session/db9cd93be947d3c64df21fca61912d30/execute/sync'
01:33:03.488 [AsyncHttpClient-1-6] DEBUG org.asynchttpclient.netty.handler.HttpHandler - 

Request DefaultHttpRequest(decodeResult: success, version: HTTP/1.1)
POST /session/db9cd93be947d3c64df21fca61912d30/execute/sync HTTP/1.1
User-Agent: selenium/4.8.1 (java windows)
Content-Length: 48807
Content-Type: application/json; charset=utf-8
host: localhost:46131
accept: */*

Response DefaultHttpResponse(decodeResult: success, version: HTTP/1.1)
HTTP/1.1 200 OK
Content-Length: 14
Content-Type: application/json; charset=utf-8
cache-control: no-cache

01:33:03.489 [AsyncHttpClient-1-6] DEBUG org.asynchttpclient.netty.channel.ChannelManager - Adding key: http://localhost:46131 for channel [id: 0x60e3565a, L:/127.0.0.1:58424 - R:localhost/127.0.0.1:46131]
01:33:03.492 [Forwarding getAlertText on session db9cd93be947d3c64df21fca61912d30 to remote] DEBUG org.asynchttpclient.netty.request.NettyRequestSender - Using pooled Channel '[id: 0x60e3565a, L:/127.0.0.1:58424 - R:localhost/127.0.0.1:46131]' for 'GET' to 'http://localhost:46131/session/db9cd93be947d3c64df21fca61912d30/alert/text'
01:33:03.492 [Forwarding getAlertText on session db9cd93be947d3c64df21fca61912d30 to remote] DEBUG org.asynchttpclient.netty.request.NettyRequestSender - Using open Channel [id: 0x60e3565a, L:/127.0.0.1:58424 - R:localhost/127.0.0.1:46131] for GET '/session/db9cd93be947d3c64df21fca61912d30/alert/text'
01:33:03.494 [AsyncHttpClient-1-6] DEBUG org.asynchttpclient.netty.handler.HttpHandler - 

Request DefaultFullHttpRequest(decodeResult: success, version: HTTP/1.1, content: EmptyByteBufBE)
GET /session/db9cd93be947d3c64df21fca61912d30/alert/text HTTP/1.1
User-Agent: selenium/4.8.1 (java windows)
Cache-Control: no-cache
Content-Type: application/json; charset=utf-8
host: localhost:46131
accept: */*

Response DefaultHttpResponse(decodeResult: success, version: HTTP/1.1)
HTTP/1.1 404 Not Found
Content-Length: 816
Content-Type: application/json; charset=utf-8
cache-control: no-cache

01:33:03.494 [AsyncHttpClient-1-6] DEBUG org.asynchttpclient.netty.channel.ChannelManager - Adding key: http://localhost:46131 for channel [id: 0x60e3565a, L:/127.0.0.1:58424 - R:localhost/127.0.0.1:46131]
01:33:03.495 [Forwarding getCurrentUrl on session db9cd93be947d3c64df21fca61912d30 to remote] DEBUG org.asynchttpclient.netty.request.NettyRequestSender - Using pooled Channel '[id: 0x60e3565a, L:/127.0.0.1:58424 - R:localhost/127.0.0.1:46131]' for 'GET' to 'http://localhost:46131/session/db9cd93be947d3c64df21fca61912d30/url'
01:33:03.495 [Forwarding getCurrentUrl on session db9cd93be947d3c64df21fca61912d30 to remote] DEBUG org.asynchttpclient.netty.request.NettyRequestSender - Using open Channel [id: 0x60e3565a, L:/127.0.0.1:58424 - R:localhost/127.0.0.1:46131] for GET '/session/db9cd93be947d3c64df21fca61912d30/url'
01:33:03.499 [AsyncHttpClient-1-6] DEBUG org.asynchttpclient.netty.handler.HttpHandler - 

Request DefaultFullHttpRequest(decodeResult: success, version: HTTP/1.1, content: EmptyByteBufBE)
GET /session/db9cd93be947d3c64df21fca61912d30/url HTTP/1.1
User-Agent: selenium/4.8.1 (java windows)
Cache-Control: no-cache
Content-Type: application/json; charset=utf-8
host: localhost:46131
accept: */*

Response DefaultHttpResponse(decodeResult: success, version: HTTP/1.1)
HTTP/1.1 200 OK
Content-Length: 51
Content-Type: application/json; charset=utf-8
cache-control: no-cache

01:33:03.499 [AsyncHttpClient-1-6] DEBUG org.asynchttpclient.netty.channel.ChannelManager - Adding key: http://localhost:46131 for channel [id: 0x60e3565a, L:/127.0.0.1:58424 - R:localhost/127.0.0.1:46131]
01:33:03.499 [Forwarding screenshot on session db9cd93be947d3c64df21fca61912d30 to remote] DEBUG org.asynchttpclient.netty.request.NettyRequestSender - Using pooled Channel '[id: 0x60e3565a, L:/127.0.0.1:58424 - R:localhost/127.0.0.1:46131]' for 'GET' to 'http://localhost:46131/session/db9cd93be947d3c64df21fca61912d30/screenshot'
01:33:03.499 [Forwarding screenshot on session db9cd93be947d3c64df21fca61912d30 to remote] DEBUG org.asynchttpclient.netty.request.NettyRequestSender - Using open Channel [id: 0x60e3565a, L:/127.0.0.1:58424 - R:localhost/127.0.0.1:46131] for GET '/session/db9cd93be947d3c64df21fca61912d30/screenshot'
01:33:03.612 [AsyncHttpClient-1-6] DEBUG org.asynchttpclient.netty.handler.HttpHandler - 

Request DefaultFullHttpRequest(decodeResult: success, version: HTTP/1.1, content: EmptyByteBufBE)
GET /session/db9cd93be947d3c64df21fca61912d30/screenshot HTTP/1.1
User-Agent: selenium/4.8.1 (java windows)
Cache-Control: no-cache
Content-Type: application/json; charset=utf-8
host: localhost:46131
accept: */*

Response DefaultHttpResponse(decodeResult: success, version: HTTP/1.1)
HTTP/1.1 200 OK
Content-Length: 37680
Content-Type: application/json; charset=utf-8
cache-control: no-cache

01:33:03.612 [AsyncHttpClient-1-6] DEBUG org.asynchttpclient.netty.channel.ChannelManager - Adding key: http://localhost:46131 for channel [id: 0x60e3565a, L:/127.0.0.1:58424 - R:localhost/127.0.0.1:46131]
01:33:03.615 [main] DEBUG net.serenitybdd.core.photography.Darkroom - Send negative for processing for target\site\serenity\617ccc73021c4cab9dfa54c5aa3482f15135817f8e58f0514fd8d62047c1a9ab.png
01:33:03.616 [main] DEBUG net.thucydides.core.steps.StepInterceptor - STEP DONE: validateOnTheLoginPage
  &amp#27;[32mGiven &amp#27;[0m&amp#27;[32mI am on the login page&amp#27;[0m                                          &amp#27;[90m# starter.stepdefinitions.LoginSteps.onTheLoginPage()&amp#27;[0m
01:33:03.625 [Forwarding getPageSource on session db9cd93be947d3c64df21fca61912d30 to remote] DEBUG org.asynchttpclient.netty.request.NettyRequestSender - Using pooled Channel '[id: 0x60e3565a, L:/127.0.0.1:58424 - R:localhost/127.0.0.1:46131]' for 'POST' to 'http://localhost:46131/session/db9cd93be947d3c64df21fca61912d30/execute/sync'
01:33:03.625 [Forwarding getPageSource on session db9cd93be947d3c64df21fca61912d30 to remote] DEBUG org.asynchttpclient.netty.request.NettyRequestSender - Using open Channel [id: 0x60e3565a, L:/127.0.0.1:58424 - R:localhost/127.0.0.1:46131] for POST '/session/db9cd93be947d3c64df21fca61912d30/execute/sync'
01:33:03.632 [AsyncHttpClient-1-6] DEBUG org.asynchttpclient.netty.handler.HttpHandler - 

Request DefaultHttpRequest(decodeResult: success, version: HTTP/1.1)
POST /session/db9cd93be947d3c64df21fca61912d30/execute/sync HTTP/1.1
User-Agent: selenium/4.8.1 (java windows)
Content-Length: 176
Content-Type: application/json; charset=utf-8
host: localhost:46131
accept: */*

Response DefaultHttpResponse(decodeResult: success, version: HTTP/1.1)
HTTP/1.1 200 OK
Content-Length: 21659
Content-Type: application/json; charset=utf-8
cache-control: no-cache

01:33:03.632 [AsyncHttpClient-1-6] DEBUG org.asynchttpclient.netty.channel.ChannelManager - Adding key: http://localhost:46131 for channel [id: 0x60e3565a, L:/127.0.0.1:58424 - R:localhost/127.0.0.1:46131]
01:33:03.634 [Forwarding getCurrentUrl on session db9cd93be947d3c64df21fca61912d30 to remote] DEBUG org.asynchttpclient.netty.request.NettyRequestSender - Using pooled Channel '[id: 0x60e3565a, L:/127.0.0.1:58424 - R:localhost/127.0.0.1:46131]' for 'GET' to 'http://localhost:46131/session/db9cd93be947d3c64df21fca61912d30/url'
01:33:03.634 [Forwarding getCurrentUrl on session db9cd93be947d3c64df21fca61912d30 to remote] DEBUG org.asynchttpclient.netty.request.NettyRequestSender - Using open Channel [id: 0x60e3565a, L:/127.0.0.1:58424 - R:localhost/127.0.0.1:46131] for GET '/session/db9cd93be947d3c64df21fca61912d30/url'
01:33:03.637 [AsyncHttpClient-1-6] DEBUG org.asynchttpclient.netty.handler.HttpHandler - 

Request DefaultFullHttpRequest(decodeResult: success, version: HTTP/1.1, content: EmptyByteBufBE)
GET /session/db9cd93be947d3c64df21fca61912d30/url HTTP/1.1
User-Agent: selenium/4.8.1 (java windows)
Cache-Control: no-cache
Content-Type: application/json; charset=utf-8
host: localhost:46131
accept: */*

Response DefaultHttpResponse(decodeResult: success, version: HTTP/1.1)
HTTP/1.1 200 OK
Content-Length: 51
Content-Type: application/json; charset=utf-8
cache-control: no-cache

01:33:03.637 [AsyncHttpClient-1-6] DEBUG org.asynchttpclient.netty.channel.ChannelManager - Adding key: http://localhost:46131 for channel [id: 0x60e3565a, L:/127.0.0.1:58424 - R:localhost/127.0.0.1:46131]
01:33:03.645 [Forwarding getPageSource on session db9cd93be947d3c64df21fca61912d30 to remote] DEBUG org.asynchttpclient.netty.request.NettyRequestSender - Using pooled Channel '[id: 0x60e3565a, L:/127.0.0.1:58424 - R:localhost/127.0.0.1:46131]' for 'POST' to 'http://localhost:46131/session/db9cd93be947d3c64df21fca61912d30/execute/sync'
01:33:03.645 [Forwarding getPageSource on session db9cd93be947d3c64df21fca61912d30 to remote] DEBUG org.asynchttpclient.netty.request.NettyRequestSender - Using open Channel [id: 0x60e3565a, L:/127.0.0.1:58424 - R:localhost/127.0.0.1:46131] for POST '/session/db9cd93be947d3c64df21fca61912d30/execute/sync'
01:33:03.651 [AsyncHttpClient-1-6] DEBUG org.asynchttpclient.netty.handler.HttpHandler - 

Request DefaultHttpRequest(decodeResult: success, version: HTTP/1.1)
POST /session/db9cd93be947d3c64df21fca61912d30/execute/sync HTTP/1.1
User-Agent: selenium/4.8.1 (java windows)
Content-Length: 176
Content-Type: application/json; charset=utf-8
host: localhost:46131
accept: */*

Response DefaultHttpResponse(decodeResult: success, version: HTTP/1.1)
HTTP/1.1 200 OK
Content-Length: 21659
Content-Type: application/json; charset=utf-8
cache-control: no-cache

01:33:03.651 [AsyncHttpClient-1-6] DEBUG org.asynchttpclient.netty.channel.ChannelManager - Adding key: http://localhost:46131 for channel [id: 0x60e3565a, L:/127.0.0.1:58424 - R:localhost/127.0.0.1:46131]
01:33:03.654 [Forwarding getCurrentUrl on session db9cd93be947d3c64df21fca61912d30 to remote] DEBUG org.asynchttpclient.netty.request.NettyRequestSender - Using pooled Channel '[id: 0x60e3565a, L:/127.0.0.1:58424 - R:localhost/127.0.0.1:46131]' for 'GET' to 'http://localhost:46131/session/db9cd93be947d3c64df21fca61912d30/url'
01:33:03.654 [Forwarding getCurrentUrl on session db9cd93be947d3c64df21fca61912d30 to remote] DEBUG org.asynchttpclient.netty.request.NettyRequestSender - Using open Channel [id: 0x60e3565a, L:/127.0.0.1:58424 - R:localhost/127.0.0.1:46131] for GET '/session/db9cd93be947d3c64df21fca61912d30/url'
01:33:03.660 [AsyncHttpClient-1-6] DEBUG org.asynchttpclient.netty.handler.HttpHandler - 

Request DefaultFullHttpRequest(decodeResult: success, version: HTTP/1.1, content: EmptyByteBufBE)
GET /session/db9cd93be947d3c64df21fca61912d30/url HTTP/1.1
User-Agent: selenium/4.8.1 (java windows)
Cache-Control: no-cache
Content-Type: application/json; charset=utf-8
host: localhost:46131
accept: */*

Response DefaultHttpResponse(decodeResult: success, version: HTTP/1.1)
HTTP/1.1 200 OK
Content-Length: 51
Content-Type: application/json; charset=utf-8
cache-control: no-cache

01:33:03.660 [AsyncHttpClient-1-6] DEBUG org.asynchttpclient.netty.channel.ChannelManager - Adding key: http://localhost:46131 for channel [id: 0x60e3565a, L:/127.0.0.1:58424 - R:localhost/127.0.0.1:46131]
01:33:03.661 [main] DEBUG net.thucydides.core.steps.StepInterceptor - STARTING STEP: LoginSteps.enterValidUsername - inputUsername
01:33:03.664 [Forwarding findElement on session db9cd93be947d3c64df21fca61912d30 to remote] DEBUG org.asynchttpclient.netty.request.NettyRequestSender - Using pooled Channel '[id: 0x60e3565a, L:/127.0.0.1:58424 - R:localhost/127.0.0.1:46131]' for 'POST' to 'http://localhost:46131/session/db9cd93be947d3c64df21fca61912d30/element'
01:33:03.664 [Forwarding findElement on session db9cd93be947d3c64df21fca61912d30 to remote] DEBUG org.asynchttpclient.netty.request.NettyRequestSender - Using open Channel [id: 0x60e3565a, L:/127.0.0.1:58424 - R:localhost/127.0.0.1:46131] for POST '/session/db9cd93be947d3c64df21fca61912d30/element'
01:33:03.677 [AsyncHttpClient-1-6] DEBUG org.asynchttpclient.netty.handler.HttpHandler - 

Request DefaultHttpRequest(decodeResult: success, version: HTTP/1.1)
POST /session/db9cd93be947d3c64df21fca61912d30/element HTTP/1.1
User-Agent: selenium/4.8.1 (java windows)
Content-Length: 68
Content-Type: application/json; charset=utf-8
host: localhost:46131
accept: */*

Response DefaultHttpResponse(decodeResult: success, version: HTTP/1.1)
HTTP/1.1 200 OK
Content-Length: 88
Content-Type: application/json; charset=utf-8
cache-control: no-cache

01:33:03.677 [AsyncHttpClient-1-6] DEBUG org.asynchttpclient.netty.channel.ChannelManager - Adding key: http://localhost:46131 for channel [id: 0x60e3565a, L:/127.0.0.1:58424 - R:localhost/127.0.0.1:46131]
01:33:03.678 [Forwarding clearElement on session db9cd93be947d3c64df21fca61912d30 to remote] DEBUG org.asynchttpclient.netty.request.NettyRequestSender - Using pooled Channel '[id: 0x60e3565a, L:/127.0.0.1:58424 - R:localhost/127.0.0.1:46131]' for 'POST' to 'http://localhost:46131/session/db9cd93be947d3c64df21fca61912d30/element/11076d70-8045-40c8-abb2-2a8635aa16aa/clear'
01:33:03.678 [Forwarding clearElement on session db9cd93be947d3c64df21fca61912d30 to remote] DEBUG org.asynchttpclient.netty.request.NettyRequestSender - Using open Channel [id: 0x60e3565a, L:/127.0.0.1:58424 - R:localhost/127.0.0.1:46131] for POST '/session/db9cd93be947d3c64df21fca61912d30/element/11076d70-8045-40c8-abb2-2a8635aa16aa/clear'
01:33:03.720 [AsyncHttpClient-1-6] DEBUG org.asynchttpclient.netty.handler.HttpHandler - 

Request DefaultHttpRequest(decodeResult: success, version: HTTP/1.1)
POST /session/db9cd93be947d3c64df21fca61912d30/element/11076d70-8045-40c8-abb2-2a8635aa16aa/clear HTTP/1.1
User-Agent: selenium/4.8.1 (java windows)
Content-Length: 50
Content-Type: application/json; charset=utf-8
host: localhost:46131
accept: */*

Response DefaultHttpResponse(decodeResult: success, version: HTTP/1.1)
HTTP/1.1 200 OK
Content-Length: 14
Content-Type: application/json; charset=utf-8
cache-control: no-cache

01:33:03.721 [AsyncHttpClient-1-6] DEBUG org.asynchttpclient.netty.channel.ChannelManager - Adding key: http://localhost:46131 for channel [id: 0x60e3565a, L:/127.0.0.1:58424 - R:localhost/127.0.0.1:46131]
01:33:03.723 [Forwarding sendKeysToElement on session db9cd93be947d3c64df21fca61912d30 to remote] DEBUG org.asynchttpclient.netty.request.NettyRequestSender - Using pooled Channel '[id: 0x60e3565a, L:/127.0.0.1:58424 - R:localhost/127.0.0.1:46131]' for 'POST' to 'http://localhost:46131/session/db9cd93be947d3c64df21fca61912d30/element/11076d70-8045-40c8-abb2-2a8635aa16aa/value'
01:33:03.723 [Forwarding sendKeysToElement on session db9cd93be947d3c64df21fca61912d30 to remote] DEBUG org.asynchttpclient.netty.request.NettyRequestSender - Using open Channel [id: 0x60e3565a, L:/127.0.0.1:58424 - R:localhost/127.0.0.1:46131] for POST '/session/db9cd93be947d3c64df21fca61912d30/element/11076d70-8045-40c8-abb2-2a8635aa16aa/value'
01:33:03.869 [AsyncHttpClient-1-6] DEBUG org.asynchttpclient.netty.handler.HttpHandler - 

Request DefaultHttpRequest(decodeResult: success, version: HTTP/1.1)
POST /session/db9cd93be947d3c64df21fca61912d30/element/11076d70-8045-40c8-abb2-2a8635aa16aa/value HTTP/1.1
User-Agent: selenium/4.8.1 (java windows)
Content-Length: 271
Content-Type: application/json; charset=utf-8
host: localhost:46131
accept: */*

Response DefaultHttpResponse(decodeResult: success, version: HTTP/1.1)
HTTP/1.1 200 OK
Content-Length: 14
Content-Type: application/json; charset=utf-8
cache-control: no-cache

01:33:03.869 [AsyncHttpClient-1-6] DEBUG org.asynchttpclient.netty.channel.ChannelManager - Adding key: http://localhost:46131 for channel [id: 0x60e3565a, L:/127.0.0.1:58424 - R:localhost/127.0.0.1:46131]
01:33:03.874 [Forwarding getAlertText on session db9cd93be947d3c64df21fca61912d30 to remote] DEBUG org.asynchttpclient.netty.request.NettyRequestSender - Using pooled Channel '[id: 0x60e3565a, L:/127.0.0.1:58424 - R:localhost/127.0.0.1:46131]' for 'GET' to 'http://localhost:46131/session/db9cd93be947d3c64df21fca61912d30/alert/text'
01:33:03.874 [Forwarding getAlertText on session db9cd93be947d3c64df21fca61912d30 to remote] DEBUG org.asynchttpclient.netty.request.NettyRequestSender - Using open Channel [id: 0x60e3565a, L:/127.0.0.1:58424 - R:localhost/127.0.0.1:46131] for GET '/session/db9cd93be947d3c64df21fca61912d30/alert/text'
01:33:03.877 [AsyncHttpClient-1-6] DEBUG org.asynchttpclient.netty.handler.HttpHandler - 

Request DefaultFullHttpRequest(decodeResult: success, version: HTTP/1.1, content: EmptyByteBufBE)
GET /session/db9cd93be947d3c64df21fca61912d30/alert/text HTTP/1.1
User-Agent: selenium/4.8.1 (java windows)
Cache-Control: no-cache
Content-Type: application/json; charset=utf-8
host: localhost:46131
accept: */*

Response DefaultHttpResponse(decodeResult: success, version: HTTP/1.1)
HTTP/1.1 404 Not Found
Content-Length: 816
Content-Type: application/json; charset=utf-8
cache-control: no-cache

01:33:03.877 [AsyncHttpClient-1-6] DEBUG org.asynchttpclient.netty.channel.ChannelManager - Adding key: http://localhost:46131 for channel [id: 0x60e3565a, L:/127.0.0.1:58424 - R:localhost/127.0.0.1:46131]
01:33:03.878 [Forwarding getCurrentUrl on session db9cd93be947d3c64df21fca61912d30 to remote] DEBUG org.asynchttpclient.netty.request.NettyRequestSender - Using pooled Channel '[id: 0x60e3565a, L:/127.0.0.1:58424 - R:localhost/127.0.0.1:46131]' for 'GET' to 'http://localhost:46131/session/db9cd93be947d3c64df21fca61912d30/url'
01:33:03.878 [Forwarding getCurrentUrl on session db9cd93be947d3c64df21fca61912d30 to remote] DEBUG org.asynchttpclient.netty.request.NettyRequestSender - Using open Channel [id: 0x60e3565a, L:/127.0.0.1:58424 - R:localhost/127.0.0.1:46131] for GET '/session/db9cd93be947d3c64df21fca61912d30/url'
01:33:03.885 [AsyncHttpClient-1-6] DEBUG org.asynchttpclient.netty.handler.HttpHandler - 

Request DefaultFullHttpRequest(decodeResult: success, version: HTTP/1.1, content: EmptyByteBufBE)
GET /session/db9cd93be947d3c64df21fca61912d30/url HTTP/1.1
User-Agent: selenium/4.8.1 (java windows)
Cache-Control: no-cache
Content-Type: application/json; charset=utf-8
host: localhost:46131
accept: */*

Response DefaultHttpResponse(decodeResult: success, version: HTTP/1.1)
HTTP/1.1 200 OK
Content-Length: 51
Content-Type: application/json; charset=utf-8
cache-control: no-cache

01:33:03.885 [AsyncHttpClient-1-6] DEBUG org.asynchttpclient.netty.channel.ChannelManager - Adding key: http://localhost:46131 for channel [id: 0x60e3565a, L:/127.0.0.1:58424 - R:localhost/127.0.0.1:46131]
01:33:03.885 [Forwarding screenshot on session db9cd93be947d3c64df21fca61912d30 to remote] DEBUG org.asynchttpclient.netty.request.NettyRequestSender - Using pooled Channel '[id: 0x60e3565a, L:/127.0.0.1:58424 - R:localhost/127.0.0.1:46131]' for 'GET' to 'http://localhost:46131/session/db9cd93be947d3c64df21fca61912d30/screenshot'
01:33:03.885 [Forwarding screenshot on session db9cd93be947d3c64df21fca61912d30 to remote] DEBUG org.asynchttpclient.netty.request.NettyRequestSender - Using open Channel [id: 0x60e3565a, L:/127.0.0.1:58424 - R:localhost/127.0.0.1:46131] for GET '/session/db9cd93be947d3c64df21fca61912d30/screenshot'
01:33:03.892 [AsyncHttpClient-1-1] DEBUG org.asynchttpclient.netty.channel.DefaultChannelPool - Entry count for : http://localhost:58425 : 1
01:33:04.044 [AsyncHttpClient-1-6] DEBUG org.asynchttpclient.netty.handler.HttpHandler - 

Request DefaultFullHttpRequest(decodeResult: success, version: HTTP/1.1, content: EmptyByteBufBE)
GET /session/db9cd93be947d3c64df21fca61912d30/screenshot HTTP/1.1
User-Agent: selenium/4.8.1 (java windows)
Cache-Control: no-cache
Content-Type: application/json; charset=utf-8
host: localhost:46131
accept: */*

Response DefaultHttpResponse(decodeResult: success, version: HTTP/1.1)
HTTP/1.1 200 OK
Content-Length: 45760
Content-Type: application/json; charset=utf-8
cache-control: no-cache

01:33:04.044 [AsyncHttpClient-1-6] DEBUG org.asynchttpclient.netty.channel.ChannelManager - Adding key: http://localhost:46131 for channel [id: 0x60e3565a, L:/127.0.0.1:58424 - R:localhost/127.0.0.1:46131]
01:33:04.046 [main] DEBUG net.serenitybdd.core.photography.Darkroom - Send negative for processing for target\site\serenity\c0be5996325016b02501d4d6dff1ac68488a67458e4a633ed9994aec6bb70d8c.png
01:33:04.046 [main] DEBUG net.thucydides.core.steps.StepInterceptor - STEP DONE: inputUsername
  &amp#27;[32mWhen &amp#27;[0m&amp#27;[32mI enter valid email&amp#27;[0m                                              &amp#27;[90m# starter.stepdefinitions.LoginSteps.enterValidUsername()&amp#27;[0m
01:33:04.046 [Darkroom Processing Line] DEBUG net.serenitybdd.core.photography.DarkroomProcessingLine - Processing screenshot image in /var/screenshots/screenshot-94491728751446487
01:33:04.047 [Darkroom Processing Line] DEBUG net.serenitybdd.core.photography.DarkroomProcessingLine - Saving screenshot to target\site\serenity\c0be5996325016b02501d4d6dff1ac68488a67458e4a633ed9994aec6bb70d8c.png
01:33:04.055 [Forwarding getPageSource on session db9cd93be947d3c64df21fca61912d30 to remote] DEBUG org.asynchttpclient.netty.request.NettyRequestSender - Using pooled Channel '[id: 0x60e3565a, L:/127.0.0.1:58424 - R:localhost/127.0.0.1:46131]' for 'POST' to 'http://localhost:46131/session/db9cd93be947d3c64df21fca61912d30/execute/sync'
01:33:04.055 [Forwarding getPageSource on session db9cd93be947d3c64df21fca61912d30 to remote] DEBUG org.asynchttpclient.netty.request.NettyRequestSender - Using open Channel [id: 0x60e3565a, L:/127.0.0.1:58424 - R:localhost/127.0.0.1:46131] for POST '/session/db9cd93be947d3c64df21fca61912d30/execute/sync'
01:33:04.059 [AsyncHttpClient-1-6] DEBUG org.asynchttpclient.netty.handler.HttpHandler - 

Request DefaultHttpRequest(decodeResult: success, version: HTTP/1.1)
POST /session/db9cd93be947d3c64df21fca61912d30/execute/sync HTTP/1.1
User-Agent: selenium/4.8.1 (java windows)
Content-Length: 176
Content-Type: application/json; charset=utf-8
host: localhost:46131
accept: */*

Response DefaultHttpResponse(decodeResult: success, version: HTTP/1.1)
HTTP/1.1 200 OK
Content-Length: 21780
Content-Type: application/json; charset=utf-8
cache-control: no-cache

01:33:04.059 [AsyncHttpClient-1-6] DEBUG org.asynchttpclient.netty.channel.ChannelManager - Adding key: http://localhost:46131 for channel [id: 0x60e3565a, L:/127.0.0.1:58424 - R:localhost/127.0.0.1:46131]
01:33:04.061 [Forwarding getCurrentUrl on session db9cd93be947d3c64df21fca61912d30 to remote] DEBUG org.asynchttpclient.netty.request.NettyRequestSender - Using pooled Channel '[id: 0x60e3565a, L:/127.0.0.1:58424 - R:localhost/127.0.0.1:46131]' for 'GET' to 'http://localhost:46131/session/db9cd93be947d3c64df21fca61912d30/url'
01:33:04.061 [Forwarding getCurrentUrl on session db9cd93be947d3c64df21fca61912d30 to remote] DEBUG org.asynchttpclient.netty.request.NettyRequestSender - Using open Channel [id: 0x60e3565a, L:/127.0.0.1:58424 - R:localhost/127.0.0.1:46131] for GET '/session/db9cd93be947d3c64df21fca61912d30/url'
01:33:04.065 [AsyncHttpClient-1-6] DEBUG org.asynchttpclient.netty.handler.HttpHandler - 

Request DefaultFullHttpRequest(decodeResult: success, version: HTTP/1.1, content: EmptyByteBufBE)
GET /session/db9cd93be947d3c64df21fca61912d30/url HTTP/1.1
User-Agent: selenium/4.8.1 (java windows)
Cache-Control: no-cache
Content-Type: application/json; charset=utf-8
host: localhost:46131
accept: */*

Response DefaultHttpResponse(decodeResult: success, version: HTTP/1.1)
HTTP/1.1 200 OK
Content-Length: 51
Content-Type: application/json; charset=utf-8
cache-control: no-cache

01:33:04.065 [AsyncHttpClient-1-6] DEBUG org.asynchttpclient.netty.channel.ChannelManager - Adding key: http://localhost:46131 for channel [id: 0x60e3565a, L:/127.0.0.1:58424 - R:localhost/127.0.0.1:46131]
01:33:04.073 [Forwarding getPageSource on session db9cd93be947d3c64df21fca61912d30 to remote] DEBUG org.asynchttpclient.netty.request.NettyRequestSender - Using pooled Channel '[id: 0x60e3565a, L:/127.0.0.1:58424 - R:localhost/127.0.0.1:46131]' for 'POST' to 'http://localhost:46131/session/db9cd93be947d3c64df21fca61912d30/execute/sync'
01:33:04.073 [Forwarding getPageSource on session db9cd93be947d3c64df21fca61912d30 to remote] DEBUG org.asynchttpclient.netty.request.NettyRequestSender - Using open Channel [id: 0x60e3565a, L:/127.0.0.1:58424 - R:localhost/127.0.0.1:46131] for POST '/session/db9cd93be947d3c64df21fca61912d30/execute/sync'
01:33:04.078 [AsyncHttpClient-1-6] DEBUG org.asynchttpclient.netty.handler.HttpHandler - 

Request DefaultHttpRequest(decodeResult: success, version: HTTP/1.1)
POST /session/db9cd93be947d3c64df21fca61912d30/execute/sync HTTP/1.1
User-Agent: selenium/4.8.1 (java windows)
Content-Length: 176
Content-Type: application/json; charset=utf-8
host: localhost:46131
accept: */*

Response DefaultHttpResponse(decodeResult: success, version: HTTP/1.1)
HTTP/1.1 200 OK
Content-Length: 21780
Content-Type: application/json; charset=utf-8
cache-control: no-cache

01:33:04.078 [AsyncHttpClient-1-6] DEBUG org.asynchttpclient.netty.channel.ChannelManager - Adding key: http://localhost:46131 for channel [id: 0x60e3565a, L:/127.0.0.1:58424 - R:localhost/127.0.0.1:46131]
01:33:04.081 [Forwarding getCurrentUrl on session db9cd93be947d3c64df21fca61912d30 to remote] DEBUG org.asynchttpclient.netty.request.NettyRequestSender - Using pooled Channel '[id: 0x60e3565a, L:/127.0.0.1:58424 - R:localhost/127.0.0.1:46131]' for 'GET' to 'http://localhost:46131/session/db9cd93be947d3c64df21fca61912d30/url'
01:33:04.081 [Forwarding getCurrentUrl on session db9cd93be947d3c64df21fca61912d30 to remote] DEBUG org.asynchttpclient.netty.request.NettyRequestSender - Using open Channel [id: 0x60e3565a, L:/127.0.0.1:58424 - R:localhost/127.0.0.1:46131] for GET '/session/db9cd93be947d3c64df21fca61912d30/url'
01:33:04.086 [AsyncHttpClient-1-6] DEBUG org.asynchttpclient.netty.handler.HttpHandler - 

Request DefaultFullHttpRequest(decodeResult: success, version: HTTP/1.1, content: EmptyByteBufBE)
GET /session/db9cd93be947d3c64df21fca61912d30/url HTTP/1.1
User-Agent: selenium/4.8.1 (java windows)
Cache-Control: no-cache
Content-Type: application/json; charset=utf-8
host: localhost:46131
accept: */*

Response DefaultHttpResponse(decodeResult: success, version: HTTP/1.1)
HTTP/1.1 200 OK
Content-Length: 51
Content-Type: application/json; charset=utf-8
cache-control: no-cache

01:33:04.086 [AsyncHttpClient-1-6] DEBUG org.asynchttpclient.netty.channel.ChannelManager - Adding key: http://localhost:46131 for channel [id: 0x60e3565a, L:/127.0.0.1:58424 - R:localhost/127.0.0.1:46131]
01:33:04.087 [main] DEBUG net.thucydides.core.steps.StepInterceptor - STARTING STEP: LoginSteps.enterValidPassword - inputPassword
01:33:04.089 [Forwarding findElement on session db9cd93be947d3c64df21fca61912d30 to remote] DEBUG org.asynchttpclient.netty.request.NettyRequestSender - Using pooled Channel '[id: 0x60e3565a, L:/127.0.0.1:58424 - R:localhost/127.0.0.1:46131]' for 'POST' to 'http://localhost:46131/session/db9cd93be947d3c64df21fca61912d30/element'
01:33:04.089 [Forwarding findElement on session db9cd93be947d3c64df21fca61912d30 to remote] DEBUG org.asynchttpclient.netty.request.NettyRequestSender - Using open Channel [id: 0x60e3565a, L:/127.0.0.1:58424 - R:localhost/127.0.0.1:46131] for POST '/session/db9cd93be947d3c64df21fca61912d30/element'
01:33:04.102 [AsyncHttpClient-1-6] DEBUG org.asynchttpclient.netty.handler.HttpHandler - 

Request DefaultHttpRequest(decodeResult: success, version: HTTP/1.1)
POST /session/db9cd93be947d3c64df21fca61912d30/element HTTP/1.1
User-Agent: selenium/4.8.1 (java windows)
Content-Length: 68
Content-Type: application/json; charset=utf-8
host: localhost:46131
accept: */*

Response DefaultHttpResponse(decodeResult: success, version: HTTP/1.1)
HTTP/1.1 200 OK
Content-Length: 88
Content-Type: application/json; charset=utf-8
cache-control: no-cache

01:33:04.102 [AsyncHttpClient-1-6] DEBUG org.asynchttpclient.netty.channel.ChannelManager - Adding key: http://localhost:46131 for channel [id: 0x60e3565a, L:/127.0.0.1:58424 - R:localhost/127.0.0.1:46131]
01:33:04.102 [Forwarding clearElement on session db9cd93be947d3c64df21fca61912d30 to remote] DEBUG org.asynchttpclient.netty.request.NettyRequestSender - Using pooled Channel '[id: 0x60e3565a, L:/127.0.0.1:58424 - R:localhost/127.0.0.1:46131]' for 'POST' to 'http://localhost:46131/session/db9cd93be947d3c64df21fca61912d30/element/28ce2497-af5b-4660-9f50-bb19b2e5acc9/clear'
01:33:04.102 [Forwarding clearElement on session db9cd93be947d3c64df21fca61912d30 to remote] DEBUG org.asynchttpclient.netty.request.NettyRequestSender - Using open Channel [id: 0x60e3565a, L:/127.0.0.1:58424 - R:localhost/127.0.0.1:46131] for POST '/session/db9cd93be947d3c64df21fca61912d30/element/28ce2497-af5b-4660-9f50-bb19b2e5acc9/clear'
01:33:04.138 [AsyncHttpClient-1-6] DEBUG org.asynchttpclient.netty.handler.HttpHandler - 

Request DefaultHttpRequest(decodeResult: success, version: HTTP/1.1)
POST /session/db9cd93be947d3c64df21fca61912d30/element/28ce2497-af5b-4660-9f50-bb19b2e5acc9/clear HTTP/1.1
User-Agent: selenium/4.8.1 (java windows)
Content-Length: 50
Content-Type: application/json; charset=utf-8
host: localhost:46131
accept: */*

Response DefaultHttpResponse(decodeResult: success, version: HTTP/1.1)
HTTP/1.1 200 OK
Content-Length: 14
Content-Type: application/json; charset=utf-8
cache-control: no-cache

01:33:04.138 [AsyncHttpClient-1-6] DEBUG org.asynchttpclient.netty.channel.ChannelManager - Adding key: http://localhost:46131 for channel [id: 0x60e3565a, L:/127.0.0.1:58424 - R:localhost/127.0.0.1:46131]
01:33:04.139 [Forwarding sendKeysToElement on session db9cd93be947d3c64df21fca61912d30 to remote] DEBUG org.asynchttpclient.netty.request.NettyRequestSender - Using pooled Channel '[id: 0x60e3565a, L:/127.0.0.1:58424 - R:localhost/127.0.0.1:46131]' for 'POST' to 'http://localhost:46131/session/db9cd93be947d3c64df21fca61912d30/element/28ce2497-af5b-4660-9f50-bb19b2e5acc9/value'
01:33:04.139 [Forwarding sendKeysToElement on session db9cd93be947d3c64df21fca61912d30 to remote] DEBUG org.asynchttpclient.netty.request.NettyRequestSender - Using open Channel [id: 0x60e3565a, L:/127.0.0.1:58424 - R:localhost/127.0.0.1:46131] for POST '/session/db9cd93be947d3c64df21fca61912d30/element/28ce2497-af5b-4660-9f50-bb19b2e5acc9/value'
01:33:04.221 [AsyncHttpClient-1-6] DEBUG org.asynchttpclient.netty.handler.HttpHandler - 

Request DefaultHttpRequest(decodeResult: success, version: HTTP/1.1)
POST /session/db9cd93be947d3c64df21fca61912d30/element/28ce2497-af5b-4660-9f50-bb19b2e5acc9/value HTTP/1.1
User-Agent: selenium/4.8.1 (java windows)
Content-Length: 171
Content-Type: application/json; charset=utf-8
host: localhost:46131
accept: */*

Response DefaultHttpResponse(decodeResult: success, version: HTTP/1.1)
HTTP/1.1 200 OK
Content-Length: 14
Content-Type: application/json; charset=utf-8
cache-control: no-cache

01:33:04.221 [AsyncHttpClient-1-6] DEBUG org.asynchttpclient.netty.channel.ChannelManager - Adding key: http://localhost:46131 for channel [id: 0x60e3565a, L:/127.0.0.1:58424 - R:localhost/127.0.0.1:46131]
01:33:04.227 [Forwarding getAlertText on session db9cd93be947d3c64df21fca61912d30 to remote] DEBUG org.asynchttpclient.netty.request.NettyRequestSender - Using pooled Channel '[id: 0x60e3565a, L:/127.0.0.1:58424 - R:localhost/127.0.0.1:46131]' for 'GET' to 'http://localhost:46131/session/db9cd93be947d3c64df21fca61912d30/alert/text'
01:33:04.227 [Forwarding getAlertText on session db9cd93be947d3c64df21fca61912d30 to remote] DEBUG org.asynchttpclient.netty.request.NettyRequestSender - Using open Channel [id: 0x60e3565a, L:/127.0.0.1:58424 - R:localhost/127.0.0.1:46131] for GET '/session/db9cd93be947d3c64df21fca61912d30/alert/text'
01:33:04.229 [AsyncHttpClient-1-6] DEBUG org.asynchttpclient.netty.handler.HttpHandler - 

Request DefaultFullHttpRequest(decodeResult: success, version: HTTP/1.1, content: EmptyByteBufBE)
GET /session/db9cd93be947d3c64df21fca61912d30/alert/text HTTP/1.1
User-Agent: selenium/4.8.1 (java windows)
Cache-Control: no-cache
Content-Type: application/json; charset=utf-8
host: localhost:46131
accept: */*

Response DefaultHttpResponse(decodeResult: success, version: HTTP/1.1)
HTTP/1.1 404 Not Found
Content-Length: 816
Content-Type: application/json; charset=utf-8
cache-control: no-cache

01:33:04.229 [AsyncHttpClient-1-6] DEBUG org.asynchttpclient.netty.channel.ChannelManager - Adding key: http://localhost:46131 for channel [id: 0x60e3565a, L:/127.0.0.1:58424 - R:localhost/127.0.0.1:46131]
01:33:04.230 [Forwarding getCurrentUrl on session db9cd93be947d3c64df21fca61912d30 to remote] DEBUG org.asynchttpclient.netty.request.NettyRequestSender - Using pooled Channel '[id: 0x60e3565a, L:/127.0.0.1:58424 - R:localhost/127.0.0.1:46131]' for 'GET' to 'http://localhost:46131/session/db9cd93be947d3c64df21fca61912d30/url'
01:33:04.230 [Forwarding getCurrentUrl on session db9cd93be947d3c64df21fca61912d30 to remote] DEBUG org.asynchttpclient.netty.request.NettyRequestSender - Using open Channel [id: 0x60e3565a, L:/127.0.0.1:58424 - R:localhost/127.0.0.1:46131] for GET '/session/db9cd93be947d3c64df21fca61912d30/url'
01:33:04.235 [AsyncHttpClient-1-6] DEBUG org.asynchttpclient.netty.handler.HttpHandler - 

Request DefaultFullHttpRequest(decodeResult: success, version: HTTP/1.1, content: EmptyByteBufBE)
GET /session/db9cd93be947d3c64df21fca61912d30/url HTTP/1.1
User-Agent: selenium/4.8.1 (java windows)
Cache-Control: no-cache
Content-Type: application/json; charset=utf-8
host: localhost:46131
accept: */*

Response DefaultHttpResponse(decodeResult: success, version: HTTP/1.1)
HTTP/1.1 200 OK
Content-Length: 51
Content-Type: application/json; charset=utf-8
cache-control: no-cache

01:33:04.235 [AsyncHttpClient-1-6] DEBUG org.asynchttpclient.netty.channel.ChannelManager - Adding key: http://localhost:46131 for channel [id: 0x60e3565a, L:/127.0.0.1:58424 - R:localhost/127.0.0.1:46131]
01:33:04.235 [Forwarding screenshot on session db9cd93be947d3c64df21fca61912d30 to remote] DEBUG org.asynchttpclient.netty.request.NettyRequestSender - Using pooled Channel '[id: 0x60e3565a, L:/127.0.0.1:58424 - R:localhost/127.0.0.1:46131]' for 'GET' to 'http://localhost:46131/session/db9cd93be947d3c64df21fca61912d30/screenshot'
01:33:04.235 [Forwarding screenshot on session db9cd93be947d3c64df21fca61912d30 to remote] DEBUG org.asynchttpclient.netty.request.NettyRequestSender - Using open Channel [id: 0x60e3565a, L:/127.0.0.1:58424 - R:localhost/127.0.0.1:46131] for GET '/session/db9cd93be947d3c64df21fca61912d30/screenshot'
01:33:04.378 [AsyncHttpClient-1-6] DEBUG org.asynchttpclient.netty.handler.HttpHandler - 

Request DefaultFullHttpRequest(decodeResult: success, version: HTTP/1.1, content: EmptyByteBufBE)
GET /session/db9cd93be947d3c64df21fca61912d30/screenshot HTTP/1.1
User-Agent: selenium/4.8.1 (java windows)
Cache-Control: no-cache
Content-Type: application/json; charset=utf-8
host: localhost:46131
accept: */*

Response DefaultHttpResponse(decodeResult: success, version: HTTP/1.1)
HTTP/1.1 200 OK
Content-Length: 48588
Content-Type: application/json; charset=utf-8
cache-control: no-cache

01:33:04.379 [AsyncHttpClient-1-6] DEBUG org.asynchttpclient.netty.channel.ChannelManager - Adding key: http://localhost:46131 for channel [id: 0x60e3565a, L:/127.0.0.1:58424 - R:localhost/127.0.0.1:46131]
01:33:04.382 [main] DEBUG net.serenitybdd.core.photography.Darkroom - Send negative for processing for target\site\serenity\0709ccd9cc35cd8973ae40b9694d8311dbf157a6075cc3f7e8690c44c3629934.png
01:33:04.382 [main] DEBUG net.thucydides.core.steps.StepInterceptor - STEP DONE: inputPassword
  &amp#27;[32mAnd &amp#27;[0m&amp#27;[32mI enter valid password&amp#27;[0m                                            &amp#27;[90m# starter.stepdefinitions.LoginSteps.enterValidPassword()&amp#27;[0m
01:33:04.382 [Darkroom Processing Line] DEBUG net.serenitybdd.core.photography.DarkroomProcessingLine - Processing screenshot image in /var/screenshots/screenshot-3786099781925003643
01:33:04.382 [Darkroom Processing Line] DEBUG net.serenitybdd.core.photography.DarkroomProcessingLine - Saving screenshot to target\site\serenity\0709ccd9cc35cd8973ae40b9694d8311dbf157a6075cc3f7e8690c44c3629934.png
01:33:04.392 [Forwarding getPageSource on session db9cd93be947d3c64df21fca61912d30 to remote] DEBUG org.asynchttpclient.netty.request.NettyRequestSender - Using pooled Channel '[id: 0x60e3565a, L:/127.0.0.1:58424 - R:localhost/127.0.0.1:46131]' for 'POST' to 'http://localhost:46131/session/db9cd93be947d3c64df21fca61912d30/execute/sync'
01:33:04.392 [Forwarding getPageSource on session db9cd93be947d3c64df21fca61912d30 to remote] DEBUG org.asynchttpclient.netty.request.NettyRequestSender - Using open Channel [id: 0x60e3565a, L:/127.0.0.1:58424 - R:localhost/127.0.0.1:46131] for POST '/session/db9cd93be947d3c64df21fca61912d30/execute/sync'
01:33:04.397 [AsyncHttpClient-1-6] DEBUG org.asynchttpclient.netty.handler.HttpHandler - 

Request DefaultHttpRequest(decodeResult: success, version: HTTP/1.1)
POST /session/db9cd93be947d3c64df21fca61912d30/execute/sync HTTP/1.1
User-Agent: selenium/4.8.1 (java windows)
Content-Length: 176
Content-Type: application/json; charset=utf-8
host: localhost:46131
accept: */*

Response DefaultHttpResponse(decodeResult: success, version: HTTP/1.1)
HTTP/1.1 200 OK
Content-Length: 21839
Content-Type: application/json; charset=utf-8
cache-control: no-cache

01:33:04.397 [AsyncHttpClient-1-6] DEBUG org.asynchttpclient.netty.channel.ChannelManager - Adding key: http://localhost:46131 for channel [id: 0x60e3565a, L:/127.0.0.1:58424 - R:localhost/127.0.0.1:46131]
01:33:04.399 [Forwarding getCurrentUrl on session db9cd93be947d3c64df21fca61912d30 to remote] DEBUG org.asynchttpclient.netty.request.NettyRequestSender - Using pooled Channel '[id: 0x60e3565a, L:/127.0.0.1:58424 - R:localhost/127.0.0.1:46131]' for 'GET' to 'http://localhost:46131/session/db9cd93be947d3c64df21fca61912d30/url'
01:33:04.399 [Forwarding getCurrentUrl on session db9cd93be947d3c64df21fca61912d30 to remote] DEBUG org.asynchttpclient.netty.request.NettyRequestSender - Using open Channel [id: 0x60e3565a, L:/127.0.0.1:58424 - R:localhost/127.0.0.1:46131] for GET '/session/db9cd93be947d3c64df21fca61912d30/url'
01:33:04.404 [AsyncHttpClient-1-6] DEBUG org.asynchttpclient.netty.handler.HttpHandler - 

Request DefaultFullHttpRequest(decodeResult: success, version: HTTP/1.1, content: EmptyByteBufBE)
GET /session/db9cd93be947d3c64df21fca61912d30/url HTTP/1.1
User-Agent: selenium/4.8.1 (java windows)
Cache-Control: no-cache
Content-Type: application/json; charset=utf-8
host: localhost:46131
accept: */*

Response DefaultHttpResponse(decodeResult: success, version: HTTP/1.1)
HTTP/1.1 200 OK
Content-Length: 51
Content-Type: application/json; charset=utf-8
cache-control: no-cache

01:33:04.404 [AsyncHttpClient-1-6] DEBUG org.asynchttpclient.netty.channel.ChannelManager - Adding key: http://localhost:46131 for channel [id: 0x60e3565a, L:/127.0.0.1:58424 - R:localhost/127.0.0.1:46131]
01:33:04.411 [Forwarding getPageSource on session db9cd93be947d3c64df21fca61912d30 to remote] DEBUG org.asynchttpclient.netty.request.NettyRequestSender - Using pooled Channel '[id: 0x60e3565a, L:/127.0.0.1:58424 - R:localhost/127.0.0.1:46131]' for 'POST' to 'http://localhost:46131/session/db9cd93be947d3c64df21fca61912d30/execute/sync'
01:33:04.411 [Forwarding getPageSource on session db9cd93be947d3c64df21fca61912d30 to remote] DEBUG org.asynchttpclient.netty.request.NettyRequestSender - Using open Channel [id: 0x60e3565a, L:/127.0.0.1:58424 - R:localhost/127.0.0.1:46131] for POST '/session/db9cd93be947d3c64df21fca61912d30/execute/sync'
01:33:04.418 [AsyncHttpClient-1-6] DEBUG org.asynchttpclient.netty.handler.HttpHandler - 

Request DefaultHttpRequest(decodeResult: success, version: HTTP/1.1)
POST /session/db9cd93be947d3c64df21fca61912d30/execute/sync HTTP/1.1
User-Agent: selenium/4.8.1 (java windows)
Content-Length: 176
Content-Type: application/json; charset=utf-8
host: localhost:46131
accept: */*

Response DefaultHttpResponse(decodeResult: success, version: HTTP/1.1)
HTTP/1.1 200 OK
Content-Length: 21839
Content-Type: application/json; charset=utf-8
cache-control: no-cache

01:33:04.418 [AsyncHttpClient-1-6] DEBUG org.asynchttpclient.netty.channel.ChannelManager - Adding key: http://localhost:46131 for channel [id: 0x60e3565a, L:/127.0.0.1:58424 - R:localhost/127.0.0.1:46131]
01:33:04.420 [Forwarding getCurrentUrl on session db9cd93be947d3c64df21fca61912d30 to remote] DEBUG org.asynchttpclient.netty.request.NettyRequestSender - Using pooled Channel '[id: 0x60e3565a, L:/127.0.0.1:58424 - R:localhost/127.0.0.1:46131]' for 'GET' to 'http://localhost:46131/session/db9cd93be947d3c64df21fca61912d30/url'
01:33:04.420 [Forwarding getCurrentUrl on session db9cd93be947d3c64df21fca61912d30 to remote] DEBUG org.asynchttpclient.netty.request.NettyRequestSender - Using open Channel [id: 0x60e3565a, L:/127.0.0.1:58424 - R:localhost/127.0.0.1:46131] for GET '/session/db9cd93be947d3c64df21fca61912d30/url'
01:33:04.423 [AsyncHttpClient-1-6] DEBUG org.asynchttpclient.netty.handler.HttpHandler - 

Request DefaultFullHttpRequest(decodeResult: success, version: HTTP/1.1, content: EmptyByteBufBE)
GET /session/db9cd93be947d3c64df21fca61912d30/url HTTP/1.1
User-Agent: selenium/4.8.1 (java windows)
Cache-Control: no-cache
Content-Type: application/json; charset=utf-8
host: localhost:46131
accept: */*

Response DefaultHttpResponse(decodeResult: success, version: HTTP/1.1)
HTTP/1.1 200 OK
Content-Length: 51
Content-Type: application/json; charset=utf-8
cache-control: no-cache

01:33:04.424 [AsyncHttpClient-1-6] DEBUG org.asynchttpclient.netty.channel.ChannelManager - Adding key: http://localhost:46131 for channel [id: 0x60e3565a, L:/127.0.0.1:58424 - R:localhost/127.0.0.1:46131]
01:33:04.425 [main] DEBUG net.thucydides.core.steps.StepInterceptor - STARTING STEP: LoginSteps.clickLoginButton - clickLoginButton
01:33:04.428 [Forwarding findElement on session db9cd93be947d3c64df21fca61912d30 to remote] DEBUG org.asynchttpclient.netty.request.NettyRequestSender - Using pooled Channel '[id: 0x60e3565a, L:/127.0.0.1:58424 - R:localhost/127.0.0.1:46131]' for 'POST' to 'http://localhost:46131/session/db9cd93be947d3c64df21fca61912d30/element'
01:33:04.428 [Forwarding findElement on session db9cd93be947d3c64df21fca61912d30 to remote] DEBUG org.asynchttpclient.netty.request.NettyRequestSender - Using open Channel [id: 0x60e3565a, L:/127.0.0.1:58424 - R:localhost/127.0.0.1:46131] for POST '/session/db9cd93be947d3c64df21fca61912d30/element'
01:33:04.436 [AsyncHttpClient-1-6] DEBUG org.asynchttpclient.netty.handler.HttpHandler - 

Request DefaultHttpRequest(decodeResult: success, version: HTTP/1.1)
POST /session/db9cd93be947d3c64df21fca61912d30/element HTTP/1.1
User-Agent: selenium/4.8.1 (java windows)
Content-Length: 165
Content-Type: application/json; charset=utf-8
host: localhost:46131
accept: */*

Response DefaultHttpResponse(decodeResult: success, version: HTTP/1.1)
HTTP/1.1 200 OK
Content-Length: 88
Content-Type: application/json; charset=utf-8
cache-control: no-cache

01:33:04.436 [AsyncHttpClient-1-6] DEBUG org.asynchttpclient.netty.channel.ChannelManager - Adding key: http://localhost:46131 for channel [id: 0x60e3565a, L:/127.0.0.1:58424 - R:localhost/127.0.0.1:46131]
01:33:04.437 [Forwarding getElementTagName on session db9cd93be947d3c64df21fca61912d30 to remote] DEBUG org.asynchttpclient.netty.request.NettyRequestSender - Using pooled Channel '[id: 0x60e3565a, L:/127.0.0.1:58424 - R:localhost/127.0.0.1:46131]' for 'GET' to 'http://localhost:46131/session/db9cd93be947d3c64df21fca61912d30/element/372460a8-ead4-45ea-878d-a812de1f0641/name'
01:33:04.437 [Forwarding getElementTagName on session db9cd93be947d3c64df21fca61912d30 to remote] DEBUG org.asynchttpclient.netty.request.NettyRequestSender - Using open Channel [id: 0x60e3565a, L:/127.0.0.1:58424 - R:localhost/127.0.0.1:46131] for GET '/session/db9cd93be947d3c64df21fca61912d30/element/372460a8-ead4-45ea-878d-a812de1f0641/name'
01:33:04.442 [AsyncHttpClient-1-6] DEBUG org.asynchttpclient.netty.handler.HttpHandler - 

Request DefaultFullHttpRequest(decodeResult: success, version: HTTP/1.1, content: EmptyByteBufBE)
GET /session/db9cd93be947d3c64df21fca61912d30/element/372460a8-ead4-45ea-878d-a812de1f0641/name HTTP/1.1
User-Agent: selenium/4.8.1 (java windows)
Cache-Control: no-cache
Content-Type: application/json; charset=utf-8
host: localhost:46131
accept: */*

Response DefaultHttpResponse(decodeResult: success, version: HTTP/1.1)
HTTP/1.1 200 OK
Content-Length: 16
Content-Type: application/json; charset=utf-8
cache-control: no-cache

01:33:04.442 [AsyncHttpClient-1-6] DEBUG org.asynchttpclient.netty.channel.ChannelManager - Adding key: http://localhost:46131 for channel [id: 0x60e3565a, L:/127.0.0.1:58424 - R:localhost/127.0.0.1:46131]
01:33:04.443 [Forwarding getElementTagName on session db9cd93be947d3c64df21fca61912d30 to remote] DEBUG org.asynchttpclient.netty.request.NettyRequestSender - Using pooled Channel '[id: 0x60e3565a, L:/127.0.0.1:58424 - R:localhost/127.0.0.1:46131]' for 'GET' to 'http://localhost:46131/session/db9cd93be947d3c64df21fca61912d30/element/372460a8-ead4-45ea-878d-a812de1f0641/name'
01:33:04.443 [Forwarding getElementTagName on session db9cd93be947d3c64df21fca61912d30 to remote] DEBUG org.asynchttpclient.netty.request.NettyRequestSender - Using open Channel [id: 0x60e3565a, L:/127.0.0.1:58424 - R:localhost/127.0.0.1:46131] for GET '/session/db9cd93be947d3c64df21fca61912d30/element/372460a8-ead4-45ea-878d-a812de1f0641/name'
01:33:04.446 [AsyncHttpClient-1-6] DEBUG org.asynchttpclient.netty.handler.HttpHandler - 

Request DefaultFullHttpRequest(decodeResult: success, version: HTTP/1.1, content: EmptyByteBufBE)
GET /session/db9cd93be947d3c64df21fca61912d30/element/372460a8-ead4-45ea-878d-a812de1f0641/name HTTP/1.1
User-Agent: selenium/4.8.1 (java windows)
Cache-Control: no-cache
Content-Type: application/json; charset=utf-8
host: localhost:46131
accept: */*

Response DefaultHttpResponse(decodeResult: success, version: HTTP/1.1)
HTTP/1.1 200 OK
Content-Length: 16
Content-Type: application/json; charset=utf-8
cache-control: no-cache

01:33:04.446 [AsyncHttpClient-1-6] DEBUG org.asynchttpclient.netty.channel.ChannelManager - Adding key: http://localhost:46131 for channel [id: 0x60e3565a, L:/127.0.0.1:58424 - R:localhost/127.0.0.1:46131]
01:33:04.448 [Forwarding findElement on session db9cd93be947d3c64df21fca61912d30 to remote] DEBUG org.asynchttpclient.netty.request.NettyRequestSender - Using pooled Channel '[id: 0x60e3565a, L:/127.0.0.1:58424 - R:localhost/127.0.0.1:46131]' for 'POST' to 'http://localhost:46131/session/db9cd93be947d3c64df21fca61912d30/element'
01:33:04.448 [Forwarding findElement on session db9cd93be947d3c64df21fca61912d30 to remote] DEBUG org.asynchttpclient.netty.request.NettyRequestSender - Using open Channel [id: 0x60e3565a, L:/127.0.0.1:58424 - R:localhost/127.0.0.1:46131] for POST '/session/db9cd93be947d3c64df21fca61912d30/element'
01:33:04.457 [AsyncHttpClient-1-6] DEBUG org.asynchttpclient.netty.handler.HttpHandler - 

Request DefaultHttpRequest(decodeResult: success, version: HTTP/1.1)
POST /session/db9cd93be947d3c64df21fca61912d30/element HTTP/1.1
User-Agent: selenium/4.8.1 (java windows)
Content-Length: 165
Content-Type: application/json; charset=utf-8
host: localhost:46131
accept: */*

Response DefaultHttpResponse(decodeResult: success, version: HTTP/1.1)
HTTP/1.1 200 OK
Content-Length: 88
Content-Type: application/json; charset=utf-8
cache-control: no-cache

01:33:04.457 [AsyncHttpClient-1-6] DEBUG org.asynchttpclient.netty.channel.ChannelManager - Adding key: http://localhost:46131 for channel [id: 0x60e3565a, L:/127.0.0.1:58424 - R:localhost/127.0.0.1:46131]
01:33:04.458 [Forwarding clickElement on session db9cd93be947d3c64df21fca61912d30 to remote] DEBUG org.asynchttpclient.netty.request.NettyRequestSender - Using pooled Channel '[id: 0x60e3565a, L:/127.0.0.1:58424 - R:localhost/127.0.0.1:46131]' for 'POST' to 'http://localhost:46131/session/db9cd93be947d3c64df21fca61912d30/element/372460a8-ead4-45ea-878d-a812de1f0641/click'
01:33:04.458 [Forwarding clickElement on session db9cd93be947d3c64df21fca61912d30 to remote] DEBUG org.asynchttpclient.netty.request.NettyRequestSender - Using open Channel [id: 0x60e3565a, L:/127.0.0.1:58424 - R:localhost/127.0.0.1:46131] for POST '/session/db9cd93be947d3c64df21fca61912d30/element/372460a8-ead4-45ea-878d-a812de1f0641/click'
01:33:04.508 [AsyncHttpClient-1-6] DEBUG org.asynchttpclient.netty.handler.HttpHandler - 

Request DefaultHttpRequest(decodeResult: success, version: HTTP/1.1)
POST /session/db9cd93be947d3c64df21fca61912d30/element/372460a8-ead4-45ea-878d-a812de1f0641/click HTTP/1.1
User-Agent: selenium/4.8.1 (java windows)
Content-Length: 50
Content-Type: application/json; charset=utf-8
host: localhost:46131
accept: */*

Response DefaultHttpResponse(decodeResult: success, version: HTTP/1.1)
HTTP/1.1 200 OK
Content-Length: 14
Content-Type: application/json; charset=utf-8
cache-control: no-cache

01:33:04.508 [AsyncHttpClient-1-6] DEBUG org.asynchttpclient.netty.channel.ChannelManager - Adding key: http://localhost:46131 for channel [id: 0x60e3565a, L:/127.0.0.1:58424 - R:localhost/127.0.0.1:46131]
01:33:04.515 [Forwarding getAlertText on session db9cd93be947d3c64df21fca61912d30 to remote] DEBUG org.asynchttpclient.netty.request.NettyRequestSender - Using pooled Channel '[id: 0x60e3565a, L:/127.0.0.1:58424 - R:localhost/127.0.0.1:46131]' for 'GET' to 'http://localhost:46131/session/db9cd93be947d3c64df21fca61912d30/alert/text'
01:33:04.516 [Forwarding getAlertText on session db9cd93be947d3c64df21fca61912d30 to remote] DEBUG org.asynchttpclient.netty.request.NettyRequestSender - Using open Channel [id: 0x60e3565a, L:/127.0.0.1:58424 - R:localhost/127.0.0.1:46131] for GET '/session/db9cd93be947d3c64df21fca61912d30/alert/text'
01:33:04.518 [AsyncHttpClient-1-6] DEBUG org.asynchttpclient.netty.handler.HttpHandler - 

Request DefaultFullHttpRequest(decodeResult: success, version: HTTP/1.1, content: EmptyByteBufBE)
GET /session/db9cd93be947d3c64df21fca61912d30/alert/text HTTP/1.1
User-Agent: selenium/4.8.1 (java windows)
Cache-Control: no-cache
Content-Type: application/json; charset=utf-8
host: localhost:46131
accept: */*

Response DefaultHttpResponse(decodeResult: success, version: HTTP/1.1)
HTTP/1.1 404 Not Found
Content-Length: 816
Content-Type: application/json; charset=utf-8
cache-control: no-cache

01:33:04.518 [AsyncHttpClient-1-6] DEBUG org.asynchttpclient.netty.channel.ChannelManager - Adding key: http://localhost:46131 for channel [id: 0x60e3565a, L:/127.0.0.1:58424 - R:localhost/127.0.0.1:46131]
01:33:04.519 [Forwarding getCurrentUrl on session db9cd93be947d3c64df21fca61912d30 to remote] DEBUG org.asynchttpclient.netty.request.NettyRequestSender - Using pooled Channel '[id: 0x60e3565a, L:/127.0.0.1:58424 - R:localhost/127.0.0.1:46131]' for 'GET' to 'http://localhost:46131/session/db9cd93be947d3c64df21fca61912d30/url'
01:33:04.519 [Forwarding getCurrentUrl on session db9cd93be947d3c64df21fca61912d30 to remote] DEBUG org.asynchttpclient.netty.request.NettyRequestSender - Using open Channel [id: 0x60e3565a, L:/127.0.0.1:58424 - R:localhost/127.0.0.1:46131] for GET '/session/db9cd93be947d3c64df21fca61912d30/url'
01:33:04.522 [AsyncHttpClient-1-6] DEBUG org.asynchttpclient.netty.handler.HttpHandler - 

Request DefaultFullHttpRequest(decodeResult: success, version: HTTP/1.1, content: EmptyByteBufBE)
GET /session/db9cd93be947d3c64df21fca61912d30/url HTTP/1.1
User-Agent: selenium/4.8.1 (java windows)
Cache-Control: no-cache
Content-Type: application/json; charset=utf-8
host: localhost:46131
accept: */*

Response DefaultHttpResponse(decodeResult: success, version: HTTP/1.1)
HTTP/1.1 200 OK
Content-Length: 51
Content-Type: application/json; charset=utf-8
cache-control: no-cache

01:33:04.523 [AsyncHttpClient-1-6] DEBUG org.asynchttpclient.netty.channel.ChannelManager - Adding key: http://localhost:46131 for channel [id: 0x60e3565a, L:/127.0.0.1:58424 - R:localhost/127.0.0.1:46131]
01:33:04.523 [Forwarding screenshot on session db9cd93be947d3c64df21fca61912d30 to remote] DEBUG org.asynchttpclient.netty.request.NettyRequestSender - Using pooled Channel '[id: 0x60e3565a, L:/127.0.0.1:58424 - R:localhost/127.0.0.1:46131]' for 'GET' to 'http://localhost:46131/session/db9cd93be947d3c64df21fca61912d30/screenshot'
01:33:04.523 [Forwarding screenshot on session db9cd93be947d3c64df21fca61912d30 to remote] DEBUG org.asynchttpclient.netty.request.NettyRequestSender - Using open Channel [id: 0x60e3565a, L:/127.0.0.1:58424 - R:localhost/127.0.0.1:46131] for GET '/session/db9cd93be947d3c64df21fca61912d30/screenshot'
01:33:04.782 [AsyncHttpClient-1-6] DEBUG org.asynchttpclient.netty.handler.HttpHandler - 

Request DefaultFullHttpRequest(decodeResult: success, version: HTTP/1.1, content: EmptyByteBufBE)
GET /session/db9cd93be947d3c64df21fca61912d30/screenshot HTTP/1.1
User-Agent: selenium/4.8.1 (java windows)
Cache-Control: no-cache
Content-Type: application/json; charset=utf-8
host: localhost:46131
accept: */*

Response DefaultHttpResponse(decodeResult: success, version: HTTP/1.1)
HTTP/1.1 200 OK
Content-Length: 47236
Content-Type: application/json; charset=utf-8
cache-control: no-cache

01:33:04.782 [AsyncHttpClient-1-6] DEBUG org.asynchttpclient.netty.channel.ChannelManager - Adding key: http://localhost:46131 for channel [id: 0x60e3565a, L:/127.0.0.1:58424 - R:localhost/127.0.0.1:46131]
01:33:04.784 [main] DEBUG net.serenitybdd.core.photography.Darkroom - Send negative for processing for target\site\serenity\d6b478eec3c192814c4492aa36d8a81d5fd419187bf260082cc84cebf86b761b.png
01:33:04.785 [main] DEBUG net.thucydides.core.steps.StepInterceptor - STEP DONE: clickLoginButton
  &amp#27;[32mAnd &amp#27;[0m&amp#27;[32mI click login button&amp#27;[0m                                              &amp#27;[90m# starter.stepdefinitions.LoginSteps.clickLoginButton()&amp#27;[0m
01:33:04.785 [Darkroom Processing Line] DEBUG net.serenitybdd.core.photography.DarkroomProcessingLine - Processing screenshot image in /var/screenshots/screenshot-6740818240003190881
01:33:04.785 [Darkroom Processing Line] DEBUG net.serenitybdd.core.photography.DarkroomProcessingLine - Saving screenshot to target\site\serenity\d6b478eec3c192814c4492aa36d8a81d5fd419187bf260082cc84cebf86b761b.png
01:33:04.794 [Forwarding getPageSource on session db9cd93be947d3c64df21fca61912d30 to remote] DEBUG org.asynchttpclient.netty.request.NettyRequestSender - Using pooled Channel '[id: 0x60e3565a, L:/127.0.0.1:58424 - R:localhost/127.0.0.1:46131]' for 'POST' to 'http://localhost:46131/session/db9cd93be947d3c64df21fca61912d30/execute/sync'
01:33:04.794 [Forwarding getPageSource on session db9cd93be947d3c64df21fca61912d30 to remote] DEBUG org.asynchttpclient.netty.request.NettyRequestSender - Using open Channel [id: 0x60e3565a, L:/127.0.0.1:58424 - R:localhost/127.0.0.1:46131] for POST '/session/db9cd93be947d3c64df21fca61912d30/execute/sync'
01:33:04.801 [AsyncHttpClient-1-6] DEBUG org.asynchttpclient.netty.handler.HttpHandler - 

Request DefaultHttpRequest(decodeResult: success, version: HTTP/1.1)
POST /session/db9cd93be947d3c64df21fca61912d30/execute/sync HTTP/1.1
User-Agent: selenium/4.8.1 (java windows)
Content-Length: 176
Content-Type: application/json; charset=utf-8
host: localhost:46131
accept: */*

Response DefaultHttpResponse(decodeResult: success, version: HTTP/1.1)
HTTP/1.1 200 OK
Content-Length: 28798
Content-Type: application/json; charset=utf-8
cache-control: no-cache

01:33:04.801 [AsyncHttpClient-1-6] DEBUG org.asynchttpclient.netty.channel.ChannelManager - Adding key: http://localhost:46131 for channel [id: 0x60e3565a, L:/127.0.0.1:58424 - R:localhost/127.0.0.1:46131]
01:33:04.805 [Forwarding getCurrentUrl on session db9cd93be947d3c64df21fca61912d30 to remote] DEBUG org.asynchttpclient.netty.request.NettyRequestSender - Using pooled Channel '[id: 0x60e3565a, L:/127.0.0.1:58424 - R:localhost/127.0.0.1:46131]' for 'GET' to 'http://localhost:46131/session/db9cd93be947d3c64df21fca61912d30/url'
01:33:04.805 [Forwarding getCurrentUrl on session db9cd93be947d3c64df21fca61912d30 to remote] DEBUG org.asynchttpclient.netty.request.NettyRequestSender - Using open Channel [id: 0x60e3565a, L:/127.0.0.1:58424 - R:localhost/127.0.0.1:46131] for GET '/session/db9cd93be947d3c64df21fca61912d30/url'
01:33:04.810 [AsyncHttpClient-1-6] DEBUG org.asynchttpclient.netty.handler.HttpHandler - 

Request DefaultFullHttpRequest(decodeResult: success, version: HTTP/1.1, content: EmptyByteBufBE)
GET /session/db9cd93be947d3c64df21fca61912d30/url HTTP/1.1
User-Agent: selenium/4.8.1 (java windows)
Cache-Control: no-cache
Content-Type: application/json; charset=utf-8
host: localhost:46131
accept: */*

Response DefaultHttpResponse(decodeResult: success, version: HTTP/1.1)
HTTP/1.1 200 OK
Content-Length: 41
Content-Type: application/json; charset=utf-8
cache-control: no-cache

01:33:04.810 [AsyncHttpClient-1-6] DEBUG org.asynchttpclient.netty.channel.ChannelManager - Adding key: http://localhost:46131 for channel [id: 0x60e3565a, L:/127.0.0.1:58424 - R:localhost/127.0.0.1:46131]
01:33:04.817 [Forwarding findElement on session db9cd93be947d3c64df21fca61912d30 to remote] DEBUG org.asynchttpclient.netty.request.NettyRequestSender - Using pooled Channel '[id: 0x60e3565a, L:/127.0.0.1:58424 - R:localhost/127.0.0.1:46131]' for 'POST' to 'http://localhost:46131/session/db9cd93be947d3c64df21fca61912d30/element'
01:33:04.818 [Forwarding findElement on session db9cd93be947d3c64df21fca61912d30 to remote] DEBUG org.asynchttpclient.netty.request.NettyRequestSender - Using open Channel [id: 0x60e3565a, L:/127.0.0.1:58424 - R:localhost/127.0.0.1:46131] for POST '/session/db9cd93be947d3c64df21fca61912d30/element'
01:33:04.833 [AsyncHttpClient-1-6] DEBUG org.asynchttpclient.netty.handler.HttpHandler - 

Request DefaultHttpRequest(decodeResult: success, version: HTTP/1.1)
POST /session/db9cd93be947d3c64df21fca61912d30/element HTTP/1.1
User-Agent: selenium/4.8.1 (java windows)
Content-Length: 48
Content-Type: application/json; charset=utf-8
host: localhost:46131
accept: */*

Response DefaultHttpResponse(decodeResult: success, version: HTTP/1.1)
HTTP/1.1 200 OK
Content-Length: 88
Content-Type: application/json; charset=utf-8
cache-control: no-cache

01:33:04.833 [AsyncHttpClient-1-6] DEBUG org.asynchttpclient.netty.channel.ChannelManager - Adding key: http://localhost:46131 for channel [id: 0x60e3565a, L:/127.0.0.1:58424 - R:localhost/127.0.0.1:46131]
01:33:04.838 [Forwarding isElementDisplayed on session db9cd93be947d3c64df21fca61912d30 to remote] DEBUG org.asynchttpclient.netty.request.NettyRequestSender - Using pooled Channel '[id: 0x60e3565a, L:/127.0.0.1:58424 - R:localhost/127.0.0.1:46131]' for 'POST' to 'http://localhost:46131/session/db9cd93be947d3c64df21fca61912d30/execute/sync'
01:33:04.838 [Forwarding isElementDisplayed on session db9cd93be947d3c64df21fca61912d30 to remote] DEBUG org.asynchttpclient.netty.request.NettyRequestSender - Using open Channel [id: 0x60e3565a, L:/127.0.0.1:58424 - R:localhost/127.0.0.1:46131] for POST '/session/db9cd93be947d3c64df21fca61912d30/execute/sync'
01:33:04.854 [AsyncHttpClient-1-6] DEBUG org.asynchttpclient.netty.handler.HttpHandler - 

Request DefaultHttpRequest(decodeResult: success, version: HTTP/1.1)
POST /session/db9cd93be947d3c64df21fca61912d30/execute/sync HTTP/1.1
User-Agent: selenium/4.8.1 (java windows)
Content-Length: 48807
Content-Type: application/json; charset=utf-8
host: localhost:46131
accept: */*

Response DefaultHttpResponse(decodeResult: success, version: HTTP/1.1)
HTTP/1.1 200 OK
Content-Length: 14
Content-Type: application/json; charset=utf-8
cache-control: no-cache

01:33:04.855 [AsyncHttpClient-1-6] DEBUG org.asynchttpclient.netty.channel.ChannelManager - Adding key: http://localhost:46131 for channel [id: 0x60e3565a, L:/127.0.0.1:58424 - R:localhost/127.0.0.1:46131]
  &amp#27;[32mThen &amp#27;[0m&amp#27;[32mI am on the product page&amp#27;[0m                                         &amp#27;[90m# starter.stepdefinitions.LoginSteps.onTheProductPage()&amp#27;[0m
01:33:04.859 [Forwarding getAlertText on session db9cd93be947d3c64df21fca61912d30 to remote] DEBUG org.asynchttpclient.netty.request.NettyRequestSender - Using pooled Channel '[id: 0x60e3565a, L:/127.0.0.1:58424 - R:localhost/127.0.0.1:46131]' for 'GET' to 'http://localhost:46131/session/db9cd93be947d3c64df21fca61912d30/alert/text'
01:33:04.859 [Forwarding getAlertText on session db9cd93be947d3c64df21fca61912d30 to remote] DEBUG org.asynchttpclient.netty.request.NettyRequestSender - Using open Channel [id: 0x60e3565a, L:/127.0.0.1:58424 - R:localhost/127.0.0.1:46131] for GET '/session/db9cd93be947d3c64df21fca61912d30/alert/text'
01:33:04.861 [AsyncHttpClient-1-6] DEBUG org.asynchttpclient.netty.handler.HttpHandler - 

Request DefaultFullHttpRequest(decodeResult: success, version: HTTP/1.1, content: EmptyByteBufBE)
GET /session/db9cd93be947d3c64df21fca61912d30/alert/text HTTP/1.1
User-Agent: selenium/4.8.1 (java windows)
Cache-Control: no-cache
Content-Type: application/json; charset=utf-8
host: localhost:46131
accept: */*

Response DefaultHttpResponse(decodeResult: success, version: HTTP/1.1)
HTTP/1.1 404 Not Found
Content-Length: 816
Content-Type: application/json; charset=utf-8
cache-control: no-cache

01:33:04.861 [AsyncHttpClient-1-6] DEBUG org.asynchttpclient.netty.channel.ChannelManager - Adding key: http://localhost:46131 for channel [id: 0x60e3565a, L:/127.0.0.1:58424 - R:localhost/127.0.0.1:46131]
01:33:04.862 [Forwarding getCurrentUrl on session db9cd93be947d3c64df21fca61912d30 to remote] DEBUG org.asynchttpclient.netty.request.NettyRequestSender - Using pooled Channel '[id: 0x60e3565a, L:/127.0.0.1:58424 - R:localhost/127.0.0.1:46131]' for 'GET' to 'http://localhost:46131/session/db9cd93be947d3c64df21fca61912d30/url'
01:33:04.862 [Forwarding getCurrentUrl on session db9cd93be947d3c64df21fca61912d30 to remote] DEBUG org.asynchttpclient.netty.request.NettyRequestSender - Using open Channel [id: 0x60e3565a, L:/127.0.0.1:58424 - R:localhost/127.0.0.1:46131] for GET '/session/db9cd93be947d3c64df21fca61912d30/url'
01:33:04.868 [AsyncHttpClient-1-6] DEBUG org.asynchttpclient.netty.handler.HttpHandler - 

Request DefaultFullHttpRequest(decodeResult: success, version: HTTP/1.1, content: EmptyByteBufBE)
GET /session/db9cd93be947d3c64df21fca61912d30/url HTTP/1.1
User-Agent: selenium/4.8.1 (java windows)
Cache-Control: no-cache
Content-Type: application/json; charset=utf-8
host: localhost:46131
accept: */*

Response DefaultHttpResponse(decodeResult: success, version: HTTP/1.1)
HTTP/1.1 200 OK
Content-Length: 41
Content-Type: application/json; charset=utf-8
cache-control: no-cache

01:33:04.868 [AsyncHttpClient-1-6] DEBUG org.asynchttpclient.netty.channel.ChannelManager - Adding key: http://localhost:46131 for channel [id: 0x60e3565a, L:/127.0.0.1:58424 - R:localhost/127.0.0.1:46131]
01:33:04.869 [Forwarding screenshot on session db9cd93be947d3c64df21fca61912d30 to remote] DEBUG org.asynchttpclient.netty.request.NettyRequestSender - Using pooled Channel '[id: 0x60e3565a, L:/127.0.0.1:58424 - R:localhost/127.0.0.1:46131]' for 'GET' to 'http://localhost:46131/session/db9cd93be947d3c64df21fca61912d30/screenshot'
01:33:04.869 [Forwarding screenshot on session db9cd93be947d3c64df21fca61912d30 to remote] DEBUG org.asynchttpclient.netty.request.NettyRequestSender - Using open Channel [id: 0x60e3565a, L:/127.0.0.1:58424 - R:localhost/127.0.0.1:46131] for GET '/session/db9cd93be947d3c64df21fca61912d30/screenshot'
01:33:04.990 [AsyncHttpClient-1-1] DEBUG org.asynchttpclient.netty.channel.DefaultChannelPool - Entry count for : http://localhost:58425 : 1
01:33:06.102 [AsyncHttpClient-1-1] DEBUG org.asynchttpclient.netty.channel.DefaultChannelPool - Entry count for : http://localhost:58425 : 1
01:33:06.215 [AsyncHttpClient-1-6] DEBUG org.asynchttpclient.netty.handler.HttpHandler - 

Request DefaultFullHttpRequest(decodeResult: success, version: HTTP/1.1, content: EmptyByteBufBE)
GET /session/db9cd93be947d3c64df21fca61912d30/screenshot HTTP/1.1
User-Agent: selenium/4.8.1 (java windows)
Cache-Control: no-cache
Content-Type: application/json; charset=utf-8
host: localhost:46131
accept: */*

Response DefaultHttpResponse(decodeResult: success, version: HTTP/1.1)
HTTP/1.1 200 OK
Content-Length: 28848
Content-Type: application/json; charset=utf-8
cache-control: no-cache

01:33:06.215 [AsyncHttpClient-1-6] DEBUG org.asynchttpclient.netty.channel.ChannelManager - Adding key: http://localhost:46131 for channel [id: 0x60e3565a, L:/127.0.0.1:58424 - R:localhost/127.0.0.1:46131]
01:33:06.217 [main] DEBUG net.serenitybdd.core.photography.Darkroom - Send negative for processing for target\site\serenity\6f2db09479defc70ce273c14bc15aaa4b0f780a476dcc7e221f9424313eb8304.png
01:33:06.217 [Darkroom Processing Line] DEBUG net.serenitybdd.core.photography.DarkroomProcessingLine - Processing screenshot image in /var/screenshots/screenshot-6516372470374637240
01:33:06.217 [Darkroom Processing Line] DEBUG net.serenitybdd.core.photography.DarkroomProcessingLine - Saving screenshot to target\site\serenity\6f2db09479defc70ce273c14bc15aaa4b0f780a476dcc7e221f9424313eb8304.png
01:33:06.223 [Forwarding getPageSource on session db9cd93be947d3c64df21fca61912d30 to remote] DEBUG org.asynchttpclient.netty.request.NettyRequestSender - Using pooled Channel '[id: 0x60e3565a, L:/127.0.0.1:58424 - R:localhost/127.0.0.1:46131]' for 'POST' to 'http://localhost:46131/session/db9cd93be947d3c64df21fca61912d30/execute/sync'
01:33:06.223 [Forwarding getPageSource on session db9cd93be947d3c64df21fca61912d30 to remote] DEBUG org.asynchttpclient.netty.request.NettyRequestSender - Using open Channel [id: 0x60e3565a, L:/127.0.0.1:58424 - R:localhost/127.0.0.1:46131] for POST '/session/db9cd93be947d3c64df21fca61912d30/execute/sync'
01:33:06.263 [AsyncHttpClient-1-6] DEBUG org.asynchttpclient.netty.handler.HttpHandler - 

Request DefaultHttpRequest(decodeResult: success, version: HTTP/1.1)
POST /session/db9cd93be947d3c64df21fca61912d30/execute/sync HTTP/1.1
User-Agent: selenium/4.8.1 (java windows)
Content-Length: 176
Content-Type: application/json; charset=utf-8
host: localhost:46131
accept: */*

Response DefaultHttpResponse(decodeResult: success, version: HTTP/1.1)
HTTP/1.1 200 OK
Content-Length: 518092
Content-Type: application/json; charset=utf-8
cache-control: no-cache

01:33:06.265 [AsyncHttpClient-1-6] DEBUG org.asynchttpclient.netty.channel.ChannelManager - Adding key: http://localhost:46131 for channel [id: 0x60e3565a, L:/127.0.0.1:58424 - R:localhost/127.0.0.1:46131]
01:33:06.330 [Forwarding getCurrentUrl on session db9cd93be947d3c64df21fca61912d30 to remote] DEBUG org.asynchttpclient.netty.request.NettyRequestSender - Using pooled Channel '[id: 0x60e3565a, L:/127.0.0.1:58424 - R:localhost/127.0.0.1:46131]' for 'GET' to 'http://localhost:46131/session/db9cd93be947d3c64df21fca61912d30/url'
01:33:06.330 [Forwarding getCurrentUrl on session db9cd93be947d3c64df21fca61912d30 to remote] DEBUG org.asynchttpclient.netty.request.NettyRequestSender - Using open Channel [id: 0x60e3565a, L:/127.0.0.1:58424 - R:localhost/127.0.0.1:46131] for GET '/session/db9cd93be947d3c64df21fca61912d30/url'
01:33:06.334 [AsyncHttpClient-1-6] DEBUG org.asynchttpclient.netty.handler.HttpHandler - 

Request DefaultFullHttpRequest(decodeResult: success, version: HTTP/1.1, content: EmptyByteBufBE)
GET /session/db9cd93be947d3c64df21fca61912d30/url HTTP/1.1
User-Agent: selenium/4.8.1 (java windows)
Cache-Control: no-cache
Content-Type: application/json; charset=utf-8
host: localhost:46131
accept: */*

Response DefaultHttpResponse(decodeResult: success, version: HTTP/1.1)
HTTP/1.1 200 OK
Content-Length: 41
Content-Type: application/json; charset=utf-8
cache-control: no-cache

01:33:06.334 [AsyncHttpClient-1-6] DEBUG org.asynchttpclient.netty.channel.ChannelManager - Adding key: http://localhost:46131 for channel [id: 0x60e3565a, L:/127.0.0.1:58424 - R:localhost/127.0.0.1:46131]
01:33:06.343 [Forwarding getAlertText on session db9cd93be947d3c64df21fca61912d30 to remote] DEBUG org.asynchttpclient.netty.request.NettyRequestSender - Using pooled Channel '[id: 0x60e3565a, L:/127.0.0.1:58424 - R:localhost/127.0.0.1:46131]' for 'GET' to 'http://localhost:46131/session/db9cd93be947d3c64df21fca61912d30/alert/text'
01:33:06.343 [Forwarding getAlertText on session db9cd93be947d3c64df21fca61912d30 to remote] DEBUG org.asynchttpclient.netty.request.NettyRequestSender - Using open Channel [id: 0x60e3565a, L:/127.0.0.1:58424 - R:localhost/127.0.0.1:46131] for GET '/session/db9cd93be947d3c64df21fca61912d30/alert/text'
01:33:06.345 [AsyncHttpClient-1-6] DEBUG org.asynchttpclient.netty.handler.HttpHandler - 

Request DefaultFullHttpRequest(decodeResult: success, version: HTTP/1.1, content: EmptyByteBufBE)
GET /session/db9cd93be947d3c64df21fca61912d30/alert/text HTTP/1.1
User-Agent: selenium/4.8.1 (java windows)
Cache-Control: no-cache
Content-Type: application/json; charset=utf-8
host: localhost:46131
accept: */*

Response DefaultHttpResponse(decodeResult: success, version: HTTP/1.1)
HTTP/1.1 404 Not Found
Content-Length: 816
Content-Type: application/json; charset=utf-8
cache-control: no-cache

01:33:06.345 [AsyncHttpClient-1-6] DEBUG org.asynchttpclient.netty.channel.ChannelManager - Adding key: http://localhost:46131 for channel [id: 0x60e3565a, L:/127.0.0.1:58424 - R:localhost/127.0.0.1:46131]
01:33:06.346 [Forwarding getCurrentUrl on session db9cd93be947d3c64df21fca61912d30 to remote] DEBUG org.asynchttpclient.netty.request.NettyRequestSender - Using pooled Channel '[id: 0x60e3565a, L:/127.0.0.1:58424 - R:localhost/127.0.0.1:46131]' for 'GET' to 'http://localhost:46131/session/db9cd93be947d3c64df21fca61912d30/url'
01:33:06.346 [Forwarding getCurrentUrl on session db9cd93be947d3c64df21fca61912d30 to remote] DEBUG org.asynchttpclient.netty.request.NettyRequestSender - Using open Channel [id: 0x60e3565a, L:/127.0.0.1:58424 - R:localhost/127.0.0.1:46131] for GET '/session/db9cd93be947d3c64df21fca61912d30/url'
01:33:06.350 [AsyncHttpClient-1-6] DEBUG org.asynchttpclient.netty.handler.HttpHandler - 

Request DefaultFullHttpRequest(decodeResult: success, version: HTTP/1.1, content: EmptyByteBufBE)
GET /session/db9cd93be947d3c64df21fca61912d30/url HTTP/1.1
User-Agent: selenium/4.8.1 (java windows)
Cache-Control: no-cache
Content-Type: application/json; charset=utf-8
host: localhost:46131
accept: */*

Response DefaultHttpResponse(decodeResult: success, version: HTTP/1.1)
HTTP/1.1 200 OK
Content-Length: 41
Content-Type: application/json; charset=utf-8
cache-control: no-cache

01:33:06.350 [AsyncHttpClient-1-6] DEBUG org.asynchttpclient.netty.channel.ChannelManager - Adding key: http://localhost:46131 for channel [id: 0x60e3565a, L:/127.0.0.1:58424 - R:localhost/127.0.0.1:46131]
01:33:06.350 [Forwarding screenshot on session db9cd93be947d3c64df21fca61912d30 to remote] DEBUG org.asynchttpclient.netty.request.NettyRequestSender - Using pooled Channel '[id: 0x60e3565a, L:/127.0.0.1:58424 - R:localhost/127.0.0.1:46131]' for 'GET' to 'http://localhost:46131/session/db9cd93be947d3c64df21fca61912d30/screenshot'
01:33:06.350 [Forwarding screenshot on session db9cd93be947d3c64df21fca61912d30 to remote] DEBUG org.asynchttpclient.netty.request.NettyRequestSender - Using open Channel [id: 0x60e3565a, L:/127.0.0.1:58424 - R:localhost/127.0.0.1:46131] for GET '/session/db9cd93be947d3c64df21fca61912d30/screenshot'
01:33:06.529 [AsyncHttpClient-1-6] DEBUG org.asynchttpclient.netty.handler.HttpHandler - 

Request DefaultFullHttpRequest(decodeResult: success, version: HTTP/1.1, content: EmptyByteBufBE)
GET /session/db9cd93be947d3c64df21fca61912d30/screenshot HTTP/1.1
User-Agent: selenium/4.8.1 (java windows)
Cache-Control: no-cache
Content-Type: application/json; charset=utf-8
host: localhost:46131
accept: */*

Response DefaultHttpResponse(decodeResult: success, version: HTTP/1.1)
HTTP/1.1 200 OK
Content-Length: 88064
Content-Type: application/json; charset=utf-8
cache-control: no-cache

01:33:06.529 [AsyncHttpClient-1-6] DEBUG org.asynchttpclient.netty.channel.ChannelManager - Adding key: http://localhost:46131 for channel [id: 0x60e3565a, L:/127.0.0.1:58424 - R:localhost/127.0.0.1:46131]
01:33:06.532 [main] DEBUG net.serenitybdd.core.photography.Darkroom - Send negative for processing for target\site\serenity\29cfb7224f78dd2b7f7a05113e61d3ecb6498f3e107ac7b049bf50082cf5226f.png
01:33:06.533 [Forwarding getPageSource on session db9cd93be947d3c64df21fca61912d30 to remote] DEBUG org.asynchttpclient.netty.request.NettyRequestSender - Using pooled Channel '[id: 0x60e3565a, L:/127.0.0.1:58424 - R:localhost/127.0.0.1:46131]' for 'POST' to 'http://localhost:46131/session/db9cd93be947d3c64df21fca61912d30/execute/sync'
01:33:06.533 [Forwarding getPageSource on session db9cd93be947d3c64df21fca61912d30 to remote] DEBUG org.asynchttpclient.netty.request.NettyRequestSender - Using open Channel [id: 0x60e3565a, L:/127.0.0.1:58424 - R:localhost/127.0.0.1:46131] for POST '/session/db9cd93be947d3c64df21fca61912d30/execute/sync'
01:33:06.567 [AsyncHttpClient-1-6] DEBUG org.asynchttpclient.netty.handler.HttpHandler - 

Request DefaultHttpRequest(decodeResult: success, version: HTTP/1.1)
POST /session/db9cd93be947d3c64df21fca61912d30/execute/sync HTTP/1.1
User-Agent: selenium/4.8.1 (java windows)
Content-Length: 176
Content-Type: application/json; charset=utf-8
host: localhost:46131
accept: */*

Response DefaultHttpResponse(decodeResult: success, version: HTTP/1.1)
HTTP/1.1 200 OK
Content-Length: 518092
Content-Type: application/json; charset=utf-8
cache-control: no-cache

01:33:06.568 [AsyncHttpClient-1-6] DEBUG org.asynchttpclient.netty.channel.ChannelManager - Adding key: http://localhost:46131 for channel [id: 0x60e3565a, L:/127.0.0.1:58424 - R:localhost/127.0.0.1:46131]
01:33:06.626 [Forwarding getCurrentUrl on session db9cd93be947d3c64df21fca61912d30 to remote] DEBUG org.asynchttpclient.netty.request.NettyRequestSender - Using pooled Channel '[id: 0x60e3565a, L:/127.0.0.1:58424 - R:localhost/127.0.0.1:46131]' for 'GET' to 'http://localhost:46131/session/db9cd93be947d3c64df21fca61912d30/url'
01:33:06.626 [Forwarding getCurrentUrl on session db9cd93be947d3c64df21fca61912d30 to remote] DEBUG org.asynchttpclient.netty.request.NettyRequestSender - Using open Channel [id: 0x60e3565a, L:/127.0.0.1:58424 - R:localhost/127.0.0.1:46131] for GET '/session/db9cd93be947d3c64df21fca61912d30/url'
01:33:06.630 [AsyncHttpClient-1-6] DEBUG org.asynchttpclient.netty.handler.HttpHandler - 

Request DefaultFullHttpRequest(decodeResult: success, version: HTTP/1.1, content: EmptyByteBufBE)
GET /session/db9cd93be947d3c64df21fca61912d30/url HTTP/1.1
User-Agent: selenium/4.8.1 (java windows)
Cache-Control: no-cache
Content-Type: application/json; charset=utf-8
host: localhost:46131
accept: */*

Response DefaultHttpResponse(decodeResult: success, version: HTTP/1.1)
HTTP/1.1 200 OK
Content-Length: 41
Content-Type: application/json; charset=utf-8
cache-control: no-cache

01:33:06.631 [AsyncHttpClient-1-6] DEBUG org.asynchttpclient.netty.channel.ChannelManager - Adding key: http://localhost:46131 for channel [id: 0x60e3565a, L:/127.0.0.1:58424 - R:localhost/127.0.0.1:46131]
01:33:06.634 [main] DEBUG net.thucydides.core.steps.StepInterceptor - STARTING STEP: LoginSteps.clickBeliButton - clickBeliButton
01:33:06.636 [Forwarding findElement on session db9cd93be947d3c64df21fca61912d30 to remote] DEBUG org.asynchttpclient.netty.request.NettyRequestSender - Using pooled Channel '[id: 0x60e3565a, L:/127.0.0.1:58424 - R:localhost/127.0.0.1:46131]' for 'POST' to 'http://localhost:46131/session/db9cd93be947d3c64df21fca61912d30/element'
01:33:06.636 [Forwarding findElement on session db9cd93be947d3c64df21fca61912d30 to remote] DEBUG org.asynchttpclient.netty.request.NettyRequestSender - Using open Channel [id: 0x60e3565a, L:/127.0.0.1:58424 - R:localhost/127.0.0.1:46131] for POST '/session/db9cd93be947d3c64df21fca61912d30/element'
01:33:06.654 [AsyncHttpClient-1-6] DEBUG org.asynchttpclient.netty.handler.HttpHandler - 

Request DefaultHttpRequest(decodeResult: success, version: HTTP/1.1)
POST /session/db9cd93be947d3c64df21fca61912d30/element HTTP/1.1
User-Agent: selenium/4.8.1 (java windows)
Content-Length: 123
Content-Type: application/json; charset=utf-8
host: localhost:46131
accept: */*

Response DefaultHttpResponse(decodeResult: success, version: HTTP/1.1)
HTTP/1.1 200 OK
Content-Length: 88
Content-Type: application/json; charset=utf-8
cache-control: no-cache

01:33:06.654 [AsyncHttpClient-1-6] DEBUG org.asynchttpclient.netty.channel.ChannelManager - Adding key: http://localhost:46131 for channel [id: 0x60e3565a, L:/127.0.0.1:58424 - R:localhost/127.0.0.1:46131]
01:33:06.655 [Forwarding getElementTagName on session db9cd93be947d3c64df21fca61912d30 to remote] DEBUG org.asynchttpclient.netty.request.NettyRequestSender - Using pooled Channel '[id: 0x60e3565a, L:/127.0.0.1:58424 - R:localhost/127.0.0.1:46131]' for 'GET' to 'http://localhost:46131/session/db9cd93be947d3c64df21fca61912d30/element/f1830477-628b-42f5-8e99-f7b8eaf6f141/name'
01:33:06.655 [Forwarding getElementTagName on session db9cd93be947d3c64df21fca61912d30 to remote] DEBUG org.asynchttpclient.netty.request.NettyRequestSender - Using open Channel [id: 0x60e3565a, L:/127.0.0.1:58424 - R:localhost/127.0.0.1:46131] for GET '/session/db9cd93be947d3c64df21fca61912d30/element/f1830477-628b-42f5-8e99-f7b8eaf6f141/name'
01:33:06.660 [AsyncHttpClient-1-6] DEBUG org.asynchttpclient.netty.handler.HttpHandler - 

Request DefaultFullHttpRequest(decodeResult: success, version: HTTP/1.1, content: EmptyByteBufBE)
GET /session/db9cd93be947d3c64df21fca61912d30/element/f1830477-628b-42f5-8e99-f7b8eaf6f141/name HTTP/1.1
User-Agent: selenium/4.8.1 (java windows)
Cache-Control: no-cache
Content-Type: application/json; charset=utf-8
host: localhost:46131
accept: */*

Response DefaultHttpResponse(decodeResult: success, version: HTTP/1.1)
HTTP/1.1 200 OK
Content-Length: 16
Content-Type: application/json; charset=utf-8
cache-control: no-cache

01:33:06.661 [AsyncHttpClient-1-6] DEBUG org.asynchttpclient.netty.channel.ChannelManager - Adding key: http://localhost:46131 for channel [id: 0x60e3565a, L:/127.0.0.1:58424 - R:localhost/127.0.0.1:46131]
01:33:06.662 [Forwarding getElementTagName on session db9cd93be947d3c64df21fca61912d30 to remote] DEBUG org.asynchttpclient.netty.request.NettyRequestSender - Using pooled Channel '[id: 0x60e3565a, L:/127.0.0.1:58424 - R:localhost/127.0.0.1:46131]' for 'GET' to 'http://localhost:46131/session/db9cd93be947d3c64df21fca61912d30/element/f1830477-628b-42f5-8e99-f7b8eaf6f141/name'
01:33:06.662 [Forwarding getElementTagName on session db9cd93be947d3c64df21fca61912d30 to remote] DEBUG org.asynchttpclient.netty.request.NettyRequestSender - Using open Channel [id: 0x60e3565a, L:/127.0.0.1:58424 - R:localhost/127.0.0.1:46131] for GET '/session/db9cd93be947d3c64df21fca61912d30/element/f1830477-628b-42f5-8e99-f7b8eaf6f141/name'
01:33:06.666 [AsyncHttpClient-1-6] DEBUG org.asynchttpclient.netty.handler.HttpHandler - 

Request DefaultFullHttpRequest(decodeResult: success, version: HTTP/1.1, content: EmptyByteBufBE)
GET /session/db9cd93be947d3c64df21fca61912d30/element/f1830477-628b-42f5-8e99-f7b8eaf6f141/name HTTP/1.1
User-Agent: selenium/4.8.1 (java windows)
Cache-Control: no-cache
Content-Type: application/json; charset=utf-8
host: localhost:46131
accept: */*

Response DefaultHttpResponse(decodeResult: success, version: HTTP/1.1)
HTTP/1.1 200 OK
Content-Length: 16
Content-Type: application/json; charset=utf-8
cache-control: no-cache

01:33:06.666 [AsyncHttpClient-1-6] DEBUG org.asynchttpclient.netty.channel.ChannelManager - Adding key: http://localhost:46131 for channel [id: 0x60e3565a, L:/127.0.0.1:58424 - R:localhost/127.0.0.1:46131]
01:33:06.667 [Forwarding findElement on session db9cd93be947d3c64df21fca61912d30 to remote] DEBUG org.asynchttpclient.netty.request.NettyRequestSender - Using pooled Channel '[id: 0x60e3565a, L:/127.0.0.1:58424 - R:localhost/127.0.0.1:46131]' for 'POST' to 'http://localhost:46131/session/db9cd93be947d3c64df21fca61912d30/element'
01:33:06.667 [Forwarding findElement on session db9cd93be947d3c64df21fca61912d30 to remote] DEBUG org.asynchttpclient.netty.request.NettyRequestSender - Using open Channel [id: 0x60e3565a, L:/127.0.0.1:58424 - R:localhost/127.0.0.1:46131] for POST '/session/db9cd93be947d3c64df21fca61912d30/element'
01:33:06.679 [AsyncHttpClient-1-6] DEBUG org.asynchttpclient.netty.handler.HttpHandler - 

Request DefaultHttpRequest(decodeResult: success, version: HTTP/1.1)
POST /session/db9cd93be947d3c64df21fca61912d30/element HTTP/1.1
User-Agent: selenium/4.8.1 (java windows)
Content-Length: 123
Content-Type: application/json; charset=utf-8
host: localhost:46131
accept: */*

Response DefaultHttpResponse(decodeResult: success, version: HTTP/1.1)
HTTP/1.1 200 OK
Content-Length: 88
Content-Type: application/json; charset=utf-8
cache-control: no-cache

01:33:06.679 [AsyncHttpClient-1-6] DEBUG org.asynchttpclient.netty.channel.ChannelManager - Adding key: http://localhost:46131 for channel [id: 0x60e3565a, L:/127.0.0.1:58424 - R:localhost/127.0.0.1:46131]
01:33:06.680 [Forwarding clickElement on session db9cd93be947d3c64df21fca61912d30 to remote] DEBUG org.asynchttpclient.netty.request.NettyRequestSender - Using pooled Channel '[id: 0x60e3565a, L:/127.0.0.1:58424 - R:localhost/127.0.0.1:46131]' for 'POST' to 'http://localhost:46131/session/db9cd93be947d3c64df21fca61912d30/element/f1830477-628b-42f5-8e99-f7b8eaf6f141/click'
01:33:06.680 [Forwarding clickElement on session db9cd93be947d3c64df21fca61912d30 to remote] DEBUG org.asynchttpclient.netty.request.NettyRequestSender - Using open Channel [id: 0x60e3565a, L:/127.0.0.1:58424 - R:localhost/127.0.0.1:46131] for POST '/session/db9cd93be947d3c64df21fca61912d30/element/f1830477-628b-42f5-8e99-f7b8eaf6f141/click'
01:33:06.760 [AsyncHttpClient-1-6] DEBUG org.asynchttpclient.netty.handler.HttpHandler - 

Request DefaultHttpRequest(decodeResult: success, version: HTTP/1.1)
POST /session/db9cd93be947d3c64df21fca61912d30/element/f1830477-628b-42f5-8e99-f7b8eaf6f141/click HTTP/1.1
User-Agent: selenium/4.8.1 (java windows)
Content-Length: 50
Content-Type: application/json; charset=utf-8
host: localhost:46131
accept: */*

Response DefaultHttpResponse(decodeResult: success, version: HTTP/1.1)
HTTP/1.1 200 OK
Content-Length: 14
Content-Type: application/json; charset=utf-8
cache-control: no-cache

01:33:06.760 [AsyncHttpClient-1-6] DEBUG org.asynchttpclient.netty.channel.ChannelManager - Adding key: http://localhost:46131 for channel [id: 0x60e3565a, L:/127.0.0.1:58424 - R:localhost/127.0.0.1:46131]
01:33:06.766 [Forwarding getAlertText on session db9cd93be947d3c64df21fca61912d30 to remote] DEBUG org.asynchttpclient.netty.request.NettyRequestSender - Using pooled Channel '[id: 0x60e3565a, L:/127.0.0.1:58424 - R:localhost/127.0.0.1:46131]' for 'GET' to 'http://localhost:46131/session/db9cd93be947d3c64df21fca61912d30/alert/text'
01:33:06.766 [Forwarding getAlertText on session db9cd93be947d3c64df21fca61912d30 to remote] DEBUG org.asynchttpclient.netty.request.NettyRequestSender - Using open Channel [id: 0x60e3565a, L:/127.0.0.1:58424 - R:localhost/127.0.0.1:46131] for GET '/session/db9cd93be947d3c64df21fca61912d30/alert/text'
01:33:06.770 [AsyncHttpClient-1-6] DEBUG org.asynchttpclient.netty.handler.HttpHandler - 

Request DefaultFullHttpRequest(decodeResult: success, version: HTTP/1.1, content: EmptyByteBufBE)
GET /session/db9cd93be947d3c64df21fca61912d30/alert/text HTTP/1.1
User-Agent: selenium/4.8.1 (java windows)
Cache-Control: no-cache
Content-Type: application/json; charset=utf-8
host: localhost:46131
accept: */*

Response DefaultHttpResponse(decodeResult: success, version: HTTP/1.1)
HTTP/1.1 404 Not Found
Content-Length: 816
Content-Type: application/json; charset=utf-8
cache-control: no-cache

01:33:06.770 [AsyncHttpClient-1-6] DEBUG org.asynchttpclient.netty.channel.ChannelManager - Adding key: http://localhost:46131 for channel [id: 0x60e3565a, L:/127.0.0.1:58424 - R:localhost/127.0.0.1:46131]
01:33:06.771 [Forwarding getCurrentUrl on session db9cd93be947d3c64df21fca61912d30 to remote] DEBUG org.asynchttpclient.netty.request.NettyRequestSender - Using pooled Channel '[id: 0x60e3565a, L:/127.0.0.1:58424 - R:localhost/127.0.0.1:46131]' for 'GET' to 'http://localhost:46131/session/db9cd93be947d3c64df21fca61912d30/url'
01:33:06.771 [Forwarding getCurrentUrl on session db9cd93be947d3c64df21fca61912d30 to remote] DEBUG org.asynchttpclient.netty.request.NettyRequestSender - Using open Channel [id: 0x60e3565a, L:/127.0.0.1:58424 - R:localhost/127.0.0.1:46131] for GET '/session/db9cd93be947d3c64df21fca61912d30/url'
01:33:06.775 [AsyncHttpClient-1-6] DEBUG org.asynchttpclient.netty.handler.HttpHandler - 

Request DefaultFullHttpRequest(decodeResult: success, version: HTTP/1.1, content: EmptyByteBufBE)
GET /session/db9cd93be947d3c64df21fca61912d30/url HTTP/1.1
User-Agent: selenium/4.8.1 (java windows)
Cache-Control: no-cache
Content-Type: application/json; charset=utf-8
host: localhost:46131
accept: */*

Response DefaultHttpResponse(decodeResult: success, version: HTTP/1.1)
HTTP/1.1 200 OK
Content-Length: 41
Content-Type: application/json; charset=utf-8
cache-control: no-cache

01:33:06.775 [AsyncHttpClient-1-6] DEBUG org.asynchttpclient.netty.channel.ChannelManager - Adding key: http://localhost:46131 for channel [id: 0x60e3565a, L:/127.0.0.1:58424 - R:localhost/127.0.0.1:46131]
01:33:06.775 [Forwarding screenshot on session db9cd93be947d3c64df21fca61912d30 to remote] DEBUG org.asynchttpclient.netty.request.NettyRequestSender - Using pooled Channel '[id: 0x60e3565a, L:/127.0.0.1:58424 - R:localhost/127.0.0.1:46131]' for 'GET' to 'http://localhost:46131/session/db9cd93be947d3c64df21fca61912d30/screenshot'
01:33:06.775 [Forwarding screenshot on session db9cd93be947d3c64df21fca61912d30 to remote] DEBUG org.asynchttpclient.netty.request.NettyRequestSender - Using open Channel [id: 0x60e3565a, L:/127.0.0.1:58424 - R:localhost/127.0.0.1:46131] for GET '/session/db9cd93be947d3c64df21fca61912d30/screenshot'
01:33:06.917 [AsyncHttpClient-1-6] DEBUG org.asynchttpclient.netty.handler.HttpHandler - 

Request DefaultFullHttpRequest(decodeResult: success, version: HTTP/1.1, content: EmptyByteBufBE)
GET /session/db9cd93be947d3c64df21fca61912d30/screenshot HTTP/1.1
User-Agent: selenium/4.8.1 (java windows)
Cache-Control: no-cache
Content-Type: application/json; charset=utf-8
host: localhost:46131
accept: */*

Response DefaultHttpResponse(decodeResult: success, version: HTTP/1.1)
HTTP/1.1 200 OK
Content-Length: 90480
Content-Type: application/json; charset=utf-8
cache-control: no-cache

01:33:06.918 [AsyncHttpClient-1-6] DEBUG org.asynchttpclient.netty.channel.ChannelManager - Adding key: http://localhost:46131 for channel [id: 0x60e3565a, L:/127.0.0.1:58424 - R:localhost/127.0.0.1:46131]
01:33:06.922 [main] DEBUG net.serenitybdd.core.photography.Darkroom - Send negative for processing for target\site\serenity\3dc8e99853b3c76d1e455b30fe3d10bf425ce91aed4b1d610e7c78f34fd0af8a.png
01:33:06.922 [main] DEBUG net.thucydides.core.steps.StepInterceptor - STEP DONE: clickBeliButton
  &amp#27;[32mAnd &amp#27;[0m&amp#27;[32mI click buy button from one of product&amp#27;[0m                            &amp#27;[90m# starter.stepdefinitions.LoginSteps.clickBeliButton()&amp#27;[0m
01:33:06.922 [Darkroom Processing Line] DEBUG net.serenitybdd.core.photography.DarkroomProcessingLine - Processing screenshot image in /var/screenshots/screenshot-7556184181618670062
01:33:06.922 [Darkroom Processing Line] DEBUG net.serenitybdd.core.photography.DarkroomProcessingLine - Saving screenshot to target\site\serenity\3dc8e99853b3c76d1e455b30fe3d10bf425ce91aed4b1d610e7c78f34fd0af8a.png
01:33:06.929 [Forwarding getPageSource on session db9cd93be947d3c64df21fca61912d30 to remote] DEBUG org.asynchttpclient.netty.request.NettyRequestSender - Using pooled Channel '[id: 0x60e3565a, L:/127.0.0.1:58424 - R:localhost/127.0.0.1:46131]' for 'POST' to 'http://localhost:46131/session/db9cd93be947d3c64df21fca61912d30/execute/sync'
01:33:06.929 [Forwarding getPageSource on session db9cd93be947d3c64df21fca61912d30 to remote] DEBUG org.asynchttpclient.netty.request.NettyRequestSender - Using open Channel [id: 0x60e3565a, L:/127.0.0.1:58424 - R:localhost/127.0.0.1:46131] for POST '/session/db9cd93be947d3c64df21fca61912d30/execute/sync'
01:33:06.969 [AsyncHttpClient-1-6] DEBUG org.asynchttpclient.netty.handler.HttpHandler - 

Request DefaultHttpRequest(decodeResult: success, version: HTTP/1.1)
POST /session/db9cd93be947d3c64df21fca61912d30/execute/sync HTTP/1.1
User-Agent: selenium/4.8.1 (java windows)
Content-Length: 176
Content-Type: application/json; charset=utf-8
host: localhost:46131
accept: */*

Response DefaultHttpResponse(decodeResult: success, version: HTTP/1.1)
HTTP/1.1 200 OK
Content-Length: 518476
Content-Type: application/json; charset=utf-8
cache-control: no-cache

01:33:06.970 [AsyncHttpClient-1-6] DEBUG org.asynchttpclient.netty.channel.ChannelManager - Adding key: http://localhost:46131 for channel [id: 0x60e3565a, L:/127.0.0.1:58424 - R:localhost/127.0.0.1:46131]
01:33:07.028 [Forwarding getCurrentUrl on session db9cd93be947d3c64df21fca61912d30 to remote] DEBUG org.asynchttpclient.netty.request.NettyRequestSender - Using pooled Channel '[id: 0x60e3565a, L:/127.0.0.1:58424 - R:localhost/127.0.0.1:46131]' for 'GET' to 'http://localhost:46131/session/db9cd93be947d3c64df21fca61912d30/url'
01:33:07.028 [Forwarding getCurrentUrl on session db9cd93be947d3c64df21fca61912d30 to remote] DEBUG org.asynchttpclient.netty.request.NettyRequestSender - Using open Channel [id: 0x60e3565a, L:/127.0.0.1:58424 - R:localhost/127.0.0.1:46131] for GET '/session/db9cd93be947d3c64df21fca61912d30/url'
01:33:07.034 [AsyncHttpClient-1-6] DEBUG org.asynchttpclient.netty.handler.HttpHandler - 

Request DefaultFullHttpRequest(decodeResult: success, version: HTTP/1.1, content: EmptyByteBufBE)
GET /session/db9cd93be947d3c64df21fca61912d30/url HTTP/1.1
User-Agent: selenium/4.8.1 (java windows)
Cache-Control: no-cache
Content-Type: application/json; charset=utf-8
host: localhost:46131
accept: */*

Response DefaultHttpResponse(decodeResult: success, version: HTTP/1.1)
HTTP/1.1 200 OK
Content-Length: 41
Content-Type: application/json; charset=utf-8
cache-control: no-cache

01:33:07.034 [AsyncHttpClient-1-6] DEBUG org.asynchttpclient.netty.channel.ChannelManager - Adding key: http://localhost:46131 for channel [id: 0x60e3565a, L:/127.0.0.1:58424 - R:localhost/127.0.0.1:46131]
01:33:07.042 [Forwarding getAlertText on session db9cd93be947d3c64df21fca61912d30 to remote] DEBUG org.asynchttpclient.netty.request.NettyRequestSender - Using pooled Channel '[id: 0x60e3565a, L:/127.0.0.1:58424 - R:localhost/127.0.0.1:46131]' for 'GET' to 'http://localhost:46131/session/db9cd93be947d3c64df21fca61912d30/alert/text'
01:33:07.042 [Forwarding getAlertText on session db9cd93be947d3c64df21fca61912d30 to remote] DEBUG org.asynchttpclient.netty.request.NettyRequestSender - Using open Channel [id: 0x60e3565a, L:/127.0.0.1:58424 - R:localhost/127.0.0.1:46131] for GET '/session/db9cd93be947d3c64df21fca61912d30/alert/text'
01:33:07.044 [AsyncHttpClient-1-6] DEBUG org.asynchttpclient.netty.handler.HttpHandler - 

Request DefaultFullHttpRequest(decodeResult: success, version: HTTP/1.1, content: EmptyByteBufBE)
GET /session/db9cd93be947d3c64df21fca61912d30/alert/text HTTP/1.1
User-Agent: selenium/4.8.1 (java windows)
Cache-Control: no-cache
Content-Type: application/json; charset=utf-8
host: localhost:46131
accept: */*

Response DefaultHttpResponse(decodeResult: success, version: HTTP/1.1)
HTTP/1.1 404 Not Found
Content-Length: 816
Content-Type: application/json; charset=utf-8
cache-control: no-cache

01:33:07.044 [AsyncHttpClient-1-6] DEBUG org.asynchttpclient.netty.channel.ChannelManager - Adding key: http://localhost:46131 for channel [id: 0x60e3565a, L:/127.0.0.1:58424 - R:localhost/127.0.0.1:46131]
01:33:07.045 [Forwarding getCurrentUrl on session db9cd93be947d3c64df21fca61912d30 to remote] DEBUG org.asynchttpclient.netty.request.NettyRequestSender - Using pooled Channel '[id: 0x60e3565a, L:/127.0.0.1:58424 - R:localhost/127.0.0.1:46131]' for 'GET' to 'http://localhost:46131/session/db9cd93be947d3c64df21fca61912d30/url'
01:33:07.045 [Forwarding getCurrentUrl on session db9cd93be947d3c64df21fca61912d30 to remote] DEBUG org.asynchttpclient.netty.request.NettyRequestSender - Using open Channel [id: 0x60e3565a, L:/127.0.0.1:58424 - R:localhost/127.0.0.1:46131] for GET '/session/db9cd93be947d3c64df21fca61912d30/url'
01:33:07.050 [AsyncHttpClient-1-6] DEBUG org.asynchttpclient.netty.handler.HttpHandler - 

Request DefaultFullHttpRequest(decodeResult: success, version: HTTP/1.1, content: EmptyByteBufBE)
GET /session/db9cd93be947d3c64df21fca61912d30/url HTTP/1.1
User-Agent: selenium/4.8.1 (java windows)
Cache-Control: no-cache
Content-Type: application/json; charset=utf-8
host: localhost:46131
accept: */*

Response DefaultHttpResponse(decodeResult: success, version: HTTP/1.1)
HTTP/1.1 200 OK
Content-Length: 41
Content-Type: application/json; charset=utf-8
cache-control: no-cache

01:33:07.050 [AsyncHttpClient-1-6] DEBUG org.asynchttpclient.netty.channel.ChannelManager - Adding key: http://localhost:46131 for channel [id: 0x60e3565a, L:/127.0.0.1:58424 - R:localhost/127.0.0.1:46131]
01:33:07.051 [Forwarding screenshot on session db9cd93be947d3c64df21fca61912d30 to remote] DEBUG org.asynchttpclient.netty.request.NettyRequestSender - Using pooled Channel '[id: 0x60e3565a, L:/127.0.0.1:58424 - R:localhost/127.0.0.1:46131]' for 'GET' to 'http://localhost:46131/session/db9cd93be947d3c64df21fca61912d30/screenshot'
01:33:07.051 [Forwarding screenshot on session db9cd93be947d3c64df21fca61912d30 to remote] DEBUG org.asynchttpclient.netty.request.NettyRequestSender - Using open Channel [id: 0x60e3565a, L:/127.0.0.1:58424 - R:localhost/127.0.0.1:46131] for GET '/session/db9cd93be947d3c64df21fca61912d30/screenshot'
01:33:07.184 [AsyncHttpClient-1-6] DEBUG org.asynchttpclient.netty.handler.HttpHandler - 

Request DefaultFullHttpRequest(decodeResult: success, version: HTTP/1.1, content: EmptyByteBufBE)
GET /session/db9cd93be947d3c64df21fca61912d30/screenshot HTTP/1.1
User-Agent: selenium/4.8.1 (java windows)
Cache-Control: no-cache
Content-Type: application/json; charset=utf-8
host: localhost:46131
accept: */*

Response DefaultHttpResponse(decodeResult: success, version: HTTP/1.1)
HTTP/1.1 200 OK
Content-Length: 88740
Content-Type: application/json; charset=utf-8
cache-control: no-cache

01:33:07.184 [AsyncHttpClient-1-6] DEBUG org.asynchttpclient.netty.channel.ChannelManager - Adding key: http://localhost:46131 for channel [id: 0x60e3565a, L:/127.0.0.1:58424 - R:localhost/127.0.0.1:46131]
01:33:07.188 [main] DEBUG net.serenitybdd.core.photography.Darkroom - Send negative for processing for target\site\serenity\f40c7c1b1726ea477684a1e1bbdd69024a135c265c337d933ce45fcefdde24e8.png
01:33:07.188 [Darkroom Processing Line] DEBUG net.serenitybdd.core.photography.DarkroomProcessingLine - Processing screenshot image in /var/screenshots/screenshot-1846099190885295225
01:33:07.188 [Darkroom Processing Line] DEBUG net.serenitybdd.core.photography.DarkroomProcessingLine - Saving screenshot to target\site\serenity\f40c7c1b1726ea477684a1e1bbdd69024a135c265c337d933ce45fcefdde24e8.png
01:33:07.189 [Forwarding getPageSource on session db9cd93be947d3c64df21fca61912d30 to remote] DEBUG org.asynchttpclient.netty.request.NettyRequestSender - Using pooled Channel '[id: 0x60e3565a, L:/127.0.0.1:58424 - R:localhost/127.0.0.1:46131]' for 'POST' to 'http://localhost:46131/session/db9cd93be947d3c64df21fca61912d30/execute/sync'
01:33:07.189 [Forwarding getPageSource on session db9cd93be947d3c64df21fca61912d30 to remote] DEBUG org.asynchttpclient.netty.request.NettyRequestSender - Using open Channel [id: 0x60e3565a, L:/127.0.0.1:58424 - R:localhost/127.0.0.1:46131] for POST '/session/db9cd93be947d3c64df21fca61912d30/execute/sync'
01:33:07.197 [AsyncHttpClient-1-1] DEBUG org.asynchttpclient.netty.channel.DefaultChannelPool - Entry count for : http://localhost:58425 : 1
01:33:07.231 [AsyncHttpClient-1-6] DEBUG org.asynchttpclient.netty.handler.HttpHandler - 

Request DefaultHttpRequest(decodeResult: success, version: HTTP/1.1)
POST /session/db9cd93be947d3c64df21fca61912d30/execute/sync HTTP/1.1
User-Agent: selenium/4.8.1 (java windows)
Content-Length: 176
Content-Type: application/json; charset=utf-8
host: localhost:46131
accept: */*

Response DefaultHttpResponse(decodeResult: success, version: HTTP/1.1)
HTTP/1.1 200 OK
Content-Length: 518407
Content-Type: application/json; charset=utf-8
cache-control: no-cache

01:33:07.232 [AsyncHttpClient-1-6] DEBUG org.asynchttpclient.netty.channel.ChannelManager - Adding key: http://localhost:46131 for channel [id: 0x60e3565a, L:/127.0.0.1:58424 - R:localhost/127.0.0.1:46131]
01:33:07.307 [Forwarding getCurrentUrl on session db9cd93be947d3c64df21fca61912d30 to remote] DEBUG org.asynchttpclient.netty.request.NettyRequestSender - Using pooled Channel '[id: 0x60e3565a, L:/127.0.0.1:58424 - R:localhost/127.0.0.1:46131]' for 'GET' to 'http://localhost:46131/session/db9cd93be947d3c64df21fca61912d30/url'
01:33:07.307 [Forwarding getCurrentUrl on session db9cd93be947d3c64df21fca61912d30 to remote] DEBUG org.asynchttpclient.netty.request.NettyRequestSender - Using open Channel [id: 0x60e3565a, L:/127.0.0.1:58424 - R:localhost/127.0.0.1:46131] for GET '/session/db9cd93be947d3c64df21fca61912d30/url'
01:33:07.311 [AsyncHttpClient-1-6] DEBUG org.asynchttpclient.netty.handler.HttpHandler - 

Request DefaultFullHttpRequest(decodeResult: success, version: HTTP/1.1, content: EmptyByteBufBE)
GET /session/db9cd93be947d3c64df21fca61912d30/url HTTP/1.1
User-Agent: selenium/4.8.1 (java windows)
Cache-Control: no-cache
Content-Type: application/json; charset=utf-8
host: localhost:46131
accept: */*

Response DefaultHttpResponse(decodeResult: success, version: HTTP/1.1)
HTTP/1.1 200 OK
Content-Length: 41
Content-Type: application/json; charset=utf-8
cache-control: no-cache

01:33:07.311 [AsyncHttpClient-1-6] DEBUG org.asynchttpclient.netty.channel.ChannelManager - Adding key: http://localhost:46131 for channel [id: 0x60e3565a, L:/127.0.0.1:58424 - R:localhost/127.0.0.1:46131]
01:33:07.314 [main] DEBUG net.thucydides.core.steps.StepInterceptor - STARTING STEP: LoginSteps.clickOtherBeliButton - clickOtherBeliButton
01:33:07.316 [Forwarding findElement on session db9cd93be947d3c64df21fca61912d30 to remote] DEBUG org.asynchttpclient.netty.request.NettyRequestSender - Using pooled Channel '[id: 0x60e3565a, L:/127.0.0.1:58424 - R:localhost/127.0.0.1:46131]' for 'POST' to 'http://localhost:46131/session/db9cd93be947d3c64df21fca61912d30/element'
01:33:07.316 [Forwarding findElement on session db9cd93be947d3c64df21fca61912d30 to remote] DEBUG org.asynchttpclient.netty.request.NettyRequestSender - Using open Channel [id: 0x60e3565a, L:/127.0.0.1:58424 - R:localhost/127.0.0.1:46131] for POST '/session/db9cd93be947d3c64df21fca61912d30/element'
01:33:07.333 [AsyncHttpClient-1-6] DEBUG org.asynchttpclient.netty.handler.HttpHandler - 

Request DefaultHttpRequest(decodeResult: success, version: HTTP/1.1)
POST /session/db9cd93be947d3c64df21fca61912d30/element HTTP/1.1
User-Agent: selenium/4.8.1 (java windows)
Content-Length: 123
Content-Type: application/json; charset=utf-8
host: localhost:46131
accept: */*

Response DefaultHttpResponse(decodeResult: success, version: HTTP/1.1)
HTTP/1.1 200 OK
Content-Length: 88
Content-Type: application/json; charset=utf-8
cache-control: no-cache

01:33:07.334 [AsyncHttpClient-1-6] DEBUG org.asynchttpclient.netty.channel.ChannelManager - Adding key: http://localhost:46131 for channel [id: 0x60e3565a, L:/127.0.0.1:58424 - R:localhost/127.0.0.1:46131]
01:33:07.334 [Forwarding getElementTagName on session db9cd93be947d3c64df21fca61912d30 to remote] DEBUG org.asynchttpclient.netty.request.NettyRequestSender - Using pooled Channel '[id: 0x60e3565a, L:/127.0.0.1:58424 - R:localhost/127.0.0.1:46131]' for 'GET' to 'http://localhost:46131/session/db9cd93be947d3c64df21fca61912d30/element/79ade6b3-9d50-43b2-9090-9d1d05eb4245/name'
01:33:07.335 [Forwarding getElementTagName on session db9cd93be947d3c64df21fca61912d30 to remote] DEBUG org.asynchttpclient.netty.request.NettyRequestSender - Using open Channel [id: 0x60e3565a, L:/127.0.0.1:58424 - R:localhost/127.0.0.1:46131] for GET '/session/db9cd93be947d3c64df21fca61912d30/element/79ade6b3-9d50-43b2-9090-9d1d05eb4245/name'
01:33:07.339 [AsyncHttpClient-1-6] DEBUG org.asynchttpclient.netty.handler.HttpHandler - 

Request DefaultFullHttpRequest(decodeResult: success, version: HTTP/1.1, content: EmptyByteBufBE)
GET /session/db9cd93be947d3c64df21fca61912d30/element/79ade6b3-9d50-43b2-9090-9d1d05eb4245/name HTTP/1.1
User-Agent: selenium/4.8.1 (java windows)
Cache-Control: no-cache
Content-Type: application/json; charset=utf-8
host: localhost:46131
accept: */*

Response DefaultHttpResponse(decodeResult: success, version: HTTP/1.1)
HTTP/1.1 200 OK
Content-Length: 16
Content-Type: application/json; charset=utf-8
cache-control: no-cache

01:33:07.339 [AsyncHttpClient-1-6] DEBUG org.asynchttpclient.netty.channel.ChannelManager - Adding key: http://localhost:46131 for channel [id: 0x60e3565a, L:/127.0.0.1:58424 - R:localhost/127.0.0.1:46131]
01:33:07.340 [Forwarding getElementTagName on session db9cd93be947d3c64df21fca61912d30 to remote] DEBUG org.asynchttpclient.netty.request.NettyRequestSender - Using pooled Channel '[id: 0x60e3565a, L:/127.0.0.1:58424 - R:localhost/127.0.0.1:46131]' for 'GET' to 'http://localhost:46131/session/db9cd93be947d3c64df21fca61912d30/element/79ade6b3-9d50-43b2-9090-9d1d05eb4245/name'
01:33:07.340 [Forwarding getElementTagName on session db9cd93be947d3c64df21fca61912d30 to remote] DEBUG org.asynchttpclient.netty.request.NettyRequestSender - Using open Channel [id: 0x60e3565a, L:/127.0.0.1:58424 - R:localhost/127.0.0.1:46131] for GET '/session/db9cd93be947d3c64df21fca61912d30/element/79ade6b3-9d50-43b2-9090-9d1d05eb4245/name'
01:33:07.343 [AsyncHttpClient-1-6] DEBUG org.asynchttpclient.netty.handler.HttpHandler - 

Request DefaultFullHttpRequest(decodeResult: success, version: HTTP/1.1, content: EmptyByteBufBE)
GET /session/db9cd93be947d3c64df21fca61912d30/element/79ade6b3-9d50-43b2-9090-9d1d05eb4245/name HTTP/1.1
User-Agent: selenium/4.8.1 (java windows)
Cache-Control: no-cache
Content-Type: application/json; charset=utf-8
host: localhost:46131
accept: */*

Response DefaultHttpResponse(decodeResult: success, version: HTTP/1.1)
HTTP/1.1 200 OK
Content-Length: 16
Content-Type: application/json; charset=utf-8
cache-control: no-cache

01:33:07.343 [AsyncHttpClient-1-6] DEBUG org.asynchttpclient.netty.channel.ChannelManager - Adding key: http://localhost:46131 for channel [id: 0x60e3565a, L:/127.0.0.1:58424 - R:localhost/127.0.0.1:46131]
01:33:07.345 [Forwarding findElement on session db9cd93be947d3c64df21fca61912d30 to remote] DEBUG org.asynchttpclient.netty.request.NettyRequestSender - Using pooled Channel '[id: 0x60e3565a, L:/127.0.0.1:58424 - R:localhost/127.0.0.1:46131]' for 'POST' to 'http://localhost:46131/session/db9cd93be947d3c64df21fca61912d30/element'
01:33:07.345 [Forwarding findElement on session db9cd93be947d3c64df21fca61912d30 to remote] DEBUG org.asynchttpclient.netty.request.NettyRequestSender - Using open Channel [id: 0x60e3565a, L:/127.0.0.1:58424 - R:localhost/127.0.0.1:46131] for POST '/session/db9cd93be947d3c64df21fca61912d30/element'
01:33:07.357 [AsyncHttpClient-1-6] DEBUG org.asynchttpclient.netty.handler.HttpHandler - 

Request DefaultHttpRequest(decodeResult: success, version: HTTP/1.1)
POST /session/db9cd93be947d3c64df21fca61912d30/element HTTP/1.1
User-Agent: selenium/4.8.1 (java windows)
Content-Length: 123
Content-Type: application/json; charset=utf-8
host: localhost:46131
accept: */*

Response DefaultHttpResponse(decodeResult: success, version: HTTP/1.1)
HTTP/1.1 200 OK
Content-Length: 88
Content-Type: application/json; charset=utf-8
cache-control: no-cache

01:33:07.357 [AsyncHttpClient-1-6] DEBUG org.asynchttpclient.netty.channel.ChannelManager - Adding key: http://localhost:46131 for channel [id: 0x60e3565a, L:/127.0.0.1:58424 - R:localhost/127.0.0.1:46131]
01:33:07.357 [Forwarding clickElement on session db9cd93be947d3c64df21fca61912d30 to remote] DEBUG org.asynchttpclient.netty.request.NettyRequestSender - Using pooled Channel '[id: 0x60e3565a, L:/127.0.0.1:58424 - R:localhost/127.0.0.1:46131]' for 'POST' to 'http://localhost:46131/session/db9cd93be947d3c64df21fca61912d30/element/79ade6b3-9d50-43b2-9090-9d1d05eb4245/click'
01:33:07.358 [Forwarding clickElement on session db9cd93be947d3c64df21fca61912d30 to remote] DEBUG org.asynchttpclient.netty.request.NettyRequestSender - Using open Channel [id: 0x60e3565a, L:/127.0.0.1:58424 - R:localhost/127.0.0.1:46131] for POST '/session/db9cd93be947d3c64df21fca61912d30/element/79ade6b3-9d50-43b2-9090-9d1d05eb4245/click'
01:33:07.447 [AsyncHttpClient-1-6] DEBUG org.asynchttpclient.netty.handler.HttpHandler - 

Request DefaultHttpRequest(decodeResult: success, version: HTTP/1.1)
POST /session/db9cd93be947d3c64df21fca61912d30/element/79ade6b3-9d50-43b2-9090-9d1d05eb4245/click HTTP/1.1
User-Agent: selenium/4.8.1 (java windows)
Content-Length: 50
Content-Type: application/json; charset=utf-8
host: localhost:46131
accept: */*

Response DefaultHttpResponse(decodeResult: success, version: HTTP/1.1)
HTTP/1.1 200 OK
Content-Length: 14
Content-Type: application/json; charset=utf-8
cache-control: no-cache

01:33:07.447 [AsyncHttpClient-1-6] DEBUG org.asynchttpclient.netty.channel.ChannelManager - Adding key: http://localhost:46131 for channel [id: 0x60e3565a, L:/127.0.0.1:58424 - R:localhost/127.0.0.1:46131]
01:33:07.452 [Forwarding getAlertText on session db9cd93be947d3c64df21fca61912d30 to remote] DEBUG org.asynchttpclient.netty.request.NettyRequestSender - Using pooled Channel '[id: 0x60e3565a, L:/127.0.0.1:58424 - R:localhost/127.0.0.1:46131]' for 'GET' to 'http://localhost:46131/session/db9cd93be947d3c64df21fca61912d30/alert/text'
01:33:07.453 [Forwarding getAlertText on session db9cd93be947d3c64df21fca61912d30 to remote] DEBUG org.asynchttpclient.netty.request.NettyRequestSender - Using open Channel [id: 0x60e3565a, L:/127.0.0.1:58424 - R:localhost/127.0.0.1:46131] for GET '/session/db9cd93be947d3c64df21fca61912d30/alert/text'
01:33:07.454 [AsyncHttpClient-1-6] DEBUG org.asynchttpclient.netty.handler.HttpHandler - 

Request DefaultFullHttpRequest(decodeResult: success, version: HTTP/1.1, content: EmptyByteBufBE)
GET /session/db9cd93be947d3c64df21fca61912d30/alert/text HTTP/1.1
User-Agent: selenium/4.8.1 (java windows)
Cache-Control: no-cache
Content-Type: application/json; charset=utf-8
host: localhost:46131
accept: */*

Response DefaultHttpResponse(decodeResult: success, version: HTTP/1.1)
HTTP/1.1 404 Not Found
Content-Length: 816
Content-Type: application/json; charset=utf-8
cache-control: no-cache

01:33:07.455 [AsyncHttpClient-1-6] DEBUG org.asynchttpclient.netty.channel.ChannelManager - Adding key: http://localhost:46131 for channel [id: 0x60e3565a, L:/127.0.0.1:58424 - R:localhost/127.0.0.1:46131]
01:33:07.455 [Forwarding getCurrentUrl on session db9cd93be947d3c64df21fca61912d30 to remote] DEBUG org.asynchttpclient.netty.request.NettyRequestSender - Using pooled Channel '[id: 0x60e3565a, L:/127.0.0.1:58424 - R:localhost/127.0.0.1:46131]' for 'GET' to 'http://localhost:46131/session/db9cd93be947d3c64df21fca61912d30/url'
01:33:07.455 [Forwarding getCurrentUrl on session db9cd93be947d3c64df21fca61912d30 to remote] DEBUG org.asynchttpclient.netty.request.NettyRequestSender - Using open Channel [id: 0x60e3565a, L:/127.0.0.1:58424 - R:localhost/127.0.0.1:46131] for GET '/session/db9cd93be947d3c64df21fca61912d30/url'
01:33:07.459 [AsyncHttpClient-1-6] DEBUG org.asynchttpclient.netty.handler.HttpHandler - 

Request DefaultFullHttpRequest(decodeResult: success, version: HTTP/1.1, content: EmptyByteBufBE)
GET /session/db9cd93be947d3c64df21fca61912d30/url HTTP/1.1
User-Agent: selenium/4.8.1 (java windows)
Cache-Control: no-cache
Content-Type: application/json; charset=utf-8
host: localhost:46131
accept: */*

Response DefaultHttpResponse(decodeResult: success, version: HTTP/1.1)
HTTP/1.1 200 OK
Content-Length: 41
Content-Type: application/json; charset=utf-8
cache-control: no-cache

01:33:07.459 [AsyncHttpClient-1-6] DEBUG org.asynchttpclient.netty.channel.ChannelManager - Adding key: http://localhost:46131 for channel [id: 0x60e3565a, L:/127.0.0.1:58424 - R:localhost/127.0.0.1:46131]
01:33:07.460 [Forwarding screenshot on session db9cd93be947d3c64df21fca61912d30 to remote] DEBUG org.asynchttpclient.netty.request.NettyRequestSender - Using pooled Channel '[id: 0x60e3565a, L:/127.0.0.1:58424 - R:localhost/127.0.0.1:46131]' for 'GET' to 'http://localhost:46131/session/db9cd93be947d3c64df21fca61912d30/screenshot'
01:33:07.460 [Forwarding screenshot on session db9cd93be947d3c64df21fca61912d30 to remote] DEBUG org.asynchttpclient.netty.request.NettyRequestSender - Using open Channel [id: 0x60e3565a, L:/127.0.0.1:58424 - R:localhost/127.0.0.1:46131] for GET '/session/db9cd93be947d3c64df21fca61912d30/screenshot'
01:33:07.612 [AsyncHttpClient-1-6] DEBUG org.asynchttpclient.netty.handler.HttpHandler - 

Request DefaultFullHttpRequest(decodeResult: success, version: HTTP/1.1, content: EmptyByteBufBE)
GET /session/db9cd93be947d3c64df21fca61912d30/screenshot HTTP/1.1
User-Agent: selenium/4.8.1 (java windows)
Cache-Control: no-cache
Content-Type: application/json; charset=utf-8
host: localhost:46131
accept: */*

Response DefaultHttpResponse(decodeResult: success, version: HTTP/1.1)
HTTP/1.1 200 OK
Content-Length: 83884
Content-Type: application/json; charset=utf-8
cache-control: no-cache

01:33:07.613 [AsyncHttpClient-1-6] DEBUG org.asynchttpclient.netty.channel.ChannelManager - Adding key: http://localhost:46131 for channel [id: 0x60e3565a, L:/127.0.0.1:58424 - R:localhost/127.0.0.1:46131]
01:33:07.617 [main] DEBUG net.serenitybdd.core.photography.Darkroom - Send negative for processing for target\site\serenity\5e525df94c3c65ad19e2e885cfd235b824d1968eeba153f0c5a6073e628f5595.png
01:33:07.618 [main] DEBUG net.thucydides.core.steps.StepInterceptor - STEP DONE: clickOtherBeliButton
  &amp#27;[32mAnd &amp#27;[0m&amp#27;[32mI click buy button from one of the other products&amp#27;[0m                 &amp#27;[90m# starter.stepdefinitions.LoginSteps.clickOtherBeliButton()&amp#27;[0m
01:33:07.618 [Darkroom Processing Line] DEBUG net.serenitybdd.core.photography.DarkroomProcessingLine - Processing screenshot image in /var/screenshots/screenshot-3650307956544860162
01:33:07.618 [Darkroom Processing Line] DEBUG net.serenitybdd.core.photography.DarkroomProcessingLine - Saving screenshot to target\site\serenity\5e525df94c3c65ad19e2e885cfd235b824d1968eeba153f0c5a6073e628f5595.png
01:33:07.626 [Forwarding getPageSource on session db9cd93be947d3c64df21fca61912d30 to remote] DEBUG org.asynchttpclient.netty.request.NettyRequestSender - Using pooled Channel '[id: 0x60e3565a, L:/127.0.0.1:58424 - R:localhost/127.0.0.1:46131]' for 'POST' to 'http://localhost:46131/session/db9cd93be947d3c64df21fca61912d30/execute/sync'
01:33:07.626 [Forwarding getPageSource on session db9cd93be947d3c64df21fca61912d30 to remote] DEBUG org.asynchttpclient.netty.request.NettyRequestSender - Using open Channel [id: 0x60e3565a, L:/127.0.0.1:58424 - R:localhost/127.0.0.1:46131] for POST '/session/db9cd93be947d3c64df21fca61912d30/execute/sync'
01:33:07.665 [AsyncHttpClient-1-6] DEBUG org.asynchttpclient.netty.handler.HttpHandler - 

Request DefaultHttpRequest(decodeResult: success, version: HTTP/1.1)
POST /session/db9cd93be947d3c64df21fca61912d30/execute/sync HTTP/1.1
User-Agent: selenium/4.8.1 (java windows)
Content-Length: 176
Content-Type: application/json; charset=utf-8
host: localhost:46131
accept: */*

Response DefaultHttpResponse(decodeResult: success, version: HTTP/1.1)
HTTP/1.1 200 OK
Content-Length: 518419
Content-Type: application/json; charset=utf-8
cache-control: no-cache

01:33:07.666 [AsyncHttpClient-1-6] DEBUG org.asynchttpclient.netty.channel.ChannelManager - Adding key: http://localhost:46131 for channel [id: 0x60e3565a, L:/127.0.0.1:58424 - R:localhost/127.0.0.1:46131]
01:33:07.715 [Forwarding getCurrentUrl on session db9cd93be947d3c64df21fca61912d30 to remote] DEBUG org.asynchttpclient.netty.request.NettyRequestSender - Using pooled Channel '[id: 0x60e3565a, L:/127.0.0.1:58424 - R:localhost/127.0.0.1:46131]' for 'GET' to 'http://localhost:46131/session/db9cd93be947d3c64df21fca61912d30/url'
01:33:07.715 [Forwarding getCurrentUrl on session db9cd93be947d3c64df21fca61912d30 to remote] DEBUG org.asynchttpclient.netty.request.NettyRequestSender - Using open Channel [id: 0x60e3565a, L:/127.0.0.1:58424 - R:localhost/127.0.0.1:46131] for GET '/session/db9cd93be947d3c64df21fca61912d30/url'
01:33:07.719 [AsyncHttpClient-1-6] DEBUG org.asynchttpclient.netty.handler.HttpHandler - 

Request DefaultFullHttpRequest(decodeResult: success, version: HTTP/1.1, content: EmptyByteBufBE)
GET /session/db9cd93be947d3c64df21fca61912d30/url HTTP/1.1
User-Agent: selenium/4.8.1 (java windows)
Cache-Control: no-cache
Content-Type: application/json; charset=utf-8
host: localhost:46131
accept: */*

Response DefaultHttpResponse(decodeResult: success, version: HTTP/1.1)
HTTP/1.1 200 OK
Content-Length: 41
Content-Type: application/json; charset=utf-8
cache-control: no-cache

01:33:07.719 [AsyncHttpClient-1-6] DEBUG org.asynchttpclient.netty.channel.ChannelManager - Adding key: http://localhost:46131 for channel [id: 0x60e3565a, L:/127.0.0.1:58424 - R:localhost/127.0.0.1:46131]
01:33:07.724 [Forwarding findElement on session db9cd93be947d3c64df21fca61912d30 to remote] DEBUG org.asynchttpclient.netty.request.NettyRequestSender - Using pooled Channel '[id: 0x60e3565a, L:/127.0.0.1:58424 - R:localhost/127.0.0.1:46131]' for 'POST' to 'http://localhost:46131/session/db9cd93be947d3c64df21fca61912d30/element'
01:33:07.724 [Forwarding findElement on session db9cd93be947d3c64df21fca61912d30 to remote] DEBUG org.asynchttpclient.netty.request.NettyRequestSender - Using open Channel [id: 0x60e3565a, L:/127.0.0.1:58424 - R:localhost/127.0.0.1:46131] for POST '/session/db9cd93be947d3c64df21fca61912d30/element'
01:33:07.738 [AsyncHttpClient-1-6] DEBUG org.asynchttpclient.netty.handler.HttpHandler - 

Request DefaultHttpRequest(decodeResult: success, version: HTTP/1.1)
POST /session/db9cd93be947d3c64df21fca61912d30/element HTTP/1.1
User-Agent: selenium/4.8.1 (java windows)
Content-Length: 75
Content-Type: application/json; charset=utf-8
host: localhost:46131
accept: */*

Response DefaultHttpResponse(decodeResult: success, version: HTTP/1.1)
HTTP/1.1 200 OK
Content-Length: 88
Content-Type: application/json; charset=utf-8
cache-control: no-cache

01:33:07.739 [AsyncHttpClient-1-6] DEBUG org.asynchttpclient.netty.channel.ChannelManager - Adding key: http://localhost:46131 for channel [id: 0x60e3565a, L:/127.0.0.1:58424 - R:localhost/127.0.0.1:46131]
01:33:07.741 [Forwarding isElementDisplayed on session db9cd93be947d3c64df21fca61912d30 to remote] DEBUG org.asynchttpclient.netty.request.NettyRequestSender - Using pooled Channel '[id: 0x60e3565a, L:/127.0.0.1:58424 - R:localhost/127.0.0.1:46131]' for 'POST' to 'http://localhost:46131/session/db9cd93be947d3c64df21fca61912d30/execute/sync'
01:33:07.741 [Forwarding isElementDisplayed on session db9cd93be947d3c64df21fca61912d30 to remote] DEBUG org.asynchttpclient.netty.request.NettyRequestSender - Using open Channel [id: 0x60e3565a, L:/127.0.0.1:58424 - R:localhost/127.0.0.1:46131] for POST '/session/db9cd93be947d3c64df21fca61912d30/execute/sync'
01:33:07.751 [AsyncHttpClient-1-6] DEBUG org.asynchttpclient.netty.handler.HttpHandler - 

Request DefaultHttpRequest(decodeResult: success, version: HTTP/1.1)
POST /session/db9cd93be947d3c64df21fca61912d30/execute/sync HTTP/1.1
User-Agent: selenium/4.8.1 (java windows)
Content-Length: 48807
Content-Type: application/json; charset=utf-8
host: localhost:46131
accept: */*

Response DefaultHttpResponse(decodeResult: success, version: HTTP/1.1)
HTTP/1.1 200 OK
Content-Length: 14
Content-Type: application/json; charset=utf-8
cache-control: no-cache

01:33:07.751 [AsyncHttpClient-1-6] DEBUG org.asynchttpclient.netty.channel.ChannelManager - Adding key: http://localhost:46131 for channel [id: 0x60e3565a, L:/127.0.0.1:58424 - R:localhost/127.0.0.1:46131]
  &amp#27;[32mThen &amp#27;[0m&amp#27;[32mI success to add purchase product in the cart&amp#27;[0m                    &amp#27;[90m# starter.stepdefinitions.LoginSteps.successAddPurchaseProduct()&amp#27;[0m
01:33:07.755 [Forwarding getAlertText on session db9cd93be947d3c64df21fca61912d30 to remote] DEBUG org.asynchttpclient.netty.request.NettyRequestSender - Using pooled Channel '[id: 0x60e3565a, L:/127.0.0.1:58424 - R:localhost/127.0.0.1:46131]' for 'GET' to 'http://localhost:46131/session/db9cd93be947d3c64df21fca61912d30/alert/text'
01:33:07.755 [Forwarding getAlertText on session db9cd93be947d3c64df21fca61912d30 to remote] DEBUG org.asynchttpclient.netty.request.NettyRequestSender - Using open Channel [id: 0x60e3565a, L:/127.0.0.1:58424 - R:localhost/127.0.0.1:46131] for GET '/session/db9cd93be947d3c64df21fca61912d30/alert/text'
01:33:07.757 [AsyncHttpClient-1-6] DEBUG org.asynchttpclient.netty.handler.HttpHandler - 

Request DefaultFullHttpRequest(decodeResult: success, version: HTTP/1.1, content: EmptyByteBufBE)
GET /session/db9cd93be947d3c64df21fca61912d30/alert/text HTTP/1.1
User-Agent: selenium/4.8.1 (java windows)
Cache-Control: no-cache
Content-Type: application/json; charset=utf-8
host: localhost:46131
accept: */*

Response DefaultHttpResponse(decodeResult: success, version: HTTP/1.1)
HTTP/1.1 404 Not Found
Content-Length: 816
Content-Type: application/json; charset=utf-8
cache-control: no-cache

01:33:07.757 [AsyncHttpClient-1-6] DEBUG org.asynchttpclient.netty.channel.ChannelManager - Adding key: http://localhost:46131 for channel [id: 0x60e3565a, L:/127.0.0.1:58424 - R:localhost/127.0.0.1:46131]
01:33:07.757 [Forwarding getCurrentUrl on session db9cd93be947d3c64df21fca61912d30 to remote] DEBUG org.asynchttpclient.netty.request.NettyRequestSender - Using pooled Channel '[id: 0x60e3565a, L:/127.0.0.1:58424 - R:localhost/127.0.0.1:46131]' for 'GET' to 'http://localhost:46131/session/db9cd93be947d3c64df21fca61912d30/url'
01:33:07.757 [Forwarding getCurrentUrl on session db9cd93be947d3c64df21fca61912d30 to remote] DEBUG org.asynchttpclient.netty.request.NettyRequestSender - Using open Channel [id: 0x60e3565a, L:/127.0.0.1:58424 - R:localhost/127.0.0.1:46131] for GET '/session/db9cd93be947d3c64df21fca61912d30/url'
01:33:07.761 [AsyncHttpClient-1-6] DEBUG org.asynchttpclient.netty.handler.HttpHandler - 

Request DefaultFullHttpRequest(decodeResult: success, version: HTTP/1.1, content: EmptyByteBufBE)
GET /session/db9cd93be947d3c64df21fca61912d30/url HTTP/1.1
User-Agent: selenium/4.8.1 (java windows)
Cache-Control: no-cache
Content-Type: application/json; charset=utf-8
host: localhost:46131
accept: */*

Response DefaultHttpResponse(decodeResult: success, version: HTTP/1.1)
HTTP/1.1 200 OK
Content-Length: 41
Content-Type: application/json; charset=utf-8
cache-control: no-cache

01:33:07.761 [AsyncHttpClient-1-6] DEBUG org.asynchttpclient.netty.channel.ChannelManager - Adding key: http://localhost:46131 for channel [id: 0x60e3565a, L:/127.0.0.1:58424 - R:localhost/127.0.0.1:46131]
01:33:07.761 [Forwarding screenshot on session db9cd93be947d3c64df21fca61912d30 to remote] DEBUG org.asynchttpclient.netty.request.NettyRequestSender - Using pooled Channel '[id: 0x60e3565a, L:/127.0.0.1:58424 - R:localhost/127.0.0.1:46131]' for 'GET' to 'http://localhost:46131/session/db9cd93be947d3c64df21fca61912d30/screenshot'
01:33:07.761 [Forwarding screenshot on session db9cd93be947d3c64df21fca61912d30 to remote] DEBUG org.asynchttpclient.netty.request.NettyRequestSender - Using open Channel [id: 0x60e3565a, L:/127.0.0.1:58424 - R:localhost/127.0.0.1:46131] for GET '/session/db9cd93be947d3c64df21fca61912d30/screenshot'
01:33:07.897 [AsyncHttpClient-1-6] DEBUG org.asynchttpclient.netty.handler.HttpHandler - 

Request DefaultFullHttpRequest(decodeResult: success, version: HTTP/1.1, content: EmptyByteBufBE)
GET /session/db9cd93be947d3c64df21fca61912d30/screenshot HTTP/1.1
User-Agent: selenium/4.8.1 (java windows)
Cache-Control: no-cache
Content-Type: application/json; charset=utf-8
host: localhost:46131
accept: */*

Response DefaultHttpResponse(decodeResult: success, version: HTTP/1.1)
HTTP/1.1 200 OK
Content-Length: 83404
Content-Type: application/json; charset=utf-8
cache-control: no-cache

01:33:07.897 [AsyncHttpClient-1-6] DEBUG org.asynchttpclient.netty.channel.ChannelManager - Adding key: http://localhost:46131 for channel [id: 0x60e3565a, L:/127.0.0.1:58424 - R:localhost/127.0.0.1:46131]
01:33:07.902 [main] DEBUG net.serenitybdd.core.photography.Darkroom - Send negative for processing for target\site\serenity\aa7c0de5bf3c5c23803b21f6e35e5c9f4c5c9ceb1daf7c3b742e6300b8c60272.png
01:33:07.902 [Darkroom Processing Line] DEBUG net.serenitybdd.core.photography.DarkroomProcessingLine - Processing screenshot image in /var/screenshots/screenshot-3494531533848318700
01:33:07.902 [Darkroom Processing Line] DEBUG net.serenitybdd.core.photography.DarkroomProcessingLine - Saving screenshot to target\site\serenity\aa7c0de5bf3c5c23803b21f6e35e5c9f4c5c9ceb1daf7c3b742e6300b8c60272.png
01:33:07.903 [main] INFO  - 
  _____   ___   ___   _____     ___     _     ___   ___   ___   ___  
 |_   _| | __| / __| |_   _|   | _ \   /_\   / __| / __| | __| |   \ 
   | |   | _|  \__ \   | |     |  _/  / _ \  \__ \ \__ \ | _|  | |) |
   |_|   |___| |___/   |_|     |_|   /_/ \_\ |___/ |___/ |___| |___/ 

As user i have be able to success adding two purchase product
----------------------------------------------------------------------
01:33:07.911 [Driver Command Executor] DEBUG org.asynchttpclient.netty.request.NettyRequestSender - Using pooled Channel '[id: 0x60e3565a, L:/127.0.0.1:58424 - R:localhost/127.0.0.1:46131]' for 'DELETE' to 'http://localhost:46131/session/db9cd93be947d3c64df21fca61912d30'
01:33:07.911 [Driver Command Executor] DEBUG org.asynchttpclient.netty.request.NettyRequestSender - Using open Channel [id: 0x60e3565a, L:/127.0.0.1:58424 - R:localhost/127.0.0.1:46131] for DELETE '/session/db9cd93be947d3c64df21fca61912d30'
01:33:07.911 [AsyncHttpClient-1-8] DEBUG org.asynchttpclient.netty.handler.WebSocketHandler - Channel Closed: [id: 0xdece8892, L:/127.0.0.1:58432 ! R:localhost/127.0.0.1:58425] with attribute NettyResponseFuture{currentRetry=0,
	isDone=1,
	isCancelled=0,
	asyncHandler=org.asynchttpclient.ws.WebSocketUpgradeHandler@7cc873cc,
	nettyRequest=org.asynchttpclient.netty.request.NettyRequest@44ef6aab,
	future=java.util.concurrent.CompletableFuture@4ad6ae31[Completed normally],
	uri=ws://localhost:58425/devtools/browser/454fa0e5-bc24-4c5a-a62f-364c6d1b462b,
	keepAlive=true,
	redirectCount=0,
	timeoutsHolder=null,
	inAuth=0,
	touch=1683484382460}
01:33:07.912 [AsyncHttpClient-1-8] DEBUG org.asynchttpclient.netty.channel.ChannelManager - Closing Channel [id: 0xdece8892, L:/127.0.0.1:58432 ! R:localhost/127.0.0.1:58425] 
01:33:07.956 [AsyncHttpClient-1-7] DEBUG org.asynchttpclient.netty.handler.HttpHandler - Unexpected I/O exception on channel [id: 0x72db4dfb, L:/127.0.0.1:58431 - R:localhost/127.0.0.1:58425]
java.io.IOException: An existing connection was forcibly closed by the remote host
	at sun.nio.ch.SocketDispatcher.read0(Native Method)
	at sun.nio.ch.SocketDispatcher.read(Unknown Source)
	at sun.nio.ch.IOUtil.readIntoNativeBuffer(Unknown Source)
	at sun.nio.ch.IOUtil.read(Unknown Source)
	at sun.nio.ch.SocketChannelImpl.read(Unknown Source)
	at io.netty.buffer.PooledByteBuf.setBytes(PooledByteBuf.java:259)
	at io.netty.buffer.AbstractByteBuf.writeBytes(AbstractByteBuf.java:1132)
	at io.netty.channel.socket.nio.NioSocketChannel.doReadBytes(NioSocketChannel.java:357)
	at io.netty.channel.nio.AbstractNioByteChannel$NioByteUnsafe.read(AbstractNioByteChannel.java:151)
	at io.netty.channel.nio.NioEventLoop.processSelectedKey(NioEventLoop.java:788)
	at io.netty.channel.nio.NioEventLoop.processSelectedKeysOptimized(NioEventLoop.java:724)
	at io.netty.channel.nio.NioEventLoop.processSelectedKeys(NioEventLoop.java:650)
	at io.netty.channel.nio.NioEventLoop.run(NioEventLoop.java:562)
	at io.netty.util.concurrent.SingleThreadEventExecutor$4.run(SingleThreadEventExecutor.java:997)
	at io.netty.util.internal.ThreadExecutorMap$2.run(ThreadExecutorMap.java:74)
	at io.netty.util.concurrent.FastThreadLocalRunnable.run(FastThreadLocalRunnable.java:30)
	at java.lang.Thread.run(Unknown Source)
01:33:07.956 [AsyncHttpClient-1-7] DEBUG org.asynchttpclient.netty.channel.ChannelManager - Closing Channel [id: 0x72db4dfb, L:/127.0.0.1:58431 - R:localhost/127.0.0.1:58425] 
01:33:07.956 [AsyncHttpClient-1-7] DEBUG org.asynchttpclient.netty.handler.HttpHandler - Channel Closed: [id: 0x72db4dfb, L:/127.0.0.1:58431 ! R:localhost/127.0.0.1:58425] with attribute DISCARD
01:33:07.975 [AsyncHttpClient-1-6] DEBUG org.asynchttpclient.netty.handler.HttpHandler - 

Request DefaultFullHttpRequest(decodeResult: success, version: HTTP/1.1, content: EmptyByteBufBE)
DELETE /session/db9cd93be947d3c64df21fca61912d30 HTTP/1.1
User-Agent: selenium/4.8.1 (java windows)
Content-Type: application/json; charset=utf-8
host: localhost:46131
accept: */*

Response DefaultHttpResponse(decodeResult: success, version: HTTP/1.1)
HTTP/1.1 200 OK
Content-Length: 14
Content-Type: application/json; charset=utf-8
cache-control: no-cache

01:33:07.975 [AsyncHttpClient-1-6] DEBUG org.asynchttpclient.netty.channel.ChannelManager - Adding key: http://localhost:46131 for channel [id: 0x60e3565a, L:/127.0.0.1:58424 - R:localhost/127.0.0.1:46131]
01:33:08.052 [AsyncHttpClient-1-6] DEBUG org.asynchttpclient.netty.handler.HttpHandler - Channel Closed: [id: 0x60e3565a, L:/127.0.0.1:58424 ! R:localhost/127.0.0.1:46131] with attribute DISCARD
01:33:08.290 [AsyncHttpClient-1-1] DEBUG org.asynchttpclient.netty.channel.DefaultChannelPool - Entry count for : http://localhost:58425 : 1
01:33:08.290 [AsyncHttpClient-1-1] DEBUG org.asynchttpclient.netty.channel.DefaultChannelPool - Entry count for : http://localhost:46131 : 1
01:33:08.290 [AsyncHttpClient-1-1] DEBUG org.asynchttpclient.netty.channel.DefaultChannelPool - Adding Candidate expired Channel [id: 0x72db4dfb, L:/127.0.0.1:58431 ! R:localhost/127.0.0.1:58425] isIdleTimeoutExpired=false isRemotelyClosed=true isTtlExpired=false
01:33:08.290 [AsyncHttpClient-1-1] DEBUG org.asynchttpclient.netty.channel.DefaultChannelPool - Closing Idle Channel [id: 0x72db4dfb, L:/127.0.0.1:58431 ! R:localhost/127.0.0.1:58425]
01:33:08.290 [AsyncHttpClient-1-1] DEBUG org.asynchttpclient.netty.channel.DefaultChannelPool - Adding Candidate expired Channel [id: 0x60e3565a, L:/127.0.0.1:58424 ! R:localhost/127.0.0.1:46131] isIdleTimeoutExpired=false isRemotelyClosed=true isTtlExpired=false
01:33:08.290 [AsyncHttpClient-1-1] DEBUG org.asynchttpclient.netty.channel.DefaultChannelPool - Closing Idle Channel [id: 0x60e3565a, L:/127.0.0.1:58424 ! R:localhost/127.0.0.1:46131]
01:33:08.290 [AsyncHttpClient-1-1] DEBUG org.asynchttpclient.netty.channel.DefaultChannelPool - Closed 2 connections out of 2 in 0 ms
]]></system-out>
    <system-err><![CDATA[Starting ChromeDriver 111.0.5563.64 (c710e93d5b63b7095afe8c2c17df34408078439d-refs/branch-heads/5563@{#995}) on port 46131
Only local connections are allowed.
Please see https://chromedriver.chromium.org/security-considerations for suggestions on keeping ChromeDriver safe.
ChromeDriver was started successfully.
[1683484382.421][WARNING]: This version of ChromeDriver has not been tested with Chrome version 112.
Mei 08, 2023 1:33:02 AM org.openqa.selenium.devtools.CdpVersionFinder findNearestMatch
WARNING: Unable to find an exact match for CDP version 112, so returning the closest version found: 110
]]></system-err>
  </testcase>
  <testcase name="As user i have be able to success register" classname="Register" time="5.337">
    <system-out><![CDATA[01:33:08.575 [main] DEBUG io.cucumber.core.plugin.SerenityReporter - Running feature from file:///D:/TUGAS%20SEMESTER%206/Mini%20Project/WebTest-MiniProject/src/test/resources/features/Register.feature
01:33:08.578 [main] DEBUG net.thucydides.core.steps.StepEventBus - Test suite started for story net.thucydides.core.model.Story@30e75088
01:33:08.579 [main] INFO  - Test Suite Started: Register

Scenario: As user i have be able to success register         &amp#27;[90m# src/test/resources/features/Register.feature:3&amp#27;[0m
01:33:08.583 [main] DEBUG io.cucumber.core.plugin.SerenityReporter - Running feature from file:///D:/TUGAS%20SEMESTER%206/Mini%20Project/WebTest-MiniProject/src/test/resources/features/Register.feature
01:33:08.585 [main] INFO  - 
  _____   ___   ___   _____     ___   _____     _     ___   _____   ___   ___  
 |_   _| | __| / __| |_   _|   / __| |_   _|   /_\   | _ \ |_   _| | __| |   \ 
   | |   | _|  \__ \   | |     \__ \   | |    / _ \  |   /   | |   | _|  | |) |
   |_|   |___| |___/   |_|     |___/   |_|   /_/ \_\ |_|_\   |_|   |___| |___/ 

As user i have be able to success register(register;as-user-i-have-be-able-to-success-register)
--------------------------------------------------------------------------------
01:33:08.672 [main] INFO net.serenitybdd.core.webdriver.driverproviders.ChromeDriverProvider - Starting Chrome driver instance with capabilities:
01:33:08.672 [main] INFO net.serenitybdd.core.webdriver.driverproviders.ChromeDriverProvider - Capabilities {acceptInsecureCerts: false, browserName: chrome, goog:chromeOptions: {args: [remote-allow-origins=*], extensions: []}}
01:33:09.261 [AsyncHttpClient-1-9] DEBUG org.asynchttpclient.netty.channel.NettyConnectListener - Using new Channel '[id: 0x5300c6e4, L:/127.0.0.1:58446 - R:localhost/127.0.0.1:30352]' for 'POST' to '/session'
01:33:09.889 [AsyncHttpClient-1-9] DEBUG org.asynchttpclient.netty.handler.HttpHandler - 

Request DefaultHttpRequest(decodeResult: success, version: HTTP/1.1)
POST /session HTTP/1.1
User-Agent: selenium/4.8.1 (java windows)
Content-Length: 507
Content-Type: application/json; charset=utf-8
host: localhost:30352
accept: */*

Response DefaultHttpResponse(decodeResult: success, version: HTTP/1.1)
HTTP/1.1 200 OK
Content-Length: 859
Content-Type: application/json; charset=utf-8
cache-control: no-cache

01:33:09.890 [AsyncHttpClient-1-9] DEBUG org.asynchttpclient.netty.channel.ChannelManager - Adding key: http://localhost:30352 for channel [id: 0x5300c6e4, L:/127.0.0.1:58446 - R:localhost/127.0.0.1:30352]
01:33:09.897 [AsyncHttpClient-1-10] DEBUG org.asynchttpclient.netty.channel.NettyConnectListener - Using new Channel '[id: 0x06b9553c, L:/127.0.0.1:58453 - R:localhost/127.0.0.1:58447]' for 'GET' to '/json/version'
01:33:09.898 [AsyncHttpClient-1-10] DEBUG org.asynchttpclient.netty.handler.HttpHandler - 

Request DefaultFullHttpRequest(decodeResult: success, version: HTTP/1.1, content: EmptyByteBufBE)
GET /json/version HTTP/1.1
User-Agent: selenium/4.8.1 (java windows)
host: localhost:58447
accept: */*

Response DefaultHttpResponse(decodeResult: success, version: HTTP/1.1)
HTTP/1.1 200 OK
Content-Security-Policy: frame-ancestors 'none'
Content-Length: 424
Content-Type: application/json; charset=UTF-8

01:33:09.898 [AsyncHttpClient-1-10] DEBUG org.asynchttpclient.netty.channel.ChannelManager - Adding key: http://localhost:58447 for channel [id: 0x06b9553c, L:/127.0.0.1:58453 - R:localhost/127.0.0.1:58447]
01:33:09.901 [AsyncHttpClient-1-11] DEBUG org.asynchttpclient.netty.channel.NettyConnectListener - Using new Channel '[id: 0x8ee93f0e, L:/127.0.0.1:58454 - R:localhost/127.0.0.1:58447]' for 'GET' to '/devtools/browser/ec749f4f-585f-45db-832b-37b5afe40c92'
01:33:09.902 [AsyncHttpClient-1-11] DEBUG org.asynchttpclient.netty.handler.WebSocketHandler - 

Request DefaultFullHttpRequest(decodeResult: success, version: HTTP/1.1, content: EmptyByteBufBE)
GET /devtools/browser/ec749f4f-585f-45db-832b-37b5afe40c92 HTTP/1.1
upgrade: websocket
connection: upgrade
sec-websocket-key: 8pgVYdGg+1E6MJC/BR73fA==
sec-websocket-version: 13
origin: http://localhost:58447
host: localhost:58447
accept: */*
user-agent: AHC/2.1

Response DefaultHttpResponse(decodeResult: success, version: HTTP/1.1)
HTTP/1.1 101 WebSocket Protocol Handshake
Upgrade: WebSocket
Connection: Upgrade
Sec-WebSocket-Accept: pkRlXHGZh+jCuOA1jC8/hvxtFa0=

01:33:09.905 [Forwarding get on session 0b16907db1ef7ee93ab59e3cad5ff08d to remote] DEBUG org.asynchttpclient.netty.request.NettyRequestSender - Using pooled Channel '[id: 0x5300c6e4, L:/127.0.0.1:58446 - R:localhost/127.0.0.1:30352]' for 'POST' to 'http://localhost:30352/session/0b16907db1ef7ee93ab59e3cad5ff08d/url'
01:33:09.905 [Forwarding get on session 0b16907db1ef7ee93ab59e3cad5ff08d to remote] DEBUG org.asynchttpclient.netty.request.NettyRequestSender - Using open Channel [id: 0x5300c6e4, L:/127.0.0.1:58446 - R:localhost/127.0.0.1:30352] for POST '/session/0b16907db1ef7ee93ab59e3cad5ff08d/url'
01:33:10.493 [AsyncHttpClient-1-1] DEBUG org.asynchttpclient.netty.channel.DefaultChannelPool - Entry count for : http://localhost:58447 : 1
01:33:10.545 [AsyncHttpClient-1-9] DEBUG org.asynchttpclient.netty.handler.HttpHandler - 

Request DefaultHttpRequest(decodeResult: success, version: HTTP/1.1)
POST /session/0b16907db1ef7ee93ab59e3cad5ff08d/url HTTP/1.1
User-Agent: selenium/4.8.1 (java windows)
Content-Length: 74
Content-Type: application/json; charset=utf-8
host: localhost:30352
accept: */*

Response DefaultHttpResponse(decodeResult: success, version: HTTP/1.1)
HTTP/1.1 200 OK
Content-Length: 14
Content-Type: application/json; charset=utf-8
cache-control: no-cache

01:33:10.546 [AsyncHttpClient-1-9] DEBUG org.asynchttpclient.netty.channel.ChannelManager - Adding key: http://localhost:30352 for channel [id: 0x5300c6e4, L:/127.0.0.1:58446 - R:localhost/127.0.0.1:30352]
01:33:10.547 [Forwarding setTimeout on session 0b16907db1ef7ee93ab59e3cad5ff08d to remote] DEBUG org.asynchttpclient.netty.request.NettyRequestSender - Using pooled Channel '[id: 0x5300c6e4, L:/127.0.0.1:58446 - R:localhost/127.0.0.1:30352]' for 'POST' to 'http://localhost:30352/session/0b16907db1ef7ee93ab59e3cad5ff08d/timeouts'
01:33:10.547 [Forwarding setTimeout on session 0b16907db1ef7ee93ab59e3cad5ff08d to remote] DEBUG org.asynchttpclient.netty.request.NettyRequestSender - Using open Channel [id: 0x5300c6e4, L:/127.0.0.1:58446 - R:localhost/127.0.0.1:30352] for POST '/session/0b16907db1ef7ee93ab59e3cad5ff08d/timeouts'
01:33:10.548 [AsyncHttpClient-1-9] DEBUG org.asynchttpclient.netty.handler.HttpHandler - 

Request DefaultHttpRequest(decodeResult: success, version: HTTP/1.1)
POST /session/0b16907db1ef7ee93ab59e3cad5ff08d/timeouts HTTP/1.1
User-Agent: selenium/4.8.1 (java windows)
Content-Length: 22
Content-Type: application/json; charset=utf-8
host: localhost:30352
accept: */*

Response DefaultHttpResponse(decodeResult: success, version: HTTP/1.1)
HTTP/1.1 200 OK
Content-Length: 14
Content-Type: application/json; charset=utf-8
cache-control: no-cache

01:33:10.548 [AsyncHttpClient-1-9] DEBUG org.asynchttpclient.netty.channel.ChannelManager - Adding key: http://localhost:30352 for channel [id: 0x5300c6e4, L:/127.0.0.1:58446 - R:localhost/127.0.0.1:30352]
01:33:10.554 [main] DEBUG net.serenitybdd.core.photography.Darkroom - Opening darkroom
01:33:10.555 [Darkroom Processing Line] DEBUG net.serenitybdd.core.photography.DarkroomProcessingLine - Darkroom processing line starting up
01:33:10.556 [Forwarding getAlertText on session 0b16907db1ef7ee93ab59e3cad5ff08d to remote] DEBUG org.asynchttpclient.netty.request.NettyRequestSender - Using pooled Channel '[id: 0x5300c6e4, L:/127.0.0.1:58446 - R:localhost/127.0.0.1:30352]' for 'GET' to 'http://localhost:30352/session/0b16907db1ef7ee93ab59e3cad5ff08d/alert/text'
01:33:10.556 [Forwarding getAlertText on session 0b16907db1ef7ee93ab59e3cad5ff08d to remote] DEBUG org.asynchttpclient.netty.request.NettyRequestSender - Using open Channel [id: 0x5300c6e4, L:/127.0.0.1:58446 - R:localhost/127.0.0.1:30352] for GET '/session/0b16907db1ef7ee93ab59e3cad5ff08d/alert/text'
01:33:10.557 [AsyncHttpClient-1-9] DEBUG org.asynchttpclient.netty.handler.HttpHandler - 

Request DefaultFullHttpRequest(decodeResult: success, version: HTTP/1.1, content: EmptyByteBufBE)
GET /session/0b16907db1ef7ee93ab59e3cad5ff08d/alert/text HTTP/1.1
User-Agent: selenium/4.8.1 (java windows)
Cache-Control: no-cache
Content-Type: application/json; charset=utf-8
host: localhost:30352
accept: */*

Response DefaultHttpResponse(decodeResult: success, version: HTTP/1.1)
HTTP/1.1 404 Not Found
Content-Length: 816
Content-Type: application/json; charset=utf-8
cache-control: no-cache

01:33:10.558 [AsyncHttpClient-1-9] DEBUG org.asynchttpclient.netty.channel.ChannelManager - Adding key: http://localhost:30352 for channel [id: 0x5300c6e4, L:/127.0.0.1:58446 - R:localhost/127.0.0.1:30352]
01:33:10.558 [Forwarding getCurrentUrl on session 0b16907db1ef7ee93ab59e3cad5ff08d to remote] DEBUG org.asynchttpclient.netty.request.NettyRequestSender - Using pooled Channel '[id: 0x5300c6e4, L:/127.0.0.1:58446 - R:localhost/127.0.0.1:30352]' for 'GET' to 'http://localhost:30352/session/0b16907db1ef7ee93ab59e3cad5ff08d/url'
01:33:10.558 [Forwarding getCurrentUrl on session 0b16907db1ef7ee93ab59e3cad5ff08d to remote] DEBUG org.asynchttpclient.netty.request.NettyRequestSender - Using open Channel [id: 0x5300c6e4, L:/127.0.0.1:58446 - R:localhost/127.0.0.1:30352] for GET '/session/0b16907db1ef7ee93ab59e3cad5ff08d/url'
01:33:10.564 [AsyncHttpClient-1-9] DEBUG org.asynchttpclient.netty.handler.HttpHandler - 

Request DefaultFullHttpRequest(decodeResult: success, version: HTTP/1.1, content: EmptyByteBufBE)
GET /session/0b16907db1ef7ee93ab59e3cad5ff08d/url HTTP/1.1
User-Agent: selenium/4.8.1 (java windows)
Cache-Control: no-cache
Content-Type: application/json; charset=utf-8
host: localhost:30352
accept: */*

Response DefaultHttpResponse(decodeResult: success, version: HTTP/1.1)
HTTP/1.1 200 OK
Content-Length: 51
Content-Type: application/json; charset=utf-8
cache-control: no-cache

01:33:10.564 [AsyncHttpClient-1-9] DEBUG org.asynchttpclient.netty.channel.ChannelManager - Adding key: http://localhost:30352 for channel [id: 0x5300c6e4, L:/127.0.0.1:58446 - R:localhost/127.0.0.1:30352]
01:33:10.564 [Forwarding screenshot on session 0b16907db1ef7ee93ab59e3cad5ff08d to remote] DEBUG org.asynchttpclient.netty.request.NettyRequestSender - Using pooled Channel '[id: 0x5300c6e4, L:/127.0.0.1:58446 - R:localhost/127.0.0.1:30352]' for 'GET' to 'http://localhost:30352/session/0b16907db1ef7ee93ab59e3cad5ff08d/screenshot'
01:33:10.564 [Forwarding screenshot on session 0b16907db1ef7ee93ab59e3cad5ff08d to remote] DEBUG org.asynchttpclient.netty.request.NettyRequestSender - Using open Channel [id: 0x5300c6e4, L:/127.0.0.1:58446 - R:localhost/127.0.0.1:30352] for GET '/session/0b16907db1ef7ee93ab59e3cad5ff08d/screenshot'
01:33:10.875 [AsyncHttpClient-1-9] DEBUG org.asynchttpclient.netty.handler.HttpHandler - 

Request DefaultFullHttpRequest(decodeResult: success, version: HTTP/1.1, content: EmptyByteBufBE)
GET /session/0b16907db1ef7ee93ab59e3cad5ff08d/screenshot HTTP/1.1
User-Agent: selenium/4.8.1 (java windows)
Cache-Control: no-cache
Content-Type: application/json; charset=utf-8
host: localhost:30352
accept: */*

Response DefaultHttpResponse(decodeResult: success, version: HTTP/1.1)
HTTP/1.1 200 OK
Content-Length: 37680
Content-Type: application/json; charset=utf-8
cache-control: no-cache

01:33:10.875 [AsyncHttpClient-1-9] DEBUG org.asynchttpclient.netty.channel.ChannelManager - Adding key: http://localhost:30352 for channel [id: 0x5300c6e4, L:/127.0.0.1:58446 - R:localhost/127.0.0.1:30352]
01:33:10.877 [main] DEBUG net.serenitybdd.core.photography.Darkroom - Send negative for processing for target\site\serenity\617ccc73021c4cab9dfa54c5aa3482f15135817f8e58f0514fd8d62047c1a9ab.png
01:33:10.878 [Forwarding getPageSource on session 0b16907db1ef7ee93ab59e3cad5ff08d to remote] DEBUG org.asynchttpclient.netty.request.NettyRequestSender - Using pooled Channel '[id: 0x5300c6e4, L:/127.0.0.1:58446 - R:localhost/127.0.0.1:30352]' for 'POST' to 'http://localhost:30352/session/0b16907db1ef7ee93ab59e3cad5ff08d/execute/sync'
01:33:10.878 [Forwarding getPageSource on session 0b16907db1ef7ee93ab59e3cad5ff08d to remote] DEBUG org.asynchttpclient.netty.request.NettyRequestSender - Using open Channel [id: 0x5300c6e4, L:/127.0.0.1:58446 - R:localhost/127.0.0.1:30352] for POST '/session/0b16907db1ef7ee93ab59e3cad5ff08d/execute/sync'
01:33:10.884 [AsyncHttpClient-1-9] DEBUG org.asynchttpclient.netty.handler.HttpHandler - 

Request DefaultHttpRequest(decodeResult: success, version: HTTP/1.1)
POST /session/0b16907db1ef7ee93ab59e3cad5ff08d/execute/sync HTTP/1.1
User-Agent: selenium/4.8.1 (java windows)
Content-Length: 176
Content-Type: application/json; charset=utf-8
host: localhost:30352
accept: */*

Response DefaultHttpResponse(decodeResult: success, version: HTTP/1.1)
HTTP/1.1 200 OK
Content-Length: 21659
Content-Type: application/json; charset=utf-8
cache-control: no-cache

01:33:10.884 [AsyncHttpClient-1-9] DEBUG org.asynchttpclient.netty.channel.ChannelManager - Adding key: http://localhost:30352 for channel [id: 0x5300c6e4, L:/127.0.0.1:58446 - R:localhost/127.0.0.1:30352]
01:33:10.887 [Forwarding getCurrentUrl on session 0b16907db1ef7ee93ab59e3cad5ff08d to remote] DEBUG org.asynchttpclient.netty.request.NettyRequestSender - Using pooled Channel '[id: 0x5300c6e4, L:/127.0.0.1:58446 - R:localhost/127.0.0.1:30352]' for 'GET' to 'http://localhost:30352/session/0b16907db1ef7ee93ab59e3cad5ff08d/url'
01:33:10.887 [Forwarding getCurrentUrl on session 0b16907db1ef7ee93ab59e3cad5ff08d to remote] DEBUG org.asynchttpclient.netty.request.NettyRequestSender - Using open Channel [id: 0x5300c6e4, L:/127.0.0.1:58446 - R:localhost/127.0.0.1:30352] for GET '/session/0b16907db1ef7ee93ab59e3cad5ff08d/url'
01:33:10.890 [AsyncHttpClient-1-9] DEBUG org.asynchttpclient.netty.handler.HttpHandler - 

Request DefaultFullHttpRequest(decodeResult: success, version: HTTP/1.1, content: EmptyByteBufBE)
GET /session/0b16907db1ef7ee93ab59e3cad5ff08d/url HTTP/1.1
User-Agent: selenium/4.8.1 (java windows)
Cache-Control: no-cache
Content-Type: application/json; charset=utf-8
host: localhost:30352
accept: */*

Response DefaultHttpResponse(decodeResult: success, version: HTTP/1.1)
HTTP/1.1 200 OK
Content-Length: 51
Content-Type: application/json; charset=utf-8
cache-control: no-cache

01:33:10.890 [AsyncHttpClient-1-9] DEBUG org.asynchttpclient.netty.channel.ChannelManager - Adding key: http://localhost:30352 for channel [id: 0x5300c6e4, L:/127.0.0.1:58446 - R:localhost/127.0.0.1:30352]
01:33:10.892 [main] DEBUG net.thucydides.core.steps.StepInterceptor - STARTING STEP: LoginSteps.onTheLoginPage - validateOnTheLoginPage
01:33:10.894 [Forwarding findElement on session 0b16907db1ef7ee93ab59e3cad5ff08d to remote] DEBUG org.asynchttpclient.netty.request.NettyRequestSender - Using pooled Channel '[id: 0x5300c6e4, L:/127.0.0.1:58446 - R:localhost/127.0.0.1:30352]' for 'POST' to 'http://localhost:30352/session/0b16907db1ef7ee93ab59e3cad5ff08d/element'
01:33:10.894 [Forwarding findElement on session 0b16907db1ef7ee93ab59e3cad5ff08d to remote] DEBUG org.asynchttpclient.netty.request.NettyRequestSender - Using open Channel [id: 0x5300c6e4, L:/127.0.0.1:58446 - R:localhost/127.0.0.1:30352] for POST '/session/0b16907db1ef7ee93ab59e3cad5ff08d/element'
01:33:10.907 [AsyncHttpClient-1-9] DEBUG org.asynchttpclient.netty.handler.HttpHandler - 

Request DefaultHttpRequest(decodeResult: success, version: HTTP/1.1)
POST /session/0b16907db1ef7ee93ab59e3cad5ff08d/element HTTP/1.1
User-Agent: selenium/4.8.1 (java windows)
Content-Length: 165
Content-Type: application/json; charset=utf-8
host: localhost:30352
accept: */*

Response DefaultHttpResponse(decodeResult: success, version: HTTP/1.1)
HTTP/1.1 200 OK
Content-Length: 88
Content-Type: application/json; charset=utf-8
cache-control: no-cache

01:33:10.907 [AsyncHttpClient-1-9] DEBUG org.asynchttpclient.netty.channel.ChannelManager - Adding key: http://localhost:30352 for channel [id: 0x5300c6e4, L:/127.0.0.1:58446 - R:localhost/127.0.0.1:30352]
01:33:10.909 [Forwarding isElementDisplayed on session 0b16907db1ef7ee93ab59e3cad5ff08d to remote] DEBUG org.asynchttpclient.netty.request.NettyRequestSender - Using pooled Channel '[id: 0x5300c6e4, L:/127.0.0.1:58446 - R:localhost/127.0.0.1:30352]' for 'POST' to 'http://localhost:30352/session/0b16907db1ef7ee93ab59e3cad5ff08d/execute/sync'
01:33:10.909 [Forwarding isElementDisplayed on session 0b16907db1ef7ee93ab59e3cad5ff08d to remote] DEBUG org.asynchttpclient.netty.request.NettyRequestSender - Using open Channel [id: 0x5300c6e4, L:/127.0.0.1:58446 - R:localhost/127.0.0.1:30352] for POST '/session/0b16907db1ef7ee93ab59e3cad5ff08d/execute/sync'
01:33:10.921 [AsyncHttpClient-1-9] DEBUG org.asynchttpclient.netty.handler.HttpHandler - 

Request DefaultHttpRequest(decodeResult: success, version: HTTP/1.1)
POST /session/0b16907db1ef7ee93ab59e3cad5ff08d/execute/sync HTTP/1.1
User-Agent: selenium/4.8.1 (java windows)
Content-Length: 48807
Content-Type: application/json; charset=utf-8
host: localhost:30352
accept: */*

Response DefaultHttpResponse(decodeResult: success, version: HTTP/1.1)
HTTP/1.1 200 OK
Content-Length: 14
Content-Type: application/json; charset=utf-8
cache-control: no-cache

01:33:10.921 [AsyncHttpClient-1-9] DEBUG org.asynchttpclient.netty.channel.ChannelManager - Adding key: http://localhost:30352 for channel [id: 0x5300c6e4, L:/127.0.0.1:58446 - R:localhost/127.0.0.1:30352]
01:33:10.926 [main] DEBUG net.thucydides.core.steps.StepInterceptor - STEP DONE: validateOnTheLoginPage
  &amp#27;[32mGiven &amp#27;[0m&amp#27;[32mI am on the login page&amp#27;[0m                               &amp#27;[90m# starter.stepdefinitions.LoginSteps.onTheLoginPage()&amp#27;[0m
01:33:10.930 [Forwarding getAlertText on session 0b16907db1ef7ee93ab59e3cad5ff08d to remote] DEBUG org.asynchttpclient.netty.request.NettyRequestSender - Using pooled Channel '[id: 0x5300c6e4, L:/127.0.0.1:58446 - R:localhost/127.0.0.1:30352]' for 'GET' to 'http://localhost:30352/session/0b16907db1ef7ee93ab59e3cad5ff08d/alert/text'
01:33:10.930 [Forwarding getAlertText on session 0b16907db1ef7ee93ab59e3cad5ff08d to remote] DEBUG org.asynchttpclient.netty.request.NettyRequestSender - Using open Channel [id: 0x5300c6e4, L:/127.0.0.1:58446 - R:localhost/127.0.0.1:30352] for GET '/session/0b16907db1ef7ee93ab59e3cad5ff08d/alert/text'
01:33:10.932 [AsyncHttpClient-1-9] DEBUG org.asynchttpclient.netty.handler.HttpHandler - 

Request DefaultFullHttpRequest(decodeResult: success, version: HTTP/1.1, content: EmptyByteBufBE)
GET /session/0b16907db1ef7ee93ab59e3cad5ff08d/alert/text HTTP/1.1
User-Agent: selenium/4.8.1 (java windows)
Cache-Control: no-cache
Content-Type: application/json; charset=utf-8
host: localhost:30352
accept: */*

Response DefaultHttpResponse(decodeResult: success, version: HTTP/1.1)
HTTP/1.1 404 Not Found
Content-Length: 816
Content-Type: application/json; charset=utf-8
cache-control: no-cache

01:33:10.932 [AsyncHttpClient-1-9] DEBUG org.asynchttpclient.netty.channel.ChannelManager - Adding key: http://localhost:30352 for channel [id: 0x5300c6e4, L:/127.0.0.1:58446 - R:localhost/127.0.0.1:30352]
01:33:10.933 [Forwarding getCurrentUrl on session 0b16907db1ef7ee93ab59e3cad5ff08d to remote] DEBUG org.asynchttpclient.netty.request.NettyRequestSender - Using pooled Channel '[id: 0x5300c6e4, L:/127.0.0.1:58446 - R:localhost/127.0.0.1:30352]' for 'GET' to 'http://localhost:30352/session/0b16907db1ef7ee93ab59e3cad5ff08d/url'
01:33:10.933 [Forwarding getCurrentUrl on session 0b16907db1ef7ee93ab59e3cad5ff08d to remote] DEBUG org.asynchttpclient.netty.request.NettyRequestSender - Using open Channel [id: 0x5300c6e4, L:/127.0.0.1:58446 - R:localhost/127.0.0.1:30352] for GET '/session/0b16907db1ef7ee93ab59e3cad5ff08d/url'
01:33:10.936 [AsyncHttpClient-1-9] DEBUG org.asynchttpclient.netty.handler.HttpHandler - 

Request DefaultFullHttpRequest(decodeResult: success, version: HTTP/1.1, content: EmptyByteBufBE)
GET /session/0b16907db1ef7ee93ab59e3cad5ff08d/url HTTP/1.1
User-Agent: selenium/4.8.1 (java windows)
Cache-Control: no-cache
Content-Type: application/json; charset=utf-8
host: localhost:30352
accept: */*

Response DefaultHttpResponse(decodeResult: success, version: HTTP/1.1)
HTTP/1.1 200 OK
Content-Length: 51
Content-Type: application/json; charset=utf-8
cache-control: no-cache

01:33:10.937 [AsyncHttpClient-1-9] DEBUG org.asynchttpclient.netty.channel.ChannelManager - Adding key: http://localhost:30352 for channel [id: 0x5300c6e4, L:/127.0.0.1:58446 - R:localhost/127.0.0.1:30352]
01:33:10.937 [Forwarding screenshot on session 0b16907db1ef7ee93ab59e3cad5ff08d to remote] DEBUG org.asynchttpclient.netty.request.NettyRequestSender - Using pooled Channel '[id: 0x5300c6e4, L:/127.0.0.1:58446 - R:localhost/127.0.0.1:30352]' for 'GET' to 'http://localhost:30352/session/0b16907db1ef7ee93ab59e3cad5ff08d/screenshot'
01:33:10.937 [Forwarding screenshot on session 0b16907db1ef7ee93ab59e3cad5ff08d to remote] DEBUG org.asynchttpclient.netty.request.NettyRequestSender - Using open Channel [id: 0x5300c6e4, L:/127.0.0.1:58446 - R:localhost/127.0.0.1:30352] for GET '/session/0b16907db1ef7ee93ab59e3cad5ff08d/screenshot'
01:33:11.051 [AsyncHttpClient-1-9] DEBUG org.asynchttpclient.netty.handler.HttpHandler - 

Request DefaultFullHttpRequest(decodeResult: success, version: HTTP/1.1, content: EmptyByteBufBE)
GET /session/0b16907db1ef7ee93ab59e3cad5ff08d/screenshot HTTP/1.1
User-Agent: selenium/4.8.1 (java windows)
Cache-Control: no-cache
Content-Type: application/json; charset=utf-8
host: localhost:30352
accept: */*

Response DefaultHttpResponse(decodeResult: success, version: HTTP/1.1)
HTTP/1.1 200 OK
Content-Length: 37680
Content-Type: application/json; charset=utf-8
cache-control: no-cache

01:33:11.052 [AsyncHttpClient-1-9] DEBUG org.asynchttpclient.netty.channel.ChannelManager - Adding key: http://localhost:30352 for channel [id: 0x5300c6e4, L:/127.0.0.1:58446 - R:localhost/127.0.0.1:30352]
01:33:11.054 [main] DEBUG net.serenitybdd.core.photography.Darkroom - Send negative for processing for target\site\serenity\617ccc73021c4cab9dfa54c5aa3482f15135817f8e58f0514fd8d62047c1a9ab.png
01:33:11.058 [Forwarding getPageSource on session 0b16907db1ef7ee93ab59e3cad5ff08d to remote] DEBUG org.asynchttpclient.netty.request.NettyRequestSender - Using pooled Channel '[id: 0x5300c6e4, L:/127.0.0.1:58446 - R:localhost/127.0.0.1:30352]' for 'POST' to 'http://localhost:30352/session/0b16907db1ef7ee93ab59e3cad5ff08d/execute/sync'
01:33:11.058 [Forwarding getPageSource on session 0b16907db1ef7ee93ab59e3cad5ff08d to remote] DEBUG org.asynchttpclient.netty.request.NettyRequestSender - Using open Channel [id: 0x5300c6e4, L:/127.0.0.1:58446 - R:localhost/127.0.0.1:30352] for POST '/session/0b16907db1ef7ee93ab59e3cad5ff08d/execute/sync'
01:33:11.063 [AsyncHttpClient-1-9] DEBUG org.asynchttpclient.netty.handler.HttpHandler - 

Request DefaultHttpRequest(decodeResult: success, version: HTTP/1.1)
POST /session/0b16907db1ef7ee93ab59e3cad5ff08d/execute/sync HTTP/1.1
User-Agent: selenium/4.8.1 (java windows)
Content-Length: 176
Content-Type: application/json; charset=utf-8
host: localhost:30352
accept: */*

Response DefaultHttpResponse(decodeResult: success, version: HTTP/1.1)
HTTP/1.1 200 OK
Content-Length: 21659
Content-Type: application/json; charset=utf-8
cache-control: no-cache

01:33:11.063 [AsyncHttpClient-1-9] DEBUG org.asynchttpclient.netty.channel.ChannelManager - Adding key: http://localhost:30352 for channel [id: 0x5300c6e4, L:/127.0.0.1:58446 - R:localhost/127.0.0.1:30352]
01:33:11.066 [Forwarding getCurrentUrl on session 0b16907db1ef7ee93ab59e3cad5ff08d to remote] DEBUG org.asynchttpclient.netty.request.NettyRequestSender - Using pooled Channel '[id: 0x5300c6e4, L:/127.0.0.1:58446 - R:localhost/127.0.0.1:30352]' for 'GET' to 'http://localhost:30352/session/0b16907db1ef7ee93ab59e3cad5ff08d/url'
01:33:11.066 [Forwarding getCurrentUrl on session 0b16907db1ef7ee93ab59e3cad5ff08d to remote] DEBUG org.asynchttpclient.netty.request.NettyRequestSender - Using open Channel [id: 0x5300c6e4, L:/127.0.0.1:58446 - R:localhost/127.0.0.1:30352] for GET '/session/0b16907db1ef7ee93ab59e3cad5ff08d/url'
01:33:11.069 [AsyncHttpClient-1-9] DEBUG org.asynchttpclient.netty.handler.HttpHandler - 

Request DefaultFullHttpRequest(decodeResult: success, version: HTTP/1.1, content: EmptyByteBufBE)
GET /session/0b16907db1ef7ee93ab59e3cad5ff08d/url HTTP/1.1
User-Agent: selenium/4.8.1 (java windows)
Cache-Control: no-cache
Content-Type: application/json; charset=utf-8
host: localhost:30352
accept: */*

Response DefaultHttpResponse(decodeResult: success, version: HTTP/1.1)
HTTP/1.1 200 OK
Content-Length: 51
Content-Type: application/json; charset=utf-8
cache-control: no-cache

01:33:11.069 [AsyncHttpClient-1-9] DEBUG org.asynchttpclient.netty.channel.ChannelManager - Adding key: http://localhost:30352 for channel [id: 0x5300c6e4, L:/127.0.0.1:58446 - R:localhost/127.0.0.1:30352]
01:33:11.076 [Forwarding getPageSource on session 0b16907db1ef7ee93ab59e3cad5ff08d to remote] DEBUG org.asynchttpclient.netty.request.NettyRequestSender - Using pooled Channel '[id: 0x5300c6e4, L:/127.0.0.1:58446 - R:localhost/127.0.0.1:30352]' for 'POST' to 'http://localhost:30352/session/0b16907db1ef7ee93ab59e3cad5ff08d/execute/sync'
01:33:11.076 [Forwarding getPageSource on session 0b16907db1ef7ee93ab59e3cad5ff08d to remote] DEBUG org.asynchttpclient.netty.request.NettyRequestSender - Using open Channel [id: 0x5300c6e4, L:/127.0.0.1:58446 - R:localhost/127.0.0.1:30352] for POST '/session/0b16907db1ef7ee93ab59e3cad5ff08d/execute/sync'
01:33:11.082 [AsyncHttpClient-1-9] DEBUG org.asynchttpclient.netty.handler.HttpHandler - 

Request DefaultHttpRequest(decodeResult: success, version: HTTP/1.1)
POST /session/0b16907db1ef7ee93ab59e3cad5ff08d/execute/sync HTTP/1.1
User-Agent: selenium/4.8.1 (java windows)
Content-Length: 176
Content-Type: application/json; charset=utf-8
host: localhost:30352
accept: */*

Response DefaultHttpResponse(decodeResult: success, version: HTTP/1.1)
HTTP/1.1 200 OK
Content-Length: 21659
Content-Type: application/json; charset=utf-8
cache-control: no-cache

01:33:11.082 [AsyncHttpClient-1-9] DEBUG org.asynchttpclient.netty.channel.ChannelManager - Adding key: http://localhost:30352 for channel [id: 0x5300c6e4, L:/127.0.0.1:58446 - R:localhost/127.0.0.1:30352]
01:33:11.085 [Forwarding getCurrentUrl on session 0b16907db1ef7ee93ab59e3cad5ff08d to remote] DEBUG org.asynchttpclient.netty.request.NettyRequestSender - Using pooled Channel '[id: 0x5300c6e4, L:/127.0.0.1:58446 - R:localhost/127.0.0.1:30352]' for 'GET' to 'http://localhost:30352/session/0b16907db1ef7ee93ab59e3cad5ff08d/url'
01:33:11.085 [Forwarding getCurrentUrl on session 0b16907db1ef7ee93ab59e3cad5ff08d to remote] DEBUG org.asynchttpclient.netty.request.NettyRequestSender - Using open Channel [id: 0x5300c6e4, L:/127.0.0.1:58446 - R:localhost/127.0.0.1:30352] for GET '/session/0b16907db1ef7ee93ab59e3cad5ff08d/url'
01:33:11.091 [AsyncHttpClient-1-9] DEBUG org.asynchttpclient.netty.handler.HttpHandler - 

Request DefaultFullHttpRequest(decodeResult: success, version: HTTP/1.1, content: EmptyByteBufBE)
GET /session/0b16907db1ef7ee93ab59e3cad5ff08d/url HTTP/1.1
User-Agent: selenium/4.8.1 (java windows)
Cache-Control: no-cache
Content-Type: application/json; charset=utf-8
host: localhost:30352
accept: */*

Response DefaultHttpResponse(decodeResult: success, version: HTTP/1.1)
HTTP/1.1 200 OK
Content-Length: 51
Content-Type: application/json; charset=utf-8
cache-control: no-cache

01:33:11.092 [AsyncHttpClient-1-9] DEBUG org.asynchttpclient.netty.channel.ChannelManager - Adding key: http://localhost:30352 for channel [id: 0x5300c6e4, L:/127.0.0.1:58446 - R:localhost/127.0.0.1:30352]
01:33:11.093 [main] DEBUG net.thucydides.core.steps.StepInterceptor - STARTING STEP: LoginSteps.clickRegisterIcon - clickRegisterIcon
01:33:11.095 [Forwarding findElement on session 0b16907db1ef7ee93ab59e3cad5ff08d to remote] DEBUG org.asynchttpclient.netty.request.NettyRequestSender - Using pooled Channel '[id: 0x5300c6e4, L:/127.0.0.1:58446 - R:localhost/127.0.0.1:30352]' for 'POST' to 'http://localhost:30352/session/0b16907db1ef7ee93ab59e3cad5ff08d/element'
01:33:11.095 [Forwarding findElement on session 0b16907db1ef7ee93ab59e3cad5ff08d to remote] DEBUG org.asynchttpclient.netty.request.NettyRequestSender - Using open Channel [id: 0x5300c6e4, L:/127.0.0.1:58446 - R:localhost/127.0.0.1:30352] for POST '/session/0b16907db1ef7ee93ab59e3cad5ff08d/element'
01:33:11.109 [AsyncHttpClient-1-9] DEBUG org.asynchttpclient.netty.handler.HttpHandler - 

Request DefaultHttpRequest(decodeResult: success, version: HTTP/1.1)
POST /session/0b16907db1ef7ee93ab59e3cad5ff08d/element HTTP/1.1
User-Agent: selenium/4.8.1 (java windows)
Content-Length: 137
Content-Type: application/json; charset=utf-8
host: localhost:30352
accept: */*

Response DefaultHttpResponse(decodeResult: success, version: HTTP/1.1)
HTTP/1.1 200 OK
Content-Length: 88
Content-Type: application/json; charset=utf-8
cache-control: no-cache

01:33:11.110 [AsyncHttpClient-1-9] DEBUG org.asynchttpclient.netty.channel.ChannelManager - Adding key: http://localhost:30352 for channel [id: 0x5300c6e4, L:/127.0.0.1:58446 - R:localhost/127.0.0.1:30352]
01:33:11.111 [Forwarding getElementTagName on session 0b16907db1ef7ee93ab59e3cad5ff08d to remote] DEBUG org.asynchttpclient.netty.request.NettyRequestSender - Using pooled Channel '[id: 0x5300c6e4, L:/127.0.0.1:58446 - R:localhost/127.0.0.1:30352]' for 'GET' to 'http://localhost:30352/session/0b16907db1ef7ee93ab59e3cad5ff08d/element/0e4b5301-4350-48b4-a49e-b270147e05bf/name'
01:33:11.111 [Forwarding getElementTagName on session 0b16907db1ef7ee93ab59e3cad5ff08d to remote] DEBUG org.asynchttpclient.netty.request.NettyRequestSender - Using open Channel [id: 0x5300c6e4, L:/127.0.0.1:58446 - R:localhost/127.0.0.1:30352] for GET '/session/0b16907db1ef7ee93ab59e3cad5ff08d/element/0e4b5301-4350-48b4-a49e-b270147e05bf/name'
01:33:11.116 [AsyncHttpClient-1-9] DEBUG org.asynchttpclient.netty.handler.HttpHandler - 

Request DefaultFullHttpRequest(decodeResult: success, version: HTTP/1.1, content: EmptyByteBufBE)
GET /session/0b16907db1ef7ee93ab59e3cad5ff08d/element/0e4b5301-4350-48b4-a49e-b270147e05bf/name HTTP/1.1
User-Agent: selenium/4.8.1 (java windows)
Cache-Control: no-cache
Content-Type: application/json; charset=utf-8
host: localhost:30352
accept: */*

Response DefaultHttpResponse(decodeResult: success, version: HTTP/1.1)
HTTP/1.1 200 OK
Content-Length: 13
Content-Type: application/json; charset=utf-8
cache-control: no-cache

01:33:11.116 [AsyncHttpClient-1-9] DEBUG org.asynchttpclient.netty.channel.ChannelManager - Adding key: http://localhost:30352 for channel [id: 0x5300c6e4, L:/127.0.0.1:58446 - R:localhost/127.0.0.1:30352]
01:33:11.117 [Forwarding getElementTagName on session 0b16907db1ef7ee93ab59e3cad5ff08d to remote] DEBUG org.asynchttpclient.netty.request.NettyRequestSender - Using pooled Channel '[id: 0x5300c6e4, L:/127.0.0.1:58446 - R:localhost/127.0.0.1:30352]' for 'GET' to 'http://localhost:30352/session/0b16907db1ef7ee93ab59e3cad5ff08d/element/0e4b5301-4350-48b4-a49e-b270147e05bf/name'
01:33:11.117 [Forwarding getElementTagName on session 0b16907db1ef7ee93ab59e3cad5ff08d to remote] DEBUG org.asynchttpclient.netty.request.NettyRequestSender - Using open Channel [id: 0x5300c6e4, L:/127.0.0.1:58446 - R:localhost/127.0.0.1:30352] for GET '/session/0b16907db1ef7ee93ab59e3cad5ff08d/element/0e4b5301-4350-48b4-a49e-b270147e05bf/name'
01:33:11.121 [AsyncHttpClient-1-9] DEBUG org.asynchttpclient.netty.handler.HttpHandler - 

Request DefaultFullHttpRequest(decodeResult: success, version: HTTP/1.1, content: EmptyByteBufBE)
GET /session/0b16907db1ef7ee93ab59e3cad5ff08d/element/0e4b5301-4350-48b4-a49e-b270147e05bf/name HTTP/1.1
User-Agent: selenium/4.8.1 (java windows)
Cache-Control: no-cache
Content-Type: application/json; charset=utf-8
host: localhost:30352
accept: */*

Response DefaultHttpResponse(decodeResult: success, version: HTTP/1.1)
HTTP/1.1 200 OK
Content-Length: 13
Content-Type: application/json; charset=utf-8
cache-control: no-cache

01:33:11.121 [AsyncHttpClient-1-9] DEBUG org.asynchttpclient.netty.channel.ChannelManager - Adding key: http://localhost:30352 for channel [id: 0x5300c6e4, L:/127.0.0.1:58446 - R:localhost/127.0.0.1:30352]
01:33:11.123 [Forwarding findElement on session 0b16907db1ef7ee93ab59e3cad5ff08d to remote] DEBUG org.asynchttpclient.netty.request.NettyRequestSender - Using pooled Channel '[id: 0x5300c6e4, L:/127.0.0.1:58446 - R:localhost/127.0.0.1:30352]' for 'POST' to 'http://localhost:30352/session/0b16907db1ef7ee93ab59e3cad5ff08d/element'
01:33:11.123 [Forwarding findElement on session 0b16907db1ef7ee93ab59e3cad5ff08d to remote] DEBUG org.asynchttpclient.netty.request.NettyRequestSender - Using open Channel [id: 0x5300c6e4, L:/127.0.0.1:58446 - R:localhost/127.0.0.1:30352] for POST '/session/0b16907db1ef7ee93ab59e3cad5ff08d/element'
01:33:11.131 [AsyncHttpClient-1-9] DEBUG org.asynchttpclient.netty.handler.HttpHandler - 

Request DefaultHttpRequest(decodeResult: success, version: HTTP/1.1)
POST /session/0b16907db1ef7ee93ab59e3cad5ff08d/element HTTP/1.1
User-Agent: selenium/4.8.1 (java windows)
Content-Length: 137
Content-Type: application/json; charset=utf-8
host: localhost:30352
accept: */*

Response DefaultHttpResponse(decodeResult: success, version: HTTP/1.1)
HTTP/1.1 200 OK
Content-Length: 88
Content-Type: application/json; charset=utf-8
cache-control: no-cache

01:33:11.131 [AsyncHttpClient-1-9] DEBUG org.asynchttpclient.netty.channel.ChannelManager - Adding key: http://localhost:30352 for channel [id: 0x5300c6e4, L:/127.0.0.1:58446 - R:localhost/127.0.0.1:30352]
01:33:11.132 [Forwarding clickElement on session 0b16907db1ef7ee93ab59e3cad5ff08d to remote] DEBUG org.asynchttpclient.netty.request.NettyRequestSender - Using pooled Channel '[id: 0x5300c6e4, L:/127.0.0.1:58446 - R:localhost/127.0.0.1:30352]' for 'POST' to 'http://localhost:30352/session/0b16907db1ef7ee93ab59e3cad5ff08d/element/0e4b5301-4350-48b4-a49e-b270147e05bf/click'
01:33:11.132 [Forwarding clickElement on session 0b16907db1ef7ee93ab59e3cad5ff08d to remote] DEBUG org.asynchttpclient.netty.request.NettyRequestSender - Using open Channel [id: 0x5300c6e4, L:/127.0.0.1:58446 - R:localhost/127.0.0.1:30352] for POST '/session/0b16907db1ef7ee93ab59e3cad5ff08d/element/0e4b5301-4350-48b4-a49e-b270147e05bf/click'
01:33:11.195 [AsyncHttpClient-1-9] DEBUG org.asynchttpclient.netty.handler.HttpHandler - 

Request DefaultHttpRequest(decodeResult: success, version: HTTP/1.1)
POST /session/0b16907db1ef7ee93ab59e3cad5ff08d/element/0e4b5301-4350-48b4-a49e-b270147e05bf/click HTTP/1.1
User-Agent: selenium/4.8.1 (java windows)
Content-Length: 50
Content-Type: application/json; charset=utf-8
host: localhost:30352
accept: */*

Response DefaultHttpResponse(decodeResult: success, version: HTTP/1.1)
HTTP/1.1 200 OK
Content-Length: 14
Content-Type: application/json; charset=utf-8
cache-control: no-cache

01:33:11.195 [AsyncHttpClient-1-9] DEBUG org.asynchttpclient.netty.channel.ChannelManager - Adding key: http://localhost:30352 for channel [id: 0x5300c6e4, L:/127.0.0.1:58446 - R:localhost/127.0.0.1:30352]
01:33:11.201 [Forwarding getAlertText on session 0b16907db1ef7ee93ab59e3cad5ff08d to remote] DEBUG org.asynchttpclient.netty.request.NettyRequestSender - Using pooled Channel '[id: 0x5300c6e4, L:/127.0.0.1:58446 - R:localhost/127.0.0.1:30352]' for 'GET' to 'http://localhost:30352/session/0b16907db1ef7ee93ab59e3cad5ff08d/alert/text'
01:33:11.201 [Forwarding getAlertText on session 0b16907db1ef7ee93ab59e3cad5ff08d to remote] DEBUG org.asynchttpclient.netty.request.NettyRequestSender - Using open Channel [id: 0x5300c6e4, L:/127.0.0.1:58446 - R:localhost/127.0.0.1:30352] for GET '/session/0b16907db1ef7ee93ab59e3cad5ff08d/alert/text'
01:33:11.205 [AsyncHttpClient-1-9] DEBUG org.asynchttpclient.netty.handler.HttpHandler - 

Request DefaultFullHttpRequest(decodeResult: success, version: HTTP/1.1, content: EmptyByteBufBE)
GET /session/0b16907db1ef7ee93ab59e3cad5ff08d/alert/text HTTP/1.1
User-Agent: selenium/4.8.1 (java windows)
Cache-Control: no-cache
Content-Type: application/json; charset=utf-8
host: localhost:30352
accept: */*

Response DefaultHttpResponse(decodeResult: success, version: HTTP/1.1)
HTTP/1.1 404 Not Found
Content-Length: 816
Content-Type: application/json; charset=utf-8
cache-control: no-cache

01:33:11.206 [AsyncHttpClient-1-9] DEBUG org.asynchttpclient.netty.channel.ChannelManager - Adding key: http://localhost:30352 for channel [id: 0x5300c6e4, L:/127.0.0.1:58446 - R:localhost/127.0.0.1:30352]
01:33:11.207 [Forwarding getCurrentUrl on session 0b16907db1ef7ee93ab59e3cad5ff08d to remote] DEBUG org.asynchttpclient.netty.request.NettyRequestSender - Using pooled Channel '[id: 0x5300c6e4, L:/127.0.0.1:58446 - R:localhost/127.0.0.1:30352]' for 'GET' to 'http://localhost:30352/session/0b16907db1ef7ee93ab59e3cad5ff08d/url'
01:33:11.207 [Forwarding getCurrentUrl on session 0b16907db1ef7ee93ab59e3cad5ff08d to remote] DEBUG org.asynchttpclient.netty.request.NettyRequestSender - Using open Channel [id: 0x5300c6e4, L:/127.0.0.1:58446 - R:localhost/127.0.0.1:30352] for GET '/session/0b16907db1ef7ee93ab59e3cad5ff08d/url'
01:33:11.211 [AsyncHttpClient-1-9] DEBUG org.asynchttpclient.netty.handler.HttpHandler - 

Request DefaultFullHttpRequest(decodeResult: success, version: HTTP/1.1, content: EmptyByteBufBE)
GET /session/0b16907db1ef7ee93ab59e3cad5ff08d/url HTTP/1.1
User-Agent: selenium/4.8.1 (java windows)
Cache-Control: no-cache
Content-Type: application/json; charset=utf-8
host: localhost:30352
accept: */*

Response DefaultHttpResponse(decodeResult: success, version: HTTP/1.1)
HTTP/1.1 200 OK
Content-Length: 54
Content-Type: application/json; charset=utf-8
cache-control: no-cache

01:33:11.212 [AsyncHttpClient-1-9] DEBUG org.asynchttpclient.netty.channel.ChannelManager - Adding key: http://localhost:30352 for channel [id: 0x5300c6e4, L:/127.0.0.1:58446 - R:localhost/127.0.0.1:30352]
01:33:11.212 [Forwarding screenshot on session 0b16907db1ef7ee93ab59e3cad5ff08d to remote] DEBUG org.asynchttpclient.netty.request.NettyRequestSender - Using pooled Channel '[id: 0x5300c6e4, L:/127.0.0.1:58446 - R:localhost/127.0.0.1:30352]' for 'GET' to 'http://localhost:30352/session/0b16907db1ef7ee93ab59e3cad5ff08d/screenshot'
01:33:11.212 [Forwarding screenshot on session 0b16907db1ef7ee93ab59e3cad5ff08d to remote] DEBUG org.asynchttpclient.netty.request.NettyRequestSender - Using open Channel [id: 0x5300c6e4, L:/127.0.0.1:58446 - R:localhost/127.0.0.1:30352] for GET '/session/0b16907db1ef7ee93ab59e3cad5ff08d/screenshot'
01:33:11.361 [AsyncHttpClient-1-9] DEBUG org.asynchttpclient.netty.handler.HttpHandler - 

Request DefaultFullHttpRequest(decodeResult: success, version: HTTP/1.1, content: EmptyByteBufBE)
GET /session/0b16907db1ef7ee93ab59e3cad5ff08d/screenshot HTTP/1.1
User-Agent: selenium/4.8.1 (java windows)
Cache-Control: no-cache
Content-Type: application/json; charset=utf-8
host: localhost:30352
accept: */*

Response DefaultHttpResponse(decodeResult: success, version: HTTP/1.1)
HTTP/1.1 200 OK
Content-Length: 44528
Content-Type: application/json; charset=utf-8
cache-control: no-cache

01:33:11.361 [AsyncHttpClient-1-9] DEBUG org.asynchttpclient.netty.channel.ChannelManager - Adding key: http://localhost:30352 for channel [id: 0x5300c6e4, L:/127.0.0.1:58446 - R:localhost/127.0.0.1:30352]
01:33:11.364 [main] DEBUG net.serenitybdd.core.photography.Darkroom - Send negative for processing for target\site\serenity\c9762b453299d9a30b89090e420b8fe49b792fb083ccbb9e72ed4c8d30c25ac5.png
01:33:11.364 [main] DEBUG net.thucydides.core.steps.StepInterceptor - STEP DONE: clickRegisterIcon
  &amp#27;[32mWhen &amp#27;[0m&amp#27;[32mI click icon register&amp#27;[0m                                 &amp#27;[90m# starter.stepdefinitions.LoginSteps.clickRegisterIcon()&amp#27;[0m
01:33:11.364 [Darkroom Processing Line] DEBUG net.serenitybdd.core.photography.DarkroomProcessingLine - Processing screenshot image in /var/screenshots/screenshot-7535876754155129148
01:33:11.364 [Darkroom Processing Line] DEBUG net.serenitybdd.core.photography.DarkroomProcessingLine - Saving screenshot to target\site\serenity\c9762b453299d9a30b89090e420b8fe49b792fb083ccbb9e72ed4c8d30c25ac5.png
01:33:11.373 [Forwarding getPageSource on session 0b16907db1ef7ee93ab59e3cad5ff08d to remote] DEBUG org.asynchttpclient.netty.request.NettyRequestSender - Using pooled Channel '[id: 0x5300c6e4, L:/127.0.0.1:58446 - R:localhost/127.0.0.1:30352]' for 'POST' to 'http://localhost:30352/session/0b16907db1ef7ee93ab59e3cad5ff08d/execute/sync'
01:33:11.373 [Forwarding getPageSource on session 0b16907db1ef7ee93ab59e3cad5ff08d to remote] DEBUG org.asynchttpclient.netty.request.NettyRequestSender - Using open Channel [id: 0x5300c6e4, L:/127.0.0.1:58446 - R:localhost/127.0.0.1:30352] for POST '/session/0b16907db1ef7ee93ab59e3cad5ff08d/execute/sync'
01:33:11.379 [AsyncHttpClient-1-9] DEBUG org.asynchttpclient.netty.handler.HttpHandler - 

Request DefaultHttpRequest(decodeResult: success, version: HTTP/1.1)
POST /session/0b16907db1ef7ee93ab59e3cad5ff08d/execute/sync HTTP/1.1
User-Agent: selenium/4.8.1 (java windows)
Content-Length: 176
Content-Type: application/json; charset=utf-8
host: localhost:30352
accept: */*

Response DefaultHttpResponse(decodeResult: success, version: HTTP/1.1)
HTTP/1.1 200 OK
Content-Length: 22314
Content-Type: application/json; charset=utf-8
cache-control: no-cache

01:33:11.379 [AsyncHttpClient-1-9] DEBUG org.asynchttpclient.netty.channel.ChannelManager - Adding key: http://localhost:30352 for channel [id: 0x5300c6e4, L:/127.0.0.1:58446 - R:localhost/127.0.0.1:30352]
01:33:11.382 [Forwarding getCurrentUrl on session 0b16907db1ef7ee93ab59e3cad5ff08d to remote] DEBUG org.asynchttpclient.netty.request.NettyRequestSender - Using pooled Channel '[id: 0x5300c6e4, L:/127.0.0.1:58446 - R:localhost/127.0.0.1:30352]' for 'GET' to 'http://localhost:30352/session/0b16907db1ef7ee93ab59e3cad5ff08d/url'
01:33:11.382 [Forwarding getCurrentUrl on session 0b16907db1ef7ee93ab59e3cad5ff08d to remote] DEBUG org.asynchttpclient.netty.request.NettyRequestSender - Using open Channel [id: 0x5300c6e4, L:/127.0.0.1:58446 - R:localhost/127.0.0.1:30352] for GET '/session/0b16907db1ef7ee93ab59e3cad5ff08d/url'
01:33:11.385 [AsyncHttpClient-1-9] DEBUG org.asynchttpclient.netty.handler.HttpHandler - 

Request DefaultFullHttpRequest(decodeResult: success, version: HTTP/1.1, content: EmptyByteBufBE)
GET /session/0b16907db1ef7ee93ab59e3cad5ff08d/url HTTP/1.1
User-Agent: selenium/4.8.1 (java windows)
Cache-Control: no-cache
Content-Type: application/json; charset=utf-8
host: localhost:30352
accept: */*

Response DefaultHttpResponse(decodeResult: success, version: HTTP/1.1)
HTTP/1.1 200 OK
Content-Length: 54
Content-Type: application/json; charset=utf-8
cache-control: no-cache

01:33:11.385 [AsyncHttpClient-1-9] DEBUG org.asynchttpclient.netty.channel.ChannelManager - Adding key: http://localhost:30352 for channel [id: 0x5300c6e4, L:/127.0.0.1:58446 - R:localhost/127.0.0.1:30352]
01:33:11.395 [Forwarding getPageSource on session 0b16907db1ef7ee93ab59e3cad5ff08d to remote] DEBUG org.asynchttpclient.netty.request.NettyRequestSender - Using pooled Channel '[id: 0x5300c6e4, L:/127.0.0.1:58446 - R:localhost/127.0.0.1:30352]' for 'POST' to 'http://localhost:30352/session/0b16907db1ef7ee93ab59e3cad5ff08d/execute/sync'
01:33:11.395 [Forwarding getPageSource on session 0b16907db1ef7ee93ab59e3cad5ff08d to remote] DEBUG org.asynchttpclient.netty.request.NettyRequestSender - Using open Channel [id: 0x5300c6e4, L:/127.0.0.1:58446 - R:localhost/127.0.0.1:30352] for POST '/session/0b16907db1ef7ee93ab59e3cad5ff08d/execute/sync'
01:33:11.401 [AsyncHttpClient-1-9] DEBUG org.asynchttpclient.netty.handler.HttpHandler - 

Request DefaultHttpRequest(decodeResult: success, version: HTTP/1.1)
POST /session/0b16907db1ef7ee93ab59e3cad5ff08d/execute/sync HTTP/1.1
User-Agent: selenium/4.8.1 (java windows)
Content-Length: 176
Content-Type: application/json; charset=utf-8
host: localhost:30352
accept: */*

Response DefaultHttpResponse(decodeResult: success, version: HTTP/1.1)
HTTP/1.1 200 OK
Content-Length: 22314
Content-Type: application/json; charset=utf-8
cache-control: no-cache

01:33:11.401 [AsyncHttpClient-1-9] DEBUG org.asynchttpclient.netty.channel.ChannelManager - Adding key: http://localhost:30352 for channel [id: 0x5300c6e4, L:/127.0.0.1:58446 - R:localhost/127.0.0.1:30352]
01:33:11.403 [Forwarding getCurrentUrl on session 0b16907db1ef7ee93ab59e3cad5ff08d to remote] DEBUG org.asynchttpclient.netty.request.NettyRequestSender - Using pooled Channel '[id: 0x5300c6e4, L:/127.0.0.1:58446 - R:localhost/127.0.0.1:30352]' for 'GET' to 'http://localhost:30352/session/0b16907db1ef7ee93ab59e3cad5ff08d/url'
01:33:11.404 [Forwarding getCurrentUrl on session 0b16907db1ef7ee93ab59e3cad5ff08d to remote] DEBUG org.asynchttpclient.netty.request.NettyRequestSender - Using open Channel [id: 0x5300c6e4, L:/127.0.0.1:58446 - R:localhost/127.0.0.1:30352] for GET '/session/0b16907db1ef7ee93ab59e3cad5ff08d/url'
01:33:11.407 [AsyncHttpClient-1-9] DEBUG org.asynchttpclient.netty.handler.HttpHandler - 

Request DefaultFullHttpRequest(decodeResult: success, version: HTTP/1.1, content: EmptyByteBufBE)
GET /session/0b16907db1ef7ee93ab59e3cad5ff08d/url HTTP/1.1
User-Agent: selenium/4.8.1 (java windows)
Cache-Control: no-cache
Content-Type: application/json; charset=utf-8
host: localhost:30352
accept: */*

Response DefaultHttpResponse(decodeResult: success, version: HTTP/1.1)
HTTP/1.1 200 OK
Content-Length: 54
Content-Type: application/json; charset=utf-8
cache-control: no-cache

01:33:11.407 [AsyncHttpClient-1-9] DEBUG org.asynchttpclient.netty.channel.ChannelManager - Adding key: http://localhost:30352 for channel [id: 0x5300c6e4, L:/127.0.0.1:58446 - R:localhost/127.0.0.1:30352]
01:33:11.408 [main] DEBUG net.thucydides.core.steps.StepInterceptor - STARTING STEP: LoginSteps.onTheRegisterPage - validateOnTheRegisterPage
01:33:11.410 [Forwarding findElement on session 0b16907db1ef7ee93ab59e3cad5ff08d to remote] DEBUG org.asynchttpclient.netty.request.NettyRequestSender - Using pooled Channel '[id: 0x5300c6e4, L:/127.0.0.1:58446 - R:localhost/127.0.0.1:30352]' for 'POST' to 'http://localhost:30352/session/0b16907db1ef7ee93ab59e3cad5ff08d/element'
01:33:11.410 [Forwarding findElement on session 0b16907db1ef7ee93ab59e3cad5ff08d to remote] DEBUG org.asynchttpclient.netty.request.NettyRequestSender - Using open Channel [id: 0x5300c6e4, L:/127.0.0.1:58446 - R:localhost/127.0.0.1:30352] for POST '/session/0b16907db1ef7ee93ab59e3cad5ff08d/element'
01:33:11.422 [AsyncHttpClient-1-9] DEBUG org.asynchttpclient.netty.handler.HttpHandler - 

Request DefaultHttpRequest(decodeResult: success, version: HTTP/1.1)
POST /session/0b16907db1ef7ee93ab59e3cad5ff08d/element HTTP/1.1
User-Agent: selenium/4.8.1 (java windows)
Content-Length: 165
Content-Type: application/json; charset=utf-8
host: localhost:30352
accept: */*

Response DefaultHttpResponse(decodeResult: success, version: HTTP/1.1)
HTTP/1.1 200 OK
Content-Length: 88
Content-Type: application/json; charset=utf-8
cache-control: no-cache

01:33:11.422 [AsyncHttpClient-1-9] DEBUG org.asynchttpclient.netty.channel.ChannelManager - Adding key: http://localhost:30352 for channel [id: 0x5300c6e4, L:/127.0.0.1:58446 - R:localhost/127.0.0.1:30352]
01:33:11.424 [Forwarding isElementDisplayed on session 0b16907db1ef7ee93ab59e3cad5ff08d to remote] DEBUG org.asynchttpclient.netty.request.NettyRequestSender - Using pooled Channel '[id: 0x5300c6e4, L:/127.0.0.1:58446 - R:localhost/127.0.0.1:30352]' for 'POST' to 'http://localhost:30352/session/0b16907db1ef7ee93ab59e3cad5ff08d/execute/sync'
01:33:11.424 [Forwarding isElementDisplayed on session 0b16907db1ef7ee93ab59e3cad5ff08d to remote] DEBUG org.asynchttpclient.netty.request.NettyRequestSender - Using open Channel [id: 0x5300c6e4, L:/127.0.0.1:58446 - R:localhost/127.0.0.1:30352] for POST '/session/0b16907db1ef7ee93ab59e3cad5ff08d/execute/sync'
01:33:11.437 [AsyncHttpClient-1-9] DEBUG org.asynchttpclient.netty.handler.HttpHandler - 

Request DefaultHttpRequest(decodeResult: success, version: HTTP/1.1)
POST /session/0b16907db1ef7ee93ab59e3cad5ff08d/execute/sync HTTP/1.1
User-Agent: selenium/4.8.1 (java windows)
Content-Length: 48807
Content-Type: application/json; charset=utf-8
host: localhost:30352
accept: */*

Response DefaultHttpResponse(decodeResult: success, version: HTTP/1.1)
HTTP/1.1 200 OK
Content-Length: 14
Content-Type: application/json; charset=utf-8
cache-control: no-cache

01:33:11.437 [AsyncHttpClient-1-9] DEBUG org.asynchttpclient.netty.channel.ChannelManager - Adding key: http://localhost:30352 for channel [id: 0x5300c6e4, L:/127.0.0.1:58446 - R:localhost/127.0.0.1:30352]
01:33:11.442 [Forwarding getAlertText on session 0b16907db1ef7ee93ab59e3cad5ff08d to remote] DEBUG org.asynchttpclient.netty.request.NettyRequestSender - Using pooled Channel '[id: 0x5300c6e4, L:/127.0.0.1:58446 - R:localhost/127.0.0.1:30352]' for 'GET' to 'http://localhost:30352/session/0b16907db1ef7ee93ab59e3cad5ff08d/alert/text'
01:33:11.442 [Forwarding getAlertText on session 0b16907db1ef7ee93ab59e3cad5ff08d to remote] DEBUG org.asynchttpclient.netty.request.NettyRequestSender - Using open Channel [id: 0x5300c6e4, L:/127.0.0.1:58446 - R:localhost/127.0.0.1:30352] for GET '/session/0b16907db1ef7ee93ab59e3cad5ff08d/alert/text'
01:33:11.444 [AsyncHttpClient-1-9] DEBUG org.asynchttpclient.netty.handler.HttpHandler - 

Request DefaultFullHttpRequest(decodeResult: success, version: HTTP/1.1, content: EmptyByteBufBE)
GET /session/0b16907db1ef7ee93ab59e3cad5ff08d/alert/text HTTP/1.1
User-Agent: selenium/4.8.1 (java windows)
Cache-Control: no-cache
Content-Type: application/json; charset=utf-8
host: localhost:30352
accept: */*

Response DefaultHttpResponse(decodeResult: success, version: HTTP/1.1)
HTTP/1.1 404 Not Found
Content-Length: 816
Content-Type: application/json; charset=utf-8
cache-control: no-cache

01:33:11.444 [AsyncHttpClient-1-9] DEBUG org.asynchttpclient.netty.channel.ChannelManager - Adding key: http://localhost:30352 for channel [id: 0x5300c6e4, L:/127.0.0.1:58446 - R:localhost/127.0.0.1:30352]
01:33:11.445 [Forwarding getCurrentUrl on session 0b16907db1ef7ee93ab59e3cad5ff08d to remote] DEBUG org.asynchttpclient.netty.request.NettyRequestSender - Using pooled Channel '[id: 0x5300c6e4, L:/127.0.0.1:58446 - R:localhost/127.0.0.1:30352]' for 'GET' to 'http://localhost:30352/session/0b16907db1ef7ee93ab59e3cad5ff08d/url'
01:33:11.445 [Forwarding getCurrentUrl on session 0b16907db1ef7ee93ab59e3cad5ff08d to remote] DEBUG org.asynchttpclient.netty.request.NettyRequestSender - Using open Channel [id: 0x5300c6e4, L:/127.0.0.1:58446 - R:localhost/127.0.0.1:30352] for GET '/session/0b16907db1ef7ee93ab59e3cad5ff08d/url'
01:33:11.449 [AsyncHttpClient-1-9] DEBUG org.asynchttpclient.netty.handler.HttpHandler - 

Request DefaultFullHttpRequest(decodeResult: success, version: HTTP/1.1, content: EmptyByteBufBE)
GET /session/0b16907db1ef7ee93ab59e3cad5ff08d/url HTTP/1.1
User-Agent: selenium/4.8.1 (java windows)
Cache-Control: no-cache
Content-Type: application/json; charset=utf-8
host: localhost:30352
accept: */*

Response DefaultHttpResponse(decodeResult: success, version: HTTP/1.1)
HTTP/1.1 200 OK
Content-Length: 54
Content-Type: application/json; charset=utf-8
cache-control: no-cache

01:33:11.449 [AsyncHttpClient-1-9] DEBUG org.asynchttpclient.netty.channel.ChannelManager - Adding key: http://localhost:30352 for channel [id: 0x5300c6e4, L:/127.0.0.1:58446 - R:localhost/127.0.0.1:30352]
01:33:11.450 [Forwarding screenshot on session 0b16907db1ef7ee93ab59e3cad5ff08d to remote] DEBUG org.asynchttpclient.netty.request.NettyRequestSender - Using pooled Channel '[id: 0x5300c6e4, L:/127.0.0.1:58446 - R:localhost/127.0.0.1:30352]' for 'GET' to 'http://localhost:30352/session/0b16907db1ef7ee93ab59e3cad5ff08d/screenshot'
01:33:11.450 [Forwarding screenshot on session 0b16907db1ef7ee93ab59e3cad5ff08d to remote] DEBUG org.asynchttpclient.netty.request.NettyRequestSender - Using open Channel [id: 0x5300c6e4, L:/127.0.0.1:58446 - R:localhost/127.0.0.1:30352] for GET '/session/0b16907db1ef7ee93ab59e3cad5ff08d/screenshot'
01:33:11.591 [AsyncHttpClient-1-1] DEBUG org.asynchttpclient.netty.channel.DefaultChannelPool - Entry count for : http://localhost:58447 : 1
01:33:11.591 [AsyncHttpClient-1-9] DEBUG org.asynchttpclient.netty.handler.HttpHandler - 

Request DefaultFullHttpRequest(decodeResult: success, version: HTTP/1.1, content: EmptyByteBufBE)
GET /session/0b16907db1ef7ee93ab59e3cad5ff08d/screenshot HTTP/1.1
User-Agent: selenium/4.8.1 (java windows)
Cache-Control: no-cache
Content-Type: application/json; charset=utf-8
host: localhost:30352
accept: */*

Response DefaultHttpResponse(decodeResult: success, version: HTTP/1.1)
HTTP/1.1 200 OK
Content-Length: 44524
Content-Type: application/json; charset=utf-8
cache-control: no-cache

01:33:11.591 [AsyncHttpClient-1-9] DEBUG org.asynchttpclient.netty.channel.ChannelManager - Adding key: http://localhost:30352 for channel [id: 0x5300c6e4, L:/127.0.0.1:58446 - R:localhost/127.0.0.1:30352]
01:33:11.593 [main] DEBUG net.serenitybdd.core.photography.Darkroom - Send negative for processing for target\site\serenity\6cd173cba84f57b16a1cfb3f994fb9c0091f32d65851d863db75a6cc507d62cb.png
01:33:11.594 [main] DEBUG net.thucydides.core.steps.StepInterceptor - STEP DONE: validateOnTheRegisterPage
  &amp#27;[32mThen &amp#27;[0m&amp#27;[32mI am on the register page&amp#27;[0m                             &amp#27;[90m# starter.stepdefinitions.LoginSteps.onTheRegisterPage()&amp#27;[0m
01:33:11.594 [Darkroom Processing Line] DEBUG net.serenitybdd.core.photography.DarkroomProcessingLine - Processing screenshot image in /var/screenshots/screenshot-4712332296239462709
01:33:11.594 [Darkroom Processing Line] DEBUG net.serenitybdd.core.photography.DarkroomProcessingLine - Saving screenshot to target\site\serenity\6cd173cba84f57b16a1cfb3f994fb9c0091f32d65851d863db75a6cc507d62cb.png
01:33:11.602 [Forwarding getPageSource on session 0b16907db1ef7ee93ab59e3cad5ff08d to remote] DEBUG org.asynchttpclient.netty.request.NettyRequestSender - Using pooled Channel '[id: 0x5300c6e4, L:/127.0.0.1:58446 - R:localhost/127.0.0.1:30352]' for 'POST' to 'http://localhost:30352/session/0b16907db1ef7ee93ab59e3cad5ff08d/execute/sync'
01:33:11.602 [Forwarding getPageSource on session 0b16907db1ef7ee93ab59e3cad5ff08d to remote] DEBUG org.asynchttpclient.netty.request.NettyRequestSender - Using open Channel [id: 0x5300c6e4, L:/127.0.0.1:58446 - R:localhost/127.0.0.1:30352] for POST '/session/0b16907db1ef7ee93ab59e3cad5ff08d/execute/sync'
01:33:11.609 [AsyncHttpClient-1-9] DEBUG org.asynchttpclient.netty.handler.HttpHandler - 

Request DefaultHttpRequest(decodeResult: success, version: HTTP/1.1)
POST /session/0b16907db1ef7ee93ab59e3cad5ff08d/execute/sync HTTP/1.1
User-Agent: selenium/4.8.1 (java windows)
Content-Length: 176
Content-Type: application/json; charset=utf-8
host: localhost:30352
accept: */*

Response DefaultHttpResponse(decodeResult: success, version: HTTP/1.1)
HTTP/1.1 200 OK
Content-Length: 22314
Content-Type: application/json; charset=utf-8
cache-control: no-cache

01:33:11.609 [AsyncHttpClient-1-9] DEBUG org.asynchttpclient.netty.channel.ChannelManager - Adding key: http://localhost:30352 for channel [id: 0x5300c6e4, L:/127.0.0.1:58446 - R:localhost/127.0.0.1:30352]
01:33:11.611 [Forwarding getCurrentUrl on session 0b16907db1ef7ee93ab59e3cad5ff08d to remote] DEBUG org.asynchttpclient.netty.request.NettyRequestSender - Using pooled Channel '[id: 0x5300c6e4, L:/127.0.0.1:58446 - R:localhost/127.0.0.1:30352]' for 'GET' to 'http://localhost:30352/session/0b16907db1ef7ee93ab59e3cad5ff08d/url'
01:33:11.611 [Forwarding getCurrentUrl on session 0b16907db1ef7ee93ab59e3cad5ff08d to remote] DEBUG org.asynchttpclient.netty.request.NettyRequestSender - Using open Channel [id: 0x5300c6e4, L:/127.0.0.1:58446 - R:localhost/127.0.0.1:30352] for GET '/session/0b16907db1ef7ee93ab59e3cad5ff08d/url'
01:33:11.615 [AsyncHttpClient-1-9] DEBUG org.asynchttpclient.netty.handler.HttpHandler - 

Request DefaultFullHttpRequest(decodeResult: success, version: HTTP/1.1, content: EmptyByteBufBE)
GET /session/0b16907db1ef7ee93ab59e3cad5ff08d/url HTTP/1.1
User-Agent: selenium/4.8.1 (java windows)
Cache-Control: no-cache
Content-Type: application/json; charset=utf-8
host: localhost:30352
accept: */*

Response DefaultHttpResponse(decodeResult: success, version: HTTP/1.1)
HTTP/1.1 200 OK
Content-Length: 54
Content-Type: application/json; charset=utf-8
cache-control: no-cache

01:33:11.616 [AsyncHttpClient-1-9] DEBUG org.asynchttpclient.netty.channel.ChannelManager - Adding key: http://localhost:30352 for channel [id: 0x5300c6e4, L:/127.0.0.1:58446 - R:localhost/127.0.0.1:30352]
01:33:11.625 [Forwarding getPageSource on session 0b16907db1ef7ee93ab59e3cad5ff08d to remote] DEBUG org.asynchttpclient.netty.request.NettyRequestSender - Using pooled Channel '[id: 0x5300c6e4, L:/127.0.0.1:58446 - R:localhost/127.0.0.1:30352]' for 'POST' to 'http://localhost:30352/session/0b16907db1ef7ee93ab59e3cad5ff08d/execute/sync'
01:33:11.625 [Forwarding getPageSource on session 0b16907db1ef7ee93ab59e3cad5ff08d to remote] DEBUG org.asynchttpclient.netty.request.NettyRequestSender - Using open Channel [id: 0x5300c6e4, L:/127.0.0.1:58446 - R:localhost/127.0.0.1:30352] for POST '/session/0b16907db1ef7ee93ab59e3cad5ff08d/execute/sync'
01:33:11.630 [AsyncHttpClient-1-9] DEBUG org.asynchttpclient.netty.handler.HttpHandler - 

Request DefaultHttpRequest(decodeResult: success, version: HTTP/1.1)
POST /session/0b16907db1ef7ee93ab59e3cad5ff08d/execute/sync HTTP/1.1
User-Agent: selenium/4.8.1 (java windows)
Content-Length: 176
Content-Type: application/json; charset=utf-8
host: localhost:30352
accept: */*

Response DefaultHttpResponse(decodeResult: success, version: HTTP/1.1)
HTTP/1.1 200 OK
Content-Length: 22314
Content-Type: application/json; charset=utf-8
cache-control: no-cache

01:33:11.630 [AsyncHttpClient-1-9] DEBUG org.asynchttpclient.netty.channel.ChannelManager - Adding key: http://localhost:30352 for channel [id: 0x5300c6e4, L:/127.0.0.1:58446 - R:localhost/127.0.0.1:30352]
01:33:11.632 [Forwarding getCurrentUrl on session 0b16907db1ef7ee93ab59e3cad5ff08d to remote] DEBUG org.asynchttpclient.netty.request.NettyRequestSender - Using pooled Channel '[id: 0x5300c6e4, L:/127.0.0.1:58446 - R:localhost/127.0.0.1:30352]' for 'GET' to 'http://localhost:30352/session/0b16907db1ef7ee93ab59e3cad5ff08d/url'
01:33:11.632 [Forwarding getCurrentUrl on session 0b16907db1ef7ee93ab59e3cad5ff08d to remote] DEBUG org.asynchttpclient.netty.request.NettyRequestSender - Using open Channel [id: 0x5300c6e4, L:/127.0.0.1:58446 - R:localhost/127.0.0.1:30352] for GET '/session/0b16907db1ef7ee93ab59e3cad5ff08d/url'
01:33:11.635 [AsyncHttpClient-1-9] DEBUG org.asynchttpclient.netty.handler.HttpHandler - 

Request DefaultFullHttpRequest(decodeResult: success, version: HTTP/1.1, content: EmptyByteBufBE)
GET /session/0b16907db1ef7ee93ab59e3cad5ff08d/url HTTP/1.1
User-Agent: selenium/4.8.1 (java windows)
Cache-Control: no-cache
Content-Type: application/json; charset=utf-8
host: localhost:30352
accept: */*

Response DefaultHttpResponse(decodeResult: success, version: HTTP/1.1)
HTTP/1.1 200 OK
Content-Length: 54
Content-Type: application/json; charset=utf-8
cache-control: no-cache

01:33:11.636 [AsyncHttpClient-1-9] DEBUG org.asynchttpclient.netty.channel.ChannelManager - Adding key: http://localhost:30352 for channel [id: 0x5300c6e4, L:/127.0.0.1:58446 - R:localhost/127.0.0.1:30352]
01:33:11.637 [main] DEBUG net.thucydides.core.steps.StepInterceptor - STARTING STEP: LoginSteps.enterValidFullnameRegister - inputFullnameRegister
01:33:11.640 [Forwarding findElement on session 0b16907db1ef7ee93ab59e3cad5ff08d to remote] DEBUG org.asynchttpclient.netty.request.NettyRequestSender - Using pooled Channel '[id: 0x5300c6e4, L:/127.0.0.1:58446 - R:localhost/127.0.0.1:30352]' for 'POST' to 'http://localhost:30352/session/0b16907db1ef7ee93ab59e3cad5ff08d/element'
01:33:11.640 [Forwarding findElement on session 0b16907db1ef7ee93ab59e3cad5ff08d to remote] DEBUG org.asynchttpclient.netty.request.NettyRequestSender - Using open Channel [id: 0x5300c6e4, L:/127.0.0.1:58446 - R:localhost/127.0.0.1:30352] for POST '/session/0b16907db1ef7ee93ab59e3cad5ff08d/element'
01:33:11.651 [AsyncHttpClient-1-9] DEBUG org.asynchttpclient.netty.handler.HttpHandler - 

Request DefaultHttpRequest(decodeResult: success, version: HTTP/1.1)
POST /session/0b16907db1ef7ee93ab59e3cad5ff08d/element HTTP/1.1
User-Agent: selenium/4.8.1 (java windows)
Content-Length: 187
Content-Type: application/json; charset=utf-8
host: localhost:30352
accept: */*

Response DefaultHttpResponse(decodeResult: success, version: HTTP/1.1)
HTTP/1.1 200 OK
Content-Length: 88
Content-Type: application/json; charset=utf-8
cache-control: no-cache

01:33:11.651 [AsyncHttpClient-1-9] DEBUG org.asynchttpclient.netty.channel.ChannelManager - Adding key: http://localhost:30352 for channel [id: 0x5300c6e4, L:/127.0.0.1:58446 - R:localhost/127.0.0.1:30352]
01:33:11.652 [Forwarding clearElement on session 0b16907db1ef7ee93ab59e3cad5ff08d to remote] DEBUG org.asynchttpclient.netty.request.NettyRequestSender - Using pooled Channel '[id: 0x5300c6e4, L:/127.0.0.1:58446 - R:localhost/127.0.0.1:30352]' for 'POST' to 'http://localhost:30352/session/0b16907db1ef7ee93ab59e3cad5ff08d/element/ced9a798-f7da-4c5a-a66f-18742fc4a53f/clear'
01:33:11.652 [Forwarding clearElement on session 0b16907db1ef7ee93ab59e3cad5ff08d to remote] DEBUG org.asynchttpclient.netty.request.NettyRequestSender - Using open Channel [id: 0x5300c6e4, L:/127.0.0.1:58446 - R:localhost/127.0.0.1:30352] for POST '/session/0b16907db1ef7ee93ab59e3cad5ff08d/element/ced9a798-f7da-4c5a-a66f-18742fc4a53f/clear'
01:33:11.683 [AsyncHttpClient-1-9] DEBUG org.asynchttpclient.netty.handler.HttpHandler - 

Request DefaultHttpRequest(decodeResult: success, version: HTTP/1.1)
POST /session/0b16907db1ef7ee93ab59e3cad5ff08d/element/ced9a798-f7da-4c5a-a66f-18742fc4a53f/clear HTTP/1.1
User-Agent: selenium/4.8.1 (java windows)
Content-Length: 50
Content-Type: application/json; charset=utf-8
host: localhost:30352
accept: */*

Response DefaultHttpResponse(decodeResult: success, version: HTTP/1.1)
HTTP/1.1 200 OK
Content-Length: 14
Content-Type: application/json; charset=utf-8
cache-control: no-cache

01:33:11.683 [AsyncHttpClient-1-9] DEBUG org.asynchttpclient.netty.channel.ChannelManager - Adding key: http://localhost:30352 for channel [id: 0x5300c6e4, L:/127.0.0.1:58446 - R:localhost/127.0.0.1:30352]
01:33:11.685 [Forwarding sendKeysToElement on session 0b16907db1ef7ee93ab59e3cad5ff08d to remote] DEBUG org.asynchttpclient.netty.request.NettyRequestSender - Using pooled Channel '[id: 0x5300c6e4, L:/127.0.0.1:58446 - R:localhost/127.0.0.1:30352]' for 'POST' to 'http://localhost:30352/session/0b16907db1ef7ee93ab59e3cad5ff08d/element/ced9a798-f7da-4c5a-a66f-18742fc4a53f/value'
01:33:11.685 [Forwarding sendKeysToElement on session 0b16907db1ef7ee93ab59e3cad5ff08d to remote] DEBUG org.asynchttpclient.netty.request.NettyRequestSender - Using open Channel [id: 0x5300c6e4, L:/127.0.0.1:58446 - R:localhost/127.0.0.1:30352] for POST '/session/0b16907db1ef7ee93ab59e3cad5ff08d/element/ced9a798-f7da-4c5a-a66f-18742fc4a53f/value'
01:33:11.794 [AsyncHttpClient-1-9] DEBUG org.asynchttpclient.netty.handler.HttpHandler - 

Request DefaultHttpRequest(decodeResult: success, version: HTTP/1.1)
POST /session/0b16907db1ef7ee93ab59e3cad5ff08d/element/ced9a798-f7da-4c5a-a66f-18742fc4a53f/value HTTP/1.1
User-Agent: selenium/4.8.1 (java windows)
Content-Length: 201
Content-Type: application/json; charset=utf-8
host: localhost:30352
accept: */*

Response DefaultHttpResponse(decodeResult: success, version: HTTP/1.1)
HTTP/1.1 200 OK
Content-Length: 14
Content-Type: application/json; charset=utf-8
cache-control: no-cache

01:33:11.794 [AsyncHttpClient-1-9] DEBUG org.asynchttpclient.netty.channel.ChannelManager - Adding key: http://localhost:30352 for channel [id: 0x5300c6e4, L:/127.0.0.1:58446 - R:localhost/127.0.0.1:30352]
01:33:11.800 [Forwarding getAlertText on session 0b16907db1ef7ee93ab59e3cad5ff08d to remote] DEBUG org.asynchttpclient.netty.request.NettyRequestSender - Using pooled Channel '[id: 0x5300c6e4, L:/127.0.0.1:58446 - R:localhost/127.0.0.1:30352]' for 'GET' to 'http://localhost:30352/session/0b16907db1ef7ee93ab59e3cad5ff08d/alert/text'
01:33:11.800 [Forwarding getAlertText on session 0b16907db1ef7ee93ab59e3cad5ff08d to remote] DEBUG org.asynchttpclient.netty.request.NettyRequestSender - Using open Channel [id: 0x5300c6e4, L:/127.0.0.1:58446 - R:localhost/127.0.0.1:30352] for GET '/session/0b16907db1ef7ee93ab59e3cad5ff08d/alert/text'
01:33:11.802 [AsyncHttpClient-1-9] DEBUG org.asynchttpclient.netty.handler.HttpHandler - 

Request DefaultFullHttpRequest(decodeResult: success, version: HTTP/1.1, content: EmptyByteBufBE)
GET /session/0b16907db1ef7ee93ab59e3cad5ff08d/alert/text HTTP/1.1
User-Agent: selenium/4.8.1 (java windows)
Cache-Control: no-cache
Content-Type: application/json; charset=utf-8
host: localhost:30352
accept: */*

Response DefaultHttpResponse(decodeResult: success, version: HTTP/1.1)
HTTP/1.1 404 Not Found
Content-Length: 816
Content-Type: application/json; charset=utf-8
cache-control: no-cache

01:33:11.802 [AsyncHttpClient-1-9] DEBUG org.asynchttpclient.netty.channel.ChannelManager - Adding key: http://localhost:30352 for channel [id: 0x5300c6e4, L:/127.0.0.1:58446 - R:localhost/127.0.0.1:30352]
01:33:11.803 [Forwarding getCurrentUrl on session 0b16907db1ef7ee93ab59e3cad5ff08d to remote] DEBUG org.asynchttpclient.netty.request.NettyRequestSender - Using pooled Channel '[id: 0x5300c6e4, L:/127.0.0.1:58446 - R:localhost/127.0.0.1:30352]' for 'GET' to 'http://localhost:30352/session/0b16907db1ef7ee93ab59e3cad5ff08d/url'
01:33:11.803 [Forwarding getCurrentUrl on session 0b16907db1ef7ee93ab59e3cad5ff08d to remote] DEBUG org.asynchttpclient.netty.request.NettyRequestSender - Using open Channel [id: 0x5300c6e4, L:/127.0.0.1:58446 - R:localhost/127.0.0.1:30352] for GET '/session/0b16907db1ef7ee93ab59e3cad5ff08d/url'
01:33:11.807 [AsyncHttpClient-1-9] DEBUG org.asynchttpclient.netty.handler.HttpHandler - 

Request DefaultFullHttpRequest(decodeResult: success, version: HTTP/1.1, content: EmptyByteBufBE)
GET /session/0b16907db1ef7ee93ab59e3cad5ff08d/url HTTP/1.1
User-Agent: selenium/4.8.1 (java windows)
Cache-Control: no-cache
Content-Type: application/json; charset=utf-8
host: localhost:30352
accept: */*

Response DefaultHttpResponse(decodeResult: success, version: HTTP/1.1)
HTTP/1.1 200 OK
Content-Length: 54
Content-Type: application/json; charset=utf-8
cache-control: no-cache

01:33:11.807 [AsyncHttpClient-1-9] DEBUG org.asynchttpclient.netty.channel.ChannelManager - Adding key: http://localhost:30352 for channel [id: 0x5300c6e4, L:/127.0.0.1:58446 - R:localhost/127.0.0.1:30352]
01:33:11.808 [Forwarding screenshot on session 0b16907db1ef7ee93ab59e3cad5ff08d to remote] DEBUG org.asynchttpclient.netty.request.NettyRequestSender - Using pooled Channel '[id: 0x5300c6e4, L:/127.0.0.1:58446 - R:localhost/127.0.0.1:30352]' for 'GET' to 'http://localhost:30352/session/0b16907db1ef7ee93ab59e3cad5ff08d/screenshot'
01:33:11.808 [Forwarding screenshot on session 0b16907db1ef7ee93ab59e3cad5ff08d to remote] DEBUG org.asynchttpclient.netty.request.NettyRequestSender - Using open Channel [id: 0x5300c6e4, L:/127.0.0.1:58446 - R:localhost/127.0.0.1:30352] for GET '/session/0b16907db1ef7ee93ab59e3cad5ff08d/screenshot'
01:33:11.939 [AsyncHttpClient-1-9] DEBUG org.asynchttpclient.netty.handler.HttpHandler - 

Request DefaultFullHttpRequest(decodeResult: success, version: HTTP/1.1, content: EmptyByteBufBE)
GET /session/0b16907db1ef7ee93ab59e3cad5ff08d/screenshot HTTP/1.1
User-Agent: selenium/4.8.1 (java windows)
Cache-Control: no-cache
Content-Type: application/json; charset=utf-8
host: localhost:30352
accept: */*

Response DefaultHttpResponse(decodeResult: success, version: HTTP/1.1)
HTTP/1.1 200 OK
Content-Length: 48808
Content-Type: application/json; charset=utf-8
cache-control: no-cache

01:33:11.939 [AsyncHttpClient-1-9] DEBUG org.asynchttpclient.netty.channel.ChannelManager - Adding key: http://localhost:30352 for channel [id: 0x5300c6e4, L:/127.0.0.1:58446 - R:localhost/127.0.0.1:30352]
01:33:11.941 [main] DEBUG net.serenitybdd.core.photography.Darkroom - Send negative for processing for target\site\serenity\ba29685a6d1ac78e1f98d21f7ae96a5f8389627cec7f9e41f4fab421f2f5b3df.png
01:33:11.941 [main] DEBUG net.thucydides.core.steps.StepInterceptor - STEP DONE: inputFullnameRegister
  &amp#27;[32mAnd &amp#27;[0m&amp#27;[32mI enter valid full name&amp#27;[0m                                &amp#27;[90m# starter.stepdefinitions.LoginSteps.enterValidFullnameRegister()&amp#27;[0m
01:33:11.942 [Darkroom Processing Line] DEBUG net.serenitybdd.core.photography.DarkroomProcessingLine - Processing screenshot image in /var/screenshots/screenshot-5731907989926386773
01:33:11.942 [Darkroom Processing Line] DEBUG net.serenitybdd.core.photography.DarkroomProcessingLine - Saving screenshot to target\site\serenity\ba29685a6d1ac78e1f98d21f7ae96a5f8389627cec7f9e41f4fab421f2f5b3df.png
01:33:11.951 [Forwarding getPageSource on session 0b16907db1ef7ee93ab59e3cad5ff08d to remote] DEBUG org.asynchttpclient.netty.request.NettyRequestSender - Using pooled Channel '[id: 0x5300c6e4, L:/127.0.0.1:58446 - R:localhost/127.0.0.1:30352]' for 'POST' to 'http://localhost:30352/session/0b16907db1ef7ee93ab59e3cad5ff08d/execute/sync'
01:33:11.951 [Forwarding getPageSource on session 0b16907db1ef7ee93ab59e3cad5ff08d to remote] DEBUG org.asynchttpclient.netty.request.NettyRequestSender - Using open Channel [id: 0x5300c6e4, L:/127.0.0.1:58446 - R:localhost/127.0.0.1:30352] for POST '/session/0b16907db1ef7ee93ab59e3cad5ff08d/execute/sync'
01:33:11.958 [AsyncHttpClient-1-9] DEBUG org.asynchttpclient.netty.handler.HttpHandler - 

Request DefaultHttpRequest(decodeResult: success, version: HTTP/1.1)
POST /session/0b16907db1ef7ee93ab59e3cad5ff08d/execute/sync HTTP/1.1
User-Agent: selenium/4.8.1 (java windows)
Content-Length: 176
Content-Type: application/json; charset=utf-8
host: localhost:30352
accept: */*

Response DefaultHttpResponse(decodeResult: success, version: HTTP/1.1)
HTTP/1.1 200 OK
Content-Length: 22435
Content-Type: application/json; charset=utf-8
cache-control: no-cache

01:33:11.958 [AsyncHttpClient-1-9] DEBUG org.asynchttpclient.netty.channel.ChannelManager - Adding key: http://localhost:30352 for channel [id: 0x5300c6e4, L:/127.0.0.1:58446 - R:localhost/127.0.0.1:30352]
01:33:11.962 [Forwarding getCurrentUrl on session 0b16907db1ef7ee93ab59e3cad5ff08d to remote] DEBUG org.asynchttpclient.netty.request.NettyRequestSender - Using pooled Channel '[id: 0x5300c6e4, L:/127.0.0.1:58446 - R:localhost/127.0.0.1:30352]' for 'GET' to 'http://localhost:30352/session/0b16907db1ef7ee93ab59e3cad5ff08d/url'
01:33:11.963 [Forwarding getCurrentUrl on session 0b16907db1ef7ee93ab59e3cad5ff08d to remote] DEBUG org.asynchttpclient.netty.request.NettyRequestSender - Using open Channel [id: 0x5300c6e4, L:/127.0.0.1:58446 - R:localhost/127.0.0.1:30352] for GET '/session/0b16907db1ef7ee93ab59e3cad5ff08d/url'
01:33:11.967 [AsyncHttpClient-1-9] DEBUG org.asynchttpclient.netty.handler.HttpHandler - 

Request DefaultFullHttpRequest(decodeResult: success, version: HTTP/1.1, content: EmptyByteBufBE)
GET /session/0b16907db1ef7ee93ab59e3cad5ff08d/url HTTP/1.1
User-Agent: selenium/4.8.1 (java windows)
Cache-Control: no-cache
Content-Type: application/json; charset=utf-8
host: localhost:30352
accept: */*

Response DefaultHttpResponse(decodeResult: success, version: HTTP/1.1)
HTTP/1.1 200 OK
Content-Length: 54
Content-Type: application/json; charset=utf-8
cache-control: no-cache

01:33:11.967 [AsyncHttpClient-1-9] DEBUG org.asynchttpclient.netty.channel.ChannelManager - Adding key: http://localhost:30352 for channel [id: 0x5300c6e4, L:/127.0.0.1:58446 - R:localhost/127.0.0.1:30352]
01:33:11.975 [Forwarding getPageSource on session 0b16907db1ef7ee93ab59e3cad5ff08d to remote] DEBUG org.asynchttpclient.netty.request.NettyRequestSender - Using pooled Channel '[id: 0x5300c6e4, L:/127.0.0.1:58446 - R:localhost/127.0.0.1:30352]' for 'POST' to 'http://localhost:30352/session/0b16907db1ef7ee93ab59e3cad5ff08d/execute/sync'
01:33:11.975 [Forwarding getPageSource on session 0b16907db1ef7ee93ab59e3cad5ff08d to remote] DEBUG org.asynchttpclient.netty.request.NettyRequestSender - Using open Channel [id: 0x5300c6e4, L:/127.0.0.1:58446 - R:localhost/127.0.0.1:30352] for POST '/session/0b16907db1ef7ee93ab59e3cad5ff08d/execute/sync'
01:33:11.983 [AsyncHttpClient-1-9] DEBUG org.asynchttpclient.netty.handler.HttpHandler - 

Request DefaultHttpRequest(decodeResult: success, version: HTTP/1.1)
POST /session/0b16907db1ef7ee93ab59e3cad5ff08d/execute/sync HTTP/1.1
User-Agent: selenium/4.8.1 (java windows)
Content-Length: 176
Content-Type: application/json; charset=utf-8
host: localhost:30352
accept: */*

Response DefaultHttpResponse(decodeResult: success, version: HTTP/1.1)
HTTP/1.1 200 OK
Content-Length: 22435
Content-Type: application/json; charset=utf-8
cache-control: no-cache

01:33:11.983 [AsyncHttpClient-1-9] DEBUG org.asynchttpclient.netty.channel.ChannelManager - Adding key: http://localhost:30352 for channel [id: 0x5300c6e4, L:/127.0.0.1:58446 - R:localhost/127.0.0.1:30352]
01:33:11.987 [Forwarding getCurrentUrl on session 0b16907db1ef7ee93ab59e3cad5ff08d to remote] DEBUG org.asynchttpclient.netty.request.NettyRequestSender - Using pooled Channel '[id: 0x5300c6e4, L:/127.0.0.1:58446 - R:localhost/127.0.0.1:30352]' for 'GET' to 'http://localhost:30352/session/0b16907db1ef7ee93ab59e3cad5ff08d/url'
01:33:11.987 [Forwarding getCurrentUrl on session 0b16907db1ef7ee93ab59e3cad5ff08d to remote] DEBUG org.asynchttpclient.netty.request.NettyRequestSender - Using open Channel [id: 0x5300c6e4, L:/127.0.0.1:58446 - R:localhost/127.0.0.1:30352] for GET '/session/0b16907db1ef7ee93ab59e3cad5ff08d/url'
01:33:11.991 [AsyncHttpClient-1-9] DEBUG org.asynchttpclient.netty.handler.HttpHandler - 

Request DefaultFullHttpRequest(decodeResult: success, version: HTTP/1.1, content: EmptyByteBufBE)
GET /session/0b16907db1ef7ee93ab59e3cad5ff08d/url HTTP/1.1
User-Agent: selenium/4.8.1 (java windows)
Cache-Control: no-cache
Content-Type: application/json; charset=utf-8
host: localhost:30352
accept: */*

Response DefaultHttpResponse(decodeResult: success, version: HTTP/1.1)
HTTP/1.1 200 OK
Content-Length: 54
Content-Type: application/json; charset=utf-8
cache-control: no-cache

01:33:11.991 [AsyncHttpClient-1-9] DEBUG org.asynchttpclient.netty.channel.ChannelManager - Adding key: http://localhost:30352 for channel [id: 0x5300c6e4, L:/127.0.0.1:58446 - R:localhost/127.0.0.1:30352]
01:33:11.993 [main] DEBUG net.thucydides.core.steps.StepInterceptor - STARTING STEP: LoginSteps.enterValidEmailRegister - inputEmailRegister
01:33:11.998 [Forwarding findElement on session 0b16907db1ef7ee93ab59e3cad5ff08d to remote] DEBUG org.asynchttpclient.netty.request.NettyRequestSender - Using pooled Channel '[id: 0x5300c6e4, L:/127.0.0.1:58446 - R:localhost/127.0.0.1:30352]' for 'POST' to 'http://localhost:30352/session/0b16907db1ef7ee93ab59e3cad5ff08d/element'
01:33:11.998 [Forwarding findElement on session 0b16907db1ef7ee93ab59e3cad5ff08d to remote] DEBUG org.asynchttpclient.netty.request.NettyRequestSender - Using open Channel [id: 0x5300c6e4, L:/127.0.0.1:58446 - R:localhost/127.0.0.1:30352] for POST '/session/0b16907db1ef7ee93ab59e3cad5ff08d/element'
01:33:12.013 [AsyncHttpClient-1-9] DEBUG org.asynchttpclient.netty.handler.HttpHandler - 

Request DefaultHttpRequest(decodeResult: success, version: HTTP/1.1)
POST /session/0b16907db1ef7ee93ab59e3cad5ff08d/element HTTP/1.1
User-Agent: selenium/4.8.1 (java windows)
Content-Length: 187
Content-Type: application/json; charset=utf-8
host: localhost:30352
accept: */*

Response DefaultHttpResponse(decodeResult: success, version: HTTP/1.1)
HTTP/1.1 200 OK
Content-Length: 88
Content-Type: application/json; charset=utf-8
cache-control: no-cache

01:33:12.014 [AsyncHttpClient-1-9] DEBUG org.asynchttpclient.netty.channel.ChannelManager - Adding key: http://localhost:30352 for channel [id: 0x5300c6e4, L:/127.0.0.1:58446 - R:localhost/127.0.0.1:30352]
01:33:12.015 [Forwarding clearElement on session 0b16907db1ef7ee93ab59e3cad5ff08d to remote] DEBUG org.asynchttpclient.netty.request.NettyRequestSender - Using pooled Channel '[id: 0x5300c6e4, L:/127.0.0.1:58446 - R:localhost/127.0.0.1:30352]' for 'POST' to 'http://localhost:30352/session/0b16907db1ef7ee93ab59e3cad5ff08d/element/3b2ca376-7882-477a-a1fd-43dcfab9a709/clear'
01:33:12.015 [Forwarding clearElement on session 0b16907db1ef7ee93ab59e3cad5ff08d to remote] DEBUG org.asynchttpclient.netty.request.NettyRequestSender - Using open Channel [id: 0x5300c6e4, L:/127.0.0.1:58446 - R:localhost/127.0.0.1:30352] for POST '/session/0b16907db1ef7ee93ab59e3cad5ff08d/element/3b2ca376-7882-477a-a1fd-43dcfab9a709/clear'
01:33:12.057 [AsyncHttpClient-1-9] DEBUG org.asynchttpclient.netty.handler.HttpHandler - 

Request DefaultHttpRequest(decodeResult: success, version: HTTP/1.1)
POST /session/0b16907db1ef7ee93ab59e3cad5ff08d/element/3b2ca376-7882-477a-a1fd-43dcfab9a709/clear HTTP/1.1
User-Agent: selenium/4.8.1 (java windows)
Content-Length: 50
Content-Type: application/json; charset=utf-8
host: localhost:30352
accept: */*

Response DefaultHttpResponse(decodeResult: success, version: HTTP/1.1)
HTTP/1.1 200 OK
Content-Length: 14
Content-Type: application/json; charset=utf-8
cache-control: no-cache

01:33:12.058 [AsyncHttpClient-1-9] DEBUG org.asynchttpclient.netty.channel.ChannelManager - Adding key: http://localhost:30352 for channel [id: 0x5300c6e4, L:/127.0.0.1:58446 - R:localhost/127.0.0.1:30352]
01:33:12.059 [Forwarding sendKeysToElement on session 0b16907db1ef7ee93ab59e3cad5ff08d to remote] DEBUG org.asynchttpclient.netty.request.NettyRequestSender - Using pooled Channel '[id: 0x5300c6e4, L:/127.0.0.1:58446 - R:localhost/127.0.0.1:30352]' for 'POST' to 'http://localhost:30352/session/0b16907db1ef7ee93ab59e3cad5ff08d/element/3b2ca376-7882-477a-a1fd-43dcfab9a709/value'
01:33:12.059 [Forwarding sendKeysToElement on session 0b16907db1ef7ee93ab59e3cad5ff08d to remote] DEBUG org.asynchttpclient.netty.request.NettyRequestSender - Using open Channel [id: 0x5300c6e4, L:/127.0.0.1:58446 - R:localhost/127.0.0.1:30352] for POST '/session/0b16907db1ef7ee93ab59e3cad5ff08d/element/3b2ca376-7882-477a-a1fd-43dcfab9a709/value'
01:33:12.184 [AsyncHttpClient-1-9] DEBUG org.asynchttpclient.netty.handler.HttpHandler - 

Request DefaultHttpRequest(decodeResult: success, version: HTTP/1.1)
POST /session/0b16907db1ef7ee93ab59e3cad5ff08d/element/3b2ca376-7882-477a-a1fd-43dcfab9a709/value HTTP/1.1
User-Agent: selenium/4.8.1 (java windows)
Content-Length: 291
Content-Type: application/json; charset=utf-8
host: localhost:30352
accept: */*

Response DefaultHttpResponse(decodeResult: success, version: HTTP/1.1)
HTTP/1.1 200 OK
Content-Length: 14
Content-Type: application/json; charset=utf-8
cache-control: no-cache

01:33:12.184 [AsyncHttpClient-1-9] DEBUG org.asynchttpclient.netty.channel.ChannelManager - Adding key: http://localhost:30352 for channel [id: 0x5300c6e4, L:/127.0.0.1:58446 - R:localhost/127.0.0.1:30352]
01:33:12.190 [Forwarding getAlertText on session 0b16907db1ef7ee93ab59e3cad5ff08d to remote] DEBUG org.asynchttpclient.netty.request.NettyRequestSender - Using pooled Channel '[id: 0x5300c6e4, L:/127.0.0.1:58446 - R:localhost/127.0.0.1:30352]' for 'GET' to 'http://localhost:30352/session/0b16907db1ef7ee93ab59e3cad5ff08d/alert/text'
01:33:12.190 [Forwarding getAlertText on session 0b16907db1ef7ee93ab59e3cad5ff08d to remote] DEBUG org.asynchttpclient.netty.request.NettyRequestSender - Using open Channel [id: 0x5300c6e4, L:/127.0.0.1:58446 - R:localhost/127.0.0.1:30352] for GET '/session/0b16907db1ef7ee93ab59e3cad5ff08d/alert/text'
01:33:12.192 [AsyncHttpClient-1-9] DEBUG org.asynchttpclient.netty.handler.HttpHandler - 

Request DefaultFullHttpRequest(decodeResult: success, version: HTTP/1.1, content: EmptyByteBufBE)
GET /session/0b16907db1ef7ee93ab59e3cad5ff08d/alert/text HTTP/1.1
User-Agent: selenium/4.8.1 (java windows)
Cache-Control: no-cache
Content-Type: application/json; charset=utf-8
host: localhost:30352
accept: */*

Response DefaultHttpResponse(decodeResult: success, version: HTTP/1.1)
HTTP/1.1 404 Not Found
Content-Length: 816
Content-Type: application/json; charset=utf-8
cache-control: no-cache

01:33:12.192 [AsyncHttpClient-1-9] DEBUG org.asynchttpclient.netty.channel.ChannelManager - Adding key: http://localhost:30352 for channel [id: 0x5300c6e4, L:/127.0.0.1:58446 - R:localhost/127.0.0.1:30352]
01:33:12.193 [Forwarding getCurrentUrl on session 0b16907db1ef7ee93ab59e3cad5ff08d to remote] DEBUG org.asynchttpclient.netty.request.NettyRequestSender - Using pooled Channel '[id: 0x5300c6e4, L:/127.0.0.1:58446 - R:localhost/127.0.0.1:30352]' for 'GET' to 'http://localhost:30352/session/0b16907db1ef7ee93ab59e3cad5ff08d/url'
01:33:12.194 [Forwarding getCurrentUrl on session 0b16907db1ef7ee93ab59e3cad5ff08d to remote] DEBUG org.asynchttpclient.netty.request.NettyRequestSender - Using open Channel [id: 0x5300c6e4, L:/127.0.0.1:58446 - R:localhost/127.0.0.1:30352] for GET '/session/0b16907db1ef7ee93ab59e3cad5ff08d/url'
01:33:12.198 [AsyncHttpClient-1-9] DEBUG org.asynchttpclient.netty.handler.HttpHandler - 

Request DefaultFullHttpRequest(decodeResult: success, version: HTTP/1.1, content: EmptyByteBufBE)
GET /session/0b16907db1ef7ee93ab59e3cad5ff08d/url HTTP/1.1
User-Agent: selenium/4.8.1 (java windows)
Cache-Control: no-cache
Content-Type: application/json; charset=utf-8
host: localhost:30352
accept: */*

Response DefaultHttpResponse(decodeResult: success, version: HTTP/1.1)
HTTP/1.1 200 OK
Content-Length: 54
Content-Type: application/json; charset=utf-8
cache-control: no-cache

01:33:12.198 [AsyncHttpClient-1-9] DEBUG org.asynchttpclient.netty.channel.ChannelManager - Adding key: http://localhost:30352 for channel [id: 0x5300c6e4, L:/127.0.0.1:58446 - R:localhost/127.0.0.1:30352]
01:33:12.198 [Forwarding screenshot on session 0b16907db1ef7ee93ab59e3cad5ff08d to remote] DEBUG org.asynchttpclient.netty.request.NettyRequestSender - Using pooled Channel '[id: 0x5300c6e4, L:/127.0.0.1:58446 - R:localhost/127.0.0.1:30352]' for 'GET' to 'http://localhost:30352/session/0b16907db1ef7ee93ab59e3cad5ff08d/screenshot'
01:33:12.198 [Forwarding screenshot on session 0b16907db1ef7ee93ab59e3cad5ff08d to remote] DEBUG org.asynchttpclient.netty.request.NettyRequestSender - Using open Channel [id: 0x5300c6e4, L:/127.0.0.1:58446 - R:localhost/127.0.0.1:30352] for GET '/session/0b16907db1ef7ee93ab59e3cad5ff08d/screenshot'
01:33:12.341 [AsyncHttpClient-1-9] DEBUG org.asynchttpclient.netty.handler.HttpHandler - 

Request DefaultFullHttpRequest(decodeResult: success, version: HTTP/1.1, content: EmptyByteBufBE)
GET /session/0b16907db1ef7ee93ab59e3cad5ff08d/screenshot HTTP/1.1
User-Agent: selenium/4.8.1 (java windows)
Cache-Control: no-cache
Content-Type: application/json; charset=utf-8
host: localhost:30352
accept: */*

Response DefaultHttpResponse(decodeResult: success, version: HTTP/1.1)
HTTP/1.1 200 OK
Content-Length: 55524
Content-Type: application/json; charset=utf-8
cache-control: no-cache

01:33:12.341 [AsyncHttpClient-1-9] DEBUG org.asynchttpclient.netty.channel.ChannelManager - Adding key: http://localhost:30352 for channel [id: 0x5300c6e4, L:/127.0.0.1:58446 - R:localhost/127.0.0.1:30352]
01:33:12.345 [main] DEBUG net.serenitybdd.core.photography.Darkroom - Send negative for processing for target\site\serenity\40159ac9d3108035c7aa558b7e9c1464534158be36093c1d2e45951865273df5.png
01:33:12.345 [main] DEBUG net.thucydides.core.steps.StepInterceptor - STEP DONE: inputEmailRegister
  &amp#27;[32mAnd &amp#27;[0m&amp#27;[32mI enter valid email in register&amp#27;[0m                        &amp#27;[90m# starter.stepdefinitions.LoginSteps.enterValidEmailRegister()&amp#27;[0m
01:33:12.345 [Darkroom Processing Line] DEBUG net.serenitybdd.core.photography.DarkroomProcessingLine - Processing screenshot image in /var/screenshots/screenshot-8789288405617885213
01:33:12.345 [Darkroom Processing Line] DEBUG net.serenitybdd.core.photography.DarkroomProcessingLine - Saving screenshot to target\site\serenity\40159ac9d3108035c7aa558b7e9c1464534158be36093c1d2e45951865273df5.png
01:33:12.354 [Forwarding getPageSource on session 0b16907db1ef7ee93ab59e3cad5ff08d to remote] DEBUG org.asynchttpclient.netty.request.NettyRequestSender - Using pooled Channel '[id: 0x5300c6e4, L:/127.0.0.1:58446 - R:localhost/127.0.0.1:30352]' for 'POST' to 'http://localhost:30352/session/0b16907db1ef7ee93ab59e3cad5ff08d/execute/sync'
01:33:12.354 [Forwarding getPageSource on session 0b16907db1ef7ee93ab59e3cad5ff08d to remote] DEBUG org.asynchttpclient.netty.request.NettyRequestSender - Using open Channel [id: 0x5300c6e4, L:/127.0.0.1:58446 - R:localhost/127.0.0.1:30352] for POST '/session/0b16907db1ef7ee93ab59e3cad5ff08d/execute/sync'
01:33:12.362 [AsyncHttpClient-1-9] DEBUG org.asynchttpclient.netty.handler.HttpHandler - 

Request DefaultHttpRequest(decodeResult: success, version: HTTP/1.1)
POST /session/0b16907db1ef7ee93ab59e3cad5ff08d/execute/sync HTTP/1.1
User-Agent: selenium/4.8.1 (java windows)
Content-Length: 176
Content-Type: application/json; charset=utf-8
host: localhost:30352
accept: */*

Response DefaultHttpResponse(decodeResult: success, version: HTTP/1.1)
HTTP/1.1 200 OK
Content-Length: 22494
Content-Type: application/json; charset=utf-8
cache-control: no-cache

01:33:12.362 [AsyncHttpClient-1-9] DEBUG org.asynchttpclient.netty.channel.ChannelManager - Adding key: http://localhost:30352 for channel [id: 0x5300c6e4, L:/127.0.0.1:58446 - R:localhost/127.0.0.1:30352]
01:33:12.364 [Forwarding getCurrentUrl on session 0b16907db1ef7ee93ab59e3cad5ff08d to remote] DEBUG org.asynchttpclient.netty.request.NettyRequestSender - Using pooled Channel '[id: 0x5300c6e4, L:/127.0.0.1:58446 - R:localhost/127.0.0.1:30352]' for 'GET' to 'http://localhost:30352/session/0b16907db1ef7ee93ab59e3cad5ff08d/url'
01:33:12.364 [Forwarding getCurrentUrl on session 0b16907db1ef7ee93ab59e3cad5ff08d to remote] DEBUG org.asynchttpclient.netty.request.NettyRequestSender - Using open Channel [id: 0x5300c6e4, L:/127.0.0.1:58446 - R:localhost/127.0.0.1:30352] for GET '/session/0b16907db1ef7ee93ab59e3cad5ff08d/url'
01:33:12.368 [AsyncHttpClient-1-9] DEBUG org.asynchttpclient.netty.handler.HttpHandler - 

Request DefaultFullHttpRequest(decodeResult: success, version: HTTP/1.1, content: EmptyByteBufBE)
GET /session/0b16907db1ef7ee93ab59e3cad5ff08d/url HTTP/1.1
User-Agent: selenium/4.8.1 (java windows)
Cache-Control: no-cache
Content-Type: application/json; charset=utf-8
host: localhost:30352
accept: */*

Response DefaultHttpResponse(decodeResult: success, version: HTTP/1.1)
HTTP/1.1 200 OK
Content-Length: 54
Content-Type: application/json; charset=utf-8
cache-control: no-cache

01:33:12.368 [AsyncHttpClient-1-9] DEBUG org.asynchttpclient.netty.channel.ChannelManager - Adding key: http://localhost:30352 for channel [id: 0x5300c6e4, L:/127.0.0.1:58446 - R:localhost/127.0.0.1:30352]
01:33:12.376 [Forwarding getPageSource on session 0b16907db1ef7ee93ab59e3cad5ff08d to remote] DEBUG org.asynchttpclient.netty.request.NettyRequestSender - Using pooled Channel '[id: 0x5300c6e4, L:/127.0.0.1:58446 - R:localhost/127.0.0.1:30352]' for 'POST' to 'http://localhost:30352/session/0b16907db1ef7ee93ab59e3cad5ff08d/execute/sync'
01:33:12.376 [Forwarding getPageSource on session 0b16907db1ef7ee93ab59e3cad5ff08d to remote] DEBUG org.asynchttpclient.netty.request.NettyRequestSender - Using open Channel [id: 0x5300c6e4, L:/127.0.0.1:58446 - R:localhost/127.0.0.1:30352] for POST '/session/0b16907db1ef7ee93ab59e3cad5ff08d/execute/sync'
01:33:12.382 [AsyncHttpClient-1-9] DEBUG org.asynchttpclient.netty.handler.HttpHandler - 

Request DefaultHttpRequest(decodeResult: success, version: HTTP/1.1)
POST /session/0b16907db1ef7ee93ab59e3cad5ff08d/execute/sync HTTP/1.1
User-Agent: selenium/4.8.1 (java windows)
Content-Length: 176
Content-Type: application/json; charset=utf-8
host: localhost:30352
accept: */*

Response DefaultHttpResponse(decodeResult: success, version: HTTP/1.1)
HTTP/1.1 200 OK
Content-Length: 22494
Content-Type: application/json; charset=utf-8
cache-control: no-cache

01:33:12.382 [AsyncHttpClient-1-9] DEBUG org.asynchttpclient.netty.channel.ChannelManager - Adding key: http://localhost:30352 for channel [id: 0x5300c6e4, L:/127.0.0.1:58446 - R:localhost/127.0.0.1:30352]
01:33:12.385 [Forwarding getCurrentUrl on session 0b16907db1ef7ee93ab59e3cad5ff08d to remote] DEBUG org.asynchttpclient.netty.request.NettyRequestSender - Using pooled Channel '[id: 0x5300c6e4, L:/127.0.0.1:58446 - R:localhost/127.0.0.1:30352]' for 'GET' to 'http://localhost:30352/session/0b16907db1ef7ee93ab59e3cad5ff08d/url'
01:33:12.385 [Forwarding getCurrentUrl on session 0b16907db1ef7ee93ab59e3cad5ff08d to remote] DEBUG org.asynchttpclient.netty.request.NettyRequestSender - Using open Channel [id: 0x5300c6e4, L:/127.0.0.1:58446 - R:localhost/127.0.0.1:30352] for GET '/session/0b16907db1ef7ee93ab59e3cad5ff08d/url'
01:33:12.388 [AsyncHttpClient-1-9] DEBUG org.asynchttpclient.netty.handler.HttpHandler - 

Request DefaultFullHttpRequest(decodeResult: success, version: HTTP/1.1, content: EmptyByteBufBE)
GET /session/0b16907db1ef7ee93ab59e3cad5ff08d/url HTTP/1.1
User-Agent: selenium/4.8.1 (java windows)
Cache-Control: no-cache
Content-Type: application/json; charset=utf-8
host: localhost:30352
accept: */*

Response DefaultHttpResponse(decodeResult: success, version: HTTP/1.1)
HTTP/1.1 200 OK
Content-Length: 54
Content-Type: application/json; charset=utf-8
cache-control: no-cache

01:33:12.388 [AsyncHttpClient-1-9] DEBUG org.asynchttpclient.netty.channel.ChannelManager - Adding key: http://localhost:30352 for channel [id: 0x5300c6e4, L:/127.0.0.1:58446 - R:localhost/127.0.0.1:30352]
01:33:12.390 [main] DEBUG net.thucydides.core.steps.StepInterceptor - STARTING STEP: LoginSteps.enterValidPasswordRegister - inputPassword
01:33:12.392 [Forwarding findElement on session 0b16907db1ef7ee93ab59e3cad5ff08d to remote] DEBUG org.asynchttpclient.netty.request.NettyRequestSender - Using pooled Channel '[id: 0x5300c6e4, L:/127.0.0.1:58446 - R:localhost/127.0.0.1:30352]' for 'POST' to 'http://localhost:30352/session/0b16907db1ef7ee93ab59e3cad5ff08d/element'
01:33:12.392 [Forwarding findElement on session 0b16907db1ef7ee93ab59e3cad5ff08d to remote] DEBUG org.asynchttpclient.netty.request.NettyRequestSender - Using open Channel [id: 0x5300c6e4, L:/127.0.0.1:58446 - R:localhost/127.0.0.1:30352] for POST '/session/0b16907db1ef7ee93ab59e3cad5ff08d/element'
01:33:12.407 [AsyncHttpClient-1-9] DEBUG org.asynchttpclient.netty.handler.HttpHandler - 

Request DefaultHttpRequest(decodeResult: success, version: HTTP/1.1)
POST /session/0b16907db1ef7ee93ab59e3cad5ff08d/element HTTP/1.1
User-Agent: selenium/4.8.1 (java windows)
Content-Length: 187
Content-Type: application/json; charset=utf-8
host: localhost:30352
accept: */*

Response DefaultHttpResponse(decodeResult: success, version: HTTP/1.1)
HTTP/1.1 200 OK
Content-Length: 88
Content-Type: application/json; charset=utf-8
cache-control: no-cache

01:33:12.407 [AsyncHttpClient-1-9] DEBUG org.asynchttpclient.netty.channel.ChannelManager - Adding key: http://localhost:30352 for channel [id: 0x5300c6e4, L:/127.0.0.1:58446 - R:localhost/127.0.0.1:30352]
01:33:12.408 [Forwarding clearElement on session 0b16907db1ef7ee93ab59e3cad5ff08d to remote] DEBUG org.asynchttpclient.netty.request.NettyRequestSender - Using pooled Channel '[id: 0x5300c6e4, L:/127.0.0.1:58446 - R:localhost/127.0.0.1:30352]' for 'POST' to 'http://localhost:30352/session/0b16907db1ef7ee93ab59e3cad5ff08d/element/b3e7ab0e-f2cd-4142-ba60-553608a867ee/clear'
01:33:12.408 [Forwarding clearElement on session 0b16907db1ef7ee93ab59e3cad5ff08d to remote] DEBUG org.asynchttpclient.netty.request.NettyRequestSender - Using open Channel [id: 0x5300c6e4, L:/127.0.0.1:58446 - R:localhost/127.0.0.1:30352] for POST '/session/0b16907db1ef7ee93ab59e3cad5ff08d/element/b3e7ab0e-f2cd-4142-ba60-553608a867ee/clear'
01:33:12.451 [AsyncHttpClient-1-9] DEBUG org.asynchttpclient.netty.handler.HttpHandler - 

Request DefaultHttpRequest(decodeResult: success, version: HTTP/1.1)
POST /session/0b16907db1ef7ee93ab59e3cad5ff08d/element/b3e7ab0e-f2cd-4142-ba60-553608a867ee/clear HTTP/1.1
User-Agent: selenium/4.8.1 (java windows)
Content-Length: 50
Content-Type: application/json; charset=utf-8
host: localhost:30352
accept: */*

Response DefaultHttpResponse(decodeResult: success, version: HTTP/1.1)
HTTP/1.1 200 OK
Content-Length: 14
Content-Type: application/json; charset=utf-8
cache-control: no-cache

01:33:12.451 [AsyncHttpClient-1-9] DEBUG org.asynchttpclient.netty.channel.ChannelManager - Adding key: http://localhost:30352 for channel [id: 0x5300c6e4, L:/127.0.0.1:58446 - R:localhost/127.0.0.1:30352]
01:33:12.452 [Forwarding sendKeysToElement on session 0b16907db1ef7ee93ab59e3cad5ff08d to remote] DEBUG org.asynchttpclient.netty.request.NettyRequestSender - Using pooled Channel '[id: 0x5300c6e4, L:/127.0.0.1:58446 - R:localhost/127.0.0.1:30352]' for 'POST' to 'http://localhost:30352/session/0b16907db1ef7ee93ab59e3cad5ff08d/element/b3e7ab0e-f2cd-4142-ba60-553608a867ee/value'
01:33:12.452 [Forwarding sendKeysToElement on session 0b16907db1ef7ee93ab59e3cad5ff08d to remote] DEBUG org.asynchttpclient.netty.request.NettyRequestSender - Using open Channel [id: 0x5300c6e4, L:/127.0.0.1:58446 - R:localhost/127.0.0.1:30352] for POST '/session/0b16907db1ef7ee93ab59e3cad5ff08d/element/b3e7ab0e-f2cd-4142-ba60-553608a867ee/value'
01:33:12.526 [AsyncHttpClient-1-9] DEBUG org.asynchttpclient.netty.handler.HttpHandler - 

Request DefaultHttpRequest(decodeResult: success, version: HTTP/1.1)
POST /session/0b16907db1ef7ee93ab59e3cad5ff08d/element/b3e7ab0e-f2cd-4142-ba60-553608a867ee/value HTTP/1.1
User-Agent: selenium/4.8.1 (java windows)
Content-Length: 161
Content-Type: application/json; charset=utf-8
host: localhost:30352
accept: */*

Response DefaultHttpResponse(decodeResult: success, version: HTTP/1.1)
HTTP/1.1 200 OK
Content-Length: 14
Content-Type: application/json; charset=utf-8
cache-control: no-cache

01:33:12.526 [AsyncHttpClient-1-9] DEBUG org.asynchttpclient.netty.channel.ChannelManager - Adding key: http://localhost:30352 for channel [id: 0x5300c6e4, L:/127.0.0.1:58446 - R:localhost/127.0.0.1:30352]
01:33:12.532 [Forwarding getAlertText on session 0b16907db1ef7ee93ab59e3cad5ff08d to remote] DEBUG org.asynchttpclient.netty.request.NettyRequestSender - Using pooled Channel '[id: 0x5300c6e4, L:/127.0.0.1:58446 - R:localhost/127.0.0.1:30352]' for 'GET' to 'http://localhost:30352/session/0b16907db1ef7ee93ab59e3cad5ff08d/alert/text'
01:33:12.533 [Forwarding getAlertText on session 0b16907db1ef7ee93ab59e3cad5ff08d to remote] DEBUG org.asynchttpclient.netty.request.NettyRequestSender - Using open Channel [id: 0x5300c6e4, L:/127.0.0.1:58446 - R:localhost/127.0.0.1:30352] for GET '/session/0b16907db1ef7ee93ab59e3cad5ff08d/alert/text'
01:33:12.534 [AsyncHttpClient-1-9] DEBUG org.asynchttpclient.netty.handler.HttpHandler - 

Request DefaultFullHttpRequest(decodeResult: success, version: HTTP/1.1, content: EmptyByteBufBE)
GET /session/0b16907db1ef7ee93ab59e3cad5ff08d/alert/text HTTP/1.1
User-Agent: selenium/4.8.1 (java windows)
Cache-Control: no-cache
Content-Type: application/json; charset=utf-8
host: localhost:30352
accept: */*

Response DefaultHttpResponse(decodeResult: success, version: HTTP/1.1)
HTTP/1.1 404 Not Found
Content-Length: 816
Content-Type: application/json; charset=utf-8
cache-control: no-cache

01:33:12.534 [AsyncHttpClient-1-9] DEBUG org.asynchttpclient.netty.channel.ChannelManager - Adding key: http://localhost:30352 for channel [id: 0x5300c6e4, L:/127.0.0.1:58446 - R:localhost/127.0.0.1:30352]
01:33:12.535 [Forwarding getCurrentUrl on session 0b16907db1ef7ee93ab59e3cad5ff08d to remote] DEBUG org.asynchttpclient.netty.request.NettyRequestSender - Using pooled Channel '[id: 0x5300c6e4, L:/127.0.0.1:58446 - R:localhost/127.0.0.1:30352]' for 'GET' to 'http://localhost:30352/session/0b16907db1ef7ee93ab59e3cad5ff08d/url'
01:33:12.535 [Forwarding getCurrentUrl on session 0b16907db1ef7ee93ab59e3cad5ff08d to remote] DEBUG org.asynchttpclient.netty.request.NettyRequestSender - Using open Channel [id: 0x5300c6e4, L:/127.0.0.1:58446 - R:localhost/127.0.0.1:30352] for GET '/session/0b16907db1ef7ee93ab59e3cad5ff08d/url'
01:33:12.538 [AsyncHttpClient-1-9] DEBUG org.asynchttpclient.netty.handler.HttpHandler - 

Request DefaultFullHttpRequest(decodeResult: success, version: HTTP/1.1, content: EmptyByteBufBE)
GET /session/0b16907db1ef7ee93ab59e3cad5ff08d/url HTTP/1.1
User-Agent: selenium/4.8.1 (java windows)
Cache-Control: no-cache
Content-Type: application/json; charset=utf-8
host: localhost:30352
accept: */*

Response DefaultHttpResponse(decodeResult: success, version: HTTP/1.1)
HTTP/1.1 200 OK
Content-Length: 54
Content-Type: application/json; charset=utf-8
cache-control: no-cache

01:33:12.539 [AsyncHttpClient-1-9] DEBUG org.asynchttpclient.netty.channel.ChannelManager - Adding key: http://localhost:30352 for channel [id: 0x5300c6e4, L:/127.0.0.1:58446 - R:localhost/127.0.0.1:30352]
01:33:12.539 [Forwarding screenshot on session 0b16907db1ef7ee93ab59e3cad5ff08d to remote] DEBUG org.asynchttpclient.netty.request.NettyRequestSender - Using pooled Channel '[id: 0x5300c6e4, L:/127.0.0.1:58446 - R:localhost/127.0.0.1:30352]' for 'GET' to 'http://localhost:30352/session/0b16907db1ef7ee93ab59e3cad5ff08d/screenshot'
01:33:12.539 [Forwarding screenshot on session 0b16907db1ef7ee93ab59e3cad5ff08d to remote] DEBUG org.asynchttpclient.netty.request.NettyRequestSender - Using open Channel [id: 0x5300c6e4, L:/127.0.0.1:58446 - R:localhost/127.0.0.1:30352] for GET '/session/0b16907db1ef7ee93ab59e3cad5ff08d/screenshot'
01:33:12.669 [AsyncHttpClient-1-9] DEBUG org.asynchttpclient.netty.handler.HttpHandler - 

Request DefaultFullHttpRequest(decodeResult: success, version: HTTP/1.1, content: EmptyByteBufBE)
GET /session/0b16907db1ef7ee93ab59e3cad5ff08d/screenshot HTTP/1.1
User-Agent: selenium/4.8.1 (java windows)
Cache-Control: no-cache
Content-Type: application/json; charset=utf-8
host: localhost:30352
accept: */*

Response DefaultHttpResponse(decodeResult: success, version: HTTP/1.1)
HTTP/1.1 200 OK
Content-Length: 58196
Content-Type: application/json; charset=utf-8
cache-control: no-cache

01:33:12.669 [AsyncHttpClient-1-9] DEBUG org.asynchttpclient.netty.channel.ChannelManager - Adding key: http://localhost:30352 for channel [id: 0x5300c6e4, L:/127.0.0.1:58446 - R:localhost/127.0.0.1:30352]
01:33:12.672 [main] DEBUG net.serenitybdd.core.photography.Darkroom - Send negative for processing for target\site\serenity\67553d8950059965baf329a4a2c3984d218e477d47660433002ad7dec828b359.png
01:33:12.672 [main] DEBUG net.thucydides.core.steps.StepInterceptor - STEP DONE: inputPassword
  &amp#27;[32mAnd &amp#27;[0m&amp#27;[32mI enter valid password in register&amp#27;[0m                     &amp#27;[90m# starter.stepdefinitions.LoginSteps.enterValidPasswordRegister()&amp#27;[0m
01:33:12.672 [Darkroom Processing Line] DEBUG net.serenitybdd.core.photography.DarkroomProcessingLine - Processing screenshot image in /var/screenshots/screenshot-3965391299833234647
01:33:12.672 [Darkroom Processing Line] DEBUG net.serenitybdd.core.photography.DarkroomProcessingLine - Saving screenshot to target\site\serenity\67553d8950059965baf329a4a2c3984d218e477d47660433002ad7dec828b359.png
01:33:12.681 [Forwarding getPageSource on session 0b16907db1ef7ee93ab59e3cad5ff08d to remote] DEBUG org.asynchttpclient.netty.request.NettyRequestSender - Using pooled Channel '[id: 0x5300c6e4, L:/127.0.0.1:58446 - R:localhost/127.0.0.1:30352]' for 'POST' to 'http://localhost:30352/session/0b16907db1ef7ee93ab59e3cad5ff08d/execute/sync'
01:33:12.681 [Forwarding getPageSource on session 0b16907db1ef7ee93ab59e3cad5ff08d to remote] DEBUG org.asynchttpclient.netty.request.NettyRequestSender - Using open Channel [id: 0x5300c6e4, L:/127.0.0.1:58446 - R:localhost/127.0.0.1:30352] for POST '/session/0b16907db1ef7ee93ab59e3cad5ff08d/execute/sync'
01:33:12.687 [AsyncHttpClient-1-9] DEBUG org.asynchttpclient.netty.handler.HttpHandler - 

Request DefaultHttpRequest(decodeResult: success, version: HTTP/1.1)
POST /session/0b16907db1ef7ee93ab59e3cad5ff08d/execute/sync HTTP/1.1
User-Agent: selenium/4.8.1 (java windows)
Content-Length: 176
Content-Type: application/json; charset=utf-8
host: localhost:30352
accept: */*

Response DefaultHttpResponse(decodeResult: success, version: HTTP/1.1)
HTTP/1.1 200 OK
Content-Length: 22553
Content-Type: application/json; charset=utf-8
cache-control: no-cache

01:33:12.687 [AsyncHttpClient-1-9] DEBUG org.asynchttpclient.netty.channel.ChannelManager - Adding key: http://localhost:30352 for channel [id: 0x5300c6e4, L:/127.0.0.1:58446 - R:localhost/127.0.0.1:30352]
01:33:12.690 [Forwarding getCurrentUrl on session 0b16907db1ef7ee93ab59e3cad5ff08d to remote] DEBUG org.asynchttpclient.netty.request.NettyRequestSender - Using pooled Channel '[id: 0x5300c6e4, L:/127.0.0.1:58446 - R:localhost/127.0.0.1:30352]' for 'GET' to 'http://localhost:30352/session/0b16907db1ef7ee93ab59e3cad5ff08d/url'
01:33:12.690 [Forwarding getCurrentUrl on session 0b16907db1ef7ee93ab59e3cad5ff08d to remote] DEBUG org.asynchttpclient.netty.request.NettyRequestSender - Using open Channel [id: 0x5300c6e4, L:/127.0.0.1:58446 - R:localhost/127.0.0.1:30352] for GET '/session/0b16907db1ef7ee93ab59e3cad5ff08d/url'
01:33:12.695 [AsyncHttpClient-1-9] DEBUG org.asynchttpclient.netty.handler.HttpHandler - 

Request DefaultFullHttpRequest(decodeResult: success, version: HTTP/1.1, content: EmptyByteBufBE)
GET /session/0b16907db1ef7ee93ab59e3cad5ff08d/url HTTP/1.1
User-Agent: selenium/4.8.1 (java windows)
Cache-Control: no-cache
Content-Type: application/json; charset=utf-8
host: localhost:30352
accept: */*

Response DefaultHttpResponse(decodeResult: success, version: HTTP/1.1)
HTTP/1.1 200 OK
Content-Length: 54
Content-Type: application/json; charset=utf-8
cache-control: no-cache

01:33:12.695 [AsyncHttpClient-1-9] DEBUG org.asynchttpclient.netty.channel.ChannelManager - Adding key: http://localhost:30352 for channel [id: 0x5300c6e4, L:/127.0.0.1:58446 - R:localhost/127.0.0.1:30352]
01:33:12.700 [AsyncHttpClient-1-1] DEBUG org.asynchttpclient.netty.channel.DefaultChannelPool - Entry count for : http://localhost:58447 : 1
01:33:12.700 [AsyncHttpClient-1-1] DEBUG org.asynchttpclient.netty.channel.DefaultChannelPool - Entry count for : http://localhost:30352 : 1
01:33:12.702 [Forwarding getPageSource on session 0b16907db1ef7ee93ab59e3cad5ff08d to remote] DEBUG org.asynchttpclient.netty.request.NettyRequestSender - Using pooled Channel '[id: 0x5300c6e4, L:/127.0.0.1:58446 - R:localhost/127.0.0.1:30352]' for 'POST' to 'http://localhost:30352/session/0b16907db1ef7ee93ab59e3cad5ff08d/execute/sync'
01:33:12.702 [Forwarding getPageSource on session 0b16907db1ef7ee93ab59e3cad5ff08d to remote] DEBUG org.asynchttpclient.netty.request.NettyRequestSender - Using open Channel [id: 0x5300c6e4, L:/127.0.0.1:58446 - R:localhost/127.0.0.1:30352] for POST '/session/0b16907db1ef7ee93ab59e3cad5ff08d/execute/sync'
01:33:12.707 [AsyncHttpClient-1-9] DEBUG org.asynchttpclient.netty.handler.HttpHandler - 

Request DefaultHttpRequest(decodeResult: success, version: HTTP/1.1)
POST /session/0b16907db1ef7ee93ab59e3cad5ff08d/execute/sync HTTP/1.1
User-Agent: selenium/4.8.1 (java windows)
Content-Length: 176
Content-Type: application/json; charset=utf-8
host: localhost:30352
accept: */*

Response DefaultHttpResponse(decodeResult: success, version: HTTP/1.1)
HTTP/1.1 200 OK
Content-Length: 22553
Content-Type: application/json; charset=utf-8
cache-control: no-cache

01:33:12.708 [AsyncHttpClient-1-9] DEBUG org.asynchttpclient.netty.channel.ChannelManager - Adding key: http://localhost:30352 for channel [id: 0x5300c6e4, L:/127.0.0.1:58446 - R:localhost/127.0.0.1:30352]
01:33:12.711 [Forwarding getCurrentUrl on session 0b16907db1ef7ee93ab59e3cad5ff08d to remote] DEBUG org.asynchttpclient.netty.request.NettyRequestSender - Using pooled Channel '[id: 0x5300c6e4, L:/127.0.0.1:58446 - R:localhost/127.0.0.1:30352]' for 'GET' to 'http://localhost:30352/session/0b16907db1ef7ee93ab59e3cad5ff08d/url'
01:33:12.711 [Forwarding getCurrentUrl on session 0b16907db1ef7ee93ab59e3cad5ff08d to remote] DEBUG org.asynchttpclient.netty.request.NettyRequestSender - Using open Channel [id: 0x5300c6e4, L:/127.0.0.1:58446 - R:localhost/127.0.0.1:30352] for GET '/session/0b16907db1ef7ee93ab59e3cad5ff08d/url'
01:33:12.714 [AsyncHttpClient-1-9] DEBUG org.asynchttpclient.netty.handler.HttpHandler - 

Request DefaultFullHttpRequest(decodeResult: success, version: HTTP/1.1, content: EmptyByteBufBE)
GET /session/0b16907db1ef7ee93ab59e3cad5ff08d/url HTTP/1.1
User-Agent: selenium/4.8.1 (java windows)
Cache-Control: no-cache
Content-Type: application/json; charset=utf-8
host: localhost:30352
accept: */*

Response DefaultHttpResponse(decodeResult: success, version: HTTP/1.1)
HTTP/1.1 200 OK
Content-Length: 54
Content-Type: application/json; charset=utf-8
cache-control: no-cache

01:33:12.714 [AsyncHttpClient-1-9] DEBUG org.asynchttpclient.netty.channel.ChannelManager - Adding key: http://localhost:30352 for channel [id: 0x5300c6e4, L:/127.0.0.1:58446 - R:localhost/127.0.0.1:30352]
01:33:12.716 [main] DEBUG net.thucydides.core.steps.StepInterceptor - STARTING STEP: LoginSteps.clickRegisterButton - clickRegisterButton
01:33:12.718 [Forwarding findElement on session 0b16907db1ef7ee93ab59e3cad5ff08d to remote] DEBUG org.asynchttpclient.netty.request.NettyRequestSender - Using pooled Channel '[id: 0x5300c6e4, L:/127.0.0.1:58446 - R:localhost/127.0.0.1:30352]' for 'POST' to 'http://localhost:30352/session/0b16907db1ef7ee93ab59e3cad5ff08d/element'
01:33:12.718 [Forwarding findElement on session 0b16907db1ef7ee93ab59e3cad5ff08d to remote] DEBUG org.asynchttpclient.netty.request.NettyRequestSender - Using open Channel [id: 0x5300c6e4, L:/127.0.0.1:58446 - R:localhost/127.0.0.1:30352] for POST '/session/0b16907db1ef7ee93ab59e3cad5ff08d/element'
01:33:12.728 [AsyncHttpClient-1-9] DEBUG org.asynchttpclient.netty.handler.HttpHandler - 

Request DefaultHttpRequest(decodeResult: success, version: HTTP/1.1)
POST /session/0b16907db1ef7ee93ab59e3cad5ff08d/element HTTP/1.1
User-Agent: selenium/4.8.1 (java windows)
Content-Length: 165
Content-Type: application/json; charset=utf-8
host: localhost:30352
accept: */*

Response DefaultHttpResponse(decodeResult: success, version: HTTP/1.1)
HTTP/1.1 200 OK
Content-Length: 88
Content-Type: application/json; charset=utf-8
cache-control: no-cache

01:33:12.728 [AsyncHttpClient-1-9] DEBUG org.asynchttpclient.netty.channel.ChannelManager - Adding key: http://localhost:30352 for channel [id: 0x5300c6e4, L:/127.0.0.1:58446 - R:localhost/127.0.0.1:30352]
01:33:12.729 [Forwarding getElementTagName on session 0b16907db1ef7ee93ab59e3cad5ff08d to remote] DEBUG org.asynchttpclient.netty.request.NettyRequestSender - Using pooled Channel '[id: 0x5300c6e4, L:/127.0.0.1:58446 - R:localhost/127.0.0.1:30352]' for 'GET' to 'http://localhost:30352/session/0b16907db1ef7ee93ab59e3cad5ff08d/element/9b44d5ef-31be-4e70-a53c-03f4630c19f0/name'
01:33:12.729 [Forwarding getElementTagName on session 0b16907db1ef7ee93ab59e3cad5ff08d to remote] DEBUG org.asynchttpclient.netty.request.NettyRequestSender - Using open Channel [id: 0x5300c6e4, L:/127.0.0.1:58446 - R:localhost/127.0.0.1:30352] for GET '/session/0b16907db1ef7ee93ab59e3cad5ff08d/element/9b44d5ef-31be-4e70-a53c-03f4630c19f0/name'
01:33:12.733 [AsyncHttpClient-1-9] DEBUG org.asynchttpclient.netty.handler.HttpHandler - 

Request DefaultFullHttpRequest(decodeResult: success, version: HTTP/1.1, content: EmptyByteBufBE)
GET /session/0b16907db1ef7ee93ab59e3cad5ff08d/element/9b44d5ef-31be-4e70-a53c-03f4630c19f0/name HTTP/1.1
User-Agent: selenium/4.8.1 (java windows)
Cache-Control: no-cache
Content-Type: application/json; charset=utf-8
host: localhost:30352
accept: */*

Response DefaultHttpResponse(decodeResult: success, version: HTTP/1.1)
HTTP/1.1 200 OK
Content-Length: 16
Content-Type: application/json; charset=utf-8
cache-control: no-cache

01:33:12.734 [AsyncHttpClient-1-9] DEBUG org.asynchttpclient.netty.channel.ChannelManager - Adding key: http://localhost:30352 for channel [id: 0x5300c6e4, L:/127.0.0.1:58446 - R:localhost/127.0.0.1:30352]
01:33:12.735 [Forwarding getElementTagName on session 0b16907db1ef7ee93ab59e3cad5ff08d to remote] DEBUG org.asynchttpclient.netty.request.NettyRequestSender - Using pooled Channel '[id: 0x5300c6e4, L:/127.0.0.1:58446 - R:localhost/127.0.0.1:30352]' for 'GET' to 'http://localhost:30352/session/0b16907db1ef7ee93ab59e3cad5ff08d/element/9b44d5ef-31be-4e70-a53c-03f4630c19f0/name'
01:33:12.735 [Forwarding getElementTagName on session 0b16907db1ef7ee93ab59e3cad5ff08d to remote] DEBUG org.asynchttpclient.netty.request.NettyRequestSender - Using open Channel [id: 0x5300c6e4, L:/127.0.0.1:58446 - R:localhost/127.0.0.1:30352] for GET '/session/0b16907db1ef7ee93ab59e3cad5ff08d/element/9b44d5ef-31be-4e70-a53c-03f4630c19f0/name'
01:33:12.738 [AsyncHttpClient-1-9] DEBUG org.asynchttpclient.netty.handler.HttpHandler - 

Request DefaultFullHttpRequest(decodeResult: success, version: HTTP/1.1, content: EmptyByteBufBE)
GET /session/0b16907db1ef7ee93ab59e3cad5ff08d/element/9b44d5ef-31be-4e70-a53c-03f4630c19f0/name HTTP/1.1
User-Agent: selenium/4.8.1 (java windows)
Cache-Control: no-cache
Content-Type: application/json; charset=utf-8
host: localhost:30352
accept: */*

Response DefaultHttpResponse(decodeResult: success, version: HTTP/1.1)
HTTP/1.1 200 OK
Content-Length: 16
Content-Type: application/json; charset=utf-8
cache-control: no-cache

01:33:12.738 [AsyncHttpClient-1-9] DEBUG org.asynchttpclient.netty.channel.ChannelManager - Adding key: http://localhost:30352 for channel [id: 0x5300c6e4, L:/127.0.0.1:58446 - R:localhost/127.0.0.1:30352]
01:33:12.740 [Forwarding findElement on session 0b16907db1ef7ee93ab59e3cad5ff08d to remote] DEBUG org.asynchttpclient.netty.request.NettyRequestSender - Using pooled Channel '[id: 0x5300c6e4, L:/127.0.0.1:58446 - R:localhost/127.0.0.1:30352]' for 'POST' to 'http://localhost:30352/session/0b16907db1ef7ee93ab59e3cad5ff08d/element'
01:33:12.740 [Forwarding findElement on session 0b16907db1ef7ee93ab59e3cad5ff08d to remote] DEBUG org.asynchttpclient.netty.request.NettyRequestSender - Using open Channel [id: 0x5300c6e4, L:/127.0.0.1:58446 - R:localhost/127.0.0.1:30352] for POST '/session/0b16907db1ef7ee93ab59e3cad5ff08d/element'
01:33:12.747 [AsyncHttpClient-1-9] DEBUG org.asynchttpclient.netty.handler.HttpHandler - 

Request DefaultHttpRequest(decodeResult: success, version: HTTP/1.1)
POST /session/0b16907db1ef7ee93ab59e3cad5ff08d/element HTTP/1.1
User-Agent: selenium/4.8.1 (java windows)
Content-Length: 165
Content-Type: application/json; charset=utf-8
host: localhost:30352
accept: */*

Response DefaultHttpResponse(decodeResult: success, version: HTTP/1.1)
HTTP/1.1 200 OK
Content-Length: 88
Content-Type: application/json; charset=utf-8
cache-control: no-cache

01:33:12.747 [AsyncHttpClient-1-9] DEBUG org.asynchttpclient.netty.channel.ChannelManager - Adding key: http://localhost:30352 for channel [id: 0x5300c6e4, L:/127.0.0.1:58446 - R:localhost/127.0.0.1:30352]
01:33:12.748 [Forwarding clickElement on session 0b16907db1ef7ee93ab59e3cad5ff08d to remote] DEBUG org.asynchttpclient.netty.request.NettyRequestSender - Using pooled Channel '[id: 0x5300c6e4, L:/127.0.0.1:58446 - R:localhost/127.0.0.1:30352]' for 'POST' to 'http://localhost:30352/session/0b16907db1ef7ee93ab59e3cad5ff08d/element/9b44d5ef-31be-4e70-a53c-03f4630c19f0/click'
01:33:12.748 [Forwarding clickElement on session 0b16907db1ef7ee93ab59e3cad5ff08d to remote] DEBUG org.asynchttpclient.netty.request.NettyRequestSender - Using open Channel [id: 0x5300c6e4, L:/127.0.0.1:58446 - R:localhost/127.0.0.1:30352] for POST '/session/0b16907db1ef7ee93ab59e3cad5ff08d/element/9b44d5ef-31be-4e70-a53c-03f4630c19f0/click'
01:33:12.799 [AsyncHttpClient-1-9] DEBUG org.asynchttpclient.netty.handler.HttpHandler - 

Request DefaultHttpRequest(decodeResult: success, version: HTTP/1.1)
POST /session/0b16907db1ef7ee93ab59e3cad5ff08d/element/9b44d5ef-31be-4e70-a53c-03f4630c19f0/click HTTP/1.1
User-Agent: selenium/4.8.1 (java windows)
Content-Length: 50
Content-Type: application/json; charset=utf-8
host: localhost:30352
accept: */*

Response DefaultHttpResponse(decodeResult: success, version: HTTP/1.1)
HTTP/1.1 200 OK
Content-Length: 14
Content-Type: application/json; charset=utf-8
cache-control: no-cache

01:33:12.799 [AsyncHttpClient-1-9] DEBUG org.asynchttpclient.netty.channel.ChannelManager - Adding key: http://localhost:30352 for channel [id: 0x5300c6e4, L:/127.0.0.1:58446 - R:localhost/127.0.0.1:30352]
01:33:12.808 [Forwarding getAlertText on session 0b16907db1ef7ee93ab59e3cad5ff08d to remote] DEBUG org.asynchttpclient.netty.request.NettyRequestSender - Using pooled Channel '[id: 0x5300c6e4, L:/127.0.0.1:58446 - R:localhost/127.0.0.1:30352]' for 'GET' to 'http://localhost:30352/session/0b16907db1ef7ee93ab59e3cad5ff08d/alert/text'
01:33:12.808 [Forwarding getAlertText on session 0b16907db1ef7ee93ab59e3cad5ff08d to remote] DEBUG org.asynchttpclient.netty.request.NettyRequestSender - Using open Channel [id: 0x5300c6e4, L:/127.0.0.1:58446 - R:localhost/127.0.0.1:30352] for GET '/session/0b16907db1ef7ee93ab59e3cad5ff08d/alert/text'
01:33:12.812 [AsyncHttpClient-1-9] DEBUG org.asynchttpclient.netty.handler.HttpHandler - 

Request DefaultFullHttpRequest(decodeResult: success, version: HTTP/1.1, content: EmptyByteBufBE)
GET /session/0b16907db1ef7ee93ab59e3cad5ff08d/alert/text HTTP/1.1
User-Agent: selenium/4.8.1 (java windows)
Cache-Control: no-cache
Content-Type: application/json; charset=utf-8
host: localhost:30352
accept: */*

Response DefaultHttpResponse(decodeResult: success, version: HTTP/1.1)
HTTP/1.1 404 Not Found
Content-Length: 816
Content-Type: application/json; charset=utf-8
cache-control: no-cache

01:33:12.812 [AsyncHttpClient-1-9] DEBUG org.asynchttpclient.netty.channel.ChannelManager - Adding key: http://localhost:30352 for channel [id: 0x5300c6e4, L:/127.0.0.1:58446 - R:localhost/127.0.0.1:30352]
01:33:12.813 [Forwarding getCurrentUrl on session 0b16907db1ef7ee93ab59e3cad5ff08d to remote] DEBUG org.asynchttpclient.netty.request.NettyRequestSender - Using pooled Channel '[id: 0x5300c6e4, L:/127.0.0.1:58446 - R:localhost/127.0.0.1:30352]' for 'GET' to 'http://localhost:30352/session/0b16907db1ef7ee93ab59e3cad5ff08d/url'
01:33:12.813 [Forwarding getCurrentUrl on session 0b16907db1ef7ee93ab59e3cad5ff08d to remote] DEBUG org.asynchttpclient.netty.request.NettyRequestSender - Using open Channel [id: 0x5300c6e4, L:/127.0.0.1:58446 - R:localhost/127.0.0.1:30352] for GET '/session/0b16907db1ef7ee93ab59e3cad5ff08d/url'
01:33:12.818 [AsyncHttpClient-1-9] DEBUG org.asynchttpclient.netty.handler.HttpHandler - 

Request DefaultFullHttpRequest(decodeResult: success, version: HTTP/1.1, content: EmptyByteBufBE)
GET /session/0b16907db1ef7ee93ab59e3cad5ff08d/url HTTP/1.1
User-Agent: selenium/4.8.1 (java windows)
Cache-Control: no-cache
Content-Type: application/json; charset=utf-8
host: localhost:30352
accept: */*

Response DefaultHttpResponse(decodeResult: success, version: HTTP/1.1)
HTTP/1.1 200 OK
Content-Length: 54
Content-Type: application/json; charset=utf-8
cache-control: no-cache

01:33:12.818 [AsyncHttpClient-1-9] DEBUG org.asynchttpclient.netty.channel.ChannelManager - Adding key: http://localhost:30352 for channel [id: 0x5300c6e4, L:/127.0.0.1:58446 - R:localhost/127.0.0.1:30352]
01:33:12.819 [Forwarding screenshot on session 0b16907db1ef7ee93ab59e3cad5ff08d to remote] DEBUG org.asynchttpclient.netty.request.NettyRequestSender - Using pooled Channel '[id: 0x5300c6e4, L:/127.0.0.1:58446 - R:localhost/127.0.0.1:30352]' for 'GET' to 'http://localhost:30352/session/0b16907db1ef7ee93ab59e3cad5ff08d/screenshot'
01:33:12.819 [Forwarding screenshot on session 0b16907db1ef7ee93ab59e3cad5ff08d to remote] DEBUG org.asynchttpclient.netty.request.NettyRequestSender - Using open Channel [id: 0x5300c6e4, L:/127.0.0.1:58446 - R:localhost/127.0.0.1:30352] for GET '/session/0b16907db1ef7ee93ab59e3cad5ff08d/screenshot'
01:33:13.059 [AsyncHttpClient-1-9] DEBUG org.asynchttpclient.netty.handler.HttpHandler - 

Request DefaultFullHttpRequest(decodeResult: success, version: HTTP/1.1, content: EmptyByteBufBE)
GET /session/0b16907db1ef7ee93ab59e3cad5ff08d/screenshot HTTP/1.1
User-Agent: selenium/4.8.1 (java windows)
Cache-Control: no-cache
Content-Type: application/json; charset=utf-8
host: localhost:30352
accept: */*

Response DefaultHttpResponse(decodeResult: success, version: HTTP/1.1)
HTTP/1.1 200 OK
Content-Length: 56788
Content-Type: application/json; charset=utf-8
cache-control: no-cache

01:33:13.060 [AsyncHttpClient-1-9] DEBUG org.asynchttpclient.netty.channel.ChannelManager - Adding key: http://localhost:30352 for channel [id: 0x5300c6e4, L:/127.0.0.1:58446 - R:localhost/127.0.0.1:30352]
01:33:13.062 [main] DEBUG net.serenitybdd.core.photography.Darkroom - Send negative for processing for target\site\serenity\a301b69bcff2ad6134e1ca868dd364dec183d9ee6668d5254ad3ddf36b489f15.png
01:33:13.063 [main] DEBUG net.thucydides.core.steps.StepInterceptor - STEP DONE: clickRegisterButton
  &amp#27;[32mAnd &amp#27;[0m&amp#27;[32mI click register button&amp#27;[0m                                &amp#27;[90m# starter.stepdefinitions.LoginSteps.clickRegisterButton()&amp#27;[0m
01:33:13.063 [Darkroom Processing Line] DEBUG net.serenitybdd.core.photography.DarkroomProcessingLine - Processing screenshot image in /var/screenshots/screenshot-1281366520749324458
01:33:13.063 [Darkroom Processing Line] DEBUG net.serenitybdd.core.photography.DarkroomProcessingLine - Saving screenshot to target\site\serenity\a301b69bcff2ad6134e1ca868dd364dec183d9ee6668d5254ad3ddf36b489f15.png
01:33:13.073 [Forwarding getPageSource on session 0b16907db1ef7ee93ab59e3cad5ff08d to remote] DEBUG org.asynchttpclient.netty.request.NettyRequestSender - Using pooled Channel '[id: 0x5300c6e4, L:/127.0.0.1:58446 - R:localhost/127.0.0.1:30352]' for 'POST' to 'http://localhost:30352/session/0b16907db1ef7ee93ab59e3cad5ff08d/execute/sync'
01:33:13.073 [Forwarding getPageSource on session 0b16907db1ef7ee93ab59e3cad5ff08d to remote] DEBUG org.asynchttpclient.netty.request.NettyRequestSender - Using open Channel [id: 0x5300c6e4, L:/127.0.0.1:58446 - R:localhost/127.0.0.1:30352] for POST '/session/0b16907db1ef7ee93ab59e3cad5ff08d/execute/sync'
01:33:13.078 [AsyncHttpClient-1-9] DEBUG org.asynchttpclient.netty.handler.HttpHandler - 

Request DefaultHttpRequest(decodeResult: success, version: HTTP/1.1)
POST /session/0b16907db1ef7ee93ab59e3cad5ff08d/execute/sync HTTP/1.1
User-Agent: selenium/4.8.1 (java windows)
Content-Length: 176
Content-Type: application/json; charset=utf-8
host: localhost:30352
accept: */*

Response DefaultHttpResponse(decodeResult: success, version: HTTP/1.1)
HTTP/1.1 200 OK
Content-Length: 21742
Content-Type: application/json; charset=utf-8
cache-control: no-cache

01:33:13.078 [AsyncHttpClient-1-9] DEBUG org.asynchttpclient.netty.channel.ChannelManager - Adding key: http://localhost:30352 for channel [id: 0x5300c6e4, L:/127.0.0.1:58446 - R:localhost/127.0.0.1:30352]
01:33:13.081 [Forwarding getCurrentUrl on session 0b16907db1ef7ee93ab59e3cad5ff08d to remote] DEBUG org.asynchttpclient.netty.request.NettyRequestSender - Using pooled Channel '[id: 0x5300c6e4, L:/127.0.0.1:58446 - R:localhost/127.0.0.1:30352]' for 'GET' to 'http://localhost:30352/session/0b16907db1ef7ee93ab59e3cad5ff08d/url'
01:33:13.081 [Forwarding getCurrentUrl on session 0b16907db1ef7ee93ab59e3cad5ff08d to remote] DEBUG org.asynchttpclient.netty.request.NettyRequestSender - Using open Channel [id: 0x5300c6e4, L:/127.0.0.1:58446 - R:localhost/127.0.0.1:30352] for GET '/session/0b16907db1ef7ee93ab59e3cad5ff08d/url'
01:33:13.084 [AsyncHttpClient-1-9] DEBUG org.asynchttpclient.netty.handler.HttpHandler - 

Request DefaultFullHttpRequest(decodeResult: success, version: HTTP/1.1, content: EmptyByteBufBE)
GET /session/0b16907db1ef7ee93ab59e3cad5ff08d/url HTTP/1.1
User-Agent: selenium/4.8.1 (java windows)
Cache-Control: no-cache
Content-Type: application/json; charset=utf-8
host: localhost:30352
accept: */*

Response DefaultHttpResponse(decodeResult: success, version: HTTP/1.1)
HTTP/1.1 200 OK
Content-Length: 51
Content-Type: application/json; charset=utf-8
cache-control: no-cache

01:33:13.084 [AsyncHttpClient-1-9] DEBUG org.asynchttpclient.netty.channel.ChannelManager - Adding key: http://localhost:30352 for channel [id: 0x5300c6e4, L:/127.0.0.1:58446 - R:localhost/127.0.0.1:30352]
01:33:13.091 [Forwarding getPageSource on session 0b16907db1ef7ee93ab59e3cad5ff08d to remote] DEBUG org.asynchttpclient.netty.request.NettyRequestSender - Using pooled Channel '[id: 0x5300c6e4, L:/127.0.0.1:58446 - R:localhost/127.0.0.1:30352]' for 'POST' to 'http://localhost:30352/session/0b16907db1ef7ee93ab59e3cad5ff08d/execute/sync'
01:33:13.091 [Forwarding getPageSource on session 0b16907db1ef7ee93ab59e3cad5ff08d to remote] DEBUG org.asynchttpclient.netty.request.NettyRequestSender - Using open Channel [id: 0x5300c6e4, L:/127.0.0.1:58446 - R:localhost/127.0.0.1:30352] for POST '/session/0b16907db1ef7ee93ab59e3cad5ff08d/execute/sync'
01:33:13.097 [AsyncHttpClient-1-9] DEBUG org.asynchttpclient.netty.handler.HttpHandler - 

Request DefaultHttpRequest(decodeResult: success, version: HTTP/1.1)
POST /session/0b16907db1ef7ee93ab59e3cad5ff08d/execute/sync HTTP/1.1
User-Agent: selenium/4.8.1 (java windows)
Content-Length: 176
Content-Type: application/json; charset=utf-8
host: localhost:30352
accept: */*

Response DefaultHttpResponse(decodeResult: success, version: HTTP/1.1)
HTTP/1.1 200 OK
Content-Length: 21742
Content-Type: application/json; charset=utf-8
cache-control: no-cache

01:33:13.097 [AsyncHttpClient-1-9] DEBUG org.asynchttpclient.netty.channel.ChannelManager - Adding key: http://localhost:30352 for channel [id: 0x5300c6e4, L:/127.0.0.1:58446 - R:localhost/127.0.0.1:30352]
01:33:13.099 [Forwarding getCurrentUrl on session 0b16907db1ef7ee93ab59e3cad5ff08d to remote] DEBUG org.asynchttpclient.netty.request.NettyRequestSender - Using pooled Channel '[id: 0x5300c6e4, L:/127.0.0.1:58446 - R:localhost/127.0.0.1:30352]' for 'GET' to 'http://localhost:30352/session/0b16907db1ef7ee93ab59e3cad5ff08d/url'
01:33:13.099 [Forwarding getCurrentUrl on session 0b16907db1ef7ee93ab59e3cad5ff08d to remote] DEBUG org.asynchttpclient.netty.request.NettyRequestSender - Using open Channel [id: 0x5300c6e4, L:/127.0.0.1:58446 - R:localhost/127.0.0.1:30352] for GET '/session/0b16907db1ef7ee93ab59e3cad5ff08d/url'
01:33:13.103 [AsyncHttpClient-1-9] DEBUG org.asynchttpclient.netty.handler.HttpHandler - 

Request DefaultFullHttpRequest(decodeResult: success, version: HTTP/1.1, content: EmptyByteBufBE)
GET /session/0b16907db1ef7ee93ab59e3cad5ff08d/url HTTP/1.1
User-Agent: selenium/4.8.1 (java windows)
Cache-Control: no-cache
Content-Type: application/json; charset=utf-8
host: localhost:30352
accept: */*

Response DefaultHttpResponse(decodeResult: success, version: HTTP/1.1)
HTTP/1.1 200 OK
Content-Length: 51
Content-Type: application/json; charset=utf-8
cache-control: no-cache

01:33:13.103 [AsyncHttpClient-1-9] DEBUG org.asynchttpclient.netty.channel.ChannelManager - Adding key: http://localhost:30352 for channel [id: 0x5300c6e4, L:/127.0.0.1:58446 - R:localhost/127.0.0.1:30352]
01:33:13.105 [main] DEBUG net.thucydides.core.steps.StepInterceptor - STARTING STEP: LoginSteps.successOnTheLoginPage - validateOnTheLoginPage
01:33:13.107 [Forwarding findElement on session 0b16907db1ef7ee93ab59e3cad5ff08d to remote] DEBUG org.asynchttpclient.netty.request.NettyRequestSender - Using pooled Channel '[id: 0x5300c6e4, L:/127.0.0.1:58446 - R:localhost/127.0.0.1:30352]' for 'POST' to 'http://localhost:30352/session/0b16907db1ef7ee93ab59e3cad5ff08d/element'
01:33:13.107 [Forwarding findElement on session 0b16907db1ef7ee93ab59e3cad5ff08d to remote] DEBUG org.asynchttpclient.netty.request.NettyRequestSender - Using open Channel [id: 0x5300c6e4, L:/127.0.0.1:58446 - R:localhost/127.0.0.1:30352] for POST '/session/0b16907db1ef7ee93ab59e3cad5ff08d/element'
01:33:13.116 [AsyncHttpClient-1-9] DEBUG org.asynchttpclient.netty.handler.HttpHandler - 

Request DefaultHttpRequest(decodeResult: success, version: HTTP/1.1)
POST /session/0b16907db1ef7ee93ab59e3cad5ff08d/element HTTP/1.1
User-Agent: selenium/4.8.1 (java windows)
Content-Length: 165
Content-Type: application/json; charset=utf-8
host: localhost:30352
accept: */*

Response DefaultHttpResponse(decodeResult: success, version: HTTP/1.1)
HTTP/1.1 200 OK
Content-Length: 88
Content-Type: application/json; charset=utf-8
cache-control: no-cache

01:33:13.116 [AsyncHttpClient-1-9] DEBUG org.asynchttpclient.netty.channel.ChannelManager - Adding key: http://localhost:30352 for channel [id: 0x5300c6e4, L:/127.0.0.1:58446 - R:localhost/127.0.0.1:30352]
01:33:13.118 [Forwarding isElementDisplayed on session 0b16907db1ef7ee93ab59e3cad5ff08d to remote] DEBUG org.asynchttpclient.netty.request.NettyRequestSender - Using pooled Channel '[id: 0x5300c6e4, L:/127.0.0.1:58446 - R:localhost/127.0.0.1:30352]' for 'POST' to 'http://localhost:30352/session/0b16907db1ef7ee93ab59e3cad5ff08d/execute/sync'
01:33:13.118 [Forwarding isElementDisplayed on session 0b16907db1ef7ee93ab59e3cad5ff08d to remote] DEBUG org.asynchttpclient.netty.request.NettyRequestSender - Using open Channel [id: 0x5300c6e4, L:/127.0.0.1:58446 - R:localhost/127.0.0.1:30352] for POST '/session/0b16907db1ef7ee93ab59e3cad5ff08d/execute/sync'
01:33:13.129 [AsyncHttpClient-1-9] DEBUG org.asynchttpclient.netty.handler.HttpHandler - 

Request DefaultHttpRequest(decodeResult: success, version: HTTP/1.1)
POST /session/0b16907db1ef7ee93ab59e3cad5ff08d/execute/sync HTTP/1.1
User-Agent: selenium/4.8.1 (java windows)
Content-Length: 48807
Content-Type: application/json; charset=utf-8
host: localhost:30352
accept: */*

Response DefaultHttpResponse(decodeResult: success, version: HTTP/1.1)
HTTP/1.1 200 OK
Content-Length: 14
Content-Type: application/json; charset=utf-8
cache-control: no-cache

01:33:13.129 [AsyncHttpClient-1-9] DEBUG org.asynchttpclient.netty.channel.ChannelManager - Adding key: http://localhost:30352 for channel [id: 0x5300c6e4, L:/127.0.0.1:58446 - R:localhost/127.0.0.1:30352]
01:33:13.133 [Forwarding getAlertText on session 0b16907db1ef7ee93ab59e3cad5ff08d to remote] DEBUG org.asynchttpclient.netty.request.NettyRequestSender - Using pooled Channel '[id: 0x5300c6e4, L:/127.0.0.1:58446 - R:localhost/127.0.0.1:30352]' for 'GET' to 'http://localhost:30352/session/0b16907db1ef7ee93ab59e3cad5ff08d/alert/text'
01:33:13.133 [Forwarding getAlertText on session 0b16907db1ef7ee93ab59e3cad5ff08d to remote] DEBUG org.asynchttpclient.netty.request.NettyRequestSender - Using open Channel [id: 0x5300c6e4, L:/127.0.0.1:58446 - R:localhost/127.0.0.1:30352] for GET '/session/0b16907db1ef7ee93ab59e3cad5ff08d/alert/text'
01:33:13.135 [AsyncHttpClient-1-9] DEBUG org.asynchttpclient.netty.handler.HttpHandler - 

Request DefaultFullHttpRequest(decodeResult: success, version: HTTP/1.1, content: EmptyByteBufBE)
GET /session/0b16907db1ef7ee93ab59e3cad5ff08d/alert/text HTTP/1.1
User-Agent: selenium/4.8.1 (java windows)
Cache-Control: no-cache
Content-Type: application/json; charset=utf-8
host: localhost:30352
accept: */*

Response DefaultHttpResponse(decodeResult: success, version: HTTP/1.1)
HTTP/1.1 404 Not Found
Content-Length: 816
Content-Type: application/json; charset=utf-8
cache-control: no-cache

01:33:13.135 [AsyncHttpClient-1-9] DEBUG org.asynchttpclient.netty.channel.ChannelManager - Adding key: http://localhost:30352 for channel [id: 0x5300c6e4, L:/127.0.0.1:58446 - R:localhost/127.0.0.1:30352]
01:33:13.136 [Forwarding getCurrentUrl on session 0b16907db1ef7ee93ab59e3cad5ff08d to remote] DEBUG org.asynchttpclient.netty.request.NettyRequestSender - Using pooled Channel '[id: 0x5300c6e4, L:/127.0.0.1:58446 - R:localhost/127.0.0.1:30352]' for 'GET' to 'http://localhost:30352/session/0b16907db1ef7ee93ab59e3cad5ff08d/url'
01:33:13.136 [Forwarding getCurrentUrl on session 0b16907db1ef7ee93ab59e3cad5ff08d to remote] DEBUG org.asynchttpclient.netty.request.NettyRequestSender - Using open Channel [id: 0x5300c6e4, L:/127.0.0.1:58446 - R:localhost/127.0.0.1:30352] for GET '/session/0b16907db1ef7ee93ab59e3cad5ff08d/url'
01:33:13.139 [AsyncHttpClient-1-9] DEBUG org.asynchttpclient.netty.handler.HttpHandler - 

Request DefaultFullHttpRequest(decodeResult: success, version: HTTP/1.1, content: EmptyByteBufBE)
GET /session/0b16907db1ef7ee93ab59e3cad5ff08d/url HTTP/1.1
User-Agent: selenium/4.8.1 (java windows)
Cache-Control: no-cache
Content-Type: application/json; charset=utf-8
host: localhost:30352
accept: */*

Response DefaultHttpResponse(decodeResult: success, version: HTTP/1.1)
HTTP/1.1 200 OK
Content-Length: 51
Content-Type: application/json; charset=utf-8
cache-control: no-cache

01:33:13.139 [AsyncHttpClient-1-9] DEBUG org.asynchttpclient.netty.channel.ChannelManager - Adding key: http://localhost:30352 for channel [id: 0x5300c6e4, L:/127.0.0.1:58446 - R:localhost/127.0.0.1:30352]
01:33:13.140 [Forwarding screenshot on session 0b16907db1ef7ee93ab59e3cad5ff08d to remote] DEBUG org.asynchttpclient.netty.request.NettyRequestSender - Using pooled Channel '[id: 0x5300c6e4, L:/127.0.0.1:58446 - R:localhost/127.0.0.1:30352]' for 'GET' to 'http://localhost:30352/session/0b16907db1ef7ee93ab59e3cad5ff08d/screenshot'
01:33:13.140 [Forwarding screenshot on session 0b16907db1ef7ee93ab59e3cad5ff08d to remote] DEBUG org.asynchttpclient.netty.request.NettyRequestSender - Using open Channel [id: 0x5300c6e4, L:/127.0.0.1:58446 - R:localhost/127.0.0.1:30352] for GET '/session/0b16907db1ef7ee93ab59e3cad5ff08d/screenshot'
01:33:13.249 [AsyncHttpClient-1-9] DEBUG org.asynchttpclient.netty.handler.HttpHandler - 

Request DefaultFullHttpRequest(decodeResult: success, version: HTTP/1.1, content: EmptyByteBufBE)
GET /session/0b16907db1ef7ee93ab59e3cad5ff08d/screenshot HTTP/1.1
User-Agent: selenium/4.8.1 (java windows)
Cache-Control: no-cache
Content-Type: application/json; charset=utf-8
host: localhost:30352
accept: */*

Response DefaultHttpResponse(decodeResult: success, version: HTTP/1.1)
HTTP/1.1 200 OK
Content-Length: 37680
Content-Type: application/json; charset=utf-8
cache-control: no-cache

01:33:13.250 [AsyncHttpClient-1-9] DEBUG org.asynchttpclient.netty.channel.ChannelManager - Adding key: http://localhost:30352 for channel [id: 0x5300c6e4, L:/127.0.0.1:58446 - R:localhost/127.0.0.1:30352]
01:33:13.252 [main] DEBUG net.serenitybdd.core.photography.Darkroom - Send negative for processing for target\site\serenity\617ccc73021c4cab9dfa54c5aa3482f15135817f8e58f0514fd8d62047c1a9ab.png
01:33:13.252 [main] DEBUG net.thucydides.core.steps.StepInterceptor - STEP DONE: validateOnTheLoginPage
  &amp#27;[32mThen &amp#27;[0m&amp#27;[32mI am success to register and switch on the login page&amp#27;[0m &amp#27;[90m# starter.stepdefinitions.LoginSteps.successOnTheLoginPage()&amp#27;[0m
01:33:13.257 [main] INFO  - 
  _____   ___   ___   _____     ___     _     ___   ___   ___   ___  
 |_   _| | __| / __| |_   _|   | _ \   /_\   / __| / __| | __| |   \ 
   | |   | _|  \__ \   | |     |  _/  / _ \  \__ \ \__ \ | _|  | |) |
   |_|   |___| |___/   |_|     |_|   /_/ \_\ |___/ |___/ |___| |___/ 

As user i have be able to success register
----------------------------------------------------------------------
01:33:13.258 [Driver Command Executor] DEBUG org.asynchttpclient.netty.request.NettyRequestSender - Using pooled Channel '[id: 0x5300c6e4, L:/127.0.0.1:58446 - R:localhost/127.0.0.1:30352]' for 'DELETE' to 'http://localhost:30352/session/0b16907db1ef7ee93ab59e3cad5ff08d'
01:33:13.258 [Driver Command Executor] DEBUG org.asynchttpclient.netty.request.NettyRequestSender - Using open Channel [id: 0x5300c6e4, L:/127.0.0.1:58446 - R:localhost/127.0.0.1:30352] for DELETE '/session/0b16907db1ef7ee93ab59e3cad5ff08d'
01:33:13.258 [AsyncHttpClient-1-11] DEBUG org.asynchttpclient.netty.handler.WebSocketHandler - Channel Closed: [id: 0x8ee93f0e, L:/127.0.0.1:58454 ! R:localhost/127.0.0.1:58447] with attribute NettyResponseFuture{currentRetry=0,
	isDone=1,
	isCancelled=0,
	asyncHandler=org.asynchttpclient.ws.WebSocketUpgradeHandler@22b1a3e5,
	nettyRequest=org.asynchttpclient.netty.request.NettyRequest@274dcfc5,
	future=java.util.concurrent.CompletableFuture@1213f760[Completed normally],
	uri=ws://localhost:58447/devtools/browser/ec749f4f-585f-45db-832b-37b5afe40c92,
	keepAlive=true,
	redirectCount=0,
	timeoutsHolder=null,
	inAuth=0,
	touch=1683484389903}
01:33:13.258 [AsyncHttpClient-1-11] DEBUG org.asynchttpclient.netty.channel.ChannelManager - Closing Channel [id: 0x8ee93f0e, L:/127.0.0.1:58454 ! R:localhost/127.0.0.1:58447] 
01:33:13.304 [AsyncHttpClient-1-10] DEBUG org.asynchttpclient.netty.handler.HttpHandler - Unexpected I/O exception on channel [id: 0x06b9553c, L:/127.0.0.1:58453 - R:localhost/127.0.0.1:58447]
java.io.IOException: An existing connection was forcibly closed by the remote host
	at sun.nio.ch.SocketDispatcher.read0(Native Method)
	at sun.nio.ch.SocketDispatcher.read(Unknown Source)
	at sun.nio.ch.IOUtil.readIntoNativeBuffer(Unknown Source)
	at sun.nio.ch.IOUtil.read(Unknown Source)
	at sun.nio.ch.SocketChannelImpl.read(Unknown Source)
	at io.netty.buffer.PooledByteBuf.setBytes(PooledByteBuf.java:259)
	at io.netty.buffer.AbstractByteBuf.writeBytes(AbstractByteBuf.java:1132)
	at io.netty.channel.socket.nio.NioSocketChannel.doReadBytes(NioSocketChannel.java:357)
	at io.netty.channel.nio.AbstractNioByteChannel$NioByteUnsafe.read(AbstractNioByteChannel.java:151)
	at io.netty.channel.nio.NioEventLoop.processSelectedKey(NioEventLoop.java:788)
	at io.netty.channel.nio.NioEventLoop.processSelectedKeysOptimized(NioEventLoop.java:724)
	at io.netty.channel.nio.NioEventLoop.processSelectedKeys(NioEventLoop.java:650)
	at io.netty.channel.nio.NioEventLoop.run(NioEventLoop.java:562)
	at io.netty.util.concurrent.SingleThreadEventExecutor$4.run(SingleThreadEventExecutor.java:997)
	at io.netty.util.internal.ThreadExecutorMap$2.run(ThreadExecutorMap.java:74)
	at io.netty.util.concurrent.FastThreadLocalRunnable.run(FastThreadLocalRunnable.java:30)
	at java.lang.Thread.run(Unknown Source)
01:33:13.304 [AsyncHttpClient-1-10] DEBUG org.asynchttpclient.netty.channel.ChannelManager - Closing Channel [id: 0x06b9553c, L:/127.0.0.1:58453 - R:localhost/127.0.0.1:58447] 
01:33:13.304 [AsyncHttpClient-1-10] DEBUG org.asynchttpclient.netty.handler.HttpHandler - Channel Closed: [id: 0x06b9553c, L:/127.0.0.1:58453 ! R:localhost/127.0.0.1:58447] with attribute DISCARD
01:33:13.322 [AsyncHttpClient-1-9] DEBUG org.asynchttpclient.netty.handler.HttpHandler - 

Request DefaultFullHttpRequest(decodeResult: success, version: HTTP/1.1, content: EmptyByteBufBE)
DELETE /session/0b16907db1ef7ee93ab59e3cad5ff08d HTTP/1.1
User-Agent: selenium/4.8.1 (java windows)
Content-Type: application/json; charset=utf-8
host: localhost:30352
accept: */*

Response DefaultHttpResponse(decodeResult: success, version: HTTP/1.1)
HTTP/1.1 200 OK
Content-Length: 14
Content-Type: application/json; charset=utf-8
cache-control: no-cache

01:33:13.322 [AsyncHttpClient-1-9] DEBUG org.asynchttpclient.netty.channel.ChannelManager - Adding key: http://localhost:30352 for channel [id: 0x5300c6e4, L:/127.0.0.1:58446 - R:localhost/127.0.0.1:30352]
01:33:13.380 [AsyncHttpClient-1-9] DEBUG org.asynchttpclient.netty.handler.HttpHandler - Channel Closed: [id: 0x5300c6e4, L:/127.0.0.1:58446 ! R:localhost/127.0.0.1:30352] with attribute DISCARD
01:33:13.790 [AsyncHttpClient-1-1] DEBUG org.asynchttpclient.netty.channel.DefaultChannelPool - Entry count for : http://localhost:58447 : 1
01:33:13.790 [AsyncHttpClient-1-1] DEBUG org.asynchttpclient.netty.channel.DefaultChannelPool - Entry count for : http://localhost:30352 : 1
01:33:13.790 [AsyncHttpClient-1-1] DEBUG org.asynchttpclient.netty.channel.DefaultChannelPool - Adding Candidate expired Channel [id: 0x06b9553c, L:/127.0.0.1:58453 ! R:localhost/127.0.0.1:58447] isIdleTimeoutExpired=false isRemotelyClosed=true isTtlExpired=false
01:33:13.790 [AsyncHttpClient-1-1] DEBUG org.asynchttpclient.netty.channel.DefaultChannelPool - Closing Idle Channel [id: 0x06b9553c, L:/127.0.0.1:58453 ! R:localhost/127.0.0.1:58447]
01:33:13.790 [AsyncHttpClient-1-1] DEBUG org.asynchttpclient.netty.channel.DefaultChannelPool - Adding Candidate expired Channel [id: 0x5300c6e4, L:/127.0.0.1:58446 ! R:localhost/127.0.0.1:30352] isIdleTimeoutExpired=false isRemotelyClosed=true isTtlExpired=false
01:33:13.790 [AsyncHttpClient-1-1] DEBUG org.asynchttpclient.netty.channel.DefaultChannelPool - Closing Idle Channel [id: 0x5300c6e4, L:/127.0.0.1:58446 ! R:localhost/127.0.0.1:30352]
01:33:13.790 [AsyncHttpClient-1-1] DEBUG org.asynchttpclient.netty.channel.DefaultChannelPool - Closed 2 connections out of 2 in 0 ms
]]></system-out>
    <system-err><![CDATA[Starting ChromeDriver 111.0.5563.64 (c710e93d5b63b7095afe8c2c17df34408078439d-refs/branch-heads/5563@{#995}) on port 30352
Only local connections are allowed.
Please see https://chromedriver.chromium.org/security-considerations for suggestions on keeping ChromeDriver safe.
ChromeDriver was started successfully.
[1683484389.846][WARNING]: This version of ChromeDriver has not been tested with Chrome version 112.
Mei 08, 2023 1:33:09 AM org.openqa.selenium.devtools.CdpVersionFinder findNearestMatch
WARNING: Unable to find an exact match for CDP version 112, so returning the closest version found: 110
]]></system-err>
  </testcase>
  <testcase name="As user i can view detail transactions of two products that have been purchased in the cart" classname="Transactions" time="9.182">
    <system-out><![CDATA[01:33:13.916 [main] DEBUG io.cucumber.core.plugin.SerenityReporter - Running feature from file:///D:/TUGAS%20SEMESTER%206/Mini%20Project/WebTest-MiniProject/src/test/resources/features/Transactions.feature
01:33:13.918 [main] DEBUG net.thucydides.core.steps.StepEventBus - Test suite started for story net.thucydides.core.model.Story@5c2ec4c8
01:33:13.919 [main] INFO  - Test Suite Started: Transactions

Scenario: As user i can view detail transactions of two products that have been purchased in the cart &amp#27;[90m# src/test/resources/features/Transactions.feature:3&amp#27;[0m
01:33:13.923 [main] DEBUG io.cucumber.core.plugin.SerenityReporter - Running feature from file:///D:/TUGAS%20SEMESTER%206/Mini%20Project/WebTest-MiniProject/src/test/resources/features/Transactions.feature
01:33:13.926 [main] INFO  - 
  _____   ___   ___   _____     ___   _____     _     ___   _____   ___   ___  
 |_   _| | __| / __| |_   _|   / __| |_   _|   /_\   | _ \ |_   _| | __| |   \ 
   | |   | _|  \__ \   | |     \__ \   | |    / _ \  |   /   | |   | _|  | |) |
   |_|   |___| |___/   |_|     |___/   |_|   /_/ \_\ |_|_\   |_|   |___| |___/ 

As user i can view detail transactions of two products that have been purchased in the cart(transactions;as-user-i-can-view-detail-transactions-of-two-products-that-have-been-purchased-in-the-cart)
--------------------------------------------------------------------------------
01:33:14.027 [main] INFO net.serenitybdd.core.webdriver.driverproviders.ChromeDriverProvider - Starting Chrome driver instance with capabilities:
01:33:14.028 [main] INFO net.serenitybdd.core.webdriver.driverproviders.ChromeDriverProvider - Capabilities {acceptInsecureCerts: false, browserName: chrome, goog:chromeOptions: {args: [remote-allow-origins=*], extensions: []}}
01:33:14.615 [AsyncHttpClient-1-12] DEBUG org.asynchttpclient.netty.channel.NettyConnectListener - Using new Channel '[id: 0xe988af06, L:/127.0.0.1:58469 - R:localhost/127.0.0.1:5928]' for 'POST' to '/session'
01:33:15.269 [AsyncHttpClient-1-12] DEBUG org.asynchttpclient.netty.handler.HttpHandler - 

Request DefaultHttpRequest(decodeResult: success, version: HTTP/1.1)
POST /session HTTP/1.1
User-Agent: selenium/4.8.1 (java windows)
Content-Length: 507
Content-Type: application/json; charset=utf-8
host: localhost:5928
accept: */*

Response DefaultHttpResponse(decodeResult: success, version: HTTP/1.1)
HTTP/1.1 200 OK
Content-Length: 858
Content-Type: application/json; charset=utf-8
cache-control: no-cache

01:33:15.269 [AsyncHttpClient-1-12] DEBUG org.asynchttpclient.netty.channel.ChannelManager - Adding key: http://localhost:5928 for channel [id: 0xe988af06, L:/127.0.0.1:58469 - R:localhost/127.0.0.1:5928]
01:33:15.290 [AsyncHttpClient-1-13] DEBUG org.asynchttpclient.netty.channel.NettyConnectListener - Using new Channel '[id: 0xfe7b2954, L:/127.0.0.1:58476 - R:localhost/127.0.0.1:58470]' for 'GET' to '/json/version'
01:33:15.291 [AsyncHttpClient-1-13] DEBUG org.asynchttpclient.netty.handler.HttpHandler - 

Request DefaultFullHttpRequest(decodeResult: success, version: HTTP/1.1, content: EmptyByteBufBE)
GET /json/version HTTP/1.1
User-Agent: selenium/4.8.1 (java windows)
host: localhost:58470
accept: */*

Response DefaultHttpResponse(decodeResult: success, version: HTTP/1.1)
HTTP/1.1 200 OK
Content-Security-Policy: frame-ancestors 'none'
Content-Length: 424
Content-Type: application/json; charset=UTF-8

01:33:15.291 [AsyncHttpClient-1-13] DEBUG org.asynchttpclient.netty.channel.ChannelManager - Adding key: http://localhost:58470 for channel [id: 0xfe7b2954, L:/127.0.0.1:58476 - R:localhost/127.0.0.1:58470]
01:33:15.295 [AsyncHttpClient-1-14] DEBUG org.asynchttpclient.netty.channel.NettyConnectListener - Using new Channel '[id: 0xb14f0970, L:/127.0.0.1:58477 - R:localhost/127.0.0.1:58470]' for 'GET' to '/devtools/browser/074fb61d-59c3-4994-8aba-b1fef905bbfc'
01:33:15.296 [AsyncHttpClient-1-14] DEBUG org.asynchttpclient.netty.handler.WebSocketHandler - 

Request DefaultFullHttpRequest(decodeResult: success, version: HTTP/1.1, content: EmptyByteBufBE)
GET /devtools/browser/074fb61d-59c3-4994-8aba-b1fef905bbfc HTTP/1.1
upgrade: websocket
connection: upgrade
sec-websocket-key: 82Nb6pwDvkhj6o/16msAOw==
sec-websocket-version: 13
origin: http://localhost:58470
host: localhost:58470
accept: */*
user-agent: AHC/2.1

Response DefaultHttpResponse(decodeResult: success, version: HTTP/1.1)
HTTP/1.1 101 WebSocket Protocol Handshake
Upgrade: WebSocket
Connection: Upgrade
Sec-WebSocket-Accept: Ha1SwMnCZWzi112viK9lmrSOYfs=

01:33:15.303 [Forwarding get on session 4965def4a0de6eabcdf0d4f811dccd22 to remote] DEBUG org.asynchttpclient.netty.request.NettyRequestSender - Using pooled Channel '[id: 0xe988af06, L:/127.0.0.1:58469 - R:localhost/127.0.0.1:5928]' for 'POST' to 'http://localhost:5928/session/4965def4a0de6eabcdf0d4f811dccd22/url'
01:33:15.303 [Forwarding get on session 4965def4a0de6eabcdf0d4f811dccd22 to remote] DEBUG org.asynchttpclient.netty.request.NettyRequestSender - Using open Channel [id: 0xe988af06, L:/127.0.0.1:58469 - R:localhost/127.0.0.1:5928] for POST '/session/4965def4a0de6eabcdf0d4f811dccd22/url'
01:33:15.978 [AsyncHttpClient-1-12] DEBUG org.asynchttpclient.netty.handler.HttpHandler - 

Request DefaultHttpRequest(decodeResult: success, version: HTTP/1.1)
POST /session/4965def4a0de6eabcdf0d4f811dccd22/url HTTP/1.1
User-Agent: selenium/4.8.1 (java windows)
Content-Length: 74
Content-Type: application/json; charset=utf-8
host: localhost:5928
accept: */*

Response DefaultHttpResponse(decodeResult: success, version: HTTP/1.1)
HTTP/1.1 200 OK
Content-Length: 14
Content-Type: application/json; charset=utf-8
cache-control: no-cache

01:33:15.978 [AsyncHttpClient-1-12] DEBUG org.asynchttpclient.netty.channel.ChannelManager - Adding key: http://localhost:5928 for channel [id: 0xe988af06, L:/127.0.0.1:58469 - R:localhost/127.0.0.1:5928]
01:33:15.979 [Forwarding setTimeout on session 4965def4a0de6eabcdf0d4f811dccd22 to remote] DEBUG org.asynchttpclient.netty.request.NettyRequestSender - Using pooled Channel '[id: 0xe988af06, L:/127.0.0.1:58469 - R:localhost/127.0.0.1:5928]' for 'POST' to 'http://localhost:5928/session/4965def4a0de6eabcdf0d4f811dccd22/timeouts'
01:33:15.979 [Forwarding setTimeout on session 4965def4a0de6eabcdf0d4f811dccd22 to remote] DEBUG org.asynchttpclient.netty.request.NettyRequestSender - Using open Channel [id: 0xe988af06, L:/127.0.0.1:58469 - R:localhost/127.0.0.1:5928] for POST '/session/4965def4a0de6eabcdf0d4f811dccd22/timeouts'
01:33:15.980 [AsyncHttpClient-1-12] DEBUG org.asynchttpclient.netty.handler.HttpHandler - 

Request DefaultHttpRequest(decodeResult: success, version: HTTP/1.1)
POST /session/4965def4a0de6eabcdf0d4f811dccd22/timeouts HTTP/1.1
User-Agent: selenium/4.8.1 (java windows)
Content-Length: 22
Content-Type: application/json; charset=utf-8
host: localhost:5928
accept: */*

Response DefaultHttpResponse(decodeResult: success, version: HTTP/1.1)
HTTP/1.1 200 OK
Content-Length: 14
Content-Type: application/json; charset=utf-8
cache-control: no-cache

01:33:15.980 [AsyncHttpClient-1-12] DEBUG org.asynchttpclient.netty.channel.ChannelManager - Adding key: http://localhost:5928 for channel [id: 0xe988af06, L:/127.0.0.1:58469 - R:localhost/127.0.0.1:5928]
01:33:15.988 [main] DEBUG net.serenitybdd.core.photography.Darkroom - Opening darkroom
01:33:15.988 [Darkroom Processing Line] DEBUG net.serenitybdd.core.photography.DarkroomProcessingLine - Darkroom processing line starting up
01:33:15.989 [Forwarding getAlertText on session 4965def4a0de6eabcdf0d4f811dccd22 to remote] DEBUG org.asynchttpclient.netty.request.NettyRequestSender - Using pooled Channel '[id: 0xe988af06, L:/127.0.0.1:58469 - R:localhost/127.0.0.1:5928]' for 'GET' to 'http://localhost:5928/session/4965def4a0de6eabcdf0d4f811dccd22/alert/text'
01:33:15.989 [Forwarding getAlertText on session 4965def4a0de6eabcdf0d4f811dccd22 to remote] DEBUG org.asynchttpclient.netty.request.NettyRequestSender - Using open Channel [id: 0xe988af06, L:/127.0.0.1:58469 - R:localhost/127.0.0.1:5928] for GET '/session/4965def4a0de6eabcdf0d4f811dccd22/alert/text'
01:33:15.990 [AsyncHttpClient-1-1] DEBUG org.asynchttpclient.netty.channel.DefaultChannelPool - Entry count for : http://localhost:58470 : 1
01:33:15.991 [AsyncHttpClient-1-12] DEBUG org.asynchttpclient.netty.handler.HttpHandler - 

Request DefaultFullHttpRequest(decodeResult: success, version: HTTP/1.1, content: EmptyByteBufBE)
GET /session/4965def4a0de6eabcdf0d4f811dccd22/alert/text HTTP/1.1
User-Agent: selenium/4.8.1 (java windows)
Cache-Control: no-cache
Content-Type: application/json; charset=utf-8
host: localhost:5928
accept: */*

Response DefaultHttpResponse(decodeResult: success, version: HTTP/1.1)
HTTP/1.1 404 Not Found
Content-Length: 816
Content-Type: application/json; charset=utf-8
cache-control: no-cache

01:33:15.992 [AsyncHttpClient-1-12] DEBUG org.asynchttpclient.netty.channel.ChannelManager - Adding key: http://localhost:5928 for channel [id: 0xe988af06, L:/127.0.0.1:58469 - R:localhost/127.0.0.1:5928]
01:33:15.993 [Forwarding getCurrentUrl on session 4965def4a0de6eabcdf0d4f811dccd22 to remote] DEBUG org.asynchttpclient.netty.request.NettyRequestSender - Using pooled Channel '[id: 0xe988af06, L:/127.0.0.1:58469 - R:localhost/127.0.0.1:5928]' for 'GET' to 'http://localhost:5928/session/4965def4a0de6eabcdf0d4f811dccd22/url'
01:33:15.993 [Forwarding getCurrentUrl on session 4965def4a0de6eabcdf0d4f811dccd22 to remote] DEBUG org.asynchttpclient.netty.request.NettyRequestSender - Using open Channel [id: 0xe988af06, L:/127.0.0.1:58469 - R:localhost/127.0.0.1:5928] for GET '/session/4965def4a0de6eabcdf0d4f811dccd22/url'
01:33:15.998 [AsyncHttpClient-1-12] DEBUG org.asynchttpclient.netty.handler.HttpHandler - 

Request DefaultFullHttpRequest(decodeResult: success, version: HTTP/1.1, content: EmptyByteBufBE)
GET /session/4965def4a0de6eabcdf0d4f811dccd22/url HTTP/1.1
User-Agent: selenium/4.8.1 (java windows)
Cache-Control: no-cache
Content-Type: application/json; charset=utf-8
host: localhost:5928
accept: */*

Response DefaultHttpResponse(decodeResult: success, version: HTTP/1.1)
HTTP/1.1 200 OK
Content-Length: 51
Content-Type: application/json; charset=utf-8
cache-control: no-cache

01:33:15.998 [AsyncHttpClient-1-12] DEBUG org.asynchttpclient.netty.channel.ChannelManager - Adding key: http://localhost:5928 for channel [id: 0xe988af06, L:/127.0.0.1:58469 - R:localhost/127.0.0.1:5928]
01:33:15.999 [Forwarding screenshot on session 4965def4a0de6eabcdf0d4f811dccd22 to remote] DEBUG org.asynchttpclient.netty.request.NettyRequestSender - Using pooled Channel '[id: 0xe988af06, L:/127.0.0.1:58469 - R:localhost/127.0.0.1:5928]' for 'GET' to 'http://localhost:5928/session/4965def4a0de6eabcdf0d4f811dccd22/screenshot'
01:33:15.999 [Forwarding screenshot on session 4965def4a0de6eabcdf0d4f811dccd22 to remote] DEBUG org.asynchttpclient.netty.request.NettyRequestSender - Using open Channel [id: 0xe988af06, L:/127.0.0.1:58469 - R:localhost/127.0.0.1:5928] for GET '/session/4965def4a0de6eabcdf0d4f811dccd22/screenshot'
01:33:16.233 [AsyncHttpClient-1-12] DEBUG org.asynchttpclient.netty.handler.HttpHandler - 

Request DefaultFullHttpRequest(decodeResult: success, version: HTTP/1.1, content: EmptyByteBufBE)
GET /session/4965def4a0de6eabcdf0d4f811dccd22/screenshot HTTP/1.1
User-Agent: selenium/4.8.1 (java windows)
Cache-Control: no-cache
Content-Type: application/json; charset=utf-8
host: localhost:5928
accept: */*

Response DefaultHttpResponse(decodeResult: success, version: HTTP/1.1)
HTTP/1.1 200 OK
Content-Length: 37680
Content-Type: application/json; charset=utf-8
cache-control: no-cache

01:33:16.233 [AsyncHttpClient-1-12] DEBUG org.asynchttpclient.netty.channel.ChannelManager - Adding key: http://localhost:5928 for channel [id: 0xe988af06, L:/127.0.0.1:58469 - R:localhost/127.0.0.1:5928]
01:33:16.236 [main] DEBUG net.serenitybdd.core.photography.Darkroom - Send negative for processing for target\site\serenity\617ccc73021c4cab9dfa54c5aa3482f15135817f8e58f0514fd8d62047c1a9ab.png
01:33:16.237 [Forwarding getPageSource on session 4965def4a0de6eabcdf0d4f811dccd22 to remote] DEBUG org.asynchttpclient.netty.request.NettyRequestSender - Using pooled Channel '[id: 0xe988af06, L:/127.0.0.1:58469 - R:localhost/127.0.0.1:5928]' for 'POST' to 'http://localhost:5928/session/4965def4a0de6eabcdf0d4f811dccd22/execute/sync'
01:33:16.237 [Forwarding getPageSource on session 4965def4a0de6eabcdf0d4f811dccd22 to remote] DEBUG org.asynchttpclient.netty.request.NettyRequestSender - Using open Channel [id: 0xe988af06, L:/127.0.0.1:58469 - R:localhost/127.0.0.1:5928] for POST '/session/4965def4a0de6eabcdf0d4f811dccd22/execute/sync'
01:33:16.244 [AsyncHttpClient-1-12] DEBUG org.asynchttpclient.netty.handler.HttpHandler - 

Request DefaultHttpRequest(decodeResult: success, version: HTTP/1.1)
POST /session/4965def4a0de6eabcdf0d4f811dccd22/execute/sync HTTP/1.1
User-Agent: selenium/4.8.1 (java windows)
Content-Length: 176
Content-Type: application/json; charset=utf-8
host: localhost:5928
accept: */*

Response DefaultHttpResponse(decodeResult: success, version: HTTP/1.1)
HTTP/1.1 200 OK
Content-Length: 21659
Content-Type: application/json; charset=utf-8
cache-control: no-cache

01:33:16.245 [AsyncHttpClient-1-12] DEBUG org.asynchttpclient.netty.channel.ChannelManager - Adding key: http://localhost:5928 for channel [id: 0xe988af06, L:/127.0.0.1:58469 - R:localhost/127.0.0.1:5928]
01:33:16.247 [Forwarding getCurrentUrl on session 4965def4a0de6eabcdf0d4f811dccd22 to remote] DEBUG org.asynchttpclient.netty.request.NettyRequestSender - Using pooled Channel '[id: 0xe988af06, L:/127.0.0.1:58469 - R:localhost/127.0.0.1:5928]' for 'GET' to 'http://localhost:5928/session/4965def4a0de6eabcdf0d4f811dccd22/url'
01:33:16.247 [Forwarding getCurrentUrl on session 4965def4a0de6eabcdf0d4f811dccd22 to remote] DEBUG org.asynchttpclient.netty.request.NettyRequestSender - Using open Channel [id: 0xe988af06, L:/127.0.0.1:58469 - R:localhost/127.0.0.1:5928] for GET '/session/4965def4a0de6eabcdf0d4f811dccd22/url'
01:33:16.250 [AsyncHttpClient-1-12] DEBUG org.asynchttpclient.netty.handler.HttpHandler - 

Request DefaultFullHttpRequest(decodeResult: success, version: HTTP/1.1, content: EmptyByteBufBE)
GET /session/4965def4a0de6eabcdf0d4f811dccd22/url HTTP/1.1
User-Agent: selenium/4.8.1 (java windows)
Cache-Control: no-cache
Content-Type: application/json; charset=utf-8
host: localhost:5928
accept: */*

Response DefaultHttpResponse(decodeResult: success, version: HTTP/1.1)
HTTP/1.1 200 OK
Content-Length: 51
Content-Type: application/json; charset=utf-8
cache-control: no-cache

01:33:16.251 [AsyncHttpClient-1-12] DEBUG org.asynchttpclient.netty.channel.ChannelManager - Adding key: http://localhost:5928 for channel [id: 0xe988af06, L:/127.0.0.1:58469 - R:localhost/127.0.0.1:5928]
01:33:16.252 [main] DEBUG net.thucydides.core.steps.StepInterceptor - STARTING STEP: LoginSteps.onTheLoginPage - validateOnTheLoginPage
01:33:16.254 [Forwarding findElement on session 4965def4a0de6eabcdf0d4f811dccd22 to remote] DEBUG org.asynchttpclient.netty.request.NettyRequestSender - Using pooled Channel '[id: 0xe988af06, L:/127.0.0.1:58469 - R:localhost/127.0.0.1:5928]' for 'POST' to 'http://localhost:5928/session/4965def4a0de6eabcdf0d4f811dccd22/element'
01:33:16.254 [Forwarding findElement on session 4965def4a0de6eabcdf0d4f811dccd22 to remote] DEBUG org.asynchttpclient.netty.request.NettyRequestSender - Using open Channel [id: 0xe988af06, L:/127.0.0.1:58469 - R:localhost/127.0.0.1:5928] for POST '/session/4965def4a0de6eabcdf0d4f811dccd22/element'
01:33:16.268 [AsyncHttpClient-1-12] DEBUG org.asynchttpclient.netty.handler.HttpHandler - 

Request DefaultHttpRequest(decodeResult: success, version: HTTP/1.1)
POST /session/4965def4a0de6eabcdf0d4f811dccd22/element HTTP/1.1
User-Agent: selenium/4.8.1 (java windows)
Content-Length: 165
Content-Type: application/json; charset=utf-8
host: localhost:5928
accept: */*

Response DefaultHttpResponse(decodeResult: success, version: HTTP/1.1)
HTTP/1.1 200 OK
Content-Length: 88
Content-Type: application/json; charset=utf-8
cache-control: no-cache

01:33:16.268 [AsyncHttpClient-1-12] DEBUG org.asynchttpclient.netty.channel.ChannelManager - Adding key: http://localhost:5928 for channel [id: 0xe988af06, L:/127.0.0.1:58469 - R:localhost/127.0.0.1:5928]
01:33:16.270 [Forwarding isElementDisplayed on session 4965def4a0de6eabcdf0d4f811dccd22 to remote] DEBUG org.asynchttpclient.netty.request.NettyRequestSender - Using pooled Channel '[id: 0xe988af06, L:/127.0.0.1:58469 - R:localhost/127.0.0.1:5928]' for 'POST' to 'http://localhost:5928/session/4965def4a0de6eabcdf0d4f811dccd22/execute/sync'
01:33:16.270 [Forwarding isElementDisplayed on session 4965def4a0de6eabcdf0d4f811dccd22 to remote] DEBUG org.asynchttpclient.netty.request.NettyRequestSender - Using open Channel [id: 0xe988af06, L:/127.0.0.1:58469 - R:localhost/127.0.0.1:5928] for POST '/session/4965def4a0de6eabcdf0d4f811dccd22/execute/sync'
01:33:16.286 [AsyncHttpClient-1-12] DEBUG org.asynchttpclient.netty.handler.HttpHandler - 

Request DefaultHttpRequest(decodeResult: success, version: HTTP/1.1)
POST /session/4965def4a0de6eabcdf0d4f811dccd22/execute/sync HTTP/1.1
User-Agent: selenium/4.8.1 (java windows)
Content-Length: 48807
Content-Type: application/json; charset=utf-8
host: localhost:5928
accept: */*

Response DefaultHttpResponse(decodeResult: success, version: HTTP/1.1)
HTTP/1.1 200 OK
Content-Length: 14
Content-Type: application/json; charset=utf-8
cache-control: no-cache

01:33:16.287 [AsyncHttpClient-1-12] DEBUG org.asynchttpclient.netty.channel.ChannelManager - Adding key: http://localhost:5928 for channel [id: 0xe988af06, L:/127.0.0.1:58469 - R:localhost/127.0.0.1:5928]
01:33:16.291 [Forwarding getAlertText on session 4965def4a0de6eabcdf0d4f811dccd22 to remote] DEBUG org.asynchttpclient.netty.request.NettyRequestSender - Using pooled Channel '[id: 0xe988af06, L:/127.0.0.1:58469 - R:localhost/127.0.0.1:5928]' for 'GET' to 'http://localhost:5928/session/4965def4a0de6eabcdf0d4f811dccd22/alert/text'
01:33:16.291 [Forwarding getAlertText on session 4965def4a0de6eabcdf0d4f811dccd22 to remote] DEBUG org.asynchttpclient.netty.request.NettyRequestSender - Using open Channel [id: 0xe988af06, L:/127.0.0.1:58469 - R:localhost/127.0.0.1:5928] for GET '/session/4965def4a0de6eabcdf0d4f811dccd22/alert/text'
01:33:16.293 [AsyncHttpClient-1-12] DEBUG org.asynchttpclient.netty.handler.HttpHandler - 

Request DefaultFullHttpRequest(decodeResult: success, version: HTTP/1.1, content: EmptyByteBufBE)
GET /session/4965def4a0de6eabcdf0d4f811dccd22/alert/text HTTP/1.1
User-Agent: selenium/4.8.1 (java windows)
Cache-Control: no-cache
Content-Type: application/json; charset=utf-8
host: localhost:5928
accept: */*

Response DefaultHttpResponse(decodeResult: success, version: HTTP/1.1)
HTTP/1.1 404 Not Found
Content-Length: 816
Content-Type: application/json; charset=utf-8
cache-control: no-cache

01:33:16.293 [AsyncHttpClient-1-12] DEBUG org.asynchttpclient.netty.channel.ChannelManager - Adding key: http://localhost:5928 for channel [id: 0xe988af06, L:/127.0.0.1:58469 - R:localhost/127.0.0.1:5928]
01:33:16.294 [Forwarding getCurrentUrl on session 4965def4a0de6eabcdf0d4f811dccd22 to remote] DEBUG org.asynchttpclient.netty.request.NettyRequestSender - Using pooled Channel '[id: 0xe988af06, L:/127.0.0.1:58469 - R:localhost/127.0.0.1:5928]' for 'GET' to 'http://localhost:5928/session/4965def4a0de6eabcdf0d4f811dccd22/url'
01:33:16.294 [Forwarding getCurrentUrl on session 4965def4a0de6eabcdf0d4f811dccd22 to remote] DEBUG org.asynchttpclient.netty.request.NettyRequestSender - Using open Channel [id: 0xe988af06, L:/127.0.0.1:58469 - R:localhost/127.0.0.1:5928] for GET '/session/4965def4a0de6eabcdf0d4f811dccd22/url'
01:33:16.297 [AsyncHttpClient-1-12] DEBUG org.asynchttpclient.netty.handler.HttpHandler - 

Request DefaultFullHttpRequest(decodeResult: success, version: HTTP/1.1, content: EmptyByteBufBE)
GET /session/4965def4a0de6eabcdf0d4f811dccd22/url HTTP/1.1
User-Agent: selenium/4.8.1 (java windows)
Cache-Control: no-cache
Content-Type: application/json; charset=utf-8
host: localhost:5928
accept: */*

Response DefaultHttpResponse(decodeResult: success, version: HTTP/1.1)
HTTP/1.1 200 OK
Content-Length: 51
Content-Type: application/json; charset=utf-8
cache-control: no-cache

01:33:16.297 [AsyncHttpClient-1-12] DEBUG org.asynchttpclient.netty.channel.ChannelManager - Adding key: http://localhost:5928 for channel [id: 0xe988af06, L:/127.0.0.1:58469 - R:localhost/127.0.0.1:5928]
01:33:16.297 [Forwarding screenshot on session 4965def4a0de6eabcdf0d4f811dccd22 to remote] DEBUG org.asynchttpclient.netty.request.NettyRequestSender - Using pooled Channel '[id: 0xe988af06, L:/127.0.0.1:58469 - R:localhost/127.0.0.1:5928]' for 'GET' to 'http://localhost:5928/session/4965def4a0de6eabcdf0d4f811dccd22/screenshot'
01:33:16.297 [Forwarding screenshot on session 4965def4a0de6eabcdf0d4f811dccd22 to remote] DEBUG org.asynchttpclient.netty.request.NettyRequestSender - Using open Channel [id: 0xe988af06, L:/127.0.0.1:58469 - R:localhost/127.0.0.1:5928] for GET '/session/4965def4a0de6eabcdf0d4f811dccd22/screenshot'
01:33:16.399 [AsyncHttpClient-1-12] DEBUG org.asynchttpclient.netty.handler.HttpHandler - 

Request DefaultFullHttpRequest(decodeResult: success, version: HTTP/1.1, content: EmptyByteBufBE)
GET /session/4965def4a0de6eabcdf0d4f811dccd22/screenshot HTTP/1.1
User-Agent: selenium/4.8.1 (java windows)
Cache-Control: no-cache
Content-Type: application/json; charset=utf-8
host: localhost:5928
accept: */*

Response DefaultHttpResponse(decodeResult: success, version: HTTP/1.1)
HTTP/1.1 200 OK
Content-Length: 37680
Content-Type: application/json; charset=utf-8
cache-control: no-cache

01:33:16.399 [AsyncHttpClient-1-12] DEBUG org.asynchttpclient.netty.channel.ChannelManager - Adding key: http://localhost:5928 for channel [id: 0xe988af06, L:/127.0.0.1:58469 - R:localhost/127.0.0.1:5928]
01:33:16.401 [main] DEBUG net.serenitybdd.core.photography.Darkroom - Send negative for processing for target\site\serenity\617ccc73021c4cab9dfa54c5aa3482f15135817f8e58f0514fd8d62047c1a9ab.png
01:33:16.401 [main] DEBUG net.thucydides.core.steps.StepInterceptor - STEP DONE: validateOnTheLoginPage
  &amp#27;[32mGiven &amp#27;[0m&amp#27;[32mI am on the login page&amp#27;[0m                                                                        &amp#27;[90m# starter.stepdefinitions.LoginSteps.onTheLoginPage()&amp#27;[0m
01:33:16.409 [Forwarding getPageSource on session 4965def4a0de6eabcdf0d4f811dccd22 to remote] DEBUG org.asynchttpclient.netty.request.NettyRequestSender - Using pooled Channel '[id: 0xe988af06, L:/127.0.0.1:58469 - R:localhost/127.0.0.1:5928]' for 'POST' to 'http://localhost:5928/session/4965def4a0de6eabcdf0d4f811dccd22/execute/sync'
01:33:16.409 [Forwarding getPageSource on session 4965def4a0de6eabcdf0d4f811dccd22 to remote] DEBUG org.asynchttpclient.netty.request.NettyRequestSender - Using open Channel [id: 0xe988af06, L:/127.0.0.1:58469 - R:localhost/127.0.0.1:5928] for POST '/session/4965def4a0de6eabcdf0d4f811dccd22/execute/sync'
01:33:16.413 [AsyncHttpClient-1-12] DEBUG org.asynchttpclient.netty.handler.HttpHandler - 

Request DefaultHttpRequest(decodeResult: success, version: HTTP/1.1)
POST /session/4965def4a0de6eabcdf0d4f811dccd22/execute/sync HTTP/1.1
User-Agent: selenium/4.8.1 (java windows)
Content-Length: 176
Content-Type: application/json; charset=utf-8
host: localhost:5928
accept: */*

Response DefaultHttpResponse(decodeResult: success, version: HTTP/1.1)
HTTP/1.1 200 OK
Content-Length: 21659
Content-Type: application/json; charset=utf-8
cache-control: no-cache

01:33:16.413 [AsyncHttpClient-1-12] DEBUG org.asynchttpclient.netty.channel.ChannelManager - Adding key: http://localhost:5928 for channel [id: 0xe988af06, L:/127.0.0.1:58469 - R:localhost/127.0.0.1:5928]
01:33:16.416 [Forwarding getCurrentUrl on session 4965def4a0de6eabcdf0d4f811dccd22 to remote] DEBUG org.asynchttpclient.netty.request.NettyRequestSender - Using pooled Channel '[id: 0xe988af06, L:/127.0.0.1:58469 - R:localhost/127.0.0.1:5928]' for 'GET' to 'http://localhost:5928/session/4965def4a0de6eabcdf0d4f811dccd22/url'
01:33:16.416 [Forwarding getCurrentUrl on session 4965def4a0de6eabcdf0d4f811dccd22 to remote] DEBUG org.asynchttpclient.netty.request.NettyRequestSender - Using open Channel [id: 0xe988af06, L:/127.0.0.1:58469 - R:localhost/127.0.0.1:5928] for GET '/session/4965def4a0de6eabcdf0d4f811dccd22/url'
01:33:16.419 [AsyncHttpClient-1-12] DEBUG org.asynchttpclient.netty.handler.HttpHandler - 

Request DefaultFullHttpRequest(decodeResult: success, version: HTTP/1.1, content: EmptyByteBufBE)
GET /session/4965def4a0de6eabcdf0d4f811dccd22/url HTTP/1.1
User-Agent: selenium/4.8.1 (java windows)
Cache-Control: no-cache
Content-Type: application/json; charset=utf-8
host: localhost:5928
accept: */*

Response DefaultHttpResponse(decodeResult: success, version: HTTP/1.1)
HTTP/1.1 200 OK
Content-Length: 51
Content-Type: application/json; charset=utf-8
cache-control: no-cache

01:33:16.419 [AsyncHttpClient-1-12] DEBUG org.asynchttpclient.netty.channel.ChannelManager - Adding key: http://localhost:5928 for channel [id: 0xe988af06, L:/127.0.0.1:58469 - R:localhost/127.0.0.1:5928]
01:33:16.425 [Forwarding getPageSource on session 4965def4a0de6eabcdf0d4f811dccd22 to remote] DEBUG org.asynchttpclient.netty.request.NettyRequestSender - Using pooled Channel '[id: 0xe988af06, L:/127.0.0.1:58469 - R:localhost/127.0.0.1:5928]' for 'POST' to 'http://localhost:5928/session/4965def4a0de6eabcdf0d4f811dccd22/execute/sync'
01:33:16.425 [Forwarding getPageSource on session 4965def4a0de6eabcdf0d4f811dccd22 to remote] DEBUG org.asynchttpclient.netty.request.NettyRequestSender - Using open Channel [id: 0xe988af06, L:/127.0.0.1:58469 - R:localhost/127.0.0.1:5928] for POST '/session/4965def4a0de6eabcdf0d4f811dccd22/execute/sync'
01:33:16.431 [AsyncHttpClient-1-12] DEBUG org.asynchttpclient.netty.handler.HttpHandler - 

Request DefaultHttpRequest(decodeResult: success, version: HTTP/1.1)
POST /session/4965def4a0de6eabcdf0d4f811dccd22/execute/sync HTTP/1.1
User-Agent: selenium/4.8.1 (java windows)
Content-Length: 176
Content-Type: application/json; charset=utf-8
host: localhost:5928
accept: */*

Response DefaultHttpResponse(decodeResult: success, version: HTTP/1.1)
HTTP/1.1 200 OK
Content-Length: 21659
Content-Type: application/json; charset=utf-8
cache-control: no-cache

01:33:16.431 [AsyncHttpClient-1-12] DEBUG org.asynchttpclient.netty.channel.ChannelManager - Adding key: http://localhost:5928 for channel [id: 0xe988af06, L:/127.0.0.1:58469 - R:localhost/127.0.0.1:5928]
01:33:16.433 [Forwarding getCurrentUrl on session 4965def4a0de6eabcdf0d4f811dccd22 to remote] DEBUG org.asynchttpclient.netty.request.NettyRequestSender - Using pooled Channel '[id: 0xe988af06, L:/127.0.0.1:58469 - R:localhost/127.0.0.1:5928]' for 'GET' to 'http://localhost:5928/session/4965def4a0de6eabcdf0d4f811dccd22/url'
01:33:16.433 [Forwarding getCurrentUrl on session 4965def4a0de6eabcdf0d4f811dccd22 to remote] DEBUG org.asynchttpclient.netty.request.NettyRequestSender - Using open Channel [id: 0xe988af06, L:/127.0.0.1:58469 - R:localhost/127.0.0.1:5928] for GET '/session/4965def4a0de6eabcdf0d4f811dccd22/url'
01:33:16.438 [AsyncHttpClient-1-12] DEBUG org.asynchttpclient.netty.handler.HttpHandler - 

Request DefaultFullHttpRequest(decodeResult: success, version: HTTP/1.1, content: EmptyByteBufBE)
GET /session/4965def4a0de6eabcdf0d4f811dccd22/url HTTP/1.1
User-Agent: selenium/4.8.1 (java windows)
Cache-Control: no-cache
Content-Type: application/json; charset=utf-8
host: localhost:5928
accept: */*

Response DefaultHttpResponse(decodeResult: success, version: HTTP/1.1)
HTTP/1.1 200 OK
Content-Length: 51
Content-Type: application/json; charset=utf-8
cache-control: no-cache

01:33:16.438 [AsyncHttpClient-1-12] DEBUG org.asynchttpclient.netty.channel.ChannelManager - Adding key: http://localhost:5928 for channel [id: 0xe988af06, L:/127.0.0.1:58469 - R:localhost/127.0.0.1:5928]
01:33:16.439 [main] DEBUG net.thucydides.core.steps.StepInterceptor - STARTING STEP: LoginSteps.enterValidUsername - inputUsername
01:33:16.441 [Forwarding findElement on session 4965def4a0de6eabcdf0d4f811dccd22 to remote] DEBUG org.asynchttpclient.netty.request.NettyRequestSender - Using pooled Channel '[id: 0xe988af06, L:/127.0.0.1:58469 - R:localhost/127.0.0.1:5928]' for 'POST' to 'http://localhost:5928/session/4965def4a0de6eabcdf0d4f811dccd22/element'
01:33:16.441 [Forwarding findElement on session 4965def4a0de6eabcdf0d4f811dccd22 to remote] DEBUG org.asynchttpclient.netty.request.NettyRequestSender - Using open Channel [id: 0xe988af06, L:/127.0.0.1:58469 - R:localhost/127.0.0.1:5928] for POST '/session/4965def4a0de6eabcdf0d4f811dccd22/element'
01:33:16.455 [AsyncHttpClient-1-12] DEBUG org.asynchttpclient.netty.handler.HttpHandler - 

Request DefaultHttpRequest(decodeResult: success, version: HTTP/1.1)
POST /session/4965def4a0de6eabcdf0d4f811dccd22/element HTTP/1.1
User-Agent: selenium/4.8.1 (java windows)
Content-Length: 68
Content-Type: application/json; charset=utf-8
host: localhost:5928
accept: */*

Response DefaultHttpResponse(decodeResult: success, version: HTTP/1.1)
HTTP/1.1 200 OK
Content-Length: 88
Content-Type: application/json; charset=utf-8
cache-control: no-cache

01:33:16.455 [AsyncHttpClient-1-12] DEBUG org.asynchttpclient.netty.channel.ChannelManager - Adding key: http://localhost:5928 for channel [id: 0xe988af06, L:/127.0.0.1:58469 - R:localhost/127.0.0.1:5928]
01:33:16.456 [Forwarding clearElement on session 4965def4a0de6eabcdf0d4f811dccd22 to remote] DEBUG org.asynchttpclient.netty.request.NettyRequestSender - Using pooled Channel '[id: 0xe988af06, L:/127.0.0.1:58469 - R:localhost/127.0.0.1:5928]' for 'POST' to 'http://localhost:5928/session/4965def4a0de6eabcdf0d4f811dccd22/element/8cd325c7-2367-459a-9bc7-2243285c9563/clear'
01:33:16.456 [Forwarding clearElement on session 4965def4a0de6eabcdf0d4f811dccd22 to remote] DEBUG org.asynchttpclient.netty.request.NettyRequestSender - Using open Channel [id: 0xe988af06, L:/127.0.0.1:58469 - R:localhost/127.0.0.1:5928] for POST '/session/4965def4a0de6eabcdf0d4f811dccd22/element/8cd325c7-2367-459a-9bc7-2243285c9563/clear'
01:33:16.503 [AsyncHttpClient-1-12] DEBUG org.asynchttpclient.netty.handler.HttpHandler - 

Request DefaultHttpRequest(decodeResult: success, version: HTTP/1.1)
POST /session/4965def4a0de6eabcdf0d4f811dccd22/element/8cd325c7-2367-459a-9bc7-2243285c9563/clear HTTP/1.1
User-Agent: selenium/4.8.1 (java windows)
Content-Length: 50
Content-Type: application/json; charset=utf-8
host: localhost:5928
accept: */*

Response DefaultHttpResponse(decodeResult: success, version: HTTP/1.1)
HTTP/1.1 200 OK
Content-Length: 14
Content-Type: application/json; charset=utf-8
cache-control: no-cache

01:33:16.503 [AsyncHttpClient-1-12] DEBUG org.asynchttpclient.netty.channel.ChannelManager - Adding key: http://localhost:5928 for channel [id: 0xe988af06, L:/127.0.0.1:58469 - R:localhost/127.0.0.1:5928]
01:33:16.505 [Forwarding sendKeysToElement on session 4965def4a0de6eabcdf0d4f811dccd22 to remote] DEBUG org.asynchttpclient.netty.request.NettyRequestSender - Using pooled Channel '[id: 0xe988af06, L:/127.0.0.1:58469 - R:localhost/127.0.0.1:5928]' for 'POST' to 'http://localhost:5928/session/4965def4a0de6eabcdf0d4f811dccd22/element/8cd325c7-2367-459a-9bc7-2243285c9563/value'
01:33:16.505 [Forwarding sendKeysToElement on session 4965def4a0de6eabcdf0d4f811dccd22 to remote] DEBUG org.asynchttpclient.netty.request.NettyRequestSender - Using open Channel [id: 0xe988af06, L:/127.0.0.1:58469 - R:localhost/127.0.0.1:5928] for POST '/session/4965def4a0de6eabcdf0d4f811dccd22/element/8cd325c7-2367-459a-9bc7-2243285c9563/value'
01:33:16.641 [AsyncHttpClient-1-12] DEBUG org.asynchttpclient.netty.handler.HttpHandler - 

Request DefaultHttpRequest(decodeResult: success, version: HTTP/1.1)
POST /session/4965def4a0de6eabcdf0d4f811dccd22/element/8cd325c7-2367-459a-9bc7-2243285c9563/value HTTP/1.1
User-Agent: selenium/4.8.1 (java windows)
Content-Length: 271
Content-Type: application/json; charset=utf-8
host: localhost:5928
accept: */*

Response DefaultHttpResponse(decodeResult: success, version: HTTP/1.1)
HTTP/1.1 200 OK
Content-Length: 14
Content-Type: application/json; charset=utf-8
cache-control: no-cache

01:33:16.641 [AsyncHttpClient-1-12] DEBUG org.asynchttpclient.netty.channel.ChannelManager - Adding key: http://localhost:5928 for channel [id: 0xe988af06, L:/127.0.0.1:58469 - R:localhost/127.0.0.1:5928]
01:33:16.647 [Forwarding getAlertText on session 4965def4a0de6eabcdf0d4f811dccd22 to remote] DEBUG org.asynchttpclient.netty.request.NettyRequestSender - Using pooled Channel '[id: 0xe988af06, L:/127.0.0.1:58469 - R:localhost/127.0.0.1:5928]' for 'GET' to 'http://localhost:5928/session/4965def4a0de6eabcdf0d4f811dccd22/alert/text'
01:33:16.647 [Forwarding getAlertText on session 4965def4a0de6eabcdf0d4f811dccd22 to remote] DEBUG org.asynchttpclient.netty.request.NettyRequestSender - Using open Channel [id: 0xe988af06, L:/127.0.0.1:58469 - R:localhost/127.0.0.1:5928] for GET '/session/4965def4a0de6eabcdf0d4f811dccd22/alert/text'
01:33:16.649 [AsyncHttpClient-1-12] DEBUG org.asynchttpclient.netty.handler.HttpHandler - 

Request DefaultFullHttpRequest(decodeResult: success, version: HTTP/1.1, content: EmptyByteBufBE)
GET /session/4965def4a0de6eabcdf0d4f811dccd22/alert/text HTTP/1.1
User-Agent: selenium/4.8.1 (java windows)
Cache-Control: no-cache
Content-Type: application/json; charset=utf-8
host: localhost:5928
accept: */*

Response DefaultHttpResponse(decodeResult: success, version: HTTP/1.1)
HTTP/1.1 404 Not Found
Content-Length: 816
Content-Type: application/json; charset=utf-8
cache-control: no-cache

01:33:16.649 [AsyncHttpClient-1-12] DEBUG org.asynchttpclient.netty.channel.ChannelManager - Adding key: http://localhost:5928 for channel [id: 0xe988af06, L:/127.0.0.1:58469 - R:localhost/127.0.0.1:5928]
01:33:16.650 [Forwarding getCurrentUrl on session 4965def4a0de6eabcdf0d4f811dccd22 to remote] DEBUG org.asynchttpclient.netty.request.NettyRequestSender - Using pooled Channel '[id: 0xe988af06, L:/127.0.0.1:58469 - R:localhost/127.0.0.1:5928]' for 'GET' to 'http://localhost:5928/session/4965def4a0de6eabcdf0d4f811dccd22/url'
01:33:16.650 [Forwarding getCurrentUrl on session 4965def4a0de6eabcdf0d4f811dccd22 to remote] DEBUG org.asynchttpclient.netty.request.NettyRequestSender - Using open Channel [id: 0xe988af06, L:/127.0.0.1:58469 - R:localhost/127.0.0.1:5928] for GET '/session/4965def4a0de6eabcdf0d4f811dccd22/url'
01:33:16.653 [AsyncHttpClient-1-12] DEBUG org.asynchttpclient.netty.handler.HttpHandler - 

Request DefaultFullHttpRequest(decodeResult: success, version: HTTP/1.1, content: EmptyByteBufBE)
GET /session/4965def4a0de6eabcdf0d4f811dccd22/url HTTP/1.1
User-Agent: selenium/4.8.1 (java windows)
Cache-Control: no-cache
Content-Type: application/json; charset=utf-8
host: localhost:5928
accept: */*

Response DefaultHttpResponse(decodeResult: success, version: HTTP/1.1)
HTTP/1.1 200 OK
Content-Length: 51
Content-Type: application/json; charset=utf-8
cache-control: no-cache

01:33:16.653 [AsyncHttpClient-1-12] DEBUG org.asynchttpclient.netty.channel.ChannelManager - Adding key: http://localhost:5928 for channel [id: 0xe988af06, L:/127.0.0.1:58469 - R:localhost/127.0.0.1:5928]
01:33:16.654 [Forwarding screenshot on session 4965def4a0de6eabcdf0d4f811dccd22 to remote] DEBUG org.asynchttpclient.netty.request.NettyRequestSender - Using pooled Channel '[id: 0xe988af06, L:/127.0.0.1:58469 - R:localhost/127.0.0.1:5928]' for 'GET' to 'http://localhost:5928/session/4965def4a0de6eabcdf0d4f811dccd22/screenshot'
01:33:16.654 [Forwarding screenshot on session 4965def4a0de6eabcdf0d4f811dccd22 to remote] DEBUG org.asynchttpclient.netty.request.NettyRequestSender - Using open Channel [id: 0xe988af06, L:/127.0.0.1:58469 - R:localhost/127.0.0.1:5928] for GET '/session/4965def4a0de6eabcdf0d4f811dccd22/screenshot'
01:33:16.835 [AsyncHttpClient-1-12] DEBUG org.asynchttpclient.netty.handler.HttpHandler - 

Request DefaultFullHttpRequest(decodeResult: success, version: HTTP/1.1, content: EmptyByteBufBE)
GET /session/4965def4a0de6eabcdf0d4f811dccd22/screenshot HTTP/1.1
User-Agent: selenium/4.8.1 (java windows)
Cache-Control: no-cache
Content-Type: application/json; charset=utf-8
host: localhost:5928
accept: */*

Response DefaultHttpResponse(decodeResult: success, version: HTTP/1.1)
HTTP/1.1 200 OK
Content-Length: 45760
Content-Type: application/json; charset=utf-8
cache-control: no-cache

01:33:16.835 [AsyncHttpClient-1-12] DEBUG org.asynchttpclient.netty.channel.ChannelManager - Adding key: http://localhost:5928 for channel [id: 0xe988af06, L:/127.0.0.1:58469 - R:localhost/127.0.0.1:5928]
01:33:16.837 [main] DEBUG net.serenitybdd.core.photography.Darkroom - Send negative for processing for target\site\serenity\d3b279b5d5819b8d5b1baa869ea5f9a40193fe3a265850548792dbc65db09956.png
01:33:16.837 [main] DEBUG net.thucydides.core.steps.StepInterceptor - STEP DONE: inputUsername
  &amp#27;[32mWhen &amp#27;[0m&amp#27;[32mI enter valid email&amp#27;[0m                                                                            &amp#27;[90m# starter.stepdefinitions.LoginSteps.enterValidUsername()&amp#27;[0m
01:33:16.838 [Darkroom Processing Line] DEBUG net.serenitybdd.core.photography.DarkroomProcessingLine - Processing screenshot image in /var/screenshots/screenshot-805353424887551051
01:33:16.838 [Darkroom Processing Line] DEBUG net.serenitybdd.core.photography.DarkroomProcessingLine - Saving screenshot to target\site\serenity\d3b279b5d5819b8d5b1baa869ea5f9a40193fe3a265850548792dbc65db09956.png
01:33:16.848 [Forwarding getPageSource on session 4965def4a0de6eabcdf0d4f811dccd22 to remote] DEBUG org.asynchttpclient.netty.request.NettyRequestSender - Using pooled Channel '[id: 0xe988af06, L:/127.0.0.1:58469 - R:localhost/127.0.0.1:5928]' for 'POST' to 'http://localhost:5928/session/4965def4a0de6eabcdf0d4f811dccd22/execute/sync'
01:33:16.848 [Forwarding getPageSource on session 4965def4a0de6eabcdf0d4f811dccd22 to remote] DEBUG org.asynchttpclient.netty.request.NettyRequestSender - Using open Channel [id: 0xe988af06, L:/127.0.0.1:58469 - R:localhost/127.0.0.1:5928] for POST '/session/4965def4a0de6eabcdf0d4f811dccd22/execute/sync'
01:33:16.855 [AsyncHttpClient-1-12] DEBUG org.asynchttpclient.netty.handler.HttpHandler - 

Request DefaultHttpRequest(decodeResult: success, version: HTTP/1.1)
POST /session/4965def4a0de6eabcdf0d4f811dccd22/execute/sync HTTP/1.1
User-Agent: selenium/4.8.1 (java windows)
Content-Length: 176
Content-Type: application/json; charset=utf-8
host: localhost:5928
accept: */*

Response DefaultHttpResponse(decodeResult: success, version: HTTP/1.1)
HTTP/1.1 200 OK
Content-Length: 21780
Content-Type: application/json; charset=utf-8
cache-control: no-cache

01:33:16.855 [AsyncHttpClient-1-12] DEBUG org.asynchttpclient.netty.channel.ChannelManager - Adding key: http://localhost:5928 for channel [id: 0xe988af06, L:/127.0.0.1:58469 - R:localhost/127.0.0.1:5928]
01:33:16.858 [Forwarding getCurrentUrl on session 4965def4a0de6eabcdf0d4f811dccd22 to remote] DEBUG org.asynchttpclient.netty.request.NettyRequestSender - Using pooled Channel '[id: 0xe988af06, L:/127.0.0.1:58469 - R:localhost/127.0.0.1:5928]' for 'GET' to 'http://localhost:5928/session/4965def4a0de6eabcdf0d4f811dccd22/url'
01:33:16.858 [Forwarding getCurrentUrl on session 4965def4a0de6eabcdf0d4f811dccd22 to remote] DEBUG org.asynchttpclient.netty.request.NettyRequestSender - Using open Channel [id: 0xe988af06, L:/127.0.0.1:58469 - R:localhost/127.0.0.1:5928] for GET '/session/4965def4a0de6eabcdf0d4f811dccd22/url'
01:33:16.862 [AsyncHttpClient-1-12] DEBUG org.asynchttpclient.netty.handler.HttpHandler - 

Request DefaultFullHttpRequest(decodeResult: success, version: HTTP/1.1, content: EmptyByteBufBE)
GET /session/4965def4a0de6eabcdf0d4f811dccd22/url HTTP/1.1
User-Agent: selenium/4.8.1 (java windows)
Cache-Control: no-cache
Content-Type: application/json; charset=utf-8
host: localhost:5928
accept: */*

Response DefaultHttpResponse(decodeResult: success, version: HTTP/1.1)
HTTP/1.1 200 OK
Content-Length: 51
Content-Type: application/json; charset=utf-8
cache-control: no-cache

01:33:16.862 [AsyncHttpClient-1-12] DEBUG org.asynchttpclient.netty.channel.ChannelManager - Adding key: http://localhost:5928 for channel [id: 0xe988af06, L:/127.0.0.1:58469 - R:localhost/127.0.0.1:5928]
01:33:16.869 [Forwarding getPageSource on session 4965def4a0de6eabcdf0d4f811dccd22 to remote] DEBUG org.asynchttpclient.netty.request.NettyRequestSender - Using pooled Channel '[id: 0xe988af06, L:/127.0.0.1:58469 - R:localhost/127.0.0.1:5928]' for 'POST' to 'http://localhost:5928/session/4965def4a0de6eabcdf0d4f811dccd22/execute/sync'
01:33:16.869 [Forwarding getPageSource on session 4965def4a0de6eabcdf0d4f811dccd22 to remote] DEBUG org.asynchttpclient.netty.request.NettyRequestSender - Using open Channel [id: 0xe988af06, L:/127.0.0.1:58469 - R:localhost/127.0.0.1:5928] for POST '/session/4965def4a0de6eabcdf0d4f811dccd22/execute/sync'
01:33:16.875 [AsyncHttpClient-1-12] DEBUG org.asynchttpclient.netty.handler.HttpHandler - 

Request DefaultHttpRequest(decodeResult: success, version: HTTP/1.1)
POST /session/4965def4a0de6eabcdf0d4f811dccd22/execute/sync HTTP/1.1
User-Agent: selenium/4.8.1 (java windows)
Content-Length: 176
Content-Type: application/json; charset=utf-8
host: localhost:5928
accept: */*

Response DefaultHttpResponse(decodeResult: success, version: HTTP/1.1)
HTTP/1.1 200 OK
Content-Length: 21780
Content-Type: application/json; charset=utf-8
cache-control: no-cache

01:33:16.875 [AsyncHttpClient-1-12] DEBUG org.asynchttpclient.netty.channel.ChannelManager - Adding key: http://localhost:5928 for channel [id: 0xe988af06, L:/127.0.0.1:58469 - R:localhost/127.0.0.1:5928]
01:33:16.878 [Forwarding getCurrentUrl on session 4965def4a0de6eabcdf0d4f811dccd22 to remote] DEBUG org.asynchttpclient.netty.request.NettyRequestSender - Using pooled Channel '[id: 0xe988af06, L:/127.0.0.1:58469 - R:localhost/127.0.0.1:5928]' for 'GET' to 'http://localhost:5928/session/4965def4a0de6eabcdf0d4f811dccd22/url'
01:33:16.878 [Forwarding getCurrentUrl on session 4965def4a0de6eabcdf0d4f811dccd22 to remote] DEBUG org.asynchttpclient.netty.request.NettyRequestSender - Using open Channel [id: 0xe988af06, L:/127.0.0.1:58469 - R:localhost/127.0.0.1:5928] for GET '/session/4965def4a0de6eabcdf0d4f811dccd22/url'
01:33:16.882 [AsyncHttpClient-1-12] DEBUG org.asynchttpclient.netty.handler.HttpHandler - 

Request DefaultFullHttpRequest(decodeResult: success, version: HTTP/1.1, content: EmptyByteBufBE)
GET /session/4965def4a0de6eabcdf0d4f811dccd22/url HTTP/1.1
User-Agent: selenium/4.8.1 (java windows)
Cache-Control: no-cache
Content-Type: application/json; charset=utf-8
host: localhost:5928
accept: */*

Response DefaultHttpResponse(decodeResult: success, version: HTTP/1.1)
HTTP/1.1 200 OK
Content-Length: 51
Content-Type: application/json; charset=utf-8
cache-control: no-cache

01:33:16.882 [AsyncHttpClient-1-12] DEBUG org.asynchttpclient.netty.channel.ChannelManager - Adding key: http://localhost:5928 for channel [id: 0xe988af06, L:/127.0.0.1:58469 - R:localhost/127.0.0.1:5928]
01:33:16.884 [main] DEBUG net.thucydides.core.steps.StepInterceptor - STARTING STEP: LoginSteps.enterValidPassword - inputPassword
01:33:16.885 [Forwarding findElement on session 4965def4a0de6eabcdf0d4f811dccd22 to remote] DEBUG org.asynchttpclient.netty.request.NettyRequestSender - Using pooled Channel '[id: 0xe988af06, L:/127.0.0.1:58469 - R:localhost/127.0.0.1:5928]' for 'POST' to 'http://localhost:5928/session/4965def4a0de6eabcdf0d4f811dccd22/element'
01:33:16.885 [Forwarding findElement on session 4965def4a0de6eabcdf0d4f811dccd22 to remote] DEBUG org.asynchttpclient.netty.request.NettyRequestSender - Using open Channel [id: 0xe988af06, L:/127.0.0.1:58469 - R:localhost/127.0.0.1:5928] for POST '/session/4965def4a0de6eabcdf0d4f811dccd22/element'
01:33:16.897 [AsyncHttpClient-1-12] DEBUG org.asynchttpclient.netty.handler.HttpHandler - 

Request DefaultHttpRequest(decodeResult: success, version: HTTP/1.1)
POST /session/4965def4a0de6eabcdf0d4f811dccd22/element HTTP/1.1
User-Agent: selenium/4.8.1 (java windows)
Content-Length: 68
Content-Type: application/json; charset=utf-8
host: localhost:5928
accept: */*

Response DefaultHttpResponse(decodeResult: success, version: HTTP/1.1)
HTTP/1.1 200 OK
Content-Length: 88
Content-Type: application/json; charset=utf-8
cache-control: no-cache

01:33:16.897 [AsyncHttpClient-1-12] DEBUG org.asynchttpclient.netty.channel.ChannelManager - Adding key: http://localhost:5928 for channel [id: 0xe988af06, L:/127.0.0.1:58469 - R:localhost/127.0.0.1:5928]
01:33:16.898 [Forwarding clearElement on session 4965def4a0de6eabcdf0d4f811dccd22 to remote] DEBUG org.asynchttpclient.netty.request.NettyRequestSender - Using pooled Channel '[id: 0xe988af06, L:/127.0.0.1:58469 - R:localhost/127.0.0.1:5928]' for 'POST' to 'http://localhost:5928/session/4965def4a0de6eabcdf0d4f811dccd22/element/43dc9a13-1c74-49aa-8bd5-1ea03a544b63/clear'
01:33:16.898 [Forwarding clearElement on session 4965def4a0de6eabcdf0d4f811dccd22 to remote] DEBUG org.asynchttpclient.netty.request.NettyRequestSender - Using open Channel [id: 0xe988af06, L:/127.0.0.1:58469 - R:localhost/127.0.0.1:5928] for POST '/session/4965def4a0de6eabcdf0d4f811dccd22/element/43dc9a13-1c74-49aa-8bd5-1ea03a544b63/clear'
01:33:16.932 [AsyncHttpClient-1-12] DEBUG org.asynchttpclient.netty.handler.HttpHandler - 

Request DefaultHttpRequest(decodeResult: success, version: HTTP/1.1)
POST /session/4965def4a0de6eabcdf0d4f811dccd22/element/43dc9a13-1c74-49aa-8bd5-1ea03a544b63/clear HTTP/1.1
User-Agent: selenium/4.8.1 (java windows)
Content-Length: 50
Content-Type: application/json; charset=utf-8
host: localhost:5928
accept: */*

Response DefaultHttpResponse(decodeResult: success, version: HTTP/1.1)
HTTP/1.1 200 OK
Content-Length: 14
Content-Type: application/json; charset=utf-8
cache-control: no-cache

01:33:16.932 [AsyncHttpClient-1-12] DEBUG org.asynchttpclient.netty.channel.ChannelManager - Adding key: http://localhost:5928 for channel [id: 0xe988af06, L:/127.0.0.1:58469 - R:localhost/127.0.0.1:5928]
01:33:16.933 [Forwarding sendKeysToElement on session 4965def4a0de6eabcdf0d4f811dccd22 to remote] DEBUG org.asynchttpclient.netty.request.NettyRequestSender - Using pooled Channel '[id: 0xe988af06, L:/127.0.0.1:58469 - R:localhost/127.0.0.1:5928]' for 'POST' to 'http://localhost:5928/session/4965def4a0de6eabcdf0d4f811dccd22/element/43dc9a13-1c74-49aa-8bd5-1ea03a544b63/value'
01:33:16.934 [Forwarding sendKeysToElement on session 4965def4a0de6eabcdf0d4f811dccd22 to remote] DEBUG org.asynchttpclient.netty.request.NettyRequestSender - Using open Channel [id: 0xe988af06, L:/127.0.0.1:58469 - R:localhost/127.0.0.1:5928] for POST '/session/4965def4a0de6eabcdf0d4f811dccd22/element/43dc9a13-1c74-49aa-8bd5-1ea03a544b63/value'
01:33:17.018 [AsyncHttpClient-1-12] DEBUG org.asynchttpclient.netty.handler.HttpHandler - 

Request DefaultHttpRequest(decodeResult: success, version: HTTP/1.1)
POST /session/4965def4a0de6eabcdf0d4f811dccd22/element/43dc9a13-1c74-49aa-8bd5-1ea03a544b63/value HTTP/1.1
User-Agent: selenium/4.8.1 (java windows)
Content-Length: 171
Content-Type: application/json; charset=utf-8
host: localhost:5928
accept: */*

Response DefaultHttpResponse(decodeResult: success, version: HTTP/1.1)
HTTP/1.1 200 OK
Content-Length: 14
Content-Type: application/json; charset=utf-8
cache-control: no-cache

01:33:17.019 [AsyncHttpClient-1-12] DEBUG org.asynchttpclient.netty.channel.ChannelManager - Adding key: http://localhost:5928 for channel [id: 0xe988af06, L:/127.0.0.1:58469 - R:localhost/127.0.0.1:5928]
01:33:17.026 [Forwarding getAlertText on session 4965def4a0de6eabcdf0d4f811dccd22 to remote] DEBUG org.asynchttpclient.netty.request.NettyRequestSender - Using pooled Channel '[id: 0xe988af06, L:/127.0.0.1:58469 - R:localhost/127.0.0.1:5928]' for 'GET' to 'http://localhost:5928/session/4965def4a0de6eabcdf0d4f811dccd22/alert/text'
01:33:17.026 [Forwarding getAlertText on session 4965def4a0de6eabcdf0d4f811dccd22 to remote] DEBUG org.asynchttpclient.netty.request.NettyRequestSender - Using open Channel [id: 0xe988af06, L:/127.0.0.1:58469 - R:localhost/127.0.0.1:5928] for GET '/session/4965def4a0de6eabcdf0d4f811dccd22/alert/text'
01:33:17.028 [AsyncHttpClient-1-12] DEBUG org.asynchttpclient.netty.handler.HttpHandler - 

Request DefaultFullHttpRequest(decodeResult: success, version: HTTP/1.1, content: EmptyByteBufBE)
GET /session/4965def4a0de6eabcdf0d4f811dccd22/alert/text HTTP/1.1
User-Agent: selenium/4.8.1 (java windows)
Cache-Control: no-cache
Content-Type: application/json; charset=utf-8
host: localhost:5928
accept: */*

Response DefaultHttpResponse(decodeResult: success, version: HTTP/1.1)
HTTP/1.1 404 Not Found
Content-Length: 816
Content-Type: application/json; charset=utf-8
cache-control: no-cache

01:33:17.028 [AsyncHttpClient-1-12] DEBUG org.asynchttpclient.netty.channel.ChannelManager - Adding key: http://localhost:5928 for channel [id: 0xe988af06, L:/127.0.0.1:58469 - R:localhost/127.0.0.1:5928]
01:33:17.029 [Forwarding getCurrentUrl on session 4965def4a0de6eabcdf0d4f811dccd22 to remote] DEBUG org.asynchttpclient.netty.request.NettyRequestSender - Using pooled Channel '[id: 0xe988af06, L:/127.0.0.1:58469 - R:localhost/127.0.0.1:5928]' for 'GET' to 'http://localhost:5928/session/4965def4a0de6eabcdf0d4f811dccd22/url'
01:33:17.029 [Forwarding getCurrentUrl on session 4965def4a0de6eabcdf0d4f811dccd22 to remote] DEBUG org.asynchttpclient.netty.request.NettyRequestSender - Using open Channel [id: 0xe988af06, L:/127.0.0.1:58469 - R:localhost/127.0.0.1:5928] for GET '/session/4965def4a0de6eabcdf0d4f811dccd22/url'
01:33:17.032 [AsyncHttpClient-1-12] DEBUG org.asynchttpclient.netty.handler.HttpHandler - 

Request DefaultFullHttpRequest(decodeResult: success, version: HTTP/1.1, content: EmptyByteBufBE)
GET /session/4965def4a0de6eabcdf0d4f811dccd22/url HTTP/1.1
User-Agent: selenium/4.8.1 (java windows)
Cache-Control: no-cache
Content-Type: application/json; charset=utf-8
host: localhost:5928
accept: */*

Response DefaultHttpResponse(decodeResult: success, version: HTTP/1.1)
HTTP/1.1 200 OK
Content-Length: 51
Content-Type: application/json; charset=utf-8
cache-control: no-cache

01:33:17.032 [AsyncHttpClient-1-12] DEBUG org.asynchttpclient.netty.channel.ChannelManager - Adding key: http://localhost:5928 for channel [id: 0xe988af06, L:/127.0.0.1:58469 - R:localhost/127.0.0.1:5928]
01:33:17.032 [Forwarding screenshot on session 4965def4a0de6eabcdf0d4f811dccd22 to remote] DEBUG org.asynchttpclient.netty.request.NettyRequestSender - Using pooled Channel '[id: 0xe988af06, L:/127.0.0.1:58469 - R:localhost/127.0.0.1:5928]' for 'GET' to 'http://localhost:5928/session/4965def4a0de6eabcdf0d4f811dccd22/screenshot'
01:33:17.032 [Forwarding screenshot on session 4965def4a0de6eabcdf0d4f811dccd22 to remote] DEBUG org.asynchttpclient.netty.request.NettyRequestSender - Using open Channel [id: 0xe988af06, L:/127.0.0.1:58469 - R:localhost/127.0.0.1:5928] for GET '/session/4965def4a0de6eabcdf0d4f811dccd22/screenshot'
01:33:17.091 [AsyncHttpClient-1-1] DEBUG org.asynchttpclient.netty.channel.DefaultChannelPool - Entry count for : http://localhost:58470 : 1
01:33:17.218 [AsyncHttpClient-1-12] DEBUG org.asynchttpclient.netty.handler.HttpHandler - 

Request DefaultFullHttpRequest(decodeResult: success, version: HTTP/1.1, content: EmptyByteBufBE)
GET /session/4965def4a0de6eabcdf0d4f811dccd22/screenshot HTTP/1.1
User-Agent: selenium/4.8.1 (java windows)
Cache-Control: no-cache
Content-Type: application/json; charset=utf-8
host: localhost:5928
accept: */*

Response DefaultHttpResponse(decodeResult: success, version: HTTP/1.1)
HTTP/1.1 200 OK
Content-Length: 48384
Content-Type: application/json; charset=utf-8
cache-control: no-cache

01:33:17.218 [AsyncHttpClient-1-12] DEBUG org.asynchttpclient.netty.channel.ChannelManager - Adding key: http://localhost:5928 for channel [id: 0xe988af06, L:/127.0.0.1:58469 - R:localhost/127.0.0.1:5928]
01:33:17.221 [main] DEBUG net.serenitybdd.core.photography.Darkroom - Send negative for processing for target\site\serenity\c00fd073cd47232a1a4a533e9f0e6290b80b9eb940a414292c8548f47ce3b708.png
01:33:17.222 [main] DEBUG net.thucydides.core.steps.StepInterceptor - STEP DONE: inputPassword
  &amp#27;[32mAnd &amp#27;[0m&amp#27;[32mI enter valid password&amp#27;[0m                                                                          &amp#27;[90m# starter.stepdefinitions.LoginSteps.enterValidPassword()&amp#27;[0m
01:33:17.222 [Darkroom Processing Line] DEBUG net.serenitybdd.core.photography.DarkroomProcessingLine - Processing screenshot image in /var/screenshots/screenshot-792955751916350594
01:33:17.222 [Darkroom Processing Line] DEBUG net.serenitybdd.core.photography.DarkroomProcessingLine - Saving screenshot to target\site\serenity\c00fd073cd47232a1a4a533e9f0e6290b80b9eb940a414292c8548f47ce3b708.png
01:33:17.231 [Forwarding getPageSource on session 4965def4a0de6eabcdf0d4f811dccd22 to remote] DEBUG org.asynchttpclient.netty.request.NettyRequestSender - Using pooled Channel '[id: 0xe988af06, L:/127.0.0.1:58469 - R:localhost/127.0.0.1:5928]' for 'POST' to 'http://localhost:5928/session/4965def4a0de6eabcdf0d4f811dccd22/execute/sync'
01:33:17.231 [Forwarding getPageSource on session 4965def4a0de6eabcdf0d4f811dccd22 to remote] DEBUG org.asynchttpclient.netty.request.NettyRequestSender - Using open Channel [id: 0xe988af06, L:/127.0.0.1:58469 - R:localhost/127.0.0.1:5928] for POST '/session/4965def4a0de6eabcdf0d4f811dccd22/execute/sync'
01:33:17.238 [AsyncHttpClient-1-12] DEBUG org.asynchttpclient.netty.handler.HttpHandler - 

Request DefaultHttpRequest(decodeResult: success, version: HTTP/1.1)
POST /session/4965def4a0de6eabcdf0d4f811dccd22/execute/sync HTTP/1.1
User-Agent: selenium/4.8.1 (java windows)
Content-Length: 176
Content-Type: application/json; charset=utf-8
host: localhost:5928
accept: */*

Response DefaultHttpResponse(decodeResult: success, version: HTTP/1.1)
HTTP/1.1 200 OK
Content-Length: 21839
Content-Type: application/json; charset=utf-8
cache-control: no-cache

01:33:17.238 [AsyncHttpClient-1-12] DEBUG org.asynchttpclient.netty.channel.ChannelManager - Adding key: http://localhost:5928 for channel [id: 0xe988af06, L:/127.0.0.1:58469 - R:localhost/127.0.0.1:5928]
01:33:17.241 [Forwarding getCurrentUrl on session 4965def4a0de6eabcdf0d4f811dccd22 to remote] DEBUG org.asynchttpclient.netty.request.NettyRequestSender - Using pooled Channel '[id: 0xe988af06, L:/127.0.0.1:58469 - R:localhost/127.0.0.1:5928]' for 'GET' to 'http://localhost:5928/session/4965def4a0de6eabcdf0d4f811dccd22/url'
01:33:17.241 [Forwarding getCurrentUrl on session 4965def4a0de6eabcdf0d4f811dccd22 to remote] DEBUG org.asynchttpclient.netty.request.NettyRequestSender - Using open Channel [id: 0xe988af06, L:/127.0.0.1:58469 - R:localhost/127.0.0.1:5928] for GET '/session/4965def4a0de6eabcdf0d4f811dccd22/url'
01:33:17.244 [AsyncHttpClient-1-12] DEBUG org.asynchttpclient.netty.handler.HttpHandler - 

Request DefaultFullHttpRequest(decodeResult: success, version: HTTP/1.1, content: EmptyByteBufBE)
GET /session/4965def4a0de6eabcdf0d4f811dccd22/url HTTP/1.1
User-Agent: selenium/4.8.1 (java windows)
Cache-Control: no-cache
Content-Type: application/json; charset=utf-8
host: localhost:5928
accept: */*

Response DefaultHttpResponse(decodeResult: success, version: HTTP/1.1)
HTTP/1.1 200 OK
Content-Length: 51
Content-Type: application/json; charset=utf-8
cache-control: no-cache

01:33:17.244 [AsyncHttpClient-1-12] DEBUG org.asynchttpclient.netty.channel.ChannelManager - Adding key: http://localhost:5928 for channel [id: 0xe988af06, L:/127.0.0.1:58469 - R:localhost/127.0.0.1:5928]
01:33:17.251 [Forwarding getPageSource on session 4965def4a0de6eabcdf0d4f811dccd22 to remote] DEBUG org.asynchttpclient.netty.request.NettyRequestSender - Using pooled Channel '[id: 0xe988af06, L:/127.0.0.1:58469 - R:localhost/127.0.0.1:5928]' for 'POST' to 'http://localhost:5928/session/4965def4a0de6eabcdf0d4f811dccd22/execute/sync'
01:33:17.251 [Forwarding getPageSource on session 4965def4a0de6eabcdf0d4f811dccd22 to remote] DEBUG org.asynchttpclient.netty.request.NettyRequestSender - Using open Channel [id: 0xe988af06, L:/127.0.0.1:58469 - R:localhost/127.0.0.1:5928] for POST '/session/4965def4a0de6eabcdf0d4f811dccd22/execute/sync'
01:33:17.259 [AsyncHttpClient-1-12] DEBUG org.asynchttpclient.netty.handler.HttpHandler - 

Request DefaultHttpRequest(decodeResult: success, version: HTTP/1.1)
POST /session/4965def4a0de6eabcdf0d4f811dccd22/execute/sync HTTP/1.1
User-Agent: selenium/4.8.1 (java windows)
Content-Length: 176
Content-Type: application/json; charset=utf-8
host: localhost:5928
accept: */*

Response DefaultHttpResponse(decodeResult: success, version: HTTP/1.1)
HTTP/1.1 200 OK
Content-Length: 21839
Content-Type: application/json; charset=utf-8
cache-control: no-cache

01:33:17.259 [AsyncHttpClient-1-12] DEBUG org.asynchttpclient.netty.channel.ChannelManager - Adding key: http://localhost:5928 for channel [id: 0xe988af06, L:/127.0.0.1:58469 - R:localhost/127.0.0.1:5928]
01:33:17.261 [Forwarding getCurrentUrl on session 4965def4a0de6eabcdf0d4f811dccd22 to remote] DEBUG org.asynchttpclient.netty.request.NettyRequestSender - Using pooled Channel '[id: 0xe988af06, L:/127.0.0.1:58469 - R:localhost/127.0.0.1:5928]' for 'GET' to 'http://localhost:5928/session/4965def4a0de6eabcdf0d4f811dccd22/url'
01:33:17.261 [Forwarding getCurrentUrl on session 4965def4a0de6eabcdf0d4f811dccd22 to remote] DEBUG org.asynchttpclient.netty.request.NettyRequestSender - Using open Channel [id: 0xe988af06, L:/127.0.0.1:58469 - R:localhost/127.0.0.1:5928] for GET '/session/4965def4a0de6eabcdf0d4f811dccd22/url'
01:33:17.264 [AsyncHttpClient-1-12] DEBUG org.asynchttpclient.netty.handler.HttpHandler - 

Request DefaultFullHttpRequest(decodeResult: success, version: HTTP/1.1, content: EmptyByteBufBE)
GET /session/4965def4a0de6eabcdf0d4f811dccd22/url HTTP/1.1
User-Agent: selenium/4.8.1 (java windows)
Cache-Control: no-cache
Content-Type: application/json; charset=utf-8
host: localhost:5928
accept: */*

Response DefaultHttpResponse(decodeResult: success, version: HTTP/1.1)
HTTP/1.1 200 OK
Content-Length: 51
Content-Type: application/json; charset=utf-8
cache-control: no-cache

01:33:17.265 [AsyncHttpClient-1-12] DEBUG org.asynchttpclient.netty.channel.ChannelManager - Adding key: http://localhost:5928 for channel [id: 0xe988af06, L:/127.0.0.1:58469 - R:localhost/127.0.0.1:5928]
01:33:17.266 [main] DEBUG net.thucydides.core.steps.StepInterceptor - STARTING STEP: LoginSteps.clickLoginButton - clickLoginButton
01:33:17.268 [Forwarding findElement on session 4965def4a0de6eabcdf0d4f811dccd22 to remote] DEBUG org.asynchttpclient.netty.request.NettyRequestSender - Using pooled Channel '[id: 0xe988af06, L:/127.0.0.1:58469 - R:localhost/127.0.0.1:5928]' for 'POST' to 'http://localhost:5928/session/4965def4a0de6eabcdf0d4f811dccd22/element'
01:33:17.268 [Forwarding findElement on session 4965def4a0de6eabcdf0d4f811dccd22 to remote] DEBUG org.asynchttpclient.netty.request.NettyRequestSender - Using open Channel [id: 0xe988af06, L:/127.0.0.1:58469 - R:localhost/127.0.0.1:5928] for POST '/session/4965def4a0de6eabcdf0d4f811dccd22/element'
01:33:17.277 [AsyncHttpClient-1-12] DEBUG org.asynchttpclient.netty.handler.HttpHandler - 

Request DefaultHttpRequest(decodeResult: success, version: HTTP/1.1)
POST /session/4965def4a0de6eabcdf0d4f811dccd22/element HTTP/1.1
User-Agent: selenium/4.8.1 (java windows)
Content-Length: 165
Content-Type: application/json; charset=utf-8
host: localhost:5928
accept: */*

Response DefaultHttpResponse(decodeResult: success, version: HTTP/1.1)
HTTP/1.1 200 OK
Content-Length: 88
Content-Type: application/json; charset=utf-8
cache-control: no-cache

01:33:17.277 [AsyncHttpClient-1-12] DEBUG org.asynchttpclient.netty.channel.ChannelManager - Adding key: http://localhost:5928 for channel [id: 0xe988af06, L:/127.0.0.1:58469 - R:localhost/127.0.0.1:5928]
01:33:17.278 [Forwarding getElementTagName on session 4965def4a0de6eabcdf0d4f811dccd22 to remote] DEBUG org.asynchttpclient.netty.request.NettyRequestSender - Using pooled Channel '[id: 0xe988af06, L:/127.0.0.1:58469 - R:localhost/127.0.0.1:5928]' for 'GET' to 'http://localhost:5928/session/4965def4a0de6eabcdf0d4f811dccd22/element/8e1521e6-d7ab-4cb8-8c4e-4b8745d15b57/name'
01:33:17.278 [Forwarding getElementTagName on session 4965def4a0de6eabcdf0d4f811dccd22 to remote] DEBUG org.asynchttpclient.netty.request.NettyRequestSender - Using open Channel [id: 0xe988af06, L:/127.0.0.1:58469 - R:localhost/127.0.0.1:5928] for GET '/session/4965def4a0de6eabcdf0d4f811dccd22/element/8e1521e6-d7ab-4cb8-8c4e-4b8745d15b57/name'
01:33:17.282 [AsyncHttpClient-1-12] DEBUG org.asynchttpclient.netty.handler.HttpHandler - 

Request DefaultFullHttpRequest(decodeResult: success, version: HTTP/1.1, content: EmptyByteBufBE)
GET /session/4965def4a0de6eabcdf0d4f811dccd22/element/8e1521e6-d7ab-4cb8-8c4e-4b8745d15b57/name HTTP/1.1
User-Agent: selenium/4.8.1 (java windows)
Cache-Control: no-cache
Content-Type: application/json; charset=utf-8
host: localhost:5928
accept: */*

Response DefaultHttpResponse(decodeResult: success, version: HTTP/1.1)
HTTP/1.1 200 OK
Content-Length: 16
Content-Type: application/json; charset=utf-8
cache-control: no-cache

01:33:17.282 [AsyncHttpClient-1-12] DEBUG org.asynchttpclient.netty.channel.ChannelManager - Adding key: http://localhost:5928 for channel [id: 0xe988af06, L:/127.0.0.1:58469 - R:localhost/127.0.0.1:5928]
01:33:17.283 [Forwarding getElementTagName on session 4965def4a0de6eabcdf0d4f811dccd22 to remote] DEBUG org.asynchttpclient.netty.request.NettyRequestSender - Using pooled Channel '[id: 0xe988af06, L:/127.0.0.1:58469 - R:localhost/127.0.0.1:5928]' for 'GET' to 'http://localhost:5928/session/4965def4a0de6eabcdf0d4f811dccd22/element/8e1521e6-d7ab-4cb8-8c4e-4b8745d15b57/name'
01:33:17.283 [Forwarding getElementTagName on session 4965def4a0de6eabcdf0d4f811dccd22 to remote] DEBUG org.asynchttpclient.netty.request.NettyRequestSender - Using open Channel [id: 0xe988af06, L:/127.0.0.1:58469 - R:localhost/127.0.0.1:5928] for GET '/session/4965def4a0de6eabcdf0d4f811dccd22/element/8e1521e6-d7ab-4cb8-8c4e-4b8745d15b57/name'
01:33:17.287 [AsyncHttpClient-1-12] DEBUG org.asynchttpclient.netty.handler.HttpHandler - 

Request DefaultFullHttpRequest(decodeResult: success, version: HTTP/1.1, content: EmptyByteBufBE)
GET /session/4965def4a0de6eabcdf0d4f811dccd22/element/8e1521e6-d7ab-4cb8-8c4e-4b8745d15b57/name HTTP/1.1
User-Agent: selenium/4.8.1 (java windows)
Cache-Control: no-cache
Content-Type: application/json; charset=utf-8
host: localhost:5928
accept: */*

Response DefaultHttpResponse(decodeResult: success, version: HTTP/1.1)
HTTP/1.1 200 OK
Content-Length: 16
Content-Type: application/json; charset=utf-8
cache-control: no-cache

01:33:17.287 [AsyncHttpClient-1-12] DEBUG org.asynchttpclient.netty.channel.ChannelManager - Adding key: http://localhost:5928 for channel [id: 0xe988af06, L:/127.0.0.1:58469 - R:localhost/127.0.0.1:5928]
01:33:17.289 [Forwarding findElement on session 4965def4a0de6eabcdf0d4f811dccd22 to remote] DEBUG org.asynchttpclient.netty.request.NettyRequestSender - Using pooled Channel '[id: 0xe988af06, L:/127.0.0.1:58469 - R:localhost/127.0.0.1:5928]' for 'POST' to 'http://localhost:5928/session/4965def4a0de6eabcdf0d4f811dccd22/element'
01:33:17.289 [Forwarding findElement on session 4965def4a0de6eabcdf0d4f811dccd22 to remote] DEBUG org.asynchttpclient.netty.request.NettyRequestSender - Using open Channel [id: 0xe988af06, L:/127.0.0.1:58469 - R:localhost/127.0.0.1:5928] for POST '/session/4965def4a0de6eabcdf0d4f811dccd22/element'
01:33:17.297 [AsyncHttpClient-1-12] DEBUG org.asynchttpclient.netty.handler.HttpHandler - 

Request DefaultHttpRequest(decodeResult: success, version: HTTP/1.1)
POST /session/4965def4a0de6eabcdf0d4f811dccd22/element HTTP/1.1
User-Agent: selenium/4.8.1 (java windows)
Content-Length: 165
Content-Type: application/json; charset=utf-8
host: localhost:5928
accept: */*

Response DefaultHttpResponse(decodeResult: success, version: HTTP/1.1)
HTTP/1.1 200 OK
Content-Length: 88
Content-Type: application/json; charset=utf-8
cache-control: no-cache

01:33:17.297 [AsyncHttpClient-1-12] DEBUG org.asynchttpclient.netty.channel.ChannelManager - Adding key: http://localhost:5928 for channel [id: 0xe988af06, L:/127.0.0.1:58469 - R:localhost/127.0.0.1:5928]
01:33:17.298 [Forwarding clickElement on session 4965def4a0de6eabcdf0d4f811dccd22 to remote] DEBUG org.asynchttpclient.netty.request.NettyRequestSender - Using pooled Channel '[id: 0xe988af06, L:/127.0.0.1:58469 - R:localhost/127.0.0.1:5928]' for 'POST' to 'http://localhost:5928/session/4965def4a0de6eabcdf0d4f811dccd22/element/8e1521e6-d7ab-4cb8-8c4e-4b8745d15b57/click'
01:33:17.298 [Forwarding clickElement on session 4965def4a0de6eabcdf0d4f811dccd22 to remote] DEBUG org.asynchttpclient.netty.request.NettyRequestSender - Using open Channel [id: 0xe988af06, L:/127.0.0.1:58469 - R:localhost/127.0.0.1:5928] for POST '/session/4965def4a0de6eabcdf0d4f811dccd22/element/8e1521e6-d7ab-4cb8-8c4e-4b8745d15b57/click'
01:33:17.343 [AsyncHttpClient-1-12] DEBUG org.asynchttpclient.netty.handler.HttpHandler - 

Request DefaultHttpRequest(decodeResult: success, version: HTTP/1.1)
POST /session/4965def4a0de6eabcdf0d4f811dccd22/element/8e1521e6-d7ab-4cb8-8c4e-4b8745d15b57/click HTTP/1.1
User-Agent: selenium/4.8.1 (java windows)
Content-Length: 50
Content-Type: application/json; charset=utf-8
host: localhost:5928
accept: */*

Response DefaultHttpResponse(decodeResult: success, version: HTTP/1.1)
HTTP/1.1 200 OK
Content-Length: 14
Content-Type: application/json; charset=utf-8
cache-control: no-cache

01:33:17.343 [AsyncHttpClient-1-12] DEBUG org.asynchttpclient.netty.channel.ChannelManager - Adding key: http://localhost:5928 for channel [id: 0xe988af06, L:/127.0.0.1:58469 - R:localhost/127.0.0.1:5928]
01:33:17.349 [Forwarding getAlertText on session 4965def4a0de6eabcdf0d4f811dccd22 to remote] DEBUG org.asynchttpclient.netty.request.NettyRequestSender - Using pooled Channel '[id: 0xe988af06, L:/127.0.0.1:58469 - R:localhost/127.0.0.1:5928]' for 'GET' to 'http://localhost:5928/session/4965def4a0de6eabcdf0d4f811dccd22/alert/text'
01:33:17.349 [Forwarding getAlertText on session 4965def4a0de6eabcdf0d4f811dccd22 to remote] DEBUG org.asynchttpclient.netty.request.NettyRequestSender - Using open Channel [id: 0xe988af06, L:/127.0.0.1:58469 - R:localhost/127.0.0.1:5928] for GET '/session/4965def4a0de6eabcdf0d4f811dccd22/alert/text'
01:33:17.350 [AsyncHttpClient-1-12] DEBUG org.asynchttpclient.netty.handler.HttpHandler - 

Request DefaultFullHttpRequest(decodeResult: success, version: HTTP/1.1, content: EmptyByteBufBE)
GET /session/4965def4a0de6eabcdf0d4f811dccd22/alert/text HTTP/1.1
User-Agent: selenium/4.8.1 (java windows)
Cache-Control: no-cache
Content-Type: application/json; charset=utf-8
host: localhost:5928
accept: */*

Response DefaultHttpResponse(decodeResult: success, version: HTTP/1.1)
HTTP/1.1 404 Not Found
Content-Length: 816
Content-Type: application/json; charset=utf-8
cache-control: no-cache

01:33:17.351 [AsyncHttpClient-1-12] DEBUG org.asynchttpclient.netty.channel.ChannelManager - Adding key: http://localhost:5928 for channel [id: 0xe988af06, L:/127.0.0.1:58469 - R:localhost/127.0.0.1:5928]
01:33:17.351 [Forwarding getCurrentUrl on session 4965def4a0de6eabcdf0d4f811dccd22 to remote] DEBUG org.asynchttpclient.netty.request.NettyRequestSender - Using pooled Channel '[id: 0xe988af06, L:/127.0.0.1:58469 - R:localhost/127.0.0.1:5928]' for 'GET' to 'http://localhost:5928/session/4965def4a0de6eabcdf0d4f811dccd22/url'
01:33:17.352 [Forwarding getCurrentUrl on session 4965def4a0de6eabcdf0d4f811dccd22 to remote] DEBUG org.asynchttpclient.netty.request.NettyRequestSender - Using open Channel [id: 0xe988af06, L:/127.0.0.1:58469 - R:localhost/127.0.0.1:5928] for GET '/session/4965def4a0de6eabcdf0d4f811dccd22/url'
01:33:17.357 [AsyncHttpClient-1-12] DEBUG org.asynchttpclient.netty.handler.HttpHandler - 

Request DefaultFullHttpRequest(decodeResult: success, version: HTTP/1.1, content: EmptyByteBufBE)
GET /session/4965def4a0de6eabcdf0d4f811dccd22/url HTTP/1.1
User-Agent: selenium/4.8.1 (java windows)
Cache-Control: no-cache
Content-Type: application/json; charset=utf-8
host: localhost:5928
accept: */*

Response DefaultHttpResponse(decodeResult: success, version: HTTP/1.1)
HTTP/1.1 200 OK
Content-Length: 51
Content-Type: application/json; charset=utf-8
cache-control: no-cache

01:33:17.357 [AsyncHttpClient-1-12] DEBUG org.asynchttpclient.netty.channel.ChannelManager - Adding key: http://localhost:5928 for channel [id: 0xe988af06, L:/127.0.0.1:58469 - R:localhost/127.0.0.1:5928]
01:33:17.358 [Forwarding screenshot on session 4965def4a0de6eabcdf0d4f811dccd22 to remote] DEBUG org.asynchttpclient.netty.request.NettyRequestSender - Using pooled Channel '[id: 0xe988af06, L:/127.0.0.1:58469 - R:localhost/127.0.0.1:5928]' for 'GET' to 'http://localhost:5928/session/4965def4a0de6eabcdf0d4f811dccd22/screenshot'
01:33:17.358 [Forwarding screenshot on session 4965def4a0de6eabcdf0d4f811dccd22 to remote] DEBUG org.asynchttpclient.netty.request.NettyRequestSender - Using open Channel [id: 0xe988af06, L:/127.0.0.1:58469 - R:localhost/127.0.0.1:5928] for GET '/session/4965def4a0de6eabcdf0d4f811dccd22/screenshot'
01:33:17.633 [AsyncHttpClient-1-12] DEBUG org.asynchttpclient.netty.handler.HttpHandler - 

Request DefaultFullHttpRequest(decodeResult: success, version: HTTP/1.1, content: EmptyByteBufBE)
GET /session/4965def4a0de6eabcdf0d4f811dccd22/screenshot HTTP/1.1
User-Agent: selenium/4.8.1 (java windows)
Cache-Control: no-cache
Content-Type: application/json; charset=utf-8
host: localhost:5928
accept: */*

Response DefaultHttpResponse(decodeResult: success, version: HTTP/1.1)
HTTP/1.1 200 OK
Content-Length: 47480
Content-Type: application/json; charset=utf-8
cache-control: no-cache

01:33:17.633 [AsyncHttpClient-1-12] DEBUG org.asynchttpclient.netty.channel.ChannelManager - Adding key: http://localhost:5928 for channel [id: 0xe988af06, L:/127.0.0.1:58469 - R:localhost/127.0.0.1:5928]
01:33:17.637 [main] DEBUG net.serenitybdd.core.photography.Darkroom - Send negative for processing for target\site\serenity\5107eb9845629c68637feb92abf9ee86a9f79235218fa611179a2c67ce57eb7b.png
01:33:17.637 [main] DEBUG net.thucydides.core.steps.StepInterceptor - STEP DONE: clickLoginButton
  &amp#27;[32mAnd &amp#27;[0m&amp#27;[32mI click login button&amp#27;[0m                                                                            &amp#27;[90m# starter.stepdefinitions.LoginSteps.clickLoginButton()&amp#27;[0m
01:33:17.637 [Darkroom Processing Line] DEBUG net.serenitybdd.core.photography.DarkroomProcessingLine - Processing screenshot image in /var/screenshots/screenshot-385052731587761878
01:33:17.637 [Darkroom Processing Line] DEBUG net.serenitybdd.core.photography.DarkroomProcessingLine - Saving screenshot to target\site\serenity\5107eb9845629c68637feb92abf9ee86a9f79235218fa611179a2c67ce57eb7b.png
01:33:17.648 [Forwarding getPageSource on session 4965def4a0de6eabcdf0d4f811dccd22 to remote] DEBUG org.asynchttpclient.netty.request.NettyRequestSender - Using pooled Channel '[id: 0xe988af06, L:/127.0.0.1:58469 - R:localhost/127.0.0.1:5928]' for 'POST' to 'http://localhost:5928/session/4965def4a0de6eabcdf0d4f811dccd22/execute/sync'
01:33:17.648 [Forwarding getPageSource on session 4965def4a0de6eabcdf0d4f811dccd22 to remote] DEBUG org.asynchttpclient.netty.request.NettyRequestSender - Using open Channel [id: 0xe988af06, L:/127.0.0.1:58469 - R:localhost/127.0.0.1:5928] for POST '/session/4965def4a0de6eabcdf0d4f811dccd22/execute/sync'
01:33:17.661 [AsyncHttpClient-1-12] DEBUG org.asynchttpclient.netty.handler.HttpHandler - 

Request DefaultHttpRequest(decodeResult: success, version: HTTP/1.1)
POST /session/4965def4a0de6eabcdf0d4f811dccd22/execute/sync HTTP/1.1
User-Agent: selenium/4.8.1 (java windows)
Content-Length: 176
Content-Type: application/json; charset=utf-8
host: localhost:5928
accept: */*

Response DefaultHttpResponse(decodeResult: success, version: HTTP/1.1)
HTTP/1.1 200 OK
Content-Length: 28798
Content-Type: application/json; charset=utf-8
cache-control: no-cache

01:33:17.661 [AsyncHttpClient-1-12] DEBUG org.asynchttpclient.netty.channel.ChannelManager - Adding key: http://localhost:5928 for channel [id: 0xe988af06, L:/127.0.0.1:58469 - R:localhost/127.0.0.1:5928]
01:33:17.665 [Forwarding getCurrentUrl on session 4965def4a0de6eabcdf0d4f811dccd22 to remote] DEBUG org.asynchttpclient.netty.request.NettyRequestSender - Using pooled Channel '[id: 0xe988af06, L:/127.0.0.1:58469 - R:localhost/127.0.0.1:5928]' for 'GET' to 'http://localhost:5928/session/4965def4a0de6eabcdf0d4f811dccd22/url'
01:33:17.666 [Forwarding getCurrentUrl on session 4965def4a0de6eabcdf0d4f811dccd22 to remote] DEBUG org.asynchttpclient.netty.request.NettyRequestSender - Using open Channel [id: 0xe988af06, L:/127.0.0.1:58469 - R:localhost/127.0.0.1:5928] for GET '/session/4965def4a0de6eabcdf0d4f811dccd22/url'
01:33:17.671 [AsyncHttpClient-1-12] DEBUG org.asynchttpclient.netty.handler.HttpHandler - 

Request DefaultFullHttpRequest(decodeResult: success, version: HTTP/1.1, content: EmptyByteBufBE)
GET /session/4965def4a0de6eabcdf0d4f811dccd22/url HTTP/1.1
User-Agent: selenium/4.8.1 (java windows)
Cache-Control: no-cache
Content-Type: application/json; charset=utf-8
host: localhost:5928
accept: */*

Response DefaultHttpResponse(decodeResult: success, version: HTTP/1.1)
HTTP/1.1 200 OK
Content-Length: 41
Content-Type: application/json; charset=utf-8
cache-control: no-cache

01:33:17.671 [AsyncHttpClient-1-12] DEBUG org.asynchttpclient.netty.channel.ChannelManager - Adding key: http://localhost:5928 for channel [id: 0xe988af06, L:/127.0.0.1:58469 - R:localhost/127.0.0.1:5928]
01:33:17.680 [Forwarding findElement on session 4965def4a0de6eabcdf0d4f811dccd22 to remote] DEBUG org.asynchttpclient.netty.request.NettyRequestSender - Using pooled Channel '[id: 0xe988af06, L:/127.0.0.1:58469 - R:localhost/127.0.0.1:5928]' for 'POST' to 'http://localhost:5928/session/4965def4a0de6eabcdf0d4f811dccd22/element'
01:33:17.680 [Forwarding findElement on session 4965def4a0de6eabcdf0d4f811dccd22 to remote] DEBUG org.asynchttpclient.netty.request.NettyRequestSender - Using open Channel [id: 0xe988af06, L:/127.0.0.1:58469 - R:localhost/127.0.0.1:5928] for POST '/session/4965def4a0de6eabcdf0d4f811dccd22/element'
01:33:17.697 [AsyncHttpClient-1-12] DEBUG org.asynchttpclient.netty.handler.HttpHandler - 

Request DefaultHttpRequest(decodeResult: success, version: HTTP/1.1)
POST /session/4965def4a0de6eabcdf0d4f811dccd22/element HTTP/1.1
User-Agent: selenium/4.8.1 (java windows)
Content-Length: 48
Content-Type: application/json; charset=utf-8
host: localhost:5928
accept: */*

Response DefaultHttpResponse(decodeResult: success, version: HTTP/1.1)
HTTP/1.1 200 OK
Content-Length: 88
Content-Type: application/json; charset=utf-8
cache-control: no-cache

01:33:17.697 [AsyncHttpClient-1-12] DEBUG org.asynchttpclient.netty.channel.ChannelManager - Adding key: http://localhost:5928 for channel [id: 0xe988af06, L:/127.0.0.1:58469 - R:localhost/127.0.0.1:5928]
01:33:17.701 [Forwarding isElementDisplayed on session 4965def4a0de6eabcdf0d4f811dccd22 to remote] DEBUG org.asynchttpclient.netty.request.NettyRequestSender - Using pooled Channel '[id: 0xe988af06, L:/127.0.0.1:58469 - R:localhost/127.0.0.1:5928]' for 'POST' to 'http://localhost:5928/session/4965def4a0de6eabcdf0d4f811dccd22/execute/sync'
01:33:17.701 [Forwarding isElementDisplayed on session 4965def4a0de6eabcdf0d4f811dccd22 to remote] DEBUG org.asynchttpclient.netty.request.NettyRequestSender - Using open Channel [id: 0xe988af06, L:/127.0.0.1:58469 - R:localhost/127.0.0.1:5928] for POST '/session/4965def4a0de6eabcdf0d4f811dccd22/execute/sync'
01:33:17.726 [AsyncHttpClient-1-12] DEBUG org.asynchttpclient.netty.handler.HttpHandler - 

Request DefaultHttpRequest(decodeResult: success, version: HTTP/1.1)
POST /session/4965def4a0de6eabcdf0d4f811dccd22/execute/sync HTTP/1.1
User-Agent: selenium/4.8.1 (java windows)
Content-Length: 48807
Content-Type: application/json; charset=utf-8
host: localhost:5928
accept: */*

Response DefaultHttpResponse(decodeResult: success, version: HTTP/1.1)
HTTP/1.1 200 OK
Content-Length: 14
Content-Type: application/json; charset=utf-8
cache-control: no-cache

01:33:17.726 [AsyncHttpClient-1-12] DEBUG org.asynchttpclient.netty.channel.ChannelManager - Adding key: http://localhost:5928 for channel [id: 0xe988af06, L:/127.0.0.1:58469 - R:localhost/127.0.0.1:5928]
  &amp#27;[32mThen &amp#27;[0m&amp#27;[32mI am on the product page&amp#27;[0m                                                                       &amp#27;[90m# starter.stepdefinitions.LoginSteps.onTheProductPage()&amp#27;[0m
01:33:17.734 [Forwarding getAlertText on session 4965def4a0de6eabcdf0d4f811dccd22 to remote] DEBUG org.asynchttpclient.netty.request.NettyRequestSender - Using pooled Channel '[id: 0xe988af06, L:/127.0.0.1:58469 - R:localhost/127.0.0.1:5928]' for 'GET' to 'http://localhost:5928/session/4965def4a0de6eabcdf0d4f811dccd22/alert/text'
01:33:17.734 [Forwarding getAlertText on session 4965def4a0de6eabcdf0d4f811dccd22 to remote] DEBUG org.asynchttpclient.netty.request.NettyRequestSender - Using open Channel [id: 0xe988af06, L:/127.0.0.1:58469 - R:localhost/127.0.0.1:5928] for GET '/session/4965def4a0de6eabcdf0d4f811dccd22/alert/text'
01:33:17.736 [AsyncHttpClient-1-12] DEBUG org.asynchttpclient.netty.handler.HttpHandler - 

Request DefaultFullHttpRequest(decodeResult: success, version: HTTP/1.1, content: EmptyByteBufBE)
GET /session/4965def4a0de6eabcdf0d4f811dccd22/alert/text HTTP/1.1
User-Agent: selenium/4.8.1 (java windows)
Cache-Control: no-cache
Content-Type: application/json; charset=utf-8
host: localhost:5928
accept: */*

Response DefaultHttpResponse(decodeResult: success, version: HTTP/1.1)
HTTP/1.1 404 Not Found
Content-Length: 816
Content-Type: application/json; charset=utf-8
cache-control: no-cache

01:33:17.736 [AsyncHttpClient-1-12] DEBUG org.asynchttpclient.netty.channel.ChannelManager - Adding key: http://localhost:5928 for channel [id: 0xe988af06, L:/127.0.0.1:58469 - R:localhost/127.0.0.1:5928]
01:33:17.737 [Forwarding getCurrentUrl on session 4965def4a0de6eabcdf0d4f811dccd22 to remote] DEBUG org.asynchttpclient.netty.request.NettyRequestSender - Using pooled Channel '[id: 0xe988af06, L:/127.0.0.1:58469 - R:localhost/127.0.0.1:5928]' for 'GET' to 'http://localhost:5928/session/4965def4a0de6eabcdf0d4f811dccd22/url'
01:33:17.737 [Forwarding getCurrentUrl on session 4965def4a0de6eabcdf0d4f811dccd22 to remote] DEBUG org.asynchttpclient.netty.request.NettyRequestSender - Using open Channel [id: 0xe988af06, L:/127.0.0.1:58469 - R:localhost/127.0.0.1:5928] for GET '/session/4965def4a0de6eabcdf0d4f811dccd22/url'
01:33:17.745 [AsyncHttpClient-1-12] DEBUG org.asynchttpclient.netty.handler.HttpHandler - 

Request DefaultFullHttpRequest(decodeResult: success, version: HTTP/1.1, content: EmptyByteBufBE)
GET /session/4965def4a0de6eabcdf0d4f811dccd22/url HTTP/1.1
User-Agent: selenium/4.8.1 (java windows)
Cache-Control: no-cache
Content-Type: application/json; charset=utf-8
host: localhost:5928
accept: */*

Response DefaultHttpResponse(decodeResult: success, version: HTTP/1.1)
HTTP/1.1 200 OK
Content-Length: 41
Content-Type: application/json; charset=utf-8
cache-control: no-cache

01:33:17.745 [AsyncHttpClient-1-12] DEBUG org.asynchttpclient.netty.channel.ChannelManager - Adding key: http://localhost:5928 for channel [id: 0xe988af06, L:/127.0.0.1:58469 - R:localhost/127.0.0.1:5928]
01:33:17.745 [Forwarding screenshot on session 4965def4a0de6eabcdf0d4f811dccd22 to remote] DEBUG org.asynchttpclient.netty.request.NettyRequestSender - Using pooled Channel '[id: 0xe988af06, L:/127.0.0.1:58469 - R:localhost/127.0.0.1:5928]' for 'GET' to 'http://localhost:5928/session/4965def4a0de6eabcdf0d4f811dccd22/screenshot'
01:33:17.745 [Forwarding screenshot on session 4965def4a0de6eabcdf0d4f811dccd22 to remote] DEBUG org.asynchttpclient.netty.request.NettyRequestSender - Using open Channel [id: 0xe988af06, L:/127.0.0.1:58469 - R:localhost/127.0.0.1:5928] for GET '/session/4965def4a0de6eabcdf0d4f811dccd22/screenshot'
01:33:18.191 [AsyncHttpClient-1-1] DEBUG org.asynchttpclient.netty.channel.DefaultChannelPool - Entry count for : http://localhost:58470 : 1
01:33:19.215 [AsyncHttpClient-1-12] DEBUG org.asynchttpclient.netty.handler.HttpHandler - 

Request DefaultFullHttpRequest(decodeResult: success, version: HTTP/1.1, content: EmptyByteBufBE)
GET /session/4965def4a0de6eabcdf0d4f811dccd22/screenshot HTTP/1.1
User-Agent: selenium/4.8.1 (java windows)
Cache-Control: no-cache
Content-Type: application/json; charset=utf-8
host: localhost:5928
accept: */*

Response DefaultHttpResponse(decodeResult: success, version: HTTP/1.1)
HTTP/1.1 200 OK
Content-Length: 35748
Content-Type: application/json; charset=utf-8
cache-control: no-cache

01:33:19.215 [AsyncHttpClient-1-12] DEBUG org.asynchttpclient.netty.channel.ChannelManager - Adding key: http://localhost:5928 for channel [id: 0xe988af06, L:/127.0.0.1:58469 - R:localhost/127.0.0.1:5928]
01:33:19.217 [main] DEBUG net.serenitybdd.core.photography.Darkroom - Send negative for processing for target\site\serenity\48fffcb2c0990f612ffea95c575767c5ca618a3f41710a1e4d7d5b8634a285a0.png
01:33:19.217 [Darkroom Processing Line] DEBUG net.serenitybdd.core.photography.DarkroomProcessingLine - Processing screenshot image in /var/screenshots/screenshot-1410809335965620659
01:33:19.217 [Darkroom Processing Line] DEBUG net.serenitybdd.core.photography.DarkroomProcessingLine - Saving screenshot to target\site\serenity\48fffcb2c0990f612ffea95c575767c5ca618a3f41710a1e4d7d5b8634a285a0.png
01:33:19.223 [Forwarding getPageSource on session 4965def4a0de6eabcdf0d4f811dccd22 to remote] DEBUG org.asynchttpclient.netty.request.NettyRequestSender - Using pooled Channel '[id: 0xe988af06, L:/127.0.0.1:58469 - R:localhost/127.0.0.1:5928]' for 'POST' to 'http://localhost:5928/session/4965def4a0de6eabcdf0d4f811dccd22/execute/sync'
01:33:19.223 [Forwarding getPageSource on session 4965def4a0de6eabcdf0d4f811dccd22 to remote] DEBUG org.asynchttpclient.netty.request.NettyRequestSender - Using open Channel [id: 0xe988af06, L:/127.0.0.1:58469 - R:localhost/127.0.0.1:5928] for POST '/session/4965def4a0de6eabcdf0d4f811dccd22/execute/sync'
01:33:19.260 [AsyncHttpClient-1-12] DEBUG org.asynchttpclient.netty.handler.HttpHandler - 

Request DefaultHttpRequest(decodeResult: success, version: HTTP/1.1)
POST /session/4965def4a0de6eabcdf0d4f811dccd22/execute/sync HTTP/1.1
User-Agent: selenium/4.8.1 (java windows)
Content-Length: 176
Content-Type: application/json; charset=utf-8
host: localhost:5928
accept: */*

Response DefaultHttpResponse(decodeResult: success, version: HTTP/1.1)
HTTP/1.1 200 OK
Content-Length: 518092
Content-Type: application/json; charset=utf-8
cache-control: no-cache

01:33:19.261 [AsyncHttpClient-1-12] DEBUG org.asynchttpclient.netty.channel.ChannelManager - Adding key: http://localhost:5928 for channel [id: 0xe988af06, L:/127.0.0.1:58469 - R:localhost/127.0.0.1:5928]
01:33:19.294 [AsyncHttpClient-1-1] DEBUG org.asynchttpclient.netty.channel.DefaultChannelPool - Entry count for : http://localhost:5928 : 1
01:33:19.294 [AsyncHttpClient-1-1] DEBUG org.asynchttpclient.netty.channel.DefaultChannelPool - Entry count for : http://localhost:58470 : 1
01:33:19.311 [Forwarding getCurrentUrl on session 4965def4a0de6eabcdf0d4f811dccd22 to remote] DEBUG org.asynchttpclient.netty.request.NettyRequestSender - Using pooled Channel '[id: 0xe988af06, L:/127.0.0.1:58469 - R:localhost/127.0.0.1:5928]' for 'GET' to 'http://localhost:5928/session/4965def4a0de6eabcdf0d4f811dccd22/url'
01:33:19.311 [Forwarding getCurrentUrl on session 4965def4a0de6eabcdf0d4f811dccd22 to remote] DEBUG org.asynchttpclient.netty.request.NettyRequestSender - Using open Channel [id: 0xe988af06, L:/127.0.0.1:58469 - R:localhost/127.0.0.1:5928] for GET '/session/4965def4a0de6eabcdf0d4f811dccd22/url'
01:33:19.314 [AsyncHttpClient-1-12] DEBUG org.asynchttpclient.netty.handler.HttpHandler - 

Request DefaultFullHttpRequest(decodeResult: success, version: HTTP/1.1, content: EmptyByteBufBE)
GET /session/4965def4a0de6eabcdf0d4f811dccd22/url HTTP/1.1
User-Agent: selenium/4.8.1 (java windows)
Cache-Control: no-cache
Content-Type: application/json; charset=utf-8
host: localhost:5928
accept: */*

Response DefaultHttpResponse(decodeResult: success, version: HTTP/1.1)
HTTP/1.1 200 OK
Content-Length: 41
Content-Type: application/json; charset=utf-8
cache-control: no-cache

01:33:19.314 [AsyncHttpClient-1-12] DEBUG org.asynchttpclient.netty.channel.ChannelManager - Adding key: http://localhost:5928 for channel [id: 0xe988af06, L:/127.0.0.1:58469 - R:localhost/127.0.0.1:5928]
01:33:19.324 [Forwarding getAlertText on session 4965def4a0de6eabcdf0d4f811dccd22 to remote] DEBUG org.asynchttpclient.netty.request.NettyRequestSender - Using pooled Channel '[id: 0xe988af06, L:/127.0.0.1:58469 - R:localhost/127.0.0.1:5928]' for 'GET' to 'http://localhost:5928/session/4965def4a0de6eabcdf0d4f811dccd22/alert/text'
01:33:19.324 [Forwarding getAlertText on session 4965def4a0de6eabcdf0d4f811dccd22 to remote] DEBUG org.asynchttpclient.netty.request.NettyRequestSender - Using open Channel [id: 0xe988af06, L:/127.0.0.1:58469 - R:localhost/127.0.0.1:5928] for GET '/session/4965def4a0de6eabcdf0d4f811dccd22/alert/text'
01:33:19.326 [AsyncHttpClient-1-12] DEBUG org.asynchttpclient.netty.handler.HttpHandler - 

Request DefaultFullHttpRequest(decodeResult: success, version: HTTP/1.1, content: EmptyByteBufBE)
GET /session/4965def4a0de6eabcdf0d4f811dccd22/alert/text HTTP/1.1
User-Agent: selenium/4.8.1 (java windows)
Cache-Control: no-cache
Content-Type: application/json; charset=utf-8
host: localhost:5928
accept: */*

Response DefaultHttpResponse(decodeResult: success, version: HTTP/1.1)
HTTP/1.1 404 Not Found
Content-Length: 816
Content-Type: application/json; charset=utf-8
cache-control: no-cache

01:33:19.327 [AsyncHttpClient-1-12] DEBUG org.asynchttpclient.netty.channel.ChannelManager - Adding key: http://localhost:5928 for channel [id: 0xe988af06, L:/127.0.0.1:58469 - R:localhost/127.0.0.1:5928]
01:33:19.327 [Forwarding getCurrentUrl on session 4965def4a0de6eabcdf0d4f811dccd22 to remote] DEBUG org.asynchttpclient.netty.request.NettyRequestSender - Using pooled Channel '[id: 0xe988af06, L:/127.0.0.1:58469 - R:localhost/127.0.0.1:5928]' for 'GET' to 'http://localhost:5928/session/4965def4a0de6eabcdf0d4f811dccd22/url'
01:33:19.327 [Forwarding getCurrentUrl on session 4965def4a0de6eabcdf0d4f811dccd22 to remote] DEBUG org.asynchttpclient.netty.request.NettyRequestSender - Using open Channel [id: 0xe988af06, L:/127.0.0.1:58469 - R:localhost/127.0.0.1:5928] for GET '/session/4965def4a0de6eabcdf0d4f811dccd22/url'
01:33:19.331 [AsyncHttpClient-1-12] DEBUG org.asynchttpclient.netty.handler.HttpHandler - 

Request DefaultFullHttpRequest(decodeResult: success, version: HTTP/1.1, content: EmptyByteBufBE)
GET /session/4965def4a0de6eabcdf0d4f811dccd22/url HTTP/1.1
User-Agent: selenium/4.8.1 (java windows)
Cache-Control: no-cache
Content-Type: application/json; charset=utf-8
host: localhost:5928
accept: */*

Response DefaultHttpResponse(decodeResult: success, version: HTTP/1.1)
HTTP/1.1 200 OK
Content-Length: 41
Content-Type: application/json; charset=utf-8
cache-control: no-cache

01:33:19.331 [AsyncHttpClient-1-12] DEBUG org.asynchttpclient.netty.channel.ChannelManager - Adding key: http://localhost:5928 for channel [id: 0xe988af06, L:/127.0.0.1:58469 - R:localhost/127.0.0.1:5928]
01:33:19.331 [Forwarding screenshot on session 4965def4a0de6eabcdf0d4f811dccd22 to remote] DEBUG org.asynchttpclient.netty.request.NettyRequestSender - Using pooled Channel '[id: 0xe988af06, L:/127.0.0.1:58469 - R:localhost/127.0.0.1:5928]' for 'GET' to 'http://localhost:5928/session/4965def4a0de6eabcdf0d4f811dccd22/screenshot'
01:33:19.331 [Forwarding screenshot on session 4965def4a0de6eabcdf0d4f811dccd22 to remote] DEBUG org.asynchttpclient.netty.request.NettyRequestSender - Using open Channel [id: 0xe988af06, L:/127.0.0.1:58469 - R:localhost/127.0.0.1:5928] for GET '/session/4965def4a0de6eabcdf0d4f811dccd22/screenshot'
01:33:19.505 [AsyncHttpClient-1-12] DEBUG org.asynchttpclient.netty.handler.HttpHandler - 

Request DefaultFullHttpRequest(decodeResult: success, version: HTTP/1.1, content: EmptyByteBufBE)
GET /session/4965def4a0de6eabcdf0d4f811dccd22/screenshot HTTP/1.1
User-Agent: selenium/4.8.1 (java windows)
Cache-Control: no-cache
Content-Type: application/json; charset=utf-8
host: localhost:5928
accept: */*

Response DefaultHttpResponse(decodeResult: success, version: HTTP/1.1)
HTTP/1.1 200 OK
Content-Length: 88464
Content-Type: application/json; charset=utf-8
cache-control: no-cache

01:33:19.506 [AsyncHttpClient-1-12] DEBUG org.asynchttpclient.netty.channel.ChannelManager - Adding key: http://localhost:5928 for channel [id: 0xe988af06, L:/127.0.0.1:58469 - R:localhost/127.0.0.1:5928]
01:33:19.511 [main] DEBUG net.serenitybdd.core.photography.Darkroom - Send negative for processing for target\site\serenity\067bf0c80f3563c9d40f008e94ea8ba26e5ba0154100251eef820208752d3f6b.png
01:33:19.511 [Darkroom Processing Line] DEBUG net.serenitybdd.core.photography.DarkroomProcessingLine - Processing screenshot image in /var/screenshots/screenshot-7900508119729267519
01:33:19.511 [Darkroom Processing Line] DEBUG net.serenitybdd.core.photography.DarkroomProcessingLine - Saving screenshot to target\site\serenity\067bf0c80f3563c9d40f008e94ea8ba26e5ba0154100251eef820208752d3f6b.png
01:33:19.512 [Forwarding getPageSource on session 4965def4a0de6eabcdf0d4f811dccd22 to remote] DEBUG org.asynchttpclient.netty.request.NettyRequestSender - Using pooled Channel '[id: 0xe988af06, L:/127.0.0.1:58469 - R:localhost/127.0.0.1:5928]' for 'POST' to 'http://localhost:5928/session/4965def4a0de6eabcdf0d4f811dccd22/execute/sync'
01:33:19.512 [Forwarding getPageSource on session 4965def4a0de6eabcdf0d4f811dccd22 to remote] DEBUG org.asynchttpclient.netty.request.NettyRequestSender - Using open Channel [id: 0xe988af06, L:/127.0.0.1:58469 - R:localhost/127.0.0.1:5928] for POST '/session/4965def4a0de6eabcdf0d4f811dccd22/execute/sync'
01:33:19.549 [AsyncHttpClient-1-12] DEBUG org.asynchttpclient.netty.handler.HttpHandler - 

Request DefaultHttpRequest(decodeResult: success, version: HTTP/1.1)
POST /session/4965def4a0de6eabcdf0d4f811dccd22/execute/sync HTTP/1.1
User-Agent: selenium/4.8.1 (java windows)
Content-Length: 176
Content-Type: application/json; charset=utf-8
host: localhost:5928
accept: */*

Response DefaultHttpResponse(decodeResult: success, version: HTTP/1.1)
HTTP/1.1 200 OK
Content-Length: 518092
Content-Type: application/json; charset=utf-8
cache-control: no-cache

01:33:19.550 [AsyncHttpClient-1-12] DEBUG org.asynchttpclient.netty.channel.ChannelManager - Adding key: http://localhost:5928 for channel [id: 0xe988af06, L:/127.0.0.1:58469 - R:localhost/127.0.0.1:5928]
01:33:19.611 [Forwarding getCurrentUrl on session 4965def4a0de6eabcdf0d4f811dccd22 to remote] DEBUG org.asynchttpclient.netty.request.NettyRequestSender - Using pooled Channel '[id: 0xe988af06, L:/127.0.0.1:58469 - R:localhost/127.0.0.1:5928]' for 'GET' to 'http://localhost:5928/session/4965def4a0de6eabcdf0d4f811dccd22/url'
01:33:19.611 [Forwarding getCurrentUrl on session 4965def4a0de6eabcdf0d4f811dccd22 to remote] DEBUG org.asynchttpclient.netty.request.NettyRequestSender - Using open Channel [id: 0xe988af06, L:/127.0.0.1:58469 - R:localhost/127.0.0.1:5928] for GET '/session/4965def4a0de6eabcdf0d4f811dccd22/url'
01:33:19.615 [AsyncHttpClient-1-12] DEBUG org.asynchttpclient.netty.handler.HttpHandler - 

Request DefaultFullHttpRequest(decodeResult: success, version: HTTP/1.1, content: EmptyByteBufBE)
GET /session/4965def4a0de6eabcdf0d4f811dccd22/url HTTP/1.1
User-Agent: selenium/4.8.1 (java windows)
Cache-Control: no-cache
Content-Type: application/json; charset=utf-8
host: localhost:5928
accept: */*

Response DefaultHttpResponse(decodeResult: success, version: HTTP/1.1)
HTTP/1.1 200 OK
Content-Length: 41
Content-Type: application/json; charset=utf-8
cache-control: no-cache

01:33:19.615 [AsyncHttpClient-1-12] DEBUG org.asynchttpclient.netty.channel.ChannelManager - Adding key: http://localhost:5928 for channel [id: 0xe988af06, L:/127.0.0.1:58469 - R:localhost/127.0.0.1:5928]
01:33:19.618 [main] DEBUG net.thucydides.core.steps.StepInterceptor - STARTING STEP: LoginSteps.clickBeliButton - clickBeliButton
01:33:19.620 [Forwarding findElement on session 4965def4a0de6eabcdf0d4f811dccd22 to remote] DEBUG org.asynchttpclient.netty.request.NettyRequestSender - Using pooled Channel '[id: 0xe988af06, L:/127.0.0.1:58469 - R:localhost/127.0.0.1:5928]' for 'POST' to 'http://localhost:5928/session/4965def4a0de6eabcdf0d4f811dccd22/element'
01:33:19.620 [Forwarding findElement on session 4965def4a0de6eabcdf0d4f811dccd22 to remote] DEBUG org.asynchttpclient.netty.request.NettyRequestSender - Using open Channel [id: 0xe988af06, L:/127.0.0.1:58469 - R:localhost/127.0.0.1:5928] for POST '/session/4965def4a0de6eabcdf0d4f811dccd22/element'
01:33:19.639 [AsyncHttpClient-1-12] DEBUG org.asynchttpclient.netty.handler.HttpHandler - 

Request DefaultHttpRequest(decodeResult: success, version: HTTP/1.1)
POST /session/4965def4a0de6eabcdf0d4f811dccd22/element HTTP/1.1
User-Agent: selenium/4.8.1 (java windows)
Content-Length: 123
Content-Type: application/json; charset=utf-8
host: localhost:5928
accept: */*

Response DefaultHttpResponse(decodeResult: success, version: HTTP/1.1)
HTTP/1.1 200 OK
Content-Length: 88
Content-Type: application/json; charset=utf-8
cache-control: no-cache

01:33:19.639 [AsyncHttpClient-1-12] DEBUG org.asynchttpclient.netty.channel.ChannelManager - Adding key: http://localhost:5928 for channel [id: 0xe988af06, L:/127.0.0.1:58469 - R:localhost/127.0.0.1:5928]
01:33:19.640 [Forwarding getElementTagName on session 4965def4a0de6eabcdf0d4f811dccd22 to remote] DEBUG org.asynchttpclient.netty.request.NettyRequestSender - Using pooled Channel '[id: 0xe988af06, L:/127.0.0.1:58469 - R:localhost/127.0.0.1:5928]' for 'GET' to 'http://localhost:5928/session/4965def4a0de6eabcdf0d4f811dccd22/element/8cebfb72-ec47-4a45-9a7f-e7c1f47e09a8/name'
01:33:19.640 [Forwarding getElementTagName on session 4965def4a0de6eabcdf0d4f811dccd22 to remote] DEBUG org.asynchttpclient.netty.request.NettyRequestSender - Using open Channel [id: 0xe988af06, L:/127.0.0.1:58469 - R:localhost/127.0.0.1:5928] for GET '/session/4965def4a0de6eabcdf0d4f811dccd22/element/8cebfb72-ec47-4a45-9a7f-e7c1f47e09a8/name'
01:33:19.646 [AsyncHttpClient-1-12] DEBUG org.asynchttpclient.netty.handler.HttpHandler - 

Request DefaultFullHttpRequest(decodeResult: success, version: HTTP/1.1, content: EmptyByteBufBE)
GET /session/4965def4a0de6eabcdf0d4f811dccd22/element/8cebfb72-ec47-4a45-9a7f-e7c1f47e09a8/name HTTP/1.1
User-Agent: selenium/4.8.1 (java windows)
Cache-Control: no-cache
Content-Type: application/json; charset=utf-8
host: localhost:5928
accept: */*

Response DefaultHttpResponse(decodeResult: success, version: HTTP/1.1)
HTTP/1.1 200 OK
Content-Length: 16
Content-Type: application/json; charset=utf-8
cache-control: no-cache

01:33:19.646 [AsyncHttpClient-1-12] DEBUG org.asynchttpclient.netty.channel.ChannelManager - Adding key: http://localhost:5928 for channel [id: 0xe988af06, L:/127.0.0.1:58469 - R:localhost/127.0.0.1:5928]
01:33:19.647 [Forwarding getElementTagName on session 4965def4a0de6eabcdf0d4f811dccd22 to remote] DEBUG org.asynchttpclient.netty.request.NettyRequestSender - Using pooled Channel '[id: 0xe988af06, L:/127.0.0.1:58469 - R:localhost/127.0.0.1:5928]' for 'GET' to 'http://localhost:5928/session/4965def4a0de6eabcdf0d4f811dccd22/element/8cebfb72-ec47-4a45-9a7f-e7c1f47e09a8/name'
01:33:19.647 [Forwarding getElementTagName on session 4965def4a0de6eabcdf0d4f811dccd22 to remote] DEBUG org.asynchttpclient.netty.request.NettyRequestSender - Using open Channel [id: 0xe988af06, L:/127.0.0.1:58469 - R:localhost/127.0.0.1:5928] for GET '/session/4965def4a0de6eabcdf0d4f811dccd22/element/8cebfb72-ec47-4a45-9a7f-e7c1f47e09a8/name'
01:33:19.651 [AsyncHttpClient-1-12] DEBUG org.asynchttpclient.netty.handler.HttpHandler - 

Request DefaultFullHttpRequest(decodeResult: success, version: HTTP/1.1, content: EmptyByteBufBE)
GET /session/4965def4a0de6eabcdf0d4f811dccd22/element/8cebfb72-ec47-4a45-9a7f-e7c1f47e09a8/name HTTP/1.1
User-Agent: selenium/4.8.1 (java windows)
Cache-Control: no-cache
Content-Type: application/json; charset=utf-8
host: localhost:5928
accept: */*

Response DefaultHttpResponse(decodeResult: success, version: HTTP/1.1)
HTTP/1.1 200 OK
Content-Length: 16
Content-Type: application/json; charset=utf-8
cache-control: no-cache

01:33:19.651 [AsyncHttpClient-1-12] DEBUG org.asynchttpclient.netty.channel.ChannelManager - Adding key: http://localhost:5928 for channel [id: 0xe988af06, L:/127.0.0.1:58469 - R:localhost/127.0.0.1:5928]
01:33:19.653 [Forwarding findElement on session 4965def4a0de6eabcdf0d4f811dccd22 to remote] DEBUG org.asynchttpclient.netty.request.NettyRequestSender - Using pooled Channel '[id: 0xe988af06, L:/127.0.0.1:58469 - R:localhost/127.0.0.1:5928]' for 'POST' to 'http://localhost:5928/session/4965def4a0de6eabcdf0d4f811dccd22/element'
01:33:19.653 [Forwarding findElement on session 4965def4a0de6eabcdf0d4f811dccd22 to remote] DEBUG org.asynchttpclient.netty.request.NettyRequestSender - Using open Channel [id: 0xe988af06, L:/127.0.0.1:58469 - R:localhost/127.0.0.1:5928] for POST '/session/4965def4a0de6eabcdf0d4f811dccd22/element'
01:33:19.665 [AsyncHttpClient-1-12] DEBUG org.asynchttpclient.netty.handler.HttpHandler - 

Request DefaultHttpRequest(decodeResult: success, version: HTTP/1.1)
POST /session/4965def4a0de6eabcdf0d4f811dccd22/element HTTP/1.1
User-Agent: selenium/4.8.1 (java windows)
Content-Length: 123
Content-Type: application/json; charset=utf-8
host: localhost:5928
accept: */*

Response DefaultHttpResponse(decodeResult: success, version: HTTP/1.1)
HTTP/1.1 200 OK
Content-Length: 88
Content-Type: application/json; charset=utf-8
cache-control: no-cache

01:33:19.666 [AsyncHttpClient-1-12] DEBUG org.asynchttpclient.netty.channel.ChannelManager - Adding key: http://localhost:5928 for channel [id: 0xe988af06, L:/127.0.0.1:58469 - R:localhost/127.0.0.1:5928]
01:33:19.666 [Forwarding clickElement on session 4965def4a0de6eabcdf0d4f811dccd22 to remote] DEBUG org.asynchttpclient.netty.request.NettyRequestSender - Using pooled Channel '[id: 0xe988af06, L:/127.0.0.1:58469 - R:localhost/127.0.0.1:5928]' for 'POST' to 'http://localhost:5928/session/4965def4a0de6eabcdf0d4f811dccd22/element/8cebfb72-ec47-4a45-9a7f-e7c1f47e09a8/click'
01:33:19.666 [Forwarding clickElement on session 4965def4a0de6eabcdf0d4f811dccd22 to remote] DEBUG org.asynchttpclient.netty.request.NettyRequestSender - Using open Channel [id: 0xe988af06, L:/127.0.0.1:58469 - R:localhost/127.0.0.1:5928] for POST '/session/4965def4a0de6eabcdf0d4f811dccd22/element/8cebfb72-ec47-4a45-9a7f-e7c1f47e09a8/click'
01:33:19.752 [AsyncHttpClient-1-12] DEBUG org.asynchttpclient.netty.handler.HttpHandler - 

Request DefaultHttpRequest(decodeResult: success, version: HTTP/1.1)
POST /session/4965def4a0de6eabcdf0d4f811dccd22/element/8cebfb72-ec47-4a45-9a7f-e7c1f47e09a8/click HTTP/1.1
User-Agent: selenium/4.8.1 (java windows)
Content-Length: 50
Content-Type: application/json; charset=utf-8
host: localhost:5928
accept: */*

Response DefaultHttpResponse(decodeResult: success, version: HTTP/1.1)
HTTP/1.1 200 OK
Content-Length: 14
Content-Type: application/json; charset=utf-8
cache-control: no-cache

01:33:19.752 [AsyncHttpClient-1-12] DEBUG org.asynchttpclient.netty.channel.ChannelManager - Adding key: http://localhost:5928 for channel [id: 0xe988af06, L:/127.0.0.1:58469 - R:localhost/127.0.0.1:5928]
01:33:19.760 [Forwarding getAlertText on session 4965def4a0de6eabcdf0d4f811dccd22 to remote] DEBUG org.asynchttpclient.netty.request.NettyRequestSender - Using pooled Channel '[id: 0xe988af06, L:/127.0.0.1:58469 - R:localhost/127.0.0.1:5928]' for 'GET' to 'http://localhost:5928/session/4965def4a0de6eabcdf0d4f811dccd22/alert/text'
01:33:19.760 [Forwarding getAlertText on session 4965def4a0de6eabcdf0d4f811dccd22 to remote] DEBUG org.asynchttpclient.netty.request.NettyRequestSender - Using open Channel [id: 0xe988af06, L:/127.0.0.1:58469 - R:localhost/127.0.0.1:5928] for GET '/session/4965def4a0de6eabcdf0d4f811dccd22/alert/text'
01:33:19.762 [AsyncHttpClient-1-12] DEBUG org.asynchttpclient.netty.handler.HttpHandler - 

Request DefaultFullHttpRequest(decodeResult: success, version: HTTP/1.1, content: EmptyByteBufBE)
GET /session/4965def4a0de6eabcdf0d4f811dccd22/alert/text HTTP/1.1
User-Agent: selenium/4.8.1 (java windows)
Cache-Control: no-cache
Content-Type: application/json; charset=utf-8
host: localhost:5928
accept: */*

Response DefaultHttpResponse(decodeResult: success, version: HTTP/1.1)
HTTP/1.1 404 Not Found
Content-Length: 816
Content-Type: application/json; charset=utf-8
cache-control: no-cache

01:33:19.762 [AsyncHttpClient-1-12] DEBUG org.asynchttpclient.netty.channel.ChannelManager - Adding key: http://localhost:5928 for channel [id: 0xe988af06, L:/127.0.0.1:58469 - R:localhost/127.0.0.1:5928]
01:33:19.763 [Forwarding getCurrentUrl on session 4965def4a0de6eabcdf0d4f811dccd22 to remote] DEBUG org.asynchttpclient.netty.request.NettyRequestSender - Using pooled Channel '[id: 0xe988af06, L:/127.0.0.1:58469 - R:localhost/127.0.0.1:5928]' for 'GET' to 'http://localhost:5928/session/4965def4a0de6eabcdf0d4f811dccd22/url'
01:33:19.763 [Forwarding getCurrentUrl on session 4965def4a0de6eabcdf0d4f811dccd22 to remote] DEBUG org.asynchttpclient.netty.request.NettyRequestSender - Using open Channel [id: 0xe988af06, L:/127.0.0.1:58469 - R:localhost/127.0.0.1:5928] for GET '/session/4965def4a0de6eabcdf0d4f811dccd22/url'
01:33:19.766 [AsyncHttpClient-1-12] DEBUG org.asynchttpclient.netty.handler.HttpHandler - 

Request DefaultFullHttpRequest(decodeResult: success, version: HTTP/1.1, content: EmptyByteBufBE)
GET /session/4965def4a0de6eabcdf0d4f811dccd22/url HTTP/1.1
User-Agent: selenium/4.8.1 (java windows)
Cache-Control: no-cache
Content-Type: application/json; charset=utf-8
host: localhost:5928
accept: */*

Response DefaultHttpResponse(decodeResult: success, version: HTTP/1.1)
HTTP/1.1 200 OK
Content-Length: 41
Content-Type: application/json; charset=utf-8
cache-control: no-cache

01:33:19.766 [AsyncHttpClient-1-12] DEBUG org.asynchttpclient.netty.channel.ChannelManager - Adding key: http://localhost:5928 for channel [id: 0xe988af06, L:/127.0.0.1:58469 - R:localhost/127.0.0.1:5928]
01:33:19.767 [Forwarding screenshot on session 4965def4a0de6eabcdf0d4f811dccd22 to remote] DEBUG org.asynchttpclient.netty.request.NettyRequestSender - Using pooled Channel '[id: 0xe988af06, L:/127.0.0.1:58469 - R:localhost/127.0.0.1:5928]' for 'GET' to 'http://localhost:5928/session/4965def4a0de6eabcdf0d4f811dccd22/screenshot'
01:33:19.767 [Forwarding screenshot on session 4965def4a0de6eabcdf0d4f811dccd22 to remote] DEBUG org.asynchttpclient.netty.request.NettyRequestSender - Using open Channel [id: 0xe988af06, L:/127.0.0.1:58469 - R:localhost/127.0.0.1:5928] for GET '/session/4965def4a0de6eabcdf0d4f811dccd22/screenshot'
01:33:19.936 [AsyncHttpClient-1-12] DEBUG org.asynchttpclient.netty.handler.HttpHandler - 

Request DefaultFullHttpRequest(decodeResult: success, version: HTTP/1.1, content: EmptyByteBufBE)
GET /session/4965def4a0de6eabcdf0d4f811dccd22/screenshot HTTP/1.1
User-Agent: selenium/4.8.1 (java windows)
Cache-Control: no-cache
Content-Type: application/json; charset=utf-8
host: localhost:5928
accept: */*

Response DefaultHttpResponse(decodeResult: success, version: HTTP/1.1)
HTTP/1.1 200 OK
Content-Length: 90716
Content-Type: application/json; charset=utf-8
cache-control: no-cache

01:33:19.937 [AsyncHttpClient-1-12] DEBUG org.asynchttpclient.netty.channel.ChannelManager - Adding key: http://localhost:5928 for channel [id: 0xe988af06, L:/127.0.0.1:58469 - R:localhost/127.0.0.1:5928]
01:33:19.941 [main] DEBUG net.serenitybdd.core.photography.Darkroom - Send negative for processing for target\site\serenity\14530a23a1545ddee44b73be80ef83ff688346a8b8ee9d731990ff1135920fc6.png
01:33:19.941 [main] DEBUG net.thucydides.core.steps.StepInterceptor - STEP DONE: clickBeliButton
  &amp#27;[32mAnd &amp#27;[0m&amp#27;[32mI click buy button from one of product&amp#27;[0m                                                          &amp#27;[90m# starter.stepdefinitions.LoginSteps.clickBeliButton()&amp#27;[0m
01:33:19.941 [Darkroom Processing Line] DEBUG net.serenitybdd.core.photography.DarkroomProcessingLine - Processing screenshot image in /var/screenshots/screenshot-1463007088962154743
01:33:19.941 [Darkroom Processing Line] DEBUG net.serenitybdd.core.photography.DarkroomProcessingLine - Saving screenshot to target\site\serenity\14530a23a1545ddee44b73be80ef83ff688346a8b8ee9d731990ff1135920fc6.png
01:33:19.948 [Forwarding getPageSource on session 4965def4a0de6eabcdf0d4f811dccd22 to remote] DEBUG org.asynchttpclient.netty.request.NettyRequestSender - Using pooled Channel '[id: 0xe988af06, L:/127.0.0.1:58469 - R:localhost/127.0.0.1:5928]' for 'POST' to 'http://localhost:5928/session/4965def4a0de6eabcdf0d4f811dccd22/execute/sync'
01:33:19.948 [Forwarding getPageSource on session 4965def4a0de6eabcdf0d4f811dccd22 to remote] DEBUG org.asynchttpclient.netty.request.NettyRequestSender - Using open Channel [id: 0xe988af06, L:/127.0.0.1:58469 - R:localhost/127.0.0.1:5928] for POST '/session/4965def4a0de6eabcdf0d4f811dccd22/execute/sync'
01:33:19.988 [AsyncHttpClient-1-12] DEBUG org.asynchttpclient.netty.handler.HttpHandler - 

Request DefaultHttpRequest(decodeResult: success, version: HTTP/1.1)
POST /session/4965def4a0de6eabcdf0d4f811dccd22/execute/sync HTTP/1.1
User-Agent: selenium/4.8.1 (java windows)
Content-Length: 176
Content-Type: application/json; charset=utf-8
host: localhost:5928
accept: */*

Response DefaultHttpResponse(decodeResult: success, version: HTTP/1.1)
HTTP/1.1 200 OK
Content-Length: 518476
Content-Type: application/json; charset=utf-8
cache-control: no-cache

01:33:19.989 [AsyncHttpClient-1-12] DEBUG org.asynchttpclient.netty.channel.ChannelManager - Adding key: http://localhost:5928 for channel [id: 0xe988af06, L:/127.0.0.1:58469 - R:localhost/127.0.0.1:5928]
01:33:20.044 [Forwarding getCurrentUrl on session 4965def4a0de6eabcdf0d4f811dccd22 to remote] DEBUG org.asynchttpclient.netty.request.NettyRequestSender - Using pooled Channel '[id: 0xe988af06, L:/127.0.0.1:58469 - R:localhost/127.0.0.1:5928]' for 'GET' to 'http://localhost:5928/session/4965def4a0de6eabcdf0d4f811dccd22/url'
01:33:20.044 [Forwarding getCurrentUrl on session 4965def4a0de6eabcdf0d4f811dccd22 to remote] DEBUG org.asynchttpclient.netty.request.NettyRequestSender - Using open Channel [id: 0xe988af06, L:/127.0.0.1:58469 - R:localhost/127.0.0.1:5928] for GET '/session/4965def4a0de6eabcdf0d4f811dccd22/url'
01:33:20.048 [AsyncHttpClient-1-12] DEBUG org.asynchttpclient.netty.handler.HttpHandler - 

Request DefaultFullHttpRequest(decodeResult: success, version: HTTP/1.1, content: EmptyByteBufBE)
GET /session/4965def4a0de6eabcdf0d4f811dccd22/url HTTP/1.1
User-Agent: selenium/4.8.1 (java windows)
Cache-Control: no-cache
Content-Type: application/json; charset=utf-8
host: localhost:5928
accept: */*

Response DefaultHttpResponse(decodeResult: success, version: HTTP/1.1)
HTTP/1.1 200 OK
Content-Length: 41
Content-Type: application/json; charset=utf-8
cache-control: no-cache

01:33:20.048 [AsyncHttpClient-1-12] DEBUG org.asynchttpclient.netty.channel.ChannelManager - Adding key: http://localhost:5928 for channel [id: 0xe988af06, L:/127.0.0.1:58469 - R:localhost/127.0.0.1:5928]
01:33:20.059 [Forwarding getAlertText on session 4965def4a0de6eabcdf0d4f811dccd22 to remote] DEBUG org.asynchttpclient.netty.request.NettyRequestSender - Using pooled Channel '[id: 0xe988af06, L:/127.0.0.1:58469 - R:localhost/127.0.0.1:5928]' for 'GET' to 'http://localhost:5928/session/4965def4a0de6eabcdf0d4f811dccd22/alert/text'
01:33:20.059 [Forwarding getAlertText on session 4965def4a0de6eabcdf0d4f811dccd22 to remote] DEBUG org.asynchttpclient.netty.request.NettyRequestSender - Using open Channel [id: 0xe988af06, L:/127.0.0.1:58469 - R:localhost/127.0.0.1:5928] for GET '/session/4965def4a0de6eabcdf0d4f811dccd22/alert/text'
01:33:20.067 [AsyncHttpClient-1-12] DEBUG org.asynchttpclient.netty.handler.HttpHandler - 

Request DefaultFullHttpRequest(decodeResult: success, version: HTTP/1.1, content: EmptyByteBufBE)
GET /session/4965def4a0de6eabcdf0d4f811dccd22/alert/text HTTP/1.1
User-Agent: selenium/4.8.1 (java windows)
Cache-Control: no-cache
Content-Type: application/json; charset=utf-8
host: localhost:5928
accept: */*

Response DefaultHttpResponse(decodeResult: success, version: HTTP/1.1)
HTTP/1.1 404 Not Found
Content-Length: 816
Content-Type: application/json; charset=utf-8
cache-control: no-cache

01:33:20.067 [AsyncHttpClient-1-12] DEBUG org.asynchttpclient.netty.channel.ChannelManager - Adding key: http://localhost:5928 for channel [id: 0xe988af06, L:/127.0.0.1:58469 - R:localhost/127.0.0.1:5928]
01:33:20.068 [Forwarding getCurrentUrl on session 4965def4a0de6eabcdf0d4f811dccd22 to remote] DEBUG org.asynchttpclient.netty.request.NettyRequestSender - Using pooled Channel '[id: 0xe988af06, L:/127.0.0.1:58469 - R:localhost/127.0.0.1:5928]' for 'GET' to 'http://localhost:5928/session/4965def4a0de6eabcdf0d4f811dccd22/url'
01:33:20.068 [Forwarding getCurrentUrl on session 4965def4a0de6eabcdf0d4f811dccd22 to remote] DEBUG org.asynchttpclient.netty.request.NettyRequestSender - Using open Channel [id: 0xe988af06, L:/127.0.0.1:58469 - R:localhost/127.0.0.1:5928] for GET '/session/4965def4a0de6eabcdf0d4f811dccd22/url'
01:33:20.073 [AsyncHttpClient-1-12] DEBUG org.asynchttpclient.netty.handler.HttpHandler - 

Request DefaultFullHttpRequest(decodeResult: success, version: HTTP/1.1, content: EmptyByteBufBE)
GET /session/4965def4a0de6eabcdf0d4f811dccd22/url HTTP/1.1
User-Agent: selenium/4.8.1 (java windows)
Cache-Control: no-cache
Content-Type: application/json; charset=utf-8
host: localhost:5928
accept: */*

Response DefaultHttpResponse(decodeResult: success, version: HTTP/1.1)
HTTP/1.1 200 OK
Content-Length: 41
Content-Type: application/json; charset=utf-8
cache-control: no-cache

01:33:20.073 [AsyncHttpClient-1-12] DEBUG org.asynchttpclient.netty.channel.ChannelManager - Adding key: http://localhost:5928 for channel [id: 0xe988af06, L:/127.0.0.1:58469 - R:localhost/127.0.0.1:5928]
01:33:20.074 [Forwarding screenshot on session 4965def4a0de6eabcdf0d4f811dccd22 to remote] DEBUG org.asynchttpclient.netty.request.NettyRequestSender - Using pooled Channel '[id: 0xe988af06, L:/127.0.0.1:58469 - R:localhost/127.0.0.1:5928]' for 'GET' to 'http://localhost:5928/session/4965def4a0de6eabcdf0d4f811dccd22/screenshot'
01:33:20.074 [Forwarding screenshot on session 4965def4a0de6eabcdf0d4f811dccd22 to remote] DEBUG org.asynchttpclient.netty.request.NettyRequestSender - Using open Channel [id: 0xe988af06, L:/127.0.0.1:58469 - R:localhost/127.0.0.1:5928] for GET '/session/4965def4a0de6eabcdf0d4f811dccd22/screenshot'
01:33:20.203 [AsyncHttpClient-1-12] DEBUG org.asynchttpclient.netty.handler.HttpHandler - 

Request DefaultFullHttpRequest(decodeResult: success, version: HTTP/1.1, content: EmptyByteBufBE)
GET /session/4965def4a0de6eabcdf0d4f811dccd22/screenshot HTTP/1.1
User-Agent: selenium/4.8.1 (java windows)
Cache-Control: no-cache
Content-Type: application/json; charset=utf-8
host: localhost:5928
accept: */*

Response DefaultHttpResponse(decodeResult: success, version: HTTP/1.1)
HTTP/1.1 200 OK
Content-Length: 88724
Content-Type: application/json; charset=utf-8
cache-control: no-cache

01:33:20.203 [AsyncHttpClient-1-12] DEBUG org.asynchttpclient.netty.channel.ChannelManager - Adding key: http://localhost:5928 for channel [id: 0xe988af06, L:/127.0.0.1:58469 - R:localhost/127.0.0.1:5928]
01:33:20.207 [main] DEBUG net.serenitybdd.core.photography.Darkroom - Send negative for processing for target\site\serenity\3446a29ec178097c809e5c66cf1ca917014ca8f1c374eaa23600d3021d2b7319.png
01:33:20.208 [Darkroom Processing Line] DEBUG net.serenitybdd.core.photography.DarkroomProcessingLine - Processing screenshot image in /var/screenshots/screenshot-8071586818026654942
01:33:20.208 [Darkroom Processing Line] DEBUG net.serenitybdd.core.photography.DarkroomProcessingLine - Saving screenshot to target\site\serenity\3446a29ec178097c809e5c66cf1ca917014ca8f1c374eaa23600d3021d2b7319.png
01:33:20.208 [Forwarding getPageSource on session 4965def4a0de6eabcdf0d4f811dccd22 to remote] DEBUG org.asynchttpclient.netty.request.NettyRequestSender - Using pooled Channel '[id: 0xe988af06, L:/127.0.0.1:58469 - R:localhost/127.0.0.1:5928]' for 'POST' to 'http://localhost:5928/session/4965def4a0de6eabcdf0d4f811dccd22/execute/sync'
01:33:20.208 [Forwarding getPageSource on session 4965def4a0de6eabcdf0d4f811dccd22 to remote] DEBUG org.asynchttpclient.netty.request.NettyRequestSender - Using open Channel [id: 0xe988af06, L:/127.0.0.1:58469 - R:localhost/127.0.0.1:5928] for POST '/session/4965def4a0de6eabcdf0d4f811dccd22/execute/sync'
01:33:20.253 [AsyncHttpClient-1-12] DEBUG org.asynchttpclient.netty.handler.HttpHandler - 

Request DefaultHttpRequest(decodeResult: success, version: HTTP/1.1)
POST /session/4965def4a0de6eabcdf0d4f811dccd22/execute/sync HTTP/1.1
User-Agent: selenium/4.8.1 (java windows)
Content-Length: 176
Content-Type: application/json; charset=utf-8
host: localhost:5928
accept: */*

Response DefaultHttpResponse(decodeResult: success, version: HTTP/1.1)
HTTP/1.1 200 OK
Content-Length: 518407
Content-Type: application/json; charset=utf-8
cache-control: no-cache

01:33:20.255 [AsyncHttpClient-1-12] DEBUG org.asynchttpclient.netty.channel.ChannelManager - Adding key: http://localhost:5928 for channel [id: 0xe988af06, L:/127.0.0.1:58469 - R:localhost/127.0.0.1:5928]
01:33:20.315 [Forwarding getCurrentUrl on session 4965def4a0de6eabcdf0d4f811dccd22 to remote] DEBUG org.asynchttpclient.netty.request.NettyRequestSender - Using pooled Channel '[id: 0xe988af06, L:/127.0.0.1:58469 - R:localhost/127.0.0.1:5928]' for 'GET' to 'http://localhost:5928/session/4965def4a0de6eabcdf0d4f811dccd22/url'
01:33:20.315 [Forwarding getCurrentUrl on session 4965def4a0de6eabcdf0d4f811dccd22 to remote] DEBUG org.asynchttpclient.netty.request.NettyRequestSender - Using open Channel [id: 0xe988af06, L:/127.0.0.1:58469 - R:localhost/127.0.0.1:5928] for GET '/session/4965def4a0de6eabcdf0d4f811dccd22/url'
01:33:20.320 [AsyncHttpClient-1-12] DEBUG org.asynchttpclient.netty.handler.HttpHandler - 

Request DefaultFullHttpRequest(decodeResult: success, version: HTTP/1.1, content: EmptyByteBufBE)
GET /session/4965def4a0de6eabcdf0d4f811dccd22/url HTTP/1.1
User-Agent: selenium/4.8.1 (java windows)
Cache-Control: no-cache
Content-Type: application/json; charset=utf-8
host: localhost:5928
accept: */*

Response DefaultHttpResponse(decodeResult: success, version: HTTP/1.1)
HTTP/1.1 200 OK
Content-Length: 41
Content-Type: application/json; charset=utf-8
cache-control: no-cache

01:33:20.320 [AsyncHttpClient-1-12] DEBUG org.asynchttpclient.netty.channel.ChannelManager - Adding key: http://localhost:5928 for channel [id: 0xe988af06, L:/127.0.0.1:58469 - R:localhost/127.0.0.1:5928]
01:33:20.324 [main] DEBUG net.thucydides.core.steps.StepInterceptor - STARTING STEP: LoginSteps.clickOtherBeliButton - clickOtherBeliButton
01:33:20.327 [Forwarding findElement on session 4965def4a0de6eabcdf0d4f811dccd22 to remote] DEBUG org.asynchttpclient.netty.request.NettyRequestSender - Using pooled Channel '[id: 0xe988af06, L:/127.0.0.1:58469 - R:localhost/127.0.0.1:5928]' for 'POST' to 'http://localhost:5928/session/4965def4a0de6eabcdf0d4f811dccd22/element'
01:33:20.327 [Forwarding findElement on session 4965def4a0de6eabcdf0d4f811dccd22 to remote] DEBUG org.asynchttpclient.netty.request.NettyRequestSender - Using open Channel [id: 0xe988af06, L:/127.0.0.1:58469 - R:localhost/127.0.0.1:5928] for POST '/session/4965def4a0de6eabcdf0d4f811dccd22/element'
01:33:20.343 [AsyncHttpClient-1-12] DEBUG org.asynchttpclient.netty.handler.HttpHandler - 

Request DefaultHttpRequest(decodeResult: success, version: HTTP/1.1)
POST /session/4965def4a0de6eabcdf0d4f811dccd22/element HTTP/1.1
User-Agent: selenium/4.8.1 (java windows)
Content-Length: 123
Content-Type: application/json; charset=utf-8
host: localhost:5928
accept: */*

Response DefaultHttpResponse(decodeResult: success, version: HTTP/1.1)
HTTP/1.1 200 OK
Content-Length: 88
Content-Type: application/json; charset=utf-8
cache-control: no-cache

01:33:20.344 [AsyncHttpClient-1-12] DEBUG org.asynchttpclient.netty.channel.ChannelManager - Adding key: http://localhost:5928 for channel [id: 0xe988af06, L:/127.0.0.1:58469 - R:localhost/127.0.0.1:5928]
01:33:20.344 [Forwarding getElementTagName on session 4965def4a0de6eabcdf0d4f811dccd22 to remote] DEBUG org.asynchttpclient.netty.request.NettyRequestSender - Using pooled Channel '[id: 0xe988af06, L:/127.0.0.1:58469 - R:localhost/127.0.0.1:5928]' for 'GET' to 'http://localhost:5928/session/4965def4a0de6eabcdf0d4f811dccd22/element/16e45365-6031-42e2-8dff-08362245b7e8/name'
01:33:20.344 [Forwarding getElementTagName on session 4965def4a0de6eabcdf0d4f811dccd22 to remote] DEBUG org.asynchttpclient.netty.request.NettyRequestSender - Using open Channel [id: 0xe988af06, L:/127.0.0.1:58469 - R:localhost/127.0.0.1:5928] for GET '/session/4965def4a0de6eabcdf0d4f811dccd22/element/16e45365-6031-42e2-8dff-08362245b7e8/name'
01:33:20.348 [AsyncHttpClient-1-12] DEBUG org.asynchttpclient.netty.handler.HttpHandler - 

Request DefaultFullHttpRequest(decodeResult: success, version: HTTP/1.1, content: EmptyByteBufBE)
GET /session/4965def4a0de6eabcdf0d4f811dccd22/element/16e45365-6031-42e2-8dff-08362245b7e8/name HTTP/1.1
User-Agent: selenium/4.8.1 (java windows)
Cache-Control: no-cache
Content-Type: application/json; charset=utf-8
host: localhost:5928
accept: */*

Response DefaultHttpResponse(decodeResult: success, version: HTTP/1.1)
HTTP/1.1 200 OK
Content-Length: 16
Content-Type: application/json; charset=utf-8
cache-control: no-cache

01:33:20.348 [AsyncHttpClient-1-12] DEBUG org.asynchttpclient.netty.channel.ChannelManager - Adding key: http://localhost:5928 for channel [id: 0xe988af06, L:/127.0.0.1:58469 - R:localhost/127.0.0.1:5928]
01:33:20.349 [Forwarding getElementTagName on session 4965def4a0de6eabcdf0d4f811dccd22 to remote] DEBUG org.asynchttpclient.netty.request.NettyRequestSender - Using pooled Channel '[id: 0xe988af06, L:/127.0.0.1:58469 - R:localhost/127.0.0.1:5928]' for 'GET' to 'http://localhost:5928/session/4965def4a0de6eabcdf0d4f811dccd22/element/16e45365-6031-42e2-8dff-08362245b7e8/name'
01:33:20.349 [Forwarding getElementTagName on session 4965def4a0de6eabcdf0d4f811dccd22 to remote] DEBUG org.asynchttpclient.netty.request.NettyRequestSender - Using open Channel [id: 0xe988af06, L:/127.0.0.1:58469 - R:localhost/127.0.0.1:5928] for GET '/session/4965def4a0de6eabcdf0d4f811dccd22/element/16e45365-6031-42e2-8dff-08362245b7e8/name'
01:33:20.352 [AsyncHttpClient-1-12] DEBUG org.asynchttpclient.netty.handler.HttpHandler - 

Request DefaultFullHttpRequest(decodeResult: success, version: HTTP/1.1, content: EmptyByteBufBE)
GET /session/4965def4a0de6eabcdf0d4f811dccd22/element/16e45365-6031-42e2-8dff-08362245b7e8/name HTTP/1.1
User-Agent: selenium/4.8.1 (java windows)
Cache-Control: no-cache
Content-Type: application/json; charset=utf-8
host: localhost:5928
accept: */*

Response DefaultHttpResponse(decodeResult: success, version: HTTP/1.1)
HTTP/1.1 200 OK
Content-Length: 16
Content-Type: application/json; charset=utf-8
cache-control: no-cache

01:33:20.352 [AsyncHttpClient-1-12] DEBUG org.asynchttpclient.netty.channel.ChannelManager - Adding key: http://localhost:5928 for channel [id: 0xe988af06, L:/127.0.0.1:58469 - R:localhost/127.0.0.1:5928]
01:33:20.354 [Forwarding findElement on session 4965def4a0de6eabcdf0d4f811dccd22 to remote] DEBUG org.asynchttpclient.netty.request.NettyRequestSender - Using pooled Channel '[id: 0xe988af06, L:/127.0.0.1:58469 - R:localhost/127.0.0.1:5928]' for 'POST' to 'http://localhost:5928/session/4965def4a0de6eabcdf0d4f811dccd22/element'
01:33:20.354 [Forwarding findElement on session 4965def4a0de6eabcdf0d4f811dccd22 to remote] DEBUG org.asynchttpclient.netty.request.NettyRequestSender - Using open Channel [id: 0xe988af06, L:/127.0.0.1:58469 - R:localhost/127.0.0.1:5928] for POST '/session/4965def4a0de6eabcdf0d4f811dccd22/element'
01:33:20.364 [AsyncHttpClient-1-12] DEBUG org.asynchttpclient.netty.handler.HttpHandler - 

Request DefaultHttpRequest(decodeResult: success, version: HTTP/1.1)
POST /session/4965def4a0de6eabcdf0d4f811dccd22/element HTTP/1.1
User-Agent: selenium/4.8.1 (java windows)
Content-Length: 123
Content-Type: application/json; charset=utf-8
host: localhost:5928
accept: */*

Response DefaultHttpResponse(decodeResult: success, version: HTTP/1.1)
HTTP/1.1 200 OK
Content-Length: 88
Content-Type: application/json; charset=utf-8
cache-control: no-cache

01:33:20.365 [AsyncHttpClient-1-12] DEBUG org.asynchttpclient.netty.channel.ChannelManager - Adding key: http://localhost:5928 for channel [id: 0xe988af06, L:/127.0.0.1:58469 - R:localhost/127.0.0.1:5928]
01:33:20.365 [Forwarding clickElement on session 4965def4a0de6eabcdf0d4f811dccd22 to remote] DEBUG org.asynchttpclient.netty.request.NettyRequestSender - Using pooled Channel '[id: 0xe988af06, L:/127.0.0.1:58469 - R:localhost/127.0.0.1:5928]' for 'POST' to 'http://localhost:5928/session/4965def4a0de6eabcdf0d4f811dccd22/element/16e45365-6031-42e2-8dff-08362245b7e8/click'
01:33:20.365 [Forwarding clickElement on session 4965def4a0de6eabcdf0d4f811dccd22 to remote] DEBUG org.asynchttpclient.netty.request.NettyRequestSender - Using open Channel [id: 0xe988af06, L:/127.0.0.1:58469 - R:localhost/127.0.0.1:5928] for POST '/session/4965def4a0de6eabcdf0d4f811dccd22/element/16e45365-6031-42e2-8dff-08362245b7e8/click'
01:33:20.393 [AsyncHttpClient-1-1] DEBUG org.asynchttpclient.netty.channel.DefaultChannelPool - Entry count for : http://localhost:58470 : 1
01:33:20.457 [AsyncHttpClient-1-12] DEBUG org.asynchttpclient.netty.handler.HttpHandler - 

Request DefaultHttpRequest(decodeResult: success, version: HTTP/1.1)
POST /session/4965def4a0de6eabcdf0d4f811dccd22/element/16e45365-6031-42e2-8dff-08362245b7e8/click HTTP/1.1
User-Agent: selenium/4.8.1 (java windows)
Content-Length: 50
Content-Type: application/json; charset=utf-8
host: localhost:5928
accept: */*

Response DefaultHttpResponse(decodeResult: success, version: HTTP/1.1)
HTTP/1.1 200 OK
Content-Length: 14
Content-Type: application/json; charset=utf-8
cache-control: no-cache

01:33:20.458 [AsyncHttpClient-1-12] DEBUG org.asynchttpclient.netty.channel.ChannelManager - Adding key: http://localhost:5928 for channel [id: 0xe988af06, L:/127.0.0.1:58469 - R:localhost/127.0.0.1:5928]
01:33:20.465 [Forwarding getAlertText on session 4965def4a0de6eabcdf0d4f811dccd22 to remote] DEBUG org.asynchttpclient.netty.request.NettyRequestSender - Using pooled Channel '[id: 0xe988af06, L:/127.0.0.1:58469 - R:localhost/127.0.0.1:5928]' for 'GET' to 'http://localhost:5928/session/4965def4a0de6eabcdf0d4f811dccd22/alert/text'
01:33:20.465 [Forwarding getAlertText on session 4965def4a0de6eabcdf0d4f811dccd22 to remote] DEBUG org.asynchttpclient.netty.request.NettyRequestSender - Using open Channel [id: 0xe988af06, L:/127.0.0.1:58469 - R:localhost/127.0.0.1:5928] for GET '/session/4965def4a0de6eabcdf0d4f811dccd22/alert/text'
01:33:20.467 [AsyncHttpClient-1-12] DEBUG org.asynchttpclient.netty.handler.HttpHandler - 

Request DefaultFullHttpRequest(decodeResult: success, version: HTTP/1.1, content: EmptyByteBufBE)
GET /session/4965def4a0de6eabcdf0d4f811dccd22/alert/text HTTP/1.1
User-Agent: selenium/4.8.1 (java windows)
Cache-Control: no-cache
Content-Type: application/json; charset=utf-8
host: localhost:5928
accept: */*

Response DefaultHttpResponse(decodeResult: success, version: HTTP/1.1)
HTTP/1.1 404 Not Found
Content-Length: 816
Content-Type: application/json; charset=utf-8
cache-control: no-cache

01:33:20.467 [AsyncHttpClient-1-12] DEBUG org.asynchttpclient.netty.channel.ChannelManager - Adding key: http://localhost:5928 for channel [id: 0xe988af06, L:/127.0.0.1:58469 - R:localhost/127.0.0.1:5928]
01:33:20.467 [Forwarding getCurrentUrl on session 4965def4a0de6eabcdf0d4f811dccd22 to remote] DEBUG org.asynchttpclient.netty.request.NettyRequestSender - Using pooled Channel '[id: 0xe988af06, L:/127.0.0.1:58469 - R:localhost/127.0.0.1:5928]' for 'GET' to 'http://localhost:5928/session/4965def4a0de6eabcdf0d4f811dccd22/url'
01:33:20.467 [Forwarding getCurrentUrl on session 4965def4a0de6eabcdf0d4f811dccd22 to remote] DEBUG org.asynchttpclient.netty.request.NettyRequestSender - Using open Channel [id: 0xe988af06, L:/127.0.0.1:58469 - R:localhost/127.0.0.1:5928] for GET '/session/4965def4a0de6eabcdf0d4f811dccd22/url'
01:33:20.473 [AsyncHttpClient-1-12] DEBUG org.asynchttpclient.netty.handler.HttpHandler - 

Request DefaultFullHttpRequest(decodeResult: success, version: HTTP/1.1, content: EmptyByteBufBE)
GET /session/4965def4a0de6eabcdf0d4f811dccd22/url HTTP/1.1
User-Agent: selenium/4.8.1 (java windows)
Cache-Control: no-cache
Content-Type: application/json; charset=utf-8
host: localhost:5928
accept: */*

Response DefaultHttpResponse(decodeResult: success, version: HTTP/1.1)
HTTP/1.1 200 OK
Content-Length: 41
Content-Type: application/json; charset=utf-8
cache-control: no-cache

01:33:20.473 [AsyncHttpClient-1-12] DEBUG org.asynchttpclient.netty.channel.ChannelManager - Adding key: http://localhost:5928 for channel [id: 0xe988af06, L:/127.0.0.1:58469 - R:localhost/127.0.0.1:5928]
01:33:20.473 [Forwarding screenshot on session 4965def4a0de6eabcdf0d4f811dccd22 to remote] DEBUG org.asynchttpclient.netty.request.NettyRequestSender - Using pooled Channel '[id: 0xe988af06, L:/127.0.0.1:58469 - R:localhost/127.0.0.1:5928]' for 'GET' to 'http://localhost:5928/session/4965def4a0de6eabcdf0d4f811dccd22/screenshot'
01:33:20.473 [Forwarding screenshot on session 4965def4a0de6eabcdf0d4f811dccd22 to remote] DEBUG org.asynchttpclient.netty.request.NettyRequestSender - Using open Channel [id: 0xe988af06, L:/127.0.0.1:58469 - R:localhost/127.0.0.1:5928] for GET '/session/4965def4a0de6eabcdf0d4f811dccd22/screenshot'
01:33:20.623 [AsyncHttpClient-1-12] DEBUG org.asynchttpclient.netty.handler.HttpHandler - 

Request DefaultFullHttpRequest(decodeResult: success, version: HTTP/1.1, content: EmptyByteBufBE)
GET /session/4965def4a0de6eabcdf0d4f811dccd22/screenshot HTTP/1.1
User-Agent: selenium/4.8.1 (java windows)
Cache-Control: no-cache
Content-Type: application/json; charset=utf-8
host: localhost:5928
accept: */*

Response DefaultHttpResponse(decodeResult: success, version: HTTP/1.1)
HTTP/1.1 200 OK
Content-Length: 83968
Content-Type: application/json; charset=utf-8
cache-control: no-cache

01:33:20.623 [AsyncHttpClient-1-12] DEBUG org.asynchttpclient.netty.channel.ChannelManager - Adding key: http://localhost:5928 for channel [id: 0xe988af06, L:/127.0.0.1:58469 - R:localhost/127.0.0.1:5928]
01:33:20.627 [main] DEBUG net.serenitybdd.core.photography.Darkroom - Send negative for processing for target\site\serenity\d31a0d8c1fd6f5751fa4d050a8aacf5615cb8aa9975baa8618c2497f2964ef00.png
01:33:20.627 [main] DEBUG net.thucydides.core.steps.StepInterceptor - STEP DONE: clickOtherBeliButton
  &amp#27;[32mAnd &amp#27;[0m&amp#27;[32mI click buy button from one of the other products&amp#27;[0m                                               &amp#27;[90m# starter.stepdefinitions.LoginSteps.clickOtherBeliButton()&amp#27;[0m
01:33:20.627 [Darkroom Processing Line] DEBUG net.serenitybdd.core.photography.DarkroomProcessingLine - Processing screenshot image in /var/screenshots/screenshot-3635342820733076494
01:33:20.627 [Darkroom Processing Line] DEBUG net.serenitybdd.core.photography.DarkroomProcessingLine - Saving screenshot to target\site\serenity\d31a0d8c1fd6f5751fa4d050a8aacf5615cb8aa9975baa8618c2497f2964ef00.png
01:33:20.634 [Forwarding getPageSource on session 4965def4a0de6eabcdf0d4f811dccd22 to remote] DEBUG org.asynchttpclient.netty.request.NettyRequestSender - Using pooled Channel '[id: 0xe988af06, L:/127.0.0.1:58469 - R:localhost/127.0.0.1:5928]' for 'POST' to 'http://localhost:5928/session/4965def4a0de6eabcdf0d4f811dccd22/execute/sync'
01:33:20.634 [Forwarding getPageSource on session 4965def4a0de6eabcdf0d4f811dccd22 to remote] DEBUG org.asynchttpclient.netty.request.NettyRequestSender - Using open Channel [id: 0xe988af06, L:/127.0.0.1:58469 - R:localhost/127.0.0.1:5928] for POST '/session/4965def4a0de6eabcdf0d4f811dccd22/execute/sync'
01:33:20.675 [AsyncHttpClient-1-12] DEBUG org.asynchttpclient.netty.handler.HttpHandler - 

Request DefaultHttpRequest(decodeResult: success, version: HTTP/1.1)
POST /session/4965def4a0de6eabcdf0d4f811dccd22/execute/sync HTTP/1.1
User-Agent: selenium/4.8.1 (java windows)
Content-Length: 176
Content-Type: application/json; charset=utf-8
host: localhost:5928
accept: */*

Response DefaultHttpResponse(decodeResult: success, version: HTTP/1.1)
HTTP/1.1 200 OK
Content-Length: 518429
Content-Type: application/json; charset=utf-8
cache-control: no-cache

01:33:20.676 [AsyncHttpClient-1-12] DEBUG org.asynchttpclient.netty.channel.ChannelManager - Adding key: http://localhost:5928 for channel [id: 0xe988af06, L:/127.0.0.1:58469 - R:localhost/127.0.0.1:5928]
01:33:20.726 [Forwarding getCurrentUrl on session 4965def4a0de6eabcdf0d4f811dccd22 to remote] DEBUG org.asynchttpclient.netty.request.NettyRequestSender - Using pooled Channel '[id: 0xe988af06, L:/127.0.0.1:58469 - R:localhost/127.0.0.1:5928]' for 'GET' to 'http://localhost:5928/session/4965def4a0de6eabcdf0d4f811dccd22/url'
01:33:20.726 [Forwarding getCurrentUrl on session 4965def4a0de6eabcdf0d4f811dccd22 to remote] DEBUG org.asynchttpclient.netty.request.NettyRequestSender - Using open Channel [id: 0xe988af06, L:/127.0.0.1:58469 - R:localhost/127.0.0.1:5928] for GET '/session/4965def4a0de6eabcdf0d4f811dccd22/url'
01:33:20.730 [AsyncHttpClient-1-12] DEBUG org.asynchttpclient.netty.handler.HttpHandler - 

Request DefaultFullHttpRequest(decodeResult: success, version: HTTP/1.1, content: EmptyByteBufBE)
GET /session/4965def4a0de6eabcdf0d4f811dccd22/url HTTP/1.1
User-Agent: selenium/4.8.1 (java windows)
Cache-Control: no-cache
Content-Type: application/json; charset=utf-8
host: localhost:5928
accept: */*

Response DefaultHttpResponse(decodeResult: success, version: HTTP/1.1)
HTTP/1.1 200 OK
Content-Length: 41
Content-Type: application/json; charset=utf-8
cache-control: no-cache

01:33:20.730 [AsyncHttpClient-1-12] DEBUG org.asynchttpclient.netty.channel.ChannelManager - Adding key: http://localhost:5928 for channel [id: 0xe988af06, L:/127.0.0.1:58469 - R:localhost/127.0.0.1:5928]
01:33:20.736 [Forwarding findElement on session 4965def4a0de6eabcdf0d4f811dccd22 to remote] DEBUG org.asynchttpclient.netty.request.NettyRequestSender - Using pooled Channel '[id: 0xe988af06, L:/127.0.0.1:58469 - R:localhost/127.0.0.1:5928]' for 'POST' to 'http://localhost:5928/session/4965def4a0de6eabcdf0d4f811dccd22/element'
01:33:20.736 [Forwarding findElement on session 4965def4a0de6eabcdf0d4f811dccd22 to remote] DEBUG org.asynchttpclient.netty.request.NettyRequestSender - Using open Channel [id: 0xe988af06, L:/127.0.0.1:58469 - R:localhost/127.0.0.1:5928] for POST '/session/4965def4a0de6eabcdf0d4f811dccd22/element'
01:33:20.753 [AsyncHttpClient-1-12] DEBUG org.asynchttpclient.netty.handler.HttpHandler - 

Request DefaultHttpRequest(decodeResult: success, version: HTTP/1.1)
POST /session/4965def4a0de6eabcdf0d4f811dccd22/element HTTP/1.1
User-Agent: selenium/4.8.1 (java windows)
Content-Length: 75
Content-Type: application/json; charset=utf-8
host: localhost:5928
accept: */*

Response DefaultHttpResponse(decodeResult: success, version: HTTP/1.1)
HTTP/1.1 200 OK
Content-Length: 88
Content-Type: application/json; charset=utf-8
cache-control: no-cache

01:33:20.753 [AsyncHttpClient-1-12] DEBUG org.asynchttpclient.netty.channel.ChannelManager - Adding key: http://localhost:5928 for channel [id: 0xe988af06, L:/127.0.0.1:58469 - R:localhost/127.0.0.1:5928]
01:33:20.755 [Forwarding isElementDisplayed on session 4965def4a0de6eabcdf0d4f811dccd22 to remote] DEBUG org.asynchttpclient.netty.request.NettyRequestSender - Using pooled Channel '[id: 0xe988af06, L:/127.0.0.1:58469 - R:localhost/127.0.0.1:5928]' for 'POST' to 'http://localhost:5928/session/4965def4a0de6eabcdf0d4f811dccd22/execute/sync'
01:33:20.755 [Forwarding isElementDisplayed on session 4965def4a0de6eabcdf0d4f811dccd22 to remote] DEBUG org.asynchttpclient.netty.request.NettyRequestSender - Using open Channel [id: 0xe988af06, L:/127.0.0.1:58469 - R:localhost/127.0.0.1:5928] for POST '/session/4965def4a0de6eabcdf0d4f811dccd22/execute/sync'
01:33:20.766 [AsyncHttpClient-1-12] DEBUG org.asynchttpclient.netty.handler.HttpHandler - 

Request DefaultHttpRequest(decodeResult: success, version: HTTP/1.1)
POST /session/4965def4a0de6eabcdf0d4f811dccd22/execute/sync HTTP/1.1
User-Agent: selenium/4.8.1 (java windows)
Content-Length: 48807
Content-Type: application/json; charset=utf-8
host: localhost:5928
accept: */*

Response DefaultHttpResponse(decodeResult: success, version: HTTP/1.1)
HTTP/1.1 200 OK
Content-Length: 14
Content-Type: application/json; charset=utf-8
cache-control: no-cache

01:33:20.766 [AsyncHttpClient-1-12] DEBUG org.asynchttpclient.netty.channel.ChannelManager - Adding key: http://localhost:5928 for channel [id: 0xe988af06, L:/127.0.0.1:58469 - R:localhost/127.0.0.1:5928]
  &amp#27;[32mThen &amp#27;[0m&amp#27;[32mI success to add purchase product in the cart&amp#27;[0m                                                  &amp#27;[90m# starter.stepdefinitions.LoginSteps.successAddPurchaseProduct()&amp#27;[0m
01:33:20.773 [Forwarding getAlertText on session 4965def4a0de6eabcdf0d4f811dccd22 to remote] DEBUG org.asynchttpclient.netty.request.NettyRequestSender - Using pooled Channel '[id: 0xe988af06, L:/127.0.0.1:58469 - R:localhost/127.0.0.1:5928]' for 'GET' to 'http://localhost:5928/session/4965def4a0de6eabcdf0d4f811dccd22/alert/text'
01:33:20.773 [Forwarding getAlertText on session 4965def4a0de6eabcdf0d4f811dccd22 to remote] DEBUG org.asynchttpclient.netty.request.NettyRequestSender - Using open Channel [id: 0xe988af06, L:/127.0.0.1:58469 - R:localhost/127.0.0.1:5928] for GET '/session/4965def4a0de6eabcdf0d4f811dccd22/alert/text'
01:33:20.774 [AsyncHttpClient-1-12] DEBUG org.asynchttpclient.netty.handler.HttpHandler - 

Request DefaultFullHttpRequest(decodeResult: success, version: HTTP/1.1, content: EmptyByteBufBE)
GET /session/4965def4a0de6eabcdf0d4f811dccd22/alert/text HTTP/1.1
User-Agent: selenium/4.8.1 (java windows)
Cache-Control: no-cache
Content-Type: application/json; charset=utf-8
host: localhost:5928
accept: */*

Response DefaultHttpResponse(decodeResult: success, version: HTTP/1.1)
HTTP/1.1 404 Not Found
Content-Length: 816
Content-Type: application/json; charset=utf-8
cache-control: no-cache

01:33:20.774 [AsyncHttpClient-1-12] DEBUG org.asynchttpclient.netty.channel.ChannelManager - Adding key: http://localhost:5928 for channel [id: 0xe988af06, L:/127.0.0.1:58469 - R:localhost/127.0.0.1:5928]
01:33:20.775 [Forwarding getCurrentUrl on session 4965def4a0de6eabcdf0d4f811dccd22 to remote] DEBUG org.asynchttpclient.netty.request.NettyRequestSender - Using pooled Channel '[id: 0xe988af06, L:/127.0.0.1:58469 - R:localhost/127.0.0.1:5928]' for 'GET' to 'http://localhost:5928/session/4965def4a0de6eabcdf0d4f811dccd22/url'
01:33:20.775 [Forwarding getCurrentUrl on session 4965def4a0de6eabcdf0d4f811dccd22 to remote] DEBUG org.asynchttpclient.netty.request.NettyRequestSender - Using open Channel [id: 0xe988af06, L:/127.0.0.1:58469 - R:localhost/127.0.0.1:5928] for GET '/session/4965def4a0de6eabcdf0d4f811dccd22/url'
01:33:20.779 [AsyncHttpClient-1-12] DEBUG org.asynchttpclient.netty.handler.HttpHandler - 

Request DefaultFullHttpRequest(decodeResult: success, version: HTTP/1.1, content: EmptyByteBufBE)
GET /session/4965def4a0de6eabcdf0d4f811dccd22/url HTTP/1.1
User-Agent: selenium/4.8.1 (java windows)
Cache-Control: no-cache
Content-Type: application/json; charset=utf-8
host: localhost:5928
accept: */*

Response DefaultHttpResponse(decodeResult: success, version: HTTP/1.1)
HTTP/1.1 200 OK
Content-Length: 41
Content-Type: application/json; charset=utf-8
cache-control: no-cache

01:33:20.779 [AsyncHttpClient-1-12] DEBUG org.asynchttpclient.netty.channel.ChannelManager - Adding key: http://localhost:5928 for channel [id: 0xe988af06, L:/127.0.0.1:58469 - R:localhost/127.0.0.1:5928]
01:33:20.779 [Forwarding screenshot on session 4965def4a0de6eabcdf0d4f811dccd22 to remote] DEBUG org.asynchttpclient.netty.request.NettyRequestSender - Using pooled Channel '[id: 0xe988af06, L:/127.0.0.1:58469 - R:localhost/127.0.0.1:5928]' for 'GET' to 'http://localhost:5928/session/4965def4a0de6eabcdf0d4f811dccd22/screenshot'
01:33:20.779 [Forwarding screenshot on session 4965def4a0de6eabcdf0d4f811dccd22 to remote] DEBUG org.asynchttpclient.netty.request.NettyRequestSender - Using open Channel [id: 0xe988af06, L:/127.0.0.1:58469 - R:localhost/127.0.0.1:5928] for GET '/session/4965def4a0de6eabcdf0d4f811dccd22/screenshot'
01:33:20.900 [AsyncHttpClient-1-12] DEBUG org.asynchttpclient.netty.handler.HttpHandler - 

Request DefaultFullHttpRequest(decodeResult: success, version: HTTP/1.1, content: EmptyByteBufBE)
GET /session/4965def4a0de6eabcdf0d4f811dccd22/screenshot HTTP/1.1
User-Agent: selenium/4.8.1 (java windows)
Cache-Control: no-cache
Content-Type: application/json; charset=utf-8
host: localhost:5928
accept: */*

Response DefaultHttpResponse(decodeResult: success, version: HTTP/1.1)
HTTP/1.1 200 OK
Content-Length: 83408
Content-Type: application/json; charset=utf-8
cache-control: no-cache

01:33:20.901 [AsyncHttpClient-1-12] DEBUG org.asynchttpclient.netty.channel.ChannelManager - Adding key: http://localhost:5928 for channel [id: 0xe988af06, L:/127.0.0.1:58469 - R:localhost/127.0.0.1:5928]
01:33:20.905 [main] DEBUG net.serenitybdd.core.photography.Darkroom - Send negative for processing for target\site\serenity\1fd5dc4f7aefd85127d74ddddf47af8d8c636e1856191a009e4824c3de5ec8f5.png
01:33:20.905 [Darkroom Processing Line] DEBUG net.serenitybdd.core.photography.DarkroomProcessingLine - Processing screenshot image in /var/screenshots/screenshot-907641994945357423
01:33:20.905 [Darkroom Processing Line] DEBUG net.serenitybdd.core.photography.DarkroomProcessingLine - Saving screenshot to target\site\serenity\1fd5dc4f7aefd85127d74ddddf47af8d8c636e1856191a009e4824c3de5ec8f5.png
01:33:20.909 [Forwarding getPageSource on session 4965def4a0de6eabcdf0d4f811dccd22 to remote] DEBUG org.asynchttpclient.netty.request.NettyRequestSender - Using pooled Channel '[id: 0xe988af06, L:/127.0.0.1:58469 - R:localhost/127.0.0.1:5928]' for 'POST' to 'http://localhost:5928/session/4965def4a0de6eabcdf0d4f811dccd22/execute/sync'
01:33:20.909 [Forwarding getPageSource on session 4965def4a0de6eabcdf0d4f811dccd22 to remote] DEBUG org.asynchttpclient.netty.request.NettyRequestSender - Using open Channel [id: 0xe988af06, L:/127.0.0.1:58469 - R:localhost/127.0.0.1:5928] for POST '/session/4965def4a0de6eabcdf0d4f811dccd22/execute/sync'
01:33:20.944 [AsyncHttpClient-1-12] DEBUG org.asynchttpclient.netty.handler.HttpHandler - 

Request DefaultHttpRequest(decodeResult: success, version: HTTP/1.1)
POST /session/4965def4a0de6eabcdf0d4f811dccd22/execute/sync HTTP/1.1
User-Agent: selenium/4.8.1 (java windows)
Content-Length: 176
Content-Type: application/json; charset=utf-8
host: localhost:5928
accept: */*

Response DefaultHttpResponse(decodeResult: success, version: HTTP/1.1)
HTTP/1.1 200 OK
Content-Length: 518430
Content-Type: application/json; charset=utf-8
cache-control: no-cache

01:33:20.945 [AsyncHttpClient-1-12] DEBUG org.asynchttpclient.netty.channel.ChannelManager - Adding key: http://localhost:5928 for channel [id: 0xe988af06, L:/127.0.0.1:58469 - R:localhost/127.0.0.1:5928]
01:33:21.011 [Forwarding getCurrentUrl on session 4965def4a0de6eabcdf0d4f811dccd22 to remote] DEBUG org.asynchttpclient.netty.request.NettyRequestSender - Using pooled Channel '[id: 0xe988af06, L:/127.0.0.1:58469 - R:localhost/127.0.0.1:5928]' for 'GET' to 'http://localhost:5928/session/4965def4a0de6eabcdf0d4f811dccd22/url'
01:33:21.011 [Forwarding getCurrentUrl on session 4965def4a0de6eabcdf0d4f811dccd22 to remote] DEBUG org.asynchttpclient.netty.request.NettyRequestSender - Using open Channel [id: 0xe988af06, L:/127.0.0.1:58469 - R:localhost/127.0.0.1:5928] for GET '/session/4965def4a0de6eabcdf0d4f811dccd22/url'
01:33:21.015 [AsyncHttpClient-1-12] DEBUG org.asynchttpclient.netty.handler.HttpHandler - 

Request DefaultFullHttpRequest(decodeResult: success, version: HTTP/1.1, content: EmptyByteBufBE)
GET /session/4965def4a0de6eabcdf0d4f811dccd22/url HTTP/1.1
User-Agent: selenium/4.8.1 (java windows)
Cache-Control: no-cache
Content-Type: application/json; charset=utf-8
host: localhost:5928
accept: */*

Response DefaultHttpResponse(decodeResult: success, version: HTTP/1.1)
HTTP/1.1 200 OK
Content-Length: 41
Content-Type: application/json; charset=utf-8
cache-control: no-cache

01:33:21.015 [AsyncHttpClient-1-12] DEBUG org.asynchttpclient.netty.channel.ChannelManager - Adding key: http://localhost:5928 for channel [id: 0xe988af06, L:/127.0.0.1:58469 - R:localhost/127.0.0.1:5928]
01:33:21.025 [Forwarding getAlertText on session 4965def4a0de6eabcdf0d4f811dccd22 to remote] DEBUG org.asynchttpclient.netty.request.NettyRequestSender - Using pooled Channel '[id: 0xe988af06, L:/127.0.0.1:58469 - R:localhost/127.0.0.1:5928]' for 'GET' to 'http://localhost:5928/session/4965def4a0de6eabcdf0d4f811dccd22/alert/text'
01:33:21.025 [Forwarding getAlertText on session 4965def4a0de6eabcdf0d4f811dccd22 to remote] DEBUG org.asynchttpclient.netty.request.NettyRequestSender - Using open Channel [id: 0xe988af06, L:/127.0.0.1:58469 - R:localhost/127.0.0.1:5928] for GET '/session/4965def4a0de6eabcdf0d4f811dccd22/alert/text'
01:33:21.027 [AsyncHttpClient-1-12] DEBUG org.asynchttpclient.netty.handler.HttpHandler - 

Request DefaultFullHttpRequest(decodeResult: success, version: HTTP/1.1, content: EmptyByteBufBE)
GET /session/4965def4a0de6eabcdf0d4f811dccd22/alert/text HTTP/1.1
User-Agent: selenium/4.8.1 (java windows)
Cache-Control: no-cache
Content-Type: application/json; charset=utf-8
host: localhost:5928
accept: */*

Response DefaultHttpResponse(decodeResult: success, version: HTTP/1.1)
HTTP/1.1 404 Not Found
Content-Length: 816
Content-Type: application/json; charset=utf-8
cache-control: no-cache

01:33:21.027 [AsyncHttpClient-1-12] DEBUG org.asynchttpclient.netty.channel.ChannelManager - Adding key: http://localhost:5928 for channel [id: 0xe988af06, L:/127.0.0.1:58469 - R:localhost/127.0.0.1:5928]
01:33:21.028 [Forwarding getCurrentUrl on session 4965def4a0de6eabcdf0d4f811dccd22 to remote] DEBUG org.asynchttpclient.netty.request.NettyRequestSender - Using pooled Channel '[id: 0xe988af06, L:/127.0.0.1:58469 - R:localhost/127.0.0.1:5928]' for 'GET' to 'http://localhost:5928/session/4965def4a0de6eabcdf0d4f811dccd22/url'
01:33:21.028 [Forwarding getCurrentUrl on session 4965def4a0de6eabcdf0d4f811dccd22 to remote] DEBUG org.asynchttpclient.netty.request.NettyRequestSender - Using open Channel [id: 0xe988af06, L:/127.0.0.1:58469 - R:localhost/127.0.0.1:5928] for GET '/session/4965def4a0de6eabcdf0d4f811dccd22/url'
01:33:21.032 [AsyncHttpClient-1-12] DEBUG org.asynchttpclient.netty.handler.HttpHandler - 

Request DefaultFullHttpRequest(decodeResult: success, version: HTTP/1.1, content: EmptyByteBufBE)
GET /session/4965def4a0de6eabcdf0d4f811dccd22/url HTTP/1.1
User-Agent: selenium/4.8.1 (java windows)
Cache-Control: no-cache
Content-Type: application/json; charset=utf-8
host: localhost:5928
accept: */*

Response DefaultHttpResponse(decodeResult: success, version: HTTP/1.1)
HTTP/1.1 200 OK
Content-Length: 41
Content-Type: application/json; charset=utf-8
cache-control: no-cache

01:33:21.032 [AsyncHttpClient-1-12] DEBUG org.asynchttpclient.netty.channel.ChannelManager - Adding key: http://localhost:5928 for channel [id: 0xe988af06, L:/127.0.0.1:58469 - R:localhost/127.0.0.1:5928]
01:33:21.032 [Forwarding screenshot on session 4965def4a0de6eabcdf0d4f811dccd22 to remote] DEBUG org.asynchttpclient.netty.request.NettyRequestSender - Using pooled Channel '[id: 0xe988af06, L:/127.0.0.1:58469 - R:localhost/127.0.0.1:5928]' for 'GET' to 'http://localhost:5928/session/4965def4a0de6eabcdf0d4f811dccd22/screenshot'
01:33:21.032 [Forwarding screenshot on session 4965def4a0de6eabcdf0d4f811dccd22 to remote] DEBUG org.asynchttpclient.netty.request.NettyRequestSender - Using open Channel [id: 0xe988af06, L:/127.0.0.1:58469 - R:localhost/127.0.0.1:5928] for GET '/session/4965def4a0de6eabcdf0d4f811dccd22/screenshot'
01:33:21.153 [AsyncHttpClient-1-12] DEBUG org.asynchttpclient.netty.handler.HttpHandler - 

Request DefaultFullHttpRequest(decodeResult: success, version: HTTP/1.1, content: EmptyByteBufBE)
GET /session/4965def4a0de6eabcdf0d4f811dccd22/screenshot HTTP/1.1
User-Agent: selenium/4.8.1 (java windows)
Cache-Control: no-cache
Content-Type: application/json; charset=utf-8
host: localhost:5928
accept: */*

Response DefaultHttpResponse(decodeResult: success, version: HTTP/1.1)
HTTP/1.1 200 OK
Content-Length: 83392
Content-Type: application/json; charset=utf-8
cache-control: no-cache

01:33:21.153 [AsyncHttpClient-1-12] DEBUG org.asynchttpclient.netty.channel.ChannelManager - Adding key: http://localhost:5928 for channel [id: 0xe988af06, L:/127.0.0.1:58469 - R:localhost/127.0.0.1:5928]
01:33:21.157 [main] DEBUG net.serenitybdd.core.photography.Darkroom - Send negative for processing for target\site\serenity\e4c9fb40976677b1ebc86423c079688f736b04efbbfa7626f385c60c9a03be2d.png
01:33:21.158 [Forwarding getPageSource on session 4965def4a0de6eabcdf0d4f811dccd22 to remote] DEBUG org.asynchttpclient.netty.request.NettyRequestSender - Using pooled Channel '[id: 0xe988af06, L:/127.0.0.1:58469 - R:localhost/127.0.0.1:5928]' for 'POST' to 'http://localhost:5928/session/4965def4a0de6eabcdf0d4f811dccd22/execute/sync'
01:33:21.158 [Forwarding getPageSource on session 4965def4a0de6eabcdf0d4f811dccd22 to remote] DEBUG org.asynchttpclient.netty.request.NettyRequestSender - Using open Channel [id: 0xe988af06, L:/127.0.0.1:58469 - R:localhost/127.0.0.1:5928] for POST '/session/4965def4a0de6eabcdf0d4f811dccd22/execute/sync'
01:33:21.190 [AsyncHttpClient-1-12] DEBUG org.asynchttpclient.netty.handler.HttpHandler - 

Request DefaultHttpRequest(decodeResult: success, version: HTTP/1.1)
POST /session/4965def4a0de6eabcdf0d4f811dccd22/execute/sync HTTP/1.1
User-Agent: selenium/4.8.1 (java windows)
Content-Length: 176
Content-Type: application/json; charset=utf-8
host: localhost:5928
accept: */*

Response DefaultHttpResponse(decodeResult: success, version: HTTP/1.1)
HTTP/1.1 200 OK
Content-Length: 518100
Content-Type: application/json; charset=utf-8
cache-control: no-cache

01:33:21.191 [AsyncHttpClient-1-12] DEBUG org.asynchttpclient.netty.channel.ChannelManager - Adding key: http://localhost:5928 for channel [id: 0xe988af06, L:/127.0.0.1:58469 - R:localhost/127.0.0.1:5928]
01:33:21.245 [Forwarding getCurrentUrl on session 4965def4a0de6eabcdf0d4f811dccd22 to remote] DEBUG org.asynchttpclient.netty.request.NettyRequestSender - Using pooled Channel '[id: 0xe988af06, L:/127.0.0.1:58469 - R:localhost/127.0.0.1:5928]' for 'GET' to 'http://localhost:5928/session/4965def4a0de6eabcdf0d4f811dccd22/url'
01:33:21.245 [Forwarding getCurrentUrl on session 4965def4a0de6eabcdf0d4f811dccd22 to remote] DEBUG org.asynchttpclient.netty.request.NettyRequestSender - Using open Channel [id: 0xe988af06, L:/127.0.0.1:58469 - R:localhost/127.0.0.1:5928] for GET '/session/4965def4a0de6eabcdf0d4f811dccd22/url'
01:33:21.249 [AsyncHttpClient-1-12] DEBUG org.asynchttpclient.netty.handler.HttpHandler - 

Request DefaultFullHttpRequest(decodeResult: success, version: HTTP/1.1, content: EmptyByteBufBE)
GET /session/4965def4a0de6eabcdf0d4f811dccd22/url HTTP/1.1
User-Agent: selenium/4.8.1 (java windows)
Cache-Control: no-cache
Content-Type: application/json; charset=utf-8
host: localhost:5928
accept: */*

Response DefaultHttpResponse(decodeResult: success, version: HTTP/1.1)
HTTP/1.1 200 OK
Content-Length: 41
Content-Type: application/json; charset=utf-8
cache-control: no-cache

01:33:21.249 [AsyncHttpClient-1-12] DEBUG org.asynchttpclient.netty.channel.ChannelManager - Adding key: http://localhost:5928 for channel [id: 0xe988af06, L:/127.0.0.1:58469 - R:localhost/127.0.0.1:5928]
01:33:21.252 [main] DEBUG net.thucydides.core.steps.StepInterceptor - STARTING STEP: LoginSteps.clickCartIcon - clickCartIcon
01:33:21.255 [Forwarding findElement on session 4965def4a0de6eabcdf0d4f811dccd22 to remote] DEBUG org.asynchttpclient.netty.request.NettyRequestSender - Using pooled Channel '[id: 0xe988af06, L:/127.0.0.1:58469 - R:localhost/127.0.0.1:5928]' for 'POST' to 'http://localhost:5928/session/4965def4a0de6eabcdf0d4f811dccd22/element'
01:33:21.255 [Forwarding findElement on session 4965def4a0de6eabcdf0d4f811dccd22 to remote] DEBUG org.asynchttpclient.netty.request.NettyRequestSender - Using open Channel [id: 0xe988af06, L:/127.0.0.1:58469 - R:localhost/127.0.0.1:5928] for POST '/session/4965def4a0de6eabcdf0d4f811dccd22/element'
01:33:21.268 [AsyncHttpClient-1-12] DEBUG org.asynchttpclient.netty.handler.HttpHandler - 

Request DefaultHttpRequest(decodeResult: success, version: HTTP/1.1)
POST /session/4965def4a0de6eabcdf0d4f811dccd22/element HTTP/1.1
User-Agent: selenium/4.8.1 (java windows)
Content-Length: 138
Content-Type: application/json; charset=utf-8
host: localhost:5928
accept: */*

Response DefaultHttpResponse(decodeResult: success, version: HTTP/1.1)
HTTP/1.1 200 OK
Content-Length: 88
Content-Type: application/json; charset=utf-8
cache-control: no-cache

01:33:21.268 [AsyncHttpClient-1-12] DEBUG org.asynchttpclient.netty.channel.ChannelManager - Adding key: http://localhost:5928 for channel [id: 0xe988af06, L:/127.0.0.1:58469 - R:localhost/127.0.0.1:5928]
01:33:21.269 [Forwarding getElementTagName on session 4965def4a0de6eabcdf0d4f811dccd22 to remote] DEBUG org.asynchttpclient.netty.request.NettyRequestSender - Using pooled Channel '[id: 0xe988af06, L:/127.0.0.1:58469 - R:localhost/127.0.0.1:5928]' for 'GET' to 'http://localhost:5928/session/4965def4a0de6eabcdf0d4f811dccd22/element/c383c4af-e26c-4a1a-a986-844e4e502fb0/name'
01:33:21.269 [Forwarding getElementTagName on session 4965def4a0de6eabcdf0d4f811dccd22 to remote] DEBUG org.asynchttpclient.netty.request.NettyRequestSender - Using open Channel [id: 0xe988af06, L:/127.0.0.1:58469 - R:localhost/127.0.0.1:5928] for GET '/session/4965def4a0de6eabcdf0d4f811dccd22/element/c383c4af-e26c-4a1a-a986-844e4e502fb0/name'
01:33:21.273 [AsyncHttpClient-1-12] DEBUG org.asynchttpclient.netty.handler.HttpHandler - 

Request DefaultFullHttpRequest(decodeResult: success, version: HTTP/1.1, content: EmptyByteBufBE)
GET /session/4965def4a0de6eabcdf0d4f811dccd22/element/c383c4af-e26c-4a1a-a986-844e4e502fb0/name HTTP/1.1
User-Agent: selenium/4.8.1 (java windows)
Cache-Control: no-cache
Content-Type: application/json; charset=utf-8
host: localhost:5928
accept: */*

Response DefaultHttpResponse(decodeResult: success, version: HTTP/1.1)
HTTP/1.1 200 OK
Content-Length: 13
Content-Type: application/json; charset=utf-8
cache-control: no-cache

01:33:21.274 [AsyncHttpClient-1-12] DEBUG org.asynchttpclient.netty.channel.ChannelManager - Adding key: http://localhost:5928 for channel [id: 0xe988af06, L:/127.0.0.1:58469 - R:localhost/127.0.0.1:5928]
01:33:21.275 [Forwarding getElementTagName on session 4965def4a0de6eabcdf0d4f811dccd22 to remote] DEBUG org.asynchttpclient.netty.request.NettyRequestSender - Using pooled Channel '[id: 0xe988af06, L:/127.0.0.1:58469 - R:localhost/127.0.0.1:5928]' for 'GET' to 'http://localhost:5928/session/4965def4a0de6eabcdf0d4f811dccd22/element/c383c4af-e26c-4a1a-a986-844e4e502fb0/name'
01:33:21.275 [Forwarding getElementTagName on session 4965def4a0de6eabcdf0d4f811dccd22 to remote] DEBUG org.asynchttpclient.netty.request.NettyRequestSender - Using open Channel [id: 0xe988af06, L:/127.0.0.1:58469 - R:localhost/127.0.0.1:5928] for GET '/session/4965def4a0de6eabcdf0d4f811dccd22/element/c383c4af-e26c-4a1a-a986-844e4e502fb0/name'
01:33:21.278 [AsyncHttpClient-1-12] DEBUG org.asynchttpclient.netty.handler.HttpHandler - 

Request DefaultFullHttpRequest(decodeResult: success, version: HTTP/1.1, content: EmptyByteBufBE)
GET /session/4965def4a0de6eabcdf0d4f811dccd22/element/c383c4af-e26c-4a1a-a986-844e4e502fb0/name HTTP/1.1
User-Agent: selenium/4.8.1 (java windows)
Cache-Control: no-cache
Content-Type: application/json; charset=utf-8
host: localhost:5928
accept: */*

Response DefaultHttpResponse(decodeResult: success, version: HTTP/1.1)
HTTP/1.1 200 OK
Content-Length: 13
Content-Type: application/json; charset=utf-8
cache-control: no-cache

01:33:21.278 [AsyncHttpClient-1-12] DEBUG org.asynchttpclient.netty.channel.ChannelManager - Adding key: http://localhost:5928 for channel [id: 0xe988af06, L:/127.0.0.1:58469 - R:localhost/127.0.0.1:5928]
01:33:21.279 [Forwarding findElement on session 4965def4a0de6eabcdf0d4f811dccd22 to remote] DEBUG org.asynchttpclient.netty.request.NettyRequestSender - Using pooled Channel '[id: 0xe988af06, L:/127.0.0.1:58469 - R:localhost/127.0.0.1:5928]' for 'POST' to 'http://localhost:5928/session/4965def4a0de6eabcdf0d4f811dccd22/element'
01:33:21.279 [Forwarding findElement on session 4965def4a0de6eabcdf0d4f811dccd22 to remote] DEBUG org.asynchttpclient.netty.request.NettyRequestSender - Using open Channel [id: 0xe988af06, L:/127.0.0.1:58469 - R:localhost/127.0.0.1:5928] for POST '/session/4965def4a0de6eabcdf0d4f811dccd22/element'
01:33:21.288 [AsyncHttpClient-1-12] DEBUG org.asynchttpclient.netty.handler.HttpHandler - 

Request DefaultHttpRequest(decodeResult: success, version: HTTP/1.1)
POST /session/4965def4a0de6eabcdf0d4f811dccd22/element HTTP/1.1
User-Agent: selenium/4.8.1 (java windows)
Content-Length: 138
Content-Type: application/json; charset=utf-8
host: localhost:5928
accept: */*

Response DefaultHttpResponse(decodeResult: success, version: HTTP/1.1)
HTTP/1.1 200 OK
Content-Length: 88
Content-Type: application/json; charset=utf-8
cache-control: no-cache

01:33:21.288 [AsyncHttpClient-1-12] DEBUG org.asynchttpclient.netty.channel.ChannelManager - Adding key: http://localhost:5928 for channel [id: 0xe988af06, L:/127.0.0.1:58469 - R:localhost/127.0.0.1:5928]
01:33:21.289 [Forwarding clickElement on session 4965def4a0de6eabcdf0d4f811dccd22 to remote] DEBUG org.asynchttpclient.netty.request.NettyRequestSender - Using pooled Channel '[id: 0xe988af06, L:/127.0.0.1:58469 - R:localhost/127.0.0.1:5928]' for 'POST' to 'http://localhost:5928/session/4965def4a0de6eabcdf0d4f811dccd22/element/c383c4af-e26c-4a1a-a986-844e4e502fb0/click'
01:33:21.289 [Forwarding clickElement on session 4965def4a0de6eabcdf0d4f811dccd22 to remote] DEBUG org.asynchttpclient.netty.request.NettyRequestSender - Using open Channel [id: 0xe988af06, L:/127.0.0.1:58469 - R:localhost/127.0.0.1:5928] for POST '/session/4965def4a0de6eabcdf0d4f811dccd22/element/c383c4af-e26c-4a1a-a986-844e4e502fb0/click'
01:33:21.357 [AsyncHttpClient-1-12] DEBUG org.asynchttpclient.netty.handler.HttpHandler - 

Request DefaultHttpRequest(decodeResult: success, version: HTTP/1.1)
POST /session/4965def4a0de6eabcdf0d4f811dccd22/element/c383c4af-e26c-4a1a-a986-844e4e502fb0/click HTTP/1.1
User-Agent: selenium/4.8.1 (java windows)
Content-Length: 50
Content-Type: application/json; charset=utf-8
host: localhost:5928
accept: */*

Response DefaultHttpResponse(decodeResult: success, version: HTTP/1.1)
HTTP/1.1 200 OK
Content-Length: 14
Content-Type: application/json; charset=utf-8
cache-control: no-cache

01:33:21.358 [AsyncHttpClient-1-12] DEBUG org.asynchttpclient.netty.channel.ChannelManager - Adding key: http://localhost:5928 for channel [id: 0xe988af06, L:/127.0.0.1:58469 - R:localhost/127.0.0.1:5928]
01:33:21.368 [Forwarding getAlertText on session 4965def4a0de6eabcdf0d4f811dccd22 to remote] DEBUG org.asynchttpclient.netty.request.NettyRequestSender - Using pooled Channel '[id: 0xe988af06, L:/127.0.0.1:58469 - R:localhost/127.0.0.1:5928]' for 'GET' to 'http://localhost:5928/session/4965def4a0de6eabcdf0d4f811dccd22/alert/text'
01:33:21.369 [Forwarding getAlertText on session 4965def4a0de6eabcdf0d4f811dccd22 to remote] DEBUG org.asynchttpclient.netty.request.NettyRequestSender - Using open Channel [id: 0xe988af06, L:/127.0.0.1:58469 - R:localhost/127.0.0.1:5928] for GET '/session/4965def4a0de6eabcdf0d4f811dccd22/alert/text'
01:33:21.490 [AsyncHttpClient-1-12] DEBUG org.asynchttpclient.netty.handler.HttpHandler - 

Request DefaultFullHttpRequest(decodeResult: success, version: HTTP/1.1, content: EmptyByteBufBE)
GET /session/4965def4a0de6eabcdf0d4f811dccd22/alert/text HTTP/1.1
User-Agent: selenium/4.8.1 (java windows)
Cache-Control: no-cache
Content-Type: application/json; charset=utf-8
host: localhost:5928
accept: */*

Response DefaultHttpResponse(decodeResult: success, version: HTTP/1.1)
HTTP/1.1 404 Not Found
Content-Length: 816
Content-Type: application/json; charset=utf-8
cache-control: no-cache

01:33:21.490 [AsyncHttpClient-1-12] DEBUG org.asynchttpclient.netty.channel.ChannelManager - Adding key: http://localhost:5928 for channel [id: 0xe988af06, L:/127.0.0.1:58469 - R:localhost/127.0.0.1:5928]
01:33:21.492 [Forwarding getCurrentUrl on session 4965def4a0de6eabcdf0d4f811dccd22 to remote] DEBUG org.asynchttpclient.netty.request.NettyRequestSender - Using pooled Channel '[id: 0xe988af06, L:/127.0.0.1:58469 - R:localhost/127.0.0.1:5928]' for 'GET' to 'http://localhost:5928/session/4965def4a0de6eabcdf0d4f811dccd22/url'
01:33:21.492 [Forwarding getCurrentUrl on session 4965def4a0de6eabcdf0d4f811dccd22 to remote] DEBUG org.asynchttpclient.netty.request.NettyRequestSender - Using open Channel [id: 0xe988af06, L:/127.0.0.1:58469 - R:localhost/127.0.0.1:5928] for GET '/session/4965def4a0de6eabcdf0d4f811dccd22/url'
01:33:21.493 [AsyncHttpClient-1-1] DEBUG org.asynchttpclient.netty.channel.DefaultChannelPool - Entry count for : http://localhost:58470 : 1
01:33:21.497 [AsyncHttpClient-1-12] DEBUG org.asynchttpclient.netty.handler.HttpHandler - 

Request DefaultFullHttpRequest(decodeResult: success, version: HTTP/1.1, content: EmptyByteBufBE)
GET /session/4965def4a0de6eabcdf0d4f811dccd22/url HTTP/1.1
User-Agent: selenium/4.8.1 (java windows)
Cache-Control: no-cache
Content-Type: application/json; charset=utf-8
host: localhost:5928
accept: */*

Response DefaultHttpResponse(decodeResult: success, version: HTTP/1.1)
HTTP/1.1 200 OK
Content-Length: 46
Content-Type: application/json; charset=utf-8
cache-control: no-cache

01:33:21.497 [AsyncHttpClient-1-12] DEBUG org.asynchttpclient.netty.channel.ChannelManager - Adding key: http://localhost:5928 for channel [id: 0xe988af06, L:/127.0.0.1:58469 - R:localhost/127.0.0.1:5928]
01:33:21.498 [Forwarding screenshot on session 4965def4a0de6eabcdf0d4f811dccd22 to remote] DEBUG org.asynchttpclient.netty.request.NettyRequestSender - Using pooled Channel '[id: 0xe988af06, L:/127.0.0.1:58469 - R:localhost/127.0.0.1:5928]' for 'GET' to 'http://localhost:5928/session/4965def4a0de6eabcdf0d4f811dccd22/screenshot'
01:33:21.498 [Forwarding screenshot on session 4965def4a0de6eabcdf0d4f811dccd22 to remote] DEBUG org.asynchttpclient.netty.request.NettyRequestSender - Using open Channel [id: 0xe988af06, L:/127.0.0.1:58469 - R:localhost/127.0.0.1:5928] for GET '/session/4965def4a0de6eabcdf0d4f811dccd22/screenshot'
01:33:21.682 [AsyncHttpClient-1-12] DEBUG org.asynchttpclient.netty.handler.HttpHandler - 

Request DefaultFullHttpRequest(decodeResult: success, version: HTTP/1.1, content: EmptyByteBufBE)
GET /session/4965def4a0de6eabcdf0d4f811dccd22/screenshot HTTP/1.1
User-Agent: selenium/4.8.1 (java windows)
Cache-Control: no-cache
Content-Type: application/json; charset=utf-8
host: localhost:5928
accept: */*

Response DefaultHttpResponse(decodeResult: success, version: HTTP/1.1)
HTTP/1.1 200 OK
Content-Length: 59508
Content-Type: application/json; charset=utf-8
cache-control: no-cache

01:33:21.683 [AsyncHttpClient-1-12] DEBUG org.asynchttpclient.netty.channel.ChannelManager - Adding key: http://localhost:5928 for channel [id: 0xe988af06, L:/127.0.0.1:58469 - R:localhost/127.0.0.1:5928]
01:33:21.686 [main] DEBUG net.serenitybdd.core.photography.Darkroom - Send negative for processing for target\site\serenity\7ac8aa7f5bb4160e30732e61633839fd00faf47605e91be63645e107067e4d43.png
01:33:21.686 [main] DEBUG net.thucydides.core.steps.StepInterceptor - STEP DONE: clickCartIcon
  &amp#27;[32mAnd &amp#27;[0m&amp#27;[32mI click cart icon&amp#27;[0m                                                                               &amp#27;[90m# starter.stepdefinitions.LoginSteps.clickCartIcon()&amp#27;[0m
01:33:21.687 [Darkroom Processing Line] DEBUG net.serenitybdd.core.photography.DarkroomProcessingLine - Processing screenshot image in /var/screenshots/screenshot-3780095025467641997
01:33:21.687 [Darkroom Processing Line] DEBUG net.serenitybdd.core.photography.DarkroomProcessingLine - Saving screenshot to target\site\serenity\7ac8aa7f5bb4160e30732e61633839fd00faf47605e91be63645e107067e4d43.png
01:33:21.695 [Forwarding getPageSource on session 4965def4a0de6eabcdf0d4f811dccd22 to remote] DEBUG org.asynchttpclient.netty.request.NettyRequestSender - Using pooled Channel '[id: 0xe988af06, L:/127.0.0.1:58469 - R:localhost/127.0.0.1:5928]' for 'POST' to 'http://localhost:5928/session/4965def4a0de6eabcdf0d4f811dccd22/execute/sync'
01:33:21.695 [Forwarding getPageSource on session 4965def4a0de6eabcdf0d4f811dccd22 to remote] DEBUG org.asynchttpclient.netty.request.NettyRequestSender - Using open Channel [id: 0xe988af06, L:/127.0.0.1:58469 - R:localhost/127.0.0.1:5928] for POST '/session/4965def4a0de6eabcdf0d4f811dccd22/execute/sync'
01:33:21.702 [AsyncHttpClient-1-12] DEBUG org.asynchttpclient.netty.handler.HttpHandler - 

Request DefaultHttpRequest(decodeResult: success, version: HTTP/1.1)
POST /session/4965def4a0de6eabcdf0d4f811dccd22/execute/sync HTTP/1.1
User-Agent: selenium/4.8.1 (java windows)
Content-Length: 176
Content-Type: application/json; charset=utf-8
host: localhost:5928
accept: */*

Response DefaultHttpResponse(decodeResult: success, version: HTTP/1.1)
HTTP/1.1 200 OK
Content-Length: 23182
Content-Type: application/json; charset=utf-8
cache-control: no-cache

01:33:21.702 [AsyncHttpClient-1-12] DEBUG org.asynchttpclient.netty.channel.ChannelManager - Adding key: http://localhost:5928 for channel [id: 0xe988af06, L:/127.0.0.1:58469 - R:localhost/127.0.0.1:5928]
01:33:21.705 [Forwarding getCurrentUrl on session 4965def4a0de6eabcdf0d4f811dccd22 to remote] DEBUG org.asynchttpclient.netty.request.NettyRequestSender - Using pooled Channel '[id: 0xe988af06, L:/127.0.0.1:58469 - R:localhost/127.0.0.1:5928]' for 'GET' to 'http://localhost:5928/session/4965def4a0de6eabcdf0d4f811dccd22/url'
01:33:21.705 [Forwarding getCurrentUrl on session 4965def4a0de6eabcdf0d4f811dccd22 to remote] DEBUG org.asynchttpclient.netty.request.NettyRequestSender - Using open Channel [id: 0xe988af06, L:/127.0.0.1:58469 - R:localhost/127.0.0.1:5928] for GET '/session/4965def4a0de6eabcdf0d4f811dccd22/url'
01:33:21.709 [AsyncHttpClient-1-12] DEBUG org.asynchttpclient.netty.handler.HttpHandler - 

Request DefaultFullHttpRequest(decodeResult: success, version: HTTP/1.1, content: EmptyByteBufBE)
GET /session/4965def4a0de6eabcdf0d4f811dccd22/url HTTP/1.1
User-Agent: selenium/4.8.1 (java windows)
Cache-Control: no-cache
Content-Type: application/json; charset=utf-8
host: localhost:5928
accept: */*

Response DefaultHttpResponse(decodeResult: success, version: HTTP/1.1)
HTTP/1.1 200 OK
Content-Length: 46
Content-Type: application/json; charset=utf-8
cache-control: no-cache

01:33:21.709 [AsyncHttpClient-1-12] DEBUG org.asynchttpclient.netty.channel.ChannelManager - Adding key: http://localhost:5928 for channel [id: 0xe988af06, L:/127.0.0.1:58469 - R:localhost/127.0.0.1:5928]
01:33:21.715 [Forwarding getPageSource on session 4965def4a0de6eabcdf0d4f811dccd22 to remote] DEBUG org.asynchttpclient.netty.request.NettyRequestSender - Using pooled Channel '[id: 0xe988af06, L:/127.0.0.1:58469 - R:localhost/127.0.0.1:5928]' for 'POST' to 'http://localhost:5928/session/4965def4a0de6eabcdf0d4f811dccd22/execute/sync'
01:33:21.715 [Forwarding getPageSource on session 4965def4a0de6eabcdf0d4f811dccd22 to remote] DEBUG org.asynchttpclient.netty.request.NettyRequestSender - Using open Channel [id: 0xe988af06, L:/127.0.0.1:58469 - R:localhost/127.0.0.1:5928] for POST '/session/4965def4a0de6eabcdf0d4f811dccd22/execute/sync'
01:33:21.721 [AsyncHttpClient-1-12] DEBUG org.asynchttpclient.netty.handler.HttpHandler - 

Request DefaultHttpRequest(decodeResult: success, version: HTTP/1.1)
POST /session/4965def4a0de6eabcdf0d4f811dccd22/execute/sync HTTP/1.1
User-Agent: selenium/4.8.1 (java windows)
Content-Length: 176
Content-Type: application/json; charset=utf-8
host: localhost:5928
accept: */*

Response DefaultHttpResponse(decodeResult: success, version: HTTP/1.1)
HTTP/1.1 200 OK
Content-Length: 23182
Content-Type: application/json; charset=utf-8
cache-control: no-cache

01:33:21.722 [AsyncHttpClient-1-12] DEBUG org.asynchttpclient.netty.channel.ChannelManager - Adding key: http://localhost:5928 for channel [id: 0xe988af06, L:/127.0.0.1:58469 - R:localhost/127.0.0.1:5928]
01:33:21.724 [Forwarding getCurrentUrl on session 4965def4a0de6eabcdf0d4f811dccd22 to remote] DEBUG org.asynchttpclient.netty.request.NettyRequestSender - Using pooled Channel '[id: 0xe988af06, L:/127.0.0.1:58469 - R:localhost/127.0.0.1:5928]' for 'GET' to 'http://localhost:5928/session/4965def4a0de6eabcdf0d4f811dccd22/url'
01:33:21.724 [Forwarding getCurrentUrl on session 4965def4a0de6eabcdf0d4f811dccd22 to remote] DEBUG org.asynchttpclient.netty.request.NettyRequestSender - Using open Channel [id: 0xe988af06, L:/127.0.0.1:58469 - R:localhost/127.0.0.1:5928] for GET '/session/4965def4a0de6eabcdf0d4f811dccd22/url'
01:33:21.727 [AsyncHttpClient-1-12] DEBUG org.asynchttpclient.netty.handler.HttpHandler - 

Request DefaultFullHttpRequest(decodeResult: success, version: HTTP/1.1, content: EmptyByteBufBE)
GET /session/4965def4a0de6eabcdf0d4f811dccd22/url HTTP/1.1
User-Agent: selenium/4.8.1 (java windows)
Cache-Control: no-cache
Content-Type: application/json; charset=utf-8
host: localhost:5928
accept: */*

Response DefaultHttpResponse(decodeResult: success, version: HTTP/1.1)
HTTP/1.1 200 OK
Content-Length: 46
Content-Type: application/json; charset=utf-8
cache-control: no-cache

01:33:21.728 [AsyncHttpClient-1-12] DEBUG org.asynchttpclient.netty.channel.ChannelManager - Adding key: http://localhost:5928 for channel [id: 0xe988af06, L:/127.0.0.1:58469 - R:localhost/127.0.0.1:5928]
01:33:21.730 [main] DEBUG net.thucydides.core.steps.StepInterceptor - STARTING STEP: LoginSteps.clickBayarButton - clickBayarButton
01:33:21.733 [Forwarding findElement on session 4965def4a0de6eabcdf0d4f811dccd22 to remote] DEBUG org.asynchttpclient.netty.request.NettyRequestSender - Using pooled Channel '[id: 0xe988af06, L:/127.0.0.1:58469 - R:localhost/127.0.0.1:5928]' for 'POST' to 'http://localhost:5928/session/4965def4a0de6eabcdf0d4f811dccd22/element'
01:33:21.733 [Forwarding findElement on session 4965def4a0de6eabcdf0d4f811dccd22 to remote] DEBUG org.asynchttpclient.netty.request.NettyRequestSender - Using open Channel [id: 0xe988af06, L:/127.0.0.1:58469 - R:localhost/127.0.0.1:5928] for POST '/session/4965def4a0de6eabcdf0d4f811dccd22/element'
01:33:21.744 [AsyncHttpClient-1-12] DEBUG org.asynchttpclient.netty.handler.HttpHandler - 

Request DefaultHttpRequest(decodeResult: success, version: HTTP/1.1)
POST /session/4965def4a0de6eabcdf0d4f811dccd22/element HTTP/1.1
User-Agent: selenium/4.8.1 (java windows)
Content-Length: 82
Content-Type: application/json; charset=utf-8
host: localhost:5928
accept: */*

Response DefaultHttpResponse(decodeResult: success, version: HTTP/1.1)
HTTP/1.1 200 OK
Content-Length: 88
Content-Type: application/json; charset=utf-8
cache-control: no-cache

01:33:21.744 [AsyncHttpClient-1-12] DEBUG org.asynchttpclient.netty.channel.ChannelManager - Adding key: http://localhost:5928 for channel [id: 0xe988af06, L:/127.0.0.1:58469 - R:localhost/127.0.0.1:5928]
01:33:21.746 [Forwarding getElementTagName on session 4965def4a0de6eabcdf0d4f811dccd22 to remote] DEBUG org.asynchttpclient.netty.request.NettyRequestSender - Using pooled Channel '[id: 0xe988af06, L:/127.0.0.1:58469 - R:localhost/127.0.0.1:5928]' for 'GET' to 'http://localhost:5928/session/4965def4a0de6eabcdf0d4f811dccd22/element/6cc16b26-4fe3-4a33-9500-e57b3a838d8a/name'
01:33:21.746 [Forwarding getElementTagName on session 4965def4a0de6eabcdf0d4f811dccd22 to remote] DEBUG org.asynchttpclient.netty.request.NettyRequestSender - Using open Channel [id: 0xe988af06, L:/127.0.0.1:58469 - R:localhost/127.0.0.1:5928] for GET '/session/4965def4a0de6eabcdf0d4f811dccd22/element/6cc16b26-4fe3-4a33-9500-e57b3a838d8a/name'
01:33:21.750 [AsyncHttpClient-1-12] DEBUG org.asynchttpclient.netty.handler.HttpHandler - 

Request DefaultFullHttpRequest(decodeResult: success, version: HTTP/1.1, content: EmptyByteBufBE)
GET /session/4965def4a0de6eabcdf0d4f811dccd22/element/6cc16b26-4fe3-4a33-9500-e57b3a838d8a/name HTTP/1.1
User-Agent: selenium/4.8.1 (java windows)
Cache-Control: no-cache
Content-Type: application/json; charset=utf-8
host: localhost:5928
accept: */*

Response DefaultHttpResponse(decodeResult: success, version: HTTP/1.1)
HTTP/1.1 200 OK
Content-Length: 16
Content-Type: application/json; charset=utf-8
cache-control: no-cache

01:33:21.750 [AsyncHttpClient-1-12] DEBUG org.asynchttpclient.netty.channel.ChannelManager - Adding key: http://localhost:5928 for channel [id: 0xe988af06, L:/127.0.0.1:58469 - R:localhost/127.0.0.1:5928]
01:33:21.751 [Forwarding getElementTagName on session 4965def4a0de6eabcdf0d4f811dccd22 to remote] DEBUG org.asynchttpclient.netty.request.NettyRequestSender - Using pooled Channel '[id: 0xe988af06, L:/127.0.0.1:58469 - R:localhost/127.0.0.1:5928]' for 'GET' to 'http://localhost:5928/session/4965def4a0de6eabcdf0d4f811dccd22/element/6cc16b26-4fe3-4a33-9500-e57b3a838d8a/name'
01:33:21.751 [Forwarding getElementTagName on session 4965def4a0de6eabcdf0d4f811dccd22 to remote] DEBUG org.asynchttpclient.netty.request.NettyRequestSender - Using open Channel [id: 0xe988af06, L:/127.0.0.1:58469 - R:localhost/127.0.0.1:5928] for GET '/session/4965def4a0de6eabcdf0d4f811dccd22/element/6cc16b26-4fe3-4a33-9500-e57b3a838d8a/name'
01:33:21.755 [AsyncHttpClient-1-12] DEBUG org.asynchttpclient.netty.handler.HttpHandler - 

Request DefaultFullHttpRequest(decodeResult: success, version: HTTP/1.1, content: EmptyByteBufBE)
GET /session/4965def4a0de6eabcdf0d4f811dccd22/element/6cc16b26-4fe3-4a33-9500-e57b3a838d8a/name HTTP/1.1
User-Agent: selenium/4.8.1 (java windows)
Cache-Control: no-cache
Content-Type: application/json; charset=utf-8
host: localhost:5928
accept: */*

Response DefaultHttpResponse(decodeResult: success, version: HTTP/1.1)
HTTP/1.1 200 OK
Content-Length: 16
Content-Type: application/json; charset=utf-8
cache-control: no-cache

01:33:21.755 [AsyncHttpClient-1-12] DEBUG org.asynchttpclient.netty.channel.ChannelManager - Adding key: http://localhost:5928 for channel [id: 0xe988af06, L:/127.0.0.1:58469 - R:localhost/127.0.0.1:5928]
01:33:21.757 [Forwarding findElement on session 4965def4a0de6eabcdf0d4f811dccd22 to remote] DEBUG org.asynchttpclient.netty.request.NettyRequestSender - Using pooled Channel '[id: 0xe988af06, L:/127.0.0.1:58469 - R:localhost/127.0.0.1:5928]' for 'POST' to 'http://localhost:5928/session/4965def4a0de6eabcdf0d4f811dccd22/element'
01:33:21.757 [Forwarding findElement on session 4965def4a0de6eabcdf0d4f811dccd22 to remote] DEBUG org.asynchttpclient.netty.request.NettyRequestSender - Using open Channel [id: 0xe988af06, L:/127.0.0.1:58469 - R:localhost/127.0.0.1:5928] for POST '/session/4965def4a0de6eabcdf0d4f811dccd22/element'
01:33:21.764 [AsyncHttpClient-1-12] DEBUG org.asynchttpclient.netty.handler.HttpHandler - 

Request DefaultHttpRequest(decodeResult: success, version: HTTP/1.1)
POST /session/4965def4a0de6eabcdf0d4f811dccd22/element HTTP/1.1
User-Agent: selenium/4.8.1 (java windows)
Content-Length: 82
Content-Type: application/json; charset=utf-8
host: localhost:5928
accept: */*

Response DefaultHttpResponse(decodeResult: success, version: HTTP/1.1)
HTTP/1.1 200 OK
Content-Length: 88
Content-Type: application/json; charset=utf-8
cache-control: no-cache

01:33:21.764 [AsyncHttpClient-1-12] DEBUG org.asynchttpclient.netty.channel.ChannelManager - Adding key: http://localhost:5928 for channel [id: 0xe988af06, L:/127.0.0.1:58469 - R:localhost/127.0.0.1:5928]
01:33:21.765 [Forwarding clickElement on session 4965def4a0de6eabcdf0d4f811dccd22 to remote] DEBUG org.asynchttpclient.netty.request.NettyRequestSender - Using pooled Channel '[id: 0xe988af06, L:/127.0.0.1:58469 - R:localhost/127.0.0.1:5928]' for 'POST' to 'http://localhost:5928/session/4965def4a0de6eabcdf0d4f811dccd22/element/6cc16b26-4fe3-4a33-9500-e57b3a838d8a/click'
01:33:21.765 [Forwarding clickElement on session 4965def4a0de6eabcdf0d4f811dccd22 to remote] DEBUG org.asynchttpclient.netty.request.NettyRequestSender - Using open Channel [id: 0xe988af06, L:/127.0.0.1:58469 - R:localhost/127.0.0.1:5928] for POST '/session/4965def4a0de6eabcdf0d4f811dccd22/element/6cc16b26-4fe3-4a33-9500-e57b3a838d8a/click'
01:33:21.807 [AsyncHttpClient-1-12] DEBUG org.asynchttpclient.netty.handler.HttpHandler - 

Request DefaultHttpRequest(decodeResult: success, version: HTTP/1.1)
POST /session/4965def4a0de6eabcdf0d4f811dccd22/element/6cc16b26-4fe3-4a33-9500-e57b3a838d8a/click HTTP/1.1
User-Agent: selenium/4.8.1 (java windows)
Content-Length: 50
Content-Type: application/json; charset=utf-8
host: localhost:5928
accept: */*

Response DefaultHttpResponse(decodeResult: success, version: HTTP/1.1)
HTTP/1.1 200 OK
Content-Length: 14
Content-Type: application/json; charset=utf-8
cache-control: no-cache

01:33:21.807 [AsyncHttpClient-1-12] DEBUG org.asynchttpclient.netty.channel.ChannelManager - Adding key: http://localhost:5928 for channel [id: 0xe988af06, L:/127.0.0.1:58469 - R:localhost/127.0.0.1:5928]
01:33:21.812 [Forwarding getAlertText on session 4965def4a0de6eabcdf0d4f811dccd22 to remote] DEBUG org.asynchttpclient.netty.request.NettyRequestSender - Using pooled Channel '[id: 0xe988af06, L:/127.0.0.1:58469 - R:localhost/127.0.0.1:5928]' for 'GET' to 'http://localhost:5928/session/4965def4a0de6eabcdf0d4f811dccd22/alert/text'
01:33:21.812 [Forwarding getAlertText on session 4965def4a0de6eabcdf0d4f811dccd22 to remote] DEBUG org.asynchttpclient.netty.request.NettyRequestSender - Using open Channel [id: 0xe988af06, L:/127.0.0.1:58469 - R:localhost/127.0.0.1:5928] for GET '/session/4965def4a0de6eabcdf0d4f811dccd22/alert/text'
01:33:21.831 [AsyncHttpClient-1-12] DEBUG org.asynchttpclient.netty.handler.HttpHandler - 

Request DefaultFullHttpRequest(decodeResult: success, version: HTTP/1.1, content: EmptyByteBufBE)
GET /session/4965def4a0de6eabcdf0d4f811dccd22/alert/text HTTP/1.1
User-Agent: selenium/4.8.1 (java windows)
Cache-Control: no-cache
Content-Type: application/json; charset=utf-8
host: localhost:5928
accept: */*

Response DefaultHttpResponse(decodeResult: success, version: HTTP/1.1)
HTTP/1.1 404 Not Found
Content-Length: 816
Content-Type: application/json; charset=utf-8
cache-control: no-cache

01:33:21.831 [AsyncHttpClient-1-12] DEBUG org.asynchttpclient.netty.channel.ChannelManager - Adding key: http://localhost:5928 for channel [id: 0xe988af06, L:/127.0.0.1:58469 - R:localhost/127.0.0.1:5928]
01:33:21.832 [Forwarding getCurrentUrl on session 4965def4a0de6eabcdf0d4f811dccd22 to remote] DEBUG org.asynchttpclient.netty.request.NettyRequestSender - Using pooled Channel '[id: 0xe988af06, L:/127.0.0.1:58469 - R:localhost/127.0.0.1:5928]' for 'GET' to 'http://localhost:5928/session/4965def4a0de6eabcdf0d4f811dccd22/url'
01:33:21.832 [Forwarding getCurrentUrl on session 4965def4a0de6eabcdf0d4f811dccd22 to remote] DEBUG org.asynchttpclient.netty.request.NettyRequestSender - Using open Channel [id: 0xe988af06, L:/127.0.0.1:58469 - R:localhost/127.0.0.1:5928] for GET '/session/4965def4a0de6eabcdf0d4f811dccd22/url'
01:33:21.844 [AsyncHttpClient-1-12] DEBUG org.asynchttpclient.netty.handler.HttpHandler - 

Request DefaultFullHttpRequest(decodeResult: success, version: HTTP/1.1, content: EmptyByteBufBE)
GET /session/4965def4a0de6eabcdf0d4f811dccd22/url HTTP/1.1
User-Agent: selenium/4.8.1 (java windows)
Cache-Control: no-cache
Content-Type: application/json; charset=utf-8
host: localhost:5928
accept: */*

Response DefaultHttpResponse(decodeResult: success, version: HTTP/1.1)
HTTP/1.1 200 OK
Content-Length: 163
Content-Type: application/json; charset=utf-8
cache-control: no-cache

01:33:21.844 [AsyncHttpClient-1-12] DEBUG org.asynchttpclient.netty.channel.ChannelManager - Adding key: http://localhost:5928 for channel [id: 0xe988af06, L:/127.0.0.1:58469 - R:localhost/127.0.0.1:5928]
01:33:21.844 [Forwarding screenshot on session 4965def4a0de6eabcdf0d4f811dccd22 to remote] DEBUG org.asynchttpclient.netty.request.NettyRequestSender - Using pooled Channel '[id: 0xe988af06, L:/127.0.0.1:58469 - R:localhost/127.0.0.1:5928]' for 'GET' to 'http://localhost:5928/session/4965def4a0de6eabcdf0d4f811dccd22/screenshot'
01:33:21.844 [Forwarding screenshot on session 4965def4a0de6eabcdf0d4f811dccd22 to remote] DEBUG org.asynchttpclient.netty.request.NettyRequestSender - Using open Channel [id: 0xe988af06, L:/127.0.0.1:58469 - R:localhost/127.0.0.1:5928] for GET '/session/4965def4a0de6eabcdf0d4f811dccd22/screenshot'
01:33:22.262 [AsyncHttpClient-1-12] DEBUG org.asynchttpclient.netty.handler.HttpHandler - 

Request DefaultFullHttpRequest(decodeResult: success, version: HTTP/1.1, content: EmptyByteBufBE)
GET /session/4965def4a0de6eabcdf0d4f811dccd22/screenshot HTTP/1.1
User-Agent: selenium/4.8.1 (java windows)
Cache-Control: no-cache
Content-Type: application/json; charset=utf-8
host: localhost:5928
accept: */*

Response DefaultHttpResponse(decodeResult: success, version: HTTP/1.1)
HTTP/1.1 200 OK
Content-Length: 46652
Content-Type: application/json; charset=utf-8
cache-control: no-cache

01:33:22.262 [AsyncHttpClient-1-12] DEBUG org.asynchttpclient.netty.channel.ChannelManager - Adding key: http://localhost:5928 for channel [id: 0xe988af06, L:/127.0.0.1:58469 - R:localhost/127.0.0.1:5928]
01:33:22.265 [main] DEBUG net.serenitybdd.core.photography.Darkroom - Send negative for processing for target\site\serenity\871a5ecf92f3de33642a1b7a9fd3bb82a3e0c34694d6cbbe4f8c6aa5d83fcb3c.png
01:33:22.265 [main] DEBUG net.thucydides.core.steps.StepInterceptor - STEP DONE: clickBayarButton
  &amp#27;[32mAnd &amp#27;[0m&amp#27;[32mI click payment button&amp#27;[0m                                                                          &amp#27;[90m# starter.stepdefinitions.LoginSteps.clickBayarButton()&amp#27;[0m
01:33:22.265 [Darkroom Processing Line] DEBUG net.serenitybdd.core.photography.DarkroomProcessingLine - Processing screenshot image in /var/screenshots/screenshot-8019134086903447564
01:33:22.265 [Darkroom Processing Line] DEBUG net.serenitybdd.core.photography.DarkroomProcessingLine - Saving screenshot to target\site\serenity\871a5ecf92f3de33642a1b7a9fd3bb82a3e0c34694d6cbbe4f8c6aa5d83fcb3c.png
01:33:22.276 [Forwarding getPageSource on session 4965def4a0de6eabcdf0d4f811dccd22 to remote] DEBUG org.asynchttpclient.netty.request.NettyRequestSender - Using pooled Channel '[id: 0xe988af06, L:/127.0.0.1:58469 - R:localhost/127.0.0.1:5928]' for 'POST' to 'http://localhost:5928/session/4965def4a0de6eabcdf0d4f811dccd22/execute/sync'
01:33:22.276 [Forwarding getPageSource on session 4965def4a0de6eabcdf0d4f811dccd22 to remote] DEBUG org.asynchttpclient.netty.request.NettyRequestSender - Using open Channel [id: 0xe988af06, L:/127.0.0.1:58469 - R:localhost/127.0.0.1:5928] for POST '/session/4965def4a0de6eabcdf0d4f811dccd22/execute/sync'
01:33:22.286 [AsyncHttpClient-1-12] DEBUG org.asynchttpclient.netty.handler.HttpHandler - 

Request DefaultHttpRequest(decodeResult: success, version: HTTP/1.1)
POST /session/4965def4a0de6eabcdf0d4f811dccd22/execute/sync HTTP/1.1
User-Agent: selenium/4.8.1 (java windows)
Content-Length: 176
Content-Type: application/json; charset=utf-8
host: localhost:5928
accept: */*

Response DefaultHttpResponse(decodeResult: success, version: HTTP/1.1)
HTTP/1.1 200 OK
Content-Length: 23957
Content-Type: application/json; charset=utf-8
cache-control: no-cache

01:33:22.286 [AsyncHttpClient-1-12] DEBUG org.asynchttpclient.netty.channel.ChannelManager - Adding key: http://localhost:5928 for channel [id: 0xe988af06, L:/127.0.0.1:58469 - R:localhost/127.0.0.1:5928]
01:33:22.290 [Forwarding getCurrentUrl on session 4965def4a0de6eabcdf0d4f811dccd22 to remote] DEBUG org.asynchttpclient.netty.request.NettyRequestSender - Using pooled Channel '[id: 0xe988af06, L:/127.0.0.1:58469 - R:localhost/127.0.0.1:5928]' for 'GET' to 'http://localhost:5928/session/4965def4a0de6eabcdf0d4f811dccd22/url'
01:33:22.290 [Forwarding getCurrentUrl on session 4965def4a0de6eabcdf0d4f811dccd22 to remote] DEBUG org.asynchttpclient.netty.request.NettyRequestSender - Using open Channel [id: 0xe988af06, L:/127.0.0.1:58469 - R:localhost/127.0.0.1:5928] for GET '/session/4965def4a0de6eabcdf0d4f811dccd22/url'
01:33:22.294 [AsyncHttpClient-1-12] DEBUG org.asynchttpclient.netty.handler.HttpHandler - 

Request DefaultFullHttpRequest(decodeResult: success, version: HTTP/1.1, content: EmptyByteBufBE)
GET /session/4965def4a0de6eabcdf0d4f811dccd22/url HTTP/1.1
User-Agent: selenium/4.8.1 (java windows)
Cache-Control: no-cache
Content-Type: application/json; charset=utf-8
host: localhost:5928
accept: */*

Response DefaultHttpResponse(decodeResult: success, version: HTTP/1.1)
HTTP/1.1 200 OK
Content-Length: 52
Content-Type: application/json; charset=utf-8
cache-control: no-cache

01:33:22.294 [AsyncHttpClient-1-12] DEBUG org.asynchttpclient.netty.channel.ChannelManager - Adding key: http://localhost:5928 for channel [id: 0xe988af06, L:/127.0.0.1:58469 - R:localhost/127.0.0.1:5928]
01:33:22.299 [Forwarding findElement on session 4965def4a0de6eabcdf0d4f811dccd22 to remote] DEBUG org.asynchttpclient.netty.request.NettyRequestSender - Using pooled Channel '[id: 0xe988af06, L:/127.0.0.1:58469 - R:localhost/127.0.0.1:5928]' for 'POST' to 'http://localhost:5928/session/4965def4a0de6eabcdf0d4f811dccd22/element'
01:33:22.299 [Forwarding findElement on session 4965def4a0de6eabcdf0d4f811dccd22 to remote] DEBUG org.asynchttpclient.netty.request.NettyRequestSender - Using open Channel [id: 0xe988af06, L:/127.0.0.1:58469 - R:localhost/127.0.0.1:5928] for POST '/session/4965def4a0de6eabcdf0d4f811dccd22/element'
01:33:22.307 [AsyncHttpClient-1-12] DEBUG org.asynchttpclient.netty.handler.HttpHandler - 

Request DefaultHttpRequest(decodeResult: success, version: HTTP/1.1)
POST /session/4965def4a0de6eabcdf0d4f811dccd22/element HTTP/1.1
User-Agent: selenium/4.8.1 (java windows)
Content-Length: 75
Content-Type: application/json; charset=utf-8
host: localhost:5928
accept: */*

Response DefaultHttpResponse(decodeResult: success, version: HTTP/1.1)
HTTP/1.1 200 OK
Content-Length: 88
Content-Type: application/json; charset=utf-8
cache-control: no-cache

01:33:22.307 [AsyncHttpClient-1-12] DEBUG org.asynchttpclient.netty.channel.ChannelManager - Adding key: http://localhost:5928 for channel [id: 0xe988af06, L:/127.0.0.1:58469 - R:localhost/127.0.0.1:5928]
01:33:22.310 [Forwarding isElementDisplayed on session 4965def4a0de6eabcdf0d4f811dccd22 to remote] DEBUG org.asynchttpclient.netty.request.NettyRequestSender - Using pooled Channel '[id: 0xe988af06, L:/127.0.0.1:58469 - R:localhost/127.0.0.1:5928]' for 'POST' to 'http://localhost:5928/session/4965def4a0de6eabcdf0d4f811dccd22/execute/sync'
01:33:22.310 [Forwarding isElementDisplayed on session 4965def4a0de6eabcdf0d4f811dccd22 to remote] DEBUG org.asynchttpclient.netty.request.NettyRequestSender - Using open Channel [id: 0xe988af06, L:/127.0.0.1:58469 - R:localhost/127.0.0.1:5928] for POST '/session/4965def4a0de6eabcdf0d4f811dccd22/execute/sync'
01:33:22.331 [AsyncHttpClient-1-12] DEBUG org.asynchttpclient.netty.handler.HttpHandler - 

Request DefaultHttpRequest(decodeResult: success, version: HTTP/1.1)
POST /session/4965def4a0de6eabcdf0d4f811dccd22/execute/sync HTTP/1.1
User-Agent: selenium/4.8.1 (java windows)
Content-Length: 48807
Content-Type: application/json; charset=utf-8
host: localhost:5928
accept: */*

Response DefaultHttpResponse(decodeResult: success, version: HTTP/1.1)
HTTP/1.1 200 OK
Content-Length: 14
Content-Type: application/json; charset=utf-8
cache-control: no-cache

01:33:22.331 [AsyncHttpClient-1-12] DEBUG org.asynchttpclient.netty.channel.ChannelManager - Adding key: http://localhost:5928 for channel [id: 0xe988af06, L:/127.0.0.1:58469 - R:localhost/127.0.0.1:5928]
  &amp#27;[32mThen &amp#27;[0m&amp#27;[32mI see the details of a product purchase transaction in the cart&amp#27;[0m                                &amp#27;[90m# starter.stepdefinitions.LoginSteps.seeTransactionDetails()&amp#27;[0m
01:33:22.335 [Forwarding getAlertText on session 4965def4a0de6eabcdf0d4f811dccd22 to remote] DEBUG org.asynchttpclient.netty.request.NettyRequestSender - Using pooled Channel '[id: 0xe988af06, L:/127.0.0.1:58469 - R:localhost/127.0.0.1:5928]' for 'GET' to 'http://localhost:5928/session/4965def4a0de6eabcdf0d4f811dccd22/alert/text'
01:33:22.335 [Forwarding getAlertText on session 4965def4a0de6eabcdf0d4f811dccd22 to remote] DEBUG org.asynchttpclient.netty.request.NettyRequestSender - Using open Channel [id: 0xe988af06, L:/127.0.0.1:58469 - R:localhost/127.0.0.1:5928] for GET '/session/4965def4a0de6eabcdf0d4f811dccd22/alert/text'
01:33:22.337 [AsyncHttpClient-1-12] DEBUG org.asynchttpclient.netty.handler.HttpHandler - 

Request DefaultFullHttpRequest(decodeResult: success, version: HTTP/1.1, content: EmptyByteBufBE)
GET /session/4965def4a0de6eabcdf0d4f811dccd22/alert/text HTTP/1.1
User-Agent: selenium/4.8.1 (java windows)
Cache-Control: no-cache
Content-Type: application/json; charset=utf-8
host: localhost:5928
accept: */*

Response DefaultHttpResponse(decodeResult: success, version: HTTP/1.1)
HTTP/1.1 404 Not Found
Content-Length: 816
Content-Type: application/json; charset=utf-8
cache-control: no-cache

01:33:22.337 [AsyncHttpClient-1-12] DEBUG org.asynchttpclient.netty.channel.ChannelManager - Adding key: http://localhost:5928 for channel [id: 0xe988af06, L:/127.0.0.1:58469 - R:localhost/127.0.0.1:5928]
01:33:22.338 [Forwarding getCurrentUrl on session 4965def4a0de6eabcdf0d4f811dccd22 to remote] DEBUG org.asynchttpclient.netty.request.NettyRequestSender - Using pooled Channel '[id: 0xe988af06, L:/127.0.0.1:58469 - R:localhost/127.0.0.1:5928]' for 'GET' to 'http://localhost:5928/session/4965def4a0de6eabcdf0d4f811dccd22/url'
01:33:22.338 [Forwarding getCurrentUrl on session 4965def4a0de6eabcdf0d4f811dccd22 to remote] DEBUG org.asynchttpclient.netty.request.NettyRequestSender - Using open Channel [id: 0xe988af06, L:/127.0.0.1:58469 - R:localhost/127.0.0.1:5928] for GET '/session/4965def4a0de6eabcdf0d4f811dccd22/url'
01:33:22.341 [AsyncHttpClient-1-12] DEBUG org.asynchttpclient.netty.handler.HttpHandler - 

Request DefaultFullHttpRequest(decodeResult: success, version: HTTP/1.1, content: EmptyByteBufBE)
GET /session/4965def4a0de6eabcdf0d4f811dccd22/url HTTP/1.1
User-Agent: selenium/4.8.1 (java windows)
Cache-Control: no-cache
Content-Type: application/json; charset=utf-8
host: localhost:5928
accept: */*

Response DefaultHttpResponse(decodeResult: success, version: HTTP/1.1)
HTTP/1.1 200 OK
Content-Length: 52
Content-Type: application/json; charset=utf-8
cache-control: no-cache

01:33:22.341 [AsyncHttpClient-1-12] DEBUG org.asynchttpclient.netty.channel.ChannelManager - Adding key: http://localhost:5928 for channel [id: 0xe988af06, L:/127.0.0.1:58469 - R:localhost/127.0.0.1:5928]
01:33:22.342 [Forwarding screenshot on session 4965def4a0de6eabcdf0d4f811dccd22 to remote] DEBUG org.asynchttpclient.netty.request.NettyRequestSender - Using pooled Channel '[id: 0xe988af06, L:/127.0.0.1:58469 - R:localhost/127.0.0.1:5928]' for 'GET' to 'http://localhost:5928/session/4965def4a0de6eabcdf0d4f811dccd22/screenshot'
01:33:22.342 [Forwarding screenshot on session 4965def4a0de6eabcdf0d4f811dccd22 to remote] DEBUG org.asynchttpclient.netty.request.NettyRequestSender - Using open Channel [id: 0xe988af06, L:/127.0.0.1:58469 - R:localhost/127.0.0.1:5928] for GET '/session/4965def4a0de6eabcdf0d4f811dccd22/screenshot'
01:33:22.446 [AsyncHttpClient-1-12] DEBUG org.asynchttpclient.netty.handler.HttpHandler - 

Request DefaultFullHttpRequest(decodeResult: success, version: HTTP/1.1, content: EmptyByteBufBE)
GET /session/4965def4a0de6eabcdf0d4f811dccd22/screenshot HTTP/1.1
User-Agent: selenium/4.8.1 (java windows)
Cache-Control: no-cache
Content-Type: application/json; charset=utf-8
host: localhost:5928
accept: */*

Response DefaultHttpResponse(decodeResult: success, version: HTTP/1.1)
HTTP/1.1 200 OK
Content-Length: 44668
Content-Type: application/json; charset=utf-8
cache-control: no-cache

01:33:22.446 [AsyncHttpClient-1-12] DEBUG org.asynchttpclient.netty.channel.ChannelManager - Adding key: http://localhost:5928 for channel [id: 0xe988af06, L:/127.0.0.1:58469 - R:localhost/127.0.0.1:5928]
01:33:22.448 [main] DEBUG net.serenitybdd.core.photography.Darkroom - Send negative for processing for target\site\serenity\2c734f33f0382fed41f7a39e18ab836a339d35643befcc6bbcc38f39fbab225d.png
01:33:22.448 [Darkroom Processing Line] DEBUG net.serenitybdd.core.photography.DarkroomProcessingLine - Processing screenshot image in /var/screenshots/screenshot-4804903949452158871
01:33:22.448 [Darkroom Processing Line] DEBUG net.serenitybdd.core.photography.DarkroomProcessingLine - Saving screenshot to target\site\serenity\2c734f33f0382fed41f7a39e18ab836a339d35643befcc6bbcc38f39fbab225d.png
01:33:22.449 [main] INFO  - 
  _____   ___   ___   _____     ___     _     ___   ___   ___   ___  
 |_   _| | __| / __| |_   _|   | _ \   /_\   / __| / __| | __| |   \ 
   | |   | _|  \__ \   | |     |  _/  / _ \  \__ \ \__ \ | _|  | |) |
   |_|   |___| |___/   |_|     |_|   /_/ \_\ |___/ |___/ |___| |___/ 

As user i can view detail transactions of two products that have been purchased in the cart
----------------------------------------------------------------------
01:33:22.451 [AsyncHttpClient-1-14] DEBUG org.asynchttpclient.netty.handler.WebSocketHandler - Channel Closed: [id: 0xb14f0970, L:/127.0.0.1:58477 ! R:localhost/127.0.0.1:58470] with attribute NettyResponseFuture{currentRetry=0,
	isDone=1,
	isCancelled=0,
	asyncHandler=org.asynchttpclient.ws.WebSocketUpgradeHandler@1c0b492d,
	nettyRequest=org.asynchttpclient.netty.request.NettyRequest@2dbfec6,
	future=java.util.concurrent.CompletableFuture@42b91d91[Completed normally],
	uri=ws://localhost:58470/devtools/browser/074fb61d-59c3-4994-8aba-b1fef905bbfc,
	keepAlive=true,
	redirectCount=0,
	timeoutsHolder=null,
	inAuth=0,
	touch=1683484395296}
01:33:22.451 [Driver Command Executor] DEBUG org.asynchttpclient.netty.request.NettyRequestSender - Using pooled Channel '[id: 0xe988af06, L:/127.0.0.1:58469 - R:localhost/127.0.0.1:5928]' for 'DELETE' to 'http://localhost:5928/session/4965def4a0de6eabcdf0d4f811dccd22'
01:33:22.451 [AsyncHttpClient-1-14] DEBUG org.asynchttpclient.netty.channel.ChannelManager - Closing Channel [id: 0xb14f0970, L:/127.0.0.1:58477 ! R:localhost/127.0.0.1:58470] 
01:33:22.451 [Driver Command Executor] DEBUG org.asynchttpclient.netty.request.NettyRequestSender - Using open Channel [id: 0xe988af06, L:/127.0.0.1:58469 - R:localhost/127.0.0.1:5928] for DELETE '/session/4965def4a0de6eabcdf0d4f811dccd22'
01:33:22.493 [AsyncHttpClient-1-13] DEBUG org.asynchttpclient.netty.handler.HttpHandler - Unexpected I/O exception on channel [id: 0xfe7b2954, L:/127.0.0.1:58476 - R:localhost/127.0.0.1:58470]
java.io.IOException: An existing connection was forcibly closed by the remote host
	at sun.nio.ch.SocketDispatcher.read0(Native Method)
	at sun.nio.ch.SocketDispatcher.read(Unknown Source)
	at sun.nio.ch.IOUtil.readIntoNativeBuffer(Unknown Source)
	at sun.nio.ch.IOUtil.read(Unknown Source)
	at sun.nio.ch.SocketChannelImpl.read(Unknown Source)
	at io.netty.buffer.PooledByteBuf.setBytes(PooledByteBuf.java:259)
	at io.netty.buffer.AbstractByteBuf.writeBytes(AbstractByteBuf.java:1132)
	at io.netty.channel.socket.nio.NioSocketChannel.doReadBytes(NioSocketChannel.java:357)
	at io.netty.channel.nio.AbstractNioByteChannel$NioByteUnsafe.read(AbstractNioByteChannel.java:151)
	at io.netty.channel.nio.NioEventLoop.processSelectedKey(NioEventLoop.java:788)
	at io.netty.channel.nio.NioEventLoop.processSelectedKeysOptimized(NioEventLoop.java:724)
	at io.netty.channel.nio.NioEventLoop.processSelectedKeys(NioEventLoop.java:650)
	at io.netty.channel.nio.NioEventLoop.run(NioEventLoop.java:562)
	at io.netty.util.concurrent.SingleThreadEventExecutor$4.run(SingleThreadEventExecutor.java:997)
	at io.netty.util.internal.ThreadExecutorMap$2.run(ThreadExecutorMap.java:74)
	at io.netty.util.concurrent.FastThreadLocalRunnable.run(FastThreadLocalRunnable.java:30)
	at java.lang.Thread.run(Unknown Source)
01:33:22.493 [AsyncHttpClient-1-13] DEBUG org.asynchttpclient.netty.channel.ChannelManager - Closing Channel [id: 0xfe7b2954, L:/127.0.0.1:58476 - R:localhost/127.0.0.1:58470] 
01:33:22.494 [AsyncHttpClient-1-13] DEBUG org.asynchttpclient.netty.handler.HttpHandler - Channel Closed: [id: 0xfe7b2954, L:/127.0.0.1:58476 ! R:localhost/127.0.0.1:58470] with attribute DISCARD
01:33:22.512 [AsyncHttpClient-1-12] DEBUG org.asynchttpclient.netty.handler.HttpHandler - 

Request DefaultFullHttpRequest(decodeResult: success, version: HTTP/1.1, content: EmptyByteBufBE)
DELETE /session/4965def4a0de6eabcdf0d4f811dccd22 HTTP/1.1
User-Agent: selenium/4.8.1 (java windows)
Content-Type: application/json; charset=utf-8
host: localhost:5928
accept: */*

Response DefaultHttpResponse(decodeResult: success, version: HTTP/1.1)
HTTP/1.1 200 OK
Content-Length: 14
Content-Type: application/json; charset=utf-8
cache-control: no-cache

01:33:22.512 [AsyncHttpClient-1-12] DEBUG org.asynchttpclient.netty.channel.ChannelManager - Adding key: http://localhost:5928 for channel [id: 0xe988af06, L:/127.0.0.1:58469 - R:localhost/127.0.0.1:5928]
01:33:22.585 [AsyncHttpClient-1-12] DEBUG org.asynchttpclient.netty.handler.HttpHandler - Channel Closed: [id: 0xe988af06, L:/127.0.0.1:58469 ! R:localhost/127.0.0.1:5928] with attribute DISCARD
01:33:22.597 [AsyncHttpClient-1-1] DEBUG org.asynchttpclient.netty.channel.DefaultChannelPool - Entry count for : http://localhost:5928 : 1
01:33:22.597 [AsyncHttpClient-1-1] DEBUG org.asynchttpclient.netty.channel.DefaultChannelPool - Entry count for : http://localhost:58470 : 1
01:33:22.597 [AsyncHttpClient-1-1] DEBUG org.asynchttpclient.netty.channel.DefaultChannelPool - Adding Candidate expired Channel [id: 0xe988af06, L:/127.0.0.1:58469 ! R:localhost/127.0.0.1:5928] isIdleTimeoutExpired=false isRemotelyClosed=true isTtlExpired=false
01:33:22.597 [AsyncHttpClient-1-1] DEBUG org.asynchttpclient.netty.channel.DefaultChannelPool - Closing Idle Channel [id: 0xe988af06, L:/127.0.0.1:58469 ! R:localhost/127.0.0.1:5928]
01:33:22.597 [AsyncHttpClient-1-1] DEBUG org.asynchttpclient.netty.channel.DefaultChannelPool - Adding Candidate expired Channel [id: 0xfe7b2954, L:/127.0.0.1:58476 ! R:localhost/127.0.0.1:58470] isIdleTimeoutExpired=false isRemotelyClosed=true isTtlExpired=false
01:33:22.597 [AsyncHttpClient-1-1] DEBUG org.asynchttpclient.netty.channel.DefaultChannelPool - Closing Idle Channel [id: 0xfe7b2954, L:/127.0.0.1:58476 ! R:localhost/127.0.0.1:58470]
01:33:22.597 [AsyncHttpClient-1-1] DEBUG org.asynchttpclient.netty.channel.DefaultChannelPool - Closed 2 connections out of 2 in 0 ms
]]></system-out>
    <system-err><![CDATA[Starting ChromeDriver 111.0.5563.64 (c710e93d5b63b7095afe8c2c17df34408078439d-refs/branch-heads/5563@{#995}) on port 5928
Only local connections are allowed.
Please see https://chromedriver.chromium.org/security-considerations for suggestions on keeping ChromeDriver safe.
ChromeDriver was started successfully.
[1683484395.215][WARNING]: This version of ChromeDriver has not been tested with Chrome version 112.
Mei 08, 2023 1:33:15 AM org.openqa.selenium.devtools.CdpVersionFinder findNearestMatch
WARNING: Unable to find an exact match for CDP version 112, so returning the closest version found: 110
]]></system-err>
  </testcase>
</testsuite>